Log file open, 01/05/24 14:37:01
LogInit:Display: Running engine for game: MotorUnreal4B
LogPlatformFile: Not using cached read wrapper
LogInit:Display: RandInit(-446016994) SRandInit(-446016994).
LogInit: Using version manifest at CL 0 with build ID '5af06b4c-3232-42c8-80e0-46572b4b0bc8'
LogTaskGraph: Started task graph with 5 named threads and 10 total threads with 1 sets of task threads.
LogStats: Stats thread started at 0.124878
LogInit: Using libcurl 7.47.1
LogInit:  - built for x86_64-pc-win32
LogInit:  - supports SSL with OpenSSL/1.0.2g
LogInit:  - supports HTTP deflate (compression) using libz 1.2.8
LogInit:  - other features:
LogInit:      CURL_VERSION_SSL
LogInit:      CURL_VERSION_LIBZ
LogInit:      CURL_VERSION_IPV6
LogInit:      CURL_VERSION_ASYNCHDNS
LogInit:      CURL_VERSION_LARGEFILE
LogInit:      CURL_VERSION_IDN
LogInit:  CurlRequestOptions (configurable via config and command line):
LogInit:  - bVerifyPeer = false  - Libcurl will NOT verify peer certificate
LogInit:  - bUseHttpProxy = false  - Libcurl will NOT use HTTP proxy
LogInit:  - bDontReuseConnections = false  - Libcurl will reuse connections
LogInit:  - CertBundlePath = nullptr  - Libcurl will use whatever was configured at build time.
LogInit: Build: ++UE4+Release-4.15-CL-0
LogInit: Engine Version: 4.15.0-0+++UE4+Release-4.15
LogInit: Compatible Engine Version: 4.15.0-0+++UE4+Release-4.15
LogInit: Net CL: 0
LogDevObjectVersion: Number of dev versions registered: 14
LogDevObjectVersion:   Dev-Blueprints (B0D832E4-1F89-4F0D-ACCF-7EB736FD4AA2): 8
LogDevObjectVersion:   Dev-Build (E1C64328-A22C-4D53-A36C-8E866417BD8C): 0
LogDevObjectVersion:   Dev-Core (375EC13C-06E4-48FB-B500-84F0262A717E): 2
LogDevObjectVersion:   Dev-Editor (E4B068ED-F494-42E9-A231-DA0B2E46BB41): 14
LogDevObjectVersion:   Dev-Framework (CFFC743F-43B0-4480-9391-14DF171D2073): 22
LogDevObjectVersion:   Dev-Mobile (B02B49B5-BB20-44E9-A304-32B752E40360): 0
LogDevObjectVersion:   Dev-Networking (A4E4105C-59A1-49B5-A7C5-40C4547EDFEE): 0
LogDevObjectVersion:   Dev-Online (39C831C9-5AE6-47DC-9A44-9C173E1C8E7C): 0
LogDevObjectVersion:   Dev-Physics (78F01B33-EBEA-4F98-B9B4-84EACCB95AA2): 0
LogDevObjectVersion:   Dev-Platform (6631380F-2D4D-43E0-8009-CF276956A95A): 0
LogDevObjectVersion:   Dev-Rendering (12F88B9F-8875-4AFC-A67C-D90C383ABD29): 12
LogDevObjectVersion:   Dev-Sequencer (7B5AE74C-D270-4C10-A958-57980B212A5A): 3
LogDevObjectVersion:   Dev-VR (D7296918-1DD6-4BDD-9DE2-64A83CC13884): 0
LogDevObjectVersion:   Dev-LoadTimes (C2A15278-BFE7-4AFE-6C17-90FF531DF755): 1
LogInit: Compiled (64-bit): Apr  2 2023 09:25:01
LogInit: Compiled with Visual C++: 19.00.24210.00
LogInit: Build Configuration: Development
LogInit: Branch Name: ++UE4+Release-4.15
LogInit: Command line: 
LogInit: Base directory: C:/Program Files/Unreal Engine 4 (4.15.0)/Engine/Binaries/Win64/
LogInit: Installed Engine Build: 0
LogInit: Presizing for max 8388607 objects, including 0 objects not considered by GC, pre-allocating 0 bytes for permanent pool.
LogInit: Object subsystem initialized
[2024.01.05-17.37.01:595][  0]LogInit: Selected Device Profile: [Windows]
[2024.01.05-17.37.01:595][  0]LogInit: Applying CVar settings loaded from the selected device profile: [Windows]
[2024.01.05-17.37.01:601][  0]LogInit: Computer: DESKTOP-GOSDJOG
[2024.01.05-17.37.01:601][  0]LogInit: User: MelchioT
[2024.01.05-17.37.01:601][  0]LogInit: CPU Page size=65536, Cores=6
[2024.01.05-17.37.01:601][  0]LogInit: High frequency timer resolution =10.000000 MHz
[2024.01.05-17.37.01:601][  0]LogMemory: Memory total: Physical=31.2GB (32GB approx)
[2024.01.05-17.37.01:601][  0]LogMemory: Platform Memory Stats for Windows
[2024.01.05-17.37.01:601][  0]LogMemory: Process Physical Memory: 264.09 MB used, 264.09 MB peak
[2024.01.05-17.37.01:601][  0]LogMemory: Process Virtual Memory: 268.57 MB used, 268.57 MB peak
[2024.01.05-17.37.01:601][  0]LogMemory: Physical Memory: 8585.92 MB used,  23389.75 MB free, 31975.68 MB total
[2024.01.05-17.37.01:601][  0]LogMemory: Virtual Memory: 4760.25 MB used,  23389.75 MB free, 134217728.00 MB total
[2024.01.05-17.37.01:686][  0]LogInit: Overriding culture en with editor configuration.
[2024.01.05-17.37.02:253][  0]LogD3D11RHI: D3D11 adapters:
[2024.01.05-17.37.02:288][  0]LogD3D11RHI:    0. 'AMD Radeon(TM) Graphics' (Feature Level 11_0)
[2024.01.05-17.37.02:288][  0]LogD3D11RHI:       495/0/15987 MB DedicatedVideo/DedicatedSystem/SharedSystem, Outputs:1, VendorId:0x1002
[2024.01.05-17.37.02:290][  0]LogD3D11RHI:    1. 'Microsoft Basic Render Driver' (Feature Level 11_0)
[2024.01.05-17.37.02:290][  0]LogD3D11RHI:       0/0/15987 MB DedicatedVideo/DedicatedSystem/SharedSystem, Outputs:0, VendorId:0x1414
[2024.01.05-17.37.02:292][  0]LogD3D11RHI:    2. 'Microsoft Basic Render Driver' (Feature Level 11_0)
[2024.01.05-17.37.02:292][  0]LogD3D11RHI:       0/0/15987 MB DedicatedVideo/DedicatedSystem/SharedSystem, Outputs:0, VendorId:0x1414
[2024.01.05-17.37.02:292][  0]LogD3D11RHI: Chosen D3D11 Adapter: 0
[2024.01.05-17.37.02:298][  0]LogD3D11RHI: Creating new Direct3DDevice
[2024.01.05-17.37.02:298][  0]LogD3D11RHI:     GPU DeviceId: 0x1636 (for the marketing name, search the web for "GPU Device Id")
[2024.01.05-17.37.02:298][  0]LogWindows: EnumDisplayDevices:
[2024.01.05-17.37.02:298][  0]LogWindows:    0. 'Microsoft Basic Display Driver' (P:0 D:0)
[2024.01.05-17.37.02:299][  0]LogWindows:    1. 'AMD Radeon(TM) Graphics' (P:1 D:1)
[2024.01.05-17.37.02:299][  0]LogWindows:    2. 'AMD Radeon(TM) Graphics' (P:0 D:0)
[2024.01.05-17.37.02:299][  0]LogWindows:    3. 'AMD Radeon(TM) Graphics' (P:0 D:0)
[2024.01.05-17.37.02:299][  0]LogWindows:    4. 'AMD Radeon(TM) Graphics' (P:0 D:0)
[2024.01.05-17.37.02:299][  0]LogWindows:    5. 'AMD Radeon(TM) Graphics' (P:0 D:0)
[2024.01.05-17.37.02:299][  0]LogWindows: DebugString: GetVideoDriverDetailsInvalid PrimaryIsNotTheChoosenAdapter GetVideoDriverDetailsInvalid PrimaryIsNotTheChoosenAdapter GetVideoDriverDetailsInvalid PrimaryIsNotTheChoosenAdapter GetVideoDriverDetailsInvalid PrimaryIsNotTheChoosenAdapter GetVideoDriverDetailsInvalid PrimaryIsNotTheChoosenAdapter GetVideoDriverDetailsInvalid PrimaryIsNotTheChoosenAdapter FoundDriverCount:0 
[2024.01.05-17.37.02:299][  0]LogD3D11RHI:     Adapter Name: AMD Radeon(TM) Graphics
[2024.01.05-17.37.02:299][  0]LogD3D11RHI:   Driver Version: Unknown (internal:Unknown, unified:Unknown)
[2024.01.05-17.37.02:299][  0]LogD3D11RHI:      Driver Date: Unknown
[2024.01.05-17.37.02:299][  0]LogRHI: Texture pool is 347 MB (70% of 495 MB)
[2024.01.05-17.37.02:340][  0]LogD3D11RHI: Async texture creation enabled
[2024.01.05-17.37.02:354][  0]LogD3D11RHI: GPU Timing Frequency: 100.000000 (Debug: 2 1)
[2024.01.05-17.37.02:356][  0]LogShaderCompilers: Guid format shader working directory is -22 characters bigger than the processId version (../../../../../Users/MelchioT/Documents/workUnrealEngine4/MotorUnreal4B/Intermediate/Shaders/WorkingDirectory/3348/).
[2024.01.05-17.37.02:357][  0]LogShaderCompilers: Cleaned the shader compiler working directory 'C:/Users/MelchioT/AppData/Local/Temp/UnrealShaderWorkingDir/06B9B3FA4F0DDB407E35B7A18CAF0BBE/'.
[2024.01.05-17.37.02:357][  0]LogShaderCompilers:Display: Using Local Shader Compiler.
[2024.01.05-17.37.03:170][  0]LogTemp:Display: Loaded TP MacTargetPlatform
[2024.01.05-17.37.03:220][  0]LogTemp:Display: Loaded TP MacNoEditorTargetPlatform
[2024.01.05-17.37.03:270][  0]LogTemp:Display: Loaded TP MacServerTargetPlatform
[2024.01.05-17.37.03:321][  0]LogTemp:Display: Loaded TP MacClientTargetPlatform
[2024.01.05-17.37.03:364][  0]LogTemp:Display: Loaded TP WindowsTargetPlatform
[2024.01.05-17.37.03:414][  0]LogTemp:Display: Loaded TP WindowsNoEditorTargetPlatform
[2024.01.05-17.37.03:464][  0]LogTemp:Display: Loaded TP WindowsServerTargetPlatform
[2024.01.05-17.37.03:514][  0]LogTemp:Display: Loaded TP WindowsClientTargetPlatform
[2024.01.05-17.37.03:557][  0]LogTemp:Display: Loaded TP AllDesktopTargetPlatform
[2024.01.05-17.37.03:607][  0]LogTemp:Display: Loaded TP AndroidTargetPlatform
[2024.01.05-17.37.03:657][  0]LogTemp:Display: Loaded TP Android_PVRTCTargetPlatform
[2024.01.05-17.37.03:708][  0]LogTemp:Display: Loaded TP Android_ATCTargetPlatform
[2024.01.05-17.37.03:759][  0]LogTemp:Display: Loaded TP Android_DXTTargetPlatform
[2024.01.05-17.37.03:808][  0]LogTemp:Display: Loaded TP Android_ETC1TargetPlatform
[2024.01.05-17.37.03:857][  0]LogTemp:Display: Loaded TP Android_ETC2TargetPlatform
[2024.01.05-17.37.03:905][  0]LogTemp:Display: Loaded TP Android_ASTCTargetPlatform
[2024.01.05-17.37.03:954][  0]LogTemp:Display: Loaded TP Android_MultiTargetPlatform
[2024.01.05-17.37.03:991][  0]LogTemp:Display: Loaded TP HTML5TargetPlatform
[2024.01.05-17.37.04:088][  0]LogTemp:Display: Loaded TP IOSTargetPlatform
[2024.01.05-17.37.04:122][  0]LogTemp:Display: Loaded TP TVOSTargetPlatform
[2024.01.05-17.37.04:123][  0]LogTargetPlatformManager:Display: Building Assets For Windows
[2024.01.05-17.37.04:564][  0]LogDerivedDataCache:Display: Max Cache Size: 512 MB
[2024.01.05-17.37.04:602][  0]LogDerivedDataCache: Loaded boot cache 0.04s 50MB ../../../../../Users/MelchioT/Documents/workUnrealEngine4/MotorUnreal4B/DerivedDataCache/Boot.ddc.
[2024.01.05-17.37.04:602][  0]LogDerivedDataCache:Display: Loaded Boot cache: ../../../../../Users/MelchioT/Documents/workUnrealEngine4/MotorUnreal4B/DerivedDataCache/Boot.ddc
[2024.01.05-17.37.04:602][  0]LogDerivedDataCache: FDerivedDataBackendGraph:  Pak pak cache file ../../../../../Users/MelchioT/Documents/workUnrealEngine4/MotorUnreal4B/DerivedDataCache/DDC.ddp not found, will not use a pak cache.
[2024.01.05-17.37.04:602][  0]LogDerivedDataCache: Unable to find inner node Pak for hierarchical cache Hierarchy.
[2024.01.05-17.37.04:602][  0]LogDerivedDataCache: FDerivedDataBackendGraph:  EnginePak pak cache file ../../../Engine/DerivedDataCache/DDC.ddp not found, will not use a pak cache.
[2024.01.05-17.37.04:602][  0]LogDerivedDataCache: Unable to find inner node EnginePak for hierarchical cache Hierarchy.
[2024.01.05-17.37.04:614][  0]LogDerivedDataCache: Using Local data cache path ../../../Engine/DerivedDataCache: Writable
[2024.01.05-17.37.04:614][  0]LogDerivedDataCache: Shared data cache path not found in *engine.ini, will not use an Shared cache.
[2024.01.05-17.37.04:614][  0]LogDerivedDataCache: Unable to find inner node Shared for hierarchical cache Hierarchy.
[2024.01.05-17.37.04:622][  0]LogSlate: Using Freetype 2.6.0
[2024.01.05-17.37.04:623][  0]LogSlate: SlateFontCache - WITH_FREETYPE: 1, WITH_HARFBUZZ: 1
[2024.01.05-17.37.04:623][  0]LogSlate: SlateFontCache - WITH_FREETYPE: 1, WITH_HARFBUZZ: 1
[2024.01.05-17.37.04:833][  0]LogInit: Selected Device Profile: [Windows]
[2024.01.05-17.37.04:836][  0]LogContentStreaming: Texture pool size is 0.00 MB
[2024.01.05-17.37.05:018][  0]LogMeshUtilities: Using QuadricMeshReduction for automatic static mesh reduction
[2024.01.05-17.37.05:027][  0]LogMeshUtilities: No automatic skeletal mesh reduction module available
[2024.01.05-17.37.05:027][  0]LogMeshUtilities: No automatic mesh merging module available
[2024.01.05-17.37.05:027][  0]LogMeshUtilities: No distributed automatic mesh merging module available
[2024.01.05-17.37.05:589][  0]LogNetVersion: GetLocalNetworkVersion: CL: 0, ProjectName: motorunreal4b, ProjectVersion: , EngineNetworkVersion: 2, GameNetworkVersion: 0, NetworkChecksum: 3893362438
[2024.01.05-17.37.05:637][  0]LogAssetRegistry: FAssetRegistry took 0.0226 seconds to start up
[2024.01.05-17.37.05:672][  0]LogPackageLocalizationCache: Processed 3 localized package path(s) for 1 prioritized culture(s) in 0.010650 seconds
[2024.01.05-17.37.05:678][  0]LogUObjectArray: 32434 objects as part of root set at end of initial load.
[2024.01.05-17.37.05:678][  0]LogUObjectAllocator: 7066632 out of 0 bytes used by permanent object pool.
[2024.01.05-17.37.05:678][  0]LogUObjectArray: CloseDisregardForGC: 0/0 objects in disregard for GC pool
[2024.01.05-17.37.05:745][  0]LogInit: WinSock: version 1.1 (2.2), MaxSocks=32767, MaxUdp=65467
[2024.01.05-17.37.07:213][  0]LogTcpMessaging: Initializing TcpMessaging bridge
[2024.01.05-17.37.07:258][  0]LogUdpMessaging: Initializing bridge on interface 0.0.0.0:0 to multicast group 230.0.0.1:6666.
[2024.01.05-17.37.07:710][  0]LogMaterial: Uniform references updated for custom material expression Custom.
[2024.01.05-17.37.08:067][  0]SourceControl: Info Source control is disabled
[2024.01.05-17.37.08:111][  0]SourceControl: Info Source control is disabled
[2024.01.05-17.37.08:159][  0]SourceControl: Info Source control is disabled
[2024.01.05-17.37.08:207][  0]SourceControl: Info Source control is disabled
[2024.01.05-17.37.09:474][  0]LogEngine: Initializing Engine...
[2024.01.05-17.37.09:475][  0]LogHMD: Failed to initialize OpenVR with code 110
[2024.01.05-17.37.09:678][  0]LogAIModule: Creating AISystem for world Untitled
[2024.01.05-17.37.09:693][  0]LogInit: XAudio2 using 'Altavoces (Realtek(R) Audio)' : 2 channels at 48 kHz using 16 bits per sample (channel mask 0x3)
[2024.01.05-17.37.10:334][  0]LogInit: FAudioDevice initialized.
[2024.01.05-17.37.10:359][  0]LogDerivedDataCache: Saved boot cache 0.03s 50MB ../../../../../Users/MelchioT/Documents/workUnrealEngine4/MotorUnreal4B/DerivedDataCache/Boot.ddc.
[2024.01.05-17.37.10:365][  0]LogInit: Texture streaming: Enabled
[2024.01.05-17.37.10:467][  0]LogEngineSessionManager: EngineSessionManager initialized
[2024.01.05-17.37.10:553][  0]LogInit: Transaction tracking system initialized
[2024.01.05-17.37.10:905][  0]BlueprintLog: New page: Editor Load
[2024.01.05-17.37.11:800][  0]LocalizationService: Info Localization service is disabled
[2024.01.05-17.37.12:458][  0]LogConsoleResponse:Display: 
[2024.01.05-17.37.12:566][  0]LogCook:Display: Max memory allowance for cook 16384mb min free memory 0mb
[2024.01.05-17.37.12:566][  0]LogCook:Display: Mobile HDR setting 1
[2024.01.05-17.37.12:841][  0]LogFileCache: Scanning file cache for directory 'C:/Users/MelchioT/Documents/workUnrealEngine4/MotorUnreal4B/Content/' took 0.01s
[2024.01.05-17.37.13:609][  0]SourceControl: Info Source control is disabled
[2024.01.05-17.37.13:609][  0]Cmd: MAP LOAD FILE="../../../Engine/Content/Maps/Templates/Template_Default.umap" TEMPLATE=1 SHOWPROGRESS=1 FEATURELEVEL=3
[2024.01.05-17.37.13:609][  0]LightingResults: New page: Lighting Build
[2024.01.05-17.37.13:649][  0]MapCheck: New page: Map Check
[2024.01.05-17.37.13:649][  0]LightingResults: New page: Lighting Build
[2024.01.05-17.37.13:816][  0]LogAIModule: Creating AISystem for world Untitled_1
[2024.01.05-17.37.13:817][  0]LogActorComponent: RegisterComponentWithWorld: (/Temp/Untitled_1.Untitled_1:PersistentLevel.WorldSettings_1.StaticMeshComponent0) Trying to register component with IsPendingKill() == true. Aborting.
[2024.01.05-17.37.13:821][  0]LogEditorServer: Finished looking for orphan Actors (0.000 secs)
[2024.01.05-17.37.13:826][  0]Cmd: MAP CHECKDEP NOCLEARLOG
[2024.01.05-17.37.13:855][  0]MapCheck: Info Map check complete: 0 Error(s), 0 Warning(s), took 28.805ms to complete.
[2024.01.05-17.37.13:855][  0]LogFileHelpers: Loading map 'Template_Default' took 0.246
[2024.01.05-17.37.14:037][  0]LogCollectionManager: Loaded 0 collections in 0.001392 seconds
[2024.01.05-17.37.14:119][  0]LogFileCache: Scanning file cache for directory 'C:/Users/MelchioT/Documents/workUnrealEngine4/MotorUnreal4B/Saved/Collections/' took 0.01s
[2024.01.05-17.37.14:119][  0]LogFileCache: Scanning file cache for directory 'C:/Users/MelchioT/Documents/workUnrealEngine4/MotorUnreal4B/Content/Developers/MelchioT/Collections/' took 0.01s
[2024.01.05-17.37.14:119][  0]LogFileCache: Scanning file cache for directory 'C:/Users/MelchioT/Documents/workUnrealEngine4/MotorUnreal4B/Content/Collections/' took 0.01s
[2024.01.05-17.37.14:119][  0]LogCollectionManager: Rebuilt the GUID cache for 0 collections in 0.000002 seconds
[2024.01.05-17.37.14:128][  0]LogContentBrowser: Native class hierarchy populated in 0.0084 seconds. Added 2243 classes and 448 folders.
[2024.01.05-17.37.14:131][  0]LogStats: UGameplayTagsManager::ConstructGameplayTagTree: Construct from data asset -  0.000 s
[2024.01.05-17.37.14:131][  0]LogStats: UGameplayTagsManager::ConstructGameplayTagTree: GameplayTagTreeChangedEvent.Broadcast -  0.000 s
[2024.01.05-17.37.14:196][  0]LogContentBrowser: Native class hierarchy updated for 'WidgetCarousel' in 0.0005 seconds. Added 0 classes and 0 folders.
[2024.01.05-17.37.14:223][  0]LogContentBrowser: Native class hierarchy updated for 'AddContentDialog' in 0.0005 seconds. Added 0 classes and 0 folders.
[2024.01.05-17.37.14:267][  0]LogContentBrowser: Native class hierarchy updated for 'SceneOutliner' in 0.0007 seconds. Added 1 classes and 2 folders.
[2024.01.05-17.37.14:356][  0]LogCrashTracker: Crashtracker disabled due to settings.
[2024.01.05-17.37.14:365][  0]LogUObjectGlobals:Warning: Failed to find object 'Class None.'
[2024.01.05-17.37.14:434][  0]LogContentBrowser: Native class hierarchy updated for 'HierarchicalLODOutliner' in 0.0010 seconds. Added 1 classes and 2 folders.
[2024.01.05-17.37.14:435][  0]LogLoad: (Engine Initialization) Total time: 14.27 seconds
[2024.01.05-17.37.14:435][  0]LogLoad: (Engine Initialization) Total Blueprint compile time: 0.08 seconds
[2024.01.05-17.37.14:435][  0]LogExternalProfiler: No external profilers were discovered.  External profiling features will not be available.
[2024.01.05-17.37.14:453][  0]LogOcInput: OculusInput pre-init called
[2024.01.05-17.37.14:471][  0]LogContentStreaming: Texture pool size now 1000 MB
[2024.01.05-17.37.14:473][  0]LogSlate: Took 0.000256 seconds to synchronously load lazily loaded font '../../../Engine/Content/Slate/Fonts/Roboto-Regular.ttf' (155K)
[2024.01.05-17.37.14:475][  0]LogSlate: Took 0.000300 seconds to synchronously load lazily loaded font '../../../Engine/Content/Slate/Fonts/Roboto-Bold.ttf' (160K)
[2024.01.05-17.37.14:479][  0]LogSlate: Took 0.000230 seconds to synchronously load lazily loaded font '../../../Engine/Content/Editor/Slate/Fonts/FontAwesome.ttf' (139K)
[2024.01.05-17.37.14:583][  0]LogRenderer: Reallocating scene render targets to support 1208x576 NumSamples 1 (Frame:2).
[2024.01.05-17.37.14:700][  1]LogAssetRegistry: Asset discovery search completed in 9.0860 seconds
[2024.01.05-17.37.14:700][  1]LogCollectionManager: Rebuilt the object cache for 0 collections in 0.000001 seconds (found 0 objects)
[2024.01.05-17.37.14:700][  1]LogCollectionManager: Fixed up redirectors for 0 collections in 0.000016 seconds (updated 0 objects)
[2024.01.05-17.37.22:123][442]LogActorFactory: Actor Factory created free_car_1
[2024.01.05-17.37.22:322][453]LogActorFactory: Actor Factory created free_car_1
[2024.01.05-17.37.24:283][565]Cmd: TRANSACTION UNDO
[2024.01.05-17.37.24:283][565]LogEditorTransaction: Undo Create Actors
[2024.01.05-17.37.24:295][565]LogSlate: Took 0.000268 seconds to synchronously load lazily loaded font '../../../Engine/Content/Slate/Fonts/Roboto-Light.ttf' (159K)
[2024.01.05-17.37.30:798][951]LogSlate: Took 0.000139 seconds to synchronously load lazily loaded font '../../../Engine/Content/Slate/Fonts/Roboto-Light.ttf' (159K)
[2024.01.05-17.37.31:342][952]LogRenderer: Reallocating scene render targets to support 1432x924 NumSamples 1 (Frame:175).
[2024.01.05-17.37.43:747][512]Cmd: OBJ SAVEPACKAGE PACKAGE="/Game/Modelos/free_car_1" FILE="../../../../../Users/MelchioT/Documents/workUnrealEngine4/MotorUnreal4B/Content/Modelos/free_car_1.uasset" SILENT=true
[2024.01.05-17.37.43:775][512]LogSavePackage: Save=10.14ms
[2024.01.05-17.37.43:775][512]LogSavePackage: Moving '../../../../../Users/MelchioT/Documents/workUnrealEngine4/MotorUnreal4B/Saved/free_car_11BE04E3B4BFA07C8E2901FB3A41FF523.tmp' to '../../../../../Users/MelchioT/Documents/workUnrealEngine4/MotorUnreal4B/Content/Modelos/free_car_1.uasset'
[2024.01.05-17.37.43:777][512]LogSavePackage:Display: Finished SavePackage ../../../../../Users/MelchioT/Documents/workUnrealEngine4/MotorUnreal4B/Content/Modelos/free_car_1.uasset
[2024.01.05-17.37.46:203][605]LogEditorViewport: Clicking on Actor (LMB): StaticMeshActor (Floor)
[2024.01.05-17.37.46:571][614]LogSlate: Took 0.000189 seconds to synchronously load lazily loaded font '../../../Engine/Content/Slate/Fonts/Roboto-Light.ttf' (159K)
[2024.01.05-17.39.18:328][919]LogContentBrowser: Native class hierarchy updated for 'BlueprintGraph' in 0.0009 seconds. Added 112 classes and 0 folders.
[2024.01.05-17.39.18:813][919]LogSlate: Took 0.000144 seconds to synchronously load lazily loaded font '../../../Engine/Content/Slate/Fonts/Roboto-Regular.ttf' (155K)
[2024.01.05-17.39.26:677][ 62]LogSlate: Took 0.000316 seconds to synchronously load lazily loaded font '../../../Engine/Content/Editor/Slate/Fonts/Roboto-Italic.ttf' (157K)
[2024.01.05-17.41.06:660][935]Cmd: OBJ SAVEPACKAGE PACKAGE="/Game/Ejercicios/Ejercicio16/Auto" FILE="../../../../../Users/MelchioT/Documents/workUnrealEngine4/MotorUnreal4B/Content/Ejercicios/Ejercicio16/Auto.uasset" SILENT=true
[2024.01.05-17.41.06:675][935]LogSavePackage: Save=14.33ms
[2024.01.05-17.41.06:675][935]LogSavePackage: Moving '../../../../../Users/MelchioT/Documents/workUnrealEngine4/MotorUnreal4B/Saved/Auto535C93094BDBD06237DE5182BDCB93D6.tmp' to '../../../../../Users/MelchioT/Documents/workUnrealEngine4/MotorUnreal4B/Content/Ejercicios/Ejercicio16/Auto.uasset'
[2024.01.05-17.41.06:676][935]LogSavePackage:Display: Finished SavePackage ../../../../../Users/MelchioT/Documents/workUnrealEngine4/MotorUnreal4B/Content/Ejercicios/Ejercicio16/Auto.uasset
[2024.01.05-17.42.08:763][503]BlueprintLog: New page: Compile Auto
[2024.01.05-17.42.10:692][551]Cmd: OBJ SAVEPACKAGE PACKAGE="/Game/Ejercicios/Ejercicio16/Auto" FILE="../../../../../Users/MelchioT/Documents/workUnrealEngine4/MotorUnreal4B/Content/Ejercicios/Ejercicio16/Auto.uasset" SILENT=true
[2024.01.05-17.42.10:722][551]LogSavePackage: Save=13.10ms
[2024.01.05-17.42.10:722][551]LogSavePackage: Moving '../../../../../Users/MelchioT/Documents/workUnrealEngine4/MotorUnreal4B/Saved/AutoB742ECB14653622BB235B2A94DB0F36D.tmp' to '../../../../../Users/MelchioT/Documents/workUnrealEngine4/MotorUnreal4B/Content/Ejercicios/Ejercicio16/Auto.uasset'
[2024.01.05-17.42.10:723][551]LogSavePackage:Display: Finished SavePackage ../../../../../Users/MelchioT/Documents/workUnrealEngine4/MotorUnreal4B/Content/Ejercicios/Ejercicio16/Auto.uasset
[2024.01.05-17.42.16:691][773]LogTemp: Repeting last play command: Selected Viewport
[2024.01.05-17.42.16:705][773]LogPlayLevel: PlayLevel: No blueprints needed recompiling
[2024.01.05-17.42.16:705][773]PIE: New page: PIE session: Untitled_1 (Jan 5, 2024, 11:42:16 AM)
[2024.01.05-17.42.16:705][773]LogPlayLevel: Creating play world package: /Temp/UEDPIE_0_Untitled_1
[2024.01.05-17.42.16:706][773]LogPlayLevel: PIE: StaticDuplicateObject took: (0.001540s)
[2024.01.05-17.42.16:707][773]LogAIModule: Creating AISystem for world Untitled_1
[2024.01.05-17.42.16:707][773]LogPlayLevel: PIE: World Init took: (0.000825s)
[2024.01.05-17.42.16:707][773]LogPlayLevel: PIE: Created PIE world by copying editor world from /Temp/Untitled_1.Untitled_1 to /Temp/UEDPIE_0_Untitled_1.Untitled_1 (0.002570s)
[2024.01.05-17.42.16:732][773]LogInit: XAudio2 using 'Altavoces (Realtek(R) Audio)' : 2 channels at 48 kHz using 16 bits per sample (channel mask 0x3)
[2024.01.05-17.42.16:748][773]LogInit: FAudioDevice initialized.
[2024.01.05-17.42.16:802][773]LogLoad: Game class is 'GameModeBase'
[2024.01.05-17.42.16:804][773]LogWorld: Bringing World /Temp/UEDPIE_0_Untitled_1.Untitled_1 up for play (max tick rate 60) at 2024.01.05-14.42.16
[2024.01.05-17.42.16:805][773]LogWorld: Bringing up level for play took: 0.000913
[2024.01.05-17.42.16:844][773]LogContentBrowser: Native class hierarchy updated for 'MovieSceneCapture' in 0.0005 seconds. Added 11 classes and 0 folders.
[2024.01.05-17.42.16:845][773]PIE: Info Play in editor start time for /Temp/UEDPIE_0_Untitled_1 0.726
[2024.01.05-17.43.01:180][810]LogEditorViewport: Clicking on Actor (LMB): Auto_C (Auto)
[2024.01.05-17.43.07:930][ 93]LogEditorViewport: Clicking on Actor (LMB): Auto_C (Auto)
[2024.01.05-17.43.34:372][ 40]Cmd: TRANSACTION UNDO
[2024.01.05-17.43.34:372][ 40]LogEditorTransaction: Undo Set actor location
[2024.01.05-17.43.46:539][478]LogTemp: Repeting last play command: Selected Viewport
[2024.01.05-17.43.46:553][478]LogPlayLevel: PlayLevel: No blueprints needed recompiling
[2024.01.05-17.43.46:553][478]PIE: New page: PIE session: Untitled_1 (Jan 5, 2024, 11:43:46 AM)
[2024.01.05-17.43.46:553][478]LogPlayLevel: Creating play world package: /Temp/UEDPIE_0_Untitled_1
[2024.01.05-17.43.46:555][478]LogPlayLevel: PIE: StaticDuplicateObject took: (0.002145s)
[2024.01.05-17.43.46:556][478]LogAIModule: Creating AISystem for world Untitled_1
[2024.01.05-17.43.46:556][478]LogPlayLevel: PIE: World Init took: (0.001097s)
[2024.01.05-17.43.46:557][478]LogPlayLevel: PIE: Created PIE world by copying editor world from /Temp/Untitled_1.Untitled_1 to /Temp/UEDPIE_0_Untitled_1.Untitled_1 (0.003536s)
[2024.01.05-17.43.46:585][478]LogInit: XAudio2 using 'Altavoces (Realtek(R) Audio)' : 2 channels at 48 kHz using 16 bits per sample (channel mask 0x3)
[2024.01.05-17.43.46:600][478]LogInit: FAudioDevice initialized.
[2024.01.05-17.43.46:636][478]LogLoad: Game class is 'GameModeBase'
[2024.01.05-17.43.46:639][478]LogWorld: Bringing World /Temp/UEDPIE_0_Untitled_1.Untitled_1 up for play (max tick rate 60) at 2024.01.05-14.43.46
[2024.01.05-17.43.46:639][478]LogWorld: Bringing up level for play took: 0.000902
[2024.01.05-17.43.46:640][478]PIE: Info Play in editor start time for /Temp/UEDPIE_0_Untitled_1 0.522
[2024.01.05-17.43.50:369][622]LogEditorViewport: Clicking on Actor (LMB): Auto_C (Auto)
[2024.01.05-17.44.11:619][209]LogSavePackage: Save=24.71ms
[2024.01.05-17.44.11:619][209]LogSavePackage: Moving '../../../../../Users/MelchioT/Documents/workUnrealEngine4/MotorUnreal4B/Saved/NivelB31FE09B4F2E7C091F293B878D4598C0.tmp' to '../../../../../Users/MelchioT/Documents/workUnrealEngine4/MotorUnreal4B/Content/Ejercicios/Ejercicio16/Nivel.umap'
[2024.01.05-17.44.11:621][209]LogSavePackage:Display: Finished SavePackage ../../../../../Users/MelchioT/Documents/workUnrealEngine4/MotorUnreal4B/Content/Ejercicios/Ejercicio16/Nivel.umap
[2024.01.05-17.44.11:647][209]LogFileHelpers: Saving map 'Nivel' took 0.229
[2024.01.05-17.44.12:925][248]Cmd: MAP LOAD FILE="../../../../../Users/MelchioT/Documents/workUnrealEngine4/MotorUnreal4B/Content/Ejercicios/Ejercicio16/Nivel.umap" TEMPLATE=0 SHOWPROGRESS=1 FEATURELEVEL=3
[2024.01.05-17.44.12:925][248]LightingResults: New page: Lighting Build
[2024.01.05-17.44.12:926][248]LoadErrors: New page: Loading map: Nivel.umap
[2024.01.05-17.44.12:927][248]MapCheck: New page: Map Check
[2024.01.05-17.44.12:927][248]LightingResults: New page: Lighting Build
[2024.01.05-17.44.12:967][248]LogAIModule: Creating AISystem for world Nivel
[2024.01.05-17.44.13:017][248]LogEditorServer: Finished looking for orphan Actors (0.000 secs)
[2024.01.05-17.44.13:039][248]Cmd: MAP CHECKDEP NOCLEARLOG
[2024.01.05-17.44.13:076][248]MapCheck: Info Map check complete: 0 Error(s), 0 Warning(s), took 36.316ms to complete.
[2024.01.05-17.44.13:076][248]LogFileHelpers: Loading map 'Nivel' took 0.153
[2024.01.05-17.44.14:005][282]LogTemp: Repeting last play command: Selected Viewport
[2024.01.05-17.44.14:018][282]LogPlayLevel: PlayLevel: No blueprints needed recompiling
[2024.01.05-17.44.14:018][282]PIE: New page: PIE session: Nivel (Jan 5, 2024, 11:44:14 AM)
[2024.01.05-17.44.14:018][282]LogPlayLevel: Creating play world package: /Game/Ejercicios/Ejercicio16/UEDPIE_0_Nivel
[2024.01.05-17.44.14:020][282]LogPlayLevel: PIE: StaticDuplicateObject took: (0.001779s)
[2024.01.05-17.44.14:021][282]LogAIModule: Creating AISystem for world Nivel
[2024.01.05-17.44.14:021][282]LogPlayLevel: PIE: World Init took: (0.000814s)
[2024.01.05-17.44.14:021][282]LogPlayLevel: PIE: Created PIE world by copying editor world from /Game/Ejercicios/Ejercicio16/Nivel.Nivel to /Game/Ejercicios/Ejercicio16/UEDPIE_0_Nivel.Nivel (0.002792s)
[2024.01.05-17.44.14:044][282]LogInit: XAudio2 using 'Altavoces (Realtek(R) Audio)' : 2 channels at 48 kHz using 16 bits per sample (channel mask 0x3)
[2024.01.05-17.44.14:059][282]LogInit: FAudioDevice initialized.
[2024.01.05-17.44.14:090][282]LogLoad: Game class is 'GameModeBase'
[2024.01.05-17.44.14:093][282]LogWorld: Bringing World /Game/Ejercicios/Ejercicio16/UEDPIE_0_Nivel.Nivel up for play (max tick rate 60) at 2024.01.05-14.44.14
[2024.01.05-17.44.14:093][282]LogWorld: Bringing up level for play took: 0.000913
[2024.01.05-17.44.14:094][282]PIE: Info Play in editor start time for /Game/Ejercicios/Ejercicio16/UEDPIE_0_Nivel -0.025
[2024.01.05-17.44.31:365][222]Cmd: QUIT_EDITOR
[2024.01.05-17.44.31:869][222]LogWindowsTextInputMethodSystem:Display: IME system now deactivated.
[2024.01.05-17.44.31:890][222]LogExit: Preparing to exit.
[2024.01.05-17.44.32:594][222]LogDirectoryWatcher: A directory notification for 'C:/Users/MelchioT/Documents/workUnrealEngine4/MotorUnreal4B/Content/' was aborted.
[2024.01.05-17.44.32:618][222]LogExit: Editor shut down
[2024.01.05-17.44.32:618][222]LogExit: Transaction tracking system shut down
[2024.01.05-17.44.32:707][222]LogObj: Freed 0b from 0 cluster array pools.
[2024.01.05-17.44.32:708][222]LogExit: Object subsystem successfully closed.
[2024.01.05-17.44.32:732][222]LogD3D11RHI: Shutdown
[2024.01.05-17.44.32:732][222]LogD3D11RHI: CleanupD3DDevice
[2024.01.05-17.44.32:858][222]LogD3D11RHI: ~FD3D11DynamicRHI
[2024.01.05-17.44.32:868][222]LogModuleManager: Shutting down and abandoning module MovieSceneCapture (490)
[2024.01.05-17.44.32:868][222]LogModuleManager: Shutting down and abandoning module HierarchicalLODUtilities (488)
[2024.01.05-17.44.32:868][222]LogModuleManager: Shutting down and abandoning module BlueprintGraph (486)
[2024.01.05-17.44.32:868][222]LogModuleManager: Shutting down and abandoning module BlueprintProfiler (484)
[2024.01.05-17.44.32:868][222]LogModuleManager: Shutting down and abandoning module StaticMeshEditor (482)
[2024.01.05-17.44.32:868][222]LogModuleManager: Shutting down and abandoning module HierarchicalLODOutliner (480)
[2024.01.05-17.44.32:868][222]LogModuleManager: Shutting down and abandoning module CrashTracker (478)
[2024.01.05-17.44.32:868][222]LogModuleManager: Shutting down and abandoning module SceneOutliner (476)
[2024.01.05-17.44.32:868][222]LogModuleManager: Shutting down and abandoning module AddContentDialog (474)
[2024.01.05-17.44.32:868][222]LogDirectoryWatcher: A directory notification for 'C:/Program Files/Unreal Engine 4 (4.15.0)/FeaturePacks/' was aborted.
[2024.01.05-17.44.32:869][222]LogModuleManager: Shutting down and abandoning module WidgetCarousel (473)
[2024.01.05-17.44.32:869][222]LogModuleManager: Shutting down and abandoning module EditorWidgets (470)
[2024.01.05-17.44.32:869][222]LogModuleManager: Shutting down and abandoning module CollectionManager (468)
[2024.01.05-17.44.32:869][222]LogDirectoryWatcher: A directory notification for 'C:/Users/MelchioT/Documents/workUnrealEngine4/MotorUnreal4B/Content/Collections/' was aborted.
[2024.01.05-17.44.32:869][222]LogDirectoryWatcher: A directory notification for 'C:/Users/MelchioT/Documents/workUnrealEngine4/MotorUnreal4B/Content/Developers/MelchioT/Collections/' was aborted.
[2024.01.05-17.44.32:869][222]LogDirectoryWatcher: A directory notification for 'C:/Users/MelchioT/Documents/workUnrealEngine4/MotorUnreal4B/Saved/Collections/' was aborted.
[2024.01.05-17.44.32:869][222]LogModuleManager: Shutting down and abandoning module StatsViewer (466)
[2024.01.05-17.44.32:869][222]LogModuleManager: Shutting down and abandoning module FoliageEdit (464)
[2024.01.05-17.44.32:869][222]LogModuleManager: Shutting down and abandoning module LandscapeEditor (462)
[2024.01.05-17.44.32:869][222]LogModuleManager: Shutting down and abandoning module SceneDepthPickerMode (460)
[2024.01.05-17.44.32:869][222]LogModuleManager: Shutting down and abandoning module ActorPickerMode (458)
[2024.01.05-17.44.32:869][222]LogModuleManager: Shutting down and abandoning module GeometryMode (456)
[2024.01.05-17.44.32:869][222]LogModuleManager: Shutting down and abandoning module TextureAlignMode (454)
[2024.01.05-17.44.32:869][222]LogModuleManager: Shutting down and abandoning module BspMode (452)
[2024.01.05-17.44.32:869][222]LogModuleManager: Shutting down and abandoning module HardwareSurvey (450)
[2024.01.05-17.44.32:869][222]LogModuleManager: Shutting down and abandoning module SequenceRecorderSections (448)
[2024.01.05-17.44.32:869][222]LogModuleManager: Shutting down and abandoning module AutomationWorker (446)
[2024.01.05-17.44.32:869][222]LogModuleManager: Shutting down and abandoning module MatineeToLevelSequence (444)
[2024.01.05-17.44.32:869][222]LogModuleManager: Shutting down and abandoning module LevelSequenceEditor (442)
[2024.01.05-17.44.32:869][222]LogModuleManager: Shutting down and abandoning module PlacementMode (441)
[2024.01.05-17.44.32:869][222]LogModuleManager: Shutting down and abandoning module WmfMediaFactory (438)
[2024.01.05-17.44.32:869][222]LogModuleManager: Shutting down and abandoning module WmfMediaEditor (436)
[2024.01.05-17.44.32:869][222]LogModuleManager: Shutting down and abandoning module MfMediaFactory (434)
[2024.01.05-17.44.32:869][222]LogModuleManager: Shutting down and abandoning module MfMediaEditor (432)
[2024.01.05-17.44.32:869][222]LogModuleManager: Shutting down and abandoning module AvfMediaFactory (430)
[2024.01.05-17.44.32:869][222]LogModuleManager: Shutting down and abandoning module AvfMediaEditor (428)
[2024.01.05-17.44.32:869][222]LogModuleManager: Shutting down and abandoning module AndroidMediaFactory (426)
[2024.01.05-17.44.32:869][222]LogModuleManager: Shutting down and abandoning module Media (425)
[2024.01.05-17.44.32:869][222]LogModuleManager: Shutting down and abandoning module AndroidMediaEditor (422)
[2024.01.05-17.44.32:869][222]LogModuleManager: Shutting down and abandoning module CharacterAI (420)
[2024.01.05-17.44.32:869][222]LogModuleManager: Shutting down and abandoning module AudioCapture (418)
[2024.01.05-17.44.32:869][222]LogModuleManager: Shutting down and abandoning module SequenceRecorder (417)
[2024.01.05-17.44.32:869][222]LogModuleManager: Shutting down and abandoning module SmartSnapping (414)
[2024.01.05-17.44.32:869][222]LogModuleManager: Shutting down and abandoning module SessionServices (412)
[2024.01.05-17.44.32:869][222]LogModuleManager: Shutting down and abandoning module ViewportSnapping (410)
[2024.01.05-17.44.32:869][222]LogModuleManager: Shutting down and abandoning module ViewportInteraction (408)
[2024.01.05-17.44.32:869][222]LogModuleManager: Shutting down and abandoning module LogVisualizer (406)
[2024.01.05-17.44.32:869][222]LogModuleManager: Shutting down and abandoning module IntroTutorials (404)
[2024.01.05-17.44.32:869][222]LogModuleManager: Shutting down and abandoning module GameProjectGeneration (403)
[2024.01.05-17.44.32:869][222]LogModuleManager: Shutting down and abandoning module EditorLiveStreaming (400)
[2024.01.05-17.44.32:869][222]LogModuleManager: Shutting down and abandoning module IOSPlatformEditor (398)
[2024.01.05-17.44.32:869][222]LogModuleManager: Shutting down and abandoning module HTML5PlatformEditor (396)
[2024.01.05-17.44.32:869][222]LogModuleManager: Shutting down and abandoning module AndroidPlatformEditor (394)
[2024.01.05-17.44.32:870][222]LogModuleManager: Shutting down and abandoning module AndroidDeviceDetection (393)
[2024.01.05-17.44.33:403][222]LogModuleManager: Shutting down and abandoning module IOSRuntimeSettings (390)
[2024.01.05-17.44.33:403][222]LogModuleManager: Shutting down and abandoning module AndroidRuntimeSettings (388)
[2024.01.05-17.44.33:403][222]LogModuleManager: Shutting down and abandoning module InputBindingEditor (386)
[2024.01.05-17.44.33:403][222]LogModuleManager: Shutting down and abandoning module NiagaraEditor (384)
[2024.01.05-17.44.33:403][222]LogModuleManager: Shutting down and abandoning module MergeActors (382)
[2024.01.05-17.44.33:403][222]LogModuleManager: Shutting down and abandoning module SizeMap (380)
[2024.01.05-17.44.33:403][222]LogModuleManager: Shutting down and abandoning module TreeMap (378)
[2024.01.05-17.44.33:403][222]LogModuleManager: Shutting down and abandoning module ReferenceViewer (376)
[2024.01.05-17.44.33:403][222]LogModuleManager: Shutting down and abandoning module LocalizationDashboard (374)
[2024.01.05-17.44.33:403][222]LogModuleManager: Shutting down and abandoning module LocalizationService (373)
[2024.01.05-17.44.33:403][222]LogModuleManager: Shutting down and abandoning module HardwareTargeting (370)
[2024.01.05-17.44.33:403][222]LogModuleManager: Shutting down and abandoning module DeviceProfileEditor (368)
[2024.01.05-17.44.33:403][222]LogModuleManager: Shutting down and abandoning module UndoHistory (366)
[2024.01.05-17.44.33:403][222]LogModuleManager: Shutting down and abandoning module UserFeedback (364)
[2024.01.05-17.44.33:403][222]LogModuleManager: Shutting down and abandoning module XmlParser (362)
[2024.01.05-17.44.33:403][222]LogModuleManager: Shutting down and abandoning module Blutility (360)
[2024.01.05-17.44.33:403][222]LogModuleManager: Shutting down and abandoning module ProjectSettingsViewer (358)
[2024.01.05-17.44.33:403][222]LogModuleManager: Shutting down and abandoning module ProjectTargetPlatformEditor (357)
[2024.01.05-17.44.33:403][222]LogModuleManager: Shutting down and abandoning module EditorSettingsViewer (354)
[2024.01.05-17.44.33:403][222]LogModuleManager: Shutting down and abandoning module SettingsEditor (352)
[2024.01.05-17.44.33:403][222]LogModuleManager: Shutting down and abandoning module ProjectLauncher (350)
[2024.01.05-17.44.33:403][222]LogModuleManager: Shutting down and abandoning module SessionFrontend (348)
[2024.01.05-17.44.33:403][222]LogModuleManager: Shutting down and abandoning module ProfilerClient (346)
[2024.01.05-17.44.33:403][222]LogModuleManager: Shutting down and abandoning module DeviceManager (344)
[2024.01.05-17.44.33:403][222]LogModuleManager: Shutting down and abandoning module TargetDeviceServices (343)
[2024.01.05-17.44.33:445][222]LogModuleManager: Shutting down and abandoning module AutomationController (340)
[2024.01.05-17.44.33:445][222]LogModuleManager: Shutting down and abandoning module AutomationWindow (338)
[2024.01.05-17.44.33:445][222]LogModuleManager: Shutting down and abandoning module Layers (336)
[2024.01.05-17.44.33:445][222]LogModuleManager: Shutting down and abandoning module ComponentVisualizers (334)
[2024.01.05-17.44.33:445][222]LogModuleManager: Shutting down and abandoning module DetailCustomizations (332)
[2024.01.05-17.44.33:445][222]LogModuleManager: Shutting down and abandoning module PackagesDialog (330)
[2024.01.05-17.44.33:445][222]LogModuleManager: Shutting down and abandoning module Persona (328)
[2024.01.05-17.44.33:445][222]LogModuleManager: Shutting down and abandoning module AnimGraph (327)
[2024.01.05-17.44.33:445][222]LogModuleManager: Shutting down and abandoning module Kismet (324)
[2024.01.05-17.44.33:450][222]LogModuleManager: Shutting down and abandoning module GraphEditor (322)
[2024.01.05-17.44.33:450][222]LogModuleManager: Shutting down and abandoning module ClassViewer (320)
[2024.01.05-17.44.33:451][222]LogModuleManager: Shutting down and abandoning module Toolbox (318)
[2024.01.05-17.44.33:451][222]LogModuleManager: Shutting down and abandoning module ModuleUI (316)
[2024.01.05-17.44.33:451][222]LogModuleManager: Shutting down and abandoning module MovieSceneTools (314)
[2024.01.05-17.44.33:451][222]LogModuleManager: Shutting down and abandoning module OutputLog (312)
[2024.01.05-17.44.33:451][222]LogModuleManager: Shutting down and abandoning module GammaUI (310)
[2024.01.05-17.44.33:451][222]LogModuleManager: Shutting down and abandoning module Documentation (308)
[2024.01.05-17.44.33:451][222]LogModuleManager: Shutting down and abandoning module Niagara (306)
[2024.01.05-17.44.33:451][222]LogModuleManager: Shutting down and abandoning module StreamingPauseRendering (304)
[2024.01.05-17.44.33:451][222]LogModuleManager: Shutting down and abandoning module AnalyticsET (302)
[2024.01.05-17.44.33:452][222]LogModuleManager: Shutting down and abandoning module PortalServices (300)
[2024.01.05-17.44.33:452][222]LogModuleManager: Shutting down and abandoning module PortalRpc (298)
[2024.01.05-17.44.33:452][222]LogModuleManager: Shutting down and abandoning module MessagingRpc (296)
[2024.01.05-17.44.33:452][222]LogModuleManager: Shutting down and abandoning module AIModule (294)
[2024.01.05-17.44.33:452][222]LogModuleManager: Shutting down and abandoning module GameplayDebugger (293)
[2024.01.05-17.44.33:452][222]LogModuleManager: Shutting down and abandoning module AITestSuite (291)
[2024.01.05-17.44.33:452][222]LogModuleManager: Shutting down and abandoning module ProfilerService (288)
[2024.01.05-17.44.33:562][222]LogModuleManager: Shutting down and abandoning module TaskGraph (286)
[2024.01.05-17.44.33:562][222]LogModuleManager: Shutting down and abandoning module SteamVRController (284)
[2024.01.05-17.44.33:562][222]LogModuleManager: Shutting down and abandoning module SteamVR (282)
[2024.01.05-17.44.33:562][222]LogModuleManager: Shutting down and abandoning module ProceduralMeshComponentEditor (280)
[2024.01.05-17.44.33:562][222]LogModuleManager: Shutting down and abandoning module ProceduralMeshComponent (278)
[2024.01.05-17.44.33:562][222]LogModuleManager: Shutting down and abandoning module OculusLibrary (276)
[2024.01.05-17.44.33:562][222]LogModuleManager: Shutting down and abandoning module OculusInput (274)
[2024.01.05-17.44.33:562][222]LogModuleManager: Shutting down and abandoning module MobilePatchingUtils (272)
[2024.01.05-17.44.33:562][222]LogModuleManager: Shutting down and abandoning module CustomMeshComponent (270)
[2024.01.05-17.44.33:562][222]LogModuleManager: Shutting down and abandoning module CableComponent (268)
[2024.01.05-17.44.33:562][222]LogModuleManager: Shutting down and abandoning module ArchVisCharacter (266)
[2024.01.05-17.44.33:562][222]LogModuleManager: Shutting down and abandoning module MediaPlayerEditor (262)
[2024.01.05-17.44.33:562][222]LogModuleManager: Shutting down and abandoning module HTML5Networking (260)
[2024.01.05-17.44.33:562][222]LogModuleManager: Shutting down and abandoning module AlembicImporter (258)
[2024.01.05-17.44.33:562][222]LogModuleManager: Shutting down and abandoning module AlembicLibrary (257)
[2024.01.05-17.44.33:562][222]LogModuleManager: Shutting down and abandoning module GeometryCache (256)
[2024.01.05-17.44.33:562][222]LogModuleManager: Shutting down and abandoning module GeometryCacheEd (255)
[2024.01.05-17.44.33:562][222]LogModuleManager: Shutting down and abandoning module SuperSearchEditor (250)
[2024.01.05-17.44.33:562][222]LogModuleManager: Shutting down and abandoning module SuperSearch (249)
[2024.01.05-17.44.33:562][222]LogModuleManager: Shutting down and abandoning module SpeedTreeImporter (246)
[2024.01.05-17.44.33:562][222]LogModuleManager: Shutting down and abandoning module PluginBrowser (244)
[2024.01.05-17.44.33:562][222]LogModuleManager: Shutting down and abandoning module MobileLauncherProfileWizard (242)
[2024.01.05-17.44.33:562][222]LogModuleManager: Shutting down and abandoning module EpicSurvey (240)
[2024.01.05-17.44.33:562][222]LogModuleManager: Shutting down and abandoning module VisualStudioSourceCodeAccess (238)
[2024.01.05-17.44.33:562][222]LogModuleManager: Shutting down and abandoning module DesktopPlatform (237)
[2024.01.05-17.44.33:562][222]LogModuleManager: Shutting down and abandoning module UObjectPlugin (234)
[2024.01.05-17.44.33:562][222]LogModuleManager: Shutting down and abandoning module SubversionSourceControl (232)
[2024.01.05-17.44.33:562][222]LogModuleManager: Shutting down and abandoning module PerforceSourceControl (230)
[2024.01.05-17.44.33:562][222]LogModuleManager: Shutting down and abandoning module GitSourceControl (228)
[2024.01.05-17.44.33:562][222]LogModuleManager: Shutting down and abandoning module SourceControl (227)
[2024.01.05-17.44.33:562][222]LogModuleManager: Shutting down and abandoning module LightPropagationVolumeEditor (224)
[2024.01.05-17.44.33:562][222]LogModuleManager: Shutting down and abandoning module PaperTiledImporter (222)
[2024.01.05-17.44.33:562][222]LogModuleManager: Shutting down and abandoning module PaperSpriteSheetImporter (220)
[2024.01.05-17.44.33:562][222]LogModuleManager: Shutting down and abandoning module Paper2DEditor (218)
[2024.01.05-17.44.33:563][222]LogModuleManager: Shutting down and abandoning module MeshPaint (217)
[2024.01.05-17.44.33:563][222]LogModuleManager: Shutting down and abandoning module LevelEditor (215)
[2024.01.05-17.44.33:563][222]LogModuleManager: Shutting down and abandoning module PixelInspectorModule (214)
[2024.01.05-17.44.33:563][222]LogModuleManager: Shutting down and abandoning module MainFrame (212)
[2024.01.05-17.44.33:563][222]LogModuleManager: Shutting down and abandoning module HotReload (211)
[2024.01.05-17.44.33:564][222]LogModuleManager: Shutting down and abandoning module ContentBrowser (207)
[2024.01.05-17.44.33:564][222]LogModuleManager: Shutting down and abandoning module PhysXVehiclesEditor (204)
[2024.01.05-17.44.33:564][222]LogModuleManager: Shutting down and abandoning module PhysXVehicles (202)
[2024.01.05-17.44.33:564][222]LogModuleManager: Shutting down and abandoning module LocationServicesBPLibrary (200)
[2024.01.05-17.44.33:564][222]LogModuleManager: Shutting down and abandoning module UdpMessaging (198)
[2024.01.05-17.44.33:666][222]LogModuleManager: Shutting down and abandoning module TcpMessaging (196)
[2024.01.05-17.44.33:767][222]LogModuleManager: Shutting down and abandoning module GameplayTagsEditor (194)
[2024.01.05-17.44.33:767][222]LogModuleManager: Shutting down and abandoning module FacialAnimationEditor (192)
[2024.01.05-17.44.33:767][222]LogModuleManager: Shutting down and abandoning module FacialAnimation (190)
[2024.01.05-17.44.33:767][222]LogModuleManager: Shutting down and abandoning module LightPropagationVolumeRuntime (188)
[2024.01.05-17.44.33:767][222]LogModuleManager: Shutting down and abandoning module Paper2D (186)
[2024.01.05-17.44.33:767][222]LogModuleManager: Shutting down and abandoning module WindowsMoviePlayer (184)
[2024.01.05-17.44.33:767][222]LogModuleManager: Shutting down and abandoning module WmfMedia (182)
[2024.01.05-17.44.33:769][222]LogModuleManager: Shutting down and abandoning module MfMedia (180)
[2024.01.05-17.44.33:769][222]LogModuleManager: Shutting down and abandoning module MediaAssets (178)
[2024.01.05-17.44.33:769][222]LogModuleManager: Shutting down and abandoning module GameLiveStreaming (176)
[2024.01.05-17.44.33:769][222]LogModuleManager: Shutting down and abandoning module VREditor (174)
[2024.01.05-17.44.33:769][222]LogModuleManager: Shutting down and abandoning module GameplayTasksEditor (172)
[2024.01.05-17.44.33:769][222]LogModuleManager: Shutting down and abandoning module BehaviorTreeEditor (170)
[2024.01.05-17.44.33:769][222]LogModuleManager: Shutting down and abandoning module FunctionalTesting (168)
[2024.01.05-17.44.33:769][222]LogModuleManager: Shutting down and abandoning module CollisionAnalyzer (166)
[2024.01.05-17.44.33:769][222]LogModuleManager: Shutting down and abandoning module UMG (164)
[2024.01.05-17.44.33:769][222]LogModuleManager: Shutting down and abandoning module UMGEditor (163)
[2024.01.05-17.44.33:769][222]LogModuleManager: Shutting down and abandoning module Sequencer (162)
[2024.01.05-17.44.33:769][222]LogModuleManager: Shutting down and abandoning module AssetTools (160)
[2024.01.05-17.44.33:769][222]LogModuleManager: Shutting down and abandoning module MessageLog (159)
[2024.01.05-17.44.33:769][222]LogModuleManager: Shutting down and abandoning module WorkspaceMenuStructure (158)
[2024.01.05-17.44.33:769][222]LogModuleManager: Shutting down and abandoning module SlateReflector (152)
[2024.01.05-17.44.33:769][222]LogModuleManager: Shutting down and abandoning module Slate (150)
[2024.01.05-17.44.33:769][222]LogModuleManager: Shutting down and abandoning module EditorStyle (148)
[2024.01.05-17.44.33:771][222]LogModuleManager: Shutting down and abandoning module SourceCodeAccess (146)
[2024.01.05-17.44.33:771][222]LogModuleManager: Shutting down and abandoning module HeadMountedDisplay (144)
[2024.01.05-17.44.33:771][222]LogModuleManager: Shutting down and abandoning module XAudio2 (142)
[2024.01.05-17.44.33:771][222]LogModuleManager: Shutting down and abandoning module Networking (140)
[2024.01.05-17.44.33:771][222]LogModuleManager: Shutting down and abandoning module Core (136)
[2024.01.05-17.44.33:771][222]LogModuleManager: Shutting down and abandoning module AssetRegistry (134)
[2024.01.05-17.44.33:916][222]LogDirectoryWatcher: A directory notification for '../../../Engine/Content/' was aborted.
[2024.01.05-17.44.33:916][222]LogDirectoryWatcher: A directory notification for '../../../../../Users/MelchioT/Documents/workUnrealEngine4/MotorUnreal4B/Content/' was aborted.
[2024.01.05-17.44.33:916][222]LogDirectoryWatcher: A directory notification for '../../../Engine/Plugins/2D/Paper2D/Content/' was aborted.
[2024.01.05-17.44.33:916][222]LogModuleManager: Shutting down and abandoning module DirectoryWatcher (133)
[2024.01.05-17.44.33:917][222]LogModuleManager: Shutting down and abandoning module KismetCompiler (130)
[2024.01.05-17.44.33:917][222]LogModuleManager: Shutting down and abandoning module PhysXFormats (128)
[2024.01.05-17.44.33:917][222]LogModuleManager: Shutting down and abandoning module MeshUtilities (126)
[2024.01.05-17.44.33:917][222]LogModuleManager: Shutting down and abandoning module QuadricMeshReduction (125)
[2024.01.05-17.44.33:917][222]LogModuleManager: Shutting down and abandoning module PropertyEditor (123)
[2024.01.05-17.44.33:917][222]LogModuleManager: Shutting down and abandoning module DerivedDataCache (120)
[2024.01.05-17.44.33:953][222]LogDerivedDataCache: Shutdown
[2024.01.05-17.44.33:953][222]LogModuleManager: Shutting down and abandoning module TargetPlatform (118)
[2024.01.05-17.44.33:953][222]LogModuleManager: Shutting down and abandoning module VulkanShaderFormat (117)
[2024.01.05-17.44.33:953][222]LogModuleManager: Shutting down and abandoning module MetalShaderFormat (115)
[2024.01.05-17.44.33:953][222]LogModuleManager: Shutting down and abandoning module ShaderFormatD3D (113)
[2024.01.05-17.44.33:953][222]LogModuleManager: Shutting down and abandoning module ShaderFormatOpenGL (111)
[2024.01.05-17.44.33:953][222]LogModuleManager: Shutting down and abandoning module TextureFormatUncompressed (109)
[2024.01.05-17.44.33:953][222]LogModuleManager: Shutting down and abandoning module TextureFormatASTC (107)
[2024.01.05-17.44.33:953][222]LogModuleManager: Shutting down and abandoning module ImageWrapper (106)
[2024.01.05-17.44.33:953][222]LogModuleManager: Shutting down and abandoning module TextureFormatPVR (103)
[2024.01.05-17.44.33:953][222]LogModuleManager: Shutting down and abandoning module TextureFormatDXT (101)
[2024.01.05-17.44.33:953][222]LogModuleManager: Shutting down and abandoning module TextureFormatIntelISPCTexComp (99)
[2024.01.05-17.44.33:953][222]LogModuleManager: Shutting down and abandoning module AudioFormatOpus (97)
[2024.01.05-17.44.33:953][222]LogModuleManager: Shutting down and abandoning module AudioFormatOgg (95)
[2024.01.05-17.44.33:953][222]LogModuleManager: Shutting down and abandoning module AudioFormatADPCM (93)
[2024.01.05-17.44.33:953][222]LogModuleManager: Shutting down and abandoning module TVOSTargetPlatform (91)
[2024.01.05-17.44.33:953][222]LogModuleManager: Shutting down and abandoning module Messaging (89)
[2024.01.05-17.44.33:953][222]LogModuleManager: Shutting down and abandoning module IOSTargetPlatform (87)
[2024.01.05-17.44.33:953][222]LogModuleManager: Shutting down and abandoning module HTML5TargetPlatform (85)
[2024.01.05-17.44.33:953][222]LogModuleManager: Shutting down and abandoning module Android_MultiTargetPlatform (83)
[2024.01.05-17.44.33:953][222]LogModuleManager: Shutting down and abandoning module Android_ASTCTargetPlatform (81)
[2024.01.05-17.44.33:953][222]LogModuleManager: Shutting down and abandoning module Android_ETC2TargetPlatform (79)
[2024.01.05-17.44.33:953][222]LogModuleManager: Shutting down and abandoning module Android_ETC1TargetPlatform (77)
[2024.01.05-17.44.33:953][222]LogModuleManager: Shutting down and abandoning module Android_DXTTargetPlatform (75)
[2024.01.05-17.44.33:953][222]LogModuleManager: Shutting down and abandoning module Android_ATCTargetPlatform (73)
[2024.01.05-17.44.33:953][222]LogModuleManager: Shutting down and abandoning module Android_PVRTCTargetPlatform (71)
[2024.01.05-17.44.33:953][222]LogModuleManager: Shutting down and abandoning module AndroidTargetPlatform (69)
[2024.01.05-17.44.33:953][222]LogModuleManager: Shutting down and abandoning module AllDesktopTargetPlatform (67)
[2024.01.05-17.44.33:953][222]LogModuleManager: Shutting down and abandoning module WindowsClientTargetPlatform (65)
[2024.01.05-17.44.33:953][222]LogModuleManager: Shutting down and abandoning module WindowsServerTargetPlatform (63)
[2024.01.05-17.44.33:953][222]LogModuleManager: Shutting down and abandoning module WindowsNoEditorTargetPlatform (61)
[2024.01.05-17.44.33:953][222]LogModuleManager: Shutting down and abandoning module WindowsTargetPlatform (59)
[2024.01.05-17.44.33:953][222]LogModuleManager: Shutting down and abandoning module MacClientTargetPlatform (57)
[2024.01.05-17.44.33:953][222]LogModuleManager: Shutting down and abandoning module MacServerTargetPlatform (55)
[2024.01.05-17.44.33:954][222]LogModuleManager: Shutting down and abandoning module MacNoEditorTargetPlatform (53)
[2024.01.05-17.44.33:954][222]LogModuleManager: Shutting down and abandoning module MacTargetPlatform (51)
[2024.01.05-17.44.33:954][222]LogModuleManager: Shutting down and abandoning module InputCore (48)
[2024.01.05-17.44.33:954][222]LogModuleManager: Shutting down and abandoning module Settings (46)
[2024.01.05-17.44.33:954][222]LogModuleManager: Shutting down and abandoning module OculusRift (44)
[2024.01.05-17.44.33:954][222]LogModuleManager: Shutting down and abandoning module ExampleDeviceProfileSelector (42)
[2024.01.05-17.44.33:954][222]LogModuleManager: Shutting down and abandoning module OnlineBlueprintSupport (40)
[2024.01.05-17.44.33:954][222]LogModuleManager: Shutting down and abandoning module OnlineSubsystem (36)
[2024.01.05-17.44.33:954][222]LogOnline:Display: Unloading online subsystem: NULL
[2024.01.05-17.44.33:954][222]LogModuleManager: Shutting down and abandoning module HTTP (35)
[2024.01.05-17.44.33:954][222]LogHttp:Display: Http module shutting down, but needs to wait on 1 outstanding Http requests:
[2024.01.05-17.44.33:954][222]LogHttp:Display: 	verb=[POST] url=[https://datarouter.ol.epicgames.com/datarouter/api/v1/public/data?SessionID=%7B4D0D2968-4422-8A84-39EA-6F9A699519A4%7D&AppID=UEEditor.UnrealEngine.Release&AppVersion=4.15.0-0%2B%2B%2BUE4%2BRelease-4.15&UserID=aa7ec4a94460bf88f1f872b01bef9583%7C8cfcda83180144cdb9bb2bc7d773924e%7C775b68d6-d1f3-44da-96ce-dab51d83f808&AppEnvironment=datacollector-source&UploadType=eteventstream] status=Processing
[2024.01.05-17.44.33:961][222]LogModuleManager: Shutting down and abandoning module SSL (34)
[2024.01.05-17.44.33:963][222]LogModuleManager: Shutting down and abandoning module AudioEditor (30)
[2024.01.05-17.44.33:963][222]LogModuleManager: Shutting down and abandoning module TextureCompressor (28)
[2024.01.05-17.44.33:963][222]LogModuleManager: Shutting down and abandoning module ShaderCore (26)
[2024.01.05-17.44.33:963][222]LogModuleManager: Shutting down and abandoning module Landscape (24)
[2024.01.05-17.44.33:963][222]LogModuleManager: Shutting down and abandoning module SlateRHIRenderer (22)
[2024.01.05-17.44.33:964][222]LogModuleManager: Shutting down and abandoning module OpenGLDrv (20)
[2024.01.05-17.44.33:964][222]LogModuleManager: Shutting down and abandoning module D3D11RHI (18)
[2024.01.05-17.44.33:964][222]LogModuleManager: Shutting down and abandoning module AnimGraphRuntime (16)
[2024.01.05-17.44.33:964][222]LogModuleManager: Shutting down and abandoning module Renderer (14)
[2024.01.05-17.44.33:964][222]LogModuleManager: Shutting down and abandoning module Engine (12)
[2024.01.05-17.44.33:964][222]LogModuleManager: Shutting down and abandoning module CoreUObject (10)
[2024.01.05-17.44.33:964][222]LogModuleManager: Shutting down and abandoning module NetworkFile (8)
[2024.01.05-17.44.33:964][222]LogModuleManager: Shutting down and abandoning module StreamingFile (6)
[2024.01.05-17.44.33:964][222]LogModuleManager: Shutting down and abandoning module SandboxFile (4)
[2024.01.05-17.44.33:964][222]LogModuleManager: Shutting down and abandoning module PakFile (2)
[2024.01.05-17.44.33:967][222]LogExit: Exiting.
[2024.01.05-17.44.33:977][222]Log file closed, 01/05/24 14:44:33
