Log file open, 01/09/24 18:37:36
LogInit:Display: Running engine for game: MotorUnreal4B
LogPlatformFile: Not using cached read wrapper
LogInit:Display: RandInit(798564614) SRandInit(798564614).
LogInit: Using version manifest at CL 0 with build ID '5af06b4c-3232-42c8-80e0-46572b4b0bc8'
LogTaskGraph: Started task graph with 5 named threads and 10 total threads with 1 sets of task threads.
LogStats: Stats thread started at 0.148004
LogInit: Using libcurl 7.47.1
LogInit:  - built for x86_64-pc-win32
LogInit:  - supports SSL with OpenSSL/1.0.2g
LogInit:  - supports HTTP deflate (compression) using libz 1.2.8
LogInit:  - other features:
LogInit:      CURL_VERSION_SSL
LogInit:      CURL_VERSION_LIBZ
LogInit:      CURL_VERSION_IPV6
LogInit:      CURL_VERSION_ASYNCHDNS
LogInit:      CURL_VERSION_LARGEFILE
LogInit:      CURL_VERSION_IDN
LogInit:  CurlRequestOptions (configurable via config and command line):
LogInit:  - bVerifyPeer = false  - Libcurl will NOT verify peer certificate
LogInit:  - bUseHttpProxy = false  - Libcurl will NOT use HTTP proxy
LogInit:  - bDontReuseConnections = false  - Libcurl will reuse connections
LogInit:  - CertBundlePath = nullptr  - Libcurl will use whatever was configured at build time.
LogInit: Build: ++UE4+Release-4.15-CL-0
LogInit: Engine Version: 4.15.0-0+++UE4+Release-4.15
LogInit: Compatible Engine Version: 4.15.0-0+++UE4+Release-4.15
LogInit: Net CL: 0
LogDevObjectVersion: Number of dev versions registered: 14
LogDevObjectVersion:   Dev-Blueprints (B0D832E4-1F89-4F0D-ACCF-7EB736FD4AA2): 8
LogDevObjectVersion:   Dev-Build (E1C64328-A22C-4D53-A36C-8E866417BD8C): 0
LogDevObjectVersion:   Dev-Core (375EC13C-06E4-48FB-B500-84F0262A717E): 2
LogDevObjectVersion:   Dev-Editor (E4B068ED-F494-42E9-A231-DA0B2E46BB41): 14
LogDevObjectVersion:   Dev-Framework (CFFC743F-43B0-4480-9391-14DF171D2073): 22
LogDevObjectVersion:   Dev-Mobile (B02B49B5-BB20-44E9-A304-32B752E40360): 0
LogDevObjectVersion:   Dev-Networking (A4E4105C-59A1-49B5-A7C5-40C4547EDFEE): 0
LogDevObjectVersion:   Dev-Online (39C831C9-5AE6-47DC-9A44-9C173E1C8E7C): 0
LogDevObjectVersion:   Dev-Physics (78F01B33-EBEA-4F98-B9B4-84EACCB95AA2): 0
LogDevObjectVersion:   Dev-Platform (6631380F-2D4D-43E0-8009-CF276956A95A): 0
LogDevObjectVersion:   Dev-Rendering (12F88B9F-8875-4AFC-A67C-D90C383ABD29): 12
LogDevObjectVersion:   Dev-Sequencer (7B5AE74C-D270-4C10-A958-57980B212A5A): 3
LogDevObjectVersion:   Dev-VR (D7296918-1DD6-4BDD-9DE2-64A83CC13884): 0
LogDevObjectVersion:   Dev-LoadTimes (C2A15278-BFE7-4AFE-6C17-90FF531DF755): 1
LogInit: Compiled (64-bit): Apr  2 2023 09:25:01
LogInit: Compiled with Visual C++: 19.00.24210.00
LogInit: Build Configuration: Development
LogInit: Branch Name: ++UE4+Release-4.15
LogInit: Command line: 
LogInit: Base directory: C:/Program Files/Unreal Engine 4 (4.15.0)/Engine/Binaries/Win64/
LogInit: Installed Engine Build: 0
LogInit: Presizing for max 8388607 objects, including 0 objects not considered by GC, pre-allocating 0 bytes for permanent pool.
LogInit: Object subsystem initialized
[2024.01.09-21.37.36:729][  0]LogInit: Selected Device Profile: [Windows]
[2024.01.09-21.37.36:729][  0]LogInit: Applying CVar settings loaded from the selected device profile: [Windows]
[2024.01.09-21.37.36:735][  0]LogInit: Computer: DESKTOP-GOSDJOG
[2024.01.09-21.37.36:735][  0]LogInit: User: MelchioT
[2024.01.09-21.37.36:735][  0]LogInit: CPU Page size=65536, Cores=6
[2024.01.09-21.37.36:735][  0]LogInit: High frequency timer resolution =10.000000 MHz
[2024.01.09-21.37.36:735][  0]LogMemory: Memory total: Physical=31.2GB (32GB approx)
[2024.01.09-21.37.36:735][  0]LogMemory: Platform Memory Stats for Windows
[2024.01.09-21.37.36:735][  0]LogMemory: Process Physical Memory: 265.30 MB used, 265.30 MB peak
[2024.01.09-21.37.36:735][  0]LogMemory: Process Virtual Memory: 268.49 MB used, 268.49 MB peak
[2024.01.09-21.37.36:735][  0]LogMemory: Physical Memory: 8512.43 MB used,  23463.24 MB free, 31975.68 MB total
[2024.01.09-21.37.36:735][  0]LogMemory: Virtual Memory: 4760.25 MB used,  23463.24 MB free, 134217728.00 MB total
[2024.01.09-21.37.36:821][  0]LogInit: Overriding culture en with editor configuration.
[2024.01.09-21.37.37:438][  0]LogD3D11RHI: D3D11 adapters:
[2024.01.09-21.37.37:474][  0]LogD3D11RHI:    0. 'AMD Radeon(TM) Graphics' (Feature Level 11_0)
[2024.01.09-21.37.37:474][  0]LogD3D11RHI:       495/0/15987 MB DedicatedVideo/DedicatedSystem/SharedSystem, Outputs:1, VendorId:0x1002
[2024.01.09-21.37.37:476][  0]LogD3D11RHI:    1. 'Microsoft Basic Render Driver' (Feature Level 11_0)
[2024.01.09-21.37.37:476][  0]LogD3D11RHI:       0/0/15987 MB DedicatedVideo/DedicatedSystem/SharedSystem, Outputs:0, VendorId:0x1414
[2024.01.09-21.37.37:478][  0]LogD3D11RHI:    2. 'Microsoft Basic Render Driver' (Feature Level 11_0)
[2024.01.09-21.37.37:479][  0]LogD3D11RHI:       0/0/15987 MB DedicatedVideo/DedicatedSystem/SharedSystem, Outputs:0, VendorId:0x1414
[2024.01.09-21.37.37:479][  0]LogD3D11RHI: Chosen D3D11 Adapter: 0
[2024.01.09-21.37.37:488][  0]LogD3D11RHI: Creating new Direct3DDevice
[2024.01.09-21.37.37:489][  0]LogD3D11RHI:     GPU DeviceId: 0x1636 (for the marketing name, search the web for "GPU Device Id")
[2024.01.09-21.37.37:489][  0]LogWindows: EnumDisplayDevices:
[2024.01.09-21.37.37:489][  0]LogWindows:    0. 'Microsoft Basic Display Driver' (P:0 D:0)
[2024.01.09-21.37.37:489][  0]LogWindows:    1. 'AMD Radeon(TM) Graphics' (P:1 D:1)
[2024.01.09-21.37.37:489][  0]LogWindows:    2. 'AMD Radeon(TM) Graphics' (P:0 D:0)
[2024.01.09-21.37.37:489][  0]LogWindows:    3. 'AMD Radeon(TM) Graphics' (P:0 D:0)
[2024.01.09-21.37.37:489][  0]LogWindows:    4. 'AMD Radeon(TM) Graphics' (P:0 D:0)
[2024.01.09-21.37.37:489][  0]LogWindows:    5. 'AMD Radeon(TM) Graphics' (P:0 D:0)
[2024.01.09-21.37.37:490][  0]LogWindows: DebugString: GetVideoDriverDetailsInvalid PrimaryIsNotTheChoosenAdapter GetVideoDriverDetailsInvalid PrimaryIsNotTheChoosenAdapter GetVideoDriverDetailsInvalid PrimaryIsNotTheChoosenAdapter GetVideoDriverDetailsInvalid PrimaryIsNotTheChoosenAdapter GetVideoDriverDetailsInvalid PrimaryIsNotTheChoosenAdapter GetVideoDriverDetailsInvalid PrimaryIsNotTheChoosenAdapter FoundDriverCount:0 
[2024.01.09-21.37.37:490][  0]LogD3D11RHI:     Adapter Name: AMD Radeon(TM) Graphics
[2024.01.09-21.37.37:490][  0]LogD3D11RHI:   Driver Version: Unknown (internal:Unknown, unified:Unknown)
[2024.01.09-21.37.37:490][  0]LogD3D11RHI:      Driver Date: Unknown
[2024.01.09-21.37.37:490][  0]LogRHI: Texture pool is 347 MB (70% of 495 MB)
[2024.01.09-21.37.37:535][  0]LogD3D11RHI: Async texture creation enabled
[2024.01.09-21.37.37:548][  0]LogD3D11RHI: GPU Timing Frequency: 100.000000 (Debug: 2 1)
[2024.01.09-21.37.37:550][  0]LogShaderCompilers: Guid format shader working directory is -23 characters bigger than the processId version (../../../../../Users/MelchioT/Documents/workUnrealEngine4/MotorUnreal4B/Intermediate/Shaders/WorkingDirectory/12548/).
[2024.01.09-21.37.37:550][  0]LogShaderCompilers: Cleaned the shader compiler working directory 'C:/Users/MelchioT/AppData/Local/Temp/UnrealShaderWorkingDir/7C31E29B4BC63CF7425FFCBA035CE1D3/'.
[2024.01.09-21.37.37:550][  0]LogShaderCompilers:Display: Using Local Shader Compiler.
[2024.01.09-21.37.38:417][  0]LogTemp:Display: Loaded TP MacTargetPlatform
[2024.01.09-21.37.38:471][  0]LogTemp:Display: Loaded TP MacNoEditorTargetPlatform
[2024.01.09-21.37.38:525][  0]LogTemp:Display: Loaded TP MacServerTargetPlatform
[2024.01.09-21.37.38:578][  0]LogTemp:Display: Loaded TP MacClientTargetPlatform
[2024.01.09-21.37.38:623][  0]LogTemp:Display: Loaded TP WindowsTargetPlatform
[2024.01.09-21.37.38:677][  0]LogTemp:Display: Loaded TP WindowsNoEditorTargetPlatform
[2024.01.09-21.37.38:730][  0]LogTemp:Display: Loaded TP WindowsServerTargetPlatform
[2024.01.09-21.37.38:783][  0]LogTemp:Display: Loaded TP WindowsClientTargetPlatform
[2024.01.09-21.37.38:827][  0]LogTemp:Display: Loaded TP AllDesktopTargetPlatform
[2024.01.09-21.37.38:887][  0]LogTemp:Display: Loaded TP AndroidTargetPlatform
[2024.01.09-21.37.38:940][  0]LogTemp:Display: Loaded TP Android_PVRTCTargetPlatform
[2024.01.09-21.37.38:998][  0]LogTemp:Display: Loaded TP Android_ATCTargetPlatform
[2024.01.09-21.37.39:057][  0]LogTemp:Display: Loaded TP Android_DXTTargetPlatform
[2024.01.09-21.37.39:114][  0]LogTemp:Display: Loaded TP Android_ETC1TargetPlatform
[2024.01.09-21.37.39:171][  0]LogTemp:Display: Loaded TP Android_ETC2TargetPlatform
[2024.01.09-21.37.39:228][  0]LogTemp:Display: Loaded TP Android_ASTCTargetPlatform
[2024.01.09-21.37.39:282][  0]LogTemp:Display: Loaded TP Android_MultiTargetPlatform
[2024.01.09-21.37.39:323][  0]LogTemp:Display: Loaded TP HTML5TargetPlatform
[2024.01.09-21.37.39:425][  0]LogTemp:Display: Loaded TP IOSTargetPlatform
[2024.01.09-21.37.39:459][  0]LogTemp:Display: Loaded TP TVOSTargetPlatform
[2024.01.09-21.37.39:459][  0]LogTargetPlatformManager:Display: Building Assets For Windows
[2024.01.09-21.37.39:932][  0]LogDerivedDataCache:Display: Max Cache Size: 512 MB
[2024.01.09-21.37.39:977][  0]LogDerivedDataCache: Loaded boot cache 0.05s 50MB ../../../../../Users/MelchioT/Documents/workUnrealEngine4/MotorUnreal4B/DerivedDataCache/Boot.ddc.
[2024.01.09-21.37.39:977][  0]LogDerivedDataCache:Display: Loaded Boot cache: ../../../../../Users/MelchioT/Documents/workUnrealEngine4/MotorUnreal4B/DerivedDataCache/Boot.ddc
[2024.01.09-21.37.39:977][  0]LogDerivedDataCache: FDerivedDataBackendGraph:  Pak pak cache file ../../../../../Users/MelchioT/Documents/workUnrealEngine4/MotorUnreal4B/DerivedDataCache/DDC.ddp not found, will not use a pak cache.
[2024.01.09-21.37.39:977][  0]LogDerivedDataCache: Unable to find inner node Pak for hierarchical cache Hierarchy.
[2024.01.09-21.37.39:977][  0]LogDerivedDataCache: FDerivedDataBackendGraph:  EnginePak pak cache file ../../../Engine/DerivedDataCache/DDC.ddp not found, will not use a pak cache.
[2024.01.09-21.37.39:977][  0]LogDerivedDataCache: Unable to find inner node EnginePak for hierarchical cache Hierarchy.
[2024.01.09-21.37.39:990][  0]LogDerivedDataCache: Using Local data cache path ../../../Engine/DerivedDataCache: Writable
[2024.01.09-21.37.39:990][  0]LogDerivedDataCache: Shared data cache path not found in *engine.ini, will not use an Shared cache.
[2024.01.09-21.37.39:990][  0]LogDerivedDataCache: Unable to find inner node Shared for hierarchical cache Hierarchy.
[2024.01.09-21.37.39:999][  0]LogSlate: Using Freetype 2.6.0
[2024.01.09-21.37.40:000][  0]LogSlate: SlateFontCache - WITH_FREETYPE: 1, WITH_HARFBUZZ: 1
[2024.01.09-21.37.40:000][  0]LogSlate: SlateFontCache - WITH_FREETYPE: 1, WITH_HARFBUZZ: 1
[2024.01.09-21.37.40:225][  0]LogInit: Selected Device Profile: [Windows]
[2024.01.09-21.37.40:228][  0]LogContentStreaming: Texture pool size is 0.00 MB
[2024.01.09-21.37.40:424][  0]LogMeshUtilities: Using QuadricMeshReduction for automatic static mesh reduction
[2024.01.09-21.37.40:434][  0]LogMeshUtilities: No automatic skeletal mesh reduction module available
[2024.01.09-21.37.40:434][  0]LogMeshUtilities: No automatic mesh merging module available
[2024.01.09-21.37.40:434][  0]LogMeshUtilities: No distributed automatic mesh merging module available
[2024.01.09-21.37.41:089][  0]LogNetVersion: GetLocalNetworkVersion: CL: 0, ProjectName: motorunreal4b, ProjectVersion: , EngineNetworkVersion: 2, GameNetworkVersion: 0, NetworkChecksum: 3893362438
[2024.01.09-21.37.41:139][  0]LogAssetRegistry: FAssetRegistry took 0.0224 seconds to start up
[2024.01.09-21.37.41:182][  0]LogPackageLocalizationCache: Processed 3 localized package path(s) for 1 prioritized culture(s) in 0.014658 seconds
[2024.01.09-21.37.41:191][  0]LogUObjectArray: 32434 objects as part of root set at end of initial load.
[2024.01.09-21.37.41:192][  0]LogUObjectAllocator: 7066640 out of 0 bytes used by permanent object pool.
[2024.01.09-21.37.41:192][  0]LogUObjectArray: CloseDisregardForGC: 0/0 objects in disregard for GC pool
[2024.01.09-21.37.41:270][  0]LogInit: WinSock: version 1.1 (2.2), MaxSocks=32767, MaxUdp=65467
[2024.01.09-21.37.42:965][  0]LogTcpMessaging: Initializing TcpMessaging bridge
[2024.01.09-21.37.43:021][  0]LogUdpMessaging: Initializing bridge on interface 0.0.0.0:0 to multicast group 230.0.0.1:6666.
[2024.01.09-21.37.43:534][  0]LogMaterial: Uniform references updated for custom material expression Custom.
[2024.01.09-21.37.43:953][  0]SourceControl: Info Source control is disabled
[2024.01.09-21.37.44:009][  0]SourceControl: Info Source control is disabled
[2024.01.09-21.37.44:066][  0]SourceControl: Info Source control is disabled
[2024.01.09-21.37.44:119][  0]SourceControl: Info Source control is disabled
[2024.01.09-21.37.45:588][  0]LogEngine: Initializing Engine...
[2024.01.09-21.37.45:590][  0]LogHMD: Failed to initialize OpenVR with code 110
[2024.01.09-21.37.45:838][  0]LogAIModule: Creating AISystem for world Untitled
[2024.01.09-21.37.45:856][  0]LogInit: XAudio2 using 'Altavoces (Realtek(R) Audio)' : 2 channels at 48 kHz using 16 bits per sample (channel mask 0x3)
[2024.01.09-21.37.45:883][  0]LogInit: FAudioDevice initialized.
[2024.01.09-21.37.45:921][  0]LogDerivedDataCache: Saved boot cache 0.04s 50MB ../../../../../Users/MelchioT/Documents/workUnrealEngine4/MotorUnreal4B/DerivedDataCache/Boot.ddc.
[2024.01.09-21.37.45:931][  0]LogInit: Texture streaming: Enabled
[2024.01.09-21.37.46:050][  0]LogEngineSessionManager: EngineSessionManager initialized
[2024.01.09-21.37.46:143][  0]LogInit: Transaction tracking system initialized
[2024.01.09-21.37.46:500][  0]BlueprintLog: New page: Editor Load
[2024.01.09-21.37.47:425][  0]LocalizationService: Info Localization service is disabled
[2024.01.09-21.37.48:123][  0]LogConsoleResponse:Display: 
[2024.01.09-21.37.48:243][  0]LogCook:Display: Max memory allowance for cook 16384mb min free memory 0mb
[2024.01.09-21.37.48:243][  0]LogCook:Display: Mobile HDR setting 1
[2024.01.09-21.37.49:335][  0]LogFileCache: Scanning file cache for directory 'C:/Users/MelchioT/Documents/workUnrealEngine4/MotorUnreal4B/Content/' took 0.01s
[2024.01.09-21.37.49:380][  0]SourceControl: Info Source control is disabled
[2024.01.09-21.37.49:380][  0]Cmd: MAP LOAD FILE="../../../Engine/Content/Maps/Templates/Template_Default.umap" TEMPLATE=1 SHOWPROGRESS=1 FEATURELEVEL=3
[2024.01.09-21.37.49:380][  0]LightingResults: New page: Lighting Build
[2024.01.09-21.37.49:421][  0]MapCheck: New page: Map Check
[2024.01.09-21.37.49:421][  0]LightingResults: New page: Lighting Build
[2024.01.09-21.37.49:596][  0]LogAIModule: Creating AISystem for world Untitled_1
[2024.01.09-21.37.49:597][  0]LogActorComponent: RegisterComponentWithWorld: (/Temp/Untitled_1.Untitled_1:PersistentLevel.WorldSettings_1.StaticMeshComponent0) Trying to register component with IsPendingKill() == true. Aborting.
[2024.01.09-21.37.49:602][  0]LogEditorServer: Finished looking for orphan Actors (0.000 secs)
[2024.01.09-21.37.49:609][  0]Cmd: MAP CHECKDEP NOCLEARLOG
[2024.01.09-21.37.49:640][  0]MapCheck: Info Map check complete: 0 Error(s), 0 Warning(s), took 31.27ms to complete.
[2024.01.09-21.37.49:640][  0]LogFileHelpers: Loading map 'Template_Default' took 0.260
[2024.01.09-21.37.49:854][  0]LogCollectionManager: Loaded 0 collections in 0.001632 seconds
[2024.01.09-21.37.49:944][  0]LogFileCache: Scanning file cache for directory 'C:/Users/MelchioT/Documents/workUnrealEngine4/MotorUnreal4B/Saved/Collections/' took 0.01s
[2024.01.09-21.37.49:944][  0]LogFileCache: Scanning file cache for directory 'C:/Users/MelchioT/Documents/workUnrealEngine4/MotorUnreal4B/Content/Developers/MelchioT/Collections/' took 0.01s
[2024.01.09-21.37.49:944][  0]LogFileCache: Scanning file cache for directory 'C:/Users/MelchioT/Documents/workUnrealEngine4/MotorUnreal4B/Content/Collections/' took 0.01s
[2024.01.09-21.37.49:944][  0]LogCollectionManager: Rebuilt the GUID cache for 0 collections in 0.000002 seconds
[2024.01.09-21.37.49:953][  0]LogContentBrowser: Native class hierarchy populated in 0.0090 seconds. Added 2243 classes and 448 folders.
[2024.01.09-21.37.49:956][  0]LogStats: UGameplayTagsManager::ConstructGameplayTagTree: Construct from data asset -  0.000 s
[2024.01.09-21.37.49:956][  0]LogStats: UGameplayTagsManager::ConstructGameplayTagTree: GameplayTagTreeChangedEvent.Broadcast -  0.000 s
[2024.01.09-21.37.50:029][  0]LogContentBrowser: Native class hierarchy updated for 'WidgetCarousel' in 0.0008 seconds. Added 0 classes and 0 folders.
[2024.01.09-21.37.50:059][  0]LogContentBrowser: Native class hierarchy updated for 'AddContentDialog' in 0.0006 seconds. Added 0 classes and 0 folders.
[2024.01.09-21.37.50:108][  0]LogContentBrowser: Native class hierarchy updated for 'SceneOutliner' in 0.0011 seconds. Added 1 classes and 2 folders.
[2024.01.09-21.37.50:208][  0]LogCrashTracker: Crashtracker disabled due to settings.
[2024.01.09-21.37.50:218][  0]LogUObjectGlobals:Warning: Failed to find object 'Class None.'
[2024.01.09-21.37.50:287][  0]LogContentBrowser: Native class hierarchy updated for 'HierarchicalLODOutliner' in 0.0006 seconds. Added 1 classes and 2 folders.
[2024.01.09-21.37.50:288][  0]LogLoad: (Engine Initialization) Total time: 15.26 seconds
[2024.01.09-21.37.50:288][  0]LogLoad: (Engine Initialization) Total Blueprint compile time: 0.09 seconds
[2024.01.09-21.37.50:288][  0]LogExternalProfiler: No external profilers were discovered.  External profiling features will not be available.
[2024.01.09-21.37.50:306][  0]LogOcInput: OculusInput pre-init called
[2024.01.09-21.37.50:325][  0]LogContentStreaming: Texture pool size now 1000 MB
[2024.01.09-21.37.50:326][  0]LogSlate: Took 0.000238 seconds to synchronously load lazily loaded font '../../../Engine/Content/Slate/Fonts/Roboto-Regular.ttf' (155K)
[2024.01.09-21.37.50:329][  0]LogSlate: Took 0.000309 seconds to synchronously load lazily loaded font '../../../Engine/Content/Slate/Fonts/Roboto-Bold.ttf' (160K)
[2024.01.09-21.37.50:334][  0]LogSlate: Took 0.000324 seconds to synchronously load lazily loaded font '../../../Engine/Content/Editor/Slate/Fonts/FontAwesome.ttf' (139K)
[2024.01.09-21.37.50:444][  0]LogRenderer: Reallocating scene render targets to support 1152x576 NumSamples 1 (Frame:2).
[2024.01.09-21.37.50:664][  1]LogAssetRegistry: Asset discovery search completed in 9.5470 seconds
[2024.01.09-21.37.50:664][  1]LogCollectionManager: Rebuilt the object cache for 0 collections in 0.000001 seconds (found 0 objects)
[2024.01.09-21.37.50:664][  1]LogCollectionManager: Fixed up redirectors for 0 collections in 0.000016 seconds (updated 0 objects)
[2024.01.09-21.37.56:319][317]LogSlate: Took 0.000236 seconds to synchronously load lazily loaded font '../../../Engine/Content/Slate/Fonts/Roboto-Light.ttf' (159K)
[2024.01.09-21.37.56:391][317]Cmd: OBJ SAVEPACKAGE PACKAGE="/Game/Audio/Wav/Jet" FILE="../../../../../Users/MelchioT/Documents/workUnrealEngine4/MotorUnreal4B/Content/Audio/Wav/Jet.uasset" SILENT=true
[2024.01.09-21.37.56:401][317]LogSavePackage: Save=7.80ms
[2024.01.09-21.37.56:401][317]LogSavePackage: Moving '../../../../../Users/MelchioT/Documents/workUnrealEngine4/MotorUnreal4B/Saved/Jet6CF9CC6D495A5F7F8A798EA561F5B426.tmp' to '../../../../../Users/MelchioT/Documents/workUnrealEngine4/MotorUnreal4B/Content/Audio/Wav/Jet.uasset'
[2024.01.09-21.37.56:403][317]LogSavePackage:Display: Finished SavePackage ../../../../../Users/MelchioT/Documents/workUnrealEngine4/MotorUnreal4B/Content/Audio/Wav/Jet.uasset
[2024.01.09-21.38.03:971][716]LogContentBrowser: Native class hierarchy updated for 'BlueprintGraph' in 0.0009 seconds. Added 112 classes and 0 folders.
[2024.01.09-21.38.04:535][716]LogSlate: Took 0.000205 seconds to synchronously load lazily loaded font '../../../Engine/Content/Slate/Fonts/Roboto-Regular.ttf' (155K)
[2024.01.09-21.38.04:626][716]LogSlate: Took 0.000316 seconds to synchronously load lazily loaded font '../../../Engine/Content/Editor/Slate/Fonts/Roboto-BoldCondensed.ttf' (158K)
[2024.01.09-21.38.04:712][717]LogSlate: Took 0.000598 seconds to synchronously load lazily loaded font '../../../Engine/Content/Editor/Slate/Fonts/Roboto-Italic.ttf' (157K)
[2024.01.09-21.38.13:846][234]LogAIModule: Creating AISystem for world Nivel
[2024.01.09-21.38.13:882][234]Cmd: MAP LOAD FILE="../../../../../Users/MelchioT/Documents/workUnrealEngine4/MotorUnreal4B/Content/Ejercicios/Ejercicio23/Nivel.umap" TEMPLATE=0 SHOWPROGRESS=1 FEATURELEVEL=3
[2024.01.09-21.38.13:882][234]LightingResults: New page: Lighting Build
[2024.01.09-21.38.13:884][234]LoadErrors: New page: Loading map: Nivel.umap
[2024.01.09-21.38.13:884][234]MapCheck: New page: Map Check
[2024.01.09-21.38.13:884][234]LightingResults: New page: Lighting Build
[2024.01.09-21.38.13:975][234]LogEditorServer: Finished looking for orphan Actors (0.000 secs)
[2024.01.09-21.38.14:000][234]Cmd: MAP CHECKDEP NOCLEARLOG
[2024.01.09-21.38.14:037][234]MapCheck: Info Map check complete: 0 Error(s), 0 Warning(s), took 37.035ms to complete.
[2024.01.09-21.38.14:037][234]LogFileHelpers: Loading map 'Nivel' took 0.156
[2024.01.09-21.38.14:935][263]LogTemp: Repeting last play command: Selected Viewport
[2024.01.09-21.38.14:951][263]LogPlayLevel: PlayLevel: No blueprints needed recompiling
[2024.01.09-21.38.14:952][263]PIE: New page: PIE session: Nivel (Jan 9, 2024, 3:38:14 PM)
[2024.01.09-21.38.14:952][263]LogPlayLevel: Creating play world package: /Game/Ejercicios/Ejercicio23/UEDPIE_0_Nivel
[2024.01.09-21.38.14:957][263]LogPlayLevel: PIE: StaticDuplicateObject took: (0.005250s)
[2024.01.09-21.38.14:958][263]LogAIModule: Creating AISystem for world Nivel
[2024.01.09-21.38.14:959][263]LogPlayLevel: PIE: World Init took: (0.001553s)
[2024.01.09-21.38.14:959][263]LogPlayLevel: PIE: Created PIE world by copying editor world from /Game/Ejercicios/Ejercicio23/Nivel.Nivel to /Game/Ejercicios/Ejercicio23/UEDPIE_0_Nivel.Nivel (0.007208s)
[2024.01.09-21.38.14:984][263]LogInit: XAudio2 using 'Altavoces (Realtek(R) Audio)' : 2 channels at 48 kHz using 16 bits per sample (channel mask 0x3)
[2024.01.09-21.38.15:004][263]LogInit: FAudioDevice initialized.
[2024.01.09-21.38.15:056][263]LogLoad: Game class is 'GameModeBase'
[2024.01.09-21.38.15:060][263]LogWorld: Bringing World /Game/Ejercicios/Ejercicio23/UEDPIE_0_Nivel.Nivel up for play (max tick rate 60) at 2024.01.09-18.38.15
[2024.01.09-21.38.15:060][263]LogWorld: Bringing up level for play took: 0.001926
[2024.01.09-21.38.15:111][263]LogContentBrowser: Native class hierarchy updated for 'MovieSceneCapture' in 0.0007 seconds. Added 11 classes and 0 folders.
[2024.01.09-21.38.15:113][263]PIE: Info Play in editor start time for /Game/Ejercicios/Ejercicio23/UEDPIE_0_Nivel 0.828
[2024.01.09-21.38.15:340][273]LogBlueprintUserMessages: [Avion_492] Terminaste de disparar
[2024.01.09-21.38.16:040][315]LogBlueprintUserMessages: [Avion_492] Terminaste de disparar
[2024.01.09-21.38.25:306][871]LogBlueprintUserMessages: [Avion_492] Terminaste de disparar
[2024.01.09-21.38.25:723][896]LogBlueprintUserMessages: [Avion_492] Terminaste de disparar
[2024.01.09-21.38.26:222][926]LogBlueprintUserMessages: [Avion_492] Terminaste de disparar
[2024.01.09-21.38.26:773][959]LogBlueprintUserMessages: [Avion_492] Terminaste de disparar
[2024.01.09-21.38.27:157][982]LogBlueprintUserMessages: [Avion_492] Terminaste de disparar
[2024.01.09-21.38.28:373][ 55]LogBlueprintUserMessages: [Avion_492] Terminaste de disparar
[2024.01.09-21.38.28:756][ 78]LogBlueprintUserMessages: [Avion_492] Terminaste de disparar
[2024.01.09-21.38.29:173][103]LogBlueprintUserMessages: [Avion_492] Terminaste de disparar
[2024.01.09-21.39.26:635][441]Cmd: OBJ SAVEPACKAGE PACKAGE="/Game/Modelos/Auto2/Auto2-B" FILE="../../../../../Users/MelchioT/Documents/workUnrealEngine4/MotorUnreal4B/Content/Modelos/Auto2/Auto2-B.uasset" SILENT=true
[2024.01.09-21.39.26:664][441]LogSavePackage: Save=26.95ms
[2024.01.09-21.39.26:664][441]LogSavePackage: Moving '../../../../../Users/MelchioT/Documents/workUnrealEngine4/MotorUnreal4B/Saved/Auto2-B70EC893843542CBC2CAD4C80B0AABBB0.tmp' to '../../../../../Users/MelchioT/Documents/workUnrealEngine4/MotorUnreal4B/Content/Modelos/Auto2/Auto2-B.uasset'
[2024.01.09-21.39.26:666][441]LogSavePackage:Display: Finished SavePackage ../../../../../Users/MelchioT/Documents/workUnrealEngine4/MotorUnreal4B/Content/Modelos/Auto2/Auto2-B.uasset
[2024.01.09-21.39.26:876][441]Cmd: OBJ SAVEPACKAGE PACKAGE="/Game/Ejercicios/Ejercicio18/Textura" FILE="../../../../../Users/MelchioT/Documents/workUnrealEngine4/MotorUnreal4B/Content/Ejercicios/Ejercicio18/Textura.uasset" SILENT=true
[2024.01.09-21.39.26:917][441]LogSavePackage: Save=12.08ms
[2024.01.09-21.39.26:917][441]LogSavePackage: Moving '../../../../../Users/MelchioT/Documents/workUnrealEngine4/MotorUnreal4B/Saved/Textura311D6B0D4F937384E9975CB07ECE9159.tmp' to '../../../../../Users/MelchioT/Documents/workUnrealEngine4/MotorUnreal4B/Content/Ejercicios/Ejercicio18/Textura.uasset'
[2024.01.09-21.39.26:919][441]LogSavePackage:Display: Finished SavePackage ../../../../../Users/MelchioT/Documents/workUnrealEngine4/MotorUnreal4B/Content/Ejercicios/Ejercicio18/Textura.uasset
[2024.01.09-21.39.26:951][441]Cmd: OBJ SAVEPACKAGE PACKAGE="/Game/Ejercicios/Ejercicio19/Textura" FILE="../../../../../Users/MelchioT/Documents/workUnrealEngine4/MotorUnreal4B/Content/Ejercicios/Ejercicio19/Textura.uasset" SILENT=true
[2024.01.09-21.39.26:990][441]LogSavePackage: Save=12.84ms
[2024.01.09-21.39.26:990][441]LogSavePackage: Moving '../../../../../Users/MelchioT/Documents/workUnrealEngine4/MotorUnreal4B/Saved/Textura62AA6B304D7D9D1541F5229EFE7A8E86.tmp' to '../../../../../Users/MelchioT/Documents/workUnrealEngine4/MotorUnreal4B/Content/Ejercicios/Ejercicio19/Textura.uasset'
[2024.01.09-21.39.26:991][441]LogSavePackage:Display: Finished SavePackage ../../../../../Users/MelchioT/Documents/workUnrealEngine4/MotorUnreal4B/Content/Ejercicios/Ejercicio19/Textura.uasset
[2024.01.09-21.39.44:197][462]Cmd: OBJ SAVEPACKAGE PACKAGE="/Game/Modelos/Nave1/Nave1-B" FILE="../../../../../Users/MelchioT/Documents/workUnrealEngine4/MotorUnreal4B/Content/Modelos/Nave1/Nave1-B.uasset" SILENT=true
[2024.01.09-21.39.44:220][462]LogSavePackage: Save=21.16ms
[2024.01.09-21.39.44:220][462]LogSavePackage: Moving '../../../../../Users/MelchioT/Documents/workUnrealEngine4/MotorUnreal4B/Saved/Nave1-B6A1F55B741E8EE1D7D7BF1BD4468F202.tmp' to '../../../../../Users/MelchioT/Documents/workUnrealEngine4/MotorUnreal4B/Content/Modelos/Nave1/Nave1-B.uasset'
[2024.01.09-21.39.44:222][462]LogSavePackage:Display: Finished SavePackage ../../../../../Users/MelchioT/Documents/workUnrealEngine4/MotorUnreal4B/Content/Modelos/Nave1/Nave1-B.uasset
[2024.01.09-21.39.44:446][462]LogSavePackage: Save=11.54ms
[2024.01.09-21.39.44:446][462]LogSavePackage: Moving '../../../../../Users/MelchioT/Documents/workUnrealEngine4/MotorUnreal4B/Saved/MaterialEnemigoA79E025F43C2B137A67FA487356C15DD.tmp' to '../../../../../Users/MelchioT/Documents/workUnrealEngine4/MotorUnreal4B/Content/Ejercicios/Ejercicio20/MaterialEnemigo.uasset'
[2024.01.09-21.39.44:447][462]LogSavePackage:Display: Finished SavePackage ../../../../../Users/MelchioT/Documents/workUnrealEngine4/MotorUnreal4B/Content/Ejercicios/Ejercicio20/MaterialEnemigo.uasset
[2024.01.09-21.39.44:518][462]LogSavePackage: Save=11.80ms
[2024.01.09-21.39.44:518][462]LogSavePackage: Moving '../../../../../Users/MelchioT/Documents/workUnrealEngine4/MotorUnreal4B/Saved/MaterialEnemigo_DD62913354DC87BFF9306E5B1729CFB73.tmp' to '../../../../../Users/MelchioT/Documents/workUnrealEngine4/MotorUnreal4B/Content/Ejercicios/Ejercicio24/MaterialEnemigo_D.uasset'
[2024.01.09-21.39.44:520][462]LogSavePackage:Display: Finished SavePackage ../../../../../Users/MelchioT/Documents/workUnrealEngine4/MotorUnreal4B/Content/Ejercicios/Ejercicio24/MaterialEnemigo_D.uasset
[2024.01.09-21.39.58:565][294]Cmd: OBJ SAVEPACKAGE PACKAGE="/Game/Modelos/Nave2/Nave2-S" FILE="../../../../../Users/MelchioT/Documents/workUnrealEngine4/MotorUnreal4B/Content/Modelos/Nave2/Nave2-S.uasset" SILENT=true
[2024.01.09-21.39.58:597][294]LogSavePackage: Save=31.31ms
[2024.01.09-21.39.58:597][294]LogSavePackage: Moving '../../../../../Users/MelchioT/Documents/workUnrealEngine4/MotorUnreal4B/Saved/Nave2-S62E3A59948FA3B4FB980FFB3730BD35B.tmp' to '../../../../../Users/MelchioT/Documents/workUnrealEngine4/MotorUnreal4B/Content/Modelos/Nave2/Nave2-S.uasset'
[2024.01.09-21.39.58:599][294]LogSavePackage:Display: Finished SavePackage ../../../../../Users/MelchioT/Documents/workUnrealEngine4/MotorUnreal4B/Content/Modelos/Nave2/Nave2-S.uasset
[2024.01.09-21.39.58:799][294]LogSavePackage: Save=11.34ms
[2024.01.09-21.39.58:799][294]LogSavePackage: Moving '../../../../../Users/MelchioT/Documents/workUnrealEngine4/MotorUnreal4B/Saved/MaterialJugador8E6C14A64A400D06464E7185FE60F6D8.tmp' to '../../../../../Users/MelchioT/Documents/workUnrealEngine4/MotorUnreal4B/Content/Ejercicios/Ejercicio20/MaterialJugador.uasset'
[2024.01.09-21.39.58:800][294]LogSavePackage:Display: Finished SavePackage ../../../../../Users/MelchioT/Documents/workUnrealEngine4/MotorUnreal4B/Content/Ejercicios/Ejercicio20/MaterialJugador.uasset
[2024.01.09-21.39.58:862][294]LogSavePackage: Save=11.86ms
[2024.01.09-21.39.58:862][294]LogSavePackage: Moving '../../../../../Users/MelchioT/Documents/workUnrealEngine4/MotorUnreal4B/Saved/MaterialJugador_DFE7FA94349A64FD353F591B2C14B339C.tmp' to '../../../../../Users/MelchioT/Documents/workUnrealEngine4/MotorUnreal4B/Content/Ejercicios/Ejercicio24/MaterialJugador_D.uasset'
[2024.01.09-21.39.58:863][294]LogSavePackage:Display: Finished SavePackage ../../../../../Users/MelchioT/Documents/workUnrealEngine4/MotorUnreal4B/Content/Ejercicios/Ejercicio24/MaterialJugador_D.uasset
[2024.01.09-21.40.06:457][735]Cmd: OBJ SAVEPACKAGE PACKAGE="/Game/Modelos/Nave2/Nave2-N" FILE="../../../../../Users/MelchioT/Documents/workUnrealEngine4/MotorUnreal4B/Content/Modelos/Nave2/Nave2-N.uasset" SILENT=true
[2024.01.09-21.40.06:489][735]LogSavePackage: Save=29.93ms
[2024.01.09-21.40.06:489][735]LogSavePackage: Moving '../../../../../Users/MelchioT/Documents/workUnrealEngine4/MotorUnreal4B/Saved/Nave2-N48AC2CFF49FC85E1EA6AC9BC31A43272.tmp' to '../../../../../Users/MelchioT/Documents/workUnrealEngine4/MotorUnreal4B/Content/Modelos/Nave2/Nave2-N.uasset'
[2024.01.09-21.40.06:491][735]LogSavePackage:Display: Finished SavePackage ../../../../../Users/MelchioT/Documents/workUnrealEngine4/MotorUnreal4B/Content/Modelos/Nave2/Nave2-N.uasset
[2024.01.09-21.40.06:686][735]LogSavePackage: Save=3.91ms
[2024.01.09-21.40.06:686][735]LogSavePackage: Moving '../../../../../Users/MelchioT/Documents/workUnrealEngine4/MotorUnreal4B/Saved/MaterialJugador9900212743061474B143D8BF6C2E0312.tmp' to '../../../../../Users/MelchioT/Documents/workUnrealEngine4/MotorUnreal4B/Content/Ejercicios/Ejercicio20/MaterialJugador.uasset'
[2024.01.09-21.40.06:687][735]LogSavePackage:Display: Finished SavePackage ../../../../../Users/MelchioT/Documents/workUnrealEngine4/MotorUnreal4B/Content/Ejercicios/Ejercicio20/MaterialJugador.uasset
[2024.01.09-21.40.06:720][735]LogSavePackage: Save=3.56ms
[2024.01.09-21.40.06:720][735]LogSavePackage: Moving '../../../../../Users/MelchioT/Documents/workUnrealEngine4/MotorUnreal4B/Saved/MaterialJugador_D8911C0AE48AEC9F75E736191905545D6.tmp' to '../../../../../Users/MelchioT/Documents/workUnrealEngine4/MotorUnreal4B/Content/Ejercicios/Ejercicio24/MaterialJugador_D.uasset'
[2024.01.09-21.40.06:721][735]LogSavePackage:Display: Finished SavePackage ../../../../../Users/MelchioT/Documents/workUnrealEngine4/MotorUnreal4B/Content/Ejercicios/Ejercicio24/MaterialJugador_D.uasset
[2024.01.09-21.40.12:537][ 68]Cmd: OBJ SAVEPACKAGE PACKAGE="/Game/Modelos/Nave2/Nave2-B" FILE="../../../../../Users/MelchioT/Documents/workUnrealEngine4/MotorUnreal4B/Content/Modelos/Nave2/Nave2-B.uasset" SILENT=true
[2024.01.09-21.40.12:578][ 68]LogSavePackage: Save=39.51ms
[2024.01.09-21.40.12:578][ 68]LogSavePackage: Moving '../../../../../Users/MelchioT/Documents/workUnrealEngine4/MotorUnreal4B/Saved/Nave2-B3B6BC40545BD1A7529581DB99F762DE8.tmp' to '../../../../../Users/MelchioT/Documents/workUnrealEngine4/MotorUnreal4B/Content/Modelos/Nave2/Nave2-B.uasset'
[2024.01.09-21.40.12:580][ 68]LogSavePackage:Display: Finished SavePackage ../../../../../Users/MelchioT/Documents/workUnrealEngine4/MotorUnreal4B/Content/Modelos/Nave2/Nave2-B.uasset
[2024.01.09-21.40.12:747][ 68]LogSavePackage: Save=3.44ms
[2024.01.09-21.40.12:747][ 68]LogSavePackage: Moving '../../../../../Users/MelchioT/Documents/workUnrealEngine4/MotorUnreal4B/Saved/MaterialJugadorB15DDB1B4CCE916498AD8CA14275A1CC.tmp' to '../../../../../Users/MelchioT/Documents/workUnrealEngine4/MotorUnreal4B/Content/Ejercicios/Ejercicio20/MaterialJugador.uasset'
[2024.01.09-21.40.12:748][ 68]LogSavePackage:Display: Finished SavePackage ../../../../../Users/MelchioT/Documents/workUnrealEngine4/MotorUnreal4B/Content/Ejercicios/Ejercicio20/MaterialJugador.uasset
[2024.01.09-21.40.12:780][ 68]LogSavePackage: Save=3.69ms
[2024.01.09-21.40.12:780][ 68]LogSavePackage: Moving '../../../../../Users/MelchioT/Documents/workUnrealEngine4/MotorUnreal4B/Saved/MaterialJugador_DE9FA4C2B4D0C60C855AB9FB548585832.tmp' to '../../../../../Users/MelchioT/Documents/workUnrealEngine4/MotorUnreal4B/Content/Ejercicios/Ejercicio24/MaterialJugador_D.uasset'
[2024.01.09-21.40.12:781][ 68]LogSavePackage:Display: Finished SavePackage ../../../../../Users/MelchioT/Documents/workUnrealEngine4/MotorUnreal4B/Content/Ejercicios/Ejercicio24/MaterialJugador_D.uasset
[2024.01.09-21.40.15:364][222]LogEditorViewport: Clicking on Actor (LMB): BP_Sky_Sphere_C (Sky Sphere)
[2024.01.09-21.40.15:730][235]LogSavePackage: Save=33.08ms
[2024.01.09-21.40.15:730][235]LogSavePackage: Moving '../../../../../Users/MelchioT/Documents/workUnrealEngine4/MotorUnreal4B/Saved/Nivel83B7587D461D4A37FBEBA0B3A7EE728F.tmp' to '../../../../../Users/MelchioT/Documents/workUnrealEngine4/MotorUnreal4B/Content/Ejercicios/Ejercicio23/Nivel.umap'
[2024.01.09-21.40.15:731][235]LogSavePackage:Display: Finished SavePackage ../../../../../Users/MelchioT/Documents/workUnrealEngine4/MotorUnreal4B/Content/Ejercicios/Ejercicio23/Nivel.umap
[2024.01.09-21.40.35:902][309]LogAIModule: Creating AISystem for world Nivel
[2024.01.09-21.40.35:930][309]Cmd: MAP LOAD FILE="../../../../../Users/MelchioT/Documents/workUnrealEngine4/MotorUnreal4B/Content/Ejercicios/Ejercicio19/Nivel.umap" TEMPLATE=0 SHOWPROGRESS=1 FEATURELEVEL=3
[2024.01.09-21.40.35:930][309]LightingResults: New page: Lighting Build
[2024.01.09-21.40.35:931][309]LoadErrors: New page: Loading map: Nivel.umap
[2024.01.09-21.40.35:932][309]MapCheck: New page: Map Check
[2024.01.09-21.40.35:933][309]LightingResults: New page: Lighting Build
[2024.01.09-21.40.36:017][309]LogEditorServer: Finished looking for orphan Actors (0.000 secs)
[2024.01.09-21.40.36:042][309]Cmd: MAP CHECKDEP NOCLEARLOG
[2024.01.09-21.40.36:084][309]MapCheck: Info Map check complete: 0 Error(s), 0 Warning(s), took 41.772ms to complete.
[2024.01.09-21.40.36:084][309]LogFileHelpers: Loading map 'Nivel' took 0.157
[2024.01.09-21.40.37:261][358]LogEditorViewport: Clicking on Actor (LMB): StaticMeshActor (Floor)
[2024.01.09-21.40.38:041][400]LogTemp: Repeting last play command: Selected Viewport
[2024.01.09-21.40.38:054][400]LogPlayLevel: PlayLevel: No blueprints needed recompiling
[2024.01.09-21.40.38:054][400]PIE: New page: PIE session: Nivel (Jan 9, 2024, 3:40:38 PM)
[2024.01.09-21.40.38:054][400]LogPlayLevel: Creating play world package: /Game/Ejercicios/Ejercicio19/UEDPIE_0_Nivel
[2024.01.09-21.40.38:056][400]LogPlayLevel: PIE: StaticDuplicateObject took: (0.002065s)
[2024.01.09-21.40.38:057][400]LogAIModule: Creating AISystem for world Nivel
[2024.01.09-21.40.38:057][400]LogPlayLevel: PIE: World Init took: (0.001195s)
[2024.01.09-21.40.38:058][400]LogPlayLevel: PIE: Created PIE world by copying editor world from /Game/Ejercicios/Ejercicio19/Nivel.Nivel to /Game/Ejercicios/Ejercicio19/UEDPIE_0_Nivel.Nivel (0.003563s)
[2024.01.09-21.40.38:084][400]LogInit: XAudio2 using 'Altavoces (Realtek(R) Audio)' : 2 channels at 48 kHz using 16 bits per sample (channel mask 0x3)
[2024.01.09-21.40.38:106][400]LogInit: FAudioDevice initialized.
[2024.01.09-21.40.38:136][400]LogLoad: Game class is 'GameModeBase'
[2024.01.09-21.40.38:139][400]LogWorld: Bringing World /Game/Ejercicios/Ejercicio19/UEDPIE_0_Nivel.Nivel up for play (max tick rate 60) at 2024.01.09-18.40.38
[2024.01.09-21.40.38:139][400]LogWorld: Bringing up level for play took: 0.001190
[2024.01.09-21.40.38:141][400]PIE: Info Play in editor start time for /Game/Ejercicios/Ejercicio19/UEDPIE_0_Nivel -0.144
[2024.01.09-21.41.43:920][255]LogMetaData: Removing '/Game/Audios/Cue/MusicCue.MusicCue:SoundCueGraph_0.SoundCueGraphNode_Root_0' ref from Metadata '/Game/Audio/Cue/musicCue.PackageMetaData'
[2024.01.09-21.41.43:953][255]Cmd: OBJ SAVEPACKAGE PACKAGE="/Game/Audios/Wav/Jet" FILE="../../../../../Users/MelchioT/Documents/workUnrealEngine4/MotorUnreal4B/Content/Audios/Wav/Jet.uasset" SILENT=true
[2024.01.09-21.41.43:963][255]LogSavePackage: Save=8.29ms
[2024.01.09-21.41.43:963][255]LogSavePackage: Moving '../../../../../Users/MelchioT/Documents/workUnrealEngine4/MotorUnreal4B/Saved/JetA854915D4A3BBBFFB8C64E960E49E1FF.tmp' to '../../../../../Users/MelchioT/Documents/workUnrealEngine4/MotorUnreal4B/Content/Audios/Wav/Jet.uasset'
[2024.01.09-21.41.43:965][255]LogSavePackage:Display: Finished SavePackage ../../../../../Users/MelchioT/Documents/workUnrealEngine4/MotorUnreal4B/Content/Audios/Wav/Jet.uasset
[2024.01.09-21.41.43:975][255]Cmd: OBJ SAVEPACKAGE PACKAGE="/Game/Audios/Wav/Explosion" FILE="../../../../../Users/MelchioT/Documents/workUnrealEngine4/MotorUnreal4B/Content/Audios/Wav/Explosion.uasset" SILENT=true
[2024.01.09-21.41.43:981][255]LogSavePackage: Save=4.30ms
[2024.01.09-21.41.43:981][255]LogSavePackage: Moving '../../../../../Users/MelchioT/Documents/workUnrealEngine4/MotorUnreal4B/Saved/ExplosionBAEE0EBA462DAD9D3C2B138C38D8AD38.tmp' to '../../../../../Users/MelchioT/Documents/workUnrealEngine4/MotorUnreal4B/Content/Audios/Wav/Explosion.uasset'
[2024.01.09-21.41.43:983][255]LogSavePackage:Display: Finished SavePackage ../../../../../Users/MelchioT/Documents/workUnrealEngine4/MotorUnreal4B/Content/Audios/Wav/Explosion.uasset
[2024.01.09-21.41.43:990][255]Cmd: OBJ SAVEPACKAGE PACKAGE="/Game/Audios/Wav/Laser" FILE="../../../../../Users/MelchioT/Documents/workUnrealEngine4/MotorUnreal4B/Content/Audios/Wav/Laser.uasset" SILENT=true
[2024.01.09-21.41.43:996][255]LogSavePackage: Save=3.80ms
[2024.01.09-21.41.43:996][255]LogSavePackage: Moving '../../../../../Users/MelchioT/Documents/workUnrealEngine4/MotorUnreal4B/Saved/LaserAFB3A21F41AFADC15F8CF99036A10AF6.tmp' to '../../../../../Users/MelchioT/Documents/workUnrealEngine4/MotorUnreal4B/Content/Audios/Wav/Laser.uasset'
[2024.01.09-21.41.43:998][255]LogSavePackage:Display: Finished SavePackage ../../../../../Users/MelchioT/Documents/workUnrealEngine4/MotorUnreal4B/Content/Audios/Wav/Laser.uasset
[2024.01.09-21.41.44:031][255]Cmd: OBJ SAVEPACKAGE PACKAGE="/Game/Audios/Wav/Music" FILE="../../../../../Users/MelchioT/Documents/workUnrealEngine4/MotorUnreal4B/Content/Audios/Wav/Music.uasset" SILENT=true
[2024.01.09-21.41.44:050][255]LogSavePackage: Save=17.16ms
[2024.01.09-21.41.44:050][255]LogSavePackage: Moving '../../../../../Users/MelchioT/Documents/workUnrealEngine4/MotorUnreal4B/Saved/Music819C5095440AB7428F96B286457E3FD1.tmp' to '../../../../../Users/MelchioT/Documents/workUnrealEngine4/MotorUnreal4B/Content/Audios/Wav/Music.uasset'
[2024.01.09-21.41.44:052][255]LogSavePackage:Display: Finished SavePackage ../../../../../Users/MelchioT/Documents/workUnrealEngine4/MotorUnreal4B/Content/Audios/Wav/Music.uasset
[2024.01.09-21.41.44:056][255]Cmd: OBJ SAVEPACKAGE PACKAGE="/Game/Audios/Cue/MusicCue" FILE="../../../../../Users/MelchioT/Documents/workUnrealEngine4/MotorUnreal4B/Content/Audios/Cue/MusicCue.uasset" SILENT=true
[2024.01.09-21.41.44:061][255]LogSavePackage: Save=3.24ms
[2024.01.09-21.41.44:061][255]LogSavePackage: Moving '../../../../../Users/MelchioT/Documents/workUnrealEngine4/MotorUnreal4B/Saved/MusicCueF0A3B8014649B1C75672ECBED1182460.tmp' to '../../../../../Users/MelchioT/Documents/workUnrealEngine4/MotorUnreal4B/Content/Audios/Cue/MusicCue.uasset'
[2024.01.09-21.41.44:063][255]LogSavePackage:Display: Finished SavePackage ../../../../../Users/MelchioT/Documents/workUnrealEngine4/MotorUnreal4B/Content/Audios/Cue/MusicCue.uasset
[2024.01.09-21.41.44:510][255]Cmd: OBJ SAVEPACKAGE PACKAGE="/Game/Ejercicios/Ejercicio22/Avion" FILE="../../../../../Users/MelchioT/Documents/workUnrealEngine4/MotorUnreal4B/Content/Ejercicios/Ejercicio22/Avion.uasset" SILENT=true
[2024.01.09-21.41.44:560][255]LogSavePackage: Save=25.39ms
[2024.01.09-21.41.44:560][255]LogSavePackage: Moving '../../../../../Users/MelchioT/Documents/workUnrealEngine4/MotorUnreal4B/Saved/Avion402C43884EA0E4D823453E90462EA50D.tmp' to '../../../../../Users/MelchioT/Documents/workUnrealEngine4/MotorUnreal4B/Content/Ejercicios/Ejercicio22/Avion.uasset'
[2024.01.09-21.41.44:562][255]LogSavePackage:Display: Finished SavePackage ../../../../../Users/MelchioT/Documents/workUnrealEngine4/MotorUnreal4B/Content/Ejercicios/Ejercicio22/Avion.uasset
[2024.01.09-21.41.44:588][255]Cmd: OBJ SAVEPACKAGE PACKAGE="/Game/Ejercicios/Ejercicio23/Avion" FILE="../../../../../Users/MelchioT/Documents/workUnrealEngine4/MotorUnreal4B/Content/Ejercicios/Ejercicio23/Avion.uasset" SILENT=true
[2024.01.09-21.41.44:644][255]LogSavePackage: Save=31.06ms
[2024.01.09-21.41.44:644][255]LogSavePackage: Moving '../../../../../Users/MelchioT/Documents/workUnrealEngine4/MotorUnreal4B/Saved/Avion393BB61E4DBC12FE075F2AA494DFC566.tmp' to '../../../../../Users/MelchioT/Documents/workUnrealEngine4/MotorUnreal4B/Content/Ejercicios/Ejercicio23/Avion.uasset'
[2024.01.09-21.41.44:646][255]LogSavePackage:Display: Finished SavePackage ../../../../../Users/MelchioT/Documents/workUnrealEngine4/MotorUnreal4B/Content/Ejercicios/Ejercicio23/Avion.uasset
[2024.01.09-21.41.44:750][255]LogSavePackage: Save=32.08ms
[2024.01.09-21.41.44:750][255]LogSavePackage: Moving '../../../../../Users/MelchioT/Documents/workUnrealEngine4/MotorUnreal4B/Saved/Enemigo_DEF829EAA408864B4C74E2BB1A2051727.tmp' to '../../../../../Users/MelchioT/Documents/workUnrealEngine4/MotorUnreal4B/Content/Ejercicios/Ejercicio24/Enemigo_D.uasset'
[2024.01.09-21.41.44:750][255]LogSavePackage:Display: Finished SavePackage ../../../../../Users/MelchioT/Documents/workUnrealEngine4/MotorUnreal4B/Content/Ejercicios/Ejercicio24/Enemigo_D.uasset
[2024.01.09-21.41.44:757][255]Cmd: OBJ SAVEPACKAGE PACKAGE="/Game/Ejercicios/Ejercicio22/Avion" FILE="../../../../../Users/MelchioT/Documents/workUnrealEngine4/MotorUnreal4B/Content/Ejercicios/Ejercicio22/Avion.uasset" SILENT=true
[2024.01.09-21.41.44:795][255]LogSavePackage: Save=16.60ms
[2024.01.09-21.41.44:795][255]LogSavePackage: Moving '../../../../../Users/MelchioT/Documents/workUnrealEngine4/MotorUnreal4B/Saved/Avion4BA9F1F140CA8C7CECA4B1B75DFED818.tmp' to '../../../../../Users/MelchioT/Documents/workUnrealEngine4/MotorUnreal4B/Content/Ejercicios/Ejercicio22/Avion.uasset'
[2024.01.09-21.41.44:796][255]LogSavePackage:Display: Finished SavePackage ../../../../../Users/MelchioT/Documents/workUnrealEngine4/MotorUnreal4B/Content/Ejercicios/Ejercicio22/Avion.uasset
[2024.01.09-21.41.44:801][255]Cmd: OBJ SAVEPACKAGE PACKAGE="/Game/Ejercicios/Ejercicio23/Avion" FILE="../../../../../Users/MelchioT/Documents/workUnrealEngine4/MotorUnreal4B/Content/Ejercicios/Ejercicio23/Avion.uasset" SILENT=true
[2024.01.09-21.41.44:855][255]LogSavePackage: Save=29.44ms
[2024.01.09-21.41.44:855][255]LogSavePackage: Moving '../../../../../Users/MelchioT/Documents/workUnrealEngine4/MotorUnreal4B/Saved/AvionC17FC56D42611EE3221CD88E16157E7B.tmp' to '../../../../../Users/MelchioT/Documents/workUnrealEngine4/MotorUnreal4B/Content/Ejercicios/Ejercicio23/Avion.uasset'
[2024.01.09-21.41.44:857][255]LogSavePackage:Display: Finished SavePackage ../../../../../Users/MelchioT/Documents/workUnrealEngine4/MotorUnreal4B/Content/Ejercicios/Ejercicio23/Avion.uasset
[2024.01.09-21.41.44:950][255]LogSavePackage: Save=22.14ms
[2024.01.09-21.41.44:950][255]LogSavePackage: Moving '../../../../../Users/MelchioT/Documents/workUnrealEngine4/MotorUnreal4B/Saved/BalaEnemigo_DB3AECB8C4DD51C6EE49016A25E0FE77A.tmp' to '../../../../../Users/MelchioT/Documents/workUnrealEngine4/MotorUnreal4B/Content/Ejercicios/Ejercicio24/BalaEnemigo_D.uasset'
[2024.01.09-21.41.44:951][255]LogSavePackage:Display: Finished SavePackage ../../../../../Users/MelchioT/Documents/workUnrealEngine4/MotorUnreal4B/Content/Ejercicios/Ejercicio24/BalaEnemigo_D.uasset
[2024.01.09-21.41.45:044][255]LogSavePackage: Save=23.51ms
[2024.01.09-21.41.45:044][255]LogSavePackage: Moving '../../../../../Users/MelchioT/Documents/workUnrealEngine4/MotorUnreal4B/Saved/BalaJugador_DF47D536A46BD87162E3B0A848580A971.tmp' to '../../../../../Users/MelchioT/Documents/workUnrealEngine4/MotorUnreal4B/Content/Ejercicios/Ejercicio24/BalaJugador_D.uasset'
[2024.01.09-21.41.45:046][255]LogSavePackage:Display: Finished SavePackage ../../../../../Users/MelchioT/Documents/workUnrealEngine4/MotorUnreal4B/Content/Ejercicios/Ejercicio24/BalaJugador_D.uasset
[2024.01.09-21.41.45:090][255]LogSavePackage: Save=14.87ms
[2024.01.09-21.41.45:090][255]LogSavePackage: Moving '../../../../../Users/MelchioT/Documents/workUnrealEngine4/MotorUnreal4B/Saved/ModoJuego_DF259E225426EB4E5B65EEDB4386E20FF.tmp' to '../../../../../Users/MelchioT/Documents/workUnrealEngine4/MotorUnreal4B/Content/Ejercicios/Ejercicio24/ModoJuego_D.uasset'
[2024.01.09-21.41.45:091][255]LogSavePackage:Display: Finished SavePackage ../../../../../Users/MelchioT/Documents/workUnrealEngine4/MotorUnreal4B/Content/Ejercicios/Ejercicio24/ModoJuego_D.uasset
[2024.01.09-21.42.27:386][771]LogAIModule: Creating AISystem for world 01-Objetos
[2024.01.09-21.42.27:610][771]LogSavePackage: Save=34.91ms
[2024.01.09-21.42.27:610][771]LogSavePackage: Moving '../../../../../Users/MelchioT/Documents/workUnrealEngine4/MotorUnreal4B/Saved/01-Objetos8CD749B34D8525C773CC59B0C92674BF.tmp' to '../../../../../Users/MelchioT/Documents/workUnrealEngine4/MotorUnreal4B/Content/Manipulaciones/01-Objetos.umap'
[2024.01.09-21.42.27:612][771]LogSavePackage:Display: Finished SavePackage ../../../../../Users/MelchioT/Documents/workUnrealEngine4/MotorUnreal4B/Content/Manipulaciones/01-Objetos.umap
[2024.01.09-21.42.27:618][771]LogFileHelpers: Saving map '01-Objetos' took 0.117
[2024.01.09-21.43.09:770][760]LogSavePackage: Save=42.15ms
[2024.01.09-21.43.09:770][760]LogSavePackage: Moving '../../../../../Users/MelchioT/Documents/workUnrealEngine4/MotorUnreal4B/Saved/01-ObjetosF85FC7244F6B35CEF52B41A71CE7B108.tmp' to '../../../../../Users/MelchioT/Documents/workUnrealEngine4/MotorUnreal4B/Content/Manipulaciones/01-Objetos.umap'
[2024.01.09-21.43.09:772][760]LogSavePackage:Display: Finished SavePackage ../../../../../Users/MelchioT/Documents/workUnrealEngine4/MotorUnreal4B/Content/Manipulaciones/01-Objetos.umap
[2024.01.09-21.43.09:778][760]LogFileHelpers: Saving map '01-Objetos' took 0.169
[2024.01.09-21.43.10:142][761]Cmd: QUIT_EDITOR
[2024.01.09-21.43.11:130][761]LogWindowsTextInputMethodSystem:Display: IME system now deactivated.
[2024.01.09-21.43.11:160][761]LogExit: Preparing to exit.
[2024.01.09-21.43.12:327][761]LogDirectoryWatcher: A directory notification for 'C:/Users/MelchioT/Documents/workUnrealEngine4/MotorUnreal4B/Content/' was aborted.
[2024.01.09-21.43.12:357][761]LogExit: Editor shut down
[2024.01.09-21.43.12:358][761]LogExit: Transaction tracking system shut down
[2024.01.09-21.43.12:461][761]LogObj: Freed 0b from 0 cluster array pools.
[2024.01.09-21.43.12:461][761]LogExit: Object subsystem successfully closed.
[2024.01.09-21.43.12:481][761]LogD3D11RHI: Shutdown
[2024.01.09-21.43.12:481][761]LogD3D11RHI: CleanupD3DDevice
[2024.01.09-21.43.12:651][761]LogD3D11RHI: ~FD3D11DynamicRHI
[2024.01.09-21.43.12:663][761]LogModuleManager: Shutting down and abandoning module MovieSceneCapture (486)
[2024.01.09-21.43.12:663][761]LogModuleManager: Shutting down and abandoning module BlueprintGraph (484)
[2024.01.09-21.43.12:663][761]LogModuleManager: Shutting down and abandoning module BlueprintProfiler (482)
[2024.01.09-21.43.12:663][761]LogModuleManager: Shutting down and abandoning module HierarchicalLODOutliner (480)
[2024.01.09-21.43.12:663][761]LogModuleManager: Shutting down and abandoning module CrashTracker (478)
[2024.01.09-21.43.12:663][761]LogModuleManager: Shutting down and abandoning module SceneOutliner (476)
[2024.01.09-21.43.12:663][761]LogModuleManager: Shutting down and abandoning module AddContentDialog (474)
[2024.01.09-21.43.12:664][761]LogDirectoryWatcher: A directory notification for 'C:/Program Files/Unreal Engine 4 (4.15.0)/FeaturePacks/' was aborted.
[2024.01.09-21.43.12:664][761]LogModuleManager: Shutting down and abandoning module WidgetCarousel (473)
[2024.01.09-21.43.12:664][761]LogModuleManager: Shutting down and abandoning module EditorWidgets (470)
[2024.01.09-21.43.12:664][761]LogModuleManager: Shutting down and abandoning module CollectionManager (468)
[2024.01.09-21.43.12:665][761]LogDirectoryWatcher: A directory notification for 'C:/Users/MelchioT/Documents/workUnrealEngine4/MotorUnreal4B/Content/Collections/' was aborted.
[2024.01.09-21.43.12:665][761]LogDirectoryWatcher: A directory notification for 'C:/Users/MelchioT/Documents/workUnrealEngine4/MotorUnreal4B/Content/Developers/MelchioT/Collections/' was aborted.
[2024.01.09-21.43.12:665][761]LogDirectoryWatcher: A directory notification for 'C:/Users/MelchioT/Documents/workUnrealEngine4/MotorUnreal4B/Saved/Collections/' was aborted.
[2024.01.09-21.43.12:665][761]LogModuleManager: Shutting down and abandoning module StatsViewer (466)
[2024.01.09-21.43.12:665][761]LogModuleManager: Shutting down and abandoning module FoliageEdit (464)
[2024.01.09-21.43.12:665][761]LogModuleManager: Shutting down and abandoning module LandscapeEditor (462)
[2024.01.09-21.43.12:665][761]LogModuleManager: Shutting down and abandoning module SceneDepthPickerMode (460)
[2024.01.09-21.43.12:665][761]LogModuleManager: Shutting down and abandoning module ActorPickerMode (458)
[2024.01.09-21.43.12:665][761]LogModuleManager: Shutting down and abandoning module GeometryMode (456)
[2024.01.09-21.43.12:665][761]LogModuleManager: Shutting down and abandoning module TextureAlignMode (454)
[2024.01.09-21.43.12:665][761]LogModuleManager: Shutting down and abandoning module BspMode (452)
[2024.01.09-21.43.12:665][761]LogModuleManager: Shutting down and abandoning module HardwareSurvey (450)
[2024.01.09-21.43.12:665][761]LogModuleManager: Shutting down and abandoning module SequenceRecorderSections (448)
[2024.01.09-21.43.12:665][761]LogModuleManager: Shutting down and abandoning module AutomationWorker (446)
[2024.01.09-21.43.12:665][761]LogModuleManager: Shutting down and abandoning module MatineeToLevelSequence (444)
[2024.01.09-21.43.12:665][761]LogModuleManager: Shutting down and abandoning module LevelSequenceEditor (442)
[2024.01.09-21.43.12:665][761]LogModuleManager: Shutting down and abandoning module PlacementMode (441)
[2024.01.09-21.43.12:665][761]LogModuleManager: Shutting down and abandoning module WmfMediaFactory (438)
[2024.01.09-21.43.12:665][761]LogModuleManager: Shutting down and abandoning module WmfMediaEditor (436)
[2024.01.09-21.43.12:665][761]LogModuleManager: Shutting down and abandoning module MfMediaFactory (434)
[2024.01.09-21.43.12:665][761]LogModuleManager: Shutting down and abandoning module MfMediaEditor (432)
[2024.01.09-21.43.12:665][761]LogModuleManager: Shutting down and abandoning module AvfMediaFactory (430)
[2024.01.09-21.43.12:665][761]LogModuleManager: Shutting down and abandoning module AvfMediaEditor (428)
[2024.01.09-21.43.12:665][761]LogModuleManager: Shutting down and abandoning module AndroidMediaFactory (426)
[2024.01.09-21.43.12:665][761]LogModuleManager: Shutting down and abandoning module Media (425)
[2024.01.09-21.43.12:665][761]LogModuleManager: Shutting down and abandoning module AndroidMediaEditor (422)
[2024.01.09-21.43.12:665][761]LogModuleManager: Shutting down and abandoning module CharacterAI (420)
[2024.01.09-21.43.12:665][761]LogModuleManager: Shutting down and abandoning module AudioCapture (418)
[2024.01.09-21.43.12:665][761]LogModuleManager: Shutting down and abandoning module SequenceRecorder (417)
[2024.01.09-21.43.12:665][761]LogModuleManager: Shutting down and abandoning module SmartSnapping (414)
[2024.01.09-21.43.12:665][761]LogModuleManager: Shutting down and abandoning module SessionServices (412)
[2024.01.09-21.43.12:665][761]LogModuleManager: Shutting down and abandoning module ViewportSnapping (410)
[2024.01.09-21.43.12:665][761]LogModuleManager: Shutting down and abandoning module ViewportInteraction (408)
[2024.01.09-21.43.12:665][761]LogModuleManager: Shutting down and abandoning module LogVisualizer (406)
[2024.01.09-21.43.12:665][761]LogModuleManager: Shutting down and abandoning module IntroTutorials (404)
[2024.01.09-21.43.12:665][761]LogModuleManager: Shutting down and abandoning module GameProjectGeneration (403)
[2024.01.09-21.43.12:665][761]LogModuleManager: Shutting down and abandoning module EditorLiveStreaming (400)
[2024.01.09-21.43.12:665][761]LogModuleManager: Shutting down and abandoning module IOSPlatformEditor (398)
[2024.01.09-21.43.12:665][761]LogModuleManager: Shutting down and abandoning module HTML5PlatformEditor (396)
[2024.01.09-21.43.12:665][761]LogModuleManager: Shutting down and abandoning module AndroidPlatformEditor (394)
[2024.01.09-21.43.12:665][761]LogModuleManager: Shutting down and abandoning module AndroidDeviceDetection (393)
[2024.01.09-21.43.13:004][761]LogModuleManager: Shutting down and abandoning module IOSRuntimeSettings (390)
[2024.01.09-21.43.13:004][761]LogModuleManager: Shutting down and abandoning module AndroidRuntimeSettings (388)
[2024.01.09-21.43.13:004][761]LogModuleManager: Shutting down and abandoning module InputBindingEditor (386)
[2024.01.09-21.43.13:004][761]LogModuleManager: Shutting down and abandoning module NiagaraEditor (384)
[2024.01.09-21.43.13:004][761]LogModuleManager: Shutting down and abandoning module MergeActors (382)
[2024.01.09-21.43.13:004][761]LogModuleManager: Shutting down and abandoning module SizeMap (380)
[2024.01.09-21.43.13:004][761]LogModuleManager: Shutting down and abandoning module TreeMap (378)
[2024.01.09-21.43.13:004][761]LogModuleManager: Shutting down and abandoning module ReferenceViewer (376)
[2024.01.09-21.43.13:004][761]LogModuleManager: Shutting down and abandoning module LocalizationDashboard (374)
[2024.01.09-21.43.13:004][761]LogModuleManager: Shutting down and abandoning module LocalizationService (373)
[2024.01.09-21.43.13:004][761]LogModuleManager: Shutting down and abandoning module HardwareTargeting (370)
[2024.01.09-21.43.13:004][761]LogModuleManager: Shutting down and abandoning module DeviceProfileEditor (368)
[2024.01.09-21.43.13:004][761]LogModuleManager: Shutting down and abandoning module UndoHistory (366)
[2024.01.09-21.43.13:004][761]LogModuleManager: Shutting down and abandoning module UserFeedback (364)
[2024.01.09-21.43.13:004][761]LogModuleManager: Shutting down and abandoning module XmlParser (362)
[2024.01.09-21.43.13:004][761]LogModuleManager: Shutting down and abandoning module Blutility (360)
[2024.01.09-21.43.13:004][761]LogModuleManager: Shutting down and abandoning module ProjectSettingsViewer (358)
[2024.01.09-21.43.13:004][761]LogModuleManager: Shutting down and abandoning module ProjectTargetPlatformEditor (357)
[2024.01.09-21.43.13:005][761]LogModuleManager: Shutting down and abandoning module EditorSettingsViewer (354)
[2024.01.09-21.43.13:005][761]LogModuleManager: Shutting down and abandoning module SettingsEditor (352)
[2024.01.09-21.43.13:005][761]LogModuleManager: Shutting down and abandoning module ProjectLauncher (350)
[2024.01.09-21.43.13:005][761]LogModuleManager: Shutting down and abandoning module SessionFrontend (348)
[2024.01.09-21.43.13:005][761]LogModuleManager: Shutting down and abandoning module ProfilerClient (346)
[2024.01.09-21.43.13:005][761]LogModuleManager: Shutting down and abandoning module DeviceManager (344)
[2024.01.09-21.43.13:005][761]LogModuleManager: Shutting down and abandoning module TargetDeviceServices (343)
[2024.01.09-21.43.13:047][761]LogModuleManager: Shutting down and abandoning module AutomationController (340)
[2024.01.09-21.43.13:047][761]LogModuleManager: Shutting down and abandoning module AutomationWindow (338)
[2024.01.09-21.43.13:047][761]LogModuleManager: Shutting down and abandoning module Layers (336)
[2024.01.09-21.43.13:047][761]LogModuleManager: Shutting down and abandoning module ComponentVisualizers (334)
[2024.01.09-21.43.13:047][761]LogModuleManager: Shutting down and abandoning module DetailCustomizations (332)
[2024.01.09-21.43.13:047][761]LogModuleManager: Shutting down and abandoning module PackagesDialog (330)
[2024.01.09-21.43.13:047][761]LogModuleManager: Shutting down and abandoning module Persona (328)
[2024.01.09-21.43.13:047][761]LogModuleManager: Shutting down and abandoning module AnimGraph (327)
[2024.01.09-21.43.13:047][761]LogModuleManager: Shutting down and abandoning module Kismet (324)
[2024.01.09-21.43.13:054][761]LogModuleManager: Shutting down and abandoning module GraphEditor (322)
[2024.01.09-21.43.13:054][761]LogModuleManager: Shutting down and abandoning module ClassViewer (320)
[2024.01.09-21.43.13:054][761]LogModuleManager: Shutting down and abandoning module Toolbox (318)
[2024.01.09-21.43.13:054][761]LogModuleManager: Shutting down and abandoning module ModuleUI (316)
[2024.01.09-21.43.13:054][761]LogModuleManager: Shutting down and abandoning module MovieSceneTools (314)
[2024.01.09-21.43.13:054][761]LogModuleManager: Shutting down and abandoning module OutputLog (312)
[2024.01.09-21.43.13:054][761]LogModuleManager: Shutting down and abandoning module GammaUI (310)
[2024.01.09-21.43.13:054][761]LogModuleManager: Shutting down and abandoning module Documentation (308)
[2024.01.09-21.43.13:054][761]LogModuleManager: Shutting down and abandoning module Niagara (306)
[2024.01.09-21.43.13:054][761]LogModuleManager: Shutting down and abandoning module StreamingPauseRendering (304)
[2024.01.09-21.43.13:054][761]LogModuleManager: Shutting down and abandoning module AnalyticsET (302)
[2024.01.09-21.43.13:054][761]LogModuleManager: Shutting down and abandoning module PortalServices (300)
[2024.01.09-21.43.13:054][761]LogModuleManager: Shutting down and abandoning module PortalRpc (298)
[2024.01.09-21.43.13:054][761]LogModuleManager: Shutting down and abandoning module MessagingRpc (296)
[2024.01.09-21.43.13:054][761]LogModuleManager: Shutting down and abandoning module AIModule (294)
[2024.01.09-21.43.13:054][761]LogModuleManager: Shutting down and abandoning module GameplayDebugger (293)
[2024.01.09-21.43.13:054][761]LogModuleManager: Shutting down and abandoning module AITestSuite (291)
[2024.01.09-21.43.13:054][761]LogModuleManager: Shutting down and abandoning module ProfilerService (288)
[2024.01.09-21.43.13:194][761]LogModuleManager: Shutting down and abandoning module TaskGraph (286)
[2024.01.09-21.43.13:194][761]LogModuleManager: Shutting down and abandoning module SteamVRController (284)
[2024.01.09-21.43.13:194][761]LogModuleManager: Shutting down and abandoning module SteamVR (282)
[2024.01.09-21.43.13:194][761]LogModuleManager: Shutting down and abandoning module ProceduralMeshComponentEditor (280)
[2024.01.09-21.43.13:194][761]LogModuleManager: Shutting down and abandoning module ProceduralMeshComponent (278)
[2024.01.09-21.43.13:194][761]LogModuleManager: Shutting down and abandoning module OculusLibrary (276)
[2024.01.09-21.43.13:194][761]LogModuleManager: Shutting down and abandoning module OculusInput (274)
[2024.01.09-21.43.13:194][761]LogModuleManager: Shutting down and abandoning module MobilePatchingUtils (272)
[2024.01.09-21.43.13:194][761]LogModuleManager: Shutting down and abandoning module CustomMeshComponent (270)
[2024.01.09-21.43.13:194][761]LogModuleManager: Shutting down and abandoning module CableComponent (268)
[2024.01.09-21.43.13:194][761]LogModuleManager: Shutting down and abandoning module ArchVisCharacter (266)
[2024.01.09-21.43.13:194][761]LogModuleManager: Shutting down and abandoning module MediaPlayerEditor (262)
[2024.01.09-21.43.13:194][761]LogModuleManager: Shutting down and abandoning module HTML5Networking (260)
[2024.01.09-21.43.13:194][761]LogModuleManager: Shutting down and abandoning module AlembicImporter (258)
[2024.01.09-21.43.13:194][761]LogModuleManager: Shutting down and abandoning module AlembicLibrary (257)
[2024.01.09-21.43.13:194][761]LogModuleManager: Shutting down and abandoning module GeometryCache (256)
[2024.01.09-21.43.13:194][761]LogModuleManager: Shutting down and abandoning module GeometryCacheEd (255)
[2024.01.09-21.43.13:194][761]LogModuleManager: Shutting down and abandoning module SuperSearchEditor (250)
[2024.01.09-21.43.13:194][761]LogModuleManager: Shutting down and abandoning module SuperSearch (249)
[2024.01.09-21.43.13:194][761]LogModuleManager: Shutting down and abandoning module SpeedTreeImporter (246)
[2024.01.09-21.43.13:194][761]LogModuleManager: Shutting down and abandoning module PluginBrowser (244)
[2024.01.09-21.43.13:194][761]LogModuleManager: Shutting down and abandoning module MobileLauncherProfileWizard (242)
[2024.01.09-21.43.13:194][761]LogModuleManager: Shutting down and abandoning module EpicSurvey (240)
[2024.01.09-21.43.13:194][761]LogModuleManager: Shutting down and abandoning module VisualStudioSourceCodeAccess (238)
[2024.01.09-21.43.13:194][761]LogModuleManager: Shutting down and abandoning module DesktopPlatform (237)
[2024.01.09-21.43.13:194][761]LogModuleManager: Shutting down and abandoning module UObjectPlugin (234)
[2024.01.09-21.43.13:194][761]LogModuleManager: Shutting down and abandoning module SubversionSourceControl (232)
[2024.01.09-21.43.13:194][761]LogModuleManager: Shutting down and abandoning module PerforceSourceControl (230)
[2024.01.09-21.43.13:194][761]LogModuleManager: Shutting down and abandoning module GitSourceControl (228)
[2024.01.09-21.43.13:194][761]LogModuleManager: Shutting down and abandoning module SourceControl (227)
[2024.01.09-21.43.13:195][761]LogModuleManager: Shutting down and abandoning module LightPropagationVolumeEditor (224)
[2024.01.09-21.43.13:195][761]LogModuleManager: Shutting down and abandoning module PaperTiledImporter (222)
[2024.01.09-21.43.13:195][761]LogModuleManager: Shutting down and abandoning module PaperSpriteSheetImporter (220)
[2024.01.09-21.43.13:195][761]LogModuleManager: Shutting down and abandoning module Paper2DEditor (218)
[2024.01.09-21.43.13:195][761]LogModuleManager: Shutting down and abandoning module MeshPaint (217)
[2024.01.09-21.43.13:195][761]LogModuleManager: Shutting down and abandoning module LevelEditor (215)
[2024.01.09-21.43.13:195][761]LogModuleManager: Shutting down and abandoning module PixelInspectorModule (214)
[2024.01.09-21.43.13:195][761]LogModuleManager: Shutting down and abandoning module MainFrame (212)
[2024.01.09-21.43.13:195][761]LogModuleManager: Shutting down and abandoning module HotReload (211)
[2024.01.09-21.43.13:196][761]LogModuleManager: Shutting down and abandoning module ContentBrowser (207)
[2024.01.09-21.43.13:196][761]LogModuleManager: Shutting down and abandoning module PhysXVehiclesEditor (204)
[2024.01.09-21.43.13:196][761]LogModuleManager: Shutting down and abandoning module PhysXVehicles (202)
[2024.01.09-21.43.13:196][761]LogModuleManager: Shutting down and abandoning module LocationServicesBPLibrary (200)
[2024.01.09-21.43.13:196][761]LogModuleManager: Shutting down and abandoning module UdpMessaging (198)
[2024.01.09-21.43.13:297][761]LogModuleManager: Shutting down and abandoning module TcpMessaging (196)
[2024.01.09-21.43.13:398][761]LogModuleManager: Shutting down and abandoning module GameplayTagsEditor (194)
[2024.01.09-21.43.13:398][761]LogModuleManager: Shutting down and abandoning module FacialAnimationEditor (192)
[2024.01.09-21.43.13:398][761]LogModuleManager: Shutting down and abandoning module FacialAnimation (190)
[2024.01.09-21.43.13:398][761]LogModuleManager: Shutting down and abandoning module LightPropagationVolumeRuntime (188)
[2024.01.09-21.43.13:398][761]LogModuleManager: Shutting down and abandoning module Paper2D (186)
[2024.01.09-21.43.13:398][761]LogModuleManager: Shutting down and abandoning module WindowsMoviePlayer (184)
[2024.01.09-21.43.13:398][761]LogModuleManager: Shutting down and abandoning module WmfMedia (182)
[2024.01.09-21.43.13:399][761]LogModuleManager: Shutting down and abandoning module MfMedia (180)
[2024.01.09-21.43.13:399][761]LogModuleManager: Shutting down and abandoning module MediaAssets (178)
[2024.01.09-21.43.13:399][761]LogModuleManager: Shutting down and abandoning module GameLiveStreaming (176)
[2024.01.09-21.43.13:399][761]LogModuleManager: Shutting down and abandoning module VREditor (174)
[2024.01.09-21.43.13:399][761]LogModuleManager: Shutting down and abandoning module GameplayTasksEditor (172)
[2024.01.09-21.43.13:399][761]LogModuleManager: Shutting down and abandoning module BehaviorTreeEditor (170)
[2024.01.09-21.43.13:399][761]LogModuleManager: Shutting down and abandoning module FunctionalTesting (168)
[2024.01.09-21.43.13:399][761]LogModuleManager: Shutting down and abandoning module CollisionAnalyzer (166)
[2024.01.09-21.43.13:399][761]LogModuleManager: Shutting down and abandoning module UMG (164)
[2024.01.09-21.43.13:399][761]LogModuleManager: Shutting down and abandoning module UMGEditor (163)
[2024.01.09-21.43.13:399][761]LogModuleManager: Shutting down and abandoning module Sequencer (162)
[2024.01.09-21.43.13:399][761]LogModuleManager: Shutting down and abandoning module AssetTools (160)
[2024.01.09-21.43.13:399][761]LogModuleManager: Shutting down and abandoning module MessageLog (159)
[2024.01.09-21.43.13:399][761]LogModuleManager: Shutting down and abandoning module WorkspaceMenuStructure (158)
[2024.01.09-21.43.13:400][761]LogModuleManager: Shutting down and abandoning module SlateReflector (152)
[2024.01.09-21.43.13:400][761]LogModuleManager: Shutting down and abandoning module Slate (150)
[2024.01.09-21.43.13:400][761]LogModuleManager: Shutting down and abandoning module EditorStyle (148)
[2024.01.09-21.43.13:402][761]LogModuleManager: Shutting down and abandoning module SourceCodeAccess (146)
[2024.01.09-21.43.13:402][761]LogModuleManager: Shutting down and abandoning module HeadMountedDisplay (144)
[2024.01.09-21.43.13:402][761]LogModuleManager: Shutting down and abandoning module XAudio2 (142)
[2024.01.09-21.43.13:402][761]LogModuleManager: Shutting down and abandoning module Networking (140)
[2024.01.09-21.43.13:402][761]LogModuleManager: Shutting down and abandoning module Core (136)
[2024.01.09-21.43.13:402][761]LogModuleManager: Shutting down and abandoning module AssetRegistry (134)
[2024.01.09-21.43.13:523][761]LogDirectoryWatcher: A directory notification for '../../../Engine/Content/' was aborted.
[2024.01.09-21.43.13:523][761]LogDirectoryWatcher: A directory notification for '../../../../../Users/MelchioT/Documents/workUnrealEngine4/MotorUnreal4B/Content/' was aborted.
[2024.01.09-21.43.13:523][761]LogDirectoryWatcher: A directory notification for '../../../Engine/Plugins/2D/Paper2D/Content/' was aborted.
[2024.01.09-21.43.13:523][761]LogModuleManager: Shutting down and abandoning module DirectoryWatcher (133)
[2024.01.09-21.43.13:523][761]LogModuleManager: Shutting down and abandoning module KismetCompiler (130)
[2024.01.09-21.43.13:523][761]LogModuleManager: Shutting down and abandoning module PhysXFormats (128)
[2024.01.09-21.43.13:523][761]LogModuleManager: Shutting down and abandoning module MeshUtilities (126)
[2024.01.09-21.43.13:524][761]LogModuleManager: Shutting down and abandoning module QuadricMeshReduction (125)
[2024.01.09-21.43.13:524][761]LogModuleManager: Shutting down and abandoning module PropertyEditor (123)
[2024.01.09-21.43.13:524][761]LogModuleManager: Shutting down and abandoning module DerivedDataCache (120)
[2024.01.09-21.43.13:534][761]LogDerivedDataCache: Shutdown
[2024.01.09-21.43.13:534][761]LogModuleManager: Shutting down and abandoning module TargetPlatform (118)
[2024.01.09-21.43.13:534][761]LogModuleManager: Shutting down and abandoning module VulkanShaderFormat (117)
[2024.01.09-21.43.13:534][761]LogModuleManager: Shutting down and abandoning module MetalShaderFormat (115)
[2024.01.09-21.43.13:534][761]LogModuleManager: Shutting down and abandoning module ShaderFormatD3D (113)
[2024.01.09-21.43.13:534][761]LogModuleManager: Shutting down and abandoning module ShaderFormatOpenGL (111)
[2024.01.09-21.43.13:535][761]LogModuleManager: Shutting down and abandoning module TextureFormatUncompressed (109)
[2024.01.09-21.43.13:535][761]LogModuleManager: Shutting down and abandoning module TextureFormatASTC (107)
[2024.01.09-21.43.13:535][761]LogModuleManager: Shutting down and abandoning module ImageWrapper (106)
[2024.01.09-21.43.13:535][761]LogModuleManager: Shutting down and abandoning module TextureFormatPVR (103)
[2024.01.09-21.43.13:535][761]LogModuleManager: Shutting down and abandoning module TextureFormatDXT (101)
[2024.01.09-21.43.13:535][761]LogModuleManager: Shutting down and abandoning module TextureFormatIntelISPCTexComp (99)
[2024.01.09-21.43.13:535][761]LogModuleManager: Shutting down and abandoning module AudioFormatOpus (97)
[2024.01.09-21.43.13:535][761]LogModuleManager: Shutting down and abandoning module AudioFormatOgg (95)
[2024.01.09-21.43.13:535][761]LogModuleManager: Shutting down and abandoning module AudioFormatADPCM (93)
[2024.01.09-21.43.13:535][761]LogModuleManager: Shutting down and abandoning module TVOSTargetPlatform (91)
[2024.01.09-21.43.13:535][761]LogModuleManager: Shutting down and abandoning module Messaging (89)
[2024.01.09-21.43.13:535][761]LogModuleManager: Shutting down and abandoning module IOSTargetPlatform (87)
[2024.01.09-21.43.13:535][761]LogModuleManager: Shutting down and abandoning module HTML5TargetPlatform (85)
[2024.01.09-21.43.13:535][761]LogModuleManager: Shutting down and abandoning module Android_MultiTargetPlatform (83)
[2024.01.09-21.43.13:535][761]LogModuleManager: Shutting down and abandoning module Android_ASTCTargetPlatform (81)
[2024.01.09-21.43.13:535][761]LogModuleManager: Shutting down and abandoning module Android_ETC2TargetPlatform (79)
[2024.01.09-21.43.13:535][761]LogModuleManager: Shutting down and abandoning module Android_ETC1TargetPlatform (77)
[2024.01.09-21.43.13:535][761]LogModuleManager: Shutting down and abandoning module Android_DXTTargetPlatform (75)
[2024.01.09-21.43.13:535][761]LogModuleManager: Shutting down and abandoning module Android_ATCTargetPlatform (73)
[2024.01.09-21.43.13:535][761]LogModuleManager: Shutting down and abandoning module Android_PVRTCTargetPlatform (71)
[2024.01.09-21.43.13:535][761]LogModuleManager: Shutting down and abandoning module AndroidTargetPlatform (69)
[2024.01.09-21.43.13:535][761]LogModuleManager: Shutting down and abandoning module AllDesktopTargetPlatform (67)
[2024.01.09-21.43.13:535][761]LogModuleManager: Shutting down and abandoning module WindowsClientTargetPlatform (65)
[2024.01.09-21.43.13:535][761]LogModuleManager: Shutting down and abandoning module WindowsServerTargetPlatform (63)
[2024.01.09-21.43.13:535][761]LogModuleManager: Shutting down and abandoning module WindowsNoEditorTargetPlatform (61)
[2024.01.09-21.43.13:535][761]LogModuleManager: Shutting down and abandoning module WindowsTargetPlatform (59)
[2024.01.09-21.43.13:535][761]LogModuleManager: Shutting down and abandoning module MacClientTargetPlatform (57)
[2024.01.09-21.43.13:535][761]LogModuleManager: Shutting down and abandoning module MacServerTargetPlatform (55)
[2024.01.09-21.43.13:535][761]LogModuleManager: Shutting down and abandoning module MacNoEditorTargetPlatform (53)
[2024.01.09-21.43.13:535][761]LogModuleManager: Shutting down and abandoning module MacTargetPlatform (51)
[2024.01.09-21.43.13:535][761]LogModuleManager: Shutting down and abandoning module InputCore (48)
[2024.01.09-21.43.13:535][761]LogModuleManager: Shutting down and abandoning module Settings (46)
[2024.01.09-21.43.13:535][761]LogModuleManager: Shutting down and abandoning module OculusRift (44)
[2024.01.09-21.43.13:535][761]LogModuleManager: Shutting down and abandoning module ExampleDeviceProfileSelector (42)
[2024.01.09-21.43.13:535][761]LogModuleManager: Shutting down and abandoning module OnlineBlueprintSupport (40)
[2024.01.09-21.43.13:535][761]LogModuleManager: Shutting down and abandoning module OnlineSubsystem (36)
[2024.01.09-21.43.13:535][761]LogOnline:Display: Unloading online subsystem: NULL
[2024.01.09-21.43.13:535][761]LogModuleManager: Shutting down and abandoning module HTTP (35)
[2024.01.09-21.43.13:535][761]LogHttp:Display: Http module shutting down, but needs to wait on 1 outstanding Http requests:
[2024.01.09-21.43.13:535][761]LogHttp:Display: 	verb=[POST] url=[https://datarouter.ol.epicgames.com/datarouter/api/v1/public/data?SessionID=%7B4765E01B-4097-1CFB-9D94-DDB254AA82E0%7D&AppID=UEEditor.UnrealEngine.Release&AppVersion=4.15.0-0%2B%2B%2BUE4%2BRelease-4.15&UserID=aa7ec4a94460bf88f1f872b01bef9583%7C8cfcda83180144cdb9bb2bc7d773924e%7C775b68d6-d1f3-44da-96ce-dab51d83f808&AppEnvironment=datacollector-source&UploadType=eteventstream] status=Processing
[2024.01.09-21.43.13:566][761]LogModuleManager: Shutting down and abandoning module SSL (34)
[2024.01.09-21.43.13:567][761]LogModuleManager: Shutting down and abandoning module AudioEditor (30)
[2024.01.09-21.43.13:568][761]LogModuleManager: Shutting down and abandoning module TextureCompressor (28)
[2024.01.09-21.43.13:568][761]LogModuleManager: Shutting down and abandoning module ShaderCore (26)
[2024.01.09-21.43.13:568][761]LogModuleManager: Shutting down and abandoning module Landscape (24)
[2024.01.09-21.43.13:568][761]LogModuleManager: Shutting down and abandoning module SlateRHIRenderer (22)
[2024.01.09-21.43.13:569][761]LogModuleManager: Shutting down and abandoning module OpenGLDrv (20)
[2024.01.09-21.43.13:569][761]LogModuleManager: Shutting down and abandoning module D3D11RHI (18)
[2024.01.09-21.43.13:569][761]LogModuleManager: Shutting down and abandoning module AnimGraphRuntime (16)
[2024.01.09-21.43.13:569][761]LogModuleManager: Shutting down and abandoning module Renderer (14)
[2024.01.09-21.43.13:569][761]LogModuleManager: Shutting down and abandoning module Engine (12)
[2024.01.09-21.43.13:569][761]LogModuleManager: Shutting down and abandoning module CoreUObject (10)
[2024.01.09-21.43.13:569][761]LogModuleManager: Shutting down and abandoning module NetworkFile (8)
[2024.01.09-21.43.13:569][761]LogModuleManager: Shutting down and abandoning module StreamingFile (6)
[2024.01.09-21.43.13:569][761]LogModuleManager: Shutting down and abandoning module SandboxFile (4)
[2024.01.09-21.43.13:569][761]LogModuleManager: Shutting down and abandoning module PakFile (2)
[2024.01.09-21.43.13:572][761]LogExit: Exiting.
[2024.01.09-21.43.13:584][761]Log file closed, 01/09/24 18:43:13
