Log file open, 01/04/24 08:02:48
LogInit:Display: Running engine for game: MotorUnreal4B
LogPlatformFile: Not using cached read wrapper
LogInit:Display: RandInit(-1475937446) SRandInit(-1475937445).
LogInit: Using version manifest at CL 0 with build ID '5af06b4c-3232-42c8-80e0-46572b4b0bc8'
LogTaskGraph: Started task graph with 5 named threads and 10 total threads with 1 sets of task threads.
LogStats: Stats thread started at 0.136152
LogInit: Using libcurl 7.47.1
LogInit:  - built for x86_64-pc-win32
LogInit:  - supports SSL with OpenSSL/1.0.2g
LogInit:  - supports HTTP deflate (compression) using libz 1.2.8
LogInit:  - other features:
LogInit:      CURL_VERSION_SSL
LogInit:      CURL_VERSION_LIBZ
LogInit:      CURL_VERSION_IPV6
LogInit:      CURL_VERSION_ASYNCHDNS
LogInit:      CURL_VERSION_LARGEFILE
LogInit:      CURL_VERSION_IDN
LogInit:  CurlRequestOptions (configurable via config and command line):
LogInit:  - bVerifyPeer = false  - Libcurl will NOT verify peer certificate
LogInit:  - bUseHttpProxy = false  - Libcurl will NOT use HTTP proxy
LogInit:  - bDontReuseConnections = false  - Libcurl will reuse connections
LogInit:  - CertBundlePath = nullptr  - Libcurl will use whatever was configured at build time.
LogInit: Build: ++UE4+Release-4.15-CL-0
LogInit: Engine Version: 4.15.0-0+++UE4+Release-4.15
LogInit: Compatible Engine Version: 4.15.0-0+++UE4+Release-4.15
LogInit: Net CL: 0
LogDevObjectVersion: Number of dev versions registered: 14
LogDevObjectVersion:   Dev-Blueprints (B0D832E4-1F89-4F0D-ACCF-7EB736FD4AA2): 8
LogDevObjectVersion:   Dev-Build (E1C64328-A22C-4D53-A36C-8E866417BD8C): 0
LogDevObjectVersion:   Dev-Core (375EC13C-06E4-48FB-B500-84F0262A717E): 2
LogDevObjectVersion:   Dev-Editor (E4B068ED-F494-42E9-A231-DA0B2E46BB41): 14
LogDevObjectVersion:   Dev-Framework (CFFC743F-43B0-4480-9391-14DF171D2073): 22
LogDevObjectVersion:   Dev-Mobile (B02B49B5-BB20-44E9-A304-32B752E40360): 0
LogDevObjectVersion:   Dev-Networking (A4E4105C-59A1-49B5-A7C5-40C4547EDFEE): 0
LogDevObjectVersion:   Dev-Online (39C831C9-5AE6-47DC-9A44-9C173E1C8E7C): 0
LogDevObjectVersion:   Dev-Physics (78F01B33-EBEA-4F98-B9B4-84EACCB95AA2): 0
LogDevObjectVersion:   Dev-Platform (6631380F-2D4D-43E0-8009-CF276956A95A): 0
LogDevObjectVersion:   Dev-Rendering (12F88B9F-8875-4AFC-A67C-D90C383ABD29): 12
LogDevObjectVersion:   Dev-Sequencer (7B5AE74C-D270-4C10-A958-57980B212A5A): 3
LogDevObjectVersion:   Dev-VR (D7296918-1DD6-4BDD-9DE2-64A83CC13884): 0
LogDevObjectVersion:   Dev-LoadTimes (C2A15278-BFE7-4AFE-6C17-90FF531DF755): 1
LogInit: Compiled (64-bit): Apr  2 2023 09:25:01
LogInit: Compiled with Visual C++: 19.00.24210.00
LogInit: Build Configuration: Development
LogInit: Branch Name: ++UE4+Release-4.15
LogInit: Command line: 
LogInit: Base directory: C:/Program Files/Unreal Engine 4 (4.15.0)/Engine/Binaries/Win64/
LogInit: Installed Engine Build: 0
LogInit: Presizing for max 8388607 objects, including 0 objects not considered by GC, pre-allocating 0 bytes for permanent pool.
LogInit: Object subsystem initialized
[2024.01.04-11.02.49:085][  0]LogInit: Selected Device Profile: [Windows]
[2024.01.04-11.02.49:085][  0]LogInit: Applying CVar settings loaded from the selected device profile: [Windows]
[2024.01.04-11.02.49:091][  0]LogInit: Computer: DESKTOP-GOSDJOG
[2024.01.04-11.02.49:091][  0]LogInit: User: MelchioT
[2024.01.04-11.02.49:091][  0]LogInit: CPU Page size=65536, Cores=6
[2024.01.04-11.02.49:091][  0]LogInit: High frequency timer resolution =10.000000 MHz
[2024.01.04-11.02.49:091][  0]LogMemory: Memory total: Physical=31.2GB (32GB approx)
[2024.01.04-11.02.49:091][  0]LogMemory: Platform Memory Stats for Windows
[2024.01.04-11.02.49:091][  0]LogMemory: Process Physical Memory: 263.85 MB used, 263.85 MB peak
[2024.01.04-11.02.49:091][  0]LogMemory: Process Virtual Memory: 268.47 MB used, 268.47 MB peak
[2024.01.04-11.02.49:091][  0]LogMemory: Physical Memory: 8226.14 MB used,  23749.54 MB free, 31975.68 MB total
[2024.01.04-11.02.49:091][  0]LogMemory: Virtual Memory: 4760.25 MB used,  23749.54 MB free, 134217728.00 MB total
[2024.01.04-11.02.49:172][  0]LogInit: Overriding culture en with editor configuration.
[2024.01.04-11.02.49:740][  0]LogD3D11RHI: D3D11 adapters:
[2024.01.04-11.02.49:778][  0]LogD3D11RHI:    0. 'AMD Radeon(TM) Graphics' (Feature Level 11_0)
[2024.01.04-11.02.49:778][  0]LogD3D11RHI:       495/0/15987 MB DedicatedVideo/DedicatedSystem/SharedSystem, Outputs:1, VendorId:0x1002
[2024.01.04-11.02.49:780][  0]LogD3D11RHI:    1. 'Microsoft Basic Render Driver' (Feature Level 11_0)
[2024.01.04-11.02.49:780][  0]LogD3D11RHI:       0/0/15987 MB DedicatedVideo/DedicatedSystem/SharedSystem, Outputs:0, VendorId:0x1414
[2024.01.04-11.02.49:782][  0]LogD3D11RHI:    2. 'Microsoft Basic Render Driver' (Feature Level 11_0)
[2024.01.04-11.02.49:782][  0]LogD3D11RHI:       0/0/15987 MB DedicatedVideo/DedicatedSystem/SharedSystem, Outputs:0, VendorId:0x1414
[2024.01.04-11.02.49:782][  0]LogD3D11RHI: Chosen D3D11 Adapter: 0
[2024.01.04-11.02.49:788][  0]LogD3D11RHI: Creating new Direct3DDevice
[2024.01.04-11.02.49:788][  0]LogD3D11RHI:     GPU DeviceId: 0x1636 (for the marketing name, search the web for "GPU Device Id")
[2024.01.04-11.02.49:788][  0]LogWindows: EnumDisplayDevices:
[2024.01.04-11.02.49:788][  0]LogWindows:    0. 'Microsoft Basic Display Driver' (P:0 D:0)
[2024.01.04-11.02.49:789][  0]LogWindows:    1. 'AMD Radeon(TM) Graphics' (P:1 D:1)
[2024.01.04-11.02.49:789][  0]LogWindows:    2. 'AMD Radeon(TM) Graphics' (P:0 D:0)
[2024.01.04-11.02.49:789][  0]LogWindows:    3. 'AMD Radeon(TM) Graphics' (P:0 D:0)
[2024.01.04-11.02.49:789][  0]LogWindows:    4. 'AMD Radeon(TM) Graphics' (P:0 D:0)
[2024.01.04-11.02.49:789][  0]LogWindows:    5. 'AMD Radeon(TM) Graphics' (P:0 D:0)
[2024.01.04-11.02.49:789][  0]LogWindows: DebugString: GetVideoDriverDetailsInvalid PrimaryIsNotTheChoosenAdapter GetVideoDriverDetailsInvalid PrimaryIsNotTheChoosenAdapter GetVideoDriverDetailsInvalid PrimaryIsNotTheChoosenAdapter GetVideoDriverDetailsInvalid PrimaryIsNotTheChoosenAdapter GetVideoDriverDetailsInvalid PrimaryIsNotTheChoosenAdapter GetVideoDriverDetailsInvalid PrimaryIsNotTheChoosenAdapter FoundDriverCount:0 
[2024.01.04-11.02.49:789][  0]LogD3D11RHI:     Adapter Name: AMD Radeon(TM) Graphics
[2024.01.04-11.02.49:789][  0]LogD3D11RHI:   Driver Version: Unknown (internal:Unknown, unified:Unknown)
[2024.01.04-11.02.49:789][  0]LogD3D11RHI:      Driver Date: Unknown
[2024.01.04-11.02.49:789][  0]LogRHI: Texture pool is 347 MB (70% of 495 MB)
[2024.01.04-11.02.49:830][  0]LogD3D11RHI: Async texture creation enabled
[2024.01.04-11.02.49:842][  0]LogD3D11RHI: GPU Timing Frequency: 100.000000 (Debug: 2 1)
[2024.01.04-11.02.49:844][  0]LogShaderCompilers: Guid format shader working directory is -23 characters bigger than the processId version (../../../../../Users/MelchioT/Documents/workUnrealEngine4/MotorUnreal4B/Intermediate/Shaders/WorkingDirectory/11476/).
[2024.01.04-11.02.49:844][  0]LogShaderCompilers: Cleaned the shader compiler working directory 'C:/Users/MelchioT/AppData/Local/Temp/UnrealShaderWorkingDir/BBCD92BB4360F4A7E1C6F1BC9CC4EFF3/'.
[2024.01.04-11.02.49:844][  0]LogShaderCompilers:Display: Using Local Shader Compiler.
[2024.01.04-11.02.50:706][  0]LogTemp:Display: Loaded TP MacTargetPlatform
[2024.01.04-11.02.50:759][  0]LogTemp:Display: Loaded TP MacNoEditorTargetPlatform
[2024.01.04-11.02.50:808][  0]LogTemp:Display: Loaded TP MacServerTargetPlatform
[2024.01.04-11.02.50:858][  0]LogTemp:Display: Loaded TP MacClientTargetPlatform
[2024.01.04-11.02.50:900][  0]LogTemp:Display: Loaded TP WindowsTargetPlatform
[2024.01.04-11.02.50:949][  0]LogTemp:Display: Loaded TP WindowsNoEditorTargetPlatform
[2024.01.04-11.02.51:010][  0]LogTemp:Display: Loaded TP WindowsServerTargetPlatform
[2024.01.04-11.02.51:066][  0]LogTemp:Display: Loaded TP WindowsClientTargetPlatform
[2024.01.04-11.02.51:110][  0]LogTemp:Display: Loaded TP AllDesktopTargetPlatform
[2024.01.04-11.02.51:165][  0]LogTemp:Display: Loaded TP AndroidTargetPlatform
[2024.01.04-11.02.51:233][  0]LogTemp:Display: Loaded TP Android_PVRTCTargetPlatform
[2024.01.04-11.02.51:296][  0]LogTemp:Display: Loaded TP Android_ATCTargetPlatform
[2024.01.04-11.02.51:363][  0]LogTemp:Display: Loaded TP Android_DXTTargetPlatform
[2024.01.04-11.02.51:413][  0]LogTemp:Display: Loaded TP Android_ETC1TargetPlatform
[2024.01.04-11.02.51:461][  0]LogTemp:Display: Loaded TP Android_ETC2TargetPlatform
[2024.01.04-11.02.51:508][  0]LogTemp:Display: Loaded TP Android_ASTCTargetPlatform
[2024.01.04-11.02.51:557][  0]LogTemp:Display: Loaded TP Android_MultiTargetPlatform
[2024.01.04-11.02.51:594][  0]LogTemp:Display: Loaded TP HTML5TargetPlatform
[2024.01.04-11.02.51:689][  0]LogTemp:Display: Loaded TP IOSTargetPlatform
[2024.01.04-11.02.51:724][  0]LogTemp:Display: Loaded TP TVOSTargetPlatform
[2024.01.04-11.02.51:724][  0]LogTargetPlatformManager:Display: Building Assets For Windows
[2024.01.04-11.02.52:167][  0]LogDerivedDataCache:Display: Max Cache Size: 512 MB
[2024.01.04-11.02.52:208][  0]LogDerivedDataCache: Loaded boot cache 0.04s 50MB ../../../../../Users/MelchioT/Documents/workUnrealEngine4/MotorUnreal4B/DerivedDataCache/Boot.ddc.
[2024.01.04-11.02.52:208][  0]LogDerivedDataCache:Display: Loaded Boot cache: ../../../../../Users/MelchioT/Documents/workUnrealEngine4/MotorUnreal4B/DerivedDataCache/Boot.ddc
[2024.01.04-11.02.52:208][  0]LogDerivedDataCache: FDerivedDataBackendGraph:  Pak pak cache file ../../../../../Users/MelchioT/Documents/workUnrealEngine4/MotorUnreal4B/DerivedDataCache/DDC.ddp not found, will not use a pak cache.
[2024.01.04-11.02.52:208][  0]LogDerivedDataCache: Unable to find inner node Pak for hierarchical cache Hierarchy.
[2024.01.04-11.02.52:208][  0]LogDerivedDataCache: FDerivedDataBackendGraph:  EnginePak pak cache file ../../../Engine/DerivedDataCache/DDC.ddp not found, will not use a pak cache.
[2024.01.04-11.02.52:208][  0]LogDerivedDataCache: Unable to find inner node EnginePak for hierarchical cache Hierarchy.
[2024.01.04-11.02.52:220][  0]LogDerivedDataCache: Using Local data cache path ../../../Engine/DerivedDataCache: Writable
[2024.01.04-11.02.52:220][  0]LogDerivedDataCache: Shared data cache path not found in *engine.ini, will not use an Shared cache.
[2024.01.04-11.02.52:220][  0]LogDerivedDataCache: Unable to find inner node Shared for hierarchical cache Hierarchy.
[2024.01.04-11.02.52:228][  0]LogSlate: Using Freetype 2.6.0
[2024.01.04-11.02.52:228][  0]LogSlate: SlateFontCache - WITH_FREETYPE: 1, WITH_HARFBUZZ: 1
[2024.01.04-11.02.52:228][  0]LogSlate: SlateFontCache - WITH_FREETYPE: 1, WITH_HARFBUZZ: 1
[2024.01.04-11.02.52:436][  0]LogInit: Selected Device Profile: [Windows]
[2024.01.04-11.02.52:438][  0]LogContentStreaming: Texture pool size is 0.00 MB
[2024.01.04-11.02.52:617][  0]LogMeshUtilities: Using QuadricMeshReduction for automatic static mesh reduction
[2024.01.04-11.02.52:626][  0]LogMeshUtilities: No automatic skeletal mesh reduction module available
[2024.01.04-11.02.52:626][  0]LogMeshUtilities: No automatic mesh merging module available
[2024.01.04-11.02.52:626][  0]LogMeshUtilities: No distributed automatic mesh merging module available
[2024.01.04-11.02.53:197][  0]LogNetVersion: GetLocalNetworkVersion: CL: 0, ProjectName: motorunreal4b, ProjectVersion: , EngineNetworkVersion: 2, GameNetworkVersion: 0, NetworkChecksum: 3893362438
[2024.01.04-11.02.53:243][  0]LogAssetRegistry: FAssetRegistry took 0.0218 seconds to start up
[2024.01.04-11.02.53:278][  0]LogPackageLocalizationCache: Processed 3 localized package path(s) for 1 prioritized culture(s) in 0.010541 seconds
[2024.01.04-11.02.53:284][  0]LogUObjectArray: 32434 objects as part of root set at end of initial load.
[2024.01.04-11.02.53:284][  0]LogUObjectAllocator: 7066632 out of 0 bytes used by permanent object pool.
[2024.01.04-11.02.53:284][  0]LogUObjectArray: CloseDisregardForGC: 0/0 objects in disregard for GC pool
[2024.01.04-11.02.53:352][  0]LogInit: WinSock: version 1.1 (2.2), MaxSocks=32767, MaxUdp=65467
[2024.01.04-11.02.54:871][  0]LogTcpMessaging: Initializing TcpMessaging bridge
[2024.01.04-11.02.54:917][  0]LogUdpMessaging: Initializing bridge on interface 0.0.0.0:0 to multicast group 230.0.0.1:6666.
[2024.01.04-11.02.55:355][  0]LogMaterial: Uniform references updated for custom material expression Custom.
[2024.01.04-11.02.55:707][  0]SourceControl: Info Source control is disabled
[2024.01.04-11.02.55:750][  0]SourceControl: Info Source control is disabled
[2024.01.04-11.02.55:797][  0]SourceControl: Info Source control is disabled
[2024.01.04-11.02.55:844][  0]SourceControl: Info Source control is disabled
[2024.01.04-11.02.57:089][  0]LogEngine: Initializing Engine...
[2024.01.04-11.02.57:090][  0]LogHMD: Failed to initialize OpenVR with code 110
[2024.01.04-11.02.57:289][  0]LogAIModule: Creating AISystem for world Untitled
[2024.01.04-11.02.57:304][  0]LogInit: XAudio2 using 'Altavoces (Realtek(R) Audio)' : 2 channels at 48 kHz using 16 bits per sample (channel mask 0x3)
[2024.01.04-11.02.57:949][  0]LogInit: FAudioDevice initialized.
[2024.01.04-11.02.57:974][  0]LogDerivedDataCache: Saved boot cache 0.03s 50MB ../../../../../Users/MelchioT/Documents/workUnrealEngine4/MotorUnreal4B/DerivedDataCache/Boot.ddc.
[2024.01.04-11.02.57:981][  0]LogInit: Texture streaming: Enabled
[2024.01.04-11.02.58:083][  0]LogEngineSessionManager: EngineSessionManager initialized
[2024.01.04-11.02.58:167][  0]LogInit: Transaction tracking system initialized
[2024.01.04-11.02.58:502][  0]BlueprintLog: New page: Editor Load
[2024.01.04-11.02.59:378][  0]LocalizationService: Info Localization service is disabled
[2024.01.04-11.03.00:031][  0]LogConsoleResponse:Display: 
[2024.01.04-11.03.00:143][  0]LogCook:Display: Max memory allowance for cook 16384mb min free memory 0mb
[2024.01.04-11.03.00:143][  0]LogCook:Display: Mobile HDR setting 1
[2024.01.04-11.03.00:411][  0]LogFileCache: Scanning file cache for directory 'C:/Users/MelchioT/Documents/workUnrealEngine4/MotorUnreal4B/Content/' took 0.01s
[2024.01.04-11.03.01:155][  0]SourceControl: Info Source control is disabled
[2024.01.04-11.03.01:155][  0]Cmd: MAP LOAD FILE="../../../Engine/Content/Maps/Templates/Template_Default.umap" TEMPLATE=1 SHOWPROGRESS=1 FEATURELEVEL=3
[2024.01.04-11.03.01:155][  0]LightingResults: New page: Lighting Build
[2024.01.04-11.03.01:193][  0]MapCheck: New page: Map Check
[2024.01.04-11.03.01:193][  0]LightingResults: New page: Lighting Build
[2024.01.04-11.03.01:356][  0]LogAIModule: Creating AISystem for world Untitled_1
[2024.01.04-11.03.01:356][  0]LogActorComponent: RegisterComponentWithWorld: (/Temp/Untitled_1.Untitled_1:PersistentLevel.WorldSettings_1.StaticMeshComponent0) Trying to register component with IsPendingKill() == true. Aborting.
[2024.01.04-11.03.01:360][  0]LogEditorServer: Finished looking for orphan Actors (0.000 secs)
[2024.01.04-11.03.01:368][  0]Cmd: MAP CHECKDEP NOCLEARLOG
[2024.01.04-11.03.01:396][  0]MapCheck: Info Map check complete: 0 Error(s), 0 Warning(s), took 28.332ms to complete.
[2024.01.04-11.03.01:396][  0]LogFileHelpers: Loading map 'Template_Default' took 0.241
[2024.01.04-11.03.01:553][  0]LogCollectionManager: Loaded 0 collections in 0.001350 seconds
[2024.01.04-11.03.01:632][  0]LogFileCache: Scanning file cache for directory 'C:/Users/MelchioT/Documents/workUnrealEngine4/MotorUnreal4B/Saved/Collections/' took 0.01s
[2024.01.04-11.03.01:632][  0]LogFileCache: Scanning file cache for directory 'C:/Users/MelchioT/Documents/workUnrealEngine4/MotorUnreal4B/Content/Developers/MelchioT/Collections/' took 0.01s
[2024.01.04-11.03.01:632][  0]LogFileCache: Scanning file cache for directory 'C:/Users/MelchioT/Documents/workUnrealEngine4/MotorUnreal4B/Content/Collections/' took 0.01s
[2024.01.04-11.03.01:632][  0]LogCollectionManager: Rebuilt the GUID cache for 0 collections in 0.000002 seconds
[2024.01.04-11.03.01:641][  0]LogContentBrowser: Native class hierarchy populated in 0.0084 seconds. Added 2243 classes and 448 folders.
[2024.01.04-11.03.01:644][  0]LogStats: UGameplayTagsManager::ConstructGameplayTagTree: Construct from data asset -  0.000 s
[2024.01.04-11.03.01:644][  0]LogStats: UGameplayTagsManager::ConstructGameplayTagTree: GameplayTagTreeChangedEvent.Broadcast -  0.000 s
[2024.01.04-11.03.01:705][  0]LogContentBrowser: Native class hierarchy updated for 'WidgetCarousel' in 0.0005 seconds. Added 0 classes and 0 folders.
[2024.01.04-11.03.01:731][  0]LogContentBrowser: Native class hierarchy updated for 'AddContentDialog' in 0.0005 seconds. Added 0 classes and 0 folders.
[2024.01.04-11.03.01:770][  0]LogContentBrowser: Native class hierarchy updated for 'SceneOutliner' in 0.0005 seconds. Added 1 classes and 2 folders.
[2024.01.04-11.03.01:855][  0]LogCrashTracker: Crashtracker disabled due to settings.
[2024.01.04-11.03.01:863][  0]LogUObjectGlobals:Warning: Failed to find object 'Class None.'
[2024.01.04-11.03.01:929][  0]LogContentBrowser: Native class hierarchy updated for 'HierarchicalLODOutliner' in 0.0006 seconds. Added 1 classes and 2 folders.
[2024.01.04-11.03.01:930][  0]LogLoad: (Engine Initialization) Total time: 14.28 seconds
[2024.01.04-11.03.01:930][  0]LogLoad: (Engine Initialization) Total Blueprint compile time: 0.08 seconds
[2024.01.04-11.03.01:930][  0]LogExternalProfiler: No external profilers were discovered.  External profiling features will not be available.
[2024.01.04-11.03.02:270][  0]LogOcInput: OculusInput pre-init called
[2024.01.04-11.03.02:288][  0]LogContentStreaming: Texture pool size now 1000 MB
[2024.01.04-11.03.02:290][  0]LogSlate: Took 0.000281 seconds to synchronously load lazily loaded font '../../../Engine/Content/Slate/Fonts/Roboto-Regular.ttf' (155K)
[2024.01.04-11.03.02:293][  0]LogSlate: Took 0.000306 seconds to synchronously load lazily loaded font '../../../Engine/Content/Slate/Fonts/Roboto-Bold.ttf' (160K)
[2024.01.04-11.03.02:297][  0]LogSlate: Took 0.000229 seconds to synchronously load lazily loaded font '../../../Engine/Content/Editor/Slate/Fonts/FontAwesome.ttf' (139K)
[2024.01.04-11.03.02:405][  0]LogRenderer: Reallocating scene render targets to support 1208x576 NumSamples 1 (Frame:2).
[2024.01.04-11.03.02:611][  1]LogAssetRegistry: Asset discovery search completed in 9.3898 seconds
[2024.01.04-11.03.02:611][  1]LogCollectionManager: Rebuilt the object cache for 0 collections in 0.000001 seconds (found 0 objects)
[2024.01.04-11.03.02:611][  1]LogCollectionManager: Fixed up redirectors for 0 collections in 0.000018 seconds (updated 0 objects)
[2024.01.04-11.03.03:272][  3]LogSlate: Took 0.000238 seconds to synchronously load lazily loaded font '../../../Engine/Content/Slate/Fonts/Roboto-Light.ttf' (159K)
[2024.01.04-11.03.04:986][ 11]LogSlate: Took 0.000201 seconds to synchronously load lazily loaded font '../../../Engine/Content/Slate/Fonts/Roboto-Light.ttf' (159K)
[2024.01.04-11.03.05:071][ 11]LogAIModule: Creating AISystem for world Nivel
[2024.01.04-11.03.05:092][ 11]Cmd: MAP LOAD FILE="../../../../../Users/MelchioT/Documents/workUnrealEngine4/MotorUnreal4B/Content/Ejercicios/Ejercicio12/Nivel.umap" TEMPLATE=0 SHOWPROGRESS=1 FEATURELEVEL=3
[2024.01.04-11.03.05:092][ 11]LightingResults: New page: Lighting Build
[2024.01.04-11.03.05:093][ 11]LoadErrors: New page: Loading map: Nivel.umap
[2024.01.04-11.03.05:094][ 11]MapCheck: New page: Map Check
[2024.01.04-11.03.05:094][ 11]LightingResults: New page: Lighting Build
[2024.01.04-11.03.05:149][ 11]LogEditorServer: Finished looking for orphan Actors (0.000 secs)
[2024.01.04-11.03.05:168][ 11]Cmd: MAP CHECKDEP NOCLEARLOG
[2024.01.04-11.03.05:197][ 11]MapCheck: Info Map check complete: 0 Error(s), 0 Warning(s), took 29.226ms to complete.
[2024.01.04-11.03.05:197][ 11]LogFileHelpers: Loading map 'Nivel' took 0.106
[2024.01.04-11.03.07:893][136]LogTemp: Repeting last play command: Selected Viewport
[2024.01.04-11.03.07:903][136]LogPlayLevel: PlayLevel: No blueprints needed recompiling
[2024.01.04-11.03.07:904][136]PIE: New page: PIE session: Nivel (Jan 4, 2024, 5:03:07 AM)
[2024.01.04-11.03.07:904][136]LogPlayLevel: Creating play world package: /Game/Ejercicios/Ejercicio12/UEDPIE_0_Nivel
[2024.01.04-11.03.07:906][136]LogPlayLevel: PIE: StaticDuplicateObject took: (0.001658s)
[2024.01.04-11.03.07:906][136]LogAIModule: Creating AISystem for world Nivel
[2024.01.04-11.03.07:907][136]LogPlayLevel: PIE: World Init took: (0.000997s)
[2024.01.04-11.03.07:907][136]LogPlayLevel: PIE: Created PIE world by copying editor world from /Game/Ejercicios/Ejercicio12/Nivel.Nivel to /Game/Ejercicios/Ejercicio12/UEDPIE_0_Nivel.Nivel (0.002882s)
[2024.01.04-11.03.07:923][136]LogInit: XAudio2 using 'Altavoces (Realtek(R) Audio)' : 2 channels at 48 kHz using 16 bits per sample (channel mask 0x3)
[2024.01.04-11.03.07:939][136]LogInit: FAudioDevice initialized.
[2024.01.04-11.03.07:985][136]LogLoad: Game class is 'ModoJuego_C'
[2024.01.04-11.03.07:988][136]LogWorld: Bringing World /Game/Ejercicios/Ejercicio12/UEDPIE_0_Nivel.Nivel up for play (max tick rate 60) at 2024.01.04-08.03.07
[2024.01.04-11.03.07:988][136]LogWorld: Bringing up level for play took: 0.000792
[2024.01.04-11.03.08:027][136]LogContentBrowser: Native class hierarchy updated for 'MovieSceneCapture' in 0.0005 seconds. Added 11 classes and 0 folders.
[2024.01.04-11.03.08:028][136]PIE: Info Play in editor start time for /Game/Ejercicios/Ejercicio12/UEDPIE_0_Nivel 0.276
[2024.01.04-11.03.21:072][880]LogContentBrowser: Native class hierarchy updated for 'BlueprintGraph' in 0.0008 seconds. Added 112 classes and 0 folders.
[2024.01.04-11.03.21:554][880]LogSlate: Took 0.000166 seconds to synchronously load lazily loaded font '../../../Engine/Content/Slate/Fonts/Roboto-Regular.ttf' (155K)
[2024.01.04-11.03.25:070][ 70]LogSlate: Took 0.000204 seconds to synchronously load lazily loaded font '../../../Engine/Content/Editor/Slate/Fonts/Roboto-BoldCondensed.ttf' (158K)
[2024.01.04-11.03.27:667][222]LogSavePackage: Save=7.00ms
[2024.01.04-11.03.27:667][222]LogSavePackage: Moving '../../../../../Users/MelchioT/Documents/workUnrealEngine4/MotorUnreal4B/Saved/ModoJuego2DE30DE643176B3658F7A0BBA455D7A3.tmp' to '../../../../../Users/MelchioT/Documents/workUnrealEngine4/MotorUnreal4B/Content/Ejercicios/Ejercicio12/ModoJuego.uasset'
[2024.01.04-11.03.27:668][222]LogSavePackage:Display: Finished SavePackage ../../../../../Users/MelchioT/Documents/workUnrealEngine4/MotorUnreal4B/Content/Ejercicios/Ejercicio12/ModoJuego.uasset
[2024.01.04-11.03.33:528][557]Cmd: QUIT_EDITOR
[2024.01.04-11.03.34:128][557]LogWindowsTextInputMethodSystem:Display: IME system now deactivated.
[2024.01.04-11.03.34:182][557]LogExit: Preparing to exit.
[2024.01.04-11.03.35:061][557]LogDirectoryWatcher: A directory notification for 'C:/Users/MelchioT/Documents/workUnrealEngine4/MotorUnreal4B/Content/' was aborted.
[2024.01.04-11.03.35:086][557]LogExit: Editor shut down
[2024.01.04-11.03.35:087][557]LogExit: Transaction tracking system shut down
[2024.01.04-11.03.35:159][557]LogObj: Freed 0b from 0 cluster array pools.
[2024.01.04-11.03.35:159][557]LogExit: Object subsystem successfully closed.
[2024.01.04-11.03.35:178][557]LogD3D11RHI: Shutdown
[2024.01.04-11.03.35:178][557]LogD3D11RHI: CleanupD3DDevice
[2024.01.04-11.03.35:259][557]LogD3D11RHI: ~FD3D11DynamicRHI
[2024.01.04-11.03.35:269][557]LogModuleManager: Shutting down and abandoning module BlueprintGraph (486)
[2024.01.04-11.03.35:269][557]LogModuleManager: Shutting down and abandoning module BlueprintProfiler (484)
[2024.01.04-11.03.35:269][557]LogModuleManager: Shutting down and abandoning module MovieSceneCapture (482)
[2024.01.04-11.03.35:269][557]LogModuleManager: Shutting down and abandoning module HierarchicalLODOutliner (480)
[2024.01.04-11.03.35:269][557]LogModuleManager: Shutting down and abandoning module CrashTracker (478)
[2024.01.04-11.03.35:269][557]LogModuleManager: Shutting down and abandoning module SceneOutliner (476)
[2024.01.04-11.03.35:269][557]LogModuleManager: Shutting down and abandoning module AddContentDialog (474)
[2024.01.04-11.03.35:269][557]LogDirectoryWatcher: A directory notification for 'C:/Program Files/Unreal Engine 4 (4.15.0)/FeaturePacks/' was aborted.
[2024.01.04-11.03.35:270][557]LogModuleManager: Shutting down and abandoning module WidgetCarousel (473)
[2024.01.04-11.03.35:270][557]LogModuleManager: Shutting down and abandoning module EditorWidgets (470)
[2024.01.04-11.03.35:270][557]LogModuleManager: Shutting down and abandoning module CollectionManager (468)
[2024.01.04-11.03.35:270][557]LogDirectoryWatcher: A directory notification for 'C:/Users/MelchioT/Documents/workUnrealEngine4/MotorUnreal4B/Content/Collections/' was aborted.
[2024.01.04-11.03.35:270][557]LogDirectoryWatcher: A directory notification for 'C:/Users/MelchioT/Documents/workUnrealEngine4/MotorUnreal4B/Content/Developers/MelchioT/Collections/' was aborted.
[2024.01.04-11.03.35:270][557]LogDirectoryWatcher: A directory notification for 'C:/Users/MelchioT/Documents/workUnrealEngine4/MotorUnreal4B/Saved/Collections/' was aborted.
[2024.01.04-11.03.35:270][557]LogModuleManager: Shutting down and abandoning module StatsViewer (466)
[2024.01.04-11.03.35:270][557]LogModuleManager: Shutting down and abandoning module FoliageEdit (464)
[2024.01.04-11.03.35:270][557]LogModuleManager: Shutting down and abandoning module LandscapeEditor (462)
[2024.01.04-11.03.35:270][557]LogModuleManager: Shutting down and abandoning module SceneDepthPickerMode (460)
[2024.01.04-11.03.35:270][557]LogModuleManager: Shutting down and abandoning module ActorPickerMode (458)
[2024.01.04-11.03.35:270][557]LogModuleManager: Shutting down and abandoning module GeometryMode (456)
[2024.01.04-11.03.35:270][557]LogModuleManager: Shutting down and abandoning module TextureAlignMode (454)
[2024.01.04-11.03.35:270][557]LogModuleManager: Shutting down and abandoning module BspMode (452)
[2024.01.04-11.03.35:270][557]LogModuleManager: Shutting down and abandoning module HardwareSurvey (450)
[2024.01.04-11.03.35:270][557]LogModuleManager: Shutting down and abandoning module SequenceRecorderSections (448)
[2024.01.04-11.03.35:270][557]LogModuleManager: Shutting down and abandoning module AutomationWorker (446)
[2024.01.04-11.03.35:270][557]LogModuleManager: Shutting down and abandoning module MatineeToLevelSequence (444)
[2024.01.04-11.03.35:270][557]LogModuleManager: Shutting down and abandoning module LevelSequenceEditor (442)
[2024.01.04-11.03.35:270][557]LogModuleManager: Shutting down and abandoning module PlacementMode (441)
[2024.01.04-11.03.35:270][557]LogModuleManager: Shutting down and abandoning module WmfMediaFactory (438)
[2024.01.04-11.03.35:270][557]LogModuleManager: Shutting down and abandoning module WmfMediaEditor (436)
[2024.01.04-11.03.35:270][557]LogModuleManager: Shutting down and abandoning module MfMediaFactory (434)
[2024.01.04-11.03.35:270][557]LogModuleManager: Shutting down and abandoning module MfMediaEditor (432)
[2024.01.04-11.03.35:270][557]LogModuleManager: Shutting down and abandoning module AvfMediaFactory (430)
[2024.01.04-11.03.35:270][557]LogModuleManager: Shutting down and abandoning module AvfMediaEditor (428)
[2024.01.04-11.03.35:270][557]LogModuleManager: Shutting down and abandoning module AndroidMediaFactory (426)
[2024.01.04-11.03.35:270][557]LogModuleManager: Shutting down and abandoning module Media (425)
[2024.01.04-11.03.35:270][557]LogModuleManager: Shutting down and abandoning module AndroidMediaEditor (422)
[2024.01.04-11.03.35:270][557]LogModuleManager: Shutting down and abandoning module CharacterAI (420)
[2024.01.04-11.03.35:270][557]LogModuleManager: Shutting down and abandoning module AudioCapture (418)
[2024.01.04-11.03.35:270][557]LogModuleManager: Shutting down and abandoning module SequenceRecorder (417)
[2024.01.04-11.03.35:270][557]LogModuleManager: Shutting down and abandoning module SmartSnapping (414)
[2024.01.04-11.03.35:270][557]LogModuleManager: Shutting down and abandoning module SessionServices (412)
[2024.01.04-11.03.35:270][557]LogModuleManager: Shutting down and abandoning module ViewportSnapping (410)
[2024.01.04-11.03.35:270][557]LogModuleManager: Shutting down and abandoning module ViewportInteraction (408)
[2024.01.04-11.03.35:270][557]LogModuleManager: Shutting down and abandoning module LogVisualizer (406)
[2024.01.04-11.03.35:270][557]LogModuleManager: Shutting down and abandoning module IntroTutorials (404)
[2024.01.04-11.03.35:270][557]LogModuleManager: Shutting down and abandoning module GameProjectGeneration (403)
[2024.01.04-11.03.35:270][557]LogModuleManager: Shutting down and abandoning module EditorLiveStreaming (400)
[2024.01.04-11.03.35:270][557]LogModuleManager: Shutting down and abandoning module IOSPlatformEditor (398)
[2024.01.04-11.03.35:270][557]LogModuleManager: Shutting down and abandoning module HTML5PlatformEditor (396)
[2024.01.04-11.03.35:270][557]LogModuleManager: Shutting down and abandoning module AndroidPlatformEditor (394)
[2024.01.04-11.03.35:270][557]LogModuleManager: Shutting down and abandoning module AndroidDeviceDetection (393)
[2024.01.04-11.03.35:755][557]LogModuleManager: Shutting down and abandoning module IOSRuntimeSettings (390)
[2024.01.04-11.03.35:755][557]LogModuleManager: Shutting down and abandoning module AndroidRuntimeSettings (388)
[2024.01.04-11.03.35:755][557]LogModuleManager: Shutting down and abandoning module InputBindingEditor (386)
[2024.01.04-11.03.35:755][557]LogModuleManager: Shutting down and abandoning module NiagaraEditor (384)
[2024.01.04-11.03.35:755][557]LogModuleManager: Shutting down and abandoning module MergeActors (382)
[2024.01.04-11.03.35:755][557]LogModuleManager: Shutting down and abandoning module SizeMap (380)
[2024.01.04-11.03.35:755][557]LogModuleManager: Shutting down and abandoning module TreeMap (378)
[2024.01.04-11.03.35:755][557]LogModuleManager: Shutting down and abandoning module ReferenceViewer (376)
[2024.01.04-11.03.35:755][557]LogModuleManager: Shutting down and abandoning module LocalizationDashboard (374)
[2024.01.04-11.03.35:755][557]LogModuleManager: Shutting down and abandoning module LocalizationService (373)
[2024.01.04-11.03.35:755][557]LogModuleManager: Shutting down and abandoning module HardwareTargeting (370)
[2024.01.04-11.03.35:755][557]LogModuleManager: Shutting down and abandoning module DeviceProfileEditor (368)
[2024.01.04-11.03.35:755][557]LogModuleManager: Shutting down and abandoning module UndoHistory (366)
[2024.01.04-11.03.35:755][557]LogModuleManager: Shutting down and abandoning module UserFeedback (364)
[2024.01.04-11.03.35:755][557]LogModuleManager: Shutting down and abandoning module XmlParser (362)
[2024.01.04-11.03.35:755][557]LogModuleManager: Shutting down and abandoning module Blutility (360)
[2024.01.04-11.03.35:755][557]LogModuleManager: Shutting down and abandoning module ProjectSettingsViewer (358)
[2024.01.04-11.03.35:755][557]LogModuleManager: Shutting down and abandoning module ProjectTargetPlatformEditor (357)
[2024.01.04-11.03.35:755][557]LogModuleManager: Shutting down and abandoning module EditorSettingsViewer (354)
[2024.01.04-11.03.35:755][557]LogModuleManager: Shutting down and abandoning module SettingsEditor (352)
[2024.01.04-11.03.35:756][557]LogModuleManager: Shutting down and abandoning module ProjectLauncher (350)
[2024.01.04-11.03.35:756][557]LogModuleManager: Shutting down and abandoning module SessionFrontend (348)
[2024.01.04-11.03.35:756][557]LogModuleManager: Shutting down and abandoning module ProfilerClient (346)
[2024.01.04-11.03.35:756][557]LogModuleManager: Shutting down and abandoning module DeviceManager (344)
[2024.01.04-11.03.35:756][557]LogModuleManager: Shutting down and abandoning module TargetDeviceServices (343)
[2024.01.04-11.03.35:800][557]LogModuleManager: Shutting down and abandoning module AutomationController (340)
[2024.01.04-11.03.35:800][557]LogModuleManager: Shutting down and abandoning module AutomationWindow (338)
[2024.01.04-11.03.35:800][557]LogModuleManager: Shutting down and abandoning module Layers (336)
[2024.01.04-11.03.35:800][557]LogModuleManager: Shutting down and abandoning module ComponentVisualizers (334)
[2024.01.04-11.03.35:800][557]LogModuleManager: Shutting down and abandoning module DetailCustomizations (332)
[2024.01.04-11.03.35:800][557]LogModuleManager: Shutting down and abandoning module PackagesDialog (330)
[2024.01.04-11.03.35:800][557]LogModuleManager: Shutting down and abandoning module Persona (328)
[2024.01.04-11.03.35:800][557]LogModuleManager: Shutting down and abandoning module AnimGraph (327)
[2024.01.04-11.03.35:800][557]LogModuleManager: Shutting down and abandoning module Kismet (324)
[2024.01.04-11.03.35:806][557]LogModuleManager: Shutting down and abandoning module GraphEditor (322)
[2024.01.04-11.03.35:806][557]LogModuleManager: Shutting down and abandoning module ClassViewer (320)
[2024.01.04-11.03.35:806][557]LogModuleManager: Shutting down and abandoning module Toolbox (318)
[2024.01.04-11.03.35:806][557]LogModuleManager: Shutting down and abandoning module ModuleUI (316)
[2024.01.04-11.03.35:806][557]LogModuleManager: Shutting down and abandoning module MovieSceneTools (314)
[2024.01.04-11.03.35:806][557]LogModuleManager: Shutting down and abandoning module OutputLog (312)
[2024.01.04-11.03.35:806][557]LogModuleManager: Shutting down and abandoning module GammaUI (310)
[2024.01.04-11.03.35:806][557]LogModuleManager: Shutting down and abandoning module Documentation (308)
[2024.01.04-11.03.35:806][557]LogModuleManager: Shutting down and abandoning module Niagara (306)
[2024.01.04-11.03.35:806][557]LogModuleManager: Shutting down and abandoning module StreamingPauseRendering (304)
[2024.01.04-11.03.35:806][557]LogModuleManager: Shutting down and abandoning module AnalyticsET (302)
[2024.01.04-11.03.35:806][557]LogModuleManager: Shutting down and abandoning module PortalServices (300)
[2024.01.04-11.03.35:806][557]LogModuleManager: Shutting down and abandoning module PortalRpc (298)
[2024.01.04-11.03.35:806][557]LogModuleManager: Shutting down and abandoning module MessagingRpc (296)
[2024.01.04-11.03.35:806][557]LogModuleManager: Shutting down and abandoning module AIModule (294)
[2024.01.04-11.03.35:806][557]LogModuleManager: Shutting down and abandoning module GameplayDebugger (293)
[2024.01.04-11.03.35:806][557]LogModuleManager: Shutting down and abandoning module AITestSuite (291)
[2024.01.04-11.03.35:806][557]LogModuleManager: Shutting down and abandoning module ProfilerService (288)
[2024.01.04-11.03.35:880][557]LogModuleManager: Shutting down and abandoning module TaskGraph (286)
[2024.01.04-11.03.35:880][557]LogModuleManager: Shutting down and abandoning module SteamVRController (284)
[2024.01.04-11.03.35:880][557]LogModuleManager: Shutting down and abandoning module SteamVR (282)
[2024.01.04-11.03.35:880][557]LogModuleManager: Shutting down and abandoning module ProceduralMeshComponentEditor (280)
[2024.01.04-11.03.35:880][557]LogModuleManager: Shutting down and abandoning module ProceduralMeshComponent (278)
[2024.01.04-11.03.35:880][557]LogModuleManager: Shutting down and abandoning module OculusLibrary (276)
[2024.01.04-11.03.35:880][557]LogModuleManager: Shutting down and abandoning module OculusInput (274)
[2024.01.04-11.03.35:880][557]LogModuleManager: Shutting down and abandoning module MobilePatchingUtils (272)
[2024.01.04-11.03.35:880][557]LogModuleManager: Shutting down and abandoning module CustomMeshComponent (270)
[2024.01.04-11.03.35:880][557]LogModuleManager: Shutting down and abandoning module CableComponent (268)
[2024.01.04-11.03.35:880][557]LogModuleManager: Shutting down and abandoning module ArchVisCharacter (266)
[2024.01.04-11.03.35:880][557]LogModuleManager: Shutting down and abandoning module MediaPlayerEditor (262)
[2024.01.04-11.03.35:880][557]LogModuleManager: Shutting down and abandoning module HTML5Networking (260)
[2024.01.04-11.03.35:880][557]LogModuleManager: Shutting down and abandoning module AlembicImporter (258)
[2024.01.04-11.03.35:880][557]LogModuleManager: Shutting down and abandoning module AlembicLibrary (257)
[2024.01.04-11.03.35:880][557]LogModuleManager: Shutting down and abandoning module GeometryCache (256)
[2024.01.04-11.03.35:880][557]LogModuleManager: Shutting down and abandoning module GeometryCacheEd (255)
[2024.01.04-11.03.35:880][557]LogModuleManager: Shutting down and abandoning module SuperSearchEditor (250)
[2024.01.04-11.03.35:880][557]LogModuleManager: Shutting down and abandoning module SuperSearch (249)
[2024.01.04-11.03.35:880][557]LogModuleManager: Shutting down and abandoning module SpeedTreeImporter (246)
[2024.01.04-11.03.35:880][557]LogModuleManager: Shutting down and abandoning module PluginBrowser (244)
[2024.01.04-11.03.35:881][557]LogModuleManager: Shutting down and abandoning module MobileLauncherProfileWizard (242)
[2024.01.04-11.03.35:881][557]LogModuleManager: Shutting down and abandoning module EpicSurvey (240)
[2024.01.04-11.03.35:881][557]LogModuleManager: Shutting down and abandoning module VisualStudioSourceCodeAccess (238)
[2024.01.04-11.03.35:881][557]LogModuleManager: Shutting down and abandoning module DesktopPlatform (237)
[2024.01.04-11.03.35:881][557]LogModuleManager: Shutting down and abandoning module UObjectPlugin (234)
[2024.01.04-11.03.35:881][557]LogModuleManager: Shutting down and abandoning module SubversionSourceControl (232)
[2024.01.04-11.03.35:881][557]LogModuleManager: Shutting down and abandoning module PerforceSourceControl (230)
[2024.01.04-11.03.35:881][557]LogModuleManager: Shutting down and abandoning module GitSourceControl (228)
[2024.01.04-11.03.35:881][557]LogModuleManager: Shutting down and abandoning module SourceControl (227)
[2024.01.04-11.03.35:881][557]LogModuleManager: Shutting down and abandoning module LightPropagationVolumeEditor (224)
[2024.01.04-11.03.35:881][557]LogModuleManager: Shutting down and abandoning module PaperTiledImporter (222)
[2024.01.04-11.03.35:881][557]LogModuleManager: Shutting down and abandoning module PaperSpriteSheetImporter (220)
[2024.01.04-11.03.35:881][557]LogModuleManager: Shutting down and abandoning module Paper2DEditor (218)
[2024.01.04-11.03.35:881][557]LogModuleManager: Shutting down and abandoning module MeshPaint (217)
[2024.01.04-11.03.35:881][557]LogModuleManager: Shutting down and abandoning module LevelEditor (215)
[2024.01.04-11.03.35:882][557]LogModuleManager: Shutting down and abandoning module PixelInspectorModule (214)
[2024.01.04-11.03.35:882][557]LogModuleManager: Shutting down and abandoning module MainFrame (212)
[2024.01.04-11.03.35:882][557]LogModuleManager: Shutting down and abandoning module HotReload (211)
[2024.01.04-11.03.35:882][557]LogModuleManager: Shutting down and abandoning module ContentBrowser (207)
[2024.01.04-11.03.35:883][557]LogModuleManager: Shutting down and abandoning module PhysXVehiclesEditor (204)
[2024.01.04-11.03.35:883][557]LogModuleManager: Shutting down and abandoning module PhysXVehicles (202)
[2024.01.04-11.03.35:883][557]LogModuleManager: Shutting down and abandoning module LocationServicesBPLibrary (200)
[2024.01.04-11.03.35:883][557]LogModuleManager: Shutting down and abandoning module UdpMessaging (198)
[2024.01.04-11.03.35:984][557]LogModuleManager: Shutting down and abandoning module TcpMessaging (196)
[2024.01.04-11.03.36:085][557]LogModuleManager: Shutting down and abandoning module GameplayTagsEditor (194)
[2024.01.04-11.03.36:085][557]LogModuleManager: Shutting down and abandoning module FacialAnimationEditor (192)
[2024.01.04-11.03.36:085][557]LogModuleManager: Shutting down and abandoning module FacialAnimation (190)
[2024.01.04-11.03.36:085][557]LogModuleManager: Shutting down and abandoning module LightPropagationVolumeRuntime (188)
[2024.01.04-11.03.36:085][557]LogModuleManager: Shutting down and abandoning module Paper2D (186)
[2024.01.04-11.03.36:085][557]LogModuleManager: Shutting down and abandoning module WindowsMoviePlayer (184)
[2024.01.04-11.03.36:085][557]LogModuleManager: Shutting down and abandoning module WmfMedia (182)
[2024.01.04-11.03.36:087][557]LogModuleManager: Shutting down and abandoning module MfMedia (180)
[2024.01.04-11.03.36:087][557]LogModuleManager: Shutting down and abandoning module MediaAssets (178)
[2024.01.04-11.03.36:087][557]LogModuleManager: Shutting down and abandoning module GameLiveStreaming (176)
[2024.01.04-11.03.36:087][557]LogModuleManager: Shutting down and abandoning module VREditor (174)
[2024.01.04-11.03.36:087][557]LogModuleManager: Shutting down and abandoning module GameplayTasksEditor (172)
[2024.01.04-11.03.36:087][557]LogModuleManager: Shutting down and abandoning module BehaviorTreeEditor (170)
[2024.01.04-11.03.36:087][557]LogModuleManager: Shutting down and abandoning module FunctionalTesting (168)
[2024.01.04-11.03.36:087][557]LogModuleManager: Shutting down and abandoning module CollisionAnalyzer (166)
[2024.01.04-11.03.36:087][557]LogModuleManager: Shutting down and abandoning module UMG (164)
[2024.01.04-11.03.36:087][557]LogModuleManager: Shutting down and abandoning module UMGEditor (163)
[2024.01.04-11.03.36:087][557]LogModuleManager: Shutting down and abandoning module Sequencer (162)
[2024.01.04-11.03.36:087][557]LogModuleManager: Shutting down and abandoning module AssetTools (160)
[2024.01.04-11.03.36:087][557]LogModuleManager: Shutting down and abandoning module MessageLog (159)
[2024.01.04-11.03.36:087][557]LogModuleManager: Shutting down and abandoning module WorkspaceMenuStructure (158)
[2024.01.04-11.03.36:087][557]LogModuleManager: Shutting down and abandoning module SlateReflector (152)
[2024.01.04-11.03.36:087][557]LogModuleManager: Shutting down and abandoning module Slate (150)
[2024.01.04-11.03.36:087][557]LogModuleManager: Shutting down and abandoning module EditorStyle (148)
[2024.01.04-11.03.36:089][557]LogModuleManager: Shutting down and abandoning module SourceCodeAccess (146)
[2024.01.04-11.03.36:089][557]LogModuleManager: Shutting down and abandoning module HeadMountedDisplay (144)
[2024.01.04-11.03.36:089][557]LogModuleManager: Shutting down and abandoning module XAudio2 (142)
[2024.01.04-11.03.36:089][557]LogModuleManager: Shutting down and abandoning module Networking (140)
[2024.01.04-11.03.36:089][557]LogModuleManager: Shutting down and abandoning module Core (136)
[2024.01.04-11.03.36:089][557]LogModuleManager: Shutting down and abandoning module AssetRegistry (134)
[2024.01.04-11.03.36:168][557]LogDirectoryWatcher: A directory notification for '../../../Engine/Content/' was aborted.
[2024.01.04-11.03.36:168][557]LogDirectoryWatcher: A directory notification for '../../../../../Users/MelchioT/Documents/workUnrealEngine4/MotorUnreal4B/Content/' was aborted.
[2024.01.04-11.03.36:168][557]LogDirectoryWatcher: A directory notification for '../../../Engine/Plugins/2D/Paper2D/Content/' was aborted.
[2024.01.04-11.03.36:169][557]LogModuleManager: Shutting down and abandoning module DirectoryWatcher (133)
[2024.01.04-11.03.36:169][557]LogModuleManager: Shutting down and abandoning module KismetCompiler (130)
[2024.01.04-11.03.36:169][557]LogModuleManager: Shutting down and abandoning module PhysXFormats (128)
[2024.01.04-11.03.36:169][557]LogModuleManager: Shutting down and abandoning module MeshUtilities (126)
[2024.01.04-11.03.36:169][557]LogModuleManager: Shutting down and abandoning module QuadricMeshReduction (125)
[2024.01.04-11.03.36:169][557]LogModuleManager: Shutting down and abandoning module PropertyEditor (123)
[2024.01.04-11.03.36:169][557]LogModuleManager: Shutting down and abandoning module DerivedDataCache (120)
[2024.01.04-11.03.36:257][557]LogDerivedDataCache: Shutdown
[2024.01.04-11.03.36:257][557]LogModuleManager: Shutting down and abandoning module TargetPlatform (118)
[2024.01.04-11.03.36:258][557]LogModuleManager: Shutting down and abandoning module VulkanShaderFormat (117)
[2024.01.04-11.03.36:258][557]LogModuleManager: Shutting down and abandoning module MetalShaderFormat (115)
[2024.01.04-11.03.36:258][557]LogModuleManager: Shutting down and abandoning module ShaderFormatD3D (113)
[2024.01.04-11.03.36:258][557]LogModuleManager: Shutting down and abandoning module ShaderFormatOpenGL (111)
[2024.01.04-11.03.36:258][557]LogModuleManager: Shutting down and abandoning module TextureFormatUncompressed (109)
[2024.01.04-11.03.36:258][557]LogModuleManager: Shutting down and abandoning module TextureFormatASTC (107)
[2024.01.04-11.03.36:258][557]LogModuleManager: Shutting down and abandoning module ImageWrapper (106)
[2024.01.04-11.03.36:258][557]LogModuleManager: Shutting down and abandoning module TextureFormatPVR (103)
[2024.01.04-11.03.36:258][557]LogModuleManager: Shutting down and abandoning module TextureFormatDXT (101)
[2024.01.04-11.03.36:258][557]LogModuleManager: Shutting down and abandoning module TextureFormatIntelISPCTexComp (99)
[2024.01.04-11.03.36:258][557]LogModuleManager: Shutting down and abandoning module AudioFormatOpus (97)
[2024.01.04-11.03.36:258][557]LogModuleManager: Shutting down and abandoning module AudioFormatOgg (95)
[2024.01.04-11.03.36:258][557]LogModuleManager: Shutting down and abandoning module AudioFormatADPCM (93)
[2024.01.04-11.03.36:258][557]LogModuleManager: Shutting down and abandoning module TVOSTargetPlatform (91)
[2024.01.04-11.03.36:258][557]LogModuleManager: Shutting down and abandoning module Messaging (89)
[2024.01.04-11.03.36:258][557]LogModuleManager: Shutting down and abandoning module IOSTargetPlatform (87)
[2024.01.04-11.03.36:258][557]LogModuleManager: Shutting down and abandoning module HTML5TargetPlatform (85)
[2024.01.04-11.03.36:258][557]LogModuleManager: Shutting down and abandoning module Android_MultiTargetPlatform (83)
[2024.01.04-11.03.36:258][557]LogModuleManager: Shutting down and abandoning module Android_ASTCTargetPlatform (81)
[2024.01.04-11.03.36:258][557]LogModuleManager: Shutting down and abandoning module Android_ETC2TargetPlatform (79)
[2024.01.04-11.03.36:258][557]LogModuleManager: Shutting down and abandoning module Android_ETC1TargetPlatform (77)
[2024.01.04-11.03.36:258][557]LogModuleManager: Shutting down and abandoning module Android_DXTTargetPlatform (75)
[2024.01.04-11.03.36:258][557]LogModuleManager: Shutting down and abandoning module Android_ATCTargetPlatform (73)
[2024.01.04-11.03.36:258][557]LogModuleManager: Shutting down and abandoning module Android_PVRTCTargetPlatform (71)
[2024.01.04-11.03.36:258][557]LogModuleManager: Shutting down and abandoning module AndroidTargetPlatform (69)
[2024.01.04-11.03.36:258][557]LogModuleManager: Shutting down and abandoning module AllDesktopTargetPlatform (67)
[2024.01.04-11.03.36:258][557]LogModuleManager: Shutting down and abandoning module WindowsClientTargetPlatform (65)
[2024.01.04-11.03.36:258][557]LogModuleManager: Shutting down and abandoning module WindowsServerTargetPlatform (63)
[2024.01.04-11.03.36:258][557]LogModuleManager: Shutting down and abandoning module WindowsNoEditorTargetPlatform (61)
[2024.01.04-11.03.36:258][557]LogModuleManager: Shutting down and abandoning module WindowsTargetPlatform (59)
[2024.01.04-11.03.36:258][557]LogModuleManager: Shutting down and abandoning module MacClientTargetPlatform (57)
[2024.01.04-11.03.36:258][557]LogModuleManager: Shutting down and abandoning module MacServerTargetPlatform (55)
[2024.01.04-11.03.36:258][557]LogModuleManager: Shutting down and abandoning module MacNoEditorTargetPlatform (53)
[2024.01.04-11.03.36:258][557]LogModuleManager: Shutting down and abandoning module MacTargetPlatform (51)
[2024.01.04-11.03.36:258][557]LogModuleManager: Shutting down and abandoning module InputCore (48)
[2024.01.04-11.03.36:258][557]LogModuleManager: Shutting down and abandoning module Settings (46)
[2024.01.04-11.03.36:258][557]LogModuleManager: Shutting down and abandoning module OculusRift (44)
[2024.01.04-11.03.36:258][557]LogModuleManager: Shutting down and abandoning module ExampleDeviceProfileSelector (42)
[2024.01.04-11.03.36:258][557]LogModuleManager: Shutting down and abandoning module OnlineBlueprintSupport (40)
[2024.01.04-11.03.36:258][557]LogModuleManager: Shutting down and abandoning module OnlineSubsystem (36)
[2024.01.04-11.03.36:258][557]LogOnline:Display: Unloading online subsystem: NULL
[2024.01.04-11.03.36:258][557]LogModuleManager: Shutting down and abandoning module HTTP (35)
[2024.01.04-11.03.36:258][557]LogHttp:Display: Http module shutting down, but needs to wait on 1 outstanding Http requests:
[2024.01.04-11.03.36:258][557]LogHttp:Display: 	verb=[POST] url=[https://datarouter.ol.epicgames.com/datarouter/api/v1/public/data?SessionID=%7B31FFD69C-483D-2711-8750-8B879808FC4E%7D&AppID=UEEditor.UnrealEngine.Release&AppVersion=4.15.0-0%2B%2B%2BUE4%2BRelease-4.15&UserID=aa7ec4a94460bf88f1f872b01bef9583%7C8cfcda83180144cdb9bb2bc7d773924e%7C775b68d6-d1f3-44da-96ce-dab51d83f808&AppEnvironment=datacollector-source&UploadType=eteventstream] status=Processing
[2024.01.04-11.03.36:291][557]LogModuleManager: Shutting down and abandoning module SSL (34)
[2024.01.04-11.03.36:292][557]LogModuleManager: Shutting down and abandoning module AudioEditor (30)
[2024.01.04-11.03.36:292][557]LogModuleManager: Shutting down and abandoning module TextureCompressor (28)
[2024.01.04-11.03.36:292][557]LogModuleManager: Shutting down and abandoning module ShaderCore (26)
[2024.01.04-11.03.36:292][557]LogModuleManager: Shutting down and abandoning module Landscape (24)
[2024.01.04-11.03.36:292][557]LogModuleManager: Shutting down and abandoning module SlateRHIRenderer (22)
[2024.01.04-11.03.36:294][557]LogModuleManager: Shutting down and abandoning module OpenGLDrv (20)
[2024.01.04-11.03.36:294][557]LogModuleManager: Shutting down and abandoning module D3D11RHI (18)
[2024.01.04-11.03.36:294][557]LogModuleManager: Shutting down and abandoning module AnimGraphRuntime (16)
[2024.01.04-11.03.36:294][557]LogModuleManager: Shutting down and abandoning module Renderer (14)
[2024.01.04-11.03.36:294][557]LogModuleManager: Shutting down and abandoning module Engine (12)
[2024.01.04-11.03.36:294][557]LogModuleManager: Shutting down and abandoning module CoreUObject (10)
[2024.01.04-11.03.36:294][557]LogModuleManager: Shutting down and abandoning module NetworkFile (8)
[2024.01.04-11.03.36:294][557]LogModuleManager: Shutting down and abandoning module StreamingFile (6)
[2024.01.04-11.03.36:294][557]LogModuleManager: Shutting down and abandoning module SandboxFile (4)
[2024.01.04-11.03.36:294][557]LogModuleManager: Shutting down and abandoning module PakFile (2)
[2024.01.04-11.03.36:297][557]LogExit: Exiting.
[2024.01.04-11.03.36:298][557]Log file closed, 01/04/24 08:03:36
