Log file open, 12/27/23 03:18:30
LogInit:Display: Running engine for game: MotorUnreal4B
LogPlatformFile: Not using cached read wrapper
LogInit:Display: RandInit(1398974063) SRandInit(1398974064).
LogInit: Using version manifest at CL 0 with build ID '5af06b4c-3232-42c8-80e0-46572b4b0bc8'
LogTaskGraph: Started task graph with 5 named threads and 10 total threads with 1 sets of task threads.
LogStats: Stats thread started at 0.138733
LogInit: Using libcurl 7.47.1
LogInit:  - built for x86_64-pc-win32
LogInit:  - supports SSL with OpenSSL/1.0.2g
LogInit:  - supports HTTP deflate (compression) using libz 1.2.8
LogInit:  - other features:
LogInit:      CURL_VERSION_SSL
LogInit:      CURL_VERSION_LIBZ
LogInit:      CURL_VERSION_IPV6
LogInit:      CURL_VERSION_ASYNCHDNS
LogInit:      CURL_VERSION_LARGEFILE
LogInit:      CURL_VERSION_IDN
LogInit:  CurlRequestOptions (configurable via config and command line):
LogInit:  - bVerifyPeer = false  - Libcurl will NOT verify peer certificate
LogInit:  - bUseHttpProxy = false  - Libcurl will NOT use HTTP proxy
LogInit:  - bDontReuseConnections = false  - Libcurl will reuse connections
LogInit:  - CertBundlePath = nullptr  - Libcurl will use whatever was configured at build time.
LogInit: Build: ++UE4+Release-4.15-CL-0
LogInit: Engine Version: 4.15.0-0+++UE4+Release-4.15
LogInit: Compatible Engine Version: 4.15.0-0+++UE4+Release-4.15
LogInit: Net CL: 0
LogDevObjectVersion: Number of dev versions registered: 14
LogDevObjectVersion:   Dev-Blueprints (B0D832E4-1F89-4F0D-ACCF-7EB736FD4AA2): 8
LogDevObjectVersion:   Dev-Build (E1C64328-A22C-4D53-A36C-8E866417BD8C): 0
LogDevObjectVersion:   Dev-Core (375EC13C-06E4-48FB-B500-84F0262A717E): 2
LogDevObjectVersion:   Dev-Editor (E4B068ED-F494-42E9-A231-DA0B2E46BB41): 14
LogDevObjectVersion:   Dev-Framework (CFFC743F-43B0-4480-9391-14DF171D2073): 22
LogDevObjectVersion:   Dev-Mobile (B02B49B5-BB20-44E9-A304-32B752E40360): 0
LogDevObjectVersion:   Dev-Networking (A4E4105C-59A1-49B5-A7C5-40C4547EDFEE): 0
LogDevObjectVersion:   Dev-Online (39C831C9-5AE6-47DC-9A44-9C173E1C8E7C): 0
LogDevObjectVersion:   Dev-Physics (78F01B33-EBEA-4F98-B9B4-84EACCB95AA2): 0
LogDevObjectVersion:   Dev-Platform (6631380F-2D4D-43E0-8009-CF276956A95A): 0
LogDevObjectVersion:   Dev-Rendering (12F88B9F-8875-4AFC-A67C-D90C383ABD29): 12
LogDevObjectVersion:   Dev-Sequencer (7B5AE74C-D270-4C10-A958-57980B212A5A): 3
LogDevObjectVersion:   Dev-VR (D7296918-1DD6-4BDD-9DE2-64A83CC13884): 0
LogDevObjectVersion:   Dev-LoadTimes (C2A15278-BFE7-4AFE-6C17-90FF531DF755): 1
LogInit: Compiled (64-bit): Apr  2 2023 09:25:01
LogInit: Compiled with Visual C++: 19.00.24210.00
LogInit: Build Configuration: Development
LogInit: Branch Name: ++UE4+Release-4.15
LogInit: Command line: 
LogInit: Base directory: C:/Program Files/Unreal Engine 4 (4.15.0)/Engine/Binaries/Win64/
LogInit: Installed Engine Build: 0
LogInit: Presizing for max 8388607 objects, including 0 objects not considered by GC, pre-allocating 0 bytes for permanent pool.
LogInit: Object subsystem initialized
[2023.12.27-06.18.30:634][  0]LogInit: Selected Device Profile: [Windows]
[2023.12.27-06.18.30:634][  0]LogInit: Applying CVar settings loaded from the selected device profile: [Windows]
[2023.12.27-06.18.30:640][  0]LogInit: Computer: DESKTOP-GOSDJOG
[2023.12.27-06.18.30:640][  0]LogInit: User: MelchioT
[2023.12.27-06.18.30:640][  0]LogInit: CPU Page size=65536, Cores=6
[2023.12.27-06.18.30:640][  0]LogInit: High frequency timer resolution =10.000000 MHz
[2023.12.27-06.18.30:640][  0]LogMemory: Memory total: Physical=31.2GB (32GB approx)
[2023.12.27-06.18.30:640][  0]LogMemory: Platform Memory Stats for Windows
[2023.12.27-06.18.30:640][  0]LogMemory: Process Physical Memory: 265.21 MB used, 265.21 MB peak
[2023.12.27-06.18.30:640][  0]LogMemory: Process Virtual Memory: 268.45 MB used, 268.45 MB peak
[2023.12.27-06.18.30:640][  0]LogMemory: Physical Memory: 7597.46 MB used,  24378.21 MB free, 31975.68 MB total
[2023.12.27-06.18.30:640][  0]LogMemory: Virtual Memory: 4760.25 MB used,  24378.21 MB free, 134217728.00 MB total
[2023.12.27-06.18.30:727][  0]LogInit: Overriding culture en with editor configuration.
[2023.12.27-06.18.31:273][  0]LogD3D11RHI: D3D11 adapters:
[2023.12.27-06.18.31:307][  0]LogD3D11RHI:    0. 'AMD Radeon(TM) Graphics' (Feature Level 11_0)
[2023.12.27-06.18.31:307][  0]LogD3D11RHI:       495/0/15987 MB DedicatedVideo/DedicatedSystem/SharedSystem, Outputs:1, VendorId:0x1002
[2023.12.27-06.18.31:309][  0]LogD3D11RHI:    1. 'Microsoft Basic Render Driver' (Feature Level 11_0)
[2023.12.27-06.18.31:309][  0]LogD3D11RHI:       0/0/15987 MB DedicatedVideo/DedicatedSystem/SharedSystem, Outputs:0, VendorId:0x1414
[2023.12.27-06.18.31:309][  0]LogD3D11RHI: Chosen D3D11 Adapter: 0
[2023.12.27-06.18.31:314][  0]LogD3D11RHI: Creating new Direct3DDevice
[2023.12.27-06.18.31:314][  0]LogD3D11RHI:     GPU DeviceId: 0x1636 (for the marketing name, search the web for "GPU Device Id")
[2023.12.27-06.18.31:314][  0]LogWindows: EnumDisplayDevices:
[2023.12.27-06.18.31:315][  0]LogWindows:    0. 'AMD Radeon(TM) Graphics' (P:1 D:1)
[2023.12.27-06.18.31:315][  0]LogWindows:    1. 'AMD Radeon(TM) Graphics' (P:0 D:0)
[2023.12.27-06.18.31:315][  0]LogWindows:    2. 'AMD Radeon(TM) Graphics' (P:0 D:0)
[2023.12.27-06.18.31:315][  0]LogWindows:    3. 'AMD Radeon(TM) Graphics' (P:0 D:0)
[2023.12.27-06.18.31:315][  0]LogWindows:    4. 'AMD Radeon(TM) Graphics' (P:0 D:0)
[2023.12.27-06.18.31:315][  0]LogWindows: DebugString: GetVideoDriverDetailsInvalid PrimaryIsNotTheChoosenAdapter GetVideoDriverDetailsInvalid PrimaryIsNotTheChoosenAdapter GetVideoDriverDetailsInvalid PrimaryIsNotTheChoosenAdapter GetVideoDriverDetailsInvalid PrimaryIsNotTheChoosenAdapter GetVideoDriverDetailsInvalid PrimaryIsNotTheChoosenAdapter FoundDriverCount:0 
[2023.12.27-06.18.31:315][  0]LogD3D11RHI:     Adapter Name: AMD Radeon(TM) Graphics
[2023.12.27-06.18.31:315][  0]LogD3D11RHI:   Driver Version: Unknown (internal:Unknown, unified:Unknown)
[2023.12.27-06.18.31:315][  0]LogD3D11RHI:      Driver Date: Unknown
[2023.12.27-06.18.31:315][  0]LogRHI: Texture pool is 347 MB (70% of 495 MB)
[2023.12.27-06.18.31:355][  0]LogD3D11RHI: Async texture creation enabled
[2023.12.27-06.18.31:367][  0]LogD3D11RHI: GPU Timing Frequency: 100.000000 (Debug: 2 1)
[2023.12.27-06.18.31:369][  0]LogShaderCompilers: Guid format shader working directory is -23 characters bigger than the processId version (../../../../../Users/MelchioT/Documents/workUnrealEngine4/MotorUnreal4B/Intermediate/Shaders/WorkingDirectory/11104/).
[2023.12.27-06.18.31:369][  0]LogShaderCompilers: Cleaned the shader compiler working directory 'C:/Users/MelchioT/AppData/Local/Temp/UnrealShaderWorkingDir/8D3568BD46D43FACA698F1AF373A5C6A/'.
[2023.12.27-06.18.31:369][  0]LogShaderCompilers:Display: Using Local Shader Compiler.
[2023.12.27-06.18.32:169][  0]LogTemp:Display: Loaded TP MacTargetPlatform
[2023.12.27-06.18.32:219][  0]LogTemp:Display: Loaded TP MacNoEditorTargetPlatform
[2023.12.27-06.18.32:269][  0]LogTemp:Display: Loaded TP MacServerTargetPlatform
[2023.12.27-06.18.32:317][  0]LogTemp:Display: Loaded TP MacClientTargetPlatform
[2023.12.27-06.18.32:359][  0]LogTemp:Display: Loaded TP WindowsTargetPlatform
[2023.12.27-06.18.32:409][  0]LogTemp:Display: Loaded TP WindowsNoEditorTargetPlatform
[2023.12.27-06.18.32:458][  0]LogTemp:Display: Loaded TP WindowsServerTargetPlatform
[2023.12.27-06.18.32:508][  0]LogTemp:Display: Loaded TP WindowsClientTargetPlatform
[2023.12.27-06.18.32:549][  0]LogTemp:Display: Loaded TP AllDesktopTargetPlatform
[2023.12.27-06.18.32:597][  0]LogTemp:Display: Loaded TP AndroidTargetPlatform
[2023.12.27-06.18.32:646][  0]LogTemp:Display: Loaded TP Android_PVRTCTargetPlatform
[2023.12.27-06.18.32:695][  0]LogTemp:Display: Loaded TP Android_ATCTargetPlatform
[2023.12.27-06.18.32:747][  0]LogTemp:Display: Loaded TP Android_DXTTargetPlatform
[2023.12.27-06.18.32:798][  0]LogTemp:Display: Loaded TP Android_ETC1TargetPlatform
[2023.12.27-06.18.32:848][  0]LogTemp:Display: Loaded TP Android_ETC2TargetPlatform
[2023.12.27-06.18.32:897][  0]LogTemp:Display: Loaded TP Android_ASTCTargetPlatform
[2023.12.27-06.18.32:945][  0]LogTemp:Display: Loaded TP Android_MultiTargetPlatform
[2023.12.27-06.18.32:982][  0]LogTemp:Display: Loaded TP HTML5TargetPlatform
[2023.12.27-06.18.33:076][  0]LogTemp:Display: Loaded TP IOSTargetPlatform
[2023.12.27-06.18.33:110][  0]LogTemp:Display: Loaded TP TVOSTargetPlatform
[2023.12.27-06.18.33:110][  0]LogTargetPlatformManager:Display: Building Assets For Windows
[2023.12.27-06.18.33:545][  0]LogDerivedDataCache:Display: Max Cache Size: 512 MB
[2023.12.27-06.18.33:586][  0]LogDerivedDataCache: Loaded boot cache 0.04s 50MB ../../../../../Users/MelchioT/Documents/workUnrealEngine4/MotorUnreal4B/DerivedDataCache/Boot.ddc.
[2023.12.27-06.18.33:586][  0]LogDerivedDataCache:Display: Loaded Boot cache: ../../../../../Users/MelchioT/Documents/workUnrealEngine4/MotorUnreal4B/DerivedDataCache/Boot.ddc
[2023.12.27-06.18.33:587][  0]LogDerivedDataCache: FDerivedDataBackendGraph:  Pak pak cache file ../../../../../Users/MelchioT/Documents/workUnrealEngine4/MotorUnreal4B/DerivedDataCache/DDC.ddp not found, will not use a pak cache.
[2023.12.27-06.18.33:587][  0]LogDerivedDataCache: Unable to find inner node Pak for hierarchical cache Hierarchy.
[2023.12.27-06.18.33:587][  0]LogDerivedDataCache: FDerivedDataBackendGraph:  EnginePak pak cache file ../../../Engine/DerivedDataCache/DDC.ddp not found, will not use a pak cache.
[2023.12.27-06.18.33:587][  0]LogDerivedDataCache: Unable to find inner node EnginePak for hierarchical cache Hierarchy.
[2023.12.27-06.18.33:599][  0]LogDerivedDataCache: Using Local data cache path ../../../Engine/DerivedDataCache: Writable
[2023.12.27-06.18.33:599][  0]LogDerivedDataCache: Shared data cache path not found in *engine.ini, will not use an Shared cache.
[2023.12.27-06.18.33:599][  0]LogDerivedDataCache: Unable to find inner node Shared for hierarchical cache Hierarchy.
[2023.12.27-06.18.33:607][  0]LogSlate: Using Freetype 2.6.0
[2023.12.27-06.18.33:607][  0]LogSlate: SlateFontCache - WITH_FREETYPE: 1, WITH_HARFBUZZ: 1
[2023.12.27-06.18.33:607][  0]LogSlate: SlateFontCache - WITH_FREETYPE: 1, WITH_HARFBUZZ: 1
[2023.12.27-06.18.33:815][  0]LogInit: Selected Device Profile: [Windows]
[2023.12.27-06.18.33:818][  0]LogContentStreaming: Texture pool size is 0.00 MB
[2023.12.27-06.18.33:993][  0]LogMeshUtilities: Using QuadricMeshReduction for automatic static mesh reduction
[2023.12.27-06.18.34:002][  0]LogMeshUtilities: No automatic skeletal mesh reduction module available
[2023.12.27-06.18.34:002][  0]LogMeshUtilities: No automatic mesh merging module available
[2023.12.27-06.18.34:002][  0]LogMeshUtilities: No distributed automatic mesh merging module available
[2023.12.27-06.18.34:565][  0]LogNetVersion: GetLocalNetworkVersion: CL: 0, ProjectName: motorunreal4b, ProjectVersion: , EngineNetworkVersion: 2, GameNetworkVersion: 0, NetworkChecksum: 3893362438
[2023.12.27-06.18.34:611][  0]LogAssetRegistry: FAssetRegistry took 0.0221 seconds to start up
[2023.12.27-06.18.34:649][  0]LogPackageLocalizationCache: Processed 3 localized package path(s) for 1 prioritized culture(s) in 0.011208 seconds
[2023.12.27-06.18.34:655][  0]LogUObjectArray: 32434 objects as part of root set at end of initial load.
[2023.12.27-06.18.34:655][  0]LogUObjectAllocator: 7066632 out of 0 bytes used by permanent object pool.
[2023.12.27-06.18.34:655][  0]LogUObjectArray: CloseDisregardForGC: 0/0 objects in disregard for GC pool
[2023.12.27-06.18.34:721][  0]LogInit: WinSock: version 1.1 (2.2), MaxSocks=32767, MaxUdp=65467
[2023.12.27-06.18.36:217][  0]LogTcpMessaging: Initializing TcpMessaging bridge
[2023.12.27-06.18.36:262][  0]LogUdpMessaging: Initializing bridge on interface 0.0.0.0:0 to multicast group 230.0.0.1:6666.
[2023.12.27-06.18.36:805][  0]LogMaterial: Uniform references updated for custom material expression Custom.
[2023.12.27-06.18.37:299][  0]SourceControl: Info Source control is disabled
[2023.12.27-06.18.37:352][  0]SourceControl: Info Source control is disabled
[2023.12.27-06.18.37:413][  0]SourceControl: Info Source control is disabled
[2023.12.27-06.18.37:470][  0]SourceControl: Info Source control is disabled
[2023.12.27-06.18.38:821][  0]LogEngine: Initializing Engine...
[2023.12.27-06.18.38:822][  0]LogHMD: Failed to initialize OpenVR with code 110
[2023.12.27-06.18.39:069][  0]LogAIModule: Creating AISystem for world Untitled
[2023.12.27-06.18.39:086][  0]LogInit: XAudio2 using 'Altavoces (Realtek(R) Audio)' : 2 channels at 48 kHz using 16 bits per sample (channel mask 0x3)
[2023.12.27-06.18.39:707][  0]LogInit: FAudioDevice initialized.
[2023.12.27-06.18.39:750][  0]LogDerivedDataCache: Saved boot cache 0.04s 50MB ../../../../../Users/MelchioT/Documents/workUnrealEngine4/MotorUnreal4B/DerivedDataCache/Boot.ddc.
[2023.12.27-06.18.39:760][  0]LogInit: Texture streaming: Enabled
[2023.12.27-06.18.39:952][  0]LogEngineSessionManager: EngineSessionManager initialized
[2023.12.27-06.18.40:058][  0]LogInit: Transaction tracking system initialized
[2023.12.27-06.18.40:469][  0]BlueprintLog: New page: Editor Load
[2023.12.27-06.18.41:528][  0]LocalizationService: Info Localization service is disabled
[2023.12.27-06.18.42:328][  0]LogConsoleResponse:Display: 
[2023.12.27-06.18.42:481][  0]LogCook:Display: Max memory allowance for cook 16384mb min free memory 0mb
[2023.12.27-06.18.42:481][  0]LogCook:Display: Mobile HDR setting 1
[2023.12.27-06.18.43:385][  0]LogFileCache: Scanning file cache for directory 'C:/Users/MelchioT/Documents/workUnrealEngine4/MotorUnreal4B/Content/' took 0.01s
[2023.12.27-06.18.43:757][  0]SourceControl: Info Source control is disabled
[2023.12.27-06.18.43:757][  0]Cmd: MAP LOAD FILE="../../../Engine/Content/Maps/Templates/Template_Default.umap" TEMPLATE=1 SHOWPROGRESS=1 FEATURELEVEL=3
[2023.12.27-06.18.43:757][  0]LightingResults: New page: Lighting Build
[2023.12.27-06.18.43:798][  0]MapCheck: New page: Map Check
[2023.12.27-06.18.43:798][  0]LightingResults: New page: Lighting Build
[2023.12.27-06.18.43:970][  0]LogAIModule: Creating AISystem for world Untitled_1
[2023.12.27-06.18.43:971][  0]LogActorComponent: RegisterComponentWithWorld: (/Temp/Untitled_1.Untitled_1:PersistentLevel.WorldSettings_1.StaticMeshComponent0) Trying to register component with IsPendingKill() == true. Aborting.
[2023.12.27-06.18.43:976][  0]LogEditorServer: Finished looking for orphan Actors (0.000 secs)
[2023.12.27-06.18.43:982][  0]Cmd: MAP CHECKDEP NOCLEARLOG
[2023.12.27-06.18.44:012][  0]MapCheck: Info Map check complete: 0 Error(s), 0 Warning(s), took 29.01ms to complete.
[2023.12.27-06.18.44:012][  0]LogFileHelpers: Loading map 'Template_Default' took 0.255
[2023.12.27-06.18.44:182][  0]LogCollectionManager: Loaded 0 collections in 0.001435 seconds
[2023.12.27-06.18.44:263][  0]LogFileCache: Scanning file cache for directory 'C:/Users/MelchioT/Documents/workUnrealEngine4/MotorUnreal4B/Saved/Collections/' took 0.01s
[2023.12.27-06.18.44:263][  0]LogFileCache: Scanning file cache for directory 'C:/Users/MelchioT/Documents/workUnrealEngine4/MotorUnreal4B/Content/Developers/MelchioT/Collections/' took 0.01s
[2023.12.27-06.18.44:263][  0]LogFileCache: Scanning file cache for directory 'C:/Users/MelchioT/Documents/workUnrealEngine4/MotorUnreal4B/Content/Collections/' took 0.01s
[2023.12.27-06.18.44:263][  0]LogCollectionManager: Rebuilt the GUID cache for 0 collections in 0.000002 seconds
[2023.12.27-06.18.44:272][  0]LogContentBrowser: Native class hierarchy populated in 0.0086 seconds. Added 2243 classes and 448 folders.
[2023.12.27-06.18.44:275][  0]LogStats: UGameplayTagsManager::ConstructGameplayTagTree: Construct from data asset -  0.000 s
[2023.12.27-06.18.44:275][  0]LogStats: UGameplayTagsManager::ConstructGameplayTagTree: GameplayTagTreeChangedEvent.Broadcast -  0.000 s
[2023.12.27-06.18.44:339][  0]LogContentBrowser: Native class hierarchy updated for 'WidgetCarousel' in 0.0005 seconds. Added 0 classes and 0 folders.
[2023.12.27-06.18.44:367][  0]LogContentBrowser: Native class hierarchy updated for 'AddContentDialog' in 0.0006 seconds. Added 0 classes and 0 folders.
[2023.12.27-06.18.44:410][  0]LogContentBrowser: Native class hierarchy updated for 'SceneOutliner' in 0.0011 seconds. Added 1 classes and 2 folders.
[2023.12.27-06.18.44:462][  0]LogCrashTracker: Crashtracker disabled due to settings.
[2023.12.27-06.18.44:472][  0]LogUObjectGlobals:Warning: Failed to find object 'Class None.'
[2023.12.27-06.18.44:540][  0]LogContentBrowser: Native class hierarchy updated for 'HierarchicalLODOutliner' in 0.0006 seconds. Added 1 classes and 2 folders.
[2023.12.27-06.18.44:541][  0]LogLoad: (Engine Initialization) Total time: 15.37 seconds
[2023.12.27-06.18.44:541][  0]LogLoad: (Engine Initialization) Total Blueprint compile time: 0.08 seconds
[2023.12.27-06.18.44:541][  0]LogExternalProfiler: No external profilers were discovered.  External profiling features will not be available.
[2023.12.27-06.18.44:880][  0]LogOcInput: OculusInput pre-init called
[2023.12.27-06.18.44:896][  0]LogAssetRegistry: Asset discovery search completed in 10.3076 seconds
[2023.12.27-06.18.44:896][  0]LogCollectionManager: Rebuilt the object cache for 0 collections in 0.000000 seconds (found 0 objects)
[2023.12.27-06.18.44:896][  0]LogCollectionManager: Fixed up redirectors for 0 collections in 0.000015 seconds (updated 0 objects)
[2023.12.27-06.18.44:898][  0]LogContentStreaming: Texture pool size now 1000 MB
[2023.12.27-06.18.44:907][  0]LogSlate: Took 0.000231 seconds to synchronously load lazily loaded font '../../../Engine/Content/Slate/Fonts/Roboto-Regular.ttf' (155K)
[2023.12.27-06.18.44:909][  0]LogSlate: Took 0.000269 seconds to synchronously load lazily loaded font '../../../Engine/Content/Slate/Fonts/Roboto-Bold.ttf' (160K)
[2023.12.27-06.18.44:913][  0]LogSlate: Took 0.000228 seconds to synchronously load lazily loaded font '../../../Engine/Content/Editor/Slate/Fonts/FontAwesome.ttf' (139K)
[2023.12.27-06.18.45:026][  0]LogRenderer: Reallocating scene render targets to support 1208x576 NumSamples 1 (Frame:2).
[2023.12.27-06.18.45:083][  0]LogSlate: Took 0.000383 seconds to synchronously load lazily loaded font '../../../Engine/Content/Slate/Fonts/Roboto-Light.ttf' (159K)
[2023.12.27-06.19.57:773][114]LogSlate: Took 0.000150 seconds to synchronously load lazily loaded font '../../../Engine/Content/Slate/Fonts/Roboto-Light.ttf' (159K)
[2023.12.27-06.19.58:076][114]LogSavePackage: Save=23.47ms
[2023.12.27-06.19.58:076][114]LogSavePackage: Moving '../../../../../Users/MelchioT/Documents/workUnrealEngine4/MotorUnreal4B/Saved/NivelE9A323D34C55983CF527EB8513C654FB.tmp' to '../../../../../Users/MelchioT/Documents/workUnrealEngine4/MotorUnreal4B/Content/Ejercicios/Ejercicio2/Nivel.umap'
[2023.12.27-06.19.58:077][114]LogSavePackage:Display: Finished SavePackage ../../../../../Users/MelchioT/Documents/workUnrealEngine4/MotorUnreal4B/Content/Ejercicios/Ejercicio2/Nivel.umap
[2023.12.27-06.19.58:103][114]LogFileHelpers: Saving map 'Nivel' took 0.378
[2023.12.27-06.22.18:487][ 28]LogContentBrowser: Native class hierarchy updated for 'BlueprintGraph' in 0.0009 seconds. Added 112 classes and 0 folders.
[2023.12.27-06.22.18:967][ 28]LogSlate: Took 0.000183 seconds to synchronously load lazily loaded font '../../../Engine/Content/Slate/Fonts/Roboto-Regular.ttf' (155K)
[2023.12.27-06.22.21:632][170]LogRenderer: Reallocating scene render targets to support 1208x900 NumSamples 1 (Frame:146).
[2023.12.27-06.22.22:690][233]LogSlate: Took 0.000334 seconds to synchronously load lazily loaded font '../../../Engine/Content/Editor/Slate/Fonts/Roboto-Italic.ttf' (157K)
[2023.12.27-06.23.13:014][223]LogEditorTransaction: Undo Modify Component(s)
[2023.12.27-06.23.13:027][223]LogSlate: Took 0.000226 seconds to synchronously load lazily loaded font '../../../Engine/Content/Slate/Fonts/Roboto-Light.ttf' (159K)
[2023.12.27-06.23.14:138][289]LogEditorTransaction: Undo Rename Component Variable
[2023.12.27-06.23.38:586][745]LogEditorTransaction: Undo Modify Component(s)
[2023.12.27-06.23.41:826][938]LogEditorTransaction: Undo Add Component
[2023.12.27-06.23.42:318][966]LogEditorTransaction: Undo Make New Scene Root
[2023.12.27-06.24.21:325][277]LogSavePackage: Save=14.70ms
[2023.12.27-06.24.21:325][277]LogSavePackage: Moving '../../../../../Users/MelchioT/Documents/workUnrealEngine4/MotorUnreal4B/Saved/Colisionador11365A940464B54F93FE45C9333E8261D.tmp' to '../../../../../Users/MelchioT/Documents/workUnrealEngine4/MotorUnreal4B/Content/Ejercicios/Ejercicio2/Colisionador1.uasset'
[2023.12.27-06.24.21:326][277]LogSavePackage:Display: Finished SavePackage ../../../../../Users/MelchioT/Documents/workUnrealEngine4/MotorUnreal4B/Content/Ejercicios/Ejercicio2/Colisionador1.uasset
[2023.12.27-06.24.25:342][511]LogSavePackage: Save=8.31ms
[2023.12.27-06.24.25:342][511]LogSavePackage: Moving '../../../../../Users/MelchioT/Documents/workUnrealEngine4/MotorUnreal4B/Saved/Colisionador1E352986140492098F09D93988B40663F.tmp' to '../../../../../Users/MelchioT/Documents/workUnrealEngine4/MotorUnreal4B/Content/Ejercicios/Ejercicio2/Colisionador1.uasset'
[2023.12.27-06.24.25:342][511]LogSavePackage:Display: Finished SavePackage ../../../../../Users/MelchioT/Documents/workUnrealEngine4/MotorUnreal4B/Content/Ejercicios/Ejercicio2/Colisionador1.uasset
[2023.12.27-06.24.29:876][762]LogSlate: Took 0.000313 seconds to synchronously load lazily loaded font '../../../Engine/Content/Editor/Slate/Fonts/Roboto-BoldCondensed.ttf' (158K)
[2023.12.27-06.24.41:946][477]LogSavePackage: Save=15.52ms
[2023.12.27-06.24.41:946][477]LogSavePackage: Moving '../../../../../Users/MelchioT/Documents/workUnrealEngine4/MotorUnreal4B/Saved/NewBlueprint04C2463A4D2B1EC17939258E41B7C46C.tmp' to '../../../../../Users/MelchioT/Documents/workUnrealEngine4/MotorUnreal4B/Content/Contenido/Blueprints/NewBlueprint.uasset'
[2023.12.27-06.24.41:949][477]LogSavePackage:Display: Finished SavePackage ../../../../../Users/MelchioT/Documents/workUnrealEngine4/MotorUnreal4B/Content/Contenido/Blueprints/NewBlueprint.uasset
[2023.12.27-06.24.49:425][916]LogSavePackage: Save=8.93ms
[2023.12.27-06.24.49:425][916]LogSavePackage: Moving '../../../../../Users/MelchioT/Documents/workUnrealEngine4/MotorUnreal4B/Saved/NewBlueprint0E4FDE8046798AA098D083A46E0E789C.tmp' to '../../../../../Users/MelchioT/Documents/workUnrealEngine4/MotorUnreal4B/Content/Contenido/Blueprints/NewBlueprint.uasset'
[2023.12.27-06.24.49:426][916]LogSavePackage:Display: Finished SavePackage ../../../../../Users/MelchioT/Documents/workUnrealEngine4/MotorUnreal4B/Content/Contenido/Blueprints/NewBlueprint.uasset
[2023.12.27-06.24.52:148][ 75]LogActorComponent: UnregisterComponent: (/Engine/Transient.EditorFloorComp) Not registered. Aborting.
[2023.12.27-06.25.55:458][821]LogSavePackage: Save=14.95ms
[2023.12.27-06.25.55:458][821]LogSavePackage: Moving '../../../../../Users/MelchioT/Documents/workUnrealEngine4/MotorUnreal4B/Saved/Colisionador28A8ABB464482C9140AF1E284D2CCFED5.tmp' to '../../../../../Users/MelchioT/Documents/workUnrealEngine4/MotorUnreal4B/Content/Ejercicios/Ejercicio2/Colisionador2.uasset'
[2023.12.27-06.25.55:460][821]LogSavePackage:Display: Finished SavePackage ../../../../../Users/MelchioT/Documents/workUnrealEngine4/MotorUnreal4B/Content/Ejercicios/Ejercicio2/Colisionador2.uasset
[2023.12.27-06.25.58:129][978]LogSavePackage: Save=8.13ms
[2023.12.27-06.25.58:129][978]LogSavePackage: Moving '../../../../../Users/MelchioT/Documents/workUnrealEngine4/MotorUnreal4B/Saved/Colisionador2CFA161824DCA8C0BFF4B768B43804FB3.tmp' to '../../../../../Users/MelchioT/Documents/workUnrealEngine4/MotorUnreal4B/Content/Ejercicios/Ejercicio2/Colisionador2.uasset'
[2023.12.27-06.25.58:129][978]LogSavePackage:Display: Finished SavePackage ../../../../../Users/MelchioT/Documents/workUnrealEngine4/MotorUnreal4B/Content/Ejercicios/Ejercicio2/Colisionador2.uasset
[2023.12.27-06.26.14:752][919]LogEditorTransaction: Undo Add Component
[2023.12.27-06.27.52:330][675]LogEditorTransaction: Undo Modify Component(s)
[2023.12.27-06.27.53:066][718]LogEditorTransaction: Undo Edit Capsule Radius
[2023.12.27-06.27.53:271][729]LogEditorTransaction: Undo Edit Capsule Half Height
[2023.12.27-06.27.53:435][738]LogEditorTransaction: Undo Modify Component(s)
[2023.12.27-06.27.53:602][747]LogEditorTransaction: Undo Modify Component(s)
[2023.12.27-06.27.53:798][758]LogEditorTransaction: Undo Edit Capsule Half Height
[2023.12.27-06.27.53:987][768]LogEditorTransaction: Undo Modify Component(s)
[2023.12.27-06.27.54:167][778]LogEditorTransaction: Undo Edit Capsule Half Height
[2023.12.27-06.27.54:481][796]LogEditorTransaction: Undo Edit Capsule Radius
[2023.12.27-06.27.54:816][815]LogEditorTransaction: Undo Edit Capsule Radius
[2023.12.27-06.27.54:988][825]LogEditorTransaction: Undo Edit Capsule Half Height
[2023.12.27-06.27.55:138][833]LogEditorTransaction: Undo Add Component
[2023.12.27-06.27.55:322][843]LogEditorTransaction: Undo Make New Scene Root
[2023.12.27-06.27.55:486][852]LogEditorTransaction: Undo Add Component
[2023.12.27-06.27.55:653][861]LogEditorTransaction: Undo Edit Sphere Radius
[2023.12.27-06.27.55:836][872]LogEditorTransaction: Undo Edit Sphere Radius
[2023.12.27-06.27.56:053][885]LogEditorTransaction: Undo Edit Sphere Radius
[2023.12.27-06.27.56:236][896]LogEditorTransaction: Undo Edit Sphere Radius
[2023.12.27-06.27.56:387][905]LogEditorTransaction: Undo Edit Sphere Radius
[2023.12.27-06.28.37:967][ 50]LogEditorTransaction: Undo Set actor scale
[2023.12.27-06.29.16:366][143]LogSavePackage: Save=14.91ms
[2023.12.27-06.29.16:366][143]LogSavePackage: Moving '../../../../../Users/MelchioT/Documents/workUnrealEngine4/MotorUnreal4B/Saved/Colisionador3F714EC644882F8B0723A76A3C1973805.tmp' to '../../../../../Users/MelchioT/Documents/workUnrealEngine4/MotorUnreal4B/Content/Ejercicios/Ejercicio2/Colisionador3.uasset'
[2023.12.27-06.29.16:368][143]LogSavePackage:Display: Finished SavePackage ../../../../../Users/MelchioT/Documents/workUnrealEngine4/MotorUnreal4B/Content/Ejercicios/Ejercicio2/Colisionador3.uasset
[2023.12.27-06.29.31:363][777]LogEditorViewport: Clicking on Actor (LMB): Colisionador1_C (Colisionador1)
[2023.12.27-06.29.41:741][397]LogEditorViewport: Clicking on Actor (LMB): Colisionador2_C (Colisionador2)
[2023.12.27-06.29.54:610][166]LogEditorViewport: Clicking on Actor (LMB): Colisionador3_C (Colisionador3)
[2023.12.27-06.30.12:475][233]LogEditorViewport: Clicking on Actor (LMB): Colisionador1_C (Colisionador1)
[2023.12.27-06.30.14:094][328]LogEditorViewport: Clicking on Actor (LMB): Colisionador2_C (Colisionador2)
[2023.12.27-06.30.15:264][396]LogEditorViewport: Clicking on Actor (LMB): Colisionador3_C (Colisionador3)
[2023.12.27-06.30.17:783][545]LogEditorViewport: Clicking on Actor (LMB): StaticMeshActor (Floor)
[2023.12.27-06.30.18:909][604]LogSavePackage: Save=24.51ms
[2023.12.27-06.30.18:909][604]LogSavePackage: Moving '../../../../../Users/MelchioT/Documents/workUnrealEngine4/MotorUnreal4B/Saved/Nivel1CCE9BCD46ED55DA66B92898DFFBA483.tmp' to '../../../../../Users/MelchioT/Documents/workUnrealEngine4/MotorUnreal4B/Content/Ejercicios/Ejercicio2/Nivel.umap'
[2023.12.27-06.30.18:911][604]LogSavePackage:Display: Finished SavePackage ../../../../../Users/MelchioT/Documents/workUnrealEngine4/MotorUnreal4B/Content/Ejercicios/Ejercicio2/Nivel.umap
[2023.12.27-06.30.19:881][661]LogTemp: Repeting last play command: Selected Viewport
[2023.12.27-06.30.19:890][661]BlueprintLog: New page: Pre-Play auto-recompile
[2023.12.27-06.30.19:890][661]LogPlayLevel: [PlayLevel] Compiling Colisionador1 before play...
[2023.12.27-06.30.20:062][661]LogPlayLevel: [PlayLevel] Compiling Colisionador2 before play...
[2023.12.27-06.30.20:065][661]LogSpawn:Warning: UWorld::DestroyActor: World has no context! World: World_6, Actor: /Engine/Transient.World_6:PersistentLevel.REINST_Colisionador2_C_0
[2023.12.27-06.30.20:065][661]LogWorld: --- Actors Currently in /Engine/Transient.World_6:PersistentLevel ---
[2023.12.27-06.30.20:065][661]LogWorld:   /Engine/Transient.World_6:PersistentLevel.WorldSettings
[2023.12.27-06.30.20:065][661]LogWorld:   /Engine/Transient.World_6:PersistentLevel.Brush_6
[2023.12.27-06.30.20:065][661]LogWorld:   /Engine/Transient.World_6:PersistentLevel.DefaultPhysicsVolume_6
[2023.12.27-06.30.20:065][661]LogWorld:   /Engine/Transient.World_6:PersistentLevel.ParticleEventManager_6
[2023.12.27-06.30.20:065][661]LogWorld:   NONE
[2023.12.27-06.30.20:065][661]LogWorld:   /Engine/Transient.World_6:PersistentLevel.Colisionador2_C_0
[2023.12.27-06.30.30:440][661]LogStats: FPlatformStackWalk::StackWalkAndDump - 10.375 s
[2023.12.27-06.30.30:441][661]LogOutputDevice:Error: === Handled ensure: ===
[2023.12.27-06.30.30:441][661]LogOutputDevice:Error: 
[2023.12.27-06.30.30:441][661]LogOutputDevice:Error: Ensure condition failed: false [File:C:\Users\MelchioT\Desktop\UE\Engine\Source\Runtime\Engine\Private\World.cpp] [Line: 1503]
[2023.12.27-06.30.30:441][661]LogOutputDevice:Error: Could not remove actor /Engine/Transient.World_6:PersistentLevel.REINST_Colisionador2_C_0 from world (check level is /Engine/Transient.World_6:PersistentLevel)
[2023.12.27-06.30.30:441][661]LogOutputDevice:Error: Stack: 
[2023.12.27-06.30.30:441][661]LogOutputDevice:Error: UE4Editor-Core.dll!FWindowsPlatformStackWalk::StackWalkAndDump() [c:\users\melchiot\desktop\ue\engine\source\runtime\core\private\windows\windowsplatformstackwalk.cpp:200]
[2023.12.27-06.30.30:441][661]LogOutputDevice:Error: UE4Editor-Core.dll!FDebug::EnsureFailed() [c:\users\melchiot\desktop\ue\engine\source\runtime\core\private\misc\assertionmacros.cpp:233]
[2023.12.27-06.30.30:441][661]LogOutputDevice:Error: UE4Editor-Core.dll!FDebug::OptionallyLogFormattedEnsureMessageReturningFalse() [c:\users\melchiot\desktop\ue\engine\source\runtime\core\private\misc\assertionmacros.cpp:360]
[2023.12.27-06.30.30:441][661]LogOutputDevice:Error: UE4Editor-Engine.dll!UWorld::RemoveActor() [c:\users\melchiot\desktop\ue\engine\source\runtime\engine\private\world.cpp:1503]
[2023.12.27-06.30.30:441][661]LogOutputDevice:Error: UE4Editor-Engine.dll!UWorld::DestroyActor() [c:\users\melchiot\desktop\ue\engine\source\runtime\engine\private\levelactor.cpp:653]
[2023.12.27-06.30.30:441][661]LogOutputDevice:Error: UE4Editor-Engine.dll!UWorld::EditorDestroyActor() [c:\users\melchiot\desktop\ue\engine\source\runtime\engine\private\levelactor.cpp:499]
[2023.12.27-06.30.30:441][661]LogOutputDevice:Error: UE4Editor-UnrealEd.dll!FBlueprintCompileReinstancer::ReplaceInstancesOfClass_Inner() [c:\users\melchiot\desktop\ue\engine\source\editor\unrealed\private\kismet2\kismetreinstanceutilities.cpp:1710]
[2023.12.27-06.30.30:441][661]LogOutputDevice:Error: UE4Editor-UnrealEd.dll!FBlueprintCompileReinstancer::ReplaceInstancesOfClass() [c:\users\melchiot\desktop\ue\engine\source\editor\unrealed\private\kismet2\kismetreinstanceutilities.cpp:1476]
[2023.12.27-06.30.30:441][661]LogOutputDevice:Error: UE4Editor-UnrealEd.dll!FBlueprintCompileReinstancer::ReinstanceInner() [c:\users\melchiot\desktop\ue\engine\source\editor\unrealed\private\kismet2\kismetreinstanceutilities.cpp:682]
[2023.12.27-06.30.30:441][661]LogOutputDevice:Error: UE4Editor-UnrealEd.dll!FBlueprintCompileReinstancer::ReinstanceObjects() [c:\users\melchiot\desktop\ue\engine\source\editor\unrealed\private\kismet2\kismetreinstanceutilities.cpp:913]
[2023.12.27-06.30.30:441][661]LogOutputDevice:Error: UE4Editor-UnrealEd.dll!FKismetEditorUtilities::CompileBlueprint() [c:\users\melchiot\desktop\ue\engine\source\editor\unrealed\private\kismet2\kismet2.cpp:868]
[2023.12.27-06.30.30:441][661]LogOutputDevice:Error: UE4Editor-UnrealEd.dll!FInternalPlayLevelUtils::ResolveDirtyBlueprints() [c:\users\melchiot\desktop\ue\engine\source\editor\unrealed\private\playlevel.cpp:1835]
[2023.12.27-06.30.30:441][661]LogOutputDevice:Error: UE4Editor-UnrealEd.dll!UEditorEngine::PlayInEditor() [c:\users\melchiot\desktop\ue\engine\source\editor\unrealed\private\playlevel.cpp:2374]
[2023.12.27-06.30.30:441][661]LogOutputDevice:Error: UE4Editor-UnrealEd.dll!UEditorEngine::StartQueuedPlayMapRequest() [c:\users\melchiot\desktop\ue\engine\source\editor\unrealed\private\playlevel.cpp:1215]
[2023.12.27-06.30.30:441][661]LogOutputDevice:Error: UE4Editor-UnrealEd.dll!UEditorEngine::Tick() [c:\users\melchiot\desktop\ue\engine\source\editor\unrealed\private\editorengine.cpp:1522]
[2023.12.27-06.30.30:441][661]LogOutputDevice:Error: UE4Editor-UnrealEd.dll!UUnrealEdEngine::Tick() [c:\users\melchiot\desktop\ue\engine\source\editor\unrealed\private\unrealedengine.cpp:391]
[2023.12.27-06.30.30:441][661]LogOutputDevice:Error: UE4Editor.exe!FEngineLoop::Tick() [c:\users\melchiot\desktop\ue\engine\source\runtime\launch\private\launchengineloop.cpp:3025]
[2023.12.27-06.30.30:441][661]LogOutputDevice:Error: UE4Editor.exe!GuardedMain() [c:\users\melchiot\desktop\ue\engine\source\runtime\launch\private\launch.cpp:166]
[2023.12.27-06.30.30:441][661]LogOutputDevice:Error: UE4Editor.exe!GuardedMainWrapper() [c:\users\melchiot\desktop\ue\engine\source\runtime\launch\private\windows\launchwindows.cpp:134]
[2023.12.27-06.30.30:441][661]LogOutputDevice:Error: UE4Editor.exe!WinMain() [c:\users\melchiot\desktop\ue\engine\source\runtime\launch\private\windows\launchwindows.cpp:210]
[2023.12.27-06.30.30:441][661]LogOutputDevice:Error: UE4Editor.exe!__scrt_common_main_seh() [f:\dd\vctools\crt\vcstartup\src\startup\exe_common.inl:253]
[2023.12.27-06.30.30:441][661]LogOutputDevice:Error: KERNEL32.DLL!0x000000002C967344
[2023.12.27-06.30.30:441][661]LogOutputDevice:Error: ntdll.dll!0x000000002D3C26B1
[2023.12.27-06.30.30:441][661]LogOutputDevice:Error: 
[2023.12.27-06.30.30:451][661]LogStats:                SubmitErrorReport -  0.000 s
[2023.12.27-06.30.30:665][661]LogWindows:Warning: CreateProc failed (2) ../../../Engine/Binaries/Win64/CrashReportClient.exe "C:/Users/MelchioT/Documents/workUnrealEngine4/MotorUnreal4B/Saved/Logs/UE4CC-Windows-436F89C14F0A79B4E14ABEA8AABC8E40_0000" -Unattended -AppName=UE4-MotorUnreal4B -CrashGUID=UE4CC-Windows-436F89C14F0A79B4E14ABEA8AABC8E40_0000 -DebugSymbols=..\..\..\Engine\Intermediate\Symbols
[2023.12.27-06.30.30:665][661]LogStats:                    SendNewReport -  0.214 s
[2023.12.27-06.30.30:665][661]LogStats:             FDebug::EnsureFailed - 10.600 s
[2023.12.27-06.30.30:892][661]LogPlayLevel: [PlayLevel] Compiling Colisionador3 before play...
[2023.12.27-06.30.31:064][661]LogPlayLevel: [PlayLevel] Compiling NewBlueprint before play...
[2023.12.27-06.30.31:142][661]LogPlayLevel: PlayLevel: Blueprint regeneration took 11251 ms (4 blueprints)
[2023.12.27-06.30.31:142][661]PIE: New page: PIE session: Nivel (Dec 27, 2023, 12:30:31 AM)
[2023.12.27-06.30.31:142][661]LogPlayLevel: Creating play world package: /Game/Ejercicios/Ejercicio2/UEDPIE_0_Nivel
[2023.12.27-06.30.31:144][661]LogPlayLevel: PIE: StaticDuplicateObject took: (0.001668s)
[2023.12.27-06.30.31:145][661]LogAIModule: Creating AISystem for world Nivel
[2023.12.27-06.30.31:145][661]LogPlayLevel: PIE: World Init took: (0.000763s)
[2023.12.27-06.30.31:145][661]LogPlayLevel: PIE: Created PIE world by copying editor world from /Game/Ejercicios/Ejercicio2/Nivel.Nivel to /Game/Ejercicios/Ejercicio2/UEDPIE_0_Nivel.Nivel (0.002640s)
[2023.12.27-06.30.31:167][661]LogInit: XAudio2 using 'Altavoces (Realtek(R) Audio)' : 2 channels at 48 kHz using 16 bits per sample (channel mask 0x3)
[2023.12.27-06.30.31:184][661]LogInit: FAudioDevice initialized.
[2023.12.27-06.30.31:230][661]LogLoad: Game class is 'GameModeBase'
[2023.12.27-06.30.31:234][661]LogWorld: Bringing World /Game/Ejercicios/Ejercicio2/UEDPIE_0_Nivel.Nivel up for play (max tick rate 60) at 2023.12.27-03.30.31
[2023.12.27-06.30.31:234][661]LogWorld: Bringing up level for play took: 0.001040
[2023.12.27-06.30.31:274][661]LogContentBrowser: Native class hierarchy updated for 'MovieSceneCapture' in 0.0005 seconds. Added 11 classes and 0 folders.
[2023.12.27-06.30.31:275][661]PIE: Info Play in editor start time for /Game/Ejercicios/Ejercicio2/UEDPIE_0_Nivel 10.742
[2023.12.27-06.30.43:347][310]LogTemp: Repeting last play command: Selected Viewport
[2023.12.27-06.30.43:355][310]LogPlayLevel: PlayLevel: No blueprints needed recompiling
[2023.12.27-06.30.43:355][310]PIE: New page: PIE session: Nivel (Dec 27, 2023, 12:30:43 AM)
[2023.12.27-06.30.43:355][310]LogPlayLevel: Creating play world package: /Game/Ejercicios/Ejercicio2/UEDPIE_0_Nivel
[2023.12.27-06.30.43:356][310]LogPlayLevel: PIE: StaticDuplicateObject took: (0.001619s)
[2023.12.27-06.30.43:359][310]LogAIModule: Creating AISystem for world Nivel
[2023.12.27-06.30.43:359][310]LogPlayLevel: PIE: World Init took: (0.002414s)
[2023.12.27-06.30.43:359][310]LogPlayLevel: PIE: Created PIE world by copying editor world from /Game/Ejercicios/Ejercicio2/Nivel.Nivel to /Game/Ejercicios/Ejercicio2/UEDPIE_0_Nivel.Nivel (0.004285s)
[2023.12.27-06.30.43:380][310]LogInit: XAudio2 using 'Altavoces (Realtek(R) Audio)' : 2 channels at 48 kHz using 16 bits per sample (channel mask 0x3)
[2023.12.27-06.30.43:397][310]LogInit: FAudioDevice initialized.
[2023.12.27-06.30.43:430][310]LogLoad: Game class is 'GameModeBase'
[2023.12.27-06.30.43:432][310]LogWorld: Bringing World /Game/Ejercicios/Ejercicio2/UEDPIE_0_Nivel.Nivel up for play (max tick rate 60) at 2023.12.27-03.30.43
[2023.12.27-06.30.43:432][310]LogWorld: Bringing up level for play took: 0.001003
[2023.12.27-06.30.43:433][310]PIE: Info Play in editor start time for /Game/Ejercicios/Ejercicio2/UEDPIE_0_Nivel 0.902
[2023.12.27-06.30.53:061][874]LogEditorViewport: Clicking on Actor (LMB): Colisionador3_C (Colisionador3)
[2023.12.27-06.30.57:592][139]LogSavePackage: Save=30.43ms
[2023.12.27-06.30.57:592][139]LogSavePackage: Moving '../../../../../Users/MelchioT/Documents/workUnrealEngine4/MotorUnreal4B/Saved/NivelD73E49864642ACA447FAF88C1FF55BBD.tmp' to '../../../../../Users/MelchioT/Documents/workUnrealEngine4/MotorUnreal4B/Content/Ejercicios/Ejercicio2/Nivel.umap'
[2023.12.27-06.30.57:595][139]LogSavePackage:Display: Finished SavePackage ../../../../../Users/MelchioT/Documents/workUnrealEngine4/MotorUnreal4B/Content/Ejercicios/Ejercicio2/Nivel.umap
[2023.12.27-06.31.00:743][322]LogSavePackage: Save=23.66ms
[2023.12.27-06.31.00:743][322]LogSavePackage: Moving '../../../../../Users/MelchioT/Documents/workUnrealEngine4/MotorUnreal4B/Saved/NivelA595AAD0400B01098A1EBB82DC85F8F1.tmp' to '../../../../../Users/MelchioT/Documents/workUnrealEngine4/MotorUnreal4B/Content/Ejercicios/Ejercicio2/Nivel.umap'
[2023.12.27-06.31.00:744][322]LogSavePackage:Display: Finished SavePackage ../../../../../Users/MelchioT/Documents/workUnrealEngine4/MotorUnreal4B/Content/Ejercicios/Ejercicio2/Nivel.umap
[2023.12.27-06.31.01:260][349]LogTemp: Repeting last play command: Selected Viewport
[2023.12.27-06.31.01:269][349]LogPlayLevel: PlayLevel: No blueprints needed recompiling
[2023.12.27-06.31.01:269][349]PIE: New page: PIE session: Nivel (Dec 27, 2023, 12:31:01 AM)
[2023.12.27-06.31.01:269][349]LogPlayLevel: Creating play world package: /Game/Ejercicios/Ejercicio2/UEDPIE_0_Nivel
[2023.12.27-06.31.01:271][349]LogPlayLevel: PIE: StaticDuplicateObject took: (0.002024s)
[2023.12.27-06.31.01:272][349]LogAIModule: Creating AISystem for world Nivel
[2023.12.27-06.31.01:272][349]LogPlayLevel: PIE: World Init took: (0.000818s)
[2023.12.27-06.31.01:272][349]LogPlayLevel: PIE: Created PIE world by copying editor world from /Game/Ejercicios/Ejercicio2/Nivel.Nivel to /Game/Ejercicios/Ejercicio2/UEDPIE_0_Nivel.Nivel (0.003056s)
[2023.12.27-06.31.01:294][349]LogInit: XAudio2 using 'Altavoces (Realtek(R) Audio)' : 2 channels at 48 kHz using 16 bits per sample (channel mask 0x3)
[2023.12.27-06.31.01:312][349]LogInit: FAudioDevice initialized.
[2023.12.27-06.31.01:342][349]LogLoad: Game class is 'GameModeBase'
[2023.12.27-06.31.01:345][349]LogWorld: Bringing World /Game/Ejercicios/Ejercicio2/UEDPIE_0_Nivel.Nivel up for play (max tick rate 60) at 2023.12.27-03.31.01
[2023.12.27-06.31.01:345][349]LogWorld: Bringing up level for play took: 0.000944
[2023.12.27-06.31.01:346][349]PIE: Info Play in editor start time for /Game/Ejercicios/Ejercicio2/UEDPIE_0_Nivel 0.814
[2023.12.27-06.31.33:690][999]LogSavePackage: Save=9.01ms
[2023.12.27-06.31.33:690][999]LogSavePackage: Moving '../../../../../Users/MelchioT/Documents/workUnrealEngine4/MotorUnreal4B/Saved/Colisionador2CDFD23F4482667E2CFFE3598A6B909E1.tmp' to '../../../../../Users/MelchioT/Documents/workUnrealEngine4/MotorUnreal4B/Content/Ejercicios/Ejercicio2/Colisionador2.uasset'
[2023.12.27-06.31.33:692][999]LogSavePackage:Display: Finished SavePackage ../../../../../Users/MelchioT/Documents/workUnrealEngine4/MotorUnreal4B/Content/Ejercicios/Ejercicio2/Colisionador2.uasset
[2023.12.27-06.31.33:943][  0]Cmd: QUIT_EDITOR
[2023.12.27-06.31.34:196][  0]LogWindowsTextInputMethodSystem:Display: IME system now deactivated.
[2023.12.27-06.31.34:214][  0]LogExit: Preparing to exit.
[2023.12.27-06.31.34:787][  0]LogDirectoryWatcher: A directory notification for 'C:/Users/MelchioT/Documents/workUnrealEngine4/MotorUnreal4B/Content/' was aborted.
[2023.12.27-06.31.34:822][  0]LogExit: Editor shut down
[2023.12.27-06.31.34:822][  0]LogExit: Transaction tracking system shut down
[2023.12.27-06.31.34:925][  0]LogObj: Freed 0b from 0 cluster array pools.
[2023.12.27-06.31.34:925][  0]LogExit: Object subsystem successfully closed.
[2023.12.27-06.31.34:944][  0]LogD3D11RHI: Shutdown
[2023.12.27-06.31.34:944][  0]LogD3D11RHI: CleanupD3DDevice
[2023.12.27-06.31.35:077][  0]LogD3D11RHI: ~FD3D11DynamicRHI
[2023.12.27-06.31.35:088][  0]LogModuleManager: Shutting down and abandoning module MovieSceneCapture (486)
[2023.12.27-06.31.35:088][  0]LogModuleManager: Shutting down and abandoning module BlueprintGraph (484)
[2023.12.27-06.31.35:088][  0]LogModuleManager: Shutting down and abandoning module BlueprintProfiler (482)
[2023.12.27-06.31.35:088][  0]LogModuleManager: Shutting down and abandoning module HierarchicalLODOutliner (480)
[2023.12.27-06.31.35:088][  0]LogModuleManager: Shutting down and abandoning module CrashTracker (478)
[2023.12.27-06.31.35:088][  0]LogModuleManager: Shutting down and abandoning module SceneOutliner (476)
[2023.12.27-06.31.35:088][  0]LogModuleManager: Shutting down and abandoning module AddContentDialog (474)
[2023.12.27-06.31.35:088][  0]LogDirectoryWatcher: A directory notification for 'C:/Program Files/Unreal Engine 4 (4.15.0)/FeaturePacks/' was aborted.
[2023.12.27-06.31.35:090][  0]LogModuleManager: Shutting down and abandoning module WidgetCarousel (473)
[2023.12.27-06.31.35:090][  0]LogModuleManager: Shutting down and abandoning module EditorWidgets (470)
[2023.12.27-06.31.35:090][  0]LogModuleManager: Shutting down and abandoning module CollectionManager (468)
[2023.12.27-06.31.35:090][  0]LogDirectoryWatcher: A directory notification for 'C:/Users/MelchioT/Documents/workUnrealEngine4/MotorUnreal4B/Content/Collections/' was aborted.
[2023.12.27-06.31.35:090][  0]LogDirectoryWatcher: A directory notification for 'C:/Users/MelchioT/Documents/workUnrealEngine4/MotorUnreal4B/Content/Developers/MelchioT/Collections/' was aborted.
[2023.12.27-06.31.35:090][  0]LogDirectoryWatcher: A directory notification for 'C:/Users/MelchioT/Documents/workUnrealEngine4/MotorUnreal4B/Saved/Collections/' was aborted.
[2023.12.27-06.31.35:090][  0]LogModuleManager: Shutting down and abandoning module StatsViewer (466)
[2023.12.27-06.31.35:090][  0]LogModuleManager: Shutting down and abandoning module FoliageEdit (464)
[2023.12.27-06.31.35:090][  0]LogModuleManager: Shutting down and abandoning module LandscapeEditor (462)
[2023.12.27-06.31.35:090][  0]LogModuleManager: Shutting down and abandoning module SceneDepthPickerMode (460)
[2023.12.27-06.31.35:090][  0]LogModuleManager: Shutting down and abandoning module ActorPickerMode (458)
[2023.12.27-06.31.35:090][  0]LogModuleManager: Shutting down and abandoning module GeometryMode (456)
[2023.12.27-06.31.35:090][  0]LogModuleManager: Shutting down and abandoning module TextureAlignMode (454)
[2023.12.27-06.31.35:090][  0]LogModuleManager: Shutting down and abandoning module BspMode (452)
[2023.12.27-06.31.35:090][  0]LogModuleManager: Shutting down and abandoning module HardwareSurvey (450)
[2023.12.27-06.31.35:090][  0]LogModuleManager: Shutting down and abandoning module SequenceRecorderSections (448)
[2023.12.27-06.31.35:090][  0]LogModuleManager: Shutting down and abandoning module AutomationWorker (446)
[2023.12.27-06.31.35:090][  0]LogModuleManager: Shutting down and abandoning module MatineeToLevelSequence (444)
[2023.12.27-06.31.35:090][  0]LogModuleManager: Shutting down and abandoning module LevelSequenceEditor (442)
[2023.12.27-06.31.35:090][  0]LogModuleManager: Shutting down and abandoning module PlacementMode (441)
[2023.12.27-06.31.35:090][  0]LogModuleManager: Shutting down and abandoning module WmfMediaFactory (438)
[2023.12.27-06.31.35:090][  0]LogModuleManager: Shutting down and abandoning module WmfMediaEditor (436)
[2023.12.27-06.31.35:090][  0]LogModuleManager: Shutting down and abandoning module MfMediaFactory (434)
[2023.12.27-06.31.35:090][  0]LogModuleManager: Shutting down and abandoning module MfMediaEditor (432)
[2023.12.27-06.31.35:090][  0]LogModuleManager: Shutting down and abandoning module AvfMediaFactory (430)
[2023.12.27-06.31.35:090][  0]LogModuleManager: Shutting down and abandoning module AvfMediaEditor (428)
[2023.12.27-06.31.35:090][  0]LogModuleManager: Shutting down and abandoning module AndroidMediaFactory (426)
[2023.12.27-06.31.35:090][  0]LogModuleManager: Shutting down and abandoning module Media (425)
[2023.12.27-06.31.35:090][  0]LogModuleManager: Shutting down and abandoning module AndroidMediaEditor (422)
[2023.12.27-06.31.35:090][  0]LogModuleManager: Shutting down and abandoning module CharacterAI (420)
[2023.12.27-06.31.35:090][  0]LogModuleManager: Shutting down and abandoning module AudioCapture (418)
[2023.12.27-06.31.35:090][  0]LogModuleManager: Shutting down and abandoning module SequenceRecorder (417)
[2023.12.27-06.31.35:090][  0]LogModuleManager: Shutting down and abandoning module SmartSnapping (414)
[2023.12.27-06.31.35:090][  0]LogModuleManager: Shutting down and abandoning module SessionServices (412)
[2023.12.27-06.31.35:090][  0]LogModuleManager: Shutting down and abandoning module ViewportSnapping (410)
[2023.12.27-06.31.35:090][  0]LogModuleManager: Shutting down and abandoning module ViewportInteraction (408)
[2023.12.27-06.31.35:090][  0]LogModuleManager: Shutting down and abandoning module LogVisualizer (406)
[2023.12.27-06.31.35:091][  0]LogModuleManager: Shutting down and abandoning module IntroTutorials (404)
[2023.12.27-06.31.35:091][  0]LogModuleManager: Shutting down and abandoning module GameProjectGeneration (403)
[2023.12.27-06.31.35:091][  0]LogModuleManager: Shutting down and abandoning module EditorLiveStreaming (400)
[2023.12.27-06.31.35:091][  0]LogModuleManager: Shutting down and abandoning module IOSPlatformEditor (398)
[2023.12.27-06.31.35:091][  0]LogModuleManager: Shutting down and abandoning module HTML5PlatformEditor (396)
[2023.12.27-06.31.35:091][  0]LogModuleManager: Shutting down and abandoning module AndroidPlatformEditor (394)
[2023.12.27-06.31.35:091][  0]LogModuleManager: Shutting down and abandoning module AndroidDeviceDetection (393)
[2023.12.27-06.31.35:406][  0]LogModuleManager: Shutting down and abandoning module IOSRuntimeSettings (390)
[2023.12.27-06.31.35:407][  0]LogModuleManager: Shutting down and abandoning module AndroidRuntimeSettings (388)
[2023.12.27-06.31.35:407][  0]LogModuleManager: Shutting down and abandoning module InputBindingEditor (386)
[2023.12.27-06.31.35:407][  0]LogModuleManager: Shutting down and abandoning module NiagaraEditor (384)
[2023.12.27-06.31.35:407][  0]LogModuleManager: Shutting down and abandoning module MergeActors (382)
[2023.12.27-06.31.35:407][  0]LogModuleManager: Shutting down and abandoning module SizeMap (380)
[2023.12.27-06.31.35:407][  0]LogModuleManager: Shutting down and abandoning module TreeMap (378)
[2023.12.27-06.31.35:407][  0]LogModuleManager: Shutting down and abandoning module ReferenceViewer (376)
[2023.12.27-06.31.35:407][  0]LogModuleManager: Shutting down and abandoning module LocalizationDashboard (374)
[2023.12.27-06.31.35:407][  0]LogModuleManager: Shutting down and abandoning module LocalizationService (373)
[2023.12.27-06.31.35:407][  0]LogModuleManager: Shutting down and abandoning module HardwareTargeting (370)
[2023.12.27-06.31.35:407][  0]LogModuleManager: Shutting down and abandoning module DeviceProfileEditor (368)
[2023.12.27-06.31.35:407][  0]LogModuleManager: Shutting down and abandoning module UndoHistory (366)
[2023.12.27-06.31.35:407][  0]LogModuleManager: Shutting down and abandoning module UserFeedback (364)
[2023.12.27-06.31.35:407][  0]LogModuleManager: Shutting down and abandoning module XmlParser (362)
[2023.12.27-06.31.35:407][  0]LogModuleManager: Shutting down and abandoning module Blutility (360)
[2023.12.27-06.31.35:407][  0]LogModuleManager: Shutting down and abandoning module ProjectSettingsViewer (358)
[2023.12.27-06.31.35:407][  0]LogModuleManager: Shutting down and abandoning module ProjectTargetPlatformEditor (357)
[2023.12.27-06.31.35:407][  0]LogModuleManager: Shutting down and abandoning module EditorSettingsViewer (354)
[2023.12.27-06.31.35:407][  0]LogModuleManager: Shutting down and abandoning module SettingsEditor (352)
[2023.12.27-06.31.35:407][  0]LogModuleManager: Shutting down and abandoning module ProjectLauncher (350)
[2023.12.27-06.31.35:407][  0]LogModuleManager: Shutting down and abandoning module SessionFrontend (348)
[2023.12.27-06.31.35:407][  0]LogModuleManager: Shutting down and abandoning module ProfilerClient (346)
[2023.12.27-06.31.35:407][  0]LogModuleManager: Shutting down and abandoning module DeviceManager (344)
[2023.12.27-06.31.35:407][  0]LogModuleManager: Shutting down and abandoning module TargetDeviceServices (343)
[2023.12.27-06.31.35:451][  0]LogModuleManager: Shutting down and abandoning module AutomationController (340)
[2023.12.27-06.31.35:451][  0]LogModuleManager: Shutting down and abandoning module AutomationWindow (338)
[2023.12.27-06.31.35:451][  0]LogModuleManager: Shutting down and abandoning module Layers (336)
[2023.12.27-06.31.35:451][  0]LogModuleManager: Shutting down and abandoning module ComponentVisualizers (334)
[2023.12.27-06.31.35:451][  0]LogModuleManager: Shutting down and abandoning module DetailCustomizations (332)
[2023.12.27-06.31.35:451][  0]LogModuleManager: Shutting down and abandoning module PackagesDialog (330)
[2023.12.27-06.31.35:451][  0]LogModuleManager: Shutting down and abandoning module Persona (328)
[2023.12.27-06.31.35:451][  0]LogModuleManager: Shutting down and abandoning module AnimGraph (327)
[2023.12.27-06.31.35:451][  0]LogModuleManager: Shutting down and abandoning module Kismet (324)
[2023.12.27-06.31.35:457][  0]LogModuleManager: Shutting down and abandoning module GraphEditor (322)
[2023.12.27-06.31.35:457][  0]LogModuleManager: Shutting down and abandoning module ClassViewer (320)
[2023.12.27-06.31.35:459][  0]LogModuleManager: Shutting down and abandoning module Toolbox (318)
[2023.12.27-06.31.35:459][  0]LogModuleManager: Shutting down and abandoning module ModuleUI (316)
[2023.12.27-06.31.35:459][  0]LogModuleManager: Shutting down and abandoning module MovieSceneTools (314)
[2023.12.27-06.31.35:459][  0]LogModuleManager: Shutting down and abandoning module OutputLog (312)
[2023.12.27-06.31.35:459][  0]LogModuleManager: Shutting down and abandoning module GammaUI (310)
[2023.12.27-06.31.35:459][  0]LogModuleManager: Shutting down and abandoning module Documentation (308)
[2023.12.27-06.31.35:459][  0]LogModuleManager: Shutting down and abandoning module Niagara (306)
[2023.12.27-06.31.35:459][  0]LogModuleManager: Shutting down and abandoning module StreamingPauseRendering (304)
[2023.12.27-06.31.35:459][  0]LogModuleManager: Shutting down and abandoning module AnalyticsET (302)
[2023.12.27-06.31.35:459][  0]LogModuleManager: Shutting down and abandoning module PortalServices (300)
[2023.12.27-06.31.35:459][  0]LogModuleManager: Shutting down and abandoning module PortalRpc (298)
[2023.12.27-06.31.35:459][  0]LogModuleManager: Shutting down and abandoning module MessagingRpc (296)
[2023.12.27-06.31.35:459][  0]LogModuleManager: Shutting down and abandoning module AIModule (294)
[2023.12.27-06.31.35:459][  0]LogModuleManager: Shutting down and abandoning module GameplayDebugger (293)
[2023.12.27-06.31.35:459][  0]LogModuleManager: Shutting down and abandoning module AITestSuite (291)
[2023.12.27-06.31.35:459][  0]LogModuleManager: Shutting down and abandoning module ProfilerService (288)
[2023.12.27-06.31.35:588][  0]LogModuleManager: Shutting down and abandoning module TaskGraph (286)
[2023.12.27-06.31.35:588][  0]LogModuleManager: Shutting down and abandoning module SteamVRController (284)
[2023.12.27-06.31.35:588][  0]LogModuleManager: Shutting down and abandoning module SteamVR (282)
[2023.12.27-06.31.35:588][  0]LogModuleManager: Shutting down and abandoning module ProceduralMeshComponentEditor (280)
[2023.12.27-06.31.35:588][  0]LogModuleManager: Shutting down and abandoning module ProceduralMeshComponent (278)
[2023.12.27-06.31.35:588][  0]LogModuleManager: Shutting down and abandoning module OculusLibrary (276)
[2023.12.27-06.31.35:588][  0]LogModuleManager: Shutting down and abandoning module OculusInput (274)
[2023.12.27-06.31.35:588][  0]LogModuleManager: Shutting down and abandoning module MobilePatchingUtils (272)
[2023.12.27-06.31.35:588][  0]LogModuleManager: Shutting down and abandoning module CustomMeshComponent (270)
[2023.12.27-06.31.35:588][  0]LogModuleManager: Shutting down and abandoning module CableComponent (268)
[2023.12.27-06.31.35:588][  0]LogModuleManager: Shutting down and abandoning module ArchVisCharacter (266)
[2023.12.27-06.31.35:588][  0]LogModuleManager: Shutting down and abandoning module MediaPlayerEditor (262)
[2023.12.27-06.31.35:588][  0]LogModuleManager: Shutting down and abandoning module HTML5Networking (260)
[2023.12.27-06.31.35:588][  0]LogModuleManager: Shutting down and abandoning module AlembicImporter (258)
[2023.12.27-06.31.35:588][  0]LogModuleManager: Shutting down and abandoning module AlembicLibrary (257)
[2023.12.27-06.31.35:588][  0]LogModuleManager: Shutting down and abandoning module GeometryCache (256)
[2023.12.27-06.31.35:589][  0]LogModuleManager: Shutting down and abandoning module GeometryCacheEd (255)
[2023.12.27-06.31.35:589][  0]LogModuleManager: Shutting down and abandoning module SuperSearchEditor (250)
[2023.12.27-06.31.35:589][  0]LogModuleManager: Shutting down and abandoning module SuperSearch (249)
[2023.12.27-06.31.35:589][  0]LogModuleManager: Shutting down and abandoning module SpeedTreeImporter (246)
[2023.12.27-06.31.35:589][  0]LogModuleManager: Shutting down and abandoning module PluginBrowser (244)
[2023.12.27-06.31.35:589][  0]LogModuleManager: Shutting down and abandoning module MobileLauncherProfileWizard (242)
[2023.12.27-06.31.35:589][  0]LogModuleManager: Shutting down and abandoning module EpicSurvey (240)
[2023.12.27-06.31.35:589][  0]LogModuleManager: Shutting down and abandoning module VisualStudioSourceCodeAccess (238)
[2023.12.27-06.31.35:589][  0]LogModuleManager: Shutting down and abandoning module DesktopPlatform (237)
[2023.12.27-06.31.35:589][  0]LogModuleManager: Shutting down and abandoning module UObjectPlugin (234)
[2023.12.27-06.31.35:589][  0]LogModuleManager: Shutting down and abandoning module SubversionSourceControl (232)
[2023.12.27-06.31.35:589][  0]LogModuleManager: Shutting down and abandoning module PerforceSourceControl (230)
[2023.12.27-06.31.35:589][  0]LogModuleManager: Shutting down and abandoning module GitSourceControl (228)
[2023.12.27-06.31.35:589][  0]LogModuleManager: Shutting down and abandoning module SourceControl (227)
[2023.12.27-06.31.35:589][  0]LogModuleManager: Shutting down and abandoning module LightPropagationVolumeEditor (224)
[2023.12.27-06.31.35:589][  0]LogModuleManager: Shutting down and abandoning module PaperTiledImporter (222)
[2023.12.27-06.31.35:589][  0]LogModuleManager: Shutting down and abandoning module PaperSpriteSheetImporter (220)
[2023.12.27-06.31.35:589][  0]LogModuleManager: Shutting down and abandoning module Paper2DEditor (218)
[2023.12.27-06.31.35:589][  0]LogModuleManager: Shutting down and abandoning module MeshPaint (217)
[2023.12.27-06.31.35:589][  0]LogModuleManager: Shutting down and abandoning module LevelEditor (215)
[2023.12.27-06.31.35:590][  0]LogModuleManager: Shutting down and abandoning module PixelInspectorModule (214)
[2023.12.27-06.31.35:590][  0]LogModuleManager: Shutting down and abandoning module MainFrame (212)
[2023.12.27-06.31.35:590][  0]LogModuleManager: Shutting down and abandoning module HotReload (211)
[2023.12.27-06.31.35:591][  0]LogModuleManager: Shutting down and abandoning module ContentBrowser (207)
[2023.12.27-06.31.35:592][  0]LogModuleManager: Shutting down and abandoning module PhysXVehiclesEditor (204)
[2023.12.27-06.31.35:592][  0]LogModuleManager: Shutting down and abandoning module PhysXVehicles (202)
[2023.12.27-06.31.35:592][  0]LogModuleManager: Shutting down and abandoning module LocationServicesBPLibrary (200)
[2023.12.27-06.31.35:592][  0]LogModuleManager: Shutting down and abandoning module UdpMessaging (198)
[2023.12.27-06.31.35:692][  0]LogModuleManager: Shutting down and abandoning module TcpMessaging (196)
[2023.12.27-06.31.35:793][  0]LogModuleManager: Shutting down and abandoning module GameplayTagsEditor (194)
[2023.12.27-06.31.35:793][  0]LogModuleManager: Shutting down and abandoning module FacialAnimationEditor (192)
[2023.12.27-06.31.35:793][  0]LogModuleManager: Shutting down and abandoning module FacialAnimation (190)
[2023.12.27-06.31.35:793][  0]LogModuleManager: Shutting down and abandoning module LightPropagationVolumeRuntime (188)
[2023.12.27-06.31.35:793][  0]LogModuleManager: Shutting down and abandoning module Paper2D (186)
[2023.12.27-06.31.35:793][  0]LogModuleManager: Shutting down and abandoning module WindowsMoviePlayer (184)
[2023.12.27-06.31.35:793][  0]LogModuleManager: Shutting down and abandoning module WmfMedia (182)
[2023.12.27-06.31.35:795][  0]LogModuleManager: Shutting down and abandoning module MfMedia (180)
[2023.12.27-06.31.35:795][  0]LogModuleManager: Shutting down and abandoning module MediaAssets (178)
[2023.12.27-06.31.35:795][  0]LogModuleManager: Shutting down and abandoning module GameLiveStreaming (176)
[2023.12.27-06.31.35:795][  0]LogModuleManager: Shutting down and abandoning module VREditor (174)
[2023.12.27-06.31.35:795][  0]LogModuleManager: Shutting down and abandoning module GameplayTasksEditor (172)
[2023.12.27-06.31.35:795][  0]LogModuleManager: Shutting down and abandoning module BehaviorTreeEditor (170)
[2023.12.27-06.31.35:795][  0]LogModuleManager: Shutting down and abandoning module FunctionalTesting (168)
[2023.12.27-06.31.35:795][  0]LogModuleManager: Shutting down and abandoning module CollisionAnalyzer (166)
[2023.12.27-06.31.35:795][  0]LogModuleManager: Shutting down and abandoning module UMG (164)
[2023.12.27-06.31.35:795][  0]LogModuleManager: Shutting down and abandoning module UMGEditor (163)
[2023.12.27-06.31.35:795][  0]LogModuleManager: Shutting down and abandoning module Sequencer (162)
[2023.12.27-06.31.35:795][  0]LogModuleManager: Shutting down and abandoning module AssetTools (160)
[2023.12.27-06.31.35:795][  0]LogModuleManager: Shutting down and abandoning module MessageLog (159)
[2023.12.27-06.31.35:795][  0]LogModuleManager: Shutting down and abandoning module WorkspaceMenuStructure (158)
[2023.12.27-06.31.35:795][  0]LogModuleManager: Shutting down and abandoning module SlateReflector (152)
[2023.12.27-06.31.35:795][  0]LogModuleManager: Shutting down and abandoning module Slate (150)
[2023.12.27-06.31.35:795][  0]LogModuleManager: Shutting down and abandoning module EditorStyle (148)
[2023.12.27-06.31.35:797][  0]LogModuleManager: Shutting down and abandoning module SourceCodeAccess (146)
[2023.12.27-06.31.35:797][  0]LogModuleManager: Shutting down and abandoning module HeadMountedDisplay (144)
[2023.12.27-06.31.35:797][  0]LogModuleManager: Shutting down and abandoning module XAudio2 (142)
[2023.12.27-06.31.35:797][  0]LogModuleManager: Shutting down and abandoning module Networking (140)
[2023.12.27-06.31.35:797][  0]LogModuleManager: Shutting down and abandoning module Core (136)
[2023.12.27-06.31.35:797][  0]LogModuleManager: Shutting down and abandoning module AssetRegistry (134)
[2023.12.27-06.31.35:962][  0]LogDirectoryWatcher: A directory notification for '../../../Engine/Content/' was aborted.
[2023.12.27-06.31.35:962][  0]LogDirectoryWatcher: A directory notification for '../../../../../Users/MelchioT/Documents/workUnrealEngine4/MotorUnreal4B/Content/' was aborted.
[2023.12.27-06.31.35:962][  0]LogDirectoryWatcher: A directory notification for '../../../Engine/Plugins/2D/Paper2D/Content/' was aborted.
[2023.12.27-06.31.35:962][  0]LogModuleManager: Shutting down and abandoning module DirectoryWatcher (133)
[2023.12.27-06.31.35:962][  0]LogModuleManager: Shutting down and abandoning module KismetCompiler (130)
[2023.12.27-06.31.35:962][  0]LogModuleManager: Shutting down and abandoning module PhysXFormats (128)
[2023.12.27-06.31.35:962][  0]LogModuleManager: Shutting down and abandoning module MeshUtilities (126)
[2023.12.27-06.31.35:962][  0]LogModuleManager: Shutting down and abandoning module QuadricMeshReduction (125)
[2023.12.27-06.31.35:962][  0]LogModuleManager: Shutting down and abandoning module PropertyEditor (123)
[2023.12.27-06.31.35:962][  0]LogModuleManager: Shutting down and abandoning module DerivedDataCache (120)
[2023.12.27-06.31.36:061][  0]LogDerivedDataCache: Shutdown
[2023.12.27-06.31.36:061][  0]LogModuleManager: Shutting down and abandoning module TargetPlatform (118)
[2023.12.27-06.31.36:061][  0]LogModuleManager: Shutting down and abandoning module VulkanShaderFormat (117)
[2023.12.27-06.31.36:061][  0]LogModuleManager: Shutting down and abandoning module MetalShaderFormat (115)
[2023.12.27-06.31.36:061][  0]LogModuleManager: Shutting down and abandoning module ShaderFormatD3D (113)
[2023.12.27-06.31.36:061][  0]LogModuleManager: Shutting down and abandoning module ShaderFormatOpenGL (111)
[2023.12.27-06.31.36:061][  0]LogModuleManager: Shutting down and abandoning module TextureFormatUncompressed (109)
[2023.12.27-06.31.36:061][  0]LogModuleManager: Shutting down and abandoning module TextureFormatASTC (107)
[2023.12.27-06.31.36:061][  0]LogModuleManager: Shutting down and abandoning module ImageWrapper (106)
[2023.12.27-06.31.36:061][  0]LogModuleManager: Shutting down and abandoning module TextureFormatPVR (103)
[2023.12.27-06.31.36:062][  0]LogModuleManager: Shutting down and abandoning module TextureFormatDXT (101)
[2023.12.27-06.31.36:062][  0]LogModuleManager: Shutting down and abandoning module TextureFormatIntelISPCTexComp (99)
[2023.12.27-06.31.36:062][  0]LogModuleManager: Shutting down and abandoning module AudioFormatOpus (97)
[2023.12.27-06.31.36:062][  0]LogModuleManager: Shutting down and abandoning module AudioFormatOgg (95)
[2023.12.27-06.31.36:062][  0]LogModuleManager: Shutting down and abandoning module AudioFormatADPCM (93)
[2023.12.27-06.31.36:062][  0]LogModuleManager: Shutting down and abandoning module TVOSTargetPlatform (91)
[2023.12.27-06.31.36:062][  0]LogModuleManager: Shutting down and abandoning module Messaging (89)
[2023.12.27-06.31.36:062][  0]LogModuleManager: Shutting down and abandoning module IOSTargetPlatform (87)
[2023.12.27-06.31.36:062][  0]LogModuleManager: Shutting down and abandoning module HTML5TargetPlatform (85)
[2023.12.27-06.31.36:062][  0]LogModuleManager: Shutting down and abandoning module Android_MultiTargetPlatform (83)
[2023.12.27-06.31.36:062][  0]LogModuleManager: Shutting down and abandoning module Android_ASTCTargetPlatform (81)
[2023.12.27-06.31.36:062][  0]LogModuleManager: Shutting down and abandoning module Android_ETC2TargetPlatform (79)
[2023.12.27-06.31.36:062][  0]LogModuleManager: Shutting down and abandoning module Android_ETC1TargetPlatform (77)
[2023.12.27-06.31.36:062][  0]LogModuleManager: Shutting down and abandoning module Android_DXTTargetPlatform (75)
[2023.12.27-06.31.36:062][  0]LogModuleManager: Shutting down and abandoning module Android_ATCTargetPlatform (73)
[2023.12.27-06.31.36:062][  0]LogModuleManager: Shutting down and abandoning module Android_PVRTCTargetPlatform (71)
[2023.12.27-06.31.36:062][  0]LogModuleManager: Shutting down and abandoning module AndroidTargetPlatform (69)
[2023.12.27-06.31.36:062][  0]LogModuleManager: Shutting down and abandoning module AllDesktopTargetPlatform (67)
[2023.12.27-06.31.36:062][  0]LogModuleManager: Shutting down and abandoning module WindowsClientTargetPlatform (65)
[2023.12.27-06.31.36:062][  0]LogModuleManager: Shutting down and abandoning module WindowsServerTargetPlatform (63)
[2023.12.27-06.31.36:062][  0]LogModuleManager: Shutting down and abandoning module WindowsNoEditorTargetPlatform (61)
[2023.12.27-06.31.36:062][  0]LogModuleManager: Shutting down and abandoning module WindowsTargetPlatform (59)
[2023.12.27-06.31.36:062][  0]LogModuleManager: Shutting down and abandoning module MacClientTargetPlatform (57)
[2023.12.27-06.31.36:062][  0]LogModuleManager: Shutting down and abandoning module MacServerTargetPlatform (55)
[2023.12.27-06.31.36:062][  0]LogModuleManager: Shutting down and abandoning module MacNoEditorTargetPlatform (53)
[2023.12.27-06.31.36:062][  0]LogModuleManager: Shutting down and abandoning module MacTargetPlatform (51)
[2023.12.27-06.31.36:062][  0]LogModuleManager: Shutting down and abandoning module InputCore (48)
[2023.12.27-06.31.36:062][  0]LogModuleManager: Shutting down and abandoning module Settings (46)
[2023.12.27-06.31.36:062][  0]LogModuleManager: Shutting down and abandoning module OculusRift (44)
[2023.12.27-06.31.36:062][  0]LogModuleManager: Shutting down and abandoning module ExampleDeviceProfileSelector (42)
[2023.12.27-06.31.36:062][  0]LogModuleManager: Shutting down and abandoning module OnlineBlueprintSupport (40)
[2023.12.27-06.31.36:062][  0]LogModuleManager: Shutting down and abandoning module OnlineSubsystem (36)
[2023.12.27-06.31.36:062][  0]LogOnline:Display: Unloading online subsystem: NULL
[2023.12.27-06.31.36:062][  0]LogModuleManager: Shutting down and abandoning module HTTP (35)
[2023.12.27-06.31.36:062][  0]LogHttp:Display: Http module shutting down, but needs to wait on 1 outstanding Http requests:
[2023.12.27-06.31.36:062][  0]LogHttp:Display: 	verb=[POST] url=[https://datarouter.ol.epicgames.com/datarouter/api/v1/public/data?SessionID=%7BBCA0B1EC-42A9-A70B-019B-49971E4B6FE1%7D&AppID=UEEditor.UnrealEngine.Release&AppVersion=4.15.0-0%2B%2B%2BUE4%2BRelease-4.15&UserID=aa7ec4a94460bf88f1f872b01bef9583%7C8cfcda83180144cdb9bb2bc7d773924e%7C775b68d6-d1f3-44da-96ce-dab51d83f808&AppEnvironment=datacollector-source&UploadType=eteventstream] status=Processing
[2023.12.27-06.31.36:085][  0]LogModuleManager: Shutting down and abandoning module SSL (34)
[2023.12.27-06.31.36:086][  0]LogModuleManager: Shutting down and abandoning module AudioEditor (30)
[2023.12.27-06.31.36:086][  0]LogModuleManager: Shutting down and abandoning module TextureCompressor (28)
[2023.12.27-06.31.36:087][  0]LogModuleManager: Shutting down and abandoning module ShaderCore (26)
[2023.12.27-06.31.36:087][  0]LogModuleManager: Shutting down and abandoning module Landscape (24)
[2023.12.27-06.31.36:087][  0]LogModuleManager: Shutting down and abandoning module SlateRHIRenderer (22)
[2023.12.27-06.31.36:088][  0]LogModuleManager: Shutting down and abandoning module OpenGLDrv (20)
[2023.12.27-06.31.36:088][  0]LogModuleManager: Shutting down and abandoning module D3D11RHI (18)
[2023.12.27-06.31.36:088][  0]LogModuleManager: Shutting down and abandoning module AnimGraphRuntime (16)
[2023.12.27-06.31.36:088][  0]LogModuleManager: Shutting down and abandoning module Renderer (14)
[2023.12.27-06.31.36:088][  0]LogModuleManager: Shutting down and abandoning module Engine (12)
[2023.12.27-06.31.36:088][  0]LogModuleManager: Shutting down and abandoning module CoreUObject (10)
[2023.12.27-06.31.36:088][  0]LogModuleManager: Shutting down and abandoning module NetworkFile (8)
[2023.12.27-06.31.36:088][  0]LogModuleManager: Shutting down and abandoning module StreamingFile (6)
[2023.12.27-06.31.36:088][  0]LogModuleManager: Shutting down and abandoning module SandboxFile (4)
[2023.12.27-06.31.36:088][  0]LogModuleManager: Shutting down and abandoning module PakFile (2)
[2023.12.27-06.31.36:091][  0]LogExit: Exiting.
[2023.12.27-06.31.36:098][  0]Log file closed, 12/27/23 03:31:36
