Log file open, 01/03/24 04:47:31
LogInit:Display: Running engine for game: MotorUnreal4B
LogPlatformFile: Not using cached read wrapper
LogInit:Display: RandInit(860805680) SRandInit(860805681).
LogInit: Using version manifest at CL 0 with build ID '5af06b4c-3232-42c8-80e0-46572b4b0bc8'
LogTaskGraph: Started task graph with 5 named threads and 10 total threads with 1 sets of task threads.
LogStats: Stats thread started at 0.133894
LogInit: Using libcurl 7.47.1
LogInit:  - built for x86_64-pc-win32
LogInit:  - supports SSL with OpenSSL/1.0.2g
LogInit:  - supports HTTP deflate (compression) using libz 1.2.8
LogInit:  - other features:
LogInit:      CURL_VERSION_SSL
LogInit:      CURL_VERSION_LIBZ
LogInit:      CURL_VERSION_IPV6
LogInit:      CURL_VERSION_ASYNCHDNS
LogInit:      CURL_VERSION_LARGEFILE
LogInit:      CURL_VERSION_IDN
LogInit:  CurlRequestOptions (configurable via config and command line):
LogInit:  - bVerifyPeer = false  - Libcurl will NOT verify peer certificate
LogInit:  - bUseHttpProxy = false  - Libcurl will NOT use HTTP proxy
LogInit:  - bDontReuseConnections = false  - Libcurl will reuse connections
LogInit:  - CertBundlePath = nullptr  - Libcurl will use whatever was configured at build time.
LogInit: Build: ++UE4+Release-4.15-CL-0
LogInit: Engine Version: 4.15.0-0+++UE4+Release-4.15
LogInit: Compatible Engine Version: 4.15.0-0+++UE4+Release-4.15
LogInit: Net CL: 0
LogDevObjectVersion: Number of dev versions registered: 14
LogDevObjectVersion:   Dev-Blueprints (B0D832E4-1F89-4F0D-ACCF-7EB736FD4AA2): 8
LogDevObjectVersion:   Dev-Build (E1C64328-A22C-4D53-A36C-8E866417BD8C): 0
LogDevObjectVersion:   Dev-Core (375EC13C-06E4-48FB-B500-84F0262A717E): 2
LogDevObjectVersion:   Dev-Editor (E4B068ED-F494-42E9-A231-DA0B2E46BB41): 14
LogDevObjectVersion:   Dev-Framework (CFFC743F-43B0-4480-9391-14DF171D2073): 22
LogDevObjectVersion:   Dev-Mobile (B02B49B5-BB20-44E9-A304-32B752E40360): 0
LogDevObjectVersion:   Dev-Networking (A4E4105C-59A1-49B5-A7C5-40C4547EDFEE): 0
LogDevObjectVersion:   Dev-Online (39C831C9-5AE6-47DC-9A44-9C173E1C8E7C): 0
LogDevObjectVersion:   Dev-Physics (78F01B33-EBEA-4F98-B9B4-84EACCB95AA2): 0
LogDevObjectVersion:   Dev-Platform (6631380F-2D4D-43E0-8009-CF276956A95A): 0
LogDevObjectVersion:   Dev-Rendering (12F88B9F-8875-4AFC-A67C-D90C383ABD29): 12
LogDevObjectVersion:   Dev-Sequencer (7B5AE74C-D270-4C10-A958-57980B212A5A): 3
LogDevObjectVersion:   Dev-VR (D7296918-1DD6-4BDD-9DE2-64A83CC13884): 0
LogDevObjectVersion:   Dev-LoadTimes (C2A15278-BFE7-4AFE-6C17-90FF531DF755): 1
LogInit: Compiled (64-bit): Apr  2 2023 09:25:01
LogInit: Compiled with Visual C++: 19.00.24210.00
LogInit: Build Configuration: Development
LogInit: Branch Name: ++UE4+Release-4.15
LogInit: Command line: 
LogInit: Base directory: C:/Program Files/Unreal Engine 4 (4.15.0)/Engine/Binaries/Win64/
LogInit: Installed Engine Build: 0
LogInit: Presizing for max 8388607 objects, including 0 objects not considered by GC, pre-allocating 0 bytes for permanent pool.
LogInit: Object subsystem initialized
[2024.01.03-07.47.31:916][  0]LogInit: Selected Device Profile: [Windows]
[2024.01.03-07.47.31:916][  0]LogInit: Applying CVar settings loaded from the selected device profile: [Windows]
[2024.01.03-07.47.31:931][  0]LogInit: Computer: DESKTOP-GOSDJOG
[2024.01.03-07.47.31:931][  0]LogInit: User: MelchioT
[2024.01.03-07.47.31:931][  0]LogInit: CPU Page size=65536, Cores=6
[2024.01.03-07.47.31:931][  0]LogInit: High frequency timer resolution =10.000000 MHz
[2024.01.03-07.47.31:931][  0]LogMemory: Memory total: Physical=31.2GB (32GB approx)
[2024.01.03-07.47.31:931][  0]LogMemory: Platform Memory Stats for Windows
[2024.01.03-07.47.31:931][  0]LogMemory: Process Physical Memory: 263.96 MB used, 263.96 MB peak
[2024.01.03-07.47.31:931][  0]LogMemory: Process Virtual Memory: 268.46 MB used, 268.46 MB peak
[2024.01.03-07.47.31:931][  0]LogMemory: Physical Memory: 8328.43 MB used,  23647.25 MB free, 31975.68 MB total
[2024.01.03-07.47.31:931][  0]LogMemory: Virtual Memory: 4760.25 MB used,  23647.25 MB free, 134217728.00 MB total
[2024.01.03-07.47.32:016][  0]LogInit: Overriding culture en with editor configuration.
[2024.01.03-07.47.32:584][  0]LogD3D11RHI: D3D11 adapters:
[2024.01.03-07.47.32:616][  0]LogD3D11RHI:    0. 'AMD Radeon(TM) Graphics' (Feature Level 11_0)
[2024.01.03-07.47.32:616][  0]LogD3D11RHI:       495/0/15987 MB DedicatedVideo/DedicatedSystem/SharedSystem, Outputs:1, VendorId:0x1002
[2024.01.03-07.47.32:618][  0]LogD3D11RHI:    1. 'Microsoft Basic Render Driver' (Feature Level 11_0)
[2024.01.03-07.47.32:618][  0]LogD3D11RHI:       0/0/15987 MB DedicatedVideo/DedicatedSystem/SharedSystem, Outputs:0, VendorId:0x1414
[2024.01.03-07.47.32:619][  0]LogD3D11RHI:    2. 'Microsoft Basic Render Driver' (Feature Level 11_0)
[2024.01.03-07.47.32:619][  0]LogD3D11RHI:       0/0/15987 MB DedicatedVideo/DedicatedSystem/SharedSystem, Outputs:0, VendorId:0x1414
[2024.01.03-07.47.32:619][  0]LogD3D11RHI: Chosen D3D11 Adapter: 0
[2024.01.03-07.47.32:627][  0]LogD3D11RHI: Creating new Direct3DDevice
[2024.01.03-07.47.32:627][  0]LogD3D11RHI:     GPU DeviceId: 0x1636 (for the marketing name, search the web for "GPU Device Id")
[2024.01.03-07.47.32:627][  0]LogWindows: EnumDisplayDevices:
[2024.01.03-07.47.32:627][  0]LogWindows:    0. 'Microsoft Basic Display Driver' (P:0 D:0)
[2024.01.03-07.47.32:627][  0]LogWindows:    1. 'AMD Radeon(TM) Graphics' (P:1 D:1)
[2024.01.03-07.47.32:628][  0]LogWindows:    2. 'AMD Radeon(TM) Graphics' (P:0 D:0)
[2024.01.03-07.47.32:628][  0]LogWindows:    3. 'AMD Radeon(TM) Graphics' (P:0 D:0)
[2024.01.03-07.47.32:628][  0]LogWindows:    4. 'AMD Radeon(TM) Graphics' (P:0 D:0)
[2024.01.03-07.47.32:628][  0]LogWindows:    5. 'AMD Radeon(TM) Graphics' (P:0 D:0)
[2024.01.03-07.47.32:628][  0]LogWindows: DebugString: GetVideoDriverDetailsInvalid PrimaryIsNotTheChoosenAdapter GetVideoDriverDetailsInvalid PrimaryIsNotTheChoosenAdapter GetVideoDriverDetailsInvalid PrimaryIsNotTheChoosenAdapter GetVideoDriverDetailsInvalid PrimaryIsNotTheChoosenAdapter GetVideoDriverDetailsInvalid PrimaryIsNotTheChoosenAdapter GetVideoDriverDetailsInvalid PrimaryIsNotTheChoosenAdapter FoundDriverCount:0 
[2024.01.03-07.47.32:628][  0]LogD3D11RHI:     Adapter Name: AMD Radeon(TM) Graphics
[2024.01.03-07.47.32:628][  0]LogD3D11RHI:   Driver Version: Unknown (internal:Unknown, unified:Unknown)
[2024.01.03-07.47.32:628][  0]LogD3D11RHI:      Driver Date: Unknown
[2024.01.03-07.47.32:628][  0]LogRHI: Texture pool is 347 MB (70% of 495 MB)
[2024.01.03-07.47.32:669][  0]LogD3D11RHI: Async texture creation enabled
[2024.01.03-07.47.32:681][  0]LogD3D11RHI: GPU Timing Frequency: 100.000000 (Debug: 2 1)
[2024.01.03-07.47.32:683][  0]LogShaderCompilers: Guid format shader working directory is -23 characters bigger than the processId version (../../../../../Users/MelchioT/Documents/workUnrealEngine4/MotorUnreal4B/Intermediate/Shaders/WorkingDirectory/11640/).
[2024.01.03-07.47.32:683][  0]LogShaderCompilers: Cleaned the shader compiler working directory 'C:/Users/MelchioT/AppData/Local/Temp/UnrealShaderWorkingDir/00EE835647EB999E6A15968B1AD2BC1D/'.
[2024.01.03-07.47.32:683][  0]LogShaderCompilers:Display: Using Local Shader Compiler.
[2024.01.03-07.47.33:519][  0]LogTemp:Display: Loaded TP MacTargetPlatform
[2024.01.03-07.47.33:571][  0]LogTemp:Display: Loaded TP MacNoEditorTargetPlatform
[2024.01.03-07.47.33:622][  0]LogTemp:Display: Loaded TP MacServerTargetPlatform
[2024.01.03-07.47.33:674][  0]LogTemp:Display: Loaded TP MacClientTargetPlatform
[2024.01.03-07.47.33:720][  0]LogTemp:Display: Loaded TP WindowsTargetPlatform
[2024.01.03-07.47.33:771][  0]LogTemp:Display: Loaded TP WindowsNoEditorTargetPlatform
[2024.01.03-07.47.33:825][  0]LogTemp:Display: Loaded TP WindowsServerTargetPlatform
[2024.01.03-07.47.33:879][  0]LogTemp:Display: Loaded TP WindowsClientTargetPlatform
[2024.01.03-07.47.33:923][  0]LogTemp:Display: Loaded TP AllDesktopTargetPlatform
[2024.01.03-07.47.33:976][  0]LogTemp:Display: Loaded TP AndroidTargetPlatform
[2024.01.03-07.47.34:030][  0]LogTemp:Display: Loaded TP Android_PVRTCTargetPlatform
[2024.01.03-07.47.34:089][  0]LogTemp:Display: Loaded TP Android_ATCTargetPlatform
[2024.01.03-07.47.34:147][  0]LogTemp:Display: Loaded TP Android_DXTTargetPlatform
[2024.01.03-07.47.34:208][  0]LogTemp:Display: Loaded TP Android_ETC1TargetPlatform
[2024.01.03-07.47.34:265][  0]LogTemp:Display: Loaded TP Android_ETC2TargetPlatform
[2024.01.03-07.47.34:321][  0]LogTemp:Display: Loaded TP Android_ASTCTargetPlatform
[2024.01.03-07.47.34:372][  0]LogTemp:Display: Loaded TP Android_MultiTargetPlatform
[2024.01.03-07.47.34:411][  0]LogTemp:Display: Loaded TP HTML5TargetPlatform
[2024.01.03-07.47.34:511][  0]LogTemp:Display: Loaded TP IOSTargetPlatform
[2024.01.03-07.47.34:546][  0]LogTemp:Display: Loaded TP TVOSTargetPlatform
[2024.01.03-07.47.34:546][  0]LogTargetPlatformManager:Display: Building Assets For Windows
[2024.01.03-07.47.35:026][  0]LogDerivedDataCache:Display: Max Cache Size: 512 MB
[2024.01.03-07.47.35:193][  0]LogDerivedDataCache: Loaded boot cache 0.16s 50MB ../../../../../Users/MelchioT/Documents/workUnrealEngine4/MotorUnreal4B/DerivedDataCache/Boot.ddc.
[2024.01.03-07.47.35:193][  0]LogDerivedDataCache:Display: Loaded Boot cache: ../../../../../Users/MelchioT/Documents/workUnrealEngine4/MotorUnreal4B/DerivedDataCache/Boot.ddc
[2024.01.03-07.47.35:193][  0]LogDerivedDataCache: FDerivedDataBackendGraph:  Pak pak cache file ../../../../../Users/MelchioT/Documents/workUnrealEngine4/MotorUnreal4B/DerivedDataCache/DDC.ddp not found, will not use a pak cache.
[2024.01.03-07.47.35:193][  0]LogDerivedDataCache: Unable to find inner node Pak for hierarchical cache Hierarchy.
[2024.01.03-07.47.35:193][  0]LogDerivedDataCache: FDerivedDataBackendGraph:  EnginePak pak cache file ../../../Engine/DerivedDataCache/DDC.ddp not found, will not use a pak cache.
[2024.01.03-07.47.35:193][  0]LogDerivedDataCache: Unable to find inner node EnginePak for hierarchical cache Hierarchy.
[2024.01.03-07.47.35:205][  0]LogDerivedDataCache: Using Local data cache path ../../../Engine/DerivedDataCache: Writable
[2024.01.03-07.47.35:205][  0]LogDerivedDataCache: Shared data cache path not found in *engine.ini, will not use an Shared cache.
[2024.01.03-07.47.35:205][  0]LogDerivedDataCache: Unable to find inner node Shared for hierarchical cache Hierarchy.
[2024.01.03-07.47.35:213][  0]LogSlate: Using Freetype 2.6.0
[2024.01.03-07.47.35:213][  0]LogSlate: SlateFontCache - WITH_FREETYPE: 1, WITH_HARFBUZZ: 1
[2024.01.03-07.47.35:213][  0]LogSlate: SlateFontCache - WITH_FREETYPE: 1, WITH_HARFBUZZ: 1
[2024.01.03-07.47.35:437][  0]LogInit: Selected Device Profile: [Windows]
[2024.01.03-07.47.35:439][  0]LogContentStreaming: Texture pool size is 0.00 MB
[2024.01.03-07.47.35:629][  0]LogMeshUtilities: Using QuadricMeshReduction for automatic static mesh reduction
[2024.01.03-07.47.35:639][  0]LogMeshUtilities: No automatic skeletal mesh reduction module available
[2024.01.03-07.47.35:639][  0]LogMeshUtilities: No automatic mesh merging module available
[2024.01.03-07.47.35:639][  0]LogMeshUtilities: No distributed automatic mesh merging module available
[2024.01.03-07.47.36:248][  0]LogNetVersion: GetLocalNetworkVersion: CL: 0, ProjectName: motorunreal4b, ProjectVersion: , EngineNetworkVersion: 2, GameNetworkVersion: 0, NetworkChecksum: 3893362438
[2024.01.03-07.47.36:296][  0]LogAssetRegistry: FAssetRegistry took 0.0218 seconds to start up
[2024.01.03-07.47.36:340][  0]LogPackageLocalizationCache: Processed 3 localized package path(s) for 1 prioritized culture(s) in 0.017681 seconds
[2024.01.03-07.47.36:346][  0]LogUObjectArray: 32434 objects as part of root set at end of initial load.
[2024.01.03-07.47.36:346][  0]LogUObjectAllocator: 7066632 out of 0 bytes used by permanent object pool.
[2024.01.03-07.47.36:346][  0]LogUObjectArray: CloseDisregardForGC: 0/0 objects in disregard for GC pool
[2024.01.03-07.47.36:420][  0]LogInit: WinSock: version 1.1 (2.2), MaxSocks=32767, MaxUdp=65467
[2024.01.03-07.47.37:970][  0]LogTcpMessaging: Initializing TcpMessaging bridge
[2024.01.03-07.47.38:018][  0]LogUdpMessaging: Initializing bridge on interface 0.0.0.0:0 to multicast group 230.0.0.1:6666.
[2024.01.03-07.47.38:485][  0]LogMaterial: Uniform references updated for custom material expression Custom.
[2024.01.03-07.47.38:851][  0]SourceControl: Info Source control is disabled
[2024.01.03-07.47.38:895][  0]SourceControl: Info Source control is disabled
[2024.01.03-07.47.38:945][  0]SourceControl: Info Source control is disabled
[2024.01.03-07.47.38:995][  0]SourceControl: Info Source control is disabled
[2024.01.03-07.47.40:346][  0]LogEngine: Initializing Engine...
[2024.01.03-07.47.40:347][  0]LogHMD: Failed to initialize OpenVR with code 110
[2024.01.03-07.47.40:559][  0]LogAIModule: Creating AISystem for world Untitled
[2024.01.03-07.47.40:575][  0]LogInit: XAudio2 using 'Altavoces (Realtek(R) Audio)' : 2 channels at 48 kHz using 16 bits per sample (channel mask 0x3)
[2024.01.03-07.47.40:598][  0]LogInit: FAudioDevice initialized.
[2024.01.03-07.47.40:623][  0]LogDerivedDataCache: Saved boot cache 0.02s 50MB ../../../../../Users/MelchioT/Documents/workUnrealEngine4/MotorUnreal4B/DerivedDataCache/Boot.ddc.
[2024.01.03-07.47.40:629][  0]LogInit: Texture streaming: Enabled
[2024.01.03-07.47.40:737][  0]LogEngineSessionManager: EngineSessionManager initialized
[2024.01.03-07.47.40:827][  0]LogInit: Transaction tracking system initialized
[2024.01.03-07.47.41:173][  0]BlueprintLog: New page: Editor Load
[2024.01.03-07.47.42:075][  0]LocalizationService: Info Localization service is disabled
[2024.01.03-07.47.42:769][  0]LogConsoleResponse:Display: 
[2024.01.03-07.47.42:897][  0]LogCook:Display: Max memory allowance for cook 16384mb min free memory 0mb
[2024.01.03-07.47.42:897][  0]LogCook:Display: Mobile HDR setting 1
[2024.01.03-07.47.43:136][  0]LogFileCache: Scanning file cache for directory 'C:/Users/MelchioT/Documents/workUnrealEngine4/MotorUnreal4B/Content/' took 0.02s
[2024.01.03-07.47.44:007][  0]SourceControl: Info Source control is disabled
[2024.01.03-07.47.44:007][  0]Cmd: MAP LOAD FILE="../../../Engine/Content/Maps/Templates/Template_Default.umap" TEMPLATE=1 SHOWPROGRESS=1 FEATURELEVEL=3
[2024.01.03-07.47.44:008][  0]LightingResults: New page: Lighting Build
[2024.01.03-07.47.44:054][  0]MapCheck: New page: Map Check
[2024.01.03-07.47.44:054][  0]LightingResults: New page: Lighting Build
[2024.01.03-07.47.44:228][  0]LogAIModule: Creating AISystem for world Untitled_1
[2024.01.03-07.47.44:229][  0]LogActorComponent: RegisterComponentWithWorld: (/Temp/Untitled_1.Untitled_1:PersistentLevel.WorldSettings_1.StaticMeshComponent0) Trying to register component with IsPendingKill() == true. Aborting.
[2024.01.03-07.47.44:233][  0]LogEditorServer: Finished looking for orphan Actors (0.000 secs)
[2024.01.03-07.47.44:239][  0]Cmd: MAP CHECKDEP NOCLEARLOG
[2024.01.03-07.47.44:268][  0]MapCheck: Info Map check complete: 0 Error(s), 0 Warning(s), took 29.069ms to complete.
[2024.01.03-07.47.44:268][  0]LogFileHelpers: Loading map 'Template_Default' took 0.261
[2024.01.03-07.47.44:505][  0]LogCollectionManager: Loaded 0 collections in 0.001819 seconds
[2024.01.03-07.47.44:602][  0]LogFileCache: Scanning file cache for directory 'C:/Users/MelchioT/Documents/workUnrealEngine4/MotorUnreal4B/Saved/Collections/' took 0.01s
[2024.01.03-07.47.44:602][  0]LogFileCache: Scanning file cache for directory 'C:/Users/MelchioT/Documents/workUnrealEngine4/MotorUnreal4B/Content/Developers/MelchioT/Collections/' took 0.01s
[2024.01.03-07.47.44:602][  0]LogFileCache: Scanning file cache for directory 'C:/Users/MelchioT/Documents/workUnrealEngine4/MotorUnreal4B/Content/Collections/' took 0.01s
[2024.01.03-07.47.44:602][  0]LogCollectionManager: Rebuilt the GUID cache for 0 collections in 0.000002 seconds
[2024.01.03-07.47.44:613][  0]LogContentBrowser: Native class hierarchy populated in 0.0092 seconds. Added 2243 classes and 448 folders.
[2024.01.03-07.47.44:620][  0]LogStats: UGameplayTagsManager::ConstructGameplayTagTree: Construct from data asset -  0.000 s
[2024.01.03-07.47.44:621][  0]LogStats: UGameplayTagsManager::ConstructGameplayTagTree: GameplayTagTreeChangedEvent.Broadcast -  0.000 s
[2024.01.03-07.47.44:686][  0]LogContentBrowser: Native class hierarchy updated for 'WidgetCarousel' in 0.0005 seconds. Added 0 classes and 0 folders.
[2024.01.03-07.47.45:098][  0]LogContentBrowser: Native class hierarchy updated for 'AddContentDialog' in 0.0005 seconds. Added 0 classes and 0 folders.
[2024.01.03-07.47.45:146][  0]LogContentBrowser: Native class hierarchy updated for 'SceneOutliner' in 0.0005 seconds. Added 1 classes and 2 folders.
[2024.01.03-07.47.45:228][  0]LogCrashTracker: Crashtracker disabled due to settings.
[2024.01.03-07.47.45:242][  0]LogUObjectGlobals:Warning: Failed to find object 'Class None.'
[2024.01.03-07.47.45:314][  0]LogContentBrowser: Native class hierarchy updated for 'HierarchicalLODOutliner' in 0.0006 seconds. Added 1 classes and 2 folders.
[2024.01.03-07.47.45:315][  0]LogLoad: (Engine Initialization) Total time: 15.01 seconds
[2024.01.03-07.47.45:315][  0]LogLoad: (Engine Initialization) Total Blueprint compile time: 0.08 seconds
[2024.01.03-07.47.45:315][  0]LogExternalProfiler: No external profilers were discovered.  External profiling features will not be available.
[2024.01.03-07.47.45:334][  0]LogOcInput: OculusInput pre-init called
[2024.01.03-07.47.45:354][  0]LogContentStreaming: Texture pool size now 1000 MB
[2024.01.03-07.47.45:356][  0]LogSlate: Took 0.000429 seconds to synchronously load lazily loaded font '../../../Engine/Content/Slate/Fonts/Roboto-Regular.ttf' (155K)
[2024.01.03-07.47.45:360][  0]LogSlate: Took 0.000252 seconds to synchronously load lazily loaded font '../../../Engine/Content/Slate/Fonts/Roboto-Bold.ttf' (160K)
[2024.01.03-07.47.45:373][  0]LogSlate: Took 0.007767 seconds to synchronously load lazily loaded font '../../../Engine/Content/Editor/Slate/Fonts/FontAwesome.ttf' (139K)
[2024.01.03-07.47.45:613][  0]LogRenderer: Reallocating scene render targets to support 1128x576 NumSamples 1 (Frame:2).
[2024.01.03-07.47.45:702][  0]LogSlate: Took 0.008861 seconds to synchronously load lazily loaded font '../../../Engine/Content/Slate/Fonts/Roboto-Light.ttf' (159K)
[2024.01.03-07.47.46:058][  1]LogAssetRegistry: Asset discovery search completed in 9.7841 seconds
[2024.01.03-07.47.46:059][  1]LogCollectionManager: Rebuilt the object cache for 0 collections in 0.000000 seconds (found 0 objects)
[2024.01.03-07.47.46:059][  1]LogCollectionManager: Fixed up redirectors for 0 collections in 0.000020 seconds (updated 0 objects)
[2024.01.03-07.47.46:366][ 15]LogSlate: Took 0.000245 seconds to synchronously load lazily loaded font '../../../Engine/Content/Slate/Fonts/Roboto-Light.ttf' (159K)
[2024.01.03-07.49.48:656][859]LogSlate: Took 0.000174 seconds to synchronously load lazily loaded font '../../../Engine/Content/Slate/Fonts/Roboto-Light.ttf' (159K)
[2024.01.03-07.50.01:254][527]LogMetaData: Removing '/Game/Contenido/Blueprints/Jugador.Jugador:UserConstructionScript.K2Node_FunctionEntry_0' ref from Metadata '/Game/Contenido/Blueprints/NewBlueprint.PackageMetaData'
[2024.01.03-07.50.01:254][527]LogMetaData: Removing '/Game/Contenido/Blueprints/Jugador.SKEL_Jugador_C' ref from Metadata '/Game/Contenido/Blueprints/NewBlueprint.PackageMetaData'
[2024.01.03-07.50.01:254][527]LogMetaData: Removing '/Game/Contenido/Blueprints/Jugador.Jugador_C' ref from Metadata '/Game/Contenido/Blueprints/NewBlueprint.PackageMetaData'
[2024.01.03-07.50.01:254][527]LogMetaData: Removing '/Game/Contenido/Blueprints/Jugador.Jugador:EventGraph.K2Node_Event_0' ref from Metadata '/Game/Contenido/Blueprints/NewBlueprint.PackageMetaData'
[2024.01.03-07.50.01:254][527]LogMetaData: Removing '/Game/Contenido/Blueprints/Jugador.Jugador:EventGraph.K2Node_Event_1' ref from Metadata '/Game/Contenido/Blueprints/NewBlueprint.PackageMetaData'
[2024.01.03-07.50.01:254][527]LogMetaData: Removing '/Game/Contenido/Blueprints/Jugador.Jugador:EventGraph.K2Node_Event_2' ref from Metadata '/Game/Contenido/Blueprints/NewBlueprint.PackageMetaData'
[2024.01.03-07.50.01:276][527]Cmd: OBJ SAVEPACKAGE PACKAGE="/Game/Contenido/Blueprints/Jugador" FILE="../../../../../Users/MelchioT/Documents/workUnrealEngine4/MotorUnreal4B/Content/Contenido/Blueprints/Jugador.uasset" SILENT=true
[2024.01.03-07.50.01:284][527]LogSavePackage: Save=6.37ms
[2024.01.03-07.50.01:284][527]LogSavePackage: Moving '../../../../../Users/MelchioT/Documents/workUnrealEngine4/MotorUnreal4B/Saved/Jugador46035F944F5210855FA28798D45A2A82.tmp' to '../../../../../Users/MelchioT/Documents/workUnrealEngine4/MotorUnreal4B/Content/Contenido/Blueprints/Jugador.uasset'
[2024.01.03-07.50.01:285][527]LogSavePackage:Display: Finished SavePackage ../../../../../Users/MelchioT/Documents/workUnrealEngine4/MotorUnreal4B/Content/Contenido/Blueprints/Jugador.uasset
[2024.01.03-07.50.23:224][762]LogContentBrowser: Native class hierarchy updated for 'BlueprintGraph' in 0.0009 seconds. Added 112 classes and 0 folders.
[2024.01.03-07.50.23:789][762]LogSlate: Took 0.000184 seconds to synchronously load lazily loaded font '../../../Engine/Content/Slate/Fonts/Roboto-Regular.ttf' (155K)
[2024.01.03-07.50.25:378][829]LogRenderer: Reallocating scene render targets to support 1144x712 NumSamples 1 (Frame:71).
[2024.01.03-07.50.26:925][920]LogSlate: Took 0.014771 seconds to synchronously load lazily loaded font '../../../Engine/Content/Editor/Slate/Fonts/Roboto-BoldCondensed.ttf' (158K)
[2024.01.03-07.50.56:445][602]LogSlate: Took 0.014934 seconds to synchronously load lazily loaded font '../../../Engine/Content/Editor/Slate/Fonts/Roboto-Italic.ttf' (157K)
[2024.01.03-07.51.05:929][145]LogTemp: Repeting last play command: Selected Viewport
[2024.01.03-07.51.05:942][145]BlueprintLog: New page: Pre-Play auto-recompile
[2024.01.03-07.51.05:942][145]LogPlayLevel: [PlayLevel] Compiling Jugador before play...
[2024.01.03-07.51.06:225][145]LogPlayLevel: PlayLevel: Blueprint regeneration took 283 ms (1 blueprints)
[2024.01.03-07.51.06:232][145]PIE: New page: PIE session: Untitled_1 (Jan 3, 2024, 1:51:06 AM)
[2024.01.03-07.51.06:232][145]LogPlayLevel: Creating play world package: /Temp/UEDPIE_0_Untitled_1
[2024.01.03-07.51.06:234][145]LogPlayLevel: PIE: StaticDuplicateObject took: (0.001710s)
[2024.01.03-07.51.06:234][145]LogAIModule: Creating AISystem for world Untitled_1
[2024.01.03-07.51.06:235][145]LogPlayLevel: PIE: World Init took: (0.000837s)
[2024.01.03-07.51.06:235][145]LogPlayLevel: PIE: Created PIE world by copying editor world from /Temp/Untitled_1.Untitled_1 to /Temp/UEDPIE_0_Untitled_1.Untitled_1 (0.002726s)
[2024.01.03-07.51.06:259][145]LogInit: XAudio2 using 'Altavoces (Realtek(R) Audio)' : 2 channels at 48 kHz using 16 bits per sample (channel mask 0x3)
[2024.01.03-07.51.06:274][145]LogInit: FAudioDevice initialized.
[2024.01.03-07.51.06:352][145]LogLoad: Game class is 'GameModeBase'
[2024.01.03-07.51.06:357][145]LogWorld: Bringing World /Temp/UEDPIE_0_Untitled_1.Untitled_1 up for play (max tick rate 60) at 2024.01.03-04.51.06
[2024.01.03-07.51.06:357][145]LogWorld: Bringing up level for play took: 0.001060
[2024.01.03-07.51.06:396][145]LogContentBrowser: Native class hierarchy updated for 'MovieSceneCapture' in 0.0005 seconds. Added 11 classes and 0 folders.
[2024.01.03-07.51.06:397][145]PIE: Info Play in editor start time for /Temp/UEDPIE_0_Untitled_1 0.896
[2024.01.03-07.52.15:725][816]LogEditorViewport: Clicking on Actor (LMB): Jugador_C (Jugador)
[2024.01.03-07.53.47:523][476]LogEditorViewport: Clicking on Actor (LMB): BP_Sky_Sphere_C (Sky Sphere)
[2024.01.03-07.53.48:264][517]LogTemp: Repeting last play command: Selected Viewport
[2024.01.03-07.53.48:273][517]LogPlayLevel: PlayLevel: No blueprints needed recompiling
[2024.01.03-07.53.48:273][517]PIE: New page: PIE session: Untitled_1 (Jan 3, 2024, 1:53:48 AM)
[2024.01.03-07.53.48:273][517]LogPlayLevel: Creating play world package: /Temp/UEDPIE_0_Untitled_1
[2024.01.03-07.53.48:275][517]LogPlayLevel: PIE: StaticDuplicateObject took: (0.001680s)
[2024.01.03-07.53.48:276][517]LogAIModule: Creating AISystem for world Untitled_1
[2024.01.03-07.53.48:276][517]LogPlayLevel: PIE: World Init took: (0.001121s)
[2024.01.03-07.53.48:276][517]LogPlayLevel: PIE: Created PIE world by copying editor world from /Temp/Untitled_1.Untitled_1 to /Temp/UEDPIE_0_Untitled_1.Untitled_1 (0.003033s)
[2024.01.03-07.53.48:299][517]LogInit: XAudio2 using 'Altavoces (Realtek(R) Audio)' : 2 channels at 48 kHz using 16 bits per sample (channel mask 0x3)
[2024.01.03-07.53.48:314][517]LogInit: FAudioDevice initialized.
[2024.01.03-07.53.48:346][517]LogLoad: Game class is 'GameModeBase'
[2024.01.03-07.53.48:349][517]LogWorld: Bringing World /Temp/UEDPIE_0_Untitled_1.Untitled_1 up for play (max tick rate 60) at 2024.01.03-04.53.48
[2024.01.03-07.53.48:349][517]LogWorld: Bringing up level for play took: 0.000948
[2024.01.03-07.53.48:350][517]PIE: Info Play in editor start time for /Temp/UEDPIE_0_Untitled_1 0.848
[2024.01.03-07.54.14:782][ 11]LogEditorViewport: Clicking on Actor (LMB): BP_Sky_Sphere_C (Sky Sphere)
[2024.01.03-07.57.36:124][850]LogTemp: Repeting last play command: Selected Viewport
[2024.01.03-07.57.36:134][850]BlueprintLog: New page: Pre-Play auto-recompile
[2024.01.03-07.57.36:134][850]LogPlayLevel: [PlayLevel] Compiling Jugador before play...
[2024.01.03-07.57.36:452][850]LogPlayLevel: PlayLevel: Blueprint regeneration took 317 ms (1 blueprints)
[2024.01.03-07.57.36:452][850]PIE: New page: PIE session: Untitled_1 (Jan 3, 2024, 1:57:36 AM)
[2024.01.03-07.57.36:452][850]LogPlayLevel: Creating play world package: /Temp/UEDPIE_0_Untitled_1
[2024.01.03-07.57.36:454][850]LogPlayLevel: PIE: StaticDuplicateObject took: (0.001602s)
[2024.01.03-07.57.36:454][850]LogAIModule: Creating AISystem for world Untitled_1
[2024.01.03-07.57.36:455][850]LogPlayLevel: PIE: World Init took: (0.000756s)
[2024.01.03-07.57.36:455][850]LogPlayLevel: PIE: Created PIE world by copying editor world from /Temp/Untitled_1.Untitled_1 to /Temp/UEDPIE_0_Untitled_1.Untitled_1 (0.002566s)
[2024.01.03-07.57.36:476][850]LogInit: XAudio2 using 'Altavoces (Realtek(R) Audio)' : 2 channels at 48 kHz using 16 bits per sample (channel mask 0x3)
[2024.01.03-07.57.36:492][850]LogInit: FAudioDevice initialized.
[2024.01.03-07.57.36:534][850]LogLoad: Game class is 'GameModeBase'
[2024.01.03-07.57.36:537][850]LogWorld: Bringing World /Temp/UEDPIE_0_Untitled_1.Untitled_1 up for play (max tick rate 60) at 2024.01.03-04.57.36
[2024.01.03-07.57.36:537][850]LogWorld: Bringing up level for play took: 0.001009
[2024.01.03-07.57.36:539][850]PIE: Info Play in editor start time for /Temp/UEDPIE_0_Untitled_1 1.038
[2024.01.03-07.57.36:654][850]LogRenderer: Reallocating scene render targets to support 1292x756 NumSamples 1 (Frame:2223).
[2024.01.03-07.58.04:247][771]LogTemp: Repeting last play command: Selected Viewport
[2024.01.03-07.58.04:258][771]BlueprintLog: New page: Pre-Play auto-recompile
[2024.01.03-07.58.04:258][771]LogPlayLevel: [PlayLevel] Compiling Jugador before play...
[2024.01.03-07.58.04:345][771]LogPlayLevel: PlayLevel: Blueprint regeneration took 88 ms (1 blueprints)
[2024.01.03-07.58.04:346][771]PIE: New page: PIE session: Untitled_1 (Jan 3, 2024, 1:58:04 AM)
[2024.01.03-07.58.04:346][771]LogPlayLevel: Creating play world package: /Temp/UEDPIE_0_Untitled_1
[2024.01.03-07.58.04:347][771]LogPlayLevel: PIE: StaticDuplicateObject took: (0.001545s)
[2024.01.03-07.58.04:348][771]LogAIModule: Creating AISystem for world Untitled_1
[2024.01.03-07.58.04:348][771]LogPlayLevel: PIE: World Init took: (0.000737s)
[2024.01.03-07.58.04:348][771]LogPlayLevel: PIE: Created PIE world by copying editor world from /Temp/Untitled_1.Untitled_1 to /Temp/UEDPIE_0_Untitled_1.Untitled_1 (0.002475s)
[2024.01.03-07.58.04:370][771]LogInit: XAudio2 using 'Altavoces (Realtek(R) Audio)' : 2 channels at 48 kHz using 16 bits per sample (channel mask 0x3)
[2024.01.03-07.58.04:385][771]LogInit: FAudioDevice initialized.
[2024.01.03-07.58.04:429][771]LogLoad: Game class is 'GameModeBase'
[2024.01.03-07.58.04:431][771]LogWorld: Bringing World /Temp/UEDPIE_0_Untitled_1.Untitled_1 up for play (max tick rate 60) at 2024.01.03-04.58.04
[2024.01.03-07.58.04:432][771]LogWorld: Bringing up level for play took: 0.000926
[2024.01.03-07.58.04:434][771]PIE: Info Play in editor start time for /Temp/UEDPIE_0_Untitled_1 0.933
[2024.01.03-07.59.32:510][339]LogSavePackage: Save=26.45ms
[2024.01.03-07.59.32:510][339]LogSavePackage: Moving '../../../../../Users/MelchioT/Documents/workUnrealEngine4/MotorUnreal4B/Saved/Untitled_1_Auto151977A3A446019FD52E2858ABA141EF9.tmp' to '../../../../../Users/MelchioT/Documents/workUnrealEngine4/MotorUnreal4B/Saved/Autosaves/Temp/Untitled_1_Auto1.umap'
[2024.01.03-07.59.32:511][339]LogSavePackage:Display: Finished SavePackage ../../../../../Users/MelchioT/Documents/workUnrealEngine4/MotorUnreal4B/Saved/Autosaves/Temp/Untitled_1_Auto1.umap
[2024.01.03-07.59.32:513][339]LogFileHelpers: Editor autosave (incl. sublevels) for '/Temp/Untitled_1' took 0.050
[2024.01.03-07.59.32:513][339]LogFileHelpers: Editor autosave (incl. sublevels) for all levels took 0.050
[2024.01.03-07.59.32:517][339]OBJ SavePackage: Generating thumbnails for [1] asset(s) in package [/Game/Contenido/Blueprints/Jugador] ([1] browsable assets)...
[2024.01.03-07.59.32:534][339]OBJ SavePackage:     Rendered thumbnail for [Blueprint /Game/Contenido/Blueprints/Jugador.Jugador]
[2024.01.03-07.59.32:534][339]OBJ SavePackage: Finished generating thumbnails for package [/Game/Contenido/Blueprints/Jugador]
[2024.01.03-07.59.32:591][339]LogSavePackage: Save=15.50ms
[2024.01.03-07.59.32:591][339]LogSavePackage: Moving '../../../../../Users/MelchioT/Documents/workUnrealEngine4/MotorUnreal4B/Saved/Jugador_Auto143B817094D130789A6522989FE4E60ED.tmp' to '../../../../../Users/MelchioT/Documents/workUnrealEngine4/MotorUnreal4B/Saved/Autosaves/Game/Contenido/Blueprints/Jugador_Auto1.uasset'
[2024.01.03-07.59.32:592][339]LogSavePackage:Display: Finished SavePackage ../../../../../Users/MelchioT/Documents/workUnrealEngine4/MotorUnreal4B/Saved/Autosaves/Game/Contenido/Blueprints/Jugador_Auto1.uasset
[2024.01.03-07.59.32:592][339]LogFileHelpers: Auto-saving content packages took 0.076
[2024.01.03-08.00.50:886][638]LogSlate:Warning: Prevented a slow task dialog from being summoned while a context menu was open
[2024.01.03-08.01.00:992][150]LogBlueprint:Warning: Reparenting blueprint Blueprint /Game/Contenido/Blueprints/Jugador.Jugador from Pawn to Actor...
[2024.01.03-08.01.00:999][150]BlueprintLog: New page: Compile Jugador
[2024.01.03-08.01.02:296][205]LogTemp: Repeting last play command: Selected Viewport
[2024.01.03-08.01.02:305][205]LogPlayLevel: PlayLevel: No blueprints needed recompiling
[2024.01.03-08.01.02:305][205]PIE: New page: PIE session: Untitled_1 (Jan 3, 2024, 2:01:02 AM)
[2024.01.03-08.01.02:306][205]LogPlayLevel: Creating play world package: /Temp/UEDPIE_0_Untitled_1
[2024.01.03-08.01.02:307][205]LogPlayLevel: PIE: StaticDuplicateObject took: (0.001627s)
[2024.01.03-08.01.02:308][205]LogAIModule: Creating AISystem for world Untitled_1
[2024.01.03-08.01.02:308][205]LogPlayLevel: PIE: World Init took: (0.000812s)
[2024.01.03-08.01.02:308][205]LogPlayLevel: PIE: Created PIE world by copying editor world from /Temp/Untitled_1.Untitled_1 to /Temp/UEDPIE_0_Untitled_1.Untitled_1 (0.002627s)
[2024.01.03-08.01.02:332][205]LogInit: XAudio2 using 'Altavoces (Realtek(R) Audio)' : 2 channels at 48 kHz using 16 bits per sample (channel mask 0x3)
[2024.01.03-08.01.02:347][205]LogInit: FAudioDevice initialized.
[2024.01.03-08.01.02:394][205]LogLoad: Game class is 'GameModeBase'
[2024.01.03-08.01.02:397][205]LogWorld: Bringing World /Temp/UEDPIE_0_Untitled_1.Untitled_1 up for play (max tick rate 60) at 2024.01.03-05.01.02
[2024.01.03-08.01.02:397][205]LogWorld: Bringing up level for play took: 0.000981
[2024.01.03-08.01.02:400][205]PIE: Info Play in editor start time for /Temp/UEDPIE_0_Untitled_1 0.899
[2024.01.03-08.01.05:404][365]LogSlate:Warning: Prevented a slow task dialog from being summoned while a context menu was open
[2024.01.03-08.01.08:771][562]LogBlueprint:Warning: Reparenting blueprint Blueprint /Game/Contenido/Blueprints/Jugador.Jugador from Actor to Pawn...
[2024.01.03-08.01.08:778][562]BlueprintLog: New page: Compile Jugador
[2024.01.03-08.01.10:993][679]LogTemp: Repeting last play command: Selected Viewport
[2024.01.03-08.01.11:002][679]LogPlayLevel: PlayLevel: No blueprints needed recompiling
[2024.01.03-08.01.11:002][679]PIE: New page: PIE session: Untitled_1 (Jan 3, 2024, 2:01:11 AM)
[2024.01.03-08.01.11:002][679]LogPlayLevel: Creating play world package: /Temp/UEDPIE_0_Untitled_1
[2024.01.03-08.01.11:004][679]LogPlayLevel: PIE: StaticDuplicateObject took: (0.001532s)
[2024.01.03-08.01.11:005][679]LogAIModule: Creating AISystem for world Untitled_1
[2024.01.03-08.01.11:005][679]LogPlayLevel: PIE: World Init took: (0.000816s)
[2024.01.03-08.01.11:005][679]LogPlayLevel: PIE: Created PIE world by copying editor world from /Temp/Untitled_1.Untitled_1 to /Temp/UEDPIE_0_Untitled_1.Untitled_1 (0.002549s)
[2024.01.03-08.01.11:028][679]LogInit: XAudio2 using 'Altavoces (Realtek(R) Audio)' : 2 channels at 48 kHz using 16 bits per sample (channel mask 0x3)
[2024.01.03-08.01.11:040][679]LogInit: FAudioDevice initialized.
[2024.01.03-08.01.11:085][679]LogLoad: Game class is 'GameModeBase'
[2024.01.03-08.01.11:087][679]LogWorld: Bringing World /Temp/UEDPIE_0_Untitled_1.Untitled_1 up for play (max tick rate 60) at 2024.01.03-05.01.11
[2024.01.03-08.01.11:087][679]LogWorld: Bringing up level for play took: 0.001084
[2024.01.03-08.01.11:090][679]PIE: Info Play in editor start time for /Temp/UEDPIE_0_Untitled_1 -0.41
[2024.01.03-08.01.20:343][207]Cmd: OBJ SAVEPACKAGE PACKAGE="/Game/Contenido/Blueprints/Jugador" FILE="../../../../../Users/MelchioT/Documents/workUnrealEngine4/MotorUnreal4B/Content/Contenido/Blueprints/Jugador.uasset" SILENT=true
[2024.01.03-08.01.20:371][207]LogSavePackage: Save=14.46ms
[2024.01.03-08.01.20:371][207]LogSavePackage: Moving '../../../../../Users/MelchioT/Documents/workUnrealEngine4/MotorUnreal4B/Saved/Jugador54A15C1E4A213C309A2A7EBC85D7F59A.tmp' to '../../../../../Users/MelchioT/Documents/workUnrealEngine4/MotorUnreal4B/Content/Contenido/Blueprints/Jugador.uasset'
[2024.01.03-08.01.20:373][207]LogSavePackage:Display: Finished SavePackage ../../../../../Users/MelchioT/Documents/workUnrealEngine4/MotorUnreal4B/Content/Contenido/Blueprints/Jugador.uasset
[2024.01.03-08.01.23:710][387]LogTemp: Repeting last play command: Selected Viewport
[2024.01.03-08.01.23:723][387]LogPlayLevel: PlayLevel: No blueprints needed recompiling
[2024.01.03-08.01.23:723][387]PIE: New page: PIE session: Untitled_1 (Jan 3, 2024, 2:01:23 AM)
[2024.01.03-08.01.23:723][387]LogPlayLevel: Creating play world package: /Temp/UEDPIE_0_Untitled_1
[2024.01.03-08.01.23:726][387]LogPlayLevel: PIE: StaticDuplicateObject took: (0.002424s)
[2024.01.03-08.01.23:727][387]LogAIModule: Creating AISystem for world Untitled_1
[2024.01.03-08.01.23:727][387]LogPlayLevel: PIE: World Init took: (0.001043s)
[2024.01.03-08.01.23:727][387]LogPlayLevel: PIE: Created PIE world by copying editor world from /Temp/Untitled_1.Untitled_1 to /Temp/UEDPIE_0_Untitled_1.Untitled_1 (0.003703s)
[2024.01.03-08.01.23:749][387]LogInit: XAudio2 using 'Altavoces (Realtek(R) Audio)' : 2 channels at 48 kHz using 16 bits per sample (channel mask 0x3)
[2024.01.03-08.01.23:763][387]LogInit: FAudioDevice initialized.
[2024.01.03-08.01.23:794][387]LogLoad: Game class is 'GameModeBase'
[2024.01.03-08.01.23:798][387]LogWorld: Bringing World /Temp/UEDPIE_0_Untitled_1.Untitled_1 up for play (max tick rate 60) at 2024.01.03-05.01.23
[2024.01.03-08.01.23:798][387]LogWorld: Bringing up level for play took: 0.001124
[2024.01.03-08.01.23:799][387]PIE: Info Play in editor start time for /Temp/UEDPIE_0_Untitled_1 0.298
[2024.01.03-08.01.25:953][509]LogEditorViewport: Clicking on Actor (LMB): Jugador_C (Jugador)
[2024.01.03-08.01.30:755][792]LogTemp: Repeting last play command: Selected Viewport
[2024.01.03-08.01.30:765][792]LogPlayLevel: PlayLevel: No blueprints needed recompiling
[2024.01.03-08.01.30:765][792]PIE: New page: PIE session: Untitled_1 (Jan 3, 2024, 2:01:30 AM)
[2024.01.03-08.01.30:765][792]LogPlayLevel: Creating play world package: /Temp/UEDPIE_0_Untitled_1
[2024.01.03-08.01.30:767][792]LogPlayLevel: PIE: StaticDuplicateObject took: (0.001710s)
[2024.01.03-08.01.30:768][792]LogAIModule: Creating AISystem for world Untitled_1
[2024.01.03-08.01.30:768][792]LogPlayLevel: PIE: World Init took: (0.000912s)
[2024.01.03-08.01.30:768][792]LogPlayLevel: PIE: Created PIE world by copying editor world from /Temp/Untitled_1.Untitled_1 to /Temp/UEDPIE_0_Untitled_1.Untitled_1 (0.002849s)
[2024.01.03-08.01.30:816][792]LogInit: XAudio2 using 'Altavoces (Realtek(R) Audio)' : 2 channels at 48 kHz using 16 bits per sample (channel mask 0x3)
[2024.01.03-08.01.30:831][792]LogInit: FAudioDevice initialized.
[2024.01.03-08.01.30:867][792]LogLoad: Game class is 'GameModeBase'
[2024.01.03-08.01.30:871][792]LogWorld: Bringing World /Temp/UEDPIE_0_Untitled_1.Untitled_1 up for play (max tick rate 60) at 2024.01.03-05.01.30
[2024.01.03-08.01.30:871][792]LogWorld: Bringing up level for play took: 0.001003
[2024.01.03-08.01.30:871][792]PIE: Info Play in editor start time for /Temp/UEDPIE_0_Untitled_1 -0.63
[2024.01.03-08.02.15:959][348]Cmd: SELECT NONE
[2024.01.03-08.02.22:006][690]LogEditorViewport: Clicking on Actor (LMB): Jugador_C (Jugador)
[2024.01.03-08.02.44:978][ 35]LogMetaData: Removing '/Game/Contenido/Blueprints/27-Pawn.27-Pawn_C' ref from Metadata '/Game/Contenido/Blueprints/Jugador.PackageMetaData'
[2024.01.03-08.02.44:978][ 35]LogMetaData: Removing '/Game/Contenido/Blueprints/27-Pawn.SKEL_27-Pawn_C' ref from Metadata '/Game/Contenido/Blueprints/Jugador.PackageMetaData'
[2024.01.03-08.02.44:978][ 35]LogMetaData: Removing '/Game/Contenido/Blueprints/27-Pawn.27-Pawn:UserConstructionScript.K2Node_FunctionEntry_0' ref from Metadata '/Game/Contenido/Blueprints/Jugador.PackageMetaData'
[2024.01.03-08.02.44:978][ 35]LogMetaData: Removing '/Game/Contenido/Blueprints/27-Pawn.27-Pawn:EventGraph.K2Node_Event_0' ref from Metadata '/Game/Contenido/Blueprints/Jugador.PackageMetaData'
[2024.01.03-08.02.44:978][ 35]LogMetaData: Removing '/Game/Contenido/Blueprints/27-Pawn.27-Pawn:EventGraph.K2Node_Event_1' ref from Metadata '/Game/Contenido/Blueprints/Jugador.PackageMetaData'
[2024.01.03-08.02.44:978][ 35]LogMetaData: Removing '/Game/Contenido/Blueprints/27-Pawn.27-Pawn:EventGraph.K2Node_Event_2' ref from Metadata '/Game/Contenido/Blueprints/Jugador.PackageMetaData'
[2024.01.03-08.02.45:026][ 35]Cmd: OBJ SAVEPACKAGE PACKAGE="/Game/Contenido/Blueprints/27-Pawn" FILE="../../../../../Users/MelchioT/Documents/workUnrealEngine4/MotorUnreal4B/Content/Contenido/Blueprints/27-Pawn.uasset" SILENT=true
[2024.01.03-08.02.45:043][ 35]LogSavePackage: Save=15.66ms
[2024.01.03-08.02.45:043][ 35]LogSavePackage: Moving '../../../../../Users/MelchioT/Documents/workUnrealEngine4/MotorUnreal4B/Saved/27-Pawn9A6F046946911F8B71E0E3852AD8BC8C.tmp' to '../../../../../Users/MelchioT/Documents/workUnrealEngine4/MotorUnreal4B/Content/Contenido/Blueprints/27-Pawn.uasset'
[2024.01.03-08.02.45:045][ 35]LogSavePackage:Display: Finished SavePackage ../../../../../Users/MelchioT/Documents/workUnrealEngine4/MotorUnreal4B/Content/Contenido/Blueprints/27-Pawn.uasset
[2024.01.03-08.02.46:872][131]LogEditorViewport: Clicking on Actor (context menu): StaticMeshActor (Floor)
[2024.01.03-08.02.47:681][170]LogEditorViewport: Clicking on Actor (LMB): StaticMeshActor (Floor)
[2024.01.03-08.03.06:738][181]LogSavePackage: Save=26.42ms
[2024.01.03-08.03.06:738][181]LogSavePackage: Moving '../../../../../Users/MelchioT/Documents/workUnrealEngine4/MotorUnreal4B/Saved/19-Blueprint27502648CE4EAC141F5E1360AE114C7E35.tmp' to '../../../../../Users/MelchioT/Documents/workUnrealEngine4/MotorUnreal4B/Content/Contenido/Levels/19-Blueprint27.umap'
[2024.01.03-08.03.06:740][181]LogSavePackage:Display: Finished SavePackage ../../../../../Users/MelchioT/Documents/workUnrealEngine4/MotorUnreal4B/Content/Contenido/Levels/19-Blueprint27.umap
[2024.01.03-08.03.06:766][181]LogFileHelpers: Saving map '19-Blueprint27' took 0.416
[2024.01.03-08.03.08:357][277]LogTemp: Repeting last play command: Selected Viewport
[2024.01.03-08.03.08:366][277]LogPlayLevel: PlayLevel: No blueprints needed recompiling
[2024.01.03-08.03.08:367][277]PIE: New page: PIE session: 19-Blueprint27 (Jan 3, 2024, 2:03:08 AM)
[2024.01.03-08.03.08:367][277]LogPlayLevel: Creating play world package: /Game/Contenido/Levels/UEDPIE_0_19-Blueprint27
[2024.01.03-08.03.08:368][277]LogPlayLevel: PIE: StaticDuplicateObject took: (0.001515s)
[2024.01.03-08.03.08:369][277]LogAIModule: Creating AISystem for world 19-Blueprint27
[2024.01.03-08.03.08:369][277]LogPlayLevel: PIE: World Init took: (0.000843s)
[2024.01.03-08.03.08:369][277]LogPlayLevel: PIE: Created PIE world by copying editor world from /Game/Contenido/Levels/19-Blueprint27.19-Blueprint27 to /Game/Contenido/Levels/UEDPIE_0_19-Blueprint27.19-Blueprint27 (0.002549s)
[2024.01.03-08.03.08:391][277]LogInit: XAudio2 using 'Altavoces (Realtek(R) Audio)' : 2 channels at 48 kHz using 16 bits per sample (channel mask 0x3)
[2024.01.03-08.03.08:407][277]LogInit: FAudioDevice initialized.
[2024.01.03-08.03.08:442][277]LogLoad: Game class is 'GameModeBase'
[2024.01.03-08.03.08:445][277]LogWorld: Bringing World /Game/Contenido/Levels/UEDPIE_0_19-Blueprint27.19-Blueprint27 up for play (max tick rate 60) at 2024.01.03-05.03.08
[2024.01.03-08.03.08:445][277]LogWorld: Bringing up level for play took: 0.000942
[2024.01.03-08.03.08:446][277]PIE: Info Play in editor start time for /Game/Contenido/Levels/UEDPIE_0_19-Blueprint27 0.945
[2024.01.03-08.03.13:585][560]Cmd: QUIT_EDITOR
[2024.01.03-08.03.14:423][560]LogWindowsTextInputMethodSystem:Display: IME system now deactivated.
[2024.01.03-08.03.14:443][560]LogExit: Preparing to exit.
[2024.01.03-08.03.15:602][560]LogDirectoryWatcher: A directory notification for 'C:/Users/MelchioT/Documents/workUnrealEngine4/MotorUnreal4B/Content/' was aborted.
[2024.01.03-08.03.15:628][560]LogExit: Editor shut down
[2024.01.03-08.03.15:629][560]LogExit: Transaction tracking system shut down
[2024.01.03-08.03.15:722][560]LogObj: Freed 0b from 0 cluster array pools.
[2024.01.03-08.03.15:723][560]LogExit: Object subsystem successfully closed.
[2024.01.03-08.03.15:742][560]LogD3D11RHI: Shutdown
[2024.01.03-08.03.15:742][560]LogD3D11RHI: CleanupD3DDevice
[2024.01.03-08.03.15:871][560]LogD3D11RHI: ~FD3D11DynamicRHI
[2024.01.03-08.03.15:883][560]LogModuleManager: Shutting down and abandoning module MovieSceneCapture (486)
[2024.01.03-08.03.15:883][560]LogModuleManager: Shutting down and abandoning module BlueprintGraph (484)
[2024.01.03-08.03.15:883][560]LogModuleManager: Shutting down and abandoning module BlueprintProfiler (482)
[2024.01.03-08.03.15:884][560]LogModuleManager: Shutting down and abandoning module HierarchicalLODOutliner (480)
[2024.01.03-08.03.15:884][560]LogModuleManager: Shutting down and abandoning module CrashTracker (478)
[2024.01.03-08.03.15:884][560]LogModuleManager: Shutting down and abandoning module SceneOutliner (476)
[2024.01.03-08.03.15:884][560]LogModuleManager: Shutting down and abandoning module AddContentDialog (474)
[2024.01.03-08.03.15:884][560]LogDirectoryWatcher: A directory notification for 'C:/Program Files/Unreal Engine 4 (4.15.0)/FeaturePacks/' was aborted.
[2024.01.03-08.03.15:885][560]LogModuleManager: Shutting down and abandoning module WidgetCarousel (473)
[2024.01.03-08.03.15:885][560]LogModuleManager: Shutting down and abandoning module EditorWidgets (470)
[2024.01.03-08.03.15:885][560]LogModuleManager: Shutting down and abandoning module CollectionManager (468)
[2024.01.03-08.03.15:885][560]LogDirectoryWatcher: A directory notification for 'C:/Users/MelchioT/Documents/workUnrealEngine4/MotorUnreal4B/Content/Collections/' was aborted.
[2024.01.03-08.03.15:885][560]LogDirectoryWatcher: A directory notification for 'C:/Users/MelchioT/Documents/workUnrealEngine4/MotorUnreal4B/Content/Developers/MelchioT/Collections/' was aborted.
[2024.01.03-08.03.15:885][560]LogDirectoryWatcher: A directory notification for 'C:/Users/MelchioT/Documents/workUnrealEngine4/MotorUnreal4B/Saved/Collections/' was aborted.
[2024.01.03-08.03.15:885][560]LogModuleManager: Shutting down and abandoning module StatsViewer (466)
[2024.01.03-08.03.15:885][560]LogModuleManager: Shutting down and abandoning module FoliageEdit (464)
[2024.01.03-08.03.15:885][560]LogModuleManager: Shutting down and abandoning module LandscapeEditor (462)
[2024.01.03-08.03.15:885][560]LogModuleManager: Shutting down and abandoning module SceneDepthPickerMode (460)
[2024.01.03-08.03.15:885][560]LogModuleManager: Shutting down and abandoning module ActorPickerMode (458)
[2024.01.03-08.03.15:885][560]LogModuleManager: Shutting down and abandoning module GeometryMode (456)
[2024.01.03-08.03.15:885][560]LogModuleManager: Shutting down and abandoning module TextureAlignMode (454)
[2024.01.03-08.03.15:885][560]LogModuleManager: Shutting down and abandoning module BspMode (452)
[2024.01.03-08.03.15:885][560]LogModuleManager: Shutting down and abandoning module HardwareSurvey (450)
[2024.01.03-08.03.15:885][560]LogModuleManager: Shutting down and abandoning module SequenceRecorderSections (448)
[2024.01.03-08.03.15:885][560]LogModuleManager: Shutting down and abandoning module AutomationWorker (446)
[2024.01.03-08.03.15:885][560]LogModuleManager: Shutting down and abandoning module MatineeToLevelSequence (444)
[2024.01.03-08.03.15:885][560]LogModuleManager: Shutting down and abandoning module LevelSequenceEditor (442)
[2024.01.03-08.03.15:885][560]LogModuleManager: Shutting down and abandoning module PlacementMode (441)
[2024.01.03-08.03.15:885][560]LogModuleManager: Shutting down and abandoning module WmfMediaFactory (438)
[2024.01.03-08.03.15:885][560]LogModuleManager: Shutting down and abandoning module WmfMediaEditor (436)
[2024.01.03-08.03.15:885][560]LogModuleManager: Shutting down and abandoning module MfMediaFactory (434)
[2024.01.03-08.03.15:885][560]LogModuleManager: Shutting down and abandoning module MfMediaEditor (432)
[2024.01.03-08.03.15:885][560]LogModuleManager: Shutting down and abandoning module AvfMediaFactory (430)
[2024.01.03-08.03.15:885][560]LogModuleManager: Shutting down and abandoning module AvfMediaEditor (428)
[2024.01.03-08.03.15:885][560]LogModuleManager: Shutting down and abandoning module AndroidMediaFactory (426)
[2024.01.03-08.03.15:885][560]LogModuleManager: Shutting down and abandoning module Media (425)
[2024.01.03-08.03.15:885][560]LogModuleManager: Shutting down and abandoning module AndroidMediaEditor (422)
[2024.01.03-08.03.15:885][560]LogModuleManager: Shutting down and abandoning module CharacterAI (420)
[2024.01.03-08.03.15:886][560]LogModuleManager: Shutting down and abandoning module AudioCapture (418)
[2024.01.03-08.03.15:886][560]LogModuleManager: Shutting down and abandoning module SequenceRecorder (417)
[2024.01.03-08.03.15:886][560]LogModuleManager: Shutting down and abandoning module SmartSnapping (414)
[2024.01.03-08.03.15:886][560]LogModuleManager: Shutting down and abandoning module SessionServices (412)
[2024.01.03-08.03.15:886][560]LogModuleManager: Shutting down and abandoning module ViewportSnapping (410)
[2024.01.03-08.03.15:886][560]LogModuleManager: Shutting down and abandoning module ViewportInteraction (408)
[2024.01.03-08.03.15:886][560]LogModuleManager: Shutting down and abandoning module LogVisualizer (406)
[2024.01.03-08.03.15:886][560]LogModuleManager: Shutting down and abandoning module IntroTutorials (404)
[2024.01.03-08.03.15:886][560]LogModuleManager: Shutting down and abandoning module GameProjectGeneration (403)
[2024.01.03-08.03.15:886][560]LogModuleManager: Shutting down and abandoning module EditorLiveStreaming (400)
[2024.01.03-08.03.15:886][560]LogModuleManager: Shutting down and abandoning module IOSPlatformEditor (398)
[2024.01.03-08.03.15:886][560]LogModuleManager: Shutting down and abandoning module HTML5PlatformEditor (396)
[2024.01.03-08.03.15:886][560]LogModuleManager: Shutting down and abandoning module AndroidPlatformEditor (394)
[2024.01.03-08.03.15:886][560]LogModuleManager: Shutting down and abandoning module AndroidDeviceDetection (393)
[2024.01.03-08.03.15:993][560]LogModuleManager: Shutting down and abandoning module IOSRuntimeSettings (390)
[2024.01.03-08.03.15:993][560]LogModuleManager: Shutting down and abandoning module AndroidRuntimeSettings (388)
[2024.01.03-08.03.15:993][560]LogModuleManager: Shutting down and abandoning module InputBindingEditor (386)
[2024.01.03-08.03.15:993][560]LogModuleManager: Shutting down and abandoning module NiagaraEditor (384)
[2024.01.03-08.03.15:993][560]LogModuleManager: Shutting down and abandoning module MergeActors (382)
[2024.01.03-08.03.15:993][560]LogModuleManager: Shutting down and abandoning module SizeMap (380)
[2024.01.03-08.03.15:993][560]LogModuleManager: Shutting down and abandoning module TreeMap (378)
[2024.01.03-08.03.15:993][560]LogModuleManager: Shutting down and abandoning module ReferenceViewer (376)
[2024.01.03-08.03.15:993][560]LogModuleManager: Shutting down and abandoning module LocalizationDashboard (374)
[2024.01.03-08.03.15:993][560]LogModuleManager: Shutting down and abandoning module LocalizationService (373)
[2024.01.03-08.03.15:993][560]LogModuleManager: Shutting down and abandoning module HardwareTargeting (370)
[2024.01.03-08.03.15:993][560]LogModuleManager: Shutting down and abandoning module DeviceProfileEditor (368)
[2024.01.03-08.03.15:993][560]LogModuleManager: Shutting down and abandoning module UndoHistory (366)
[2024.01.03-08.03.15:993][560]LogModuleManager: Shutting down and abandoning module UserFeedback (364)
[2024.01.03-08.03.15:993][560]LogModuleManager: Shutting down and abandoning module XmlParser (362)
[2024.01.03-08.03.15:993][560]LogModuleManager: Shutting down and abandoning module Blutility (360)
[2024.01.03-08.03.15:993][560]LogModuleManager: Shutting down and abandoning module ProjectSettingsViewer (358)
[2024.01.03-08.03.15:994][560]LogModuleManager: Shutting down and abandoning module ProjectTargetPlatformEditor (357)
[2024.01.03-08.03.15:994][560]LogModuleManager: Shutting down and abandoning module EditorSettingsViewer (354)
[2024.01.03-08.03.15:994][560]LogModuleManager: Shutting down and abandoning module SettingsEditor (352)
[2024.01.03-08.03.15:994][560]LogModuleManager: Shutting down and abandoning module ProjectLauncher (350)
[2024.01.03-08.03.15:994][560]LogModuleManager: Shutting down and abandoning module SessionFrontend (348)
[2024.01.03-08.03.15:994][560]LogModuleManager: Shutting down and abandoning module ProfilerClient (346)
[2024.01.03-08.03.15:994][560]LogModuleManager: Shutting down and abandoning module DeviceManager (344)
[2024.01.03-08.03.15:994][560]LogModuleManager: Shutting down and abandoning module TargetDeviceServices (343)
[2024.01.03-08.03.16:036][560]LogModuleManager: Shutting down and abandoning module AutomationController (340)
[2024.01.03-08.03.16:036][560]LogModuleManager: Shutting down and abandoning module AutomationWindow (338)
[2024.01.03-08.03.16:036][560]LogModuleManager: Shutting down and abandoning module Layers (336)
[2024.01.03-08.03.16:036][560]LogModuleManager: Shutting down and abandoning module ComponentVisualizers (334)
[2024.01.03-08.03.16:036][560]LogModuleManager: Shutting down and abandoning module DetailCustomizations (332)
[2024.01.03-08.03.16:036][560]LogModuleManager: Shutting down and abandoning module PackagesDialog (330)
[2024.01.03-08.03.16:036][560]LogModuleManager: Shutting down and abandoning module Persona (328)
[2024.01.03-08.03.16:036][560]LogModuleManager: Shutting down and abandoning module AnimGraph (327)
[2024.01.03-08.03.16:036][560]LogModuleManager: Shutting down and abandoning module Kismet (324)
[2024.01.03-08.03.16:042][560]LogModuleManager: Shutting down and abandoning module GraphEditor (322)
[2024.01.03-08.03.16:042][560]LogModuleManager: Shutting down and abandoning module ClassViewer (320)
[2024.01.03-08.03.16:043][560]LogModuleManager: Shutting down and abandoning module Toolbox (318)
[2024.01.03-08.03.16:043][560]LogModuleManager: Shutting down and abandoning module ModuleUI (316)
[2024.01.03-08.03.16:043][560]LogModuleManager: Shutting down and abandoning module MovieSceneTools (314)
[2024.01.03-08.03.16:043][560]LogModuleManager: Shutting down and abandoning module OutputLog (312)
[2024.01.03-08.03.16:043][560]LogModuleManager: Shutting down and abandoning module GammaUI (310)
[2024.01.03-08.03.16:043][560]LogModuleManager: Shutting down and abandoning module Documentation (308)
[2024.01.03-08.03.16:043][560]LogModuleManager: Shutting down and abandoning module Niagara (306)
[2024.01.03-08.03.16:043][560]LogModuleManager: Shutting down and abandoning module StreamingPauseRendering (304)
[2024.01.03-08.03.16:043][560]LogModuleManager: Shutting down and abandoning module AnalyticsET (302)
[2024.01.03-08.03.16:043][560]LogModuleManager: Shutting down and abandoning module PortalServices (300)
[2024.01.03-08.03.16:043][560]LogModuleManager: Shutting down and abandoning module PortalRpc (298)
[2024.01.03-08.03.16:043][560]LogModuleManager: Shutting down and abandoning module MessagingRpc (296)
[2024.01.03-08.03.16:043][560]LogModuleManager: Shutting down and abandoning module AIModule (294)
[2024.01.03-08.03.16:043][560]LogModuleManager: Shutting down and abandoning module GameplayDebugger (293)
[2024.01.03-08.03.16:043][560]LogModuleManager: Shutting down and abandoning module AITestSuite (291)
[2024.01.03-08.03.16:043][560]LogModuleManager: Shutting down and abandoning module ProfilerService (288)
[2024.01.03-08.03.16:157][560]LogModuleManager: Shutting down and abandoning module TaskGraph (286)
[2024.01.03-08.03.16:157][560]LogModuleManager: Shutting down and abandoning module SteamVRController (284)
[2024.01.03-08.03.16:157][560]LogModuleManager: Shutting down and abandoning module SteamVR (282)
[2024.01.03-08.03.16:157][560]LogModuleManager: Shutting down and abandoning module ProceduralMeshComponentEditor (280)
[2024.01.03-08.03.16:157][560]LogModuleManager: Shutting down and abandoning module ProceduralMeshComponent (278)
[2024.01.03-08.03.16:157][560]LogModuleManager: Shutting down and abandoning module OculusLibrary (276)
[2024.01.03-08.03.16:157][560]LogModuleManager: Shutting down and abandoning module OculusInput (274)
[2024.01.03-08.03.16:157][560]LogModuleManager: Shutting down and abandoning module MobilePatchingUtils (272)
[2024.01.03-08.03.16:157][560]LogModuleManager: Shutting down and abandoning module CustomMeshComponent (270)
[2024.01.03-08.03.16:157][560]LogModuleManager: Shutting down and abandoning module CableComponent (268)
[2024.01.03-08.03.16:157][560]LogModuleManager: Shutting down and abandoning module ArchVisCharacter (266)
[2024.01.03-08.03.16:157][560]LogModuleManager: Shutting down and abandoning module MediaPlayerEditor (262)
[2024.01.03-08.03.16:157][560]LogModuleManager: Shutting down and abandoning module HTML5Networking (260)
[2024.01.03-08.03.16:157][560]LogModuleManager: Shutting down and abandoning module AlembicImporter (258)
[2024.01.03-08.03.16:157][560]LogModuleManager: Shutting down and abandoning module AlembicLibrary (257)
[2024.01.03-08.03.16:157][560]LogModuleManager: Shutting down and abandoning module GeometryCache (256)
[2024.01.03-08.03.16:157][560]LogModuleManager: Shutting down and abandoning module GeometryCacheEd (255)
[2024.01.03-08.03.16:157][560]LogModuleManager: Shutting down and abandoning module SuperSearchEditor (250)
[2024.01.03-08.03.16:157][560]LogModuleManager: Shutting down and abandoning module SuperSearch (249)
[2024.01.03-08.03.16:157][560]LogModuleManager: Shutting down and abandoning module SpeedTreeImporter (246)
[2024.01.03-08.03.16:157][560]LogModuleManager: Shutting down and abandoning module PluginBrowser (244)
[2024.01.03-08.03.16:157][560]LogModuleManager: Shutting down and abandoning module MobileLauncherProfileWizard (242)
[2024.01.03-08.03.16:157][560]LogModuleManager: Shutting down and abandoning module EpicSurvey (240)
[2024.01.03-08.03.16:157][560]LogModuleManager: Shutting down and abandoning module VisualStudioSourceCodeAccess (238)
[2024.01.03-08.03.16:157][560]LogModuleManager: Shutting down and abandoning module DesktopPlatform (237)
[2024.01.03-08.03.16:157][560]LogModuleManager: Shutting down and abandoning module UObjectPlugin (234)
[2024.01.03-08.03.16:157][560]LogModuleManager: Shutting down and abandoning module SubversionSourceControl (232)
[2024.01.03-08.03.16:157][560]LogModuleManager: Shutting down and abandoning module PerforceSourceControl (230)
[2024.01.03-08.03.16:157][560]LogModuleManager: Shutting down and abandoning module GitSourceControl (228)
[2024.01.03-08.03.16:157][560]LogModuleManager: Shutting down and abandoning module SourceControl (227)
[2024.01.03-08.03.16:157][560]LogModuleManager: Shutting down and abandoning module LightPropagationVolumeEditor (224)
[2024.01.03-08.03.16:157][560]LogModuleManager: Shutting down and abandoning module PaperTiledImporter (222)
[2024.01.03-08.03.16:157][560]LogModuleManager: Shutting down and abandoning module PaperSpriteSheetImporter (220)
[2024.01.03-08.03.16:157][560]LogModuleManager: Shutting down and abandoning module Paper2DEditor (218)
[2024.01.03-08.03.16:157][560]LogModuleManager: Shutting down and abandoning module MeshPaint (217)
[2024.01.03-08.03.16:157][560]LogModuleManager: Shutting down and abandoning module LevelEditor (215)
[2024.01.03-08.03.16:158][560]LogModuleManager: Shutting down and abandoning module PixelInspectorModule (214)
[2024.01.03-08.03.16:158][560]LogModuleManager: Shutting down and abandoning module MainFrame (212)
[2024.01.03-08.03.16:158][560]LogModuleManager: Shutting down and abandoning module HotReload (211)
[2024.01.03-08.03.16:159][560]LogModuleManager: Shutting down and abandoning module ContentBrowser (207)
[2024.01.03-08.03.16:159][560]LogModuleManager: Shutting down and abandoning module PhysXVehiclesEditor (204)
[2024.01.03-08.03.16:159][560]LogModuleManager: Shutting down and abandoning module PhysXVehicles (202)
[2024.01.03-08.03.16:160][560]LogModuleManager: Shutting down and abandoning module LocationServicesBPLibrary (200)
[2024.01.03-08.03.16:160][560]LogModuleManager: Shutting down and abandoning module UdpMessaging (198)
[2024.01.03-08.03.16:261][560]LogModuleManager: Shutting down and abandoning module TcpMessaging (196)
[2024.01.03-08.03.16:361][560]LogModuleManager: Shutting down and abandoning module GameplayTagsEditor (194)
[2024.01.03-08.03.16:361][560]LogModuleManager: Shutting down and abandoning module FacialAnimationEditor (192)
[2024.01.03-08.03.16:361][560]LogModuleManager: Shutting down and abandoning module FacialAnimation (190)
[2024.01.03-08.03.16:361][560]LogModuleManager: Shutting down and abandoning module LightPropagationVolumeRuntime (188)
[2024.01.03-08.03.16:361][560]LogModuleManager: Shutting down and abandoning module Paper2D (186)
[2024.01.03-08.03.16:361][560]LogModuleManager: Shutting down and abandoning module WindowsMoviePlayer (184)
[2024.01.03-08.03.16:361][560]LogModuleManager: Shutting down and abandoning module WmfMedia (182)
[2024.01.03-08.03.16:363][560]LogModuleManager: Shutting down and abandoning module MfMedia (180)
[2024.01.03-08.03.16:363][560]LogModuleManager: Shutting down and abandoning module MediaAssets (178)
[2024.01.03-08.03.16:364][560]LogModuleManager: Shutting down and abandoning module GameLiveStreaming (176)
[2024.01.03-08.03.16:364][560]LogModuleManager: Shutting down and abandoning module VREditor (174)
[2024.01.03-08.03.16:364][560]LogModuleManager: Shutting down and abandoning module GameplayTasksEditor (172)
[2024.01.03-08.03.16:364][560]LogModuleManager: Shutting down and abandoning module BehaviorTreeEditor (170)
[2024.01.03-08.03.16:364][560]LogModuleManager: Shutting down and abandoning module FunctionalTesting (168)
[2024.01.03-08.03.16:364][560]LogModuleManager: Shutting down and abandoning module CollisionAnalyzer (166)
[2024.01.03-08.03.16:364][560]LogModuleManager: Shutting down and abandoning module UMG (164)
[2024.01.03-08.03.16:364][560]LogModuleManager: Shutting down and abandoning module UMGEditor (163)
[2024.01.03-08.03.16:364][560]LogModuleManager: Shutting down and abandoning module Sequencer (162)
[2024.01.03-08.03.16:364][560]LogModuleManager: Shutting down and abandoning module AssetTools (160)
[2024.01.03-08.03.16:364][560]LogModuleManager: Shutting down and abandoning module MessageLog (159)
[2024.01.03-08.03.16:364][560]LogModuleManager: Shutting down and abandoning module WorkspaceMenuStructure (158)
[2024.01.03-08.03.16:364][560]LogModuleManager: Shutting down and abandoning module SlateReflector (152)
[2024.01.03-08.03.16:364][560]LogModuleManager: Shutting down and abandoning module Slate (150)
[2024.01.03-08.03.16:364][560]LogModuleManager: Shutting down and abandoning module EditorStyle (148)
[2024.01.03-08.03.16:366][560]LogModuleManager: Shutting down and abandoning module SourceCodeAccess (146)
[2024.01.03-08.03.16:366][560]LogModuleManager: Shutting down and abandoning module HeadMountedDisplay (144)
[2024.01.03-08.03.16:366][560]LogModuleManager: Shutting down and abandoning module XAudio2 (142)
[2024.01.03-08.03.16:366][560]LogModuleManager: Shutting down and abandoning module Networking (140)
[2024.01.03-08.03.16:366][560]LogModuleManager: Shutting down and abandoning module Core (136)
[2024.01.03-08.03.16:366][560]LogModuleManager: Shutting down and abandoning module AssetRegistry (134)
[2024.01.03-08.03.16:501][560]LogDirectoryWatcher: A directory notification for '../../../Engine/Content/' was aborted.
[2024.01.03-08.03.16:501][560]LogDirectoryWatcher: A directory notification for '../../../../../Users/MelchioT/Documents/workUnrealEngine4/MotorUnreal4B/Content/' was aborted.
[2024.01.03-08.03.16:501][560]LogDirectoryWatcher: A directory notification for '../../../Engine/Plugins/2D/Paper2D/Content/' was aborted.
[2024.01.03-08.03.16:501][560]LogModuleManager: Shutting down and abandoning module DirectoryWatcher (133)
[2024.01.03-08.03.16:502][560]LogModuleManager: Shutting down and abandoning module KismetCompiler (130)
[2024.01.03-08.03.16:502][560]LogModuleManager: Shutting down and abandoning module PhysXFormats (128)
[2024.01.03-08.03.16:502][560]LogModuleManager: Shutting down and abandoning module MeshUtilities (126)
[2024.01.03-08.03.16:502][560]LogModuleManager: Shutting down and abandoning module QuadricMeshReduction (125)
[2024.01.03-08.03.16:502][560]LogModuleManager: Shutting down and abandoning module PropertyEditor (123)
[2024.01.03-08.03.16:502][560]LogModuleManager: Shutting down and abandoning module DerivedDataCache (120)
[2024.01.03-08.03.16:507][560]LogDerivedDataCache: Shutdown
[2024.01.03-08.03.16:507][560]LogModuleManager: Shutting down and abandoning module TargetPlatform (118)
[2024.01.03-08.03.16:507][560]LogModuleManager: Shutting down and abandoning module VulkanShaderFormat (117)
[2024.01.03-08.03.16:507][560]LogModuleManager: Shutting down and abandoning module MetalShaderFormat (115)
[2024.01.03-08.03.16:507][560]LogModuleManager: Shutting down and abandoning module ShaderFormatD3D (113)
[2024.01.03-08.03.16:507][560]LogModuleManager: Shutting down and abandoning module ShaderFormatOpenGL (111)
[2024.01.03-08.03.16:507][560]LogModuleManager: Shutting down and abandoning module TextureFormatUncompressed (109)
[2024.01.03-08.03.16:507][560]LogModuleManager: Shutting down and abandoning module TextureFormatASTC (107)
[2024.01.03-08.03.16:507][560]LogModuleManager: Shutting down and abandoning module ImageWrapper (106)
[2024.01.03-08.03.16:507][560]LogModuleManager: Shutting down and abandoning module TextureFormatPVR (103)
[2024.01.03-08.03.16:507][560]LogModuleManager: Shutting down and abandoning module TextureFormatDXT (101)
[2024.01.03-08.03.16:507][560]LogModuleManager: Shutting down and abandoning module TextureFormatIntelISPCTexComp (99)
[2024.01.03-08.03.16:507][560]LogModuleManager: Shutting down and abandoning module AudioFormatOpus (97)
[2024.01.03-08.03.16:507][560]LogModuleManager: Shutting down and abandoning module AudioFormatOgg (95)
[2024.01.03-08.03.16:507][560]LogModuleManager: Shutting down and abandoning module AudioFormatADPCM (93)
[2024.01.03-08.03.16:507][560]LogModuleManager: Shutting down and abandoning module TVOSTargetPlatform (91)
[2024.01.03-08.03.16:507][560]LogModuleManager: Shutting down and abandoning module Messaging (89)
[2024.01.03-08.03.16:507][560]LogModuleManager: Shutting down and abandoning module IOSTargetPlatform (87)
[2024.01.03-08.03.16:507][560]LogModuleManager: Shutting down and abandoning module HTML5TargetPlatform (85)
[2024.01.03-08.03.16:507][560]LogModuleManager: Shutting down and abandoning module Android_MultiTargetPlatform (83)
[2024.01.03-08.03.16:507][560]LogModuleManager: Shutting down and abandoning module Android_ASTCTargetPlatform (81)
[2024.01.03-08.03.16:507][560]LogModuleManager: Shutting down and abandoning module Android_ETC2TargetPlatform (79)
[2024.01.03-08.03.16:507][560]LogModuleManager: Shutting down and abandoning module Android_ETC1TargetPlatform (77)
[2024.01.03-08.03.16:507][560]LogModuleManager: Shutting down and abandoning module Android_DXTTargetPlatform (75)
[2024.01.03-08.03.16:507][560]LogModuleManager: Shutting down and abandoning module Android_ATCTargetPlatform (73)
[2024.01.03-08.03.16:507][560]LogModuleManager: Shutting down and abandoning module Android_PVRTCTargetPlatform (71)
[2024.01.03-08.03.16:507][560]LogModuleManager: Shutting down and abandoning module AndroidTargetPlatform (69)
[2024.01.03-08.03.16:507][560]LogModuleManager: Shutting down and abandoning module AllDesktopTargetPlatform (67)
[2024.01.03-08.03.16:507][560]LogModuleManager: Shutting down and abandoning module WindowsClientTargetPlatform (65)
[2024.01.03-08.03.16:507][560]LogModuleManager: Shutting down and abandoning module WindowsServerTargetPlatform (63)
[2024.01.03-08.03.16:507][560]LogModuleManager: Shutting down and abandoning module WindowsNoEditorTargetPlatform (61)
[2024.01.03-08.03.16:507][560]LogModuleManager: Shutting down and abandoning module WindowsTargetPlatform (59)
[2024.01.03-08.03.16:507][560]LogModuleManager: Shutting down and abandoning module MacClientTargetPlatform (57)
[2024.01.03-08.03.16:507][560]LogModuleManager: Shutting down and abandoning module MacServerTargetPlatform (55)
[2024.01.03-08.03.16:507][560]LogModuleManager: Shutting down and abandoning module MacNoEditorTargetPlatform (53)
[2024.01.03-08.03.16:507][560]LogModuleManager: Shutting down and abandoning module MacTargetPlatform (51)
[2024.01.03-08.03.16:507][560]LogModuleManager: Shutting down and abandoning module InputCore (48)
[2024.01.03-08.03.16:507][560]LogModuleManager: Shutting down and abandoning module Settings (46)
[2024.01.03-08.03.16:508][560]LogModuleManager: Shutting down and abandoning module OculusRift (44)
[2024.01.03-08.03.16:508][560]LogModuleManager: Shutting down and abandoning module ExampleDeviceProfileSelector (42)
[2024.01.03-08.03.16:508][560]LogModuleManager: Shutting down and abandoning module OnlineBlueprintSupport (40)
[2024.01.03-08.03.16:508][560]LogModuleManager: Shutting down and abandoning module OnlineSubsystem (36)
[2024.01.03-08.03.16:508][560]LogOnline:Display: Unloading online subsystem: NULL
[2024.01.03-08.03.16:508][560]LogModuleManager: Shutting down and abandoning module HTTP (35)
[2024.01.03-08.03.16:508][560]LogHttp:Display: Http module shutting down, but needs to wait on 1 outstanding Http requests:
[2024.01.03-08.03.16:508][560]LogHttp:Display: 	verb=[POST] url=[https://datarouter.ol.epicgames.com/datarouter/api/v1/public/data?SessionID=%7BCF960F7C-4625-C1B6-E71E-33B426072519%7D&AppID=UEEditor.UnrealEngine.Release&AppVersion=4.15.0-0%2B%2B%2BUE4%2BRelease-4.15&UserID=aa7ec4a94460bf88f1f872b01bef9583%7C8cfcda83180144cdb9bb2bc7d773924e%7C775b68d6-d1f3-44da-96ce-dab51d83f808&AppEnvironment=datacollector-source&UploadType=eteventstream] status=Processing
[2024.01.03-08.03.16:532][560]LogModuleManager: Shutting down and abandoning module SSL (34)
[2024.01.03-08.03.16:533][560]LogModuleManager: Shutting down and abandoning module AudioEditor (30)
[2024.01.03-08.03.16:533][560]LogModuleManager: Shutting down and abandoning module TextureCompressor (28)
[2024.01.03-08.03.16:533][560]LogModuleManager: Shutting down and abandoning module ShaderCore (26)
[2024.01.03-08.03.16:533][560]LogModuleManager: Shutting down and abandoning module Landscape (24)
[2024.01.03-08.03.16:533][560]LogModuleManager: Shutting down and abandoning module SlateRHIRenderer (22)
[2024.01.03-08.03.16:534][560]LogModuleManager: Shutting down and abandoning module OpenGLDrv (20)
[2024.01.03-08.03.16:534][560]LogModuleManager: Shutting down and abandoning module D3D11RHI (18)
[2024.01.03-08.03.16:534][560]LogModuleManager: Shutting down and abandoning module AnimGraphRuntime (16)
[2024.01.03-08.03.16:534][560]LogModuleManager: Shutting down and abandoning module Renderer (14)
[2024.01.03-08.03.16:534][560]LogModuleManager: Shutting down and abandoning module Engine (12)
[2024.01.03-08.03.16:534][560]LogModuleManager: Shutting down and abandoning module CoreUObject (10)
[2024.01.03-08.03.16:534][560]LogModuleManager: Shutting down and abandoning module NetworkFile (8)
[2024.01.03-08.03.16:534][560]LogModuleManager: Shutting down and abandoning module StreamingFile (6)
[2024.01.03-08.03.16:534][560]LogModuleManager: Shutting down and abandoning module SandboxFile (4)
[2024.01.03-08.03.16:534][560]LogModuleManager: Shutting down and abandoning module PakFile (2)
[2024.01.03-08.03.16:537][560]LogExit: Exiting.
[2024.01.03-08.03.16:546][560]Log file closed, 01/03/24 05:03:16
