Log file open, 12/26/23 05:10:09
LogInit:Display: Running engine for game: MotorUnreal4B
LogPlatformFile: Not using cached read wrapper
LogInit:Display: RandInit(-1064922080) SRandInit(-1064922080).
LogInit: Using version manifest at CL 0 with build ID '5af06b4c-3232-42c8-80e0-46572b4b0bc8'
LogTaskGraph: Started task graph with 5 named threads and 10 total threads with 1 sets of task threads.
LogStats: Stats thread started at 0.148703
LogInit: Using libcurl 7.47.1
LogInit:  - built for x86_64-pc-win32
LogInit:  - supports SSL with OpenSSL/1.0.2g
LogInit:  - supports HTTP deflate (compression) using libz 1.2.8
LogInit:  - other features:
LogInit:      CURL_VERSION_SSL
LogInit:      CURL_VERSION_LIBZ
LogInit:      CURL_VERSION_IPV6
LogInit:      CURL_VERSION_ASYNCHDNS
LogInit:      CURL_VERSION_LARGEFILE
LogInit:      CURL_VERSION_IDN
LogInit:  CurlRequestOptions (configurable via config and command line):
LogInit:  - bVerifyPeer = false  - Libcurl will NOT verify peer certificate
LogInit:  - bUseHttpProxy = false  - Libcurl will NOT use HTTP proxy
LogInit:  - bDontReuseConnections = false  - Libcurl will reuse connections
LogInit:  - CertBundlePath = nullptr  - Libcurl will use whatever was configured at build time.
LogInit: Build: ++UE4+Release-4.15-CL-0
LogInit: Engine Version: 4.15.0-0+++UE4+Release-4.15
LogInit: Compatible Engine Version: 4.15.0-0+++UE4+Release-4.15
LogInit: Net CL: 0
LogDevObjectVersion: Number of dev versions registered: 14
LogDevObjectVersion:   Dev-Blueprints (B0D832E4-1F89-4F0D-ACCF-7EB736FD4AA2): 8
LogDevObjectVersion:   Dev-Build (E1C64328-A22C-4D53-A36C-8E866417BD8C): 0
LogDevObjectVersion:   Dev-Core (375EC13C-06E4-48FB-B500-84F0262A717E): 2
LogDevObjectVersion:   Dev-Editor (E4B068ED-F494-42E9-A231-DA0B2E46BB41): 14
LogDevObjectVersion:   Dev-Framework (CFFC743F-43B0-4480-9391-14DF171D2073): 22
LogDevObjectVersion:   Dev-Mobile (B02B49B5-BB20-44E9-A304-32B752E40360): 0
LogDevObjectVersion:   Dev-Networking (A4E4105C-59A1-49B5-A7C5-40C4547EDFEE): 0
LogDevObjectVersion:   Dev-Online (39C831C9-5AE6-47DC-9A44-9C173E1C8E7C): 0
LogDevObjectVersion:   Dev-Physics (78F01B33-EBEA-4F98-B9B4-84EACCB95AA2): 0
LogDevObjectVersion:   Dev-Platform (6631380F-2D4D-43E0-8009-CF276956A95A): 0
LogDevObjectVersion:   Dev-Rendering (12F88B9F-8875-4AFC-A67C-D90C383ABD29): 12
LogDevObjectVersion:   Dev-Sequencer (7B5AE74C-D270-4C10-A958-57980B212A5A): 3
LogDevObjectVersion:   Dev-VR (D7296918-1DD6-4BDD-9DE2-64A83CC13884): 0
LogDevObjectVersion:   Dev-LoadTimes (C2A15278-BFE7-4AFE-6C17-90FF531DF755): 1
LogInit: Compiled (64-bit): Apr  2 2023 09:25:01
LogInit: Compiled with Visual C++: 19.00.24210.00
LogInit: Build Configuration: Development
LogInit: Branch Name: ++UE4+Release-4.15
LogInit: Command line: 
LogInit: Base directory: C:/Program Files/Unreal Engine 4 (4.15.0)/Engine/Binaries/Win64/
LogInit: Installed Engine Build: 0
LogInit: Presizing for max 8388607 objects, including 0 objects not considered by GC, pre-allocating 0 bytes for permanent pool.
LogInit: Object subsystem initialized
[2023.12.26-08.10.09:488][  0]LogInit: Selected Device Profile: [Windows]
[2023.12.26-08.10.09:488][  0]LogInit: Applying CVar settings loaded from the selected device profile: [Windows]
[2023.12.26-08.10.09:496][  0]LogInit: Computer: DESKTOP-GOSDJOG
[2023.12.26-08.10.09:496][  0]LogInit: User: MelchioT
[2023.12.26-08.10.09:496][  0]LogInit: CPU Page size=65536, Cores=6
[2023.12.26-08.10.09:496][  0]LogInit: High frequency timer resolution =10.000000 MHz
[2023.12.26-08.10.09:496][  0]LogMemory: Memory total: Physical=31.2GB (32GB approx)
[2023.12.26-08.10.09:496][  0]LogMemory: Platform Memory Stats for Windows
[2023.12.26-08.10.09:496][  0]LogMemory: Process Physical Memory: 265.04 MB used, 265.05 MB peak
[2023.12.26-08.10.09:496][  0]LogMemory: Process Virtual Memory: 268.52 MB used, 268.52 MB peak
[2023.12.26-08.10.09:496][  0]LogMemory: Physical Memory: 9120.34 MB used,  22855.33 MB free, 31975.68 MB total
[2023.12.26-08.10.09:496][  0]LogMemory: Virtual Memory: 4760.25 MB used,  22855.33 MB free, 134217728.00 MB total
[2023.12.26-08.10.09:602][  0]LogInit: Overriding culture en with editor configuration.
[2023.12.26-08.10.10:382][  0]LogD3D11RHI: D3D11 adapters:
[2023.12.26-08.10.10:427][  0]LogD3D11RHI:    0. 'AMD Radeon(TM) Graphics' (Feature Level 11_0)
[2023.12.26-08.10.10:427][  0]LogD3D11RHI:       495/0/15987 MB DedicatedVideo/DedicatedSystem/SharedSystem, Outputs:1, VendorId:0x1002
[2023.12.26-08.10.10:429][  0]LogD3D11RHI:    1. 'Microsoft Basic Render Driver' (Feature Level 11_0)
[2023.12.26-08.10.10:429][  0]LogD3D11RHI:       0/0/15987 MB DedicatedVideo/DedicatedSystem/SharedSystem, Outputs:0, VendorId:0x1414
[2023.12.26-08.10.10:429][  0]LogD3D11RHI: Chosen D3D11 Adapter: 0
[2023.12.26-08.10.10:436][  0]LogD3D11RHI: Creating new Direct3DDevice
[2023.12.26-08.10.10:436][  0]LogD3D11RHI:     GPU DeviceId: 0x1636 (for the marketing name, search the web for "GPU Device Id")
[2023.12.26-08.10.10:436][  0]LogWindows: EnumDisplayDevices:
[2023.12.26-08.10.10:436][  0]LogWindows:    0. 'AMD Radeon(TM) Graphics' (P:1 D:1)
[2023.12.26-08.10.10:437][  0]LogWindows:    1. 'AMD Radeon(TM) Graphics' (P:0 D:0)
[2023.12.26-08.10.10:437][  0]LogWindows:    2. 'AMD Radeon(TM) Graphics' (P:0 D:0)
[2023.12.26-08.10.10:437][  0]LogWindows:    3. 'AMD Radeon(TM) Graphics' (P:0 D:0)
[2023.12.26-08.10.10:437][  0]LogWindows:    4. 'AMD Radeon(TM) Graphics' (P:0 D:0)
[2023.12.26-08.10.10:437][  0]LogWindows: DebugString: GetVideoDriverDetailsInvalid PrimaryIsNotTheChoosenAdapter GetVideoDriverDetailsInvalid PrimaryIsNotTheChoosenAdapter GetVideoDriverDetailsInvalid PrimaryIsNotTheChoosenAdapter GetVideoDriverDetailsInvalid PrimaryIsNotTheChoosenAdapter GetVideoDriverDetailsInvalid PrimaryIsNotTheChoosenAdapter FoundDriverCount:0 
[2023.12.26-08.10.10:437][  0]LogD3D11RHI:     Adapter Name: AMD Radeon(TM) Graphics
[2023.12.26-08.10.10:437][  0]LogD3D11RHI:   Driver Version: Unknown (internal:Unknown, unified:Unknown)
[2023.12.26-08.10.10:437][  0]LogD3D11RHI:      Driver Date: Unknown
[2023.12.26-08.10.10:437][  0]LogRHI: Texture pool is 347 MB (70% of 495 MB)
[2023.12.26-08.10.10:488][  0]LogD3D11RHI: Async texture creation enabled
[2023.12.26-08.10.10:504][  0]LogD3D11RHI: GPU Timing Frequency: 100.000000 (Debug: 2 1)
[2023.12.26-08.10.10:507][  0]LogShaderCompilers: Guid format shader working directory is -23 characters bigger than the processId version (../../../../../Users/MelchioT/Documents/workUnrealEngine4/MotorUnreal4B/Intermediate/Shaders/WorkingDirectory/12192/).
[2023.12.26-08.10.10:507][  0]LogShaderCompilers: Cleaned the shader compiler working directory 'C:/Users/MelchioT/AppData/Local/Temp/UnrealShaderWorkingDir/E22BAD1D498C432A7ABC5BAB56C235C9/'.
[2023.12.26-08.10.10:507][  0]LogShaderCompilers:Display: Using Local Shader Compiler.
[2023.12.26-08.10.11:591][  0]LogTemp:Display: Loaded TP MacTargetPlatform
[2023.12.26-08.10.11:654][  0]LogTemp:Display: Loaded TP MacNoEditorTargetPlatform
[2023.12.26-08.10.11:722][  0]LogTemp:Display: Loaded TP MacServerTargetPlatform
[2023.12.26-08.10.11:787][  0]LogTemp:Display: Loaded TP MacClientTargetPlatform
[2023.12.26-08.10.11:843][  0]LogTemp:Display: Loaded TP WindowsTargetPlatform
[2023.12.26-08.10.11:903][  0]LogTemp:Display: Loaded TP WindowsNoEditorTargetPlatform
[2023.12.26-08.10.11:966][  0]LogTemp:Display: Loaded TP WindowsServerTargetPlatform
[2023.12.26-08.10.12:037][  0]LogTemp:Display: Loaded TP WindowsClientTargetPlatform
[2023.12.26-08.10.12:098][  0]LogTemp:Display: Loaded TP AllDesktopTargetPlatform
[2023.12.26-08.10.12:171][  0]LogTemp:Display: Loaded TP AndroidTargetPlatform
[2023.12.26-08.10.12:243][  0]LogTemp:Display: Loaded TP Android_PVRTCTargetPlatform
[2023.12.26-08.10.12:310][  0]LogTemp:Display: Loaded TP Android_ATCTargetPlatform
[2023.12.26-08.10.12:374][  0]LogTemp:Display: Loaded TP Android_DXTTargetPlatform
[2023.12.26-08.10.12:434][  0]LogTemp:Display: Loaded TP Android_ETC1TargetPlatform
[2023.12.26-08.10.12:494][  0]LogTemp:Display: Loaded TP Android_ETC2TargetPlatform
[2023.12.26-08.10.12:566][  0]LogTemp:Display: Loaded TP Android_ASTCTargetPlatform
[2023.12.26-08.10.12:629][  0]LogTemp:Display: Loaded TP Android_MultiTargetPlatform
[2023.12.26-08.10.12:679][  0]LogTemp:Display: Loaded TP HTML5TargetPlatform
[2023.12.26-08.10.12:788][  0]LogTemp:Display: Loaded TP IOSTargetPlatform
[2023.12.26-08.10.12:830][  0]LogTemp:Display: Loaded TP TVOSTargetPlatform
[2023.12.26-08.10.12:830][  0]LogTargetPlatformManager:Display: Building Assets For Windows
[2023.12.26-08.10.13:401][  0]LogDerivedDataCache:Display: Max Cache Size: 512 MB
[2023.12.26-08.10.13:458][  0]LogDerivedDataCache: Loaded boot cache 0.06s 50MB ../../../../../Users/MelchioT/Documents/workUnrealEngine4/MotorUnreal4B/DerivedDataCache/Boot.ddc.
[2023.12.26-08.10.13:458][  0]LogDerivedDataCache:Display: Loaded Boot cache: ../../../../../Users/MelchioT/Documents/workUnrealEngine4/MotorUnreal4B/DerivedDataCache/Boot.ddc
[2023.12.26-08.10.13:458][  0]LogDerivedDataCache: FDerivedDataBackendGraph:  Pak pak cache file ../../../../../Users/MelchioT/Documents/workUnrealEngine4/MotorUnreal4B/DerivedDataCache/DDC.ddp not found, will not use a pak cache.
[2023.12.26-08.10.13:458][  0]LogDerivedDataCache: Unable to find inner node Pak for hierarchical cache Hierarchy.
[2023.12.26-08.10.13:459][  0]LogDerivedDataCache: FDerivedDataBackendGraph:  EnginePak pak cache file ../../../Engine/DerivedDataCache/DDC.ddp not found, will not use a pak cache.
[2023.12.26-08.10.13:459][  0]LogDerivedDataCache: Unable to find inner node EnginePak for hierarchical cache Hierarchy.
[2023.12.26-08.10.13:471][  0]LogDerivedDataCache: Using Local data cache path ../../../Engine/DerivedDataCache: Writable
[2023.12.26-08.10.13:471][  0]LogDerivedDataCache: Shared data cache path not found in *engine.ini, will not use an Shared cache.
[2023.12.26-08.10.13:471][  0]LogDerivedDataCache: Unable to find inner node Shared for hierarchical cache Hierarchy.
[2023.12.26-08.10.13:482][  0]LogSlate: Using Freetype 2.6.0
[2023.12.26-08.10.13:482][  0]LogSlate: SlateFontCache - WITH_FREETYPE: 1, WITH_HARFBUZZ: 1
[2023.12.26-08.10.13:482][  0]LogSlate: SlateFontCache - WITH_FREETYPE: 1, WITH_HARFBUZZ: 1
[2023.12.26-08.10.13:738][  0]LogInit: Selected Device Profile: [Windows]
[2023.12.26-08.10.13:741][  0]LogContentStreaming: Texture pool size is 0.00 MB
[2023.12.26-08.10.13:959][  0]LogMeshUtilities: Using QuadricMeshReduction for automatic static mesh reduction
[2023.12.26-08.10.13:970][  0]LogMeshUtilities: No automatic skeletal mesh reduction module available
[2023.12.26-08.10.13:970][  0]LogMeshUtilities: No automatic mesh merging module available
[2023.12.26-08.10.13:970][  0]LogMeshUtilities: No distributed automatic mesh merging module available
[2023.12.26-08.10.14:605][  0]LogNetVersion: GetLocalNetworkVersion: CL: 0, ProjectName: motorunreal4b, ProjectVersion: , EngineNetworkVersion: 2, GameNetworkVersion: 0, NetworkChecksum: 3893362438
[2023.12.26-08.10.14:653][  0]LogAssetRegistry: FAssetRegistry took 0.0218 seconds to start up
[2023.12.26-08.10.14:697][  0]LogPackageLocalizationCache: Processed 3 localized package path(s) for 1 prioritized culture(s) in 0.014918 seconds
[2023.12.26-08.10.14:704][  0]LogUObjectArray: 32434 objects as part of root set at end of initial load.
[2023.12.26-08.10.14:704][  0]LogUObjectAllocator: 7066632 out of 0 bytes used by permanent object pool.
[2023.12.26-08.10.14:704][  0]LogUObjectArray: CloseDisregardForGC: 0/0 objects in disregard for GC pool
[2023.12.26-08.10.14:783][  0]LogInit: WinSock: version 1.1 (2.2), MaxSocks=32767, MaxUdp=65467
[2023.12.26-08.10.16:514][  0]LogTcpMessaging: Initializing TcpMessaging bridge
[2023.12.26-08.10.16:564][  0]LogUdpMessaging: Initializing bridge on interface 0.0.0.0:0 to multicast group 230.0.0.1:6666.
[2023.12.26-08.10.17:096][  0]LogMaterial: Uniform references updated for custom material expression Custom.
[2023.12.26-08.10.17:528][  0]SourceControl: Info Source control is disabled
[2023.12.26-08.10.17:586][  0]SourceControl: Info Source control is disabled
[2023.12.26-08.10.17:644][  0]SourceControl: Info Source control is disabled
[2023.12.26-08.10.17:696][  0]SourceControl: Info Source control is disabled
[2023.12.26-08.10.19:357][  0]LogEngine: Initializing Engine...
[2023.12.26-08.10.19:358][  0]LogHMD: Failed to initialize OpenVR with code 110
[2023.12.26-08.10.19:760][  0]LogAIModule: Creating AISystem for world Untitled
[2023.12.26-08.10.19:791][  0]LogInit: XAudio2 using 'Altavoces (Realtek(R) Audio)' : 2 channels at 48 kHz using 16 bits per sample (channel mask 0x3)
[2023.12.26-08.10.19:826][  0]LogInit: FAudioDevice initialized.
[2023.12.26-08.10.19:860][  0]LogDerivedDataCache: Saved boot cache 0.03s 50MB ../../../../../Users/MelchioT/Documents/workUnrealEngine4/MotorUnreal4B/DerivedDataCache/Boot.ddc.
[2023.12.26-08.10.19:868][  0]LogInit: Texture streaming: Enabled
[2023.12.26-08.10.20:045][  0]LogEngineSessionManager: EngineSessionManager initialized
[2023.12.26-08.10.20:188][  0]LogInit: Transaction tracking system initialized
[2023.12.26-08.10.20:641][  0]BlueprintLog: New page: Editor Load
[2023.12.26-08.10.21:689][  0]LocalizationService: Info Localization service is disabled
[2023.12.26-08.10.22:450][  0]LogConsoleResponse:Display: 
[2023.12.26-08.10.22:597][  0]LogCook:Display: Max memory allowance for cook 16384mb min free memory 0mb
[2023.12.26-08.10.22:597][  0]LogCook:Display: Mobile HDR setting 1
[2023.12.26-08.10.22:787][  0]LogFileCache: Scanning file cache for directory 'C:/Users/MelchioT/Documents/workUnrealEngine4/MotorUnreal4B/Content/' took 0.01s
[2023.12.26-08.10.23:959][  0]SourceControl: Info Source control is disabled
[2023.12.26-08.10.23:959][  0]Cmd: MAP LOAD FILE="../../../Engine/Content/Maps/Templates/Template_Default.umap" TEMPLATE=1 SHOWPROGRESS=1 FEATURELEVEL=3
[2023.12.26-08.10.23:960][  0]LightingResults: New page: Lighting Build
[2023.12.26-08.10.24:009][  0]MapCheck: New page: Map Check
[2023.12.26-08.10.24:009][  0]LightingResults: New page: Lighting Build
[2023.12.26-08.10.24:221][  0]LogAIModule: Creating AISystem for world Untitled_1
[2023.12.26-08.10.24:223][  0]LogActorComponent: RegisterComponentWithWorld: (/Temp/Untitled_1.Untitled_1:PersistentLevel.WorldSettings_1.StaticMeshComponent0) Trying to register component with IsPendingKill() == true. Aborting.
[2023.12.26-08.10.24:227][  0]LogEditorServer: Finished looking for orphan Actors (0.000 secs)
[2023.12.26-08.10.24:236][  0]Cmd: MAP CHECKDEP NOCLEARLOG
[2023.12.26-08.10.24:269][  0]MapCheck: Info Map check complete: 0 Error(s), 0 Warning(s), took 32.807ms to complete.
[2023.12.26-08.10.24:269][  0]LogFileHelpers: Loading map 'Template_Default' took 0.309
[2023.12.26-08.10.24:445][  0]LogCollectionManager: Loaded 0 collections in 0.001536 seconds
[2023.12.26-08.10.24:530][  0]LogFileCache: Scanning file cache for directory 'C:/Users/MelchioT/Documents/workUnrealEngine4/MotorUnreal4B/Saved/Collections/' took 0.01s
[2023.12.26-08.10.24:530][  0]LogFileCache: Scanning file cache for directory 'C:/Users/MelchioT/Documents/workUnrealEngine4/MotorUnreal4B/Content/Developers/MelchioT/Collections/' took 0.01s
[2023.12.26-08.10.24:530][  0]LogFileCache: Scanning file cache for directory 'C:/Users/MelchioT/Documents/workUnrealEngine4/MotorUnreal4B/Content/Collections/' took 0.01s
[2023.12.26-08.10.24:530][  0]LogCollectionManager: Rebuilt the GUID cache for 0 collections in 0.000009 seconds
[2023.12.26-08.10.24:539][  0]LogContentBrowser: Native class hierarchy populated in 0.0089 seconds. Added 2243 classes and 448 folders.
[2023.12.26-08.10.24:542][  0]LogStats: UGameplayTagsManager::ConstructGameplayTagTree: Construct from data asset -  0.000 s
[2023.12.26-08.10.24:542][  0]LogStats: UGameplayTagsManager::ConstructGameplayTagTree: GameplayTagTreeChangedEvent.Broadcast -  0.000 s
[2023.12.26-08.10.24:639][  0]LogContentBrowser: Native class hierarchy updated for 'WidgetCarousel' in 0.0007 seconds. Added 0 classes and 0 folders.
[2023.12.26-08.10.24:693][  0]LogContentBrowser: Native class hierarchy updated for 'AddContentDialog' in 0.0007 seconds. Added 0 classes and 0 folders.
[2023.12.26-08.10.24:768][  0]LogContentBrowser: Native class hierarchy updated for 'SceneOutliner' in 0.0009 seconds. Added 1 classes and 2 folders.
[2023.12.26-08.10.24:922][  0]LogCrashTracker: Crashtracker disabled due to settings.
[2023.12.26-08.10.24:942][  0]LogUObjectGlobals:Warning: Failed to find object 'Class None.'
[2023.12.26-08.10.25:043][  0]LogContentBrowser: Native class hierarchy updated for 'HierarchicalLODOutliner' in 0.0007 seconds. Added 1 classes and 2 folders.
[2023.12.26-08.10.25:043][  0]LogLoad: (Engine Initialization) Total time: 17.42 seconds
[2023.12.26-08.10.25:043][  0]LogLoad: (Engine Initialization) Total Blueprint compile time: 0.09 seconds
[2023.12.26-08.10.25:043][  0]LogExternalProfiler: No external profilers were discovered.  External profiling features will not be available.
[2023.12.26-08.10.25:384][  0]LogOcInput: OculusInput pre-init called
[2023.12.26-08.10.25:406][  0]LogContentStreaming: Texture pool size now 1000 MB
[2023.12.26-08.10.25:407][  0]LogSlate: Took 0.000229 seconds to synchronously load lazily loaded font '../../../Engine/Content/Slate/Fonts/Roboto-Regular.ttf' (155K)
[2023.12.26-08.10.25:411][  0]LogSlate: Took 0.000282 seconds to synchronously load lazily loaded font '../../../Engine/Content/Slate/Fonts/Roboto-Bold.ttf' (160K)
[2023.12.26-08.10.25:413][  0]LogSlate: Took 0.000419 seconds to synchronously load lazily loaded font '../../../Engine/Content/Editor/Slate/Fonts/FontAwesome.ttf' (139K)
[2023.12.26-08.10.25:505][  0]LogRenderer: Reallocating scene render targets to support 1528x576 NumSamples 1 (Frame:2).
[2023.12.26-08.10.25:568][  0]LogSlate: Took 0.000259 seconds to synchronously load lazily loaded font '../../../Engine/Content/Slate/Fonts/Roboto-Light.ttf' (159K)
[2023.12.26-08.10.25:729][  1]LogAssetRegistry: Asset discovery search completed in 11.0975 seconds
[2023.12.26-08.10.25:729][  1]LogCollectionManager: Rebuilt the object cache for 0 collections in 0.000001 seconds (found 0 objects)
[2023.12.26-08.10.25:729][  1]LogCollectionManager: Fixed up redirectors for 0 collections in 0.000014 seconds (updated 0 objects)
[2023.12.26-08.10.38:286][652]LogSlate: Took 0.000134 seconds to synchronously load lazily loaded font '../../../Engine/Content/Slate/Fonts/Roboto-Light.ttf' (159K)
[2023.12.26-08.10.38:344][652]LogAIModule: Creating AISystem for world Nivel
[2023.12.26-08.10.38:360][652]Cmd: MAP LOAD FILE="../../../../../Users/MelchioT/Documents/workUnrealEngine4/MotorUnreal4B/Content/Ejercicios/Ejercicio1/Nivel.umap" TEMPLATE=0 SHOWPROGRESS=1 FEATURELEVEL=3
[2023.12.26-08.10.38:360][652]LightingResults: New page: Lighting Build
[2023.12.26-08.10.38:361][652]LoadErrors: New page: Loading map: Nivel.umap
[2023.12.26-08.10.38:362][652]MapCheck: New page: Map Check
[2023.12.26-08.10.38:362][652]LightingResults: New page: Lighting Build
[2023.12.26-08.10.38:416][652]LogEditorServer: Finished looking for orphan Actors (0.000 secs)
[2023.12.26-08.10.38:432][652]Cmd: MAP CHECKDEP NOCLEARLOG
[2023.12.26-08.10.38:461][652]MapCheck: Info Map check complete: 0 Error(s), 0 Warning(s), took 29.657ms to complete.
[2023.12.26-08.10.38:461][652]LogFileHelpers: Loading map 'Nivel' took 0.102
[2023.12.26-08.10.40:212][749]LogTemp: Repeting last play command: Selected Viewport
[2023.12.26-08.10.40:218][749]LogPlayLevel: PlayLevel: No blueprints needed recompiling
[2023.12.26-08.10.40:219][749]PIE: New page: PIE session: Nivel (Dec 26, 2023, 2:10:40 AM)
[2023.12.26-08.10.40:219][749]LogPlayLevel: Creating play world package: /Game/Ejercicios/Ejercicio1/UEDPIE_0_Nivel
[2023.12.26-08.10.40:221][749]LogPlayLevel: PIE: StaticDuplicateObject took: (0.001874s)
[2023.12.26-08.10.40:222][749]LogAIModule: Creating AISystem for world Nivel
[2023.12.26-08.10.40:222][749]LogPlayLevel: PIE: World Init took: (0.001067s)
[2023.12.26-08.10.40:222][749]LogPlayLevel: PIE: Created PIE world by copying editor world from /Game/Ejercicios/Ejercicio1/Nivel.Nivel to /Game/Ejercicios/Ejercicio1/UEDPIE_0_Nivel.Nivel (0.003179s)
[2023.12.26-08.10.40:238][749]LogInit: XAudio2 using 'Altavoces (Realtek(R) Audio)' : 2 channels at 48 kHz using 16 bits per sample (channel mask 0x3)
[2023.12.26-08.10.40:255][749]LogInit: FAudioDevice initialized.
[2023.12.26-08.10.40:301][749]LogLoad: Game class is 'GameModeBase'
[2023.12.26-08.10.40:304][749]LogWorld: Bringing World /Game/Ejercicios/Ejercicio1/UEDPIE_0_Nivel.Nivel up for play (max tick rate 60) at 2023.12.26-05.10.40
[2023.12.26-08.10.40:304][749]LogWorld: Bringing up level for play took: 0.000818
[2023.12.26-08.10.40:345][749]LogContentBrowser: Native class hierarchy updated for 'MovieSceneCapture' in 0.0005 seconds. Added 11 classes and 0 folders.
[2023.12.26-08.10.40:346][749]PIE: Info Play in editor start time for /Game/Ejercicios/Ejercicio1/UEDPIE_0_Nivel 0.071
[2023.12.26-08.10.46:531][109]LogAIModule: Creating AISystem for world 12-Blueprint11
[2023.12.26-08.10.47:869][109]Cmd: MAP LOAD FILE="../../../../../Users/MelchioT/Documents/workUnrealEngine4/MotorUnreal4B/Content/Contenido/Levels/12-Blueprint11.umap" TEMPLATE=0 SHOWPROGRESS=1 FEATURELEVEL=3
[2023.12.26-08.10.47:874][109]LogSlate: Took 0.000157 seconds to synchronously load lazily loaded font '../../../Engine/Content/Slate/Fonts/Roboto-Regular.ttf' (155K)
[2023.12.26-08.10.47:887][109]LightingResults: New page: Lighting Build
[2023.12.26-08.10.47:889][109]LoadErrors: New page: Loading map: 12-Blueprint11.umap
[2023.12.26-08.10.47:889][109]MapCheck: New page: Map Check
[2023.12.26-08.10.47:889][109]LightingResults: New page: Lighting Build
[2023.12.26-08.10.47:957][109]LogEditorServer: Finished looking for orphan Actors (0.000 secs)
[2023.12.26-08.10.47:980][109]Cmd: MAP CHECKDEP NOCLEARLOG
[2023.12.26-08.10.48:011][109]MapCheck: Info Map check complete: 0 Error(s), 0 Warning(s), took 30.814ms to complete.
[2023.12.26-08.10.48:011][109]LogFileHelpers: Loading map '12-Blueprint11' took 1.470
[2023.12.26-08.10.49:172][176]LogTemp: Repeting last play command: Selected Viewport
[2023.12.26-08.10.49:179][176]LogPlayLevel: PlayLevel: No blueprints needed recompiling
[2023.12.26-08.10.49:180][176]PIE: New page: PIE session: 12-Blueprint11 (Dec 26, 2023, 2:10:49 AM)
[2023.12.26-08.10.49:180][176]LogPlayLevel: Creating play world package: /Game/Contenido/Levels/UEDPIE_0_12-Blueprint11
[2023.12.26-08.10.49:182][176]LogPlayLevel: PIE: StaticDuplicateObject took: (0.002374s)
[2023.12.26-08.10.49:183][176]LogAIModule: Creating AISystem for world 12-Blueprint11
[2023.12.26-08.10.49:183][176]LogPlayLevel: PIE: World Init took: (0.001274s)
[2023.12.26-08.10.49:184][176]LogPlayLevel: PIE: Created PIE world by copying editor world from /Game/Contenido/Levels/12-Blueprint11.12-Blueprint11 to /Game/Contenido/Levels/UEDPIE_0_12-Blueprint11.12-Blueprint11 (0.003867s)
[2023.12.26-08.10.49:198][176]LogInit: XAudio2 using 'Altavoces (Realtek(R) Audio)' : 2 channels at 48 kHz using 16 bits per sample (channel mask 0x3)
[2023.12.26-08.10.49:214][176]LogInit: FAudioDevice initialized.
[2023.12.26-08.10.49:248][176]LogLoad: Game class is 'GameModeBase'
[2023.12.26-08.10.49:250][176]LogWorld: Bringing World /Game/Contenido/Levels/UEDPIE_0_12-Blueprint11.12-Blueprint11 up for play (max tick rate 60) at 2023.12.26-05.10.49
[2023.12.26-08.10.49:250][176]LogWorld: Bringing up level for play took: 0.000996
[2023.12.26-08.10.49:251][176]PIE: Info Play in editor start time for /Game/Contenido/Levels/UEDPIE_0_12-Blueprint11 0.977
[2023.12.26-08.11.01:951][860]LogContentBrowser: Native class hierarchy updated for 'BlueprintGraph' in 0.0010 seconds. Added 112 classes and 0 folders.
[2023.12.26-08.11.02:504][860]LogSlate: Took 0.000256 seconds to synchronously load lazily loaded font '../../../Engine/Content/Editor/Slate/Fonts/Roboto-BoldCondensed.ttf' (158K)
[2023.12.26-08.11.02:581][861]LogSlate: Took 0.000300 seconds to synchronously load lazily loaded font '../../../Engine/Content/Editor/Slate/Fonts/Roboto-Italic.ttf' (157K)
[2023.12.26-08.11.19:355][776]LogAIModule: Creating AISystem for world 07-Blueprint6
[2023.12.26-08.11.20:515][776]Cmd: MAP LOAD FILE="../../../../../Users/MelchioT/Documents/workUnrealEngine4/MotorUnreal4B/Content/Contenido/Levels/07-Blueprint6.umap" TEMPLATE=0 SHOWPROGRESS=1 FEATURELEVEL=3
[2023.12.26-08.11.20:533][776]LightingResults: New page: Lighting Build
[2023.12.26-08.11.20:534][776]LoadErrors: New page: Loading map: 07-Blueprint6.umap
[2023.12.26-08.11.20:535][776]MapCheck: New page: Map Check
[2023.12.26-08.11.20:535][776]LightingResults: New page: Lighting Build
[2023.12.26-08.11.20:636][776]LogEditorServer: Finished looking for orphan Actors (0.000 secs)
[2023.12.26-08.11.20:661][776]Cmd: MAP CHECKDEP NOCLEARLOG
[2023.12.26-08.11.20:695][776]MapCheck: Info Map check complete: 0 Error(s), 0 Warning(s), took 34.004ms to complete.
[2023.12.26-08.11.20:695][776]LogFileHelpers: Loading map '07-Blueprint6' took 1.318
[2023.12.26-08.11.21:669][831]LogAIModule: Creating AISystem for world 08-Blueprint7
[2023.12.26-08.11.21:684][831]Cmd: MAP LOAD FILE="../../../../../Users/MelchioT/Documents/workUnrealEngine4/MotorUnreal4B/Content/Contenido/Levels/08-Blueprint7.umap" TEMPLATE=0 SHOWPROGRESS=1 FEATURELEVEL=3
[2023.12.26-08.11.21:684][831]LightingResults: New page: Lighting Build
[2023.12.26-08.11.21:686][831]LoadErrors: New page: Loading map: 08-Blueprint7.umap
[2023.12.26-08.11.21:686][831]MapCheck: New page: Map Check
[2023.12.26-08.11.21:686][831]LightingResults: New page: Lighting Build
[2023.12.26-08.11.21:790][831]LogEditorServer: Finished looking for orphan Actors (0.000 secs)
[2023.12.26-08.11.21:806][831]Cmd: MAP CHECKDEP NOCLEARLOG
[2023.12.26-08.11.21:843][831]MapCheck: Info Map check complete: 0 Error(s), 0 Warning(s), took 36.812ms to complete.
[2023.12.26-08.11.21:843][831]LogFileHelpers: Loading map '08-Blueprint7' took 0.160
[2023.12.26-08.11.23:257][915]LogTemp: Repeting last play command: Selected Viewport
[2023.12.26-08.11.23:267][915]LogPlayLevel: PlayLevel: No blueprints needed recompiling
[2023.12.26-08.11.23:267][915]PIE: New page: PIE session: 08-Blueprint7 (Dec 26, 2023, 2:11:23 AM)
[2023.12.26-08.11.23:267][915]LogPlayLevel: Creating play world package: /Game/Contenido/Levels/UEDPIE_0_08-Blueprint7
[2023.12.26-08.11.23:269][915]LogPlayLevel: PIE: StaticDuplicateObject took: (0.001751s)
[2023.12.26-08.11.23:270][915]LogAIModule: Creating AISystem for world 08-Blueprint7
[2023.12.26-08.11.23:270][915]LogPlayLevel: PIE: World Init took: (0.000834s)
[2023.12.26-08.11.23:270][915]LogPlayLevel: PIE: Created PIE world by copying editor world from /Game/Contenido/Levels/08-Blueprint7.08-Blueprint7 to /Game/Contenido/Levels/UEDPIE_0_08-Blueprint7.08-Blueprint7 (0.002774s)
[2023.12.26-08.11.23:290][915]LogInit: XAudio2 using 'Altavoces (Realtek(R) Audio)' : 2 channels at 48 kHz using 16 bits per sample (channel mask 0x3)
[2023.12.26-08.11.23:306][915]LogInit: FAudioDevice initialized.
[2023.12.26-08.11.23:337][915]LogLoad: Game class is 'GameModeBase'
[2023.12.26-08.11.23:340][915]LogWorld: Bringing World /Game/Contenido/Levels/UEDPIE_0_08-Blueprint7.08-Blueprint7 up for play (max tick rate 60) at 2023.12.26-05.11.23
[2023.12.26-08.11.23:340][915]LogWorld: Bringing up level for play took: 0.001006
[2023.12.26-08.11.23:341][915]PIE: Info Play in editor start time for /Game/Contenido/Levels/UEDPIE_0_08-Blueprint7 1.067
[2023.12.26-08.11.29:103][256]LogAIModule: Creating AISystem for world 09-Blueprint8
[2023.12.26-08.11.30:262][256]Cmd: MAP LOAD FILE="../../../../../Users/MelchioT/Documents/workUnrealEngine4/MotorUnreal4B/Content/Contenido/Levels/09-Blueprint8.umap" TEMPLATE=0 SHOWPROGRESS=1 FEATURELEVEL=3
[2023.12.26-08.11.30:275][256]LightingResults: New page: Lighting Build
[2023.12.26-08.11.30:277][256]LoadErrors: New page: Loading map: 09-Blueprint8.umap
[2023.12.26-08.11.30:277][256]MapCheck: New page: Map Check
[2023.12.26-08.11.30:277][256]LightingResults: New page: Lighting Build
[2023.12.26-08.11.30:403][256]LogEditorServer: Finished looking for orphan Actors (0.000 secs)
[2023.12.26-08.11.30:429][256]Cmd: MAP CHECKDEP NOCLEARLOG
[2023.12.26-08.11.30:464][256]MapCheck: Info Map check complete: 0 Error(s), 0 Warning(s), took 35.301ms to complete.
[2023.12.26-08.11.30:464][256]LogFileHelpers: Loading map '09-Blueprint8' took 1.348
[2023.12.26-08.11.32:154][355]LogTemp: Repeting last play command: Selected Viewport
[2023.12.26-08.11.32:160][355]LogPlayLevel: PlayLevel: No blueprints needed recompiling
[2023.12.26-08.11.32:161][355]PIE: New page: PIE session: 09-Blueprint8 (Dec 26, 2023, 2:11:32 AM)
[2023.12.26-08.11.32:161][355]LogPlayLevel: Creating play world package: /Game/Contenido/Levels/UEDPIE_0_09-Blueprint8
[2023.12.26-08.11.32:162][355]LogPlayLevel: PIE: StaticDuplicateObject took: (0.001687s)
[2023.12.26-08.11.32:163][355]LogAIModule: Creating AISystem for world 09-Blueprint8
[2023.12.26-08.11.32:163][355]LogPlayLevel: PIE: World Init took: (0.000837s)
[2023.12.26-08.11.32:163][355]LogPlayLevel: PIE: Created PIE world by copying editor world from /Game/Contenido/Levels/09-Blueprint8.09-Blueprint8 to /Game/Contenido/Levels/UEDPIE_0_09-Blueprint8.09-Blueprint8 (0.002739s)
[2023.12.26-08.11.32:184][355]LogInit: XAudio2 using 'Altavoces (Realtek(R) Audio)' : 2 channels at 48 kHz using 16 bits per sample (channel mask 0x3)
[2023.12.26-08.11.32:201][355]LogInit: FAudioDevice initialized.
[2023.12.26-08.11.32:231][355]LogLoad: Game class is 'GameModeBase'
[2023.12.26-08.11.32:234][355]LogWorld: Bringing World /Game/Contenido/Levels/UEDPIE_0_09-Blueprint8.09-Blueprint8 up for play (max tick rate 60) at 2023.12.26-05.11.32
[2023.12.26-08.11.32:234][355]LogWorld: Bringing up level for play took: 0.001007
[2023.12.26-08.11.32:235][355]PIE: Info Play in editor start time for /Game/Contenido/Levels/UEDPIE_0_09-Blueprint8 -0.039
[2023.12.26-08.11.33:883][451]LogAIModule: Creating AISystem for world 08-Blueprint7
[2023.12.26-08.11.34:931][451]Cmd: MAP LOAD FILE="../../../../../Users/MelchioT/Documents/workUnrealEngine4/MotorUnreal4B/Content/Contenido/Levels/08-Blueprint7.umap" TEMPLATE=0 SHOWPROGRESS=1 FEATURELEVEL=3
[2023.12.26-08.11.34:943][451]LightingResults: New page: Lighting Build
[2023.12.26-08.11.34:945][451]LoadErrors: New page: Loading map: 08-Blueprint7.umap
[2023.12.26-08.11.34:945][451]MapCheck: New page: Map Check
[2023.12.26-08.11.34:945][451]LightingResults: New page: Lighting Build
[2023.12.26-08.11.35:081][451]LogEditorServer: Finished looking for orphan Actors (0.000 secs)
[2023.12.26-08.11.35:106][451]Cmd: MAP CHECKDEP NOCLEARLOG
[2023.12.26-08.11.35:139][451]MapCheck: Info Map check complete: 0 Error(s), 0 Warning(s), took 33.144ms to complete.
[2023.12.26-08.11.35:139][451]LogFileHelpers: Loading map '08-Blueprint7' took 1.242
[2023.12.26-08.11.44:351][  2]LogEditorViewport: Clicking on Actor (LMB): 07-Delay+AddActorLocalRotation_C (7-NoName)
[2023.12.26-08.12.10:789][583]LogTemp: Repeting last play command: Selected Viewport
[2023.12.26-08.12.10:795][583]LogPlayLevel: PlayLevel: No blueprints needed recompiling
[2023.12.26-08.12.10:796][583]PIE: New page: PIE session: 08-Blueprint7 (Dec 26, 2023, 2:12:10 AM)
[2023.12.26-08.12.10:796][583]LogPlayLevel: Creating play world package: /Game/Contenido/Levels/UEDPIE_0_08-Blueprint7
[2023.12.26-08.12.10:797][583]LogPlayLevel: PIE: StaticDuplicateObject took: (0.001814s)
[2023.12.26-08.12.10:798][583]LogAIModule: Creating AISystem for world 08-Blueprint7
[2023.12.26-08.12.10:798][583]LogPlayLevel: PIE: World Init took: (0.000801s)
[2023.12.26-08.12.10:798][583]LogPlayLevel: PIE: Created PIE world by copying editor world from /Game/Contenido/Levels/08-Blueprint7.08-Blueprint7 to /Game/Contenido/Levels/UEDPIE_0_08-Blueprint7.08-Blueprint7 (0.002819s)
[2023.12.26-08.12.10:818][583]LogInit: XAudio2 using 'Altavoces (Realtek(R) Audio)' : 2 channels at 48 kHz using 16 bits per sample (channel mask 0x3)
[2023.12.26-08.12.10:835][583]LogInit: FAudioDevice initialized.
[2023.12.26-08.12.10:863][583]LogLoad: Game class is 'GameModeBase'
[2023.12.26-08.12.10:866][583]LogWorld: Bringing World /Game/Contenido/Levels/UEDPIE_0_08-Blueprint7.08-Blueprint7 up for play (max tick rate 60) at 2023.12.26-05.12.10
[2023.12.26-08.12.10:866][583]LogWorld: Bringing up level for play took: 0.000910
[2023.12.26-08.12.10:867][583]PIE: Info Play in editor start time for /Game/Contenido/Levels/UEDPIE_0_08-Blueprint7 0.592
[2023.12.26-08.12.16:008][880]LogSavePackage: Save=26.66ms
[2023.12.26-08.12.16:008][880]LogSavePackage: Moving '../../../../../Users/MelchioT/Documents/workUnrealEngine4/MotorUnreal4B/Saved/08-Blueprint7081A499342E54097DA405887C027CFC3.tmp' to '../../../../../Users/MelchioT/Documents/workUnrealEngine4/MotorUnreal4B/Content/Contenido/Levels/08-Blueprint7.umap'
[2023.12.26-08.12.16:009][880]LogSavePackage:Display: Finished SavePackage ../../../../../Users/MelchioT/Documents/workUnrealEngine4/MotorUnreal4B/Content/Contenido/Levels/08-Blueprint7.umap
[2023.12.26-08.12.17:037][939]LogAIModule: Creating AISystem for world 07-Blueprint6
[2023.12.26-08.12.17:053][939]Cmd: MAP LOAD FILE="../../../../../Users/MelchioT/Documents/workUnrealEngine4/MotorUnreal4B/Content/Contenido/Levels/07-Blueprint6.umap" TEMPLATE=0 SHOWPROGRESS=1 FEATURELEVEL=3
[2023.12.26-08.12.17:053][939]LightingResults: New page: Lighting Build
[2023.12.26-08.12.17:054][939]LoadErrors: New page: Loading map: 07-Blueprint6.umap
[2023.12.26-08.12.17:055][939]MapCheck: New page: Map Check
[2023.12.26-08.12.17:055][939]LightingResults: New page: Lighting Build
[2023.12.26-08.12.17:117][939]LogEditorServer: Finished looking for orphan Actors (0.000 secs)
[2023.12.26-08.12.17:134][939]Cmd: MAP CHECKDEP NOCLEARLOG
[2023.12.26-08.12.17:168][939]MapCheck: Info Map check complete: 0 Error(s), 0 Warning(s), took 33.403ms to complete.
[2023.12.26-08.12.17:168][939]LogFileHelpers: Loading map '07-Blueprint6' took 0.115
[2023.12.26-08.12.19:013][ 49]LogTemp: Repeting last play command: Selected Viewport
[2023.12.26-08.12.19:020][ 49]LogPlayLevel: PlayLevel: No blueprints needed recompiling
[2023.12.26-08.12.19:020][ 49]PIE: New page: PIE session: 07-Blueprint6 (Dec 26, 2023, 2:12:19 AM)
[2023.12.26-08.12.19:020][ 49]LogPlayLevel: Creating play world package: /Game/Contenido/Levels/UEDPIE_0_07-Blueprint6
[2023.12.26-08.12.19:021][ 49]LogPlayLevel: PIE: StaticDuplicateObject took: (0.001705s)
[2023.12.26-08.12.19:022][ 49]LogAIModule: Creating AISystem for world 07-Blueprint6
[2023.12.26-08.12.19:022][ 49]LogPlayLevel: PIE: World Init took: (0.000830s)
[2023.12.26-08.12.19:022][ 49]LogPlayLevel: PIE: Created PIE world by copying editor world from /Game/Contenido/Levels/07-Blueprint6.07-Blueprint6 to /Game/Contenido/Levels/UEDPIE_0_07-Blueprint6.07-Blueprint6 (0.002743s)
[2023.12.26-08.12.19:041][ 49]LogInit: XAudio2 using 'Altavoces (Realtek(R) Audio)' : 2 channels at 48 kHz using 16 bits per sample (channel mask 0x3)
[2023.12.26-08.12.19:057][ 49]LogInit: FAudioDevice initialized.
[2023.12.26-08.12.19:092][ 49]LogLoad: Game class is 'GameModeBase'
[2023.12.26-08.12.19:095][ 49]LogWorld: Bringing World /Game/Contenido/Levels/UEDPIE_0_07-Blueprint6.07-Blueprint6 up for play (max tick rate 60) at 2023.12.26-05.12.19
[2023.12.26-08.12.19:095][ 49]LogWorld: Bringing up level for play took: 0.000989
[2023.12.26-08.12.19:096][ 49]PIE: Info Play in editor start time for /Game/Contenido/Levels/UEDPIE_0_07-Blueprint6 0.821
[2023.12.26-08.12.22:002][221]LogBlueprintUserMessages: [6-Delay_623] Hello
[2023.12.26-08.12.25:017][397]LogBlueprintUserMessages: [6-Delay_623] Hello
[2023.12.26-08.12.27:145][523]LogAIModule: Creating AISystem for world 10-Blueprint9
[2023.12.26-08.12.28:316][523]Cmd: MAP LOAD FILE="../../../../../Users/MelchioT/Documents/workUnrealEngine4/MotorUnreal4B/Content/Contenido/Levels/10-Blueprint9.umap" TEMPLATE=0 SHOWPROGRESS=1 FEATURELEVEL=3
[2023.12.26-08.12.28:328][523]LightingResults: New page: Lighting Build
[2023.12.26-08.12.28:329][523]LoadErrors: New page: Loading map: 10-Blueprint9.umap
[2023.12.26-08.12.28:330][523]MapCheck: New page: Map Check
[2023.12.26-08.12.28:330][523]LightingResults: New page: Lighting Build
[2023.12.26-08.12.28:411][523]LogEditorServer: Finished looking for orphan Actors (0.000 secs)
[2023.12.26-08.12.28:436][523]Cmd: MAP CHECKDEP NOCLEARLOG
[2023.12.26-08.12.28:469][523]MapCheck: Info Map check complete: 0 Error(s), 0 Warning(s), took 33.073ms to complete.
[2023.12.26-08.12.28:469][523]LogFileHelpers: Loading map '10-Blueprint9' took 1.310
[2023.12.26-08.12.29:245][568]LogTemp: Repeting last play command: Selected Viewport
[2023.12.26-08.12.29:252][568]LogPlayLevel: PlayLevel: No blueprints needed recompiling
[2023.12.26-08.12.29:252][568]PIE: New page: PIE session: 10-Blueprint9 (Dec 26, 2023, 2:12:29 AM)
[2023.12.26-08.12.29:252][568]LogPlayLevel: Creating play world package: /Game/Contenido/Levels/UEDPIE_0_10-Blueprint9
[2023.12.26-08.12.29:254][568]LogPlayLevel: PIE: StaticDuplicateObject took: (0.001783s)
[2023.12.26-08.12.29:255][568]LogAIModule: Creating AISystem for world 10-Blueprint9
[2023.12.26-08.12.29:255][568]LogPlayLevel: PIE: World Init took: (0.001085s)
[2023.12.26-08.12.29:255][568]LogPlayLevel: PIE: Created PIE world by copying editor world from /Game/Contenido/Levels/10-Blueprint9.10-Blueprint9 to /Game/Contenido/Levels/UEDPIE_0_10-Blueprint9.10-Blueprint9 (0.003169s)
[2023.12.26-08.12.29:277][568]LogInit: XAudio2 using 'Altavoces (Realtek(R) Audio)' : 2 channels at 48 kHz using 16 bits per sample (channel mask 0x3)
[2023.12.26-08.12.29:292][568]LogInit: FAudioDevice initialized.
[2023.12.26-08.12.29:325][568]LogLoad: Game class is 'GameModeBase'
[2023.12.26-08.12.29:328][568]LogWorld: Bringing World /Game/Contenido/Levels/UEDPIE_0_10-Blueprint9.10-Blueprint9 up for play (max tick rate 60) at 2023.12.26-05.12.29
[2023.12.26-08.12.29:328][568]LogWorld: Bringing up level for play took: 0.000922
[2023.12.26-08.12.29:329][568]PIE: Info Play in editor start time for /Game/Contenido/Levels/UEDPIE_0_10-Blueprint9 1.055
[2023.12.26-08.12.42:371][322]LogAIModule: Creating AISystem for world 11-Blueprint10
[2023.12.26-08.12.43:356][322]Cmd: MAP LOAD FILE="../../../../../Users/MelchioT/Documents/workUnrealEngine4/MotorUnreal4B/Content/Contenido/Levels/11-Blueprint10.umap" TEMPLATE=0 SHOWPROGRESS=1 FEATURELEVEL=3
[2023.12.26-08.12.43:373][322]LightingResults: New page: Lighting Build
[2023.12.26-08.12.43:374][322]LoadErrors: New page: Loading map: 11-Blueprint10.umap
[2023.12.26-08.12.43:374][322]MapCheck: New page: Map Check
[2023.12.26-08.12.43:374][322]LightingResults: New page: Lighting Build
[2023.12.26-08.12.43:472][322]LogEditorServer: Finished looking for orphan Actors (0.000 secs)
[2023.12.26-08.12.43:499][322]Cmd: MAP CHECKDEP NOCLEARLOG
[2023.12.26-08.12.43:533][322]MapCheck: Info Map check complete: 0 Error(s), 0 Warning(s), took 33.141ms to complete.
[2023.12.26-08.12.43:533][322]LogFileHelpers: Loading map '11-Blueprint10' took 1.147
[2023.12.26-08.12.44:315][367]LogTemp: Repeting last play command: Selected Viewport
[2023.12.26-08.12.44:322][367]LogPlayLevel: PlayLevel: No blueprints needed recompiling
[2023.12.26-08.12.44:322][367]PIE: New page: PIE session: 11-Blueprint10 (Dec 26, 2023, 2:12:44 AM)
[2023.12.26-08.12.44:322][367]LogPlayLevel: Creating play world package: /Game/Contenido/Levels/UEDPIE_0_11-Blueprint10
[2023.12.26-08.12.44:324][367]LogPlayLevel: PIE: StaticDuplicateObject took: (0.001788s)
[2023.12.26-08.12.44:325][367]LogAIModule: Creating AISystem for world 11-Blueprint10
[2023.12.26-08.12.44:325][367]LogPlayLevel: PIE: World Init took: (0.001000s)
[2023.12.26-08.12.44:325][367]LogPlayLevel: PIE: Created PIE world by copying editor world from /Game/Contenido/Levels/11-Blueprint10.11-Blueprint10 to /Game/Contenido/Levels/UEDPIE_0_11-Blueprint10.11-Blueprint10 (0.003026s)
[2023.12.26-08.12.44:344][367]LogInit: XAudio2 using 'Altavoces (Realtek(R) Audio)' : 2 channels at 48 kHz using 16 bits per sample (channel mask 0x3)
[2023.12.26-08.12.44:364][367]LogInit: FAudioDevice initialized.
[2023.12.26-08.12.44:398][367]LogLoad: Game class is 'GameModeBase'
[2023.12.26-08.12.44:401][367]LogWorld: Bringing World /Game/Contenido/Levels/UEDPIE_0_11-Blueprint10.11-Blueprint10 up for play (max tick rate 60) at 2023.12.26-05.12.44
[2023.12.26-08.12.44:401][367]LogWorld: Bringing up level for play took: 0.000995
[2023.12.26-08.12.44:402][367]PIE: Info Play in editor start time for /Game/Contenido/Levels/UEDPIE_0_11-Blueprint10 0.128
[2023.12.26-08.12.47:308][540]LogBlueprintUserMessages: [10-DoN_815] Hola
[2023.12.26-08.12.48:439][607]LogAIModule: Creating AISystem for world 12-Blueprint11
[2023.12.26-08.12.49:488][607]Cmd: MAP LOAD FILE="../../../../../Users/MelchioT/Documents/workUnrealEngine4/MotorUnreal4B/Content/Contenido/Levels/12-Blueprint11.umap" TEMPLATE=0 SHOWPROGRESS=1 FEATURELEVEL=3
[2023.12.26-08.12.49:500][607]LightingResults: New page: Lighting Build
[2023.12.26-08.12.49:502][607]LoadErrors: New page: Loading map: 12-Blueprint11.umap
[2023.12.26-08.12.49:502][607]MapCheck: New page: Map Check
[2023.12.26-08.12.49:502][607]LightingResults: New page: Lighting Build
[2023.12.26-08.12.49:615][607]LogEditorServer: Finished looking for orphan Actors (0.000 secs)
[2023.12.26-08.12.49:641][607]Cmd: MAP CHECKDEP NOCLEARLOG
[2023.12.26-08.12.49:675][607]MapCheck: Info Map check complete: 0 Error(s), 0 Warning(s), took 34.022ms to complete.
[2023.12.26-08.12.49:675][607]LogFileHelpers: Loading map '12-Blueprint11' took 1.220
[2023.12.26-08.12.50:386][648]LogTemp: Repeting last play command: Selected Viewport
[2023.12.26-08.12.50:393][648]LogPlayLevel: PlayLevel: No blueprints needed recompiling
[2023.12.26-08.12.50:393][648]PIE: New page: PIE session: 12-Blueprint11 (Dec 26, 2023, 2:12:50 AM)
[2023.12.26-08.12.50:393][648]LogPlayLevel: Creating play world package: /Game/Contenido/Levels/UEDPIE_0_12-Blueprint11
[2023.12.26-08.12.50:395][648]LogPlayLevel: PIE: StaticDuplicateObject took: (0.001893s)
[2023.12.26-08.12.50:395][648]LogAIModule: Creating AISystem for world 12-Blueprint11
[2023.12.26-08.12.50:396][648]LogPlayLevel: PIE: World Init took: (0.000836s)
[2023.12.26-08.12.50:396][648]LogPlayLevel: PIE: Created PIE world by copying editor world from /Game/Contenido/Levels/12-Blueprint11.12-Blueprint11 to /Game/Contenido/Levels/UEDPIE_0_12-Blueprint11.12-Blueprint11 (0.002939s)
[2023.12.26-08.12.50:416][648]LogInit: XAudio2 using 'Altavoces (Realtek(R) Audio)' : 2 channels at 48 kHz using 16 bits per sample (channel mask 0x3)
[2023.12.26-08.12.50:431][648]LogInit: FAudioDevice initialized.
[2023.12.26-08.12.50:466][648]LogLoad: Game class is 'GameModeBase'
[2023.12.26-08.12.50:469][648]LogWorld: Bringing World /Game/Contenido/Levels/UEDPIE_0_12-Blueprint11.12-Blueprint11 up for play (max tick rate 60) at 2023.12.26-05.12.50
[2023.12.26-08.12.50:469][648]LogWorld: Bringing up level for play took: 0.000820
[2023.12.26-08.12.50:470][648]PIE: Info Play in editor start time for /Game/Contenido/Levels/UEDPIE_0_12-Blueprint11 0.196
[2023.12.26-08.13.03:294][414]LogAIModule: Creating AISystem for world 10-Blueprint9
[2023.12.26-08.13.04:351][414]Cmd: MAP LOAD FILE="../../../../../Users/MelchioT/Documents/workUnrealEngine4/MotorUnreal4B/Content/Contenido/Levels/10-Blueprint9.umap" TEMPLATE=0 SHOWPROGRESS=1 FEATURELEVEL=3
[2023.12.26-08.13.04:364][414]LightingResults: New page: Lighting Build
[2023.12.26-08.13.04:366][414]LoadErrors: New page: Loading map: 10-Blueprint9.umap
[2023.12.26-08.13.04:366][414]MapCheck: New page: Map Check
[2023.12.26-08.13.04:366][414]LightingResults: New page: Lighting Build
[2023.12.26-08.13.04:432][414]LogEditorServer: Finished looking for orphan Actors (0.000 secs)
[2023.12.26-08.13.04:459][414]Cmd: MAP CHECKDEP NOCLEARLOG
[2023.12.26-08.13.04:492][414]MapCheck: Info Map check complete: 0 Error(s), 0 Warning(s), took 32.896ms to complete.
[2023.12.26-08.13.04:492][414]LogFileHelpers: Loading map '10-Blueprint9' took 1.185
[2023.12.26-08.13.05:953][500]LogTemp: Repeting last play command: Selected Viewport
[2023.12.26-08.13.05:960][500]LogPlayLevel: PlayLevel: No blueprints needed recompiling
[2023.12.26-08.13.05:960][500]PIE: New page: PIE session: 10-Blueprint9 (Dec 26, 2023, 2:13:05 AM)
[2023.12.26-08.13.05:960][500]LogPlayLevel: Creating play world package: /Game/Contenido/Levels/UEDPIE_0_10-Blueprint9
[2023.12.26-08.13.05:962][500]LogPlayLevel: PIE: StaticDuplicateObject took: (0.001749s)
[2023.12.26-08.13.05:962][500]LogAIModule: Creating AISystem for world 10-Blueprint9
[2023.12.26-08.13.05:963][500]LogPlayLevel: PIE: World Init took: (0.000973s)
[2023.12.26-08.13.05:963][500]LogPlayLevel: PIE: Created PIE world by copying editor world from /Game/Contenido/Levels/10-Blueprint9.10-Blueprint9 to /Game/Contenido/Levels/UEDPIE_0_10-Blueprint9.10-Blueprint9 (0.002977s)
[2023.12.26-08.13.05:982][500]LogInit: XAudio2 using 'Altavoces (Realtek(R) Audio)' : 2 channels at 48 kHz using 16 bits per sample (channel mask 0x3)
[2023.12.26-08.13.05:998][500]LogInit: FAudioDevice initialized.
[2023.12.26-08.13.06:029][500]LogLoad: Game class is 'GameModeBase'
[2023.12.26-08.13.06:032][500]LogWorld: Bringing World /Game/Contenido/Levels/UEDPIE_0_10-Blueprint9.10-Blueprint9 up for play (max tick rate 60) at 2023.12.26-05.13.06
[2023.12.26-08.13.06:032][500]LogWorld: Bringing up level for play took: 0.000929
[2023.12.26-08.13.06:033][500]PIE: Info Play in editor start time for /Game/Contenido/Levels/UEDPIE_0_10-Blueprint9 -0.242
[2023.12.26-08.13.22:180][438]LogAIModule: Creating AISystem for world 06-Blueprint5
[2023.12.26-08.13.23:181][438]Cmd: MAP LOAD FILE="../../../../../Users/MelchioT/Documents/workUnrealEngine4/MotorUnreal4B/Content/Contenido/Levels/06-Blueprint5.umap" TEMPLATE=0 SHOWPROGRESS=1 FEATURELEVEL=3
[2023.12.26-08.13.23:193][438]LightingResults: New page: Lighting Build
[2023.12.26-08.13.23:195][438]LoadErrors: New page: Loading map: 06-Blueprint5.umap
[2023.12.26-08.13.23:195][438]MapCheck: New page: Map Check
[2023.12.26-08.13.23:195][438]LightingResults: New page: Lighting Build
[2023.12.26-08.13.23:261][438]LogEditorServer: Finished looking for orphan Actors (0.000 secs)
[2023.12.26-08.13.23:287][438]Cmd: MAP CHECKDEP NOCLEARLOG
[2023.12.26-08.13.23:321][438]MapCheck: Info Map check complete: 0 Error(s), 0 Warning(s), took 34.07ms to complete.
[2023.12.26-08.13.23:321][438]LogFileHelpers: Loading map '06-Blueprint5' took 1.126
[2023.12.26-08.13.25:006][537]LogTemp: Repeting last play command: Selected Viewport
[2023.12.26-08.13.25:013][537]LogPlayLevel: PlayLevel: No blueprints needed recompiling
[2023.12.26-08.13.25:013][537]PIE: New page: PIE session: 06-Blueprint5 (Dec 26, 2023, 2:13:25 AM)
[2023.12.26-08.13.25:013][537]LogPlayLevel: Creating play world package: /Game/Contenido/Levels/UEDPIE_0_06-Blueprint5
[2023.12.26-08.13.25:015][537]LogPlayLevel: PIE: StaticDuplicateObject took: (0.002017s)
[2023.12.26-08.13.25:016][537]LogAIModule: Creating AISystem for world 06-Blueprint5
[2023.12.26-08.13.25:016][537]LogPlayLevel: PIE: World Init took: (0.000906s)
[2023.12.26-08.13.25:016][537]LogPlayLevel: PIE: Created PIE world by copying editor world from /Game/Contenido/Levels/06-Blueprint5.06-Blueprint5 to /Game/Contenido/Levels/UEDPIE_0_06-Blueprint5.06-Blueprint5 (0.003154s)
[2023.12.26-08.13.25:036][537]LogInit: XAudio2 using 'Altavoces (Realtek(R) Audio)' : 2 channels at 48 kHz using 16 bits per sample (channel mask 0x3)
[2023.12.26-08.13.25:055][537]LogInit: FAudioDevice initialized.
[2023.12.26-08.13.25:087][537]LogLoad: Game class is 'GameModeBase'
[2023.12.26-08.13.25:090][537]LogWorld: Bringing World /Game/Contenido/Levels/UEDPIE_0_06-Blueprint5.06-Blueprint5 up for play (max tick rate 60) at 2023.12.26-05.13.25
[2023.12.26-08.13.25:090][537]LogWorld: Bringing up level for play took: 0.000933
[2023.12.26-08.13.25:091][537]PIE: Info Play in editor start time for /Game/Contenido/Levels/UEDPIE_0_06-Blueprint5 0.817
[2023.12.26-08.13.29:187][777]LogAIModule: Creating AISystem for world 05-Blueprint4
[2023.12.26-08.13.30:256][777]Cmd: MAP LOAD FILE="../../../../../Users/MelchioT/Documents/workUnrealEngine4/MotorUnreal4B/Content/Contenido/Levels/05-Blueprint4.umap" TEMPLATE=0 SHOWPROGRESS=1 FEATURELEVEL=3
[2023.12.26-08.13.30:271][777]LightingResults: New page: Lighting Build
[2023.12.26-08.13.30:273][777]LoadErrors: New page: Loading map: 05-Blueprint4.umap
[2023.12.26-08.13.30:273][777]MapCheck: New page: Map Check
[2023.12.26-08.13.30:273][777]LightingResults: New page: Lighting Build
[2023.12.26-08.13.30:340][777]LogEditorServer: Finished looking for orphan Actors (0.000 secs)
[2023.12.26-08.13.30:366][777]Cmd: MAP CHECKDEP NOCLEARLOG
[2023.12.26-08.13.30:399][777]MapCheck: Info Map check complete: 0 Error(s), 0 Warning(s), took 33.089ms to complete.
[2023.12.26-08.13.30:399][777]LogFileHelpers: Loading map '05-Blueprint4' took 1.198
[2023.12.26-08.13.31:783][857]LogTemp: Repeting last play command: Selected Viewport
[2023.12.26-08.13.31:791][857]LogPlayLevel: PlayLevel: No blueprints needed recompiling
[2023.12.26-08.13.31:791][857]PIE: New page: PIE session: 05-Blueprint4 (Dec 26, 2023, 2:13:31 AM)
[2023.12.26-08.13.31:791][857]LogPlayLevel: Creating play world package: /Game/Contenido/Levels/UEDPIE_0_05-Blueprint4
[2023.12.26-08.13.31:793][857]LogPlayLevel: PIE: StaticDuplicateObject took: (0.001703s)
[2023.12.26-08.13.31:794][857]LogAIModule: Creating AISystem for world 05-Blueprint4
[2023.12.26-08.13.31:794][857]LogPlayLevel: PIE: World Init took: (0.001018s)
[2023.12.26-08.13.31:794][857]LogPlayLevel: PIE: Created PIE world by copying editor world from /Game/Contenido/Levels/05-Blueprint4.05-Blueprint4 to /Game/Contenido/Levels/UEDPIE_0_05-Blueprint4.05-Blueprint4 (0.002945s)
[2023.12.26-08.13.31:814][857]LogInit: XAudio2 using 'Altavoces (Realtek(R) Audio)' : 2 channels at 48 kHz using 16 bits per sample (channel mask 0x3)
[2023.12.26-08.13.31:830][857]LogInit: FAudioDevice initialized.
[2023.12.26-08.13.31:865][857]LogLoad: Game class is 'GameModeBase'
[2023.12.26-08.13.31:868][857]LogWorld: Bringing World /Game/Contenido/Levels/UEDPIE_0_05-Blueprint4.05-Blueprint4 up for play (max tick rate 60) at 2023.12.26-05.13.31
[2023.12.26-08.13.31:868][857]LogWorld: Bringing up level for play took: 0.000906
[2023.12.26-08.13.31:869][857]PIE: Info Play in editor start time for /Game/Contenido/Levels/UEDPIE_0_05-Blueprint4 -0.405
[2023.12.26-08.13.39:323][286]Cmd: QUIT_EDITOR
[2023.12.26-08.13.39:387][286]LogWindowsTextInputMethodSystem:Display: IME system now deactivated.
[2023.12.26-08.13.39:412][286]LogExit: Preparing to exit.
[2023.12.26-08.13.39:799][286]LogDirectoryWatcher: A directory notification for 'C:/Users/MelchioT/Documents/workUnrealEngine4/MotorUnreal4B/Content/' was aborted.
[2023.12.26-08.13.39:827][286]LogExit: Editor shut down
[2023.12.26-08.13.39:827][286]LogExit: Transaction tracking system shut down
[2023.12.26-08.13.39:913][286]LogObj: Freed 0b from 0 cluster array pools.
[2023.12.26-08.13.39:913][286]LogExit: Object subsystem successfully closed.
[2023.12.26-08.13.39:933][286]LogD3D11RHI: Shutdown
[2023.12.26-08.13.39:933][286]LogD3D11RHI: CleanupD3DDevice
[2023.12.26-08.13.40:064][286]LogD3D11RHI: ~FD3D11DynamicRHI
[2023.12.26-08.13.40:076][286]LogModuleManager: Shutting down and abandoning module BlueprintGraph (486)
[2023.12.26-08.13.40:076][286]LogModuleManager: Shutting down and abandoning module BlueprintProfiler (484)
[2023.12.26-08.13.40:076][286]LogModuleManager: Shutting down and abandoning module MovieSceneCapture (482)
[2023.12.26-08.13.40:076][286]LogModuleManager: Shutting down and abandoning module HierarchicalLODOutliner (480)
[2023.12.26-08.13.40:076][286]LogModuleManager: Shutting down and abandoning module CrashTracker (478)
[2023.12.26-08.13.40:076][286]LogModuleManager: Shutting down and abandoning module SceneOutliner (476)
[2023.12.26-08.13.40:076][286]LogModuleManager: Shutting down and abandoning module AddContentDialog (474)
[2023.12.26-08.13.40:076][286]LogDirectoryWatcher: A directory notification for 'C:/Program Files/Unreal Engine 4 (4.15.0)/FeaturePacks/' was aborted.
[2023.12.26-08.13.40:077][286]LogModuleManager: Shutting down and abandoning module WidgetCarousel (473)
[2023.12.26-08.13.40:077][286]LogModuleManager: Shutting down and abandoning module EditorWidgets (470)
[2023.12.26-08.13.40:077][286]LogModuleManager: Shutting down and abandoning module CollectionManager (468)
[2023.12.26-08.13.40:077][286]LogDirectoryWatcher: A directory notification for 'C:/Users/MelchioT/Documents/workUnrealEngine4/MotorUnreal4B/Content/Collections/' was aborted.
[2023.12.26-08.13.40:077][286]LogDirectoryWatcher: A directory notification for 'C:/Users/MelchioT/Documents/workUnrealEngine4/MotorUnreal4B/Content/Developers/MelchioT/Collections/' was aborted.
[2023.12.26-08.13.40:077][286]LogDirectoryWatcher: A directory notification for 'C:/Users/MelchioT/Documents/workUnrealEngine4/MotorUnreal4B/Saved/Collections/' was aborted.
[2023.12.26-08.13.40:077][286]LogModuleManager: Shutting down and abandoning module StatsViewer (466)
[2023.12.26-08.13.40:077][286]LogModuleManager: Shutting down and abandoning module FoliageEdit (464)
[2023.12.26-08.13.40:077][286]LogModuleManager: Shutting down and abandoning module LandscapeEditor (462)
[2023.12.26-08.13.40:077][286]LogModuleManager: Shutting down and abandoning module SceneDepthPickerMode (460)
[2023.12.26-08.13.40:077][286]LogModuleManager: Shutting down and abandoning module ActorPickerMode (458)
[2023.12.26-08.13.40:077][286]LogModuleManager: Shutting down and abandoning module GeometryMode (456)
[2023.12.26-08.13.40:077][286]LogModuleManager: Shutting down and abandoning module TextureAlignMode (454)
[2023.12.26-08.13.40:077][286]LogModuleManager: Shutting down and abandoning module BspMode (452)
[2023.12.26-08.13.40:077][286]LogModuleManager: Shutting down and abandoning module HardwareSurvey (450)
[2023.12.26-08.13.40:077][286]LogModuleManager: Shutting down and abandoning module SequenceRecorderSections (448)
[2023.12.26-08.13.40:077][286]LogModuleManager: Shutting down and abandoning module AutomationWorker (446)
[2023.12.26-08.13.40:077][286]LogModuleManager: Shutting down and abandoning module MatineeToLevelSequence (444)
[2023.12.26-08.13.40:077][286]LogModuleManager: Shutting down and abandoning module LevelSequenceEditor (442)
[2023.12.26-08.13.40:077][286]LogModuleManager: Shutting down and abandoning module PlacementMode (441)
[2023.12.26-08.13.40:077][286]LogModuleManager: Shutting down and abandoning module WmfMediaFactory (438)
[2023.12.26-08.13.40:077][286]LogModuleManager: Shutting down and abandoning module WmfMediaEditor (436)
[2023.12.26-08.13.40:077][286]LogModuleManager: Shutting down and abandoning module MfMediaFactory (434)
[2023.12.26-08.13.40:077][286]LogModuleManager: Shutting down and abandoning module MfMediaEditor (432)
[2023.12.26-08.13.40:077][286]LogModuleManager: Shutting down and abandoning module AvfMediaFactory (430)
[2023.12.26-08.13.40:077][286]LogModuleManager: Shutting down and abandoning module AvfMediaEditor (428)
[2023.12.26-08.13.40:077][286]LogModuleManager: Shutting down and abandoning module AndroidMediaFactory (426)
[2023.12.26-08.13.40:077][286]LogModuleManager: Shutting down and abandoning module Media (425)
[2023.12.26-08.13.40:077][286]LogModuleManager: Shutting down and abandoning module AndroidMediaEditor (422)
[2023.12.26-08.13.40:077][286]LogModuleManager: Shutting down and abandoning module CharacterAI (420)
[2023.12.26-08.13.40:077][286]LogModuleManager: Shutting down and abandoning module AudioCapture (418)
[2023.12.26-08.13.40:077][286]LogModuleManager: Shutting down and abandoning module SequenceRecorder (417)
[2023.12.26-08.13.40:077][286]LogModuleManager: Shutting down and abandoning module SmartSnapping (414)
[2023.12.26-08.13.40:077][286]LogModuleManager: Shutting down and abandoning module SessionServices (412)
[2023.12.26-08.13.40:077][286]LogModuleManager: Shutting down and abandoning module ViewportSnapping (410)
[2023.12.26-08.13.40:077][286]LogModuleManager: Shutting down and abandoning module ViewportInteraction (408)
[2023.12.26-08.13.40:077][286]LogModuleManager: Shutting down and abandoning module LogVisualizer (406)
[2023.12.26-08.13.40:077][286]LogModuleManager: Shutting down and abandoning module IntroTutorials (404)
[2023.12.26-08.13.40:077][286]LogModuleManager: Shutting down and abandoning module GameProjectGeneration (403)
[2023.12.26-08.13.40:077][286]LogModuleManager: Shutting down and abandoning module EditorLiveStreaming (400)
[2023.12.26-08.13.40:077][286]LogModuleManager: Shutting down and abandoning module IOSPlatformEditor (398)
[2023.12.26-08.13.40:077][286]LogModuleManager: Shutting down and abandoning module HTML5PlatformEditor (396)
[2023.12.26-08.13.40:077][286]LogModuleManager: Shutting down and abandoning module AndroidPlatformEditor (394)
[2023.12.26-08.13.40:077][286]LogModuleManager: Shutting down and abandoning module AndroidDeviceDetection (393)
[2023.12.26-08.13.40:247][286]LogModuleManager: Shutting down and abandoning module IOSRuntimeSettings (390)
[2023.12.26-08.13.40:247][286]LogModuleManager: Shutting down and abandoning module AndroidRuntimeSettings (388)
[2023.12.26-08.13.40:247][286]LogModuleManager: Shutting down and abandoning module InputBindingEditor (386)
[2023.12.26-08.13.40:247][286]LogModuleManager: Shutting down and abandoning module NiagaraEditor (384)
[2023.12.26-08.13.40:247][286]LogModuleManager: Shutting down and abandoning module MergeActors (382)
[2023.12.26-08.13.40:247][286]LogModuleManager: Shutting down and abandoning module SizeMap (380)
[2023.12.26-08.13.40:247][286]LogModuleManager: Shutting down and abandoning module TreeMap (378)
[2023.12.26-08.13.40:247][286]LogModuleManager: Shutting down and abandoning module ReferenceViewer (376)
[2023.12.26-08.13.40:247][286]LogModuleManager: Shutting down and abandoning module LocalizationDashboard (374)
[2023.12.26-08.13.40:247][286]LogModuleManager: Shutting down and abandoning module LocalizationService (373)
[2023.12.26-08.13.40:247][286]LogModuleManager: Shutting down and abandoning module HardwareTargeting (370)
[2023.12.26-08.13.40:247][286]LogModuleManager: Shutting down and abandoning module DeviceProfileEditor (368)
[2023.12.26-08.13.40:247][286]LogModuleManager: Shutting down and abandoning module UndoHistory (366)
[2023.12.26-08.13.40:247][286]LogModuleManager: Shutting down and abandoning module UserFeedback (364)
[2023.12.26-08.13.40:247][286]LogModuleManager: Shutting down and abandoning module XmlParser (362)
[2023.12.26-08.13.40:247][286]LogModuleManager: Shutting down and abandoning module Blutility (360)
[2023.12.26-08.13.40:247][286]LogModuleManager: Shutting down and abandoning module ProjectSettingsViewer (358)
[2023.12.26-08.13.40:247][286]LogModuleManager: Shutting down and abandoning module ProjectTargetPlatformEditor (357)
[2023.12.26-08.13.40:247][286]LogModuleManager: Shutting down and abandoning module EditorSettingsViewer (354)
[2023.12.26-08.13.40:247][286]LogModuleManager: Shutting down and abandoning module SettingsEditor (352)
[2023.12.26-08.13.40:247][286]LogModuleManager: Shutting down and abandoning module ProjectLauncher (350)
[2023.12.26-08.13.40:247][286]LogModuleManager: Shutting down and abandoning module SessionFrontend (348)
[2023.12.26-08.13.40:247][286]LogModuleManager: Shutting down and abandoning module ProfilerClient (346)
[2023.12.26-08.13.40:247][286]LogModuleManager: Shutting down and abandoning module DeviceManager (344)
[2023.12.26-08.13.40:247][286]LogModuleManager: Shutting down and abandoning module TargetDeviceServices (343)
[2023.12.26-08.13.40:290][286]LogModuleManager: Shutting down and abandoning module AutomationController (340)
[2023.12.26-08.13.40:290][286]LogModuleManager: Shutting down and abandoning module AutomationWindow (338)
[2023.12.26-08.13.40:290][286]LogModuleManager: Shutting down and abandoning module Layers (336)
[2023.12.26-08.13.40:290][286]LogModuleManager: Shutting down and abandoning module ComponentVisualizers (334)
[2023.12.26-08.13.40:290][286]LogModuleManager: Shutting down and abandoning module DetailCustomizations (332)
[2023.12.26-08.13.40:290][286]LogModuleManager: Shutting down and abandoning module PackagesDialog (330)
[2023.12.26-08.13.40:290][286]LogModuleManager: Shutting down and abandoning module Persona (328)
[2023.12.26-08.13.40:290][286]LogModuleManager: Shutting down and abandoning module AnimGraph (327)
[2023.12.26-08.13.40:290][286]LogModuleManager: Shutting down and abandoning module Kismet (324)
[2023.12.26-08.13.40:296][286]LogModuleManager: Shutting down and abandoning module GraphEditor (322)
[2023.12.26-08.13.40:296][286]LogModuleManager: Shutting down and abandoning module ClassViewer (320)
[2023.12.26-08.13.40:296][286]LogModuleManager: Shutting down and abandoning module Toolbox (318)
[2023.12.26-08.13.40:297][286]LogModuleManager: Shutting down and abandoning module ModuleUI (316)
[2023.12.26-08.13.40:297][286]LogModuleManager: Shutting down and abandoning module MovieSceneTools (314)
[2023.12.26-08.13.40:297][286]LogModuleManager: Shutting down and abandoning module OutputLog (312)
[2023.12.26-08.13.40:297][286]LogModuleManager: Shutting down and abandoning module GammaUI (310)
[2023.12.26-08.13.40:297][286]LogModuleManager: Shutting down and abandoning module Documentation (308)
[2023.12.26-08.13.40:297][286]LogModuleManager: Shutting down and abandoning module Niagara (306)
[2023.12.26-08.13.40:297][286]LogModuleManager: Shutting down and abandoning module StreamingPauseRendering (304)
[2023.12.26-08.13.40:297][286]LogModuleManager: Shutting down and abandoning module AnalyticsET (302)
[2023.12.26-08.13.40:297][286]LogModuleManager: Shutting down and abandoning module PortalServices (300)
[2023.12.26-08.13.40:297][286]LogModuleManager: Shutting down and abandoning module PortalRpc (298)
[2023.12.26-08.13.40:297][286]LogModuleManager: Shutting down and abandoning module MessagingRpc (296)
[2023.12.26-08.13.40:297][286]LogModuleManager: Shutting down and abandoning module AIModule (294)
[2023.12.26-08.13.40:297][286]LogModuleManager: Shutting down and abandoning module GameplayDebugger (293)
[2023.12.26-08.13.40:297][286]LogModuleManager: Shutting down and abandoning module AITestSuite (291)
[2023.12.26-08.13.40:297][286]LogModuleManager: Shutting down and abandoning module ProfilerService (288)
[2023.12.26-08.13.40:462][286]LogModuleManager: Shutting down and abandoning module TaskGraph (286)
[2023.12.26-08.13.40:463][286]LogModuleManager: Shutting down and abandoning module SteamVRController (284)
[2023.12.26-08.13.40:463][286]LogModuleManager: Shutting down and abandoning module SteamVR (282)
[2023.12.26-08.13.40:463][286]LogModuleManager: Shutting down and abandoning module ProceduralMeshComponentEditor (280)
[2023.12.26-08.13.40:463][286]LogModuleManager: Shutting down and abandoning module ProceduralMeshComponent (278)
[2023.12.26-08.13.40:463][286]LogModuleManager: Shutting down and abandoning module OculusLibrary (276)
[2023.12.26-08.13.40:463][286]LogModuleManager: Shutting down and abandoning module OculusInput (274)
[2023.12.26-08.13.40:463][286]LogModuleManager: Shutting down and abandoning module MobilePatchingUtils (272)
[2023.12.26-08.13.40:463][286]LogModuleManager: Shutting down and abandoning module CustomMeshComponent (270)
[2023.12.26-08.13.40:463][286]LogModuleManager: Shutting down and abandoning module CableComponent (268)
[2023.12.26-08.13.40:463][286]LogModuleManager: Shutting down and abandoning module ArchVisCharacter (266)
[2023.12.26-08.13.40:463][286]LogModuleManager: Shutting down and abandoning module MediaPlayerEditor (262)
[2023.12.26-08.13.40:463][286]LogModuleManager: Shutting down and abandoning module HTML5Networking (260)
[2023.12.26-08.13.40:463][286]LogModuleManager: Shutting down and abandoning module AlembicImporter (258)
[2023.12.26-08.13.40:463][286]LogModuleManager: Shutting down and abandoning module AlembicLibrary (257)
[2023.12.26-08.13.40:463][286]LogModuleManager: Shutting down and abandoning module GeometryCache (256)
[2023.12.26-08.13.40:463][286]LogModuleManager: Shutting down and abandoning module GeometryCacheEd (255)
[2023.12.26-08.13.40:463][286]LogModuleManager: Shutting down and abandoning module SuperSearchEditor (250)
[2023.12.26-08.13.40:463][286]LogModuleManager: Shutting down and abandoning module SuperSearch (249)
[2023.12.26-08.13.40:463][286]LogModuleManager: Shutting down and abandoning module SpeedTreeImporter (246)
[2023.12.26-08.13.40:463][286]LogModuleManager: Shutting down and abandoning module PluginBrowser (244)
[2023.12.26-08.13.40:463][286]LogModuleManager: Shutting down and abandoning module MobileLauncherProfileWizard (242)
[2023.12.26-08.13.40:463][286]LogModuleManager: Shutting down and abandoning module EpicSurvey (240)
[2023.12.26-08.13.40:463][286]LogModuleManager: Shutting down and abandoning module VisualStudioSourceCodeAccess (238)
[2023.12.26-08.13.40:463][286]LogModuleManager: Shutting down and abandoning module DesktopPlatform (237)
[2023.12.26-08.13.40:463][286]LogModuleManager: Shutting down and abandoning module UObjectPlugin (234)
[2023.12.26-08.13.40:463][286]LogModuleManager: Shutting down and abandoning module SubversionSourceControl (232)
[2023.12.26-08.13.40:463][286]LogModuleManager: Shutting down and abandoning module PerforceSourceControl (230)
[2023.12.26-08.13.40:463][286]LogModuleManager: Shutting down and abandoning module GitSourceControl (228)
[2023.12.26-08.13.40:463][286]LogModuleManager: Shutting down and abandoning module SourceControl (227)
[2023.12.26-08.13.40:463][286]LogModuleManager: Shutting down and abandoning module LightPropagationVolumeEditor (224)
[2023.12.26-08.13.40:463][286]LogModuleManager: Shutting down and abandoning module PaperTiledImporter (222)
[2023.12.26-08.13.40:463][286]LogModuleManager: Shutting down and abandoning module PaperSpriteSheetImporter (220)
[2023.12.26-08.13.40:463][286]LogModuleManager: Shutting down and abandoning module Paper2DEditor (218)
[2023.12.26-08.13.40:463][286]LogModuleManager: Shutting down and abandoning module MeshPaint (217)
[2023.12.26-08.13.40:463][286]LogModuleManager: Shutting down and abandoning module LevelEditor (215)
[2023.12.26-08.13.40:464][286]LogModuleManager: Shutting down and abandoning module PixelInspectorModule (214)
[2023.12.26-08.13.40:464][286]LogModuleManager: Shutting down and abandoning module MainFrame (212)
[2023.12.26-08.13.40:464][286]LogModuleManager: Shutting down and abandoning module HotReload (211)
[2023.12.26-08.13.40:464][286]LogModuleManager: Shutting down and abandoning module ContentBrowser (207)
[2023.12.26-08.13.40:465][286]LogModuleManager: Shutting down and abandoning module PhysXVehiclesEditor (204)
[2023.12.26-08.13.40:465][286]LogModuleManager: Shutting down and abandoning module PhysXVehicles (202)
[2023.12.26-08.13.40:465][286]LogModuleManager: Shutting down and abandoning module LocationServicesBPLibrary (200)
[2023.12.26-08.13.40:465][286]LogModuleManager: Shutting down and abandoning module UdpMessaging (198)
[2023.12.26-08.13.40:565][286]LogModuleManager: Shutting down and abandoning module TcpMessaging (196)
[2023.12.26-08.13.40:666][286]LogModuleManager: Shutting down and abandoning module GameplayTagsEditor (194)
[2023.12.26-08.13.40:666][286]LogModuleManager: Shutting down and abandoning module FacialAnimationEditor (192)
[2023.12.26-08.13.40:666][286]LogModuleManager: Shutting down and abandoning module FacialAnimation (190)
[2023.12.26-08.13.40:666][286]LogModuleManager: Shutting down and abandoning module LightPropagationVolumeRuntime (188)
[2023.12.26-08.13.40:666][286]LogModuleManager: Shutting down and abandoning module Paper2D (186)
[2023.12.26-08.13.40:666][286]LogModuleManager: Shutting down and abandoning module WindowsMoviePlayer (184)
[2023.12.26-08.13.40:666][286]LogModuleManager: Shutting down and abandoning module WmfMedia (182)
[2023.12.26-08.13.40:667][286]LogModuleManager: Shutting down and abandoning module MfMedia (180)
[2023.12.26-08.13.40:667][286]LogModuleManager: Shutting down and abandoning module MediaAssets (178)
[2023.12.26-08.13.40:667][286]LogModuleManager: Shutting down and abandoning module GameLiveStreaming (176)
[2023.12.26-08.13.40:667][286]LogModuleManager: Shutting down and abandoning module VREditor (174)
[2023.12.26-08.13.40:667][286]LogModuleManager: Shutting down and abandoning module GameplayTasksEditor (172)
[2023.12.26-08.13.40:667][286]LogModuleManager: Shutting down and abandoning module BehaviorTreeEditor (170)
[2023.12.26-08.13.40:667][286]LogModuleManager: Shutting down and abandoning module FunctionalTesting (168)
[2023.12.26-08.13.40:667][286]LogModuleManager: Shutting down and abandoning module CollisionAnalyzer (166)
[2023.12.26-08.13.40:667][286]LogModuleManager: Shutting down and abandoning module UMG (164)
[2023.12.26-08.13.40:667][286]LogModuleManager: Shutting down and abandoning module UMGEditor (163)
[2023.12.26-08.13.40:667][286]LogModuleManager: Shutting down and abandoning module Sequencer (162)
[2023.12.26-08.13.40:667][286]LogModuleManager: Shutting down and abandoning module AssetTools (160)
[2023.12.26-08.13.40:667][286]LogModuleManager: Shutting down and abandoning module MessageLog (159)
[2023.12.26-08.13.40:667][286]LogModuleManager: Shutting down and abandoning module WorkspaceMenuStructure (158)
[2023.12.26-08.13.40:667][286]LogModuleManager: Shutting down and abandoning module SlateReflector (152)
[2023.12.26-08.13.40:668][286]LogModuleManager: Shutting down and abandoning module Slate (150)
[2023.12.26-08.13.40:668][286]LogModuleManager: Shutting down and abandoning module EditorStyle (148)
[2023.12.26-08.13.40:670][286]LogModuleManager: Shutting down and abandoning module SourceCodeAccess (146)
[2023.12.26-08.13.40:670][286]LogModuleManager: Shutting down and abandoning module HeadMountedDisplay (144)
[2023.12.26-08.13.40:670][286]LogModuleManager: Shutting down and abandoning module XAudio2 (142)
[2023.12.26-08.13.40:670][286]LogModuleManager: Shutting down and abandoning module Networking (140)
[2023.12.26-08.13.40:670][286]LogModuleManager: Shutting down and abandoning module Core (136)
[2023.12.26-08.13.40:670][286]LogModuleManager: Shutting down and abandoning module AssetRegistry (134)
[2023.12.26-08.13.40:868][286]LogDirectoryWatcher: A directory notification for '../../../Engine/Content/' was aborted.
[2023.12.26-08.13.40:868][286]LogDirectoryWatcher: A directory notification for '../../../../../Users/MelchioT/Documents/workUnrealEngine4/MotorUnreal4B/Content/' was aborted.
[2023.12.26-08.13.40:868][286]LogDirectoryWatcher: A directory notification for '../../../Engine/Plugins/2D/Paper2D/Content/' was aborted.
[2023.12.26-08.13.40:868][286]LogModuleManager: Shutting down and abandoning module DirectoryWatcher (133)
[2023.12.26-08.13.40:869][286]LogModuleManager: Shutting down and abandoning module KismetCompiler (130)
[2023.12.26-08.13.40:869][286]LogModuleManager: Shutting down and abandoning module PhysXFormats (128)
[2023.12.26-08.13.40:869][286]LogModuleManager: Shutting down and abandoning module MeshUtilities (126)
[2023.12.26-08.13.40:869][286]LogModuleManager: Shutting down and abandoning module QuadricMeshReduction (125)
[2023.12.26-08.13.40:869][286]LogModuleManager: Shutting down and abandoning module PropertyEditor (123)
[2023.12.26-08.13.40:869][286]LogModuleManager: Shutting down and abandoning module DerivedDataCache (120)
[2023.12.26-08.13.40:879][286]LogDerivedDataCache: Shutdown
[2023.12.26-08.13.40:879][286]LogModuleManager: Shutting down and abandoning module TargetPlatform (118)
[2023.12.26-08.13.40:879][286]LogModuleManager: Shutting down and abandoning module VulkanShaderFormat (117)
[2023.12.26-08.13.40:879][286]LogModuleManager: Shutting down and abandoning module MetalShaderFormat (115)
[2023.12.26-08.13.40:879][286]LogModuleManager: Shutting down and abandoning module ShaderFormatD3D (113)
[2023.12.26-08.13.40:879][286]LogModuleManager: Shutting down and abandoning module ShaderFormatOpenGL (111)
[2023.12.26-08.13.40:879][286]LogModuleManager: Shutting down and abandoning module TextureFormatUncompressed (109)
[2023.12.26-08.13.40:879][286]LogModuleManager: Shutting down and abandoning module TextureFormatASTC (107)
[2023.12.26-08.13.40:879][286]LogModuleManager: Shutting down and abandoning module ImageWrapper (106)
[2023.12.26-08.13.40:879][286]LogModuleManager: Shutting down and abandoning module TextureFormatPVR (103)
[2023.12.26-08.13.40:879][286]LogModuleManager: Shutting down and abandoning module TextureFormatDXT (101)
[2023.12.26-08.13.40:879][286]LogModuleManager: Shutting down and abandoning module TextureFormatIntelISPCTexComp (99)
[2023.12.26-08.13.40:879][286]LogModuleManager: Shutting down and abandoning module AudioFormatOpus (97)
[2023.12.26-08.13.40:879][286]LogModuleManager: Shutting down and abandoning module AudioFormatOgg (95)
[2023.12.26-08.13.40:879][286]LogModuleManager: Shutting down and abandoning module AudioFormatADPCM (93)
[2023.12.26-08.13.40:879][286]LogModuleManager: Shutting down and abandoning module TVOSTargetPlatform (91)
[2023.12.26-08.13.40:879][286]LogModuleManager: Shutting down and abandoning module Messaging (89)
[2023.12.26-08.13.40:879][286]LogModuleManager: Shutting down and abandoning module IOSTargetPlatform (87)
[2023.12.26-08.13.40:879][286]LogModuleManager: Shutting down and abandoning module HTML5TargetPlatform (85)
[2023.12.26-08.13.40:879][286]LogModuleManager: Shutting down and abandoning module Android_MultiTargetPlatform (83)
[2023.12.26-08.13.40:879][286]LogModuleManager: Shutting down and abandoning module Android_ASTCTargetPlatform (81)
[2023.12.26-08.13.40:879][286]LogModuleManager: Shutting down and abandoning module Android_ETC2TargetPlatform (79)
[2023.12.26-08.13.40:879][286]LogModuleManager: Shutting down and abandoning module Android_ETC1TargetPlatform (77)
[2023.12.26-08.13.40:879][286]LogModuleManager: Shutting down and abandoning module Android_DXTTargetPlatform (75)
[2023.12.26-08.13.40:879][286]LogModuleManager: Shutting down and abandoning module Android_ATCTargetPlatform (73)
[2023.12.26-08.13.40:879][286]LogModuleManager: Shutting down and abandoning module Android_PVRTCTargetPlatform (71)
[2023.12.26-08.13.40:879][286]LogModuleManager: Shutting down and abandoning module AndroidTargetPlatform (69)
[2023.12.26-08.13.40:879][286]LogModuleManager: Shutting down and abandoning module AllDesktopTargetPlatform (67)
[2023.12.26-08.13.40:879][286]LogModuleManager: Shutting down and abandoning module WindowsClientTargetPlatform (65)
[2023.12.26-08.13.40:879][286]LogModuleManager: Shutting down and abandoning module WindowsServerTargetPlatform (63)
[2023.12.26-08.13.40:879][286]LogModuleManager: Shutting down and abandoning module WindowsNoEditorTargetPlatform (61)
[2023.12.26-08.13.40:879][286]LogModuleManager: Shutting down and abandoning module WindowsTargetPlatform (59)
[2023.12.26-08.13.40:880][286]LogModuleManager: Shutting down and abandoning module MacClientTargetPlatform (57)
[2023.12.26-08.13.40:880][286]LogModuleManager: Shutting down and abandoning module MacServerTargetPlatform (55)
[2023.12.26-08.13.40:880][286]LogModuleManager: Shutting down and abandoning module MacNoEditorTargetPlatform (53)
[2023.12.26-08.13.40:880][286]LogModuleManager: Shutting down and abandoning module MacTargetPlatform (51)
[2023.12.26-08.13.40:880][286]LogModuleManager: Shutting down and abandoning module InputCore (48)
[2023.12.26-08.13.40:880][286]LogModuleManager: Shutting down and abandoning module Settings (46)
[2023.12.26-08.13.40:880][286]LogModuleManager: Shutting down and abandoning module OculusRift (44)
[2023.12.26-08.13.40:880][286]LogModuleManager: Shutting down and abandoning module ExampleDeviceProfileSelector (42)
[2023.12.26-08.13.40:880][286]LogModuleManager: Shutting down and abandoning module OnlineBlueprintSupport (40)
[2023.12.26-08.13.40:880][286]LogModuleManager: Shutting down and abandoning module OnlineSubsystem (36)
[2023.12.26-08.13.40:880][286]LogOnline:Display: Unloading online subsystem: NULL
[2023.12.26-08.13.40:880][286]LogModuleManager: Shutting down and abandoning module HTTP (35)
[2023.12.26-08.13.40:880][286]LogHttp:Display: Http module shutting down, but needs to wait on 1 outstanding Http requests:
[2023.12.26-08.13.40:880][286]LogHttp:Display: 	verb=[POST] url=[https://datarouter.ol.epicgames.com/datarouter/api/v1/public/data?SessionID=%7B54DA4B3F-4E30-6ECC-C6C6-508FB2D910B6%7D&AppID=UEEditor.UnrealEngine.Release&AppVersion=4.15.0-0%2B%2B%2BUE4%2BRelease-4.15&UserID=aa7ec4a94460bf88f1f872b01bef9583%7C8cfcda83180144cdb9bb2bc7d773924e%7C775b68d6-d1f3-44da-96ce-dab51d83f808&AppEnvironment=datacollector-source&UploadType=eteventstream] status=Processing
[2023.12.26-08.13.40:911][286]LogModuleManager: Shutting down and abandoning module SSL (34)
[2023.12.26-08.13.40:912][286]LogModuleManager: Shutting down and abandoning module AudioEditor (30)
[2023.12.26-08.13.40:912][286]LogModuleManager: Shutting down and abandoning module TextureCompressor (28)
[2023.12.26-08.13.40:912][286]LogModuleManager: Shutting down and abandoning module ShaderCore (26)
[2023.12.26-08.13.40:912][286]LogModuleManager: Shutting down and abandoning module Landscape (24)
[2023.12.26-08.13.40:912][286]LogModuleManager: Shutting down and abandoning module SlateRHIRenderer (22)
[2023.12.26-08.13.40:913][286]LogModuleManager: Shutting down and abandoning module OpenGLDrv (20)
[2023.12.26-08.13.40:913][286]LogModuleManager: Shutting down and abandoning module D3D11RHI (18)
[2023.12.26-08.13.40:913][286]LogModuleManager: Shutting down and abandoning module AnimGraphRuntime (16)
[2023.12.26-08.13.40:913][286]LogModuleManager: Shutting down and abandoning module Renderer (14)
[2023.12.26-08.13.40:913][286]LogModuleManager: Shutting down and abandoning module Engine (12)
[2023.12.26-08.13.40:913][286]LogModuleManager: Shutting down and abandoning module CoreUObject (10)
[2023.12.26-08.13.40:913][286]LogModuleManager: Shutting down and abandoning module NetworkFile (8)
[2023.12.26-08.13.40:914][286]LogModuleManager: Shutting down and abandoning module StreamingFile (6)
[2023.12.26-08.13.40:914][286]LogModuleManager: Shutting down and abandoning module SandboxFile (4)
[2023.12.26-08.13.40:914][286]LogModuleManager: Shutting down and abandoning module PakFile (2)
[2023.12.26-08.13.40:916][286]LogExit: Exiting.
[2023.12.26-08.13.40:922][286]Log file closed, 12/26/23 05:13:40
