Log file open, 12/26/23 04:33:56
LogInit:Display: Running engine for game: MotorUnreal4B
LogPlatformFile: Not using cached read wrapper
LogInit:Display: RandInit(-1313007154) SRandInit(-1313007154).
LogInit: Using version manifest at CL 0 with build ID '5af06b4c-3232-42c8-80e0-46572b4b0bc8'
LogTaskGraph: Started task graph with 5 named threads and 10 total threads with 1 sets of task threads.
LogStats: Stats thread started at 0.149020
LogInit: Using libcurl 7.47.1
LogInit:  - built for x86_64-pc-win32
LogInit:  - supports SSL with OpenSSL/1.0.2g
LogInit:  - supports HTTP deflate (compression) using libz 1.2.8
LogInit:  - other features:
LogInit:      CURL_VERSION_SSL
LogInit:      CURL_VERSION_LIBZ
LogInit:      CURL_VERSION_IPV6
LogInit:      CURL_VERSION_ASYNCHDNS
LogInit:      CURL_VERSION_LARGEFILE
LogInit:      CURL_VERSION_IDN
LogInit:  CurlRequestOptions (configurable via config and command line):
LogInit:  - bVerifyPeer = false  - Libcurl will NOT verify peer certificate
LogInit:  - bUseHttpProxy = false  - Libcurl will NOT use HTTP proxy
LogInit:  - bDontReuseConnections = false  - Libcurl will reuse connections
LogInit:  - CertBundlePath = nullptr  - Libcurl will use whatever was configured at build time.
LogInit: Build: ++UE4+Release-4.15-CL-0
LogInit: Engine Version: 4.15.0-0+++UE4+Release-4.15
LogInit: Compatible Engine Version: 4.15.0-0+++UE4+Release-4.15
LogInit: Net CL: 0
LogDevObjectVersion: Number of dev versions registered: 14
LogDevObjectVersion:   Dev-Blueprints (B0D832E4-1F89-4F0D-ACCF-7EB736FD4AA2): 8
LogDevObjectVersion:   Dev-Build (E1C64328-A22C-4D53-A36C-8E866417BD8C): 0
LogDevObjectVersion:   Dev-Core (375EC13C-06E4-48FB-B500-84F0262A717E): 2
LogDevObjectVersion:   Dev-Editor (E4B068ED-F494-42E9-A231-DA0B2E46BB41): 14
LogDevObjectVersion:   Dev-Framework (CFFC743F-43B0-4480-9391-14DF171D2073): 22
LogDevObjectVersion:   Dev-Mobile (B02B49B5-BB20-44E9-A304-32B752E40360): 0
LogDevObjectVersion:   Dev-Networking (A4E4105C-59A1-49B5-A7C5-40C4547EDFEE): 0
LogDevObjectVersion:   Dev-Online (39C831C9-5AE6-47DC-9A44-9C173E1C8E7C): 0
LogDevObjectVersion:   Dev-Physics (78F01B33-EBEA-4F98-B9B4-84EACCB95AA2): 0
LogDevObjectVersion:   Dev-Platform (6631380F-2D4D-43E0-8009-CF276956A95A): 0
LogDevObjectVersion:   Dev-Rendering (12F88B9F-8875-4AFC-A67C-D90C383ABD29): 12
LogDevObjectVersion:   Dev-Sequencer (7B5AE74C-D270-4C10-A958-57980B212A5A): 3
LogDevObjectVersion:   Dev-VR (D7296918-1DD6-4BDD-9DE2-64A83CC13884): 0
LogDevObjectVersion:   Dev-LoadTimes (C2A15278-BFE7-4AFE-6C17-90FF531DF755): 1
LogInit: Compiled (64-bit): Apr  2 2023 09:25:01
LogInit: Compiled with Visual C++: 19.00.24210.00
LogInit: Build Configuration: Development
LogInit: Branch Name: ++UE4+Release-4.15
LogInit: Command line: 
LogInit: Base directory: C:/Program Files/Unreal Engine 4 (4.15.0)/Engine/Binaries/Win64/
LogInit: Installed Engine Build: 0
LogInit: Presizing for max 8388607 objects, including 0 objects not considered by GC, pre-allocating 0 bytes for permanent pool.
LogInit: Object subsystem initialized
[2023.12.26-07.33.57:040][  0]LogInit: Selected Device Profile: [Windows]
[2023.12.26-07.33.57:040][  0]LogInit: Applying CVar settings loaded from the selected device profile: [Windows]
[2023.12.26-07.33.57:046][  0]LogInit: Computer: DESKTOP-GOSDJOG
[2023.12.26-07.33.57:046][  0]LogInit: User: MelchioT
[2023.12.26-07.33.57:047][  0]LogInit: CPU Page size=65536, Cores=6
[2023.12.26-07.33.57:047][  0]LogInit: High frequency timer resolution =10.000000 MHz
[2023.12.26-07.33.57:047][  0]LogMemory: Memory total: Physical=31.2GB (32GB approx)
[2023.12.26-07.33.57:047][  0]LogMemory: Platform Memory Stats for Windows
[2023.12.26-07.33.57:047][  0]LogMemory: Process Physical Memory: 265.07 MB used, 265.07 MB peak
[2023.12.26-07.33.57:047][  0]LogMemory: Process Virtual Memory: 268.52 MB used, 268.52 MB peak
[2023.12.26-07.33.57:047][  0]LogMemory: Physical Memory: 8829.02 MB used,  23146.65 MB free, 31975.68 MB total
[2023.12.26-07.33.57:047][  0]LogMemory: Virtual Memory: 4760.25 MB used,  23146.65 MB free, 134217728.00 MB total
[2023.12.26-07.33.57:144][  0]LogInit: Overriding culture en with editor configuration.
[2023.12.26-07.33.57:858][  0]LogD3D11RHI: D3D11 adapters:
[2023.12.26-07.33.57:899][  0]LogD3D11RHI:    0. 'AMD Radeon(TM) Graphics' (Feature Level 11_0)
[2023.12.26-07.33.57:899][  0]LogD3D11RHI:       495/0/15987 MB DedicatedVideo/DedicatedSystem/SharedSystem, Outputs:1, VendorId:0x1002
[2023.12.26-07.33.57:903][  0]LogD3D11RHI:    1. 'Microsoft Basic Render Driver' (Feature Level 11_0)
[2023.12.26-07.33.57:903][  0]LogD3D11RHI:       0/0/15987 MB DedicatedVideo/DedicatedSystem/SharedSystem, Outputs:0, VendorId:0x1414
[2023.12.26-07.33.57:903][  0]LogD3D11RHI: Chosen D3D11 Adapter: 0
[2023.12.26-07.33.57:910][  0]LogD3D11RHI: Creating new Direct3DDevice
[2023.12.26-07.33.57:910][  0]LogD3D11RHI:     GPU DeviceId: 0x1636 (for the marketing name, search the web for "GPU Device Id")
[2023.12.26-07.33.57:910][  0]LogWindows: EnumDisplayDevices:
[2023.12.26-07.33.57:910][  0]LogWindows:    0. 'AMD Radeon(TM) Graphics' (P:1 D:1)
[2023.12.26-07.33.57:910][  0]LogWindows:    1. 'AMD Radeon(TM) Graphics' (P:0 D:0)
[2023.12.26-07.33.57:910][  0]LogWindows:    2. 'AMD Radeon(TM) Graphics' (P:0 D:0)
[2023.12.26-07.33.57:910][  0]LogWindows:    3. 'AMD Radeon(TM) Graphics' (P:0 D:0)
[2023.12.26-07.33.57:911][  0]LogWindows:    4. 'AMD Radeon(TM) Graphics' (P:0 D:0)
[2023.12.26-07.33.57:911][  0]LogWindows: DebugString: GetVideoDriverDetailsInvalid PrimaryIsNotTheChoosenAdapter GetVideoDriverDetailsInvalid PrimaryIsNotTheChoosenAdapter GetVideoDriverDetailsInvalid PrimaryIsNotTheChoosenAdapter GetVideoDriverDetailsInvalid PrimaryIsNotTheChoosenAdapter GetVideoDriverDetailsInvalid PrimaryIsNotTheChoosenAdapter FoundDriverCount:0 
[2023.12.26-07.33.57:911][  0]LogD3D11RHI:     Adapter Name: AMD Radeon(TM) Graphics
[2023.12.26-07.33.57:911][  0]LogD3D11RHI:   Driver Version: Unknown (internal:Unknown, unified:Unknown)
[2023.12.26-07.33.57:911][  0]LogD3D11RHI:      Driver Date: Unknown
[2023.12.26-07.33.57:911][  0]LogRHI: Texture pool is 347 MB (70% of 495 MB)
[2023.12.26-07.33.57:956][  0]LogD3D11RHI: Async texture creation enabled
[2023.12.26-07.33.57:971][  0]LogD3D11RHI: GPU Timing Frequency: 100.000000 (Debug: 2 1)
[2023.12.26-07.33.57:973][  0]LogShaderCompilers: Guid format shader working directory is -22 characters bigger than the processId version (../../../../../Users/MelchioT/Documents/workUnrealEngine4/MotorUnreal4B/Intermediate/Shaders/WorkingDirectory/2964/).
[2023.12.26-07.33.57:973][  0]LogShaderCompilers: Cleaned the shader compiler working directory 'C:/Users/MelchioT/AppData/Local/Temp/UnrealShaderWorkingDir/DFB9C7C343DDF9B53CBAD881472C36A7/'.
[2023.12.26-07.33.57:973][  0]LogShaderCompilers:Display: Using Local Shader Compiler.
[2023.12.26-07.33.58:923][  0]LogTemp:Display: Loaded TP MacTargetPlatform
[2023.12.26-07.33.58:982][  0]LogTemp:Display: Loaded TP MacNoEditorTargetPlatform
[2023.12.26-07.33.59:038][  0]LogTemp:Display: Loaded TP MacServerTargetPlatform
[2023.12.26-07.33.59:095][  0]LogTemp:Display: Loaded TP MacClientTargetPlatform
[2023.12.26-07.33.59:145][  0]LogTemp:Display: Loaded TP WindowsTargetPlatform
[2023.12.26-07.33.59:207][  0]LogTemp:Display: Loaded TP WindowsNoEditorTargetPlatform
[2023.12.26-07.33.59:266][  0]LogTemp:Display: Loaded TP WindowsServerTargetPlatform
[2023.12.26-07.33.59:323][  0]LogTemp:Display: Loaded TP WindowsClientTargetPlatform
[2023.12.26-07.33.59:374][  0]LogTemp:Display: Loaded TP AllDesktopTargetPlatform
[2023.12.26-07.33.59:430][  0]LogTemp:Display: Loaded TP AndroidTargetPlatform
[2023.12.26-07.33.59:488][  0]LogTemp:Display: Loaded TP Android_PVRTCTargetPlatform
[2023.12.26-07.33.59:546][  0]LogTemp:Display: Loaded TP Android_ATCTargetPlatform
[2023.12.26-07.33.59:605][  0]LogTemp:Display: Loaded TP Android_DXTTargetPlatform
[2023.12.26-07.33.59:663][  0]LogTemp:Display: Loaded TP Android_ETC1TargetPlatform
[2023.12.26-07.33.59:721][  0]LogTemp:Display: Loaded TP Android_ETC2TargetPlatform
[2023.12.26-07.33.59:781][  0]LogTemp:Display: Loaded TP Android_ASTCTargetPlatform
[2023.12.26-07.33.59:848][  0]LogTemp:Display: Loaded TP Android_MultiTargetPlatform
[2023.12.26-07.33.59:900][  0]LogTemp:Display: Loaded TP HTML5TargetPlatform
[2023.12.26-07.34.00:010][  0]LogTemp:Display: Loaded TP IOSTargetPlatform
[2023.12.26-07.34.00:048][  0]LogTemp:Display: Loaded TP TVOSTargetPlatform
[2023.12.26-07.34.00:048][  0]LogTargetPlatformManager:Display: Building Assets For Windows
[2023.12.26-07.34.00:577][  0]LogDerivedDataCache:Display: Max Cache Size: 512 MB
[2023.12.26-07.34.00:629][  0]LogDerivedDataCache: Loaded boot cache 0.05s 50MB ../../../../../Users/MelchioT/Documents/workUnrealEngine4/MotorUnreal4B/DerivedDataCache/Boot.ddc.
[2023.12.26-07.34.00:629][  0]LogDerivedDataCache:Display: Loaded Boot cache: ../../../../../Users/MelchioT/Documents/workUnrealEngine4/MotorUnreal4B/DerivedDataCache/Boot.ddc
[2023.12.26-07.34.00:629][  0]LogDerivedDataCache: FDerivedDataBackendGraph:  Pak pak cache file ../../../../../Users/MelchioT/Documents/workUnrealEngine4/MotorUnreal4B/DerivedDataCache/DDC.ddp not found, will not use a pak cache.
[2023.12.26-07.34.00:629][  0]LogDerivedDataCache: Unable to find inner node Pak for hierarchical cache Hierarchy.
[2023.12.26-07.34.00:629][  0]LogDerivedDataCache: FDerivedDataBackendGraph:  EnginePak pak cache file ../../../Engine/DerivedDataCache/DDC.ddp not found, will not use a pak cache.
[2023.12.26-07.34.00:629][  0]LogDerivedDataCache: Unable to find inner node EnginePak for hierarchical cache Hierarchy.
[2023.12.26-07.34.00:642][  0]LogDerivedDataCache: Using Local data cache path ../../../Engine/DerivedDataCache: Writable
[2023.12.26-07.34.00:642][  0]LogDerivedDataCache: Shared data cache path not found in *engine.ini, will not use an Shared cache.
[2023.12.26-07.34.00:642][  0]LogDerivedDataCache: Unable to find inner node Shared for hierarchical cache Hierarchy.
[2023.12.26-07.34.00:651][  0]LogSlate: Using Freetype 2.6.0
[2023.12.26-07.34.00:652][  0]LogSlate: SlateFontCache - WITH_FREETYPE: 1, WITH_HARFBUZZ: 1
[2023.12.26-07.34.00:652][  0]LogSlate: SlateFontCache - WITH_FREETYPE: 1, WITH_HARFBUZZ: 1
[2023.12.26-07.34.00:897][  0]LogInit: Selected Device Profile: [Windows]
[2023.12.26-07.34.00:900][  0]LogContentStreaming: Texture pool size is 0.00 MB
[2023.12.26-07.34.01:122][  0]LogMeshUtilities: Using QuadricMeshReduction for automatic static mesh reduction
[2023.12.26-07.34.01:133][  0]LogMeshUtilities: No automatic skeletal mesh reduction module available
[2023.12.26-07.34.01:133][  0]LogMeshUtilities: No automatic mesh merging module available
[2023.12.26-07.34.01:133][  0]LogMeshUtilities: No distributed automatic mesh merging module available
[2023.12.26-07.34.01:817][  0]LogNetVersion: GetLocalNetworkVersion: CL: 0, ProjectName: motorunreal4b, ProjectVersion: , EngineNetworkVersion: 2, GameNetworkVersion: 0, NetworkChecksum: 3893362438
[2023.12.26-07.34.01:870][  0]LogAssetRegistry: FAssetRegistry took 0.0224 seconds to start up
[2023.12.26-07.34.01:917][  0]LogPackageLocalizationCache: Processed 3 localized package path(s) for 1 prioritized culture(s) in 0.012491 seconds
[2023.12.26-07.34.01:924][  0]LogUObjectArray: 32434 objects as part of root set at end of initial load.
[2023.12.26-07.34.01:924][  0]LogUObjectAllocator: 7066632 out of 0 bytes used by permanent object pool.
[2023.12.26-07.34.01:924][  0]LogUObjectArray: CloseDisregardForGC: 0/0 objects in disregard for GC pool
[2023.12.26-07.34.02:005][  0]LogInit: WinSock: version 1.1 (2.2), MaxSocks=32767, MaxUdp=65467
[2023.12.26-07.34.03:760][  0]LogTcpMessaging: Initializing TcpMessaging bridge
[2023.12.26-07.34.03:811][  0]LogUdpMessaging: Initializing bridge on interface 0.0.0.0:0 to multicast group 230.0.0.1:6666.
[2023.12.26-07.34.04:322][  0]LogMaterial: Uniform references updated for custom material expression Custom.
[2023.12.26-07.34.04:781][  0]SourceControl: Info Source control is disabled
[2023.12.26-07.34.04:833][  0]SourceControl: Info Source control is disabled
[2023.12.26-07.34.04:893][  0]SourceControl: Info Source control is disabled
[2023.12.26-07.34.04:952][  0]SourceControl: Info Source control is disabled
[2023.12.26-07.34.06:568][  0]LogEngine: Initializing Engine...
[2023.12.26-07.34.06:569][  0]LogHMD: Failed to initialize OpenVR with code 110
[2023.12.26-07.34.06:831][  0]LogAIModule: Creating AISystem for world Untitled
[2023.12.26-07.34.06:848][  0]LogInit: XAudio2 using 'Altavoces (Realtek(R) Audio)' : 2 channels at 48 kHz using 16 bits per sample (channel mask 0x3)
[2023.12.26-07.34.06:872][  0]LogInit: FAudioDevice initialized.
[2023.12.26-07.34.06:905][  0]LogDerivedDataCache: Saved boot cache 0.03s 50MB ../../../../../Users/MelchioT/Documents/workUnrealEngine4/MotorUnreal4B/DerivedDataCache/Boot.ddc.
[2023.12.26-07.34.06:915][  0]LogInit: Texture streaming: Enabled
[2023.12.26-07.34.07:036][  0]LogEngineSessionManager: EngineSessionManager initialized
[2023.12.26-07.34.07:137][  0]LogInit: Transaction tracking system initialized
[2023.12.26-07.34.07:533][  0]BlueprintLog: New page: Editor Load
[2023.12.26-07.34.08:587][  0]LocalizationService: Info Localization service is disabled
[2023.12.26-07.34.09:386][  0]LogConsoleResponse:Display: 
[2023.12.26-07.34.09:517][  0]LogCook:Display: Max memory allowance for cook 16384mb min free memory 0mb
[2023.12.26-07.34.09:517][  0]LogCook:Display: Mobile HDR setting 1
[2023.12.26-07.34.10:666][  0]LogFileCache: Scanning file cache for directory 'C:/Users/MelchioT/Documents/workUnrealEngine4/MotorUnreal4B/Content/' took 0.01s
[2023.12.26-07.34.10:718][  0]SourceControl: Info Source control is disabled
[2023.12.26-07.34.10:718][  0]Cmd: MAP LOAD FILE="../../../Engine/Content/Maps/Templates/Template_Default.umap" TEMPLATE=1 SHOWPROGRESS=1 FEATURELEVEL=3
[2023.12.26-07.34.10:719][  0]LightingResults: New page: Lighting Build
[2023.12.26-07.34.10:766][  0]MapCheck: New page: Map Check
[2023.12.26-07.34.10:766][  0]LightingResults: New page: Lighting Build
[2023.12.26-07.34.10:985][  0]LogAIModule: Creating AISystem for world Untitled_1
[2023.12.26-07.34.10:987][  0]LogActorComponent: RegisterComponentWithWorld: (/Temp/Untitled_1.Untitled_1:PersistentLevel.WorldSettings_1.StaticMeshComponent0) Trying to register component with IsPendingKill() == true. Aborting.
[2023.12.26-07.34.10:992][  0]LogEditorServer: Finished looking for orphan Actors (0.000 secs)
[2023.12.26-07.34.11:001][  0]Cmd: MAP CHECKDEP NOCLEARLOG
[2023.12.26-07.34.11:035][  0]MapCheck: Info Map check complete: 0 Error(s), 0 Warning(s), took 33.826ms to complete.
[2023.12.26-07.34.11:035][  0]LogFileHelpers: Loading map 'Template_Default' took 0.317
[2023.12.26-07.34.11:265][  0]LogCollectionManager: Loaded 0 collections in 0.001509 seconds
[2023.12.26-07.34.11:353][  0]LogFileCache: Scanning file cache for directory 'C:/Users/MelchioT/Documents/workUnrealEngine4/MotorUnreal4B/Saved/Collections/' took 0.01s
[2023.12.26-07.34.11:353][  0]LogFileCache: Scanning file cache for directory 'C:/Users/MelchioT/Documents/workUnrealEngine4/MotorUnreal4B/Content/Developers/MelchioT/Collections/' took 0.01s
[2023.12.26-07.34.11:353][  0]LogFileCache: Scanning file cache for directory 'C:/Users/MelchioT/Documents/workUnrealEngine4/MotorUnreal4B/Content/Collections/' took 0.01s
[2023.12.26-07.34.11:353][  0]LogCollectionManager: Rebuilt the GUID cache for 0 collections in 0.000002 seconds
[2023.12.26-07.34.11:364][  0]LogContentBrowser: Native class hierarchy populated in 0.0100 seconds. Added 2243 classes and 448 folders.
[2023.12.26-07.34.11:366][  0]LogStats: UGameplayTagsManager::ConstructGameplayTagTree: Construct from data asset -  0.000 s
[2023.12.26-07.34.11:366][  0]LogStats: UGameplayTagsManager::ConstructGameplayTagTree: GameplayTagTreeChangedEvent.Broadcast -  0.000 s
[2023.12.26-07.34.11:448][  0]LogContentBrowser: Native class hierarchy updated for 'WidgetCarousel' in 0.0005 seconds. Added 0 classes and 0 folders.
[2023.12.26-07.34.11:481][  0]LogContentBrowser: Native class hierarchy updated for 'AddContentDialog' in 0.0005 seconds. Added 0 classes and 0 folders.
[2023.12.26-07.34.11:530][  0]LogContentBrowser: Native class hierarchy updated for 'SceneOutliner' in 0.0006 seconds. Added 1 classes and 2 folders.
[2023.12.26-07.34.11:633][  0]LogCrashTracker: Crashtracker disabled due to settings.
[2023.12.26-07.34.11:643][  0]LogUObjectGlobals:Warning: Failed to find object 'Class None.'
[2023.12.26-07.34.11:717][  0]LogContentBrowser: Native class hierarchy updated for 'HierarchicalLODOutliner' in 0.0006 seconds. Added 1 classes and 2 folders.
[2023.12.26-07.34.11:718][  0]LogLoad: (Engine Initialization) Total time: 16.40 seconds
[2023.12.26-07.34.11:718][  0]LogLoad: (Engine Initialization) Total Blueprint compile time: 0.10 seconds
[2023.12.26-07.34.11:718][  0]LogExternalProfiler: No external profilers were discovered.  External profiling features will not be available.
[2023.12.26-07.34.11:737][  0]LogOcInput: OculusInput pre-init called
[2023.12.26-07.34.11:757][  0]LogContentStreaming: Texture pool size now 1000 MB
[2023.12.26-07.34.11:758][  0]LogSlate: Took 0.000358 seconds to synchronously load lazily loaded font '../../../Engine/Content/Slate/Fonts/Roboto-Regular.ttf' (155K)
[2023.12.26-07.34.11:765][  0]LogSlate: Took 0.000348 seconds to synchronously load lazily loaded font '../../../Engine/Content/Slate/Fonts/Roboto-Bold.ttf' (160K)
[2023.12.26-07.34.11:767][  0]LogSlate: Took 0.000241 seconds to synchronously load lazily loaded font '../../../Engine/Content/Editor/Slate/Fonts/FontAwesome.ttf' (139K)
[2023.12.26-07.34.11:867][  0]LogRenderer: Reallocating scene render targets to support 1528x576 NumSamples 1 (Frame:2).
[2023.12.26-07.34.11:940][  0]LogSlate: Took 0.000269 seconds to synchronously load lazily loaded font '../../../Engine/Content/Slate/Fonts/Roboto-Light.ttf' (159K)
[2023.12.26-07.34.12:063][  1]LogAssetRegistry: Asset discovery search completed in 10.2161 seconds
[2023.12.26-07.34.12:063][  1]LogCollectionManager: Rebuilt the object cache for 0 collections in 0.000002 seconds (found 0 objects)
[2023.12.26-07.34.12:063][  1]LogCollectionManager: Fixed up redirectors for 0 collections in 0.000022 seconds (updated 0 objects)
[2023.12.26-07.35.02:003][484]LogSlate: Took 0.000149 seconds to synchronously load lazily loaded font '../../../Engine/Content/Slate/Fonts/Roboto-Light.ttf' (159K)
[2023.12.26-07.35.02:396][484]LogContentBrowser: Native class hierarchy updated for 'BlueprintGraph' in 0.0009 seconds. Added 112 classes and 0 folders.
[2023.12.26-07.35.02:881][484]LogSlate: Took 0.000201 seconds to synchronously load lazily loaded font '../../../Engine/Content/Slate/Fonts/Roboto-Regular.ttf' (155K)
[2023.12.26-07.35.02:947][484]LogSlate: Took 0.000246 seconds to synchronously load lazily loaded font '../../../Engine/Content/Editor/Slate/Fonts/Roboto-BoldCondensed.ttf' (158K)
[2023.12.26-07.35.02:995][485]LogSlate: Took 0.000539 seconds to synchronously load lazily loaded font '../../../Engine/Content/Editor/Slate/Fonts/Roboto-Italic.ttf' (157K)
[2023.12.26-07.36.18:391][512]LogAIModule: Creating AISystem for world 06-Blueprint5
[2023.12.26-07.36.18:422][512]Cmd: MAP LOAD FILE="../../../../../Users/MelchioT/Documents/workUnrealEngine4/MotorUnreal4B/Content/Contenido/Levels/06-Blueprint5.umap" TEMPLATE=0 SHOWPROGRESS=1 FEATURELEVEL=3
[2023.12.26-07.36.18:422][512]LightingResults: New page: Lighting Build
[2023.12.26-07.36.18:424][512]LoadErrors: New page: Loading map: 06-Blueprint5.umap
[2023.12.26-07.36.18:424][512]MapCheck: New page: Map Check
[2023.12.26-07.36.18:424][512]LightingResults: New page: Lighting Build
[2023.12.26-07.36.18:497][512]LogEditorServer: Finished looking for orphan Actors (0.000 secs)
[2023.12.26-07.36.18:513][512]Cmd: MAP CHECKDEP NOCLEARLOG
[2023.12.26-07.36.18:545][512]MapCheck: Info Map check complete: 0 Error(s), 0 Warning(s), took 32.405ms to complete.
[2023.12.26-07.36.18:545][512]LogFileHelpers: Loading map '06-Blueprint5' took 0.123
[2023.12.26-07.36.38:448][704]LogEditorViewport: Clicking on Actor (LMB): 05-AddActorLocalOffset+DestroyActor_C (5-AddActorLocalOffset+DestroyActor2)
[2023.12.26-07.36.54:518][660]LogSavePackage: Save=16.45ms
[2023.12.26-07.36.54:518][660]LogSavePackage: Moving '../../../../../Users/MelchioT/Documents/workUnrealEngine4/MotorUnreal4B/Saved/05-AddActorLocalOffset+DestroyActor1FF2F4F14984DFB16208599BC1EB5836.tmp' to '../../../../../Users/MelchioT/Documents/workUnrealEngine4/MotorUnreal4B/Content/Contenido/Blueprints/05-AddActorLocalOffset+DestroyActor.uasset'
[2023.12.26-07.36.54:520][660]LogSavePackage:Display: Finished SavePackage ../../../../../Users/MelchioT/Documents/workUnrealEngine4/MotorUnreal4B/Content/Contenido/Blueprints/05-AddActorLocalOffset+DestroyActor.uasset
[2023.12.26-07.37.00:999][ 49]LogEditorViewport: Clicking on Actor (LMB): 05-AddActorLocalOffset+DestroyActor_C (5-AddActorLocalOffset+DestroyActor3)
[2023.12.26-07.37.02:270][122]LogEditorViewport: Clicking on Actor (LMB): 05-AddActorLocalOffset+DestroyActor_C (5-AddActorLocalOffset+DestroyActor)
[2023.12.26-07.37.02:943][159]LogEditorViewport: Clicking on Actor (LMB): 05-AddActorLocalOffset+DestroyActor_C (5-AddActorLocalOffset+DestroyActor2)
[2023.12.26-07.37.04:198][231]LogEditorViewport: Clicking on Actor (LMB): 05-AddActorLocalOffset+DestroyActor_C (5-AddActorLocalOffset+DestroyActor)
[2023.12.26-07.37.05:339][296]LogEditorViewport: Clicking on Actor (LMB): 05-AddActorLocalOffset+DestroyActor_C (5-AddActorLocalOffset+DestroyActor3)
[2023.12.26-07.37.06:194][344]LogEditorViewport: Clicking on Actor (LMB): 05-AddActorLocalOffset+DestroyActor_C (5-AddActorLocalOffset+DestroyActor)
[2023.12.26-07.37.06:634][367]LogEditorViewport: Clicking on Actor (LMB): 05-AddActorLocalOffset+DestroyActor_C (5-AddActorLocalOffset+DestroyActor2)
[2023.12.26-07.37.10:923][548]LogActorComponent: UnregisterComponent: (/Engine/Transient.EditorFloorComp) Not registered. Aborting.
[2023.12.26-07.37.10:977][548]LogActorComponent: UnregisterComponent: (/Engine/Transient.EditorFloorComp) Not registered. Aborting.
[2023.12.26-07.37.11:025][548]LogActorComponent: UnregisterComponent: (/Engine/Transient.EditorFloorComp) Not registered. Aborting.
[2023.12.26-07.37.11:080][548]LogActorComponent: UnregisterComponent: (/Engine/Transient.EditorFloorComp) Not registered. Aborting.
[2023.12.26-07.37.11:307][549]Cmd: QUIT_EDITOR
[2023.12.26-07.37.11:328][549]LogWindowsTextInputMethodSystem:Display: IME system now deactivated.
[2023.12.26-07.37.11:350][549]LogExit: Preparing to exit.
[2023.12.26-07.37.12:029][549]LogDirectoryWatcher: A directory notification for 'C:/Users/MelchioT/Documents/workUnrealEngine4/MotorUnreal4B/Content/' was aborted.
[2023.12.26-07.37.12:053][549]LogExit: Editor shut down
[2023.12.26-07.37.12:053][549]LogExit: Transaction tracking system shut down
[2023.12.26-07.37.12:133][549]LogObj: Freed 0b from 0 cluster array pools.
[2023.12.26-07.37.12:133][549]LogExit: Object subsystem successfully closed.
[2023.12.26-07.37.12:149][549]LogD3D11RHI: Shutdown
[2023.12.26-07.37.12:149][549]LogD3D11RHI: CleanupD3DDevice
[2023.12.26-07.37.12:236][549]LogD3D11RHI: ~FD3D11DynamicRHI
[2023.12.26-07.37.12:247][549]LogModuleManager: Shutting down and abandoning module BlueprintGraph (484)
[2023.12.26-07.37.12:247][549]LogModuleManager: Shutting down and abandoning module BlueprintProfiler (482)
[2023.12.26-07.37.12:247][549]LogModuleManager: Shutting down and abandoning module HierarchicalLODOutliner (480)
[2023.12.26-07.37.12:247][549]LogModuleManager: Shutting down and abandoning module CrashTracker (478)
[2023.12.26-07.37.12:247][549]LogModuleManager: Shutting down and abandoning module SceneOutliner (476)
[2023.12.26-07.37.12:247][549]LogModuleManager: Shutting down and abandoning module AddContentDialog (474)
[2023.12.26-07.37.12:247][549]LogDirectoryWatcher: A directory notification for 'C:/Program Files/Unreal Engine 4 (4.15.0)/FeaturePacks/' was aborted.
[2023.12.26-07.37.12:248][549]LogModuleManager: Shutting down and abandoning module WidgetCarousel (473)
[2023.12.26-07.37.12:248][549]LogModuleManager: Shutting down and abandoning module EditorWidgets (470)
[2023.12.26-07.37.12:248][549]LogModuleManager: Shutting down and abandoning module CollectionManager (468)
[2023.12.26-07.37.12:248][549]LogDirectoryWatcher: A directory notification for 'C:/Users/MelchioT/Documents/workUnrealEngine4/MotorUnreal4B/Content/Collections/' was aborted.
[2023.12.26-07.37.12:248][549]LogDirectoryWatcher: A directory notification for 'C:/Users/MelchioT/Documents/workUnrealEngine4/MotorUnreal4B/Content/Developers/MelchioT/Collections/' was aborted.
[2023.12.26-07.37.12:248][549]LogDirectoryWatcher: A directory notification for 'C:/Users/MelchioT/Documents/workUnrealEngine4/MotorUnreal4B/Saved/Collections/' was aborted.
[2023.12.26-07.37.12:248][549]LogModuleManager: Shutting down and abandoning module StatsViewer (466)
[2023.12.26-07.37.12:248][549]LogModuleManager: Shutting down and abandoning module FoliageEdit (464)
[2023.12.26-07.37.12:248][549]LogModuleManager: Shutting down and abandoning module LandscapeEditor (462)
[2023.12.26-07.37.12:248][549]LogModuleManager: Shutting down and abandoning module SceneDepthPickerMode (460)
[2023.12.26-07.37.12:248][549]LogModuleManager: Shutting down and abandoning module ActorPickerMode (458)
[2023.12.26-07.37.12:248][549]LogModuleManager: Shutting down and abandoning module GeometryMode (456)
[2023.12.26-07.37.12:248][549]LogModuleManager: Shutting down and abandoning module TextureAlignMode (454)
[2023.12.26-07.37.12:248][549]LogModuleManager: Shutting down and abandoning module BspMode (452)
[2023.12.26-07.37.12:248][549]LogModuleManager: Shutting down and abandoning module HardwareSurvey (450)
[2023.12.26-07.37.12:248][549]LogModuleManager: Shutting down and abandoning module SequenceRecorderSections (448)
[2023.12.26-07.37.12:248][549]LogModuleManager: Shutting down and abandoning module AutomationWorker (446)
[2023.12.26-07.37.12:248][549]LogModuleManager: Shutting down and abandoning module MatineeToLevelSequence (444)
[2023.12.26-07.37.12:248][549]LogModuleManager: Shutting down and abandoning module LevelSequenceEditor (442)
[2023.12.26-07.37.12:248][549]LogModuleManager: Shutting down and abandoning module PlacementMode (441)
[2023.12.26-07.37.12:248][549]LogModuleManager: Shutting down and abandoning module WmfMediaFactory (438)
[2023.12.26-07.37.12:248][549]LogModuleManager: Shutting down and abandoning module WmfMediaEditor (436)
[2023.12.26-07.37.12:248][549]LogModuleManager: Shutting down and abandoning module MfMediaFactory (434)
[2023.12.26-07.37.12:248][549]LogModuleManager: Shutting down and abandoning module MfMediaEditor (432)
[2023.12.26-07.37.12:248][549]LogModuleManager: Shutting down and abandoning module AvfMediaFactory (430)
[2023.12.26-07.37.12:249][549]LogModuleManager: Shutting down and abandoning module AvfMediaEditor (428)
[2023.12.26-07.37.12:249][549]LogModuleManager: Shutting down and abandoning module AndroidMediaFactory (426)
[2023.12.26-07.37.12:249][549]LogModuleManager: Shutting down and abandoning module Media (425)
[2023.12.26-07.37.12:249][549]LogModuleManager: Shutting down and abandoning module AndroidMediaEditor (422)
[2023.12.26-07.37.12:249][549]LogModuleManager: Shutting down and abandoning module CharacterAI (420)
[2023.12.26-07.37.12:249][549]LogModuleManager: Shutting down and abandoning module AudioCapture (418)
[2023.12.26-07.37.12:249][549]LogModuleManager: Shutting down and abandoning module SequenceRecorder (417)
[2023.12.26-07.37.12:249][549]LogModuleManager: Shutting down and abandoning module SmartSnapping (414)
[2023.12.26-07.37.12:249][549]LogModuleManager: Shutting down and abandoning module SessionServices (412)
[2023.12.26-07.37.12:249][549]LogModuleManager: Shutting down and abandoning module ViewportSnapping (410)
[2023.12.26-07.37.12:249][549]LogModuleManager: Shutting down and abandoning module ViewportInteraction (408)
[2023.12.26-07.37.12:249][549]LogModuleManager: Shutting down and abandoning module LogVisualizer (406)
[2023.12.26-07.37.12:249][549]LogModuleManager: Shutting down and abandoning module IntroTutorials (404)
[2023.12.26-07.37.12:249][549]LogModuleManager: Shutting down and abandoning module GameProjectGeneration (403)
[2023.12.26-07.37.12:249][549]LogModuleManager: Shutting down and abandoning module EditorLiveStreaming (400)
[2023.12.26-07.37.12:249][549]LogModuleManager: Shutting down and abandoning module IOSPlatformEditor (398)
[2023.12.26-07.37.12:249][549]LogModuleManager: Shutting down and abandoning module HTML5PlatformEditor (396)
[2023.12.26-07.37.12:249][549]LogModuleManager: Shutting down and abandoning module AndroidPlatformEditor (394)
[2023.12.26-07.37.12:249][549]LogModuleManager: Shutting down and abandoning module AndroidDeviceDetection (393)
[2023.12.26-07.37.13:129][549]LogModuleManager: Shutting down and abandoning module IOSRuntimeSettings (390)
[2023.12.26-07.37.13:129][549]LogModuleManager: Shutting down and abandoning module AndroidRuntimeSettings (388)
[2023.12.26-07.37.13:129][549]LogModuleManager: Shutting down and abandoning module InputBindingEditor (386)
[2023.12.26-07.37.13:129][549]LogModuleManager: Shutting down and abandoning module NiagaraEditor (384)
[2023.12.26-07.37.13:129][549]LogModuleManager: Shutting down and abandoning module MergeActors (382)
[2023.12.26-07.37.13:129][549]LogModuleManager: Shutting down and abandoning module SizeMap (380)
[2023.12.26-07.37.13:129][549]LogModuleManager: Shutting down and abandoning module TreeMap (378)
[2023.12.26-07.37.13:129][549]LogModuleManager: Shutting down and abandoning module ReferenceViewer (376)
[2023.12.26-07.37.13:130][549]LogModuleManager: Shutting down and abandoning module LocalizationDashboard (374)
[2023.12.26-07.37.13:130][549]LogModuleManager: Shutting down and abandoning module LocalizationService (373)
[2023.12.26-07.37.13:130][549]LogModuleManager: Shutting down and abandoning module HardwareTargeting (370)
[2023.12.26-07.37.13:130][549]LogModuleManager: Shutting down and abandoning module DeviceProfileEditor (368)
[2023.12.26-07.37.13:130][549]LogModuleManager: Shutting down and abandoning module UndoHistory (366)
[2023.12.26-07.37.13:130][549]LogModuleManager: Shutting down and abandoning module UserFeedback (364)
[2023.12.26-07.37.13:130][549]LogModuleManager: Shutting down and abandoning module XmlParser (362)
[2023.12.26-07.37.13:130][549]LogModuleManager: Shutting down and abandoning module Blutility (360)
[2023.12.26-07.37.13:130][549]LogModuleManager: Shutting down and abandoning module ProjectSettingsViewer (358)
[2023.12.26-07.37.13:130][549]LogModuleManager: Shutting down and abandoning module ProjectTargetPlatformEditor (357)
[2023.12.26-07.37.13:130][549]LogModuleManager: Shutting down and abandoning module EditorSettingsViewer (354)
[2023.12.26-07.37.13:130][549]LogModuleManager: Shutting down and abandoning module SettingsEditor (352)
[2023.12.26-07.37.13:130][549]LogModuleManager: Shutting down and abandoning module ProjectLauncher (350)
[2023.12.26-07.37.13:130][549]LogModuleManager: Shutting down and abandoning module SessionFrontend (348)
[2023.12.26-07.37.13:130][549]LogModuleManager: Shutting down and abandoning module ProfilerClient (346)
[2023.12.26-07.37.13:130][549]LogModuleManager: Shutting down and abandoning module DeviceManager (344)
[2023.12.26-07.37.13:130][549]LogModuleManager: Shutting down and abandoning module TargetDeviceServices (343)
[2023.12.26-07.37.13:172][549]LogModuleManager: Shutting down and abandoning module AutomationController (340)
[2023.12.26-07.37.13:172][549]LogModuleManager: Shutting down and abandoning module AutomationWindow (338)
[2023.12.26-07.37.13:172][549]LogModuleManager: Shutting down and abandoning module Layers (336)
[2023.12.26-07.37.13:172][549]LogModuleManager: Shutting down and abandoning module ComponentVisualizers (334)
[2023.12.26-07.37.13:172][549]LogModuleManager: Shutting down and abandoning module DetailCustomizations (332)
[2023.12.26-07.37.13:172][549]LogModuleManager: Shutting down and abandoning module PackagesDialog (330)
[2023.12.26-07.37.13:173][549]LogModuleManager: Shutting down and abandoning module Persona (328)
[2023.12.26-07.37.13:173][549]LogModuleManager: Shutting down and abandoning module AnimGraph (327)
[2023.12.26-07.37.13:173][549]LogModuleManager: Shutting down and abandoning module Kismet (324)
[2023.12.26-07.37.13:177][549]LogModuleManager: Shutting down and abandoning module GraphEditor (322)
[2023.12.26-07.37.13:177][549]LogModuleManager: Shutting down and abandoning module ClassViewer (320)
[2023.12.26-07.37.13:177][549]LogModuleManager: Shutting down and abandoning module Toolbox (318)
[2023.12.26-07.37.13:177][549]LogModuleManager: Shutting down and abandoning module ModuleUI (316)
[2023.12.26-07.37.13:177][549]LogModuleManager: Shutting down and abandoning module MovieSceneTools (314)
[2023.12.26-07.37.13:177][549]LogModuleManager: Shutting down and abandoning module OutputLog (312)
[2023.12.26-07.37.13:177][549]LogModuleManager: Shutting down and abandoning module GammaUI (310)
[2023.12.26-07.37.13:177][549]LogModuleManager: Shutting down and abandoning module Documentation (308)
[2023.12.26-07.37.13:177][549]LogModuleManager: Shutting down and abandoning module Niagara (306)
[2023.12.26-07.37.13:177][549]LogModuleManager: Shutting down and abandoning module StreamingPauseRendering (304)
[2023.12.26-07.37.13:177][549]LogModuleManager: Shutting down and abandoning module AnalyticsET (302)
[2023.12.26-07.37.13:177][549]LogModuleManager: Shutting down and abandoning module PortalServices (300)
[2023.12.26-07.37.13:177][549]LogModuleManager: Shutting down and abandoning module PortalRpc (298)
[2023.12.26-07.37.13:177][549]LogModuleManager: Shutting down and abandoning module MessagingRpc (296)
[2023.12.26-07.37.13:177][549]LogModuleManager: Shutting down and abandoning module AIModule (294)
[2023.12.26-07.37.13:177][549]LogModuleManager: Shutting down and abandoning module GameplayDebugger (293)
[2023.12.26-07.37.13:177][549]LogModuleManager: Shutting down and abandoning module AITestSuite (291)
[2023.12.26-07.37.13:177][549]LogModuleManager: Shutting down and abandoning module ProfilerService (288)
[2023.12.26-07.37.13:396][549]LogModuleManager: Shutting down and abandoning module TaskGraph (286)
[2023.12.26-07.37.13:396][549]LogModuleManager: Shutting down and abandoning module SteamVRController (284)
[2023.12.26-07.37.13:396][549]LogModuleManager: Shutting down and abandoning module SteamVR (282)
[2023.12.26-07.37.13:397][549]LogModuleManager: Shutting down and abandoning module ProceduralMeshComponentEditor (280)
[2023.12.26-07.37.13:397][549]LogModuleManager: Shutting down and abandoning module ProceduralMeshComponent (278)
[2023.12.26-07.37.13:397][549]LogModuleManager: Shutting down and abandoning module OculusLibrary (276)
[2023.12.26-07.37.13:397][549]LogModuleManager: Shutting down and abandoning module OculusInput (274)
[2023.12.26-07.37.13:397][549]LogModuleManager: Shutting down and abandoning module MobilePatchingUtils (272)
[2023.12.26-07.37.13:397][549]LogModuleManager: Shutting down and abandoning module CustomMeshComponent (270)
[2023.12.26-07.37.13:397][549]LogModuleManager: Shutting down and abandoning module CableComponent (268)
[2023.12.26-07.37.13:397][549]LogModuleManager: Shutting down and abandoning module ArchVisCharacter (266)
[2023.12.26-07.37.13:397][549]LogModuleManager: Shutting down and abandoning module MediaPlayerEditor (262)
[2023.12.26-07.37.13:397][549]LogModuleManager: Shutting down and abandoning module HTML5Networking (260)
[2023.12.26-07.37.13:397][549]LogModuleManager: Shutting down and abandoning module AlembicImporter (258)
[2023.12.26-07.37.13:397][549]LogModuleManager: Shutting down and abandoning module AlembicLibrary (257)
[2023.12.26-07.37.13:397][549]LogModuleManager: Shutting down and abandoning module GeometryCache (256)
[2023.12.26-07.37.13:397][549]LogModuleManager: Shutting down and abandoning module GeometryCacheEd (255)
[2023.12.26-07.37.13:397][549]LogModuleManager: Shutting down and abandoning module SuperSearchEditor (250)
[2023.12.26-07.37.13:397][549]LogModuleManager: Shutting down and abandoning module SuperSearch (249)
[2023.12.26-07.37.13:397][549]LogModuleManager: Shutting down and abandoning module SpeedTreeImporter (246)
[2023.12.26-07.37.13:397][549]LogModuleManager: Shutting down and abandoning module PluginBrowser (244)
[2023.12.26-07.37.13:397][549]LogModuleManager: Shutting down and abandoning module MobileLauncherProfileWizard (242)
[2023.12.26-07.37.13:397][549]LogModuleManager: Shutting down and abandoning module EpicSurvey (240)
[2023.12.26-07.37.13:397][549]LogModuleManager: Shutting down and abandoning module VisualStudioSourceCodeAccess (238)
[2023.12.26-07.37.13:397][549]LogModuleManager: Shutting down and abandoning module DesktopPlatform (237)
[2023.12.26-07.37.13:397][549]LogModuleManager: Shutting down and abandoning module UObjectPlugin (234)
[2023.12.26-07.37.13:397][549]LogModuleManager: Shutting down and abandoning module SubversionSourceControl (232)
[2023.12.26-07.37.13:397][549]LogModuleManager: Shutting down and abandoning module PerforceSourceControl (230)
[2023.12.26-07.37.13:397][549]LogModuleManager: Shutting down and abandoning module GitSourceControl (228)
[2023.12.26-07.37.13:397][549]LogModuleManager: Shutting down and abandoning module SourceControl (227)
[2023.12.26-07.37.13:397][549]LogModuleManager: Shutting down and abandoning module LightPropagationVolumeEditor (224)
[2023.12.26-07.37.13:397][549]LogModuleManager: Shutting down and abandoning module PaperTiledImporter (222)
[2023.12.26-07.37.13:397][549]LogModuleManager: Shutting down and abandoning module PaperSpriteSheetImporter (220)
[2023.12.26-07.37.13:397][549]LogModuleManager: Shutting down and abandoning module Paper2DEditor (218)
[2023.12.26-07.37.13:397][549]LogModuleManager: Shutting down and abandoning module MeshPaint (217)
[2023.12.26-07.37.13:397][549]LogModuleManager: Shutting down and abandoning module LevelEditor (215)
[2023.12.26-07.37.13:398][549]LogModuleManager: Shutting down and abandoning module PixelInspectorModule (214)
[2023.12.26-07.37.13:398][549]LogModuleManager: Shutting down and abandoning module MainFrame (212)
[2023.12.26-07.37.13:398][549]LogModuleManager: Shutting down and abandoning module HotReload (211)
[2023.12.26-07.37.13:398][549]LogModuleManager: Shutting down and abandoning module ContentBrowser (207)
[2023.12.26-07.37.13:399][549]LogModuleManager: Shutting down and abandoning module PhysXVehiclesEditor (204)
[2023.12.26-07.37.13:399][549]LogModuleManager: Shutting down and abandoning module PhysXVehicles (202)
[2023.12.26-07.37.13:399][549]LogModuleManager: Shutting down and abandoning module LocationServicesBPLibrary (200)
[2023.12.26-07.37.13:399][549]LogModuleManager: Shutting down and abandoning module UdpMessaging (198)
[2023.12.26-07.37.13:500][549]LogModuleManager: Shutting down and abandoning module TcpMessaging (196)
[2023.12.26-07.37.13:600][549]LogModuleManager: Shutting down and abandoning module GameplayTagsEditor (194)
[2023.12.26-07.37.13:600][549]LogModuleManager: Shutting down and abandoning module FacialAnimationEditor (192)
[2023.12.26-07.37.13:600][549]LogModuleManager: Shutting down and abandoning module FacialAnimation (190)
[2023.12.26-07.37.13:600][549]LogModuleManager: Shutting down and abandoning module LightPropagationVolumeRuntime (188)
[2023.12.26-07.37.13:600][549]LogModuleManager: Shutting down and abandoning module Paper2D (186)
[2023.12.26-07.37.13:600][549]LogModuleManager: Shutting down and abandoning module WindowsMoviePlayer (184)
[2023.12.26-07.37.13:600][549]LogModuleManager: Shutting down and abandoning module WmfMedia (182)
[2023.12.26-07.37.13:601][549]LogModuleManager: Shutting down and abandoning module MfMedia (180)
[2023.12.26-07.37.13:601][549]LogModuleManager: Shutting down and abandoning module MediaAssets (178)
[2023.12.26-07.37.13:601][549]LogModuleManager: Shutting down and abandoning module GameLiveStreaming (176)
[2023.12.26-07.37.13:602][549]LogModuleManager: Shutting down and abandoning module VREditor (174)
[2023.12.26-07.37.13:602][549]LogModuleManager: Shutting down and abandoning module GameplayTasksEditor (172)
[2023.12.26-07.37.13:602][549]LogModuleManager: Shutting down and abandoning module BehaviorTreeEditor (170)
[2023.12.26-07.37.13:602][549]LogModuleManager: Shutting down and abandoning module FunctionalTesting (168)
[2023.12.26-07.37.13:602][549]LogModuleManager: Shutting down and abandoning module CollisionAnalyzer (166)
[2023.12.26-07.37.13:602][549]LogModuleManager: Shutting down and abandoning module UMG (164)
[2023.12.26-07.37.13:602][549]LogModuleManager: Shutting down and abandoning module UMGEditor (163)
[2023.12.26-07.37.13:602][549]LogModuleManager: Shutting down and abandoning module Sequencer (162)
[2023.12.26-07.37.13:602][549]LogModuleManager: Shutting down and abandoning module AssetTools (160)
[2023.12.26-07.37.13:602][549]LogModuleManager: Shutting down and abandoning module MessageLog (159)
[2023.12.26-07.37.13:602][549]LogModuleManager: Shutting down and abandoning module WorkspaceMenuStructure (158)
[2023.12.26-07.37.13:602][549]LogModuleManager: Shutting down and abandoning module SlateReflector (152)
[2023.12.26-07.37.13:602][549]LogModuleManager: Shutting down and abandoning module Slate (150)
[2023.12.26-07.37.13:602][549]LogModuleManager: Shutting down and abandoning module EditorStyle (148)
[2023.12.26-07.37.13:604][549]LogModuleManager: Shutting down and abandoning module SourceCodeAccess (146)
[2023.12.26-07.37.13:604][549]LogModuleManager: Shutting down and abandoning module HeadMountedDisplay (144)
[2023.12.26-07.37.13:604][549]LogModuleManager: Shutting down and abandoning module XAudio2 (142)
[2023.12.26-07.37.13:604][549]LogModuleManager: Shutting down and abandoning module Networking (140)
[2023.12.26-07.37.13:604][549]LogModuleManager: Shutting down and abandoning module Core (136)
[2023.12.26-07.37.13:604][549]LogModuleManager: Shutting down and abandoning module AssetRegistry (134)
[2023.12.26-07.37.13:816][549]LogDirectoryWatcher: A directory notification for '../../../Engine/Content/' was aborted.
[2023.12.26-07.37.13:816][549]LogDirectoryWatcher: A directory notification for '../../../../../Users/MelchioT/Documents/workUnrealEngine4/MotorUnreal4B/Content/' was aborted.
[2023.12.26-07.37.13:816][549]LogDirectoryWatcher: A directory notification for '../../../Engine/Plugins/2D/Paper2D/Content/' was aborted.
[2023.12.26-07.37.13:816][549]LogModuleManager: Shutting down and abandoning module DirectoryWatcher (133)
[2023.12.26-07.37.13:817][549]LogModuleManager: Shutting down and abandoning module KismetCompiler (130)
[2023.12.26-07.37.13:817][549]LogModuleManager: Shutting down and abandoning module PhysXFormats (128)
[2023.12.26-07.37.13:817][549]LogModuleManager: Shutting down and abandoning module MeshUtilities (126)
[2023.12.26-07.37.13:817][549]LogModuleManager: Shutting down and abandoning module QuadricMeshReduction (125)
[2023.12.26-07.37.13:817][549]LogModuleManager: Shutting down and abandoning module PropertyEditor (123)
[2023.12.26-07.37.13:817][549]LogModuleManager: Shutting down and abandoning module DerivedDataCache (120)
[2023.12.26-07.37.13:843][549]LogDerivedDataCache: Shutdown
[2023.12.26-07.37.13:843][549]LogModuleManager: Shutting down and abandoning module TargetPlatform (118)
[2023.12.26-07.37.13:843][549]LogModuleManager: Shutting down and abandoning module VulkanShaderFormat (117)
[2023.12.26-07.37.13:843][549]LogModuleManager: Shutting down and abandoning module MetalShaderFormat (115)
[2023.12.26-07.37.13:843][549]LogModuleManager: Shutting down and abandoning module ShaderFormatD3D (113)
[2023.12.26-07.37.13:843][549]LogModuleManager: Shutting down and abandoning module ShaderFormatOpenGL (111)
[2023.12.26-07.37.13:843][549]LogModuleManager: Shutting down and abandoning module TextureFormatUncompressed (109)
[2023.12.26-07.37.13:843][549]LogModuleManager: Shutting down and abandoning module TextureFormatASTC (107)
[2023.12.26-07.37.13:843][549]LogModuleManager: Shutting down and abandoning module ImageWrapper (106)
[2023.12.26-07.37.13:843][549]LogModuleManager: Shutting down and abandoning module TextureFormatPVR (103)
[2023.12.26-07.37.13:843][549]LogModuleManager: Shutting down and abandoning module TextureFormatDXT (101)
[2023.12.26-07.37.13:843][549]LogModuleManager: Shutting down and abandoning module TextureFormatIntelISPCTexComp (99)
[2023.12.26-07.37.13:844][549]LogModuleManager: Shutting down and abandoning module AudioFormatOpus (97)
[2023.12.26-07.37.13:844][549]LogModuleManager: Shutting down and abandoning module AudioFormatOgg (95)
[2023.12.26-07.37.13:844][549]LogModuleManager: Shutting down and abandoning module AudioFormatADPCM (93)
[2023.12.26-07.37.13:844][549]LogModuleManager: Shutting down and abandoning module TVOSTargetPlatform (91)
[2023.12.26-07.37.13:844][549]LogModuleManager: Shutting down and abandoning module Messaging (89)
[2023.12.26-07.37.13:844][549]LogModuleManager: Shutting down and abandoning module IOSTargetPlatform (87)
[2023.12.26-07.37.13:844][549]LogModuleManager: Shutting down and abandoning module HTML5TargetPlatform (85)
[2023.12.26-07.37.13:844][549]LogModuleManager: Shutting down and abandoning module Android_MultiTargetPlatform (83)
[2023.12.26-07.37.13:844][549]LogModuleManager: Shutting down and abandoning module Android_ASTCTargetPlatform (81)
[2023.12.26-07.37.13:844][549]LogModuleManager: Shutting down and abandoning module Android_ETC2TargetPlatform (79)
[2023.12.26-07.37.13:844][549]LogModuleManager: Shutting down and abandoning module Android_ETC1TargetPlatform (77)
[2023.12.26-07.37.13:844][549]LogModuleManager: Shutting down and abandoning module Android_DXTTargetPlatform (75)
[2023.12.26-07.37.13:844][549]LogModuleManager: Shutting down and abandoning module Android_ATCTargetPlatform (73)
[2023.12.26-07.37.13:844][549]LogModuleManager: Shutting down and abandoning module Android_PVRTCTargetPlatform (71)
[2023.12.26-07.37.13:844][549]LogModuleManager: Shutting down and abandoning module AndroidTargetPlatform (69)
[2023.12.26-07.37.13:844][549]LogModuleManager: Shutting down and abandoning module AllDesktopTargetPlatform (67)
[2023.12.26-07.37.13:844][549]LogModuleManager: Shutting down and abandoning module WindowsClientTargetPlatform (65)
[2023.12.26-07.37.13:844][549]LogModuleManager: Shutting down and abandoning module WindowsServerTargetPlatform (63)
[2023.12.26-07.37.13:844][549]LogModuleManager: Shutting down and abandoning module WindowsNoEditorTargetPlatform (61)
[2023.12.26-07.37.13:844][549]LogModuleManager: Shutting down and abandoning module WindowsTargetPlatform (59)
[2023.12.26-07.37.13:844][549]LogModuleManager: Shutting down and abandoning module MacClientTargetPlatform (57)
[2023.12.26-07.37.13:844][549]LogModuleManager: Shutting down and abandoning module MacServerTargetPlatform (55)
[2023.12.26-07.37.13:844][549]LogModuleManager: Shutting down and abandoning module MacNoEditorTargetPlatform (53)
[2023.12.26-07.37.13:844][549]LogModuleManager: Shutting down and abandoning module MacTargetPlatform (51)
[2023.12.26-07.37.13:844][549]LogModuleManager: Shutting down and abandoning module InputCore (48)
[2023.12.26-07.37.13:844][549]LogModuleManager: Shutting down and abandoning module Settings (46)
[2023.12.26-07.37.13:844][549]LogModuleManager: Shutting down and abandoning module OculusRift (44)
[2023.12.26-07.37.13:844][549]LogModuleManager: Shutting down and abandoning module ExampleDeviceProfileSelector (42)
[2023.12.26-07.37.13:844][549]LogModuleManager: Shutting down and abandoning module OnlineBlueprintSupport (40)
[2023.12.26-07.37.13:844][549]LogModuleManager: Shutting down and abandoning module OnlineSubsystem (36)
[2023.12.26-07.37.13:844][549]LogOnline:Display: Unloading online subsystem: NULL
[2023.12.26-07.37.13:844][549]LogModuleManager: Shutting down and abandoning module HTTP (35)
[2023.12.26-07.37.13:844][549]LogHttp:Display: Http module shutting down, but needs to wait on 1 outstanding Http requests:
[2023.12.26-07.37.13:844][549]LogHttp:Display: 	verb=[POST] url=[https://datarouter.ol.epicgames.com/datarouter/api/v1/public/data?SessionID=%7BB3AD8E5A-4C98-863B-16FC-C7AAC022986D%7D&AppID=UEEditor.UnrealEngine.Release&AppVersion=4.15.0-0%2B%2B%2BUE4%2BRelease-4.15&UserID=aa7ec4a94460bf88f1f872b01bef9583%7C8cfcda83180144cdb9bb2bc7d773924e%7C775b68d6-d1f3-44da-96ce-dab51d83f808&AppEnvironment=datacollector-source&UploadType=eteventstream] status=Processing
[2023.12.26-07.37.13:870][549]LogModuleManager: Shutting down and abandoning module SSL (34)
[2023.12.26-07.37.13:872][549]LogModuleManager: Shutting down and abandoning module AudioEditor (30)
[2023.12.26-07.37.13:872][549]LogModuleManager: Shutting down and abandoning module TextureCompressor (28)
[2023.12.26-07.37.13:872][549]LogModuleManager: Shutting down and abandoning module ShaderCore (26)
[2023.12.26-07.37.13:872][549]LogModuleManager: Shutting down and abandoning module Landscape (24)
[2023.12.26-07.37.13:872][549]LogModuleManager: Shutting down and abandoning module SlateRHIRenderer (22)
[2023.12.26-07.37.13:874][549]LogModuleManager: Shutting down and abandoning module OpenGLDrv (20)
[2023.12.26-07.37.13:874][549]LogModuleManager: Shutting down and abandoning module D3D11RHI (18)
[2023.12.26-07.37.13:874][549]LogModuleManager: Shutting down and abandoning module AnimGraphRuntime (16)
[2023.12.26-07.37.13:874][549]LogModuleManager: Shutting down and abandoning module Renderer (14)
[2023.12.26-07.37.13:874][549]LogModuleManager: Shutting down and abandoning module Engine (12)
[2023.12.26-07.37.13:874][549]LogModuleManager: Shutting down and abandoning module CoreUObject (10)
[2023.12.26-07.37.13:874][549]LogModuleManager: Shutting down and abandoning module NetworkFile (8)
[2023.12.26-07.37.13:874][549]LogModuleManager: Shutting down and abandoning module StreamingFile (6)
[2023.12.26-07.37.13:874][549]LogModuleManager: Shutting down and abandoning module SandboxFile (4)
[2023.12.26-07.37.13:874][549]LogModuleManager: Shutting down and abandoning module PakFile (2)
[2023.12.26-07.37.13:877][549]LogExit: Exiting.
[2023.12.26-07.37.13:878][549]Log file closed, 12/26/23 04:37:13
