Log file open, 01/03/24 05:20:17
LogInit:Display: Running engine for game: MotorUnreal4B
LogPlatformFile: Not using cached read wrapper
LogInit:Display: RandInit(-953668034) SRandInit(-953668034).
LogInit: Using version manifest at CL 0 with build ID '5af06b4c-3232-42c8-80e0-46572b4b0bc8'
LogTaskGraph: Started task graph with 5 named threads and 10 total threads with 1 sets of task threads.
LogStats: Stats thread started at 0.136192
LogInit: Using libcurl 7.47.1
LogInit:  - built for x86_64-pc-win32
LogInit:  - supports SSL with OpenSSL/1.0.2g
LogInit:  - supports HTTP deflate (compression) using libz 1.2.8
LogInit:  - other features:
LogInit:      CURL_VERSION_SSL
LogInit:      CURL_VERSION_LIBZ
LogInit:      CURL_VERSION_IPV6
LogInit:      CURL_VERSION_ASYNCHDNS
LogInit:      CURL_VERSION_LARGEFILE
LogInit:      CURL_VERSION_IDN
LogInit:  CurlRequestOptions (configurable via config and command line):
LogInit:  - bVerifyPeer = false  - Libcurl will NOT verify peer certificate
LogInit:  - bUseHttpProxy = false  - Libcurl will NOT use HTTP proxy
LogInit:  - bDontReuseConnections = false  - Libcurl will reuse connections
LogInit:  - CertBundlePath = nullptr  - Libcurl will use whatever was configured at build time.
LogInit: Build: ++UE4+Release-4.15-CL-0
LogInit: Engine Version: 4.15.0-0+++UE4+Release-4.15
LogInit: Compatible Engine Version: 4.15.0-0+++UE4+Release-4.15
LogInit: Net CL: 0
LogDevObjectVersion: Number of dev versions registered: 14
LogDevObjectVersion:   Dev-Blueprints (B0D832E4-1F89-4F0D-ACCF-7EB736FD4AA2): 8
LogDevObjectVersion:   Dev-Build (E1C64328-A22C-4D53-A36C-8E866417BD8C): 0
LogDevObjectVersion:   Dev-Core (375EC13C-06E4-48FB-B500-84F0262A717E): 2
LogDevObjectVersion:   Dev-Editor (E4B068ED-F494-42E9-A231-DA0B2E46BB41): 14
LogDevObjectVersion:   Dev-Framework (CFFC743F-43B0-4480-9391-14DF171D2073): 22
LogDevObjectVersion:   Dev-Mobile (B02B49B5-BB20-44E9-A304-32B752E40360): 0
LogDevObjectVersion:   Dev-Networking (A4E4105C-59A1-49B5-A7C5-40C4547EDFEE): 0
LogDevObjectVersion:   Dev-Online (39C831C9-5AE6-47DC-9A44-9C173E1C8E7C): 0
LogDevObjectVersion:   Dev-Physics (78F01B33-EBEA-4F98-B9B4-84EACCB95AA2): 0
LogDevObjectVersion:   Dev-Platform (6631380F-2D4D-43E0-8009-CF276956A95A): 0
LogDevObjectVersion:   Dev-Rendering (12F88B9F-8875-4AFC-A67C-D90C383ABD29): 12
LogDevObjectVersion:   Dev-Sequencer (7B5AE74C-D270-4C10-A958-57980B212A5A): 3
LogDevObjectVersion:   Dev-VR (D7296918-1DD6-4BDD-9DE2-64A83CC13884): 0
LogDevObjectVersion:   Dev-LoadTimes (C2A15278-BFE7-4AFE-6C17-90FF531DF755): 1
LogInit: Compiled (64-bit): Apr  2 2023 09:25:01
LogInit: Compiled with Visual C++: 19.00.24210.00
LogInit: Build Configuration: Development
LogInit: Branch Name: ++UE4+Release-4.15
LogInit: Command line: 
LogInit: Base directory: C:/Program Files/Unreal Engine 4 (4.15.0)/Engine/Binaries/Win64/
LogInit: Installed Engine Build: 0
LogInit: Presizing for max 8388607 objects, including 0 objects not considered by GC, pre-allocating 0 bytes for permanent pool.
LogInit: Object subsystem initialized
[2024.01.03-08.20.17:913][  0]LogInit: Selected Device Profile: [Windows]
[2024.01.03-08.20.17:913][  0]LogInit: Applying CVar settings loaded from the selected device profile: [Windows]
[2024.01.03-08.20.17:918][  0]LogInit: Computer: DESKTOP-GOSDJOG
[2024.01.03-08.20.17:918][  0]LogInit: User: MelchioT
[2024.01.03-08.20.17:918][  0]LogInit: CPU Page size=65536, Cores=6
[2024.01.03-08.20.17:918][  0]LogInit: High frequency timer resolution =10.000000 MHz
[2024.01.03-08.20.17:919][  0]LogMemory: Memory total: Physical=31.2GB (32GB approx)
[2024.01.03-08.20.17:919][  0]LogMemory: Platform Memory Stats for Windows
[2024.01.03-08.20.17:919][  0]LogMemory: Process Physical Memory: 263.36 MB used, 263.36 MB peak
[2024.01.03-08.20.17:919][  0]LogMemory: Process Virtual Memory: 268.49 MB used, 268.49 MB peak
[2024.01.03-08.20.17:919][  0]LogMemory: Physical Memory: 8593.34 MB used,  23382.34 MB free, 31975.68 MB total
[2024.01.03-08.20.17:919][  0]LogMemory: Virtual Memory: 4760.25 MB used,  23382.34 MB free, 134217728.00 MB total
[2024.01.03-08.20.18:002][  0]LogInit: Overriding culture en with editor configuration.
[2024.01.03-08.20.18:585][  0]LogD3D11RHI: D3D11 adapters:
[2024.01.03-08.20.18:620][  0]LogD3D11RHI:    0. 'AMD Radeon(TM) Graphics' (Feature Level 11_0)
[2024.01.03-08.20.18:620][  0]LogD3D11RHI:       495/0/15987 MB DedicatedVideo/DedicatedSystem/SharedSystem, Outputs:1, VendorId:0x1002
[2024.01.03-08.20.18:623][  0]LogD3D11RHI:    1. 'Microsoft Basic Render Driver' (Feature Level 11_0)
[2024.01.03-08.20.18:623][  0]LogD3D11RHI:       0/0/15987 MB DedicatedVideo/DedicatedSystem/SharedSystem, Outputs:0, VendorId:0x1414
[2024.01.03-08.20.18:626][  0]LogD3D11RHI:    2. 'Microsoft Basic Render Driver' (Feature Level 11_0)
[2024.01.03-08.20.18:626][  0]LogD3D11RHI:       0/0/15987 MB DedicatedVideo/DedicatedSystem/SharedSystem, Outputs:0, VendorId:0x1414
[2024.01.03-08.20.18:626][  0]LogD3D11RHI: Chosen D3D11 Adapter: 0
[2024.01.03-08.20.18:632][  0]LogD3D11RHI: Creating new Direct3DDevice
[2024.01.03-08.20.18:632][  0]LogD3D11RHI:     GPU DeviceId: 0x1636 (for the marketing name, search the web for "GPU Device Id")
[2024.01.03-08.20.18:632][  0]LogWindows: EnumDisplayDevices:
[2024.01.03-08.20.18:632][  0]LogWindows:    0. 'Microsoft Basic Display Driver' (P:0 D:0)
[2024.01.03-08.20.18:632][  0]LogWindows:    1. 'AMD Radeon(TM) Graphics' (P:1 D:1)
[2024.01.03-08.20.18:632][  0]LogWindows:    2. 'AMD Radeon(TM) Graphics' (P:0 D:0)
[2024.01.03-08.20.18:633][  0]LogWindows:    3. 'AMD Radeon(TM) Graphics' (P:0 D:0)
[2024.01.03-08.20.18:633][  0]LogWindows:    4. 'AMD Radeon(TM) Graphics' (P:0 D:0)
[2024.01.03-08.20.18:633][  0]LogWindows:    5. 'AMD Radeon(TM) Graphics' (P:0 D:0)
[2024.01.03-08.20.18:633][  0]LogWindows: DebugString: GetVideoDriverDetailsInvalid PrimaryIsNotTheChoosenAdapter GetVideoDriverDetailsInvalid PrimaryIsNotTheChoosenAdapter GetVideoDriverDetailsInvalid PrimaryIsNotTheChoosenAdapter GetVideoDriverDetailsInvalid PrimaryIsNotTheChoosenAdapter GetVideoDriverDetailsInvalid PrimaryIsNotTheChoosenAdapter GetVideoDriverDetailsInvalid PrimaryIsNotTheChoosenAdapter FoundDriverCount:0 
[2024.01.03-08.20.18:633][  0]LogD3D11RHI:     Adapter Name: AMD Radeon(TM) Graphics
[2024.01.03-08.20.18:633][  0]LogD3D11RHI:   Driver Version: Unknown (internal:Unknown, unified:Unknown)
[2024.01.03-08.20.18:633][  0]LogD3D11RHI:      Driver Date: Unknown
[2024.01.03-08.20.18:633][  0]LogRHI: Texture pool is 347 MB (70% of 495 MB)
[2024.01.03-08.20.18:677][  0]LogD3D11RHI: Async texture creation enabled
[2024.01.03-08.20.18:692][  0]LogD3D11RHI: GPU Timing Frequency: 100.000000 (Debug: 2 1)
[2024.01.03-08.20.18:694][  0]LogShaderCompilers: Guid format shader working directory is -23 characters bigger than the processId version (../../../../../Users/MelchioT/Documents/workUnrealEngine4/MotorUnreal4B/Intermediate/Shaders/WorkingDirectory/15036/).
[2024.01.03-08.20.18:695][  0]LogShaderCompilers: Cleaned the shader compiler working directory 'C:/Users/MelchioT/AppData/Local/Temp/UnrealShaderWorkingDir/35049AFA41D117FBCB838BADCCAEF64B/'.
[2024.01.03-08.20.18:695][  0]LogShaderCompilers:Display: Using Local Shader Compiler.
[2024.01.03-08.20.19:598][  0]LogTemp:Display: Loaded TP MacTargetPlatform
[2024.01.03-08.20.19:654][  0]LogTemp:Display: Loaded TP MacNoEditorTargetPlatform
[2024.01.03-08.20.19:720][  0]LogTemp:Display: Loaded TP MacServerTargetPlatform
[2024.01.03-08.20.19:785][  0]LogTemp:Display: Loaded TP MacClientTargetPlatform
[2024.01.03-08.20.19:845][  0]LogTemp:Display: Loaded TP WindowsTargetPlatform
[2024.01.03-08.20.19:914][  0]LogTemp:Display: Loaded TP WindowsNoEditorTargetPlatform
[2024.01.03-08.20.19:985][  0]LogTemp:Display: Loaded TP WindowsServerTargetPlatform
[2024.01.03-08.20.20:044][  0]LogTemp:Display: Loaded TP WindowsClientTargetPlatform
[2024.01.03-08.20.20:097][  0]LogTemp:Display: Loaded TP AllDesktopTargetPlatform
[2024.01.03-08.20.20:168][  0]LogTemp:Display: Loaded TP AndroidTargetPlatform
[2024.01.03-08.20.20:230][  0]LogTemp:Display: Loaded TP Android_PVRTCTargetPlatform
[2024.01.03-08.20.20:282][  0]LogTemp:Display: Loaded TP Android_ATCTargetPlatform
[2024.01.03-08.20.20:336][  0]LogTemp:Display: Loaded TP Android_DXTTargetPlatform
[2024.01.03-08.20.20:392][  0]LogTemp:Display: Loaded TP Android_ETC1TargetPlatform
[2024.01.03-08.20.20:456][  0]LogTemp:Display: Loaded TP Android_ETC2TargetPlatform
[2024.01.03-08.20.20:517][  0]LogTemp:Display: Loaded TP Android_ASTCTargetPlatform
[2024.01.03-08.20.20:579][  0]LogTemp:Display: Loaded TP Android_MultiTargetPlatform
[2024.01.03-08.20.20:621][  0]LogTemp:Display: Loaded TP HTML5TargetPlatform
[2024.01.03-08.20.20:731][  0]LogTemp:Display: Loaded TP IOSTargetPlatform
[2024.01.03-08.20.20:766][  0]LogTemp:Display: Loaded TP TVOSTargetPlatform
[2024.01.03-08.20.20:766][  0]LogTargetPlatformManager:Display: Building Assets For Windows
[2024.01.03-08.20.21:232][  0]LogDerivedDataCache:Display: Max Cache Size: 512 MB
[2024.01.03-08.20.21:272][  0]LogDerivedDataCache: Loaded boot cache 0.04s 50MB ../../../../../Users/MelchioT/Documents/workUnrealEngine4/MotorUnreal4B/DerivedDataCache/Boot.ddc.
[2024.01.03-08.20.21:273][  0]LogDerivedDataCache:Display: Loaded Boot cache: ../../../../../Users/MelchioT/Documents/workUnrealEngine4/MotorUnreal4B/DerivedDataCache/Boot.ddc
[2024.01.03-08.20.21:273][  0]LogDerivedDataCache: FDerivedDataBackendGraph:  Pak pak cache file ../../../../../Users/MelchioT/Documents/workUnrealEngine4/MotorUnreal4B/DerivedDataCache/DDC.ddp not found, will not use a pak cache.
[2024.01.03-08.20.21:273][  0]LogDerivedDataCache: Unable to find inner node Pak for hierarchical cache Hierarchy.
[2024.01.03-08.20.21:273][  0]LogDerivedDataCache: FDerivedDataBackendGraph:  EnginePak pak cache file ../../../Engine/DerivedDataCache/DDC.ddp not found, will not use a pak cache.
[2024.01.03-08.20.21:273][  0]LogDerivedDataCache: Unable to find inner node EnginePak for hierarchical cache Hierarchy.
[2024.01.03-08.20.21:284][  0]LogDerivedDataCache: Using Local data cache path ../../../Engine/DerivedDataCache: Writable
[2024.01.03-08.20.21:284][  0]LogDerivedDataCache: Shared data cache path not found in *engine.ini, will not use an Shared cache.
[2024.01.03-08.20.21:284][  0]LogDerivedDataCache: Unable to find inner node Shared for hierarchical cache Hierarchy.
[2024.01.03-08.20.21:292][  0]LogSlate: Using Freetype 2.6.0
[2024.01.03-08.20.21:293][  0]LogSlate: SlateFontCache - WITH_FREETYPE: 1, WITH_HARFBUZZ: 1
[2024.01.03-08.20.21:293][  0]LogSlate: SlateFontCache - WITH_FREETYPE: 1, WITH_HARFBUZZ: 1
[2024.01.03-08.20.21:504][  0]LogInit: Selected Device Profile: [Windows]
[2024.01.03-08.20.21:506][  0]LogContentStreaming: Texture pool size is 0.00 MB
[2024.01.03-08.20.21:697][  0]LogMeshUtilities: Using QuadricMeshReduction for automatic static mesh reduction
[2024.01.03-08.20.21:707][  0]LogMeshUtilities: No automatic skeletal mesh reduction module available
[2024.01.03-08.20.21:707][  0]LogMeshUtilities: No automatic mesh merging module available
[2024.01.03-08.20.21:707][  0]LogMeshUtilities: No distributed automatic mesh merging module available
[2024.01.03-08.20.22:294][  0]LogNetVersion: GetLocalNetworkVersion: CL: 0, ProjectName: motorunreal4b, ProjectVersion: , EngineNetworkVersion: 2, GameNetworkVersion: 0, NetworkChecksum: 3893362438
[2024.01.03-08.20.22:342][  0]LogAssetRegistry: FAssetRegistry took 0.0221 seconds to start up
[2024.01.03-08.20.22:380][  0]LogPackageLocalizationCache: Processed 3 localized package path(s) for 1 prioritized culture(s) in 0.011461 seconds
[2024.01.03-08.20.22:386][  0]LogUObjectArray: 32434 objects as part of root set at end of initial load.
[2024.01.03-08.20.22:386][  0]LogUObjectAllocator: 7066632 out of 0 bytes used by permanent object pool.
[2024.01.03-08.20.22:386][  0]LogUObjectArray: CloseDisregardForGC: 0/0 objects in disregard for GC pool
[2024.01.03-08.20.22:454][  0]LogInit: WinSock: version 1.1 (2.2), MaxSocks=32767, MaxUdp=65467
[2024.01.03-08.20.24:029][  0]LogTcpMessaging: Initializing TcpMessaging bridge
[2024.01.03-08.20.24:074][  0]LogUdpMessaging: Initializing bridge on interface 0.0.0.0:0 to multicast group 230.0.0.1:6666.
[2024.01.03-08.20.24:532][  0]LogMaterial: Uniform references updated for custom material expression Custom.
[2024.01.03-08.20.24:906][  0]SourceControl: Info Source control is disabled
[2024.01.03-08.20.24:952][  0]SourceControl: Info Source control is disabled
[2024.01.03-08.20.25:001][  0]SourceControl: Info Source control is disabled
[2024.01.03-08.20.25:052][  0]SourceControl: Info Source control is disabled
[2024.01.03-08.20.26:412][  0]LogEngine: Initializing Engine...
[2024.01.03-08.20.26:413][  0]LogHMD: Failed to initialize OpenVR with code 110
[2024.01.03-08.20.26:628][  0]LogAIModule: Creating AISystem for world Untitled
[2024.01.03-08.20.26:642][  0]LogInit: XAudio2 using 'Altavoces (Realtek(R) Audio)' : 2 channels at 48 kHz using 16 bits per sample (channel mask 0x3)
[2024.01.03-08.20.26:664][  0]LogInit: FAudioDevice initialized.
[2024.01.03-08.20.26:691][  0]LogDerivedDataCache: Saved boot cache 0.03s 50MB ../../../../../Users/MelchioT/Documents/workUnrealEngine4/MotorUnreal4B/DerivedDataCache/Boot.ddc.
[2024.01.03-08.20.26:697][  0]LogInit: Texture streaming: Enabled
[2024.01.03-08.20.26:802][  0]LogEngineSessionManager: EngineSessionManager initialized
[2024.01.03-08.20.26:894][  0]LogInit: Transaction tracking system initialized
[2024.01.03-08.20.27:250][  0]BlueprintLog: New page: Editor Load
[2024.01.03-08.20.28:165][  0]LocalizationService: Info Localization service is disabled
[2024.01.03-08.20.28:846][  0]LogConsoleResponse:Display: 
[2024.01.03-08.20.28:973][  0]LogCook:Display: Max memory allowance for cook 16384mb min free memory 0mb
[2024.01.03-08.20.28:973][  0]LogCook:Display: Mobile HDR setting 1
[2024.01.03-08.20.29:204][  0]LogFileCache: Scanning file cache for directory 'C:/Users/MelchioT/Documents/workUnrealEngine4/MotorUnreal4B/Content/' took 0.01s
[2024.01.03-08.20.30:046][  0]SourceControl: Info Source control is disabled
[2024.01.03-08.20.30:046][  0]Cmd: MAP LOAD FILE="../../../Engine/Content/Maps/Templates/Template_Default.umap" TEMPLATE=1 SHOWPROGRESS=1 FEATURELEVEL=3
[2024.01.03-08.20.30:047][  0]LightingResults: New page: Lighting Build
[2024.01.03-08.20.30:090][  0]MapCheck: New page: Map Check
[2024.01.03-08.20.30:090][  0]LightingResults: New page: Lighting Build
[2024.01.03-08.20.30:265][  0]LogAIModule: Creating AISystem for world Untitled_1
[2024.01.03-08.20.30:265][  0]LogActorComponent: RegisterComponentWithWorld: (/Temp/Untitled_1.Untitled_1:PersistentLevel.WorldSettings_1.StaticMeshComponent0) Trying to register component with IsPendingKill() == true. Aborting.
[2024.01.03-08.20.30:269][  0]LogEditorServer: Finished looking for orphan Actors (0.000 secs)
[2024.01.03-08.20.30:275][  0]Cmd: MAP CHECKDEP NOCLEARLOG
[2024.01.03-08.20.30:306][  0]MapCheck: Info Map check complete: 0 Error(s), 0 Warning(s), took 30.488ms to complete.
[2024.01.03-08.20.30:306][  0]LogFileHelpers: Loading map 'Template_Default' took 0.260
[2024.01.03-08.20.30:489][  0]LogCollectionManager: Loaded 0 collections in 0.001356 seconds
[2024.01.03-08.20.30:568][  0]LogFileCache: Scanning file cache for directory 'C:/Users/MelchioT/Documents/workUnrealEngine4/MotorUnreal4B/Saved/Collections/' took 0.01s
[2024.01.03-08.20.30:568][  0]LogFileCache: Scanning file cache for directory 'C:/Users/MelchioT/Documents/workUnrealEngine4/MotorUnreal4B/Content/Developers/MelchioT/Collections/' took 0.01s
[2024.01.03-08.20.30:568][  0]LogFileCache: Scanning file cache for directory 'C:/Users/MelchioT/Documents/workUnrealEngine4/MotorUnreal4B/Content/Collections/' took 0.01s
[2024.01.03-08.20.30:568][  0]LogCollectionManager: Rebuilt the GUID cache for 0 collections in 0.000002 seconds
[2024.01.03-08.20.30:577][  0]LogContentBrowser: Native class hierarchy populated in 0.0088 seconds. Added 2243 classes and 448 folders.
[2024.01.03-08.20.30:581][  0]LogStats: UGameplayTagsManager::ConstructGameplayTagTree: Construct from data asset -  0.000 s
[2024.01.03-08.20.30:581][  0]LogStats: UGameplayTagsManager::ConstructGameplayTagTree: GameplayTagTreeChangedEvent.Broadcast -  0.000 s
[2024.01.03-08.20.30:645][  0]LogContentBrowser: Native class hierarchy updated for 'WidgetCarousel' in 0.0005 seconds. Added 0 classes and 0 folders.
[2024.01.03-08.20.30:672][  0]LogContentBrowser: Native class hierarchy updated for 'AddContentDialog' in 0.0005 seconds. Added 0 classes and 0 folders.
[2024.01.03-08.20.30:715][  0]LogContentBrowser: Native class hierarchy updated for 'SceneOutliner' in 0.0005 seconds. Added 1 classes and 2 folders.
[2024.01.03-08.20.30:762][  0]LogCrashTracker: Crashtracker disabled due to settings.
[2024.01.03-08.20.30:772][  0]LogUObjectGlobals:Warning: Failed to find object 'Class None.'
[2024.01.03-08.20.30:856][  0]LogContentBrowser: Native class hierarchy updated for 'HierarchicalLODOutliner' in 0.0010 seconds. Added 1 classes and 2 folders.
[2024.01.03-08.20.30:856][  0]LogLoad: (Engine Initialization) Total time: 14.50 seconds
[2024.01.03-08.20.30:856][  0]LogLoad: (Engine Initialization) Total Blueprint compile time: 0.08 seconds
[2024.01.03-08.20.30:856][  0]LogExternalProfiler: No external profilers were discovered.  External profiling features will not be available.
[2024.01.03-08.20.30:875][  0]LogOcInput: OculusInput pre-init called
[2024.01.03-08.20.30:893][  0]LogContentStreaming: Texture pool size now 1000 MB
[2024.01.03-08.20.30:895][  0]LogSlate: Took 0.000311 seconds to synchronously load lazily loaded font '../../../Engine/Content/Slate/Fonts/Roboto-Regular.ttf' (155K)
[2024.01.03-08.20.30:899][  0]LogSlate: Took 0.000604 seconds to synchronously load lazily loaded font '../../../Engine/Content/Slate/Fonts/Roboto-Bold.ttf' (160K)
[2024.01.03-08.20.30:904][  0]LogSlate: Took 0.000528 seconds to synchronously load lazily loaded font '../../../Engine/Content/Editor/Slate/Fonts/FontAwesome.ttf' (139K)
[2024.01.03-08.20.31:029][  0]LogRenderer: Reallocating scene render targets to support 1128x576 NumSamples 1 (Frame:2).
[2024.01.03-08.20.31:102][  0]LogSlate: Took 0.000197 seconds to synchronously load lazily loaded font '../../../Engine/Content/Slate/Fonts/Roboto-Light.ttf' (159K)
[2024.01.03-08.20.31:209][  1]LogAssetRegistry: Asset discovery search completed in 8.8893 seconds
[2024.01.03-08.20.31:209][  1]LogCollectionManager: Rebuilt the object cache for 0 collections in 0.000001 seconds (found 0 objects)
[2024.01.03-08.20.31:209][  1]LogCollectionManager: Fixed up redirectors for 0 collections in 0.000016 seconds (updated 0 objects)
[2024.01.03-08.20.31:906][ 38]LogSlate: Took 0.000202 seconds to synchronously load lazily loaded font '../../../Engine/Content/Slate/Fonts/Roboto-Light.ttf' (159K)
[2024.01.03-08.22.16:357][588]LogTemp:Display: Executing iPhonePackager certificates Engine -bundlename com.YourCompany.MotorUnreal4B

[2024.01.03-08.22.16:357][588]LogTemp:Display: CWD: C:\Program Files\Unreal Engine 4 (4.15.0)\Engine\Binaries\DotNET\IOS

[2024.01.03-08.22.16:357][588]LogTemp:Display: Initial Dir: C:\Program Files\Unreal Engine 4 (4.15.0)

[2024.01.03-08.22.16:357][588]LogTemp:Display: Env CWD: C:\Program Files\Unreal Engine 4 (4.15.0)\Engine\Binaries\DotNET\IOS

[2024.01.03-08.22.16:357][588]LogTemp:Display: BranchPath = DESKTOP-GOSDJOG/C/Program Files/Unreal Engine 4 (4.15.0)/Engine/Binaries --- GameBranchPath = DESKTOP-GOSDJOG/C/Program Files/Unreal Engine 4 (4.15.0)/Engine/Binaries

[2024.01.03-08.22.16:357][588]LogTemp:Display: IPP ERROR: Application exception: System.IO.DirectoryNotFoundException: No se puede encontrar una parte de la ruta de acceso 'C:\Users\MelchioT\AppData\Local\Apple Computer\MobileDevice\Provisioning Profiles'.

[2024.01.03-08.22.16:357][588]LogTemp:Display:    en System.IO.__Error.WinIOError(Int32 errorCode, String maybeFullPath)

[2024.01.03-08.22.16:357][588]LogTemp:Display:    en System.IO.FileSystemEnumerableIterator`1.CommonInit()

[2024.01.03-08.22.16:357][588]LogTemp:Display:    en System.IO.FileSystemEnumerableIterator`1..ctor(String path, String originalUserPath, String searchPattern, SearchOption searchOption, SearchResultHandler`1 resultHandler, Boolean checkHost)

[2024.01.03-08.22.16:357][588]LogTemp:Display:    en System.IO.Directory.EnumerateFiles(String path, String searchPattern)

[2024.01.03-08.22.16:357][588]LogTemp:Display:    en iPhonePackager.CodeSignatureBuilder.FindProvisions(String CFBundleIdentifier)

[2024.01.03-08.22.16:357][588]LogTemp:Display:    en iPhonePackager.Program.Main(String[] args)

[2024.01.03-08.30.47:823][947]LogSlate: Took 0.000148 seconds to synchronously load lazily loaded font '../../../Engine/Content/Slate/Fonts/Roboto-Light.ttf' (159K)
[2024.01.03-08.30.59:517][557]LogContentBrowser: Native class hierarchy updated for 'BlueprintGraph' in 0.0008 seconds. Added 112 classes and 0 folders.
[2024.01.03-08.30.59:987][557]LogSlate: Took 0.000197 seconds to synchronously load lazily loaded font '../../../Engine/Content/Slate/Fonts/Roboto-Regular.ttf' (155K)
[2024.01.03-08.31.01:394][623]LogRenderer: Reallocating scene render targets to support 1144x712 NumSamples 1 (Frame:82).
[2024.01.03-08.31.11:739][854]LogSlate: Took 0.000362 seconds to synchronously load lazily loaded font '../../../Engine/Content/Editor/Slate/Fonts/Roboto-Italic.ttf' (157K)
[2024.01.03-08.31.43:180][158]LogTemp: Repeting last play command: Selected Viewport
[2024.01.03-08.31.43:193][158]BlueprintLog: New page: Pre-Play auto-recompile
[2024.01.03-08.31.43:193][158]LogPlayLevel: [PlayLevel] Compiling Jugador before play...
[2024.01.03-08.31.43:427][158]LogPlayLevel: PlayLevel: Blueprint regeneration took 234 ms (1 blueprints)
[2024.01.03-08.31.43:428][158]PIE: New page: PIE session: Untitled_1 (Jan 3, 2024, 2:31:43 AM)
[2024.01.03-08.31.43:428][158]LogPlayLevel: Creating play world package: /Temp/UEDPIE_0_Untitled_1
[2024.01.03-08.31.43:429][158]LogPlayLevel: PIE: StaticDuplicateObject took: (0.001574s)
[2024.01.03-08.31.43:431][158]LogAIModule: Creating AISystem for world Untitled_1
[2024.01.03-08.31.43:431][158]LogPlayLevel: PIE: World Init took: (0.000771s)
[2024.01.03-08.31.43:431][158]LogPlayLevel: PIE: Created PIE world by copying editor world from /Temp/Untitled_1.Untitled_1 to /Temp/UEDPIE_0_Untitled_1.Untitled_1 (0.002536s)
[2024.01.03-08.31.43:452][158]LogInit: XAudio2 using 'Altavoces (Realtek(R) Audio)' : 2 channels at 48 kHz using 16 bits per sample (channel mask 0x3)
[2024.01.03-08.31.43:468][158]LogInit: FAudioDevice initialized.
[2024.01.03-08.31.43:530][158]LogLoad: Game class is 'GameModeBase'
[2024.01.03-08.31.43:533][158]LogWorld: Bringing World /Temp/UEDPIE_0_Untitled_1.Untitled_1 up for play (max tick rate 60) at 2024.01.03-05.31.43
[2024.01.03-08.31.43:533][158]LogWorld: Bringing up level for play took: 0.001039
[2024.01.03-08.31.43:578][158]LogContentBrowser: Native class hierarchy updated for 'MovieSceneCapture' in 0.0006 seconds. Added 11 classes and 0 folders.
[2024.01.03-08.31.43:582][158]PIE: Info Play in editor start time for /Temp/UEDPIE_0_Untitled_1 0.08
[2024.01.03-08.31.43:704][158]LogRenderer: Reallocating scene render targets to support 1292x756 NumSamples 1 (Frame:1341).
[2024.01.03-08.32.12:189][206]LogSlate: Took 0.000280 seconds to synchronously load lazily loaded font '../../../Engine/Content/Editor/Slate/Fonts/Roboto-BoldCondensed.ttf' (158K)
[2024.01.03-08.32.53:071][819]LogSavePackage: Save=28.90ms
[2024.01.03-08.32.53:071][819]LogSavePackage: Moving '../../../../../Users/MelchioT/Documents/workUnrealEngine4/MotorUnreal4B/Saved/Untitled_1_Auto147D9D1B546B7FFD871472EB49AC25685.tmp' to '../../../../../Users/MelchioT/Documents/workUnrealEngine4/MotorUnreal4B/Saved/Autosaves/Temp/Untitled_1_Auto1.umap'
[2024.01.03-08.32.53:073][819]LogSavePackage:Display: Finished SavePackage ../../../../../Users/MelchioT/Documents/workUnrealEngine4/MotorUnreal4B/Saved/Autosaves/Temp/Untitled_1_Auto1.umap
[2024.01.03-08.32.53:074][819]LogFileHelpers: Editor autosave (incl. sublevels) for '/Temp/Untitled_1' took 0.054
[2024.01.03-08.32.53:074][819]LogFileHelpers: Editor autosave (incl. sublevels) for all levels took 0.054
[2024.01.03-08.32.53:078][819]OBJ SavePackage: Generating thumbnails for [1] asset(s) in package [/Game/Contenido/Blueprints/Jugador] ([1] browsable assets)...
[2024.01.03-08.32.53:100][819]OBJ SavePackage:     Rendered thumbnail for [Blueprint /Game/Contenido/Blueprints/Jugador.Jugador]
[2024.01.03-08.32.53:100][819]OBJ SavePackage: Finished generating thumbnails for package [/Game/Contenido/Blueprints/Jugador]
[2024.01.03-08.32.53:120][819]LogSavePackage: Save=17.67ms
[2024.01.03-08.32.53:120][819]LogSavePackage: Moving '../../../../../Users/MelchioT/Documents/workUnrealEngine4/MotorUnreal4B/Saved/Jugador_Auto1DD6DE8904CA56D2C63D0D799B7131667.tmp' to '../../../../../Users/MelchioT/Documents/workUnrealEngine4/MotorUnreal4B/Saved/Autosaves/Game/Contenido/Blueprints/Jugador_Auto1.uasset'
[2024.01.03-08.32.53:122][819]LogSavePackage:Display: Finished SavePackage ../../../../../Users/MelchioT/Documents/workUnrealEngine4/MotorUnreal4B/Saved/Autosaves/Game/Contenido/Blueprints/Jugador_Auto1.uasset
[2024.01.03-08.32.53:122][819]LogFileHelpers: Auto-saving content packages took 0.044
[2024.01.03-08.34.11:677][951]BlueprintLog: New page: Compile Jugador
[2024.01.03-08.34.23:908][ 70]LogTemp: Repeting last play command: Selected Viewport
[2024.01.03-08.34.23:921][ 70]LogPlayLevel: PlayLevel: No blueprints needed recompiling
[2024.01.03-08.34.23:921][ 70]PIE: New page: PIE session: Untitled_1 (Jan 3, 2024, 2:34:23 AM)
[2024.01.03-08.34.23:921][ 70]LogPlayLevel: Creating play world package: /Temp/UEDPIE_0_Untitled_1
[2024.01.03-08.34.23:923][ 70]LogPlayLevel: PIE: StaticDuplicateObject took: (0.001594s)
[2024.01.03-08.34.23:924][ 70]LogAIModule: Creating AISystem for world Untitled_1
[2024.01.03-08.34.23:924][ 70]LogPlayLevel: PIE: World Init took: (0.001187s)
[2024.01.03-08.34.23:924][ 70]LogPlayLevel: PIE: Created PIE world by copying editor world from /Temp/Untitled_1.Untitled_1 to /Temp/UEDPIE_0_Untitled_1.Untitled_1 (0.003015s)
[2024.01.03-08.34.23:975][ 70]LogInit: XAudio2 using 'Altavoces (Realtek(R) Audio)' : 2 channels at 48 kHz using 16 bits per sample (channel mask 0x3)
[2024.01.03-08.34.23:993][ 70]LogInit: FAudioDevice initialized.
[2024.01.03-08.34.24:039][ 70]LogLoad: Game class is 'GameModeBase'
[2024.01.03-08.34.24:042][ 70]LogWorld: Bringing World /Temp/UEDPIE_0_Untitled_1.Untitled_1 up for play (max tick rate 60) at 2024.01.03-05.34.24
[2024.01.03-08.34.24:042][ 70]LogWorld: Bringing up level for play took: 0.001179
[2024.01.03-08.34.24:044][ 70]PIE: Info Play in editor start time for /Temp/UEDPIE_0_Untitled_1 0.543
[2024.01.03-08.34.31:502][493]LogTemp: Repeting last play command: Selected Viewport
[2024.01.03-08.34.31:511][493]LogPlayLevel: PlayLevel: No blueprints needed recompiling
[2024.01.03-08.34.31:511][493]PIE: New page: PIE session: Untitled_1 (Jan 3, 2024, 2:34:31 AM)
[2024.01.03-08.34.31:512][493]LogPlayLevel: Creating play world package: /Temp/UEDPIE_0_Untitled_1
[2024.01.03-08.34.31:514][493]LogPlayLevel: PIE: StaticDuplicateObject took: (0.002588s)
[2024.01.03-08.34.31:515][493]LogAIModule: Creating AISystem for world Untitled_1
[2024.01.03-08.34.31:515][493]LogPlayLevel: PIE: World Init took: (0.000803s)
[2024.01.03-08.34.31:515][493]LogPlayLevel: PIE: Created PIE world by copying editor world from /Temp/Untitled_1.Untitled_1 to /Temp/UEDPIE_0_Untitled_1.Untitled_1 (0.003617s)
[2024.01.03-08.34.31:567][493]LogInit: XAudio2 using 'Altavoces (Realtek(R) Audio)' : 2 channels at 48 kHz using 16 bits per sample (channel mask 0x3)
[2024.01.03-08.34.31:584][493]LogInit: FAudioDevice initialized.
[2024.01.03-08.34.31:620][493]LogLoad: Game class is 'GameModeBase'
[2024.01.03-08.34.31:623][493]LogWorld: Bringing World /Temp/UEDPIE_0_Untitled_1.Untitled_1 up for play (max tick rate 60) at 2024.01.03-05.34.31
[2024.01.03-08.34.31:623][493]LogWorld: Bringing up level for play took: 0.000882
[2024.01.03-08.34.31:624][493]PIE: Info Play in editor start time for /Temp/UEDPIE_0_Untitled_1 0.122
[2024.01.03-08.34.32:602][551]LogBlueprintUserMessages: [Jugador_824] Disparar Seleccionado
[2024.01.03-08.34.32:683][556]LogBlueprintUserMessages: [Jugador_824] Dsiparar Deseleccionado
[2024.01.03-08.34.33:969][633]LogBlueprintUserMessages: [Jugador_824] Disparar Seleccionado
[2024.01.03-08.34.35:669][735]LogBlueprintUserMessages: [Jugador_824] Dsiparar Deseleccionado
[2024.01.03-08.36.35:795][290]LogTemp: Repeting last play command: Selected Viewport
[2024.01.03-08.36.35:805][290]BlueprintLog: New page: Pre-Play auto-recompile
[2024.01.03-08.36.35:805][290]LogPlayLevel: [PlayLevel] Compiling Jugador before play...
[2024.01.03-08.36.35:911][290]LogPlayLevel: PlayLevel: Blueprint regeneration took 106 ms (1 blueprints)
[2024.01.03-08.36.35:912][290]PIE: New page: PIE session: Untitled_1 (Jan 3, 2024, 2:36:35 AM)
[2024.01.03-08.36.35:912][290]LogPlayLevel: Creating play world package: /Temp/UEDPIE_0_Untitled_1
[2024.01.03-08.36.35:913][290]LogPlayLevel: PIE: StaticDuplicateObject took: (0.001568s)
[2024.01.03-08.36.35:914][290]LogAIModule: Creating AISystem for world Untitled_1
[2024.01.03-08.36.35:914][290]LogPlayLevel: PIE: World Init took: (0.000713s)
[2024.01.03-08.36.35:914][290]LogPlayLevel: PIE: Created PIE world by copying editor world from /Temp/Untitled_1.Untitled_1 to /Temp/UEDPIE_0_Untitled_1.Untitled_1 (0.002457s)
[2024.01.03-08.36.35:966][290]LogInit: XAudio2 using 'Altavoces (Realtek(R) Audio)' : 2 channels at 48 kHz using 16 bits per sample (channel mask 0x3)
[2024.01.03-08.36.35:984][290]LogInit: FAudioDevice initialized.
[2024.01.03-08.36.36:032][290]LogLoad: Game class is 'GameModeBase'
[2024.01.03-08.36.36:034][290]LogWorld: Bringing World /Temp/UEDPIE_0_Untitled_1.Untitled_1 up for play (max tick rate 60) at 2024.01.03-05.36.36
[2024.01.03-08.36.36:035][290]LogWorld: Bringing up level for play took: 0.001041
[2024.01.03-08.36.36:038][290]PIE: Info Play in editor start time for /Temp/UEDPIE_0_Untitled_1 0.536
[2024.01.03-08.36.41:234][557]Cmd: OBJ SAVEPACKAGE PACKAGE="/Game/Contenido/Blueprints/Jugador" FILE="../../../../../Users/MelchioT/Documents/workUnrealEngine4/MotorUnreal4B/Content/Contenido/Blueprints/Jugador.uasset" SILENT=true
[2024.01.03-08.36.41:253][557]LogSavePackage: Save=17.07ms
[2024.01.03-08.36.41:253][557]LogSavePackage: Moving '../../../../../Users/MelchioT/Documents/workUnrealEngine4/MotorUnreal4B/Saved/Jugador2D00F1C94877CC01F76A2698A39356F4.tmp' to '../../../../../Users/MelchioT/Documents/workUnrealEngine4/MotorUnreal4B/Content/Contenido/Blueprints/Jugador.uasset'
[2024.01.03-08.36.41:255][557]LogSavePackage:Display: Finished SavePackage ../../../../../Users/MelchioT/Documents/workUnrealEngine4/MotorUnreal4B/Content/Contenido/Blueprints/Jugador.uasset
[2024.01.03-08.37.08:561][139]Cmd: OBJ SAVEPACKAGE PACKAGE="/Game/Contenido/Blueprints/27-Pawn" FILE="../../../../../Users/MelchioT/Documents/workUnrealEngine4/MotorUnreal4B/Content/Contenido/Blueprints/27-Pawn.uasset" SILENT=true
[2024.01.03-08.37.08:588][139]LogSavePackage: Save=14.83ms
[2024.01.03-08.37.08:588][139]LogSavePackage: Moving '../../../../../Users/MelchioT/Documents/workUnrealEngine4/MotorUnreal4B/Saved/27-PawnB282A9EC434D110C592E0889D927EE1B.tmp' to '../../../../../Users/MelchioT/Documents/workUnrealEngine4/MotorUnreal4B/Content/Contenido/Blueprints/27-Pawn.uasset'
[2024.01.03-08.37.08:590][139]LogSavePackage:Display: Finished SavePackage ../../../../../Users/MelchioT/Documents/workUnrealEngine4/MotorUnreal4B/Content/Contenido/Blueprints/27-Pawn.uasset
[2024.01.03-08.37.09:103][170]BlueprintLog: New page: Compile 27-Pawn
[2024.01.03-08.37.10:479][239]Cmd: OBJ SAVEPACKAGE PACKAGE="/Game/Contenido/Blueprints/27-Pawn" FILE="../../../../../Users/MelchioT/Documents/workUnrealEngine4/MotorUnreal4B/Content/Contenido/Blueprints/27-Pawn.uasset" SILENT=true
[2024.01.03-08.37.10:505][239]LogSavePackage: Save=14.30ms
[2024.01.03-08.37.10:505][239]LogSavePackage: Moving '../../../../../Users/MelchioT/Documents/workUnrealEngine4/MotorUnreal4B/Saved/27-Pawn5679A02C46872D4D42B1BE8951B7917F.tmp' to '../../../../../Users/MelchioT/Documents/workUnrealEngine4/MotorUnreal4B/Content/Contenido/Blueprints/27-Pawn.uasset'
[2024.01.03-08.37.10:506][239]LogSavePackage:Display: Finished SavePackage ../../../../../Users/MelchioT/Documents/workUnrealEngine4/MotorUnreal4B/Content/Contenido/Blueprints/27-Pawn.uasset
[2024.01.03-08.37.13:473][413]LogActorComponent: UnregisterComponent: (/Engine/Transient.EditorFloorComp) Not registered. Aborting.
[2024.01.03-08.37.15:685][542]LogTemp: Repeting last play command: Selected Viewport
[2024.01.03-08.37.15:695][542]LogPlayLevel: PlayLevel: No blueprints needed recompiling
[2024.01.03-08.37.15:695][542]PIE: New page: PIE session: Untitled_1 (Jan 3, 2024, 2:37:15 AM)
[2024.01.03-08.37.15:695][542]LogPlayLevel: Creating play world package: /Temp/UEDPIE_0_Untitled_1
[2024.01.03-08.37.15:696][542]LogPlayLevel: PIE: StaticDuplicateObject took: (0.001564s)
[2024.01.03-08.37.15:697][542]LogAIModule: Creating AISystem for world Untitled_1
[2024.01.03-08.37.15:697][542]LogPlayLevel: PIE: World Init took: (0.000819s)
[2024.01.03-08.37.15:697][542]LogPlayLevel: PIE: Created PIE world by copying editor world from /Temp/Untitled_1.Untitled_1 to /Temp/UEDPIE_0_Untitled_1.Untitled_1 (0.002572s)
[2024.01.03-08.37.15:747][542]LogInit: XAudio2 using 'Altavoces (Realtek(R) Audio)' : 2 channels at 48 kHz using 16 bits per sample (channel mask 0x3)
[2024.01.03-08.37.15:763][542]LogInit: FAudioDevice initialized.
[2024.01.03-08.37.15:799][542]LogLoad: Game class is 'GameModeBase'
[2024.01.03-08.37.15:801][542]LogWorld: Bringing World /Temp/UEDPIE_0_Untitled_1.Untitled_1 up for play (max tick rate 60) at 2024.01.03-05.37.15
[2024.01.03-08.37.15:802][542]LogWorld: Bringing up level for play took: 0.000962
[2024.01.03-08.37.15:802][542]PIE: Info Play in editor start time for /Temp/UEDPIE_0_Untitled_1 0.301
[2024.01.03-08.37.48:500][490]LogSavePackage: Save=27.09ms
[2024.01.03-08.37.48:500][490]LogSavePackage: Moving '../../../../../Users/MelchioT/Documents/workUnrealEngine4/MotorUnreal4B/Saved/20-Blueprint28FA9C493140B17536825264B2C546ABDA.tmp' to '../../../../../Users/MelchioT/Documents/workUnrealEngine4/MotorUnreal4B/Content/Contenido/Levels/20-Blueprint28.umap'
[2024.01.03-08.37.48:502][490]LogSavePackage:Display: Finished SavePackage ../../../../../Users/MelchioT/Documents/workUnrealEngine4/MotorUnreal4B/Content/Contenido/Levels/20-Blueprint28.umap
[2024.01.03-08.37.48:527][490]LogFileHelpers: Saving map '20-Blueprint28' took 0.217
[2024.01.03-08.38.21:923][441]LogMetaData: Removing '/Game/Contenido/Blueprints/28-Pawn+Input.28-Pawn+Input:UserConstructionScript.K2Node_FunctionEntry_0' ref from Metadata '/Game/Contenido/Blueprints/Jugador.PackageMetaData'
[2024.01.03-08.38.21:924][441]LogMetaData: Removing '/Game/Contenido/Blueprints/28-Pawn+Input.SKEL_28-Pawn+Input_C' ref from Metadata '/Game/Contenido/Blueprints/Jugador.PackageMetaData'
[2024.01.03-08.38.21:924][441]LogMetaData: Removing '/Game/Contenido/Blueprints/28-Pawn+Input.28-Pawn+Input_C' ref from Metadata '/Game/Contenido/Blueprints/Jugador.PackageMetaData'
[2024.01.03-08.38.21:995][441]LogSavePackage: Save=16.22ms
[2024.01.03-08.38.21:995][441]LogSavePackage: Moving '../../../../../Users/MelchioT/Documents/workUnrealEngine4/MotorUnreal4B/Saved/28-Pawn+Input0E5132B34A4970D917660A9B922D946B.tmp' to '../../../../../Users/MelchioT/Documents/workUnrealEngine4/MotorUnreal4B/Content/Contenido/Blueprints/28-Pawn+Input.uasset'
[2024.01.03-08.38.21:997][441]LogSavePackage:Display: Finished SavePackage ../../../../../Users/MelchioT/Documents/workUnrealEngine4/MotorUnreal4B/Content/Contenido/Blueprints/28-Pawn+Input.uasset
[2024.01.03-08.38.22:000][441]Cmd: OBJ SAVEPACKAGE PACKAGE="/Game/Contenido/Blueprints/Jugador" FILE="../../../../../Users/MelchioT/Documents/workUnrealEngine4/MotorUnreal4B/Content/Contenido/Blueprints/Jugador.uasset" SILENT=true
[2024.01.03-08.38.22:014][441]LogSavePackage: Save=2.02ms
[2024.01.03-08.38.22:014][441]LogSavePackage: Moving '../../../../../Users/MelchioT/Documents/workUnrealEngine4/MotorUnreal4B/Saved/JugadorED07552046C6D2250EAFAAB226B78068.tmp' to '../../../../../Users/MelchioT/Documents/workUnrealEngine4/MotorUnreal4B/Content/Contenido/Blueprints/Jugador.uasset'
[2024.01.03-08.38.22:016][441]LogSavePackage:Display: Finished SavePackage ../../../../../Users/MelchioT/Documents/workUnrealEngine4/MotorUnreal4B/Content/Contenido/Blueprints/Jugador.uasset
[2024.01.03-08.38.23:469][516]LogSavePackage: Save=9.86ms
[2024.01.03-08.38.23:469][516]LogSavePackage: Moving '../../../../../Users/MelchioT/Documents/workUnrealEngine4/MotorUnreal4B/Saved/28-Pawn+InputACBEDA1F49B06E21CED0F1B5D0045044.tmp' to '../../../../../Users/MelchioT/Documents/workUnrealEngine4/MotorUnreal4B/Content/Contenido/Blueprints/28-Pawn+Input.uasset'
[2024.01.03-08.38.23:470][516]LogSavePackage:Display: Finished SavePackage ../../../../../Users/MelchioT/Documents/workUnrealEngine4/MotorUnreal4B/Content/Contenido/Blueprints/28-Pawn+Input.uasset
[2024.01.03-08.38.24:053][551]LogTemp: Repeting last play command: Selected Viewport
[2024.01.03-08.38.24:063][551]LogPlayLevel: PlayLevel: No blueprints needed recompiling
[2024.01.03-08.38.24:063][551]PIE: New page: PIE session: 20-Blueprint28 (Jan 3, 2024, 2:38:24 AM)
[2024.01.03-08.38.24:063][551]LogPlayLevel: Creating play world package: /Game/Contenido/Levels/UEDPIE_0_20-Blueprint28
[2024.01.03-08.38.24:064][551]LogPlayLevel: PIE: StaticDuplicateObject took: (0.001551s)
[2024.01.03-08.38.24:065][551]LogAIModule: Creating AISystem for world 20-Blueprint28
[2024.01.03-08.38.24:065][551]LogPlayLevel: PIE: World Init took: (0.000809s)
[2024.01.03-08.38.24:065][551]LogPlayLevel: PIE: Created PIE world by copying editor world from /Game/Contenido/Levels/20-Blueprint28.20-Blueprint28 to /Game/Contenido/Levels/UEDPIE_0_20-Blueprint28.20-Blueprint28 (0.002558s)
[2024.01.03-08.38.24:114][551]LogInit: XAudio2 using 'Altavoces (Realtek(R) Audio)' : 2 channels at 48 kHz using 16 bits per sample (channel mask 0x3)
[2024.01.03-08.38.24:130][551]LogInit: FAudioDevice initialized.
[2024.01.03-08.38.24:164][551]LogLoad: Game class is 'GameModeBase'
[2024.01.03-08.38.24:167][551]LogWorld: Bringing World /Game/Contenido/Levels/UEDPIE_0_20-Blueprint28.20-Blueprint28 up for play (max tick rate 60) at 2024.01.03-05.38.24
[2024.01.03-08.38.24:167][551]LogWorld: Bringing up level for play took: 0.000826
[2024.01.03-08.38.24:167][551]PIE: Info Play in editor start time for /Game/Contenido/Levels/UEDPIE_0_20-Blueprint28 0.667
[2024.01.03-08.38.26:376][675]LogEditorViewport: Clicking on Actor (LMB): BP_Sky_Sphere_C (Sky Sphere)
[2024.01.03-08.38.26:658][683]LogSavePackage: Save=25.49ms
[2024.01.03-08.38.26:658][683]LogSavePackage: Moving '../../../../../Users/MelchioT/Documents/workUnrealEngine4/MotorUnreal4B/Saved/20-Blueprint286FC9B81F43111F7C4368B3A50EC77498.tmp' to '../../../../../Users/MelchioT/Documents/workUnrealEngine4/MotorUnreal4B/Content/Contenido/Levels/20-Blueprint28.umap'
[2024.01.03-08.38.26:660][683]LogSavePackage:Display: Finished SavePackage ../../../../../Users/MelchioT/Documents/workUnrealEngine4/MotorUnreal4B/Content/Contenido/Levels/20-Blueprint28.umap
[2024.01.03-08.38.30:183][849]Cmd: QUIT_EDITOR
[2024.01.03-08.38.30:412][849]LogWindowsTextInputMethodSystem:Display: IME system now deactivated.
[2024.01.03-08.38.30:434][849]LogExit: Preparing to exit.
[2024.01.03-08.38.30:755][849]LogDirectoryWatcher: A directory notification for 'C:/Users/MelchioT/Documents/workUnrealEngine4/MotorUnreal4B/Content/' was aborted.
[2024.01.03-08.38.30:788][849]LogExit: Editor shut down
[2024.01.03-08.38.30:789][849]LogExit: Transaction tracking system shut down
[2024.01.03-08.38.30:905][849]LogObj: Freed 0b from 0 cluster array pools.
[2024.01.03-08.38.30:906][849]LogExit: Object subsystem successfully closed.
[2024.01.03-08.38.30:930][849]LogD3D11RHI: Shutdown
[2024.01.03-08.38.30:930][849]LogD3D11RHI: CleanupD3DDevice
[2024.01.03-08.38.31:074][849]LogD3D11RHI: ~FD3D11DynamicRHI
[2024.01.03-08.38.31:086][849]LogModuleManager: Shutting down and abandoning module MovieSceneCapture (488)
[2024.01.03-08.38.31:086][849]LogModuleManager: Shutting down and abandoning module BlueprintGraph (486)
[2024.01.03-08.38.31:086][849]LogModuleManager: Shutting down and abandoning module BlueprintProfiler (484)
[2024.01.03-08.38.31:086][849]LogModuleManager: Shutting down and abandoning module ExternalImagePicker (482)
[2024.01.03-08.38.31:086][849]LogModuleManager: Shutting down and abandoning module HierarchicalLODOutliner (480)
[2024.01.03-08.38.31:086][849]LogModuleManager: Shutting down and abandoning module CrashTracker (478)
[2024.01.03-08.38.31:086][849]LogModuleManager: Shutting down and abandoning module SceneOutliner (476)
[2024.01.03-08.38.31:086][849]LogModuleManager: Shutting down and abandoning module AddContentDialog (474)
[2024.01.03-08.38.31:086][849]LogDirectoryWatcher: A directory notification for 'C:/Program Files/Unreal Engine 4 (4.15.0)/FeaturePacks/' was aborted.
[2024.01.03-08.38.31:089][849]LogModuleManager: Shutting down and abandoning module WidgetCarousel (473)
[2024.01.03-08.38.31:089][849]LogModuleManager: Shutting down and abandoning module EditorWidgets (470)
[2024.01.03-08.38.31:089][849]LogModuleManager: Shutting down and abandoning module CollectionManager (468)
[2024.01.03-08.38.31:089][849]LogDirectoryWatcher: A directory notification for 'C:/Users/MelchioT/Documents/workUnrealEngine4/MotorUnreal4B/Content/Collections/' was aborted.
[2024.01.03-08.38.31:089][849]LogDirectoryWatcher: A directory notification for 'C:/Users/MelchioT/Documents/workUnrealEngine4/MotorUnreal4B/Content/Developers/MelchioT/Collections/' was aborted.
[2024.01.03-08.38.31:089][849]LogDirectoryWatcher: A directory notification for 'C:/Users/MelchioT/Documents/workUnrealEngine4/MotorUnreal4B/Saved/Collections/' was aborted.
[2024.01.03-08.38.31:089][849]LogModuleManager: Shutting down and abandoning module StatsViewer (466)
[2024.01.03-08.38.31:089][849]LogModuleManager: Shutting down and abandoning module FoliageEdit (464)
[2024.01.03-08.38.31:089][849]LogModuleManager: Shutting down and abandoning module LandscapeEditor (462)
[2024.01.03-08.38.31:089][849]LogModuleManager: Shutting down and abandoning module SceneDepthPickerMode (460)
[2024.01.03-08.38.31:089][849]LogModuleManager: Shutting down and abandoning module ActorPickerMode (458)
[2024.01.03-08.38.31:089][849]LogModuleManager: Shutting down and abandoning module GeometryMode (456)
[2024.01.03-08.38.31:089][849]LogModuleManager: Shutting down and abandoning module TextureAlignMode (454)
[2024.01.03-08.38.31:089][849]LogModuleManager: Shutting down and abandoning module BspMode (452)
[2024.01.03-08.38.31:089][849]LogModuleManager: Shutting down and abandoning module HardwareSurvey (450)
[2024.01.03-08.38.31:089][849]LogModuleManager: Shutting down and abandoning module SequenceRecorderSections (448)
[2024.01.03-08.38.31:089][849]LogModuleManager: Shutting down and abandoning module AutomationWorker (446)
[2024.01.03-08.38.31:089][849]LogModuleManager: Shutting down and abandoning module MatineeToLevelSequence (444)
[2024.01.03-08.38.31:089][849]LogModuleManager: Shutting down and abandoning module LevelSequenceEditor (442)
[2024.01.03-08.38.31:089][849]LogModuleManager: Shutting down and abandoning module PlacementMode (441)
[2024.01.03-08.38.31:089][849]LogModuleManager: Shutting down and abandoning module WmfMediaFactory (438)
[2024.01.03-08.38.31:089][849]LogModuleManager: Shutting down and abandoning module WmfMediaEditor (436)
[2024.01.03-08.38.31:089][849]LogModuleManager: Shutting down and abandoning module MfMediaFactory (434)
[2024.01.03-08.38.31:089][849]LogModuleManager: Shutting down and abandoning module MfMediaEditor (432)
[2024.01.03-08.38.31:089][849]LogModuleManager: Shutting down and abandoning module AvfMediaFactory (430)
[2024.01.03-08.38.31:089][849]LogModuleManager: Shutting down and abandoning module AvfMediaEditor (428)
[2024.01.03-08.38.31:089][849]LogModuleManager: Shutting down and abandoning module AndroidMediaFactory (426)
[2024.01.03-08.38.31:089][849]LogModuleManager: Shutting down and abandoning module Media (425)
[2024.01.03-08.38.31:089][849]LogModuleManager: Shutting down and abandoning module AndroidMediaEditor (422)
[2024.01.03-08.38.31:089][849]LogModuleManager: Shutting down and abandoning module CharacterAI (420)
[2024.01.03-08.38.31:089][849]LogModuleManager: Shutting down and abandoning module AudioCapture (418)
[2024.01.03-08.38.31:090][849]LogModuleManager: Shutting down and abandoning module SequenceRecorder (417)
[2024.01.03-08.38.31:090][849]LogModuleManager: Shutting down and abandoning module SmartSnapping (414)
[2024.01.03-08.38.31:090][849]LogModuleManager: Shutting down and abandoning module SessionServices (412)
[2024.01.03-08.38.31:090][849]LogModuleManager: Shutting down and abandoning module ViewportSnapping (410)
[2024.01.03-08.38.31:090][849]LogModuleManager: Shutting down and abandoning module ViewportInteraction (408)
[2024.01.03-08.38.31:090][849]LogModuleManager: Shutting down and abandoning module LogVisualizer (406)
[2024.01.03-08.38.31:090][849]LogModuleManager: Shutting down and abandoning module IntroTutorials (404)
[2024.01.03-08.38.31:090][849]LogModuleManager: Shutting down and abandoning module GameProjectGeneration (403)
[2024.01.03-08.38.31:090][849]LogModuleManager: Shutting down and abandoning module EditorLiveStreaming (400)
[2024.01.03-08.38.31:090][849]LogModuleManager: Shutting down and abandoning module IOSPlatformEditor (398)
[2024.01.03-08.38.31:090][849]LogModuleManager: Shutting down and abandoning module HTML5PlatformEditor (396)
[2024.01.03-08.38.31:090][849]LogModuleManager: Shutting down and abandoning module AndroidPlatformEditor (394)
[2024.01.03-08.38.31:090][849]LogModuleManager: Shutting down and abandoning module AndroidDeviceDetection (393)
[2024.01.03-08.38.31:164][849]LogModuleManager: Shutting down and abandoning module IOSRuntimeSettings (390)
[2024.01.03-08.38.31:164][849]LogModuleManager: Shutting down and abandoning module AndroidRuntimeSettings (388)
[2024.01.03-08.38.31:164][849]LogModuleManager: Shutting down and abandoning module InputBindingEditor (386)
[2024.01.03-08.38.31:164][849]LogModuleManager: Shutting down and abandoning module NiagaraEditor (384)
[2024.01.03-08.38.31:164][849]LogModuleManager: Shutting down and abandoning module MergeActors (382)
[2024.01.03-08.38.31:164][849]LogModuleManager: Shutting down and abandoning module SizeMap (380)
[2024.01.03-08.38.31:164][849]LogModuleManager: Shutting down and abandoning module TreeMap (378)
[2024.01.03-08.38.31:164][849]LogModuleManager: Shutting down and abandoning module ReferenceViewer (376)
[2024.01.03-08.38.31:164][849]LogModuleManager: Shutting down and abandoning module LocalizationDashboard (374)
[2024.01.03-08.38.31:164][849]LogModuleManager: Shutting down and abandoning module LocalizationService (373)
[2024.01.03-08.38.31:164][849]LogModuleManager: Shutting down and abandoning module HardwareTargeting (370)
[2024.01.03-08.38.31:164][849]LogModuleManager: Shutting down and abandoning module DeviceProfileEditor (368)
[2024.01.03-08.38.31:164][849]LogModuleManager: Shutting down and abandoning module UndoHistory (366)
[2024.01.03-08.38.31:164][849]LogModuleManager: Shutting down and abandoning module UserFeedback (364)
[2024.01.03-08.38.31:164][849]LogModuleManager: Shutting down and abandoning module XmlParser (362)
[2024.01.03-08.38.31:164][849]LogModuleManager: Shutting down and abandoning module Blutility (360)
[2024.01.03-08.38.31:164][849]LogModuleManager: Shutting down and abandoning module ProjectSettingsViewer (358)
[2024.01.03-08.38.31:164][849]LogModuleManager: Shutting down and abandoning module ProjectTargetPlatformEditor (357)
[2024.01.03-08.38.31:164][849]LogModuleManager: Shutting down and abandoning module EditorSettingsViewer (354)
[2024.01.03-08.38.31:164][849]LogModuleManager: Shutting down and abandoning module SettingsEditor (352)
[2024.01.03-08.38.31:164][849]LogModuleManager: Shutting down and abandoning module ProjectLauncher (350)
[2024.01.03-08.38.31:164][849]LogModuleManager: Shutting down and abandoning module SessionFrontend (348)
[2024.01.03-08.38.31:164][849]LogModuleManager: Shutting down and abandoning module ProfilerClient (346)
[2024.01.03-08.38.31:164][849]LogModuleManager: Shutting down and abandoning module DeviceManager (344)
[2024.01.03-08.38.31:164][849]LogModuleManager: Shutting down and abandoning module TargetDeviceServices (343)
[2024.01.03-08.38.31:206][849]LogModuleManager: Shutting down and abandoning module AutomationController (340)
[2024.01.03-08.38.31:206][849]LogModuleManager: Shutting down and abandoning module AutomationWindow (338)
[2024.01.03-08.38.31:206][849]LogModuleManager: Shutting down and abandoning module Layers (336)
[2024.01.03-08.38.31:206][849]LogModuleManager: Shutting down and abandoning module ComponentVisualizers (334)
[2024.01.03-08.38.31:206][849]LogModuleManager: Shutting down and abandoning module DetailCustomizations (332)
[2024.01.03-08.38.31:206][849]LogModuleManager: Shutting down and abandoning module PackagesDialog (330)
[2024.01.03-08.38.31:206][849]LogModuleManager: Shutting down and abandoning module Persona (328)
[2024.01.03-08.38.31:206][849]LogModuleManager: Shutting down and abandoning module AnimGraph (327)
[2024.01.03-08.38.31:206][849]LogModuleManager: Shutting down and abandoning module Kismet (324)
[2024.01.03-08.38.31:213][849]LogModuleManager: Shutting down and abandoning module GraphEditor (322)
[2024.01.03-08.38.31:213][849]LogModuleManager: Shutting down and abandoning module ClassViewer (320)
[2024.01.03-08.38.31:214][849]LogModuleManager: Shutting down and abandoning module Toolbox (318)
[2024.01.03-08.38.31:214][849]LogModuleManager: Shutting down and abandoning module ModuleUI (316)
[2024.01.03-08.38.31:214][849]LogModuleManager: Shutting down and abandoning module MovieSceneTools (314)
[2024.01.03-08.38.31:214][849]LogModuleManager: Shutting down and abandoning module OutputLog (312)
[2024.01.03-08.38.31:214][849]LogModuleManager: Shutting down and abandoning module GammaUI (310)
[2024.01.03-08.38.31:214][849]LogModuleManager: Shutting down and abandoning module Documentation (308)
[2024.01.03-08.38.31:214][849]LogModuleManager: Shutting down and abandoning module Niagara (306)
[2024.01.03-08.38.31:214][849]LogModuleManager: Shutting down and abandoning module StreamingPauseRendering (304)
[2024.01.03-08.38.31:214][849]LogModuleManager: Shutting down and abandoning module AnalyticsET (302)
[2024.01.03-08.38.31:214][849]LogModuleManager: Shutting down and abandoning module PortalServices (300)
[2024.01.03-08.38.31:214][849]LogModuleManager: Shutting down and abandoning module PortalRpc (298)
[2024.01.03-08.38.31:214][849]LogModuleManager: Shutting down and abandoning module MessagingRpc (296)
[2024.01.03-08.38.31:214][849]LogModuleManager: Shutting down and abandoning module AIModule (294)
[2024.01.03-08.38.31:214][849]LogModuleManager: Shutting down and abandoning module GameplayDebugger (293)
[2024.01.03-08.38.31:214][849]LogModuleManager: Shutting down and abandoning module AITestSuite (291)
[2024.01.03-08.38.31:214][849]LogModuleManager: Shutting down and abandoning module ProfilerService (288)
[2024.01.03-08.38.31:266][849]LogModuleManager: Shutting down and abandoning module TaskGraph (286)
[2024.01.03-08.38.31:266][849]LogModuleManager: Shutting down and abandoning module SteamVRController (284)
[2024.01.03-08.38.31:266][849]LogModuleManager: Shutting down and abandoning module SteamVR (282)
[2024.01.03-08.38.31:266][849]LogModuleManager: Shutting down and abandoning module ProceduralMeshComponentEditor (280)
[2024.01.03-08.38.31:266][849]LogModuleManager: Shutting down and abandoning module ProceduralMeshComponent (278)
[2024.01.03-08.38.31:266][849]LogModuleManager: Shutting down and abandoning module OculusLibrary (276)
[2024.01.03-08.38.31:266][849]LogModuleManager: Shutting down and abandoning module OculusInput (274)
[2024.01.03-08.38.31:266][849]LogModuleManager: Shutting down and abandoning module MobilePatchingUtils (272)
[2024.01.03-08.38.31:266][849]LogModuleManager: Shutting down and abandoning module CustomMeshComponent (270)
[2024.01.03-08.38.31:267][849]LogModuleManager: Shutting down and abandoning module CableComponent (268)
[2024.01.03-08.38.31:267][849]LogModuleManager: Shutting down and abandoning module ArchVisCharacter (266)
[2024.01.03-08.38.31:267][849]LogModuleManager: Shutting down and abandoning module MediaPlayerEditor (262)
[2024.01.03-08.38.31:267][849]LogModuleManager: Shutting down and abandoning module HTML5Networking (260)
[2024.01.03-08.38.31:267][849]LogModuleManager: Shutting down and abandoning module AlembicImporter (258)
[2024.01.03-08.38.31:267][849]LogModuleManager: Shutting down and abandoning module AlembicLibrary (257)
[2024.01.03-08.38.31:267][849]LogModuleManager: Shutting down and abandoning module GeometryCache (256)
[2024.01.03-08.38.31:267][849]LogModuleManager: Shutting down and abandoning module GeometryCacheEd (255)
[2024.01.03-08.38.31:267][849]LogModuleManager: Shutting down and abandoning module SuperSearchEditor (250)
[2024.01.03-08.38.31:267][849]LogModuleManager: Shutting down and abandoning module SuperSearch (249)
[2024.01.03-08.38.31:267][849]LogModuleManager: Shutting down and abandoning module SpeedTreeImporter (246)
[2024.01.03-08.38.31:267][849]LogModuleManager: Shutting down and abandoning module PluginBrowser (244)
[2024.01.03-08.38.31:267][849]LogModuleManager: Shutting down and abandoning module MobileLauncherProfileWizard (242)
[2024.01.03-08.38.31:267][849]LogModuleManager: Shutting down and abandoning module EpicSurvey (240)
[2024.01.03-08.38.31:267][849]LogModuleManager: Shutting down and abandoning module VisualStudioSourceCodeAccess (238)
[2024.01.03-08.38.31:267][849]LogModuleManager: Shutting down and abandoning module DesktopPlatform (237)
[2024.01.03-08.38.31:267][849]LogModuleManager: Shutting down and abandoning module UObjectPlugin (234)
[2024.01.03-08.38.31:267][849]LogModuleManager: Shutting down and abandoning module SubversionSourceControl (232)
[2024.01.03-08.38.31:267][849]LogModuleManager: Shutting down and abandoning module PerforceSourceControl (230)
[2024.01.03-08.38.31:267][849]LogModuleManager: Shutting down and abandoning module GitSourceControl (228)
[2024.01.03-08.38.31:267][849]LogModuleManager: Shutting down and abandoning module SourceControl (227)
[2024.01.03-08.38.31:267][849]LogModuleManager: Shutting down and abandoning module LightPropagationVolumeEditor (224)
[2024.01.03-08.38.31:267][849]LogModuleManager: Shutting down and abandoning module PaperTiledImporter (222)
[2024.01.03-08.38.31:267][849]LogModuleManager: Shutting down and abandoning module PaperSpriteSheetImporter (220)
[2024.01.03-08.38.31:267][849]LogModuleManager: Shutting down and abandoning module Paper2DEditor (218)
[2024.01.03-08.38.31:267][849]LogModuleManager: Shutting down and abandoning module MeshPaint (217)
[2024.01.03-08.38.31:267][849]LogModuleManager: Shutting down and abandoning module LevelEditor (215)
[2024.01.03-08.38.31:268][849]LogModuleManager: Shutting down and abandoning module PixelInspectorModule (214)
[2024.01.03-08.38.31:268][849]LogModuleManager: Shutting down and abandoning module MainFrame (212)
[2024.01.03-08.38.31:268][849]LogModuleManager: Shutting down and abandoning module HotReload (211)
[2024.01.03-08.38.31:269][849]LogModuleManager: Shutting down and abandoning module ContentBrowser (207)
[2024.01.03-08.38.31:269][849]LogModuleManager: Shutting down and abandoning module PhysXVehiclesEditor (204)
[2024.01.03-08.38.31:269][849]LogModuleManager: Shutting down and abandoning module PhysXVehicles (202)
[2024.01.03-08.38.31:269][849]LogModuleManager: Shutting down and abandoning module LocationServicesBPLibrary (200)
[2024.01.03-08.38.31:269][849]LogModuleManager: Shutting down and abandoning module UdpMessaging (198)
[2024.01.03-08.38.31:370][849]LogModuleManager: Shutting down and abandoning module TcpMessaging (196)
[2024.01.03-08.38.31:470][849]LogModuleManager: Shutting down and abandoning module GameplayTagsEditor (194)
[2024.01.03-08.38.31:470][849]LogModuleManager: Shutting down and abandoning module FacialAnimationEditor (192)
[2024.01.03-08.38.31:470][849]LogModuleManager: Shutting down and abandoning module FacialAnimation (190)
[2024.01.03-08.38.31:470][849]LogModuleManager: Shutting down and abandoning module LightPropagationVolumeRuntime (188)
[2024.01.03-08.38.31:470][849]LogModuleManager: Shutting down and abandoning module Paper2D (186)
[2024.01.03-08.38.31:470][849]LogModuleManager: Shutting down and abandoning module WindowsMoviePlayer (184)
[2024.01.03-08.38.31:470][849]LogModuleManager: Shutting down and abandoning module WmfMedia (182)
[2024.01.03-08.38.31:471][849]LogModuleManager: Shutting down and abandoning module MfMedia (180)
[2024.01.03-08.38.31:471][849]LogModuleManager: Shutting down and abandoning module MediaAssets (178)
[2024.01.03-08.38.31:471][849]LogModuleManager: Shutting down and abandoning module GameLiveStreaming (176)
[2024.01.03-08.38.31:471][849]LogModuleManager: Shutting down and abandoning module VREditor (174)
[2024.01.03-08.38.31:471][849]LogModuleManager: Shutting down and abandoning module GameplayTasksEditor (172)
[2024.01.03-08.38.31:471][849]LogModuleManager: Shutting down and abandoning module BehaviorTreeEditor (170)
[2024.01.03-08.38.31:471][849]LogModuleManager: Shutting down and abandoning module FunctionalTesting (168)
[2024.01.03-08.38.31:471][849]LogModuleManager: Shutting down and abandoning module CollisionAnalyzer (166)
[2024.01.03-08.38.31:471][849]LogModuleManager: Shutting down and abandoning module UMG (164)
[2024.01.03-08.38.31:471][849]LogModuleManager: Shutting down and abandoning module UMGEditor (163)
[2024.01.03-08.38.31:471][849]LogModuleManager: Shutting down and abandoning module Sequencer (162)
[2024.01.03-08.38.31:471][849]LogModuleManager: Shutting down and abandoning module AssetTools (160)
[2024.01.03-08.38.31:471][849]LogModuleManager: Shutting down and abandoning module MessageLog (159)
[2024.01.03-08.38.31:471][849]LogModuleManager: Shutting down and abandoning module WorkspaceMenuStructure (158)
[2024.01.03-08.38.31:471][849]LogModuleManager: Shutting down and abandoning module SlateReflector (152)
[2024.01.03-08.38.31:471][849]LogModuleManager: Shutting down and abandoning module Slate (150)
[2024.01.03-08.38.31:471][849]LogModuleManager: Shutting down and abandoning module EditorStyle (148)
[2024.01.03-08.38.31:473][849]LogModuleManager: Shutting down and abandoning module SourceCodeAccess (146)
[2024.01.03-08.38.31:473][849]LogModuleManager: Shutting down and abandoning module HeadMountedDisplay (144)
[2024.01.03-08.38.31:473][849]LogModuleManager: Shutting down and abandoning module XAudio2 (142)
[2024.01.03-08.38.31:473][849]LogModuleManager: Shutting down and abandoning module Networking (140)
[2024.01.03-08.38.31:473][849]LogModuleManager: Shutting down and abandoning module Core (136)
[2024.01.03-08.38.31:473][849]LogModuleManager: Shutting down and abandoning module AssetRegistry (134)
[2024.01.03-08.38.31:635][849]LogDirectoryWatcher: A directory notification for '../../../Engine/Content/' was aborted.
[2024.01.03-08.38.31:635][849]LogDirectoryWatcher: A directory notification for '../../../../../Users/MelchioT/Documents/workUnrealEngine4/MotorUnreal4B/Content/' was aborted.
[2024.01.03-08.38.31:635][849]LogDirectoryWatcher: A directory notification for '../../../Engine/Plugins/2D/Paper2D/Content/' was aborted.
[2024.01.03-08.38.31:635][849]LogModuleManager: Shutting down and abandoning module DirectoryWatcher (133)
[2024.01.03-08.38.31:636][849]LogModuleManager: Shutting down and abandoning module KismetCompiler (130)
[2024.01.03-08.38.31:636][849]LogModuleManager: Shutting down and abandoning module PhysXFormats (128)
[2024.01.03-08.38.31:636][849]LogModuleManager: Shutting down and abandoning module MeshUtilities (126)
[2024.01.03-08.38.31:636][849]LogModuleManager: Shutting down and abandoning module QuadricMeshReduction (125)
[2024.01.03-08.38.31:636][849]LogModuleManager: Shutting down and abandoning module PropertyEditor (123)
[2024.01.03-08.38.31:637][849]LogModuleManager: Shutting down and abandoning module DerivedDataCache (120)
[2024.01.03-08.38.31:709][849]LogDerivedDataCache: Shutdown
[2024.01.03-08.38.31:709][849]LogModuleManager: Shutting down and abandoning module TargetPlatform (118)
[2024.01.03-08.38.31:709][849]LogModuleManager: Shutting down and abandoning module VulkanShaderFormat (117)
[2024.01.03-08.38.31:709][849]LogModuleManager: Shutting down and abandoning module MetalShaderFormat (115)
[2024.01.03-08.38.31:709][849]LogModuleManager: Shutting down and abandoning module ShaderFormatD3D (113)
[2024.01.03-08.38.31:709][849]LogModuleManager: Shutting down and abandoning module ShaderFormatOpenGL (111)
[2024.01.03-08.38.31:709][849]LogModuleManager: Shutting down and abandoning module TextureFormatUncompressed (109)
[2024.01.03-08.38.31:709][849]LogModuleManager: Shutting down and abandoning module TextureFormatASTC (107)
[2024.01.03-08.38.31:709][849]LogModuleManager: Shutting down and abandoning module ImageWrapper (106)
[2024.01.03-08.38.31:709][849]LogModuleManager: Shutting down and abandoning module TextureFormatPVR (103)
[2024.01.03-08.38.31:709][849]LogModuleManager: Shutting down and abandoning module TextureFormatDXT (101)
[2024.01.03-08.38.31:709][849]LogModuleManager: Shutting down and abandoning module TextureFormatIntelISPCTexComp (99)
[2024.01.03-08.38.31:709][849]LogModuleManager: Shutting down and abandoning module AudioFormatOpus (97)
[2024.01.03-08.38.31:710][849]LogModuleManager: Shutting down and abandoning module AudioFormatOgg (95)
[2024.01.03-08.38.31:710][849]LogModuleManager: Shutting down and abandoning module AudioFormatADPCM (93)
[2024.01.03-08.38.31:710][849]LogModuleManager: Shutting down and abandoning module TVOSTargetPlatform (91)
[2024.01.03-08.38.31:710][849]LogModuleManager: Shutting down and abandoning module Messaging (89)
[2024.01.03-08.38.31:710][849]LogModuleManager: Shutting down and abandoning module IOSTargetPlatform (87)
[2024.01.03-08.38.31:710][849]LogModuleManager: Shutting down and abandoning module HTML5TargetPlatform (85)
[2024.01.03-08.38.31:710][849]LogModuleManager: Shutting down and abandoning module Android_MultiTargetPlatform (83)
[2024.01.03-08.38.31:710][849]LogModuleManager: Shutting down and abandoning module Android_ASTCTargetPlatform (81)
[2024.01.03-08.38.31:710][849]LogModuleManager: Shutting down and abandoning module Android_ETC2TargetPlatform (79)
[2024.01.03-08.38.31:710][849]LogModuleManager: Shutting down and abandoning module Android_ETC1TargetPlatform (77)
[2024.01.03-08.38.31:710][849]LogModuleManager: Shutting down and abandoning module Android_DXTTargetPlatform (75)
[2024.01.03-08.38.31:710][849]LogModuleManager: Shutting down and abandoning module Android_ATCTargetPlatform (73)
[2024.01.03-08.38.31:710][849]LogModuleManager: Shutting down and abandoning module Android_PVRTCTargetPlatform (71)
[2024.01.03-08.38.31:710][849]LogModuleManager: Shutting down and abandoning module AndroidTargetPlatform (69)
[2024.01.03-08.38.31:710][849]LogModuleManager: Shutting down and abandoning module AllDesktopTargetPlatform (67)
[2024.01.03-08.38.31:710][849]LogModuleManager: Shutting down and abandoning module WindowsClientTargetPlatform (65)
[2024.01.03-08.38.31:710][849]LogModuleManager: Shutting down and abandoning module WindowsServerTargetPlatform (63)
[2024.01.03-08.38.31:710][849]LogModuleManager: Shutting down and abandoning module WindowsNoEditorTargetPlatform (61)
[2024.01.03-08.38.31:710][849]LogModuleManager: Shutting down and abandoning module WindowsTargetPlatform (59)
[2024.01.03-08.38.31:710][849]LogModuleManager: Shutting down and abandoning module MacClientTargetPlatform (57)
[2024.01.03-08.38.31:710][849]LogModuleManager: Shutting down and abandoning module MacServerTargetPlatform (55)
[2024.01.03-08.38.31:710][849]LogModuleManager: Shutting down and abandoning module MacNoEditorTargetPlatform (53)
[2024.01.03-08.38.31:710][849]LogModuleManager: Shutting down and abandoning module MacTargetPlatform (51)
[2024.01.03-08.38.31:710][849]LogModuleManager: Shutting down and abandoning module InputCore (48)
[2024.01.03-08.38.31:710][849]LogModuleManager: Shutting down and abandoning module Settings (46)
[2024.01.03-08.38.31:710][849]LogModuleManager: Shutting down and abandoning module OculusRift (44)
[2024.01.03-08.38.31:710][849]LogModuleManager: Shutting down and abandoning module ExampleDeviceProfileSelector (42)
[2024.01.03-08.38.31:710][849]LogModuleManager: Shutting down and abandoning module OnlineBlueprintSupport (40)
[2024.01.03-08.38.31:710][849]LogModuleManager: Shutting down and abandoning module OnlineSubsystem (36)
[2024.01.03-08.38.31:710][849]LogOnline:Display: Unloading online subsystem: NULL
[2024.01.03-08.38.31:710][849]LogModuleManager: Shutting down and abandoning module HTTP (35)
[2024.01.03-08.38.31:710][849]LogHttp:Display: Http module shutting down, but needs to wait on 1 outstanding Http requests:
[2024.01.03-08.38.31:710][849]LogHttp:Display: 	verb=[POST] url=[https://datarouter.ol.epicgames.com/datarouter/api/v1/public/data?SessionID=%7BB043DB1D-4016-6994-11D8-26B5CDFD0426%7D&AppID=UEEditor.UnrealEngine.Release&AppVersion=4.15.0-0%2B%2B%2BUE4%2BRelease-4.15&UserID=aa7ec4a94460bf88f1f872b01bef9583%7C8cfcda83180144cdb9bb2bc7d773924e%7C775b68d6-d1f3-44da-96ce-dab51d83f808&AppEnvironment=datacollector-source&UploadType=eteventstream] status=Processing
[2024.01.03-08.38.31:720][849]LogModuleManager: Shutting down and abandoning module SSL (34)
[2024.01.03-08.38.31:721][849]LogModuleManager: Shutting down and abandoning module AudioEditor (30)
[2024.01.03-08.38.31:721][849]LogModuleManager: Shutting down and abandoning module TextureCompressor (28)
[2024.01.03-08.38.31:721][849]LogModuleManager: Shutting down and abandoning module ShaderCore (26)
[2024.01.03-08.38.31:721][849]LogModuleManager: Shutting down and abandoning module Landscape (24)
[2024.01.03-08.38.31:721][849]LogModuleManager: Shutting down and abandoning module SlateRHIRenderer (22)
[2024.01.03-08.38.31:722][849]LogModuleManager: Shutting down and abandoning module OpenGLDrv (20)
[2024.01.03-08.38.31:722][849]LogModuleManager: Shutting down and abandoning module D3D11RHI (18)
[2024.01.03-08.38.31:722][849]LogModuleManager: Shutting down and abandoning module AnimGraphRuntime (16)
[2024.01.03-08.38.31:722][849]LogModuleManager: Shutting down and abandoning module Renderer (14)
[2024.01.03-08.38.31:722][849]LogModuleManager: Shutting down and abandoning module Engine (12)
[2024.01.03-08.38.31:723][849]LogModuleManager: Shutting down and abandoning module CoreUObject (10)
[2024.01.03-08.38.31:723][849]LogModuleManager: Shutting down and abandoning module NetworkFile (8)
[2024.01.03-08.38.31:723][849]LogModuleManager: Shutting down and abandoning module StreamingFile (6)
[2024.01.03-08.38.31:723][849]LogModuleManager: Shutting down and abandoning module SandboxFile (4)
[2024.01.03-08.38.31:723][849]LogModuleManager: Shutting down and abandoning module PakFile (2)
[2024.01.03-08.38.31:726][849]LogExit: Exiting.
[2024.01.03-08.38.31:727][849]Log file closed, 01/03/24 05:38:31
