Log file open, 12/26/23 00:45:04
LogInit:Display: Running engine for game: MotorUnreal4B
LogPlatformFile: Not using cached read wrapper
LogInit:Display: RandInit(-1200119243) SRandInit(-1200119243).
LogInit: Using version manifest at CL 0 with build ID '5af06b4c-3232-42c8-80e0-46572b4b0bc8'
LogTaskGraph: Started task graph with 5 named threads and 10 total threads with 1 sets of task threads.
LogStats: Stats thread started at 0.131317
LogInit: Using libcurl 7.47.1
LogInit:  - built for x86_64-pc-win32
LogInit:  - supports SSL with OpenSSL/1.0.2g
LogInit:  - supports HTTP deflate (compression) using libz 1.2.8
LogInit:  - other features:
LogInit:      CURL_VERSION_SSL
LogInit:      CURL_VERSION_LIBZ
LogInit:      CURL_VERSION_IPV6
LogInit:      CURL_VERSION_ASYNCHDNS
LogInit:      CURL_VERSION_LARGEFILE
LogInit:      CURL_VERSION_IDN
LogInit:  CurlRequestOptions (configurable via config and command line):
LogInit:  - bVerifyPeer = false  - Libcurl will NOT verify peer certificate
LogInit:  - bUseHttpProxy = false  - Libcurl will NOT use HTTP proxy
LogInit:  - bDontReuseConnections = false  - Libcurl will reuse connections
LogInit:  - CertBundlePath = nullptr  - Libcurl will use whatever was configured at build time.
LogInit: Build: ++UE4+Release-4.15-CL-0
LogInit: Engine Version: 4.15.0-0+++UE4+Release-4.15
LogInit: Compatible Engine Version: 4.15.0-0+++UE4+Release-4.15
LogInit: Net CL: 0
LogDevObjectVersion: Number of dev versions registered: 14
LogDevObjectVersion:   Dev-Blueprints (B0D832E4-1F89-4F0D-ACCF-7EB736FD4AA2): 8
LogDevObjectVersion:   Dev-Build (E1C64328-A22C-4D53-A36C-8E866417BD8C): 0
LogDevObjectVersion:   Dev-Core (375EC13C-06E4-48FB-B500-84F0262A717E): 2
LogDevObjectVersion:   Dev-Editor (E4B068ED-F494-42E9-A231-DA0B2E46BB41): 14
LogDevObjectVersion:   Dev-Framework (CFFC743F-43B0-4480-9391-14DF171D2073): 22
LogDevObjectVersion:   Dev-Mobile (B02B49B5-BB20-44E9-A304-32B752E40360): 0
LogDevObjectVersion:   Dev-Networking (A4E4105C-59A1-49B5-A7C5-40C4547EDFEE): 0
LogDevObjectVersion:   Dev-Online (39C831C9-5AE6-47DC-9A44-9C173E1C8E7C): 0
LogDevObjectVersion:   Dev-Physics (78F01B33-EBEA-4F98-B9B4-84EACCB95AA2): 0
LogDevObjectVersion:   Dev-Platform (6631380F-2D4D-43E0-8009-CF276956A95A): 0
LogDevObjectVersion:   Dev-Rendering (12F88B9F-8875-4AFC-A67C-D90C383ABD29): 12
LogDevObjectVersion:   Dev-Sequencer (7B5AE74C-D270-4C10-A958-57980B212A5A): 3
LogDevObjectVersion:   Dev-VR (D7296918-1DD6-4BDD-9DE2-64A83CC13884): 0
LogDevObjectVersion:   Dev-LoadTimes (C2A15278-BFE7-4AFE-6C17-90FF531DF755): 1
LogInit: Compiled (64-bit): Apr  2 2023 09:25:01
LogInit: Compiled with Visual C++: 19.00.24210.00
LogInit: Build Configuration: Development
LogInit: Branch Name: ++UE4+Release-4.15
LogInit: Command line: 
LogInit: Base directory: C:/Program Files/Unreal Engine 4 (4.15.0)/Engine/Binaries/Win64/
LogInit: Installed Engine Build: 0
LogInit: Presizing for max 8388607 objects, including 0 objects not considered by GC, pre-allocating 0 bytes for permanent pool.
LogInit: Object subsystem initialized
[2023.12.26-03.45.04:283][  0]LogInit: Selected Device Profile: [Windows]
[2023.12.26-03.45.04:283][  0]LogInit: Applying CVar settings loaded from the selected device profile: [Windows]
[2023.12.26-03.45.04:289][  0]LogInit: Computer: DESKTOP-GOSDJOG
[2023.12.26-03.45.04:289][  0]LogInit: User: MelchioT
[2023.12.26-03.45.04:289][  0]LogInit: CPU Page size=65536, Cores=6
[2023.12.26-03.45.04:289][  0]LogInit: High frequency timer resolution =10.000000 MHz
[2023.12.26-03.45.04:289][  0]LogMemory: Memory total: Physical=31.2GB (32GB approx)
[2023.12.26-03.45.04:289][  0]LogMemory: Platform Memory Stats for Windows
[2023.12.26-03.45.04:289][  0]LogMemory: Process Physical Memory: 265.08 MB used, 265.08 MB peak
[2023.12.26-03.45.04:289][  0]LogMemory: Process Virtual Memory: 268.50 MB used, 268.50 MB peak
[2023.12.26-03.45.04:289][  0]LogMemory: Physical Memory: 8801.37 MB used,  23174.30 MB free, 31975.68 MB total
[2023.12.26-03.45.04:289][  0]LogMemory: Virtual Memory: 4760.25 MB used,  23174.30 MB free, 134217728.00 MB total
[2023.12.26-03.45.04:374][  0]LogInit: Overriding culture en with editor configuration.
[2023.12.26-03.45.04:967][  0]LogD3D11RHI: D3D11 adapters:
[2023.12.26-03.45.04:998][  0]LogD3D11RHI:    0. 'AMD Radeon(TM) Graphics' (Feature Level 11_0)
[2023.12.26-03.45.04:998][  0]LogD3D11RHI:       495/0/15987 MB DedicatedVideo/DedicatedSystem/SharedSystem, Outputs:1, VendorId:0x1002
[2023.12.26-03.45.05:000][  0]LogD3D11RHI:    1. 'Microsoft Basic Render Driver' (Feature Level 11_0)
[2023.12.26-03.45.05:000][  0]LogD3D11RHI:       0/0/15987 MB DedicatedVideo/DedicatedSystem/SharedSystem, Outputs:0, VendorId:0x1414
[2023.12.26-03.45.05:000][  0]LogD3D11RHI: Chosen D3D11 Adapter: 0
[2023.12.26-03.45.05:006][  0]LogD3D11RHI: Creating new Direct3DDevice
[2023.12.26-03.45.05:006][  0]LogD3D11RHI:     GPU DeviceId: 0x1636 (for the marketing name, search the web for "GPU Device Id")
[2023.12.26-03.45.05:006][  0]LogWindows: EnumDisplayDevices:
[2023.12.26-03.45.05:006][  0]LogWindows:    0. 'AMD Radeon(TM) Graphics' (P:1 D:1)
[2023.12.26-03.45.05:007][  0]LogWindows:    1. 'AMD Radeon(TM) Graphics' (P:0 D:0)
[2023.12.26-03.45.05:007][  0]LogWindows:    2. 'AMD Radeon(TM) Graphics' (P:0 D:0)
[2023.12.26-03.45.05:007][  0]LogWindows:    3. 'AMD Radeon(TM) Graphics' (P:0 D:0)
[2023.12.26-03.45.05:007][  0]LogWindows:    4. 'AMD Radeon(TM) Graphics' (P:0 D:0)
[2023.12.26-03.45.05:007][  0]LogWindows: DebugString: GetVideoDriverDetailsInvalid PrimaryIsNotTheChoosenAdapter GetVideoDriverDetailsInvalid PrimaryIsNotTheChoosenAdapter GetVideoDriverDetailsInvalid PrimaryIsNotTheChoosenAdapter GetVideoDriverDetailsInvalid PrimaryIsNotTheChoosenAdapter GetVideoDriverDetailsInvalid PrimaryIsNotTheChoosenAdapter FoundDriverCount:0 
[2023.12.26-03.45.05:007][  0]LogD3D11RHI:     Adapter Name: AMD Radeon(TM) Graphics
[2023.12.26-03.45.05:007][  0]LogD3D11RHI:   Driver Version: Unknown (internal:Unknown, unified:Unknown)
[2023.12.26-03.45.05:007][  0]LogD3D11RHI:      Driver Date: Unknown
[2023.12.26-03.45.05:007][  0]LogRHI: Texture pool is 347 MB (70% of 495 MB)
[2023.12.26-03.45.05:048][  0]LogD3D11RHI: Async texture creation enabled
[2023.12.26-03.45.05:064][  0]LogD3D11RHI: GPU Timing Frequency: 100.000000 (Debug: 2 1)
[2023.12.26-03.45.05:066][  0]LogShaderCompilers: Guid format shader working directory is -23 characters bigger than the processId version (../../../../../Users/MelchioT/Documents/workUnrealEngine4/MotorUnreal4B/Intermediate/Shaders/WorkingDirectory/15296/).
[2023.12.26-03.45.05:066][  0]LogShaderCompilers: Cleaned the shader compiler working directory 'C:/Users/MelchioT/AppData/Local/Temp/UnrealShaderWorkingDir/89C8A657419E038613DE9EBF18117AF9/'.
[2023.12.26-03.45.05:066][  0]LogShaderCompilers:Display: Using Local Shader Compiler.
[2023.12.26-03.45.05:887][  0]LogTemp:Display: Loaded TP MacTargetPlatform
[2023.12.26-03.45.05:936][  0]LogTemp:Display: Loaded TP MacNoEditorTargetPlatform
[2023.12.26-03.45.05:986][  0]LogTemp:Display: Loaded TP MacServerTargetPlatform
[2023.12.26-03.45.06:035][  0]LogTemp:Display: Loaded TP MacClientTargetPlatform
[2023.12.26-03.45.06:077][  0]LogTemp:Display: Loaded TP WindowsTargetPlatform
[2023.12.26-03.45.06:125][  0]LogTemp:Display: Loaded TP WindowsNoEditorTargetPlatform
[2023.12.26-03.45.06:174][  0]LogTemp:Display: Loaded TP WindowsServerTargetPlatform
[2023.12.26-03.45.06:222][  0]LogTemp:Display: Loaded TP WindowsClientTargetPlatform
[2023.12.26-03.45.06:266][  0]LogTemp:Display: Loaded TP AllDesktopTargetPlatform
[2023.12.26-03.45.06:313][  0]LogTemp:Display: Loaded TP AndroidTargetPlatform
[2023.12.26-03.45.06:361][  0]LogTemp:Display: Loaded TP Android_PVRTCTargetPlatform
[2023.12.26-03.45.06:409][  0]LogTemp:Display: Loaded TP Android_ATCTargetPlatform
[2023.12.26-03.45.06:457][  0]LogTemp:Display: Loaded TP Android_DXTTargetPlatform
[2023.12.26-03.45.06:504][  0]LogTemp:Display: Loaded TP Android_ETC1TargetPlatform
[2023.12.26-03.45.06:553][  0]LogTemp:Display: Loaded TP Android_ETC2TargetPlatform
[2023.12.26-03.45.06:601][  0]LogTemp:Display: Loaded TP Android_ASTCTargetPlatform
[2023.12.26-03.45.06:649][  0]LogTemp:Display: Loaded TP Android_MultiTargetPlatform
[2023.12.26-03.45.06:685][  0]LogTemp:Display: Loaded TP HTML5TargetPlatform
[2023.12.26-03.45.06:778][  0]LogTemp:Display: Loaded TP IOSTargetPlatform
[2023.12.26-03.45.06:811][  0]LogTemp:Display: Loaded TP TVOSTargetPlatform
[2023.12.26-03.45.06:811][  0]LogTargetPlatformManager:Display: Building Assets For Windows
[2023.12.26-03.45.07:256][  0]LogDerivedDataCache:Display: Max Cache Size: 512 MB
[2023.12.26-03.45.07:295][  0]LogDerivedDataCache: Loaded boot cache 0.04s 50MB ../../../../../Users/MelchioT/Documents/workUnrealEngine4/MotorUnreal4B/DerivedDataCache/Boot.ddc.
[2023.12.26-03.45.07:295][  0]LogDerivedDataCache:Display: Loaded Boot cache: ../../../../../Users/MelchioT/Documents/workUnrealEngine4/MotorUnreal4B/DerivedDataCache/Boot.ddc
[2023.12.26-03.45.07:295][  0]LogDerivedDataCache: FDerivedDataBackendGraph:  Pak pak cache file ../../../../../Users/MelchioT/Documents/workUnrealEngine4/MotorUnreal4B/DerivedDataCache/DDC.ddp not found, will not use a pak cache.
[2023.12.26-03.45.07:295][  0]LogDerivedDataCache: Unable to find inner node Pak for hierarchical cache Hierarchy.
[2023.12.26-03.45.07:295][  0]LogDerivedDataCache: FDerivedDataBackendGraph:  EnginePak pak cache file ../../../Engine/DerivedDataCache/DDC.ddp not found, will not use a pak cache.
[2023.12.26-03.45.07:295][  0]LogDerivedDataCache: Unable to find inner node EnginePak for hierarchical cache Hierarchy.
[2023.12.26-03.45.07:307][  0]LogDerivedDataCache: Using Local data cache path ../../../Engine/DerivedDataCache: Writable
[2023.12.26-03.45.07:307][  0]LogDerivedDataCache: Shared data cache path not found in *engine.ini, will not use an Shared cache.
[2023.12.26-03.45.07:307][  0]LogDerivedDataCache: Unable to find inner node Shared for hierarchical cache Hierarchy.
[2023.12.26-03.45.07:316][  0]LogSlate: Using Freetype 2.6.0
[2023.12.26-03.45.07:317][  0]LogSlate: SlateFontCache - WITH_FREETYPE: 1, WITH_HARFBUZZ: 1
[2023.12.26-03.45.07:317][  0]LogSlate: SlateFontCache - WITH_FREETYPE: 1, WITH_HARFBUZZ: 1
[2023.12.26-03.45.07:523][  0]LogInit: Selected Device Profile: [Windows]
[2023.12.26-03.45.07:525][  0]LogContentStreaming: Texture pool size is 0.00 MB
[2023.12.26-03.45.07:702][  0]LogMeshUtilities: Using QuadricMeshReduction for automatic static mesh reduction
[2023.12.26-03.45.07:711][  0]LogMeshUtilities: No automatic skeletal mesh reduction module available
[2023.12.26-03.45.07:711][  0]LogMeshUtilities: No automatic mesh merging module available
[2023.12.26-03.45.07:711][  0]LogMeshUtilities: No distributed automatic mesh merging module available
[2023.12.26-03.45.08:272][  0]LogNetVersion: GetLocalNetworkVersion: CL: 0, ProjectName: motorunreal4b, ProjectVersion: , EngineNetworkVersion: 2, GameNetworkVersion: 0, NetworkChecksum: 3893362438
[2023.12.26-03.45.08:320][  0]LogAssetRegistry: FAssetRegistry took 0.0225 seconds to start up
[2023.12.26-03.45.08:355][  0]LogPackageLocalizationCache: Processed 3 localized package path(s) for 1 prioritized culture(s) in 0.011620 seconds
[2023.12.26-03.45.08:361][  0]LogUObjectArray: 32434 objects as part of root set at end of initial load.
[2023.12.26-03.45.08:361][  0]LogUObjectAllocator: 7066632 out of 0 bytes used by permanent object pool.
[2023.12.26-03.45.08:361][  0]LogUObjectArray: CloseDisregardForGC: 0/0 objects in disregard for GC pool
[2023.12.26-03.45.08:427][  0]LogInit: WinSock: version 1.1 (2.2), MaxSocks=32767, MaxUdp=65467
[2023.12.26-03.45.09:888][  0]LogTcpMessaging: Initializing TcpMessaging bridge
[2023.12.26-03.45.09:931][  0]LogUdpMessaging: Initializing bridge on interface 0.0.0.0:0 to multicast group 230.0.0.1:6666.
[2023.12.26-03.45.10:371][  0]LogMaterial: Uniform references updated for custom material expression Custom.
[2023.12.26-03.45.10:723][  0]SourceControl: Info Source control is disabled
[2023.12.26-03.45.10:765][  0]SourceControl: Info Source control is disabled
[2023.12.26-03.45.10:812][  0]SourceControl: Info Source control is disabled
[2023.12.26-03.45.10:859][  0]SourceControl: Info Source control is disabled
[2023.12.26-03.45.12:121][  0]LogEngine: Initializing Engine...
[2023.12.26-03.45.12:122][  0]LogHMD: Failed to initialize OpenVR with code 110
[2023.12.26-03.45.12:328][  0]LogAIModule: Creating AISystem for world Untitled
[2023.12.26-03.45.12:342][  0]LogInit: XAudio2 using 'Altavoces (Realtek(R) Audio)' : 2 channels at 48 kHz using 16 bits per sample (channel mask 0x3)
[2023.12.26-03.45.12:973][  0]LogInit: FAudioDevice initialized.
[2023.12.26-03.45.12:999][  0]LogDerivedDataCache: Saved boot cache 0.03s 50MB ../../../../../Users/MelchioT/Documents/workUnrealEngine4/MotorUnreal4B/DerivedDataCache/Boot.ddc.
[2023.12.26-03.45.13:006][  0]LogInit: Texture streaming: Enabled
[2023.12.26-03.45.13:109][  0]LogEngineSessionManager: EngineSessionManager initialized
[2023.12.26-03.45.13:197][  0]LogInit: Transaction tracking system initialized
[2023.12.26-03.45.13:534][  0]BlueprintLog: New page: Editor Load
[2023.12.26-03.45.14:394][  0]LocalizationService: Info Localization service is disabled
[2023.12.26-03.45.15:058][  0]LogConsoleResponse:Display: 
[2023.12.26-03.45.15:170][  0]LogCook:Display: Max memory allowance for cook 16384mb min free memory 0mb
[2023.12.26-03.45.15:170][  0]LogCook:Display: Mobile HDR setting 1
[2023.12.26-03.45.15:445][  0]LogFileCache: Scanning file cache for directory 'C:/Users/MelchioT/Documents/workUnrealEngine4/MotorUnreal4B/Content/' took 0.01s
[2023.12.26-03.45.16:201][  0]SourceControl: Info Source control is disabled
[2023.12.26-03.45.16:201][  0]Cmd: MAP LOAD FILE="../../../Engine/Content/Maps/Templates/Template_Default.umap" TEMPLATE=1 SHOWPROGRESS=1 FEATURELEVEL=3
[2023.12.26-03.45.16:202][  0]LightingResults: New page: Lighting Build
[2023.12.26-03.45.16:242][  0]MapCheck: New page: Map Check
[2023.12.26-03.45.16:242][  0]LightingResults: New page: Lighting Build
[2023.12.26-03.45.16:409][  0]LogAIModule: Creating AISystem for world Untitled_1
[2023.12.26-03.45.16:410][  0]LogActorComponent: RegisterComponentWithWorld: (/Temp/Untitled_1.Untitled_1:PersistentLevel.WorldSettings_1.StaticMeshComponent0) Trying to register component with IsPendingKill() == true. Aborting.
[2023.12.26-03.45.16:414][  0]LogEditorServer: Finished looking for orphan Actors (0.000 secs)
[2023.12.26-03.45.16:422][  0]Cmd: MAP CHECKDEP NOCLEARLOG
[2023.12.26-03.45.16:451][  0]MapCheck: Info Map check complete: 0 Error(s), 0 Warning(s), took 28.662ms to complete.
[2023.12.26-03.45.16:451][  0]LogFileHelpers: Loading map 'Template_Default' took 0.249
[2023.12.26-03.45.16:623][  0]LogCollectionManager: Loaded 0 collections in 0.001385 seconds
[2023.12.26-03.45.16:704][  0]LogFileCache: Scanning file cache for directory 'C:/Users/MelchioT/Documents/workUnrealEngine4/MotorUnreal4B/Saved/Collections/' took 0.01s
[2023.12.26-03.45.16:704][  0]LogFileCache: Scanning file cache for directory 'C:/Users/MelchioT/Documents/workUnrealEngine4/MotorUnreal4B/Content/Developers/MelchioT/Collections/' took 0.01s
[2023.12.26-03.45.16:704][  0]LogFileCache: Scanning file cache for directory 'C:/Users/MelchioT/Documents/workUnrealEngine4/MotorUnreal4B/Content/Collections/' took 0.01s
[2023.12.26-03.45.16:704][  0]LogCollectionManager: Rebuilt the GUID cache for 0 collections in 0.000001 seconds
[2023.12.26-03.45.16:713][  0]LogContentBrowser: Native class hierarchy populated in 0.0084 seconds. Added 2243 classes and 448 folders.
[2023.12.26-03.45.16:715][  0]LogStats: UGameplayTagsManager::ConstructGameplayTagTree: Construct from data asset -  0.000 s
[2023.12.26-03.45.16:715][  0]LogStats: UGameplayTagsManager::ConstructGameplayTagTree: GameplayTagTreeChangedEvent.Broadcast -  0.000 s
[2023.12.26-03.45.16:777][  0]LogContentBrowser: Native class hierarchy updated for 'WidgetCarousel' in 0.0005 seconds. Added 0 classes and 0 folders.
[2023.12.26-03.45.16:803][  0]LogContentBrowser: Native class hierarchy updated for 'AddContentDialog' in 0.0005 seconds. Added 0 classes and 0 folders.
[2023.12.26-03.45.16:844][  0]LogContentBrowser: Native class hierarchy updated for 'SceneOutliner' in 0.0006 seconds. Added 1 classes and 2 folders.
[2023.12.26-03.45.16:889][  0]LogCrashTracker: Crashtracker disabled due to settings.
[2023.12.26-03.45.16:900][  0]LogUObjectGlobals:Warning: Failed to find object 'Class None.'
[2023.12.26-03.45.16:964][  0]LogContentBrowser: Native class hierarchy updated for 'HierarchicalLODOutliner' in 0.0006 seconds. Added 1 classes and 2 folders.
[2023.12.26-03.45.16:964][  0]LogLoad: (Engine Initialization) Total time: 14.23 seconds
[2023.12.26-03.45.16:964][  0]LogLoad: (Engine Initialization) Total Blueprint compile time: 0.08 seconds
[2023.12.26-03.45.16:964][  0]LogExternalProfiler: No external profilers were discovered.  External profiling features will not be available.
[2023.12.26-03.45.16:983][  0]LogOcInput: OculusInput pre-init called
[2023.12.26-03.45.16:998][  0]LogAssetRegistry: Asset discovery search completed in 8.7001 seconds
[2023.12.26-03.45.16:998][  0]LogCollectionManager: Rebuilt the object cache for 0 collections in 0.000001 seconds (found 0 objects)
[2023.12.26-03.45.16:998][  0]LogCollectionManager: Fixed up redirectors for 0 collections in 0.000014 seconds (updated 0 objects)
[2023.12.26-03.45.17:000][  0]LogContentStreaming: Texture pool size now 1000 MB
[2023.12.26-03.45.17:008][  0]LogSlate: Took 0.000256 seconds to synchronously load lazily loaded font '../../../Engine/Content/Slate/Fonts/Roboto-Regular.ttf' (155K)
[2023.12.26-03.45.17:011][  0]LogSlate: Took 0.000295 seconds to synchronously load lazily loaded font '../../../Engine/Content/Slate/Fonts/Roboto-Bold.ttf' (160K)
[2023.12.26-03.45.17:015][  0]LogSlate: Took 0.000245 seconds to synchronously load lazily loaded font '../../../Engine/Content/Editor/Slate/Fonts/FontAwesome.ttf' (139K)
[2023.12.26-03.45.17:124][  0]LogRenderer: Reallocating scene render targets to support 1208x576 NumSamples 1 (Frame:2).
[2023.12.26-03.45.17:168][  0]LogSlate: Took 0.000217 seconds to synchronously load lazily loaded font '../../../Engine/Content/Slate/Fonts/Roboto-Light.ttf' (159K)
[2023.12.26-03.45.26:673][563]LogSlate: Took 0.000148 seconds to synchronously load lazily loaded font '../../../Engine/Content/Slate/Fonts/Roboto-Light.ttf' (159K)
[2023.12.26-03.45.26:688][563]LogAIModule: Creating AISystem for world 00-Limpio
[2023.12.26-03.45.26:703][563]Cmd: MAP LOAD FILE="../../../../../Users/MelchioT/Documents/workUnrealEngine4/MotorUnreal4B/Content/Levels/00-Limpio.umap" TEMPLATE=0 SHOWPROGRESS=1 FEATURELEVEL=3
[2023.12.26-03.45.26:703][563]LightingResults: New page: Lighting Build
[2023.12.26-03.45.26:704][563]LoadErrors: New page: Loading map: 00-Limpio.umap
[2023.12.26-03.45.26:705][563]MapCheck: New page: Map Check
[2023.12.26-03.45.26:705][563]LightingResults: New page: Lighting Build
[2023.12.26-03.45.26:714][563]LogEditorServer: Finished looking for orphan Actors (0.000 secs)
[2023.12.26-03.45.26:729][563]Cmd: MAP CHECKDEP NOCLEARLOG
[2023.12.26-03.45.26:759][563]MapCheck: Info Map check complete: 0 Error(s), 0 Warning(s), took 29.179ms to complete.
[2023.12.26-03.45.26:759][563]LogFileHelpers: Loading map '00-Limpio' took 0.057
[2023.12.26-03.45.27:911][629]LogAIModule: Creating AISystem for world 01-Objetos
[2023.12.26-03.45.27:921][629]Cmd: MAP LOAD FILE="../../../../../Users/MelchioT/Documents/workUnrealEngine4/MotorUnreal4B/Content/Levels/01-Objetos.umap" TEMPLATE=0 SHOWPROGRESS=1 FEATURELEVEL=3
[2023.12.26-03.45.27:921][629]LightingResults: New page: Lighting Build
[2023.12.26-03.45.27:922][629]LoadErrors: New page: Loading map: 01-Objetos.umap
[2023.12.26-03.45.27:923][629]MapCheck: New page: Map Check
[2023.12.26-03.45.27:923][629]LightingResults: New page: Lighting Build
[2023.12.26-03.45.27:932][629]LogEditorServer: Finished looking for orphan Actors (0.000 secs)
[2023.12.26-03.45.27:950][629]Cmd: MAP CHECKDEP NOCLEARLOG
[2023.12.26-03.45.27:979][629]MapCheck: Info Map check complete: 0 Error(s), 0 Warning(s), took 28.975ms to complete.
[2023.12.26-03.45.27:979][629]LogFileHelpers: Loading map '01-Objetos' took 0.058
[2023.12.26-03.45.29:779][733]LogAIModule: Creating AISystem for world 02-Blueprint1
[2023.12.26-03.45.29:789][733]Cmd: MAP LOAD FILE="../../../../../Users/MelchioT/Documents/workUnrealEngine4/MotorUnreal4B/Content/Levels/02-Blueprint1.umap" TEMPLATE=0 SHOWPROGRESS=1 FEATURELEVEL=3
[2023.12.26-03.45.29:789][733]LightingResults: New page: Lighting Build
[2023.12.26-03.45.29:791][733]LoadErrors: New page: Loading map: 02-Blueprint1.umap
[2023.12.26-03.45.29:791][733]MapCheck: New page: Map Check
[2023.12.26-03.45.29:791][733]LightingResults: New page: Lighting Build
[2023.12.26-03.45.29:802][733]LogEditorServer: Finished looking for orphan Actors (0.000 secs)
[2023.12.26-03.45.29:818][733]Cmd: MAP CHECKDEP NOCLEARLOG
[2023.12.26-03.45.29:848][733]MapCheck: Info Map check complete: 0 Error(s), 0 Warning(s), took 29.259ms to complete.
[2023.12.26-03.45.29:848][733]LogFileHelpers: Loading map '02-Blueprint1' took 0.059
[2023.12.26-03.45.31:045][802]LogAIModule: Creating AISystem for world 01-Objetos
[2023.12.26-03.45.31:056][802]Cmd: MAP LOAD FILE="../../../../../Users/MelchioT/Documents/workUnrealEngine4/MotorUnreal4B/Content/Levels/01-Objetos.umap" TEMPLATE=0 SHOWPROGRESS=1 FEATURELEVEL=3
[2023.12.26-03.45.31:056][802]LightingResults: New page: Lighting Build
[2023.12.26-03.45.31:057][802]LoadErrors: New page: Loading map: 01-Objetos.umap
[2023.12.26-03.45.31:058][802]MapCheck: New page: Map Check
[2023.12.26-03.45.31:058][802]LightingResults: New page: Lighting Build
[2023.12.26-03.45.31:068][802]LogEditorServer: Finished looking for orphan Actors (0.000 secs)
[2023.12.26-03.45.31:085][802]Cmd: MAP CHECKDEP NOCLEARLOG
[2023.12.26-03.45.31:114][802]MapCheck: Info Map check complete: 0 Error(s), 0 Warning(s), took 28.786ms to complete.
[2023.12.26-03.45.31:114][802]LogFileHelpers: Loading map '01-Objetos' took 0.059
[2023.12.26-03.45.35:897][ 86]LogAIModule: Creating AISystem for world 02-Blueprint1
[2023.12.26-03.45.35:908][ 86]Cmd: MAP LOAD FILE="../../../../../Users/MelchioT/Documents/workUnrealEngine4/MotorUnreal4B/Content/Levels/02-Blueprint1.umap" TEMPLATE=0 SHOWPROGRESS=1 FEATURELEVEL=3
[2023.12.26-03.45.35:909][ 86]LightingResults: New page: Lighting Build
[2023.12.26-03.45.35:910][ 86]LoadErrors: New page: Loading map: 02-Blueprint1.umap
[2023.12.26-03.45.35:911][ 86]MapCheck: New page: Map Check
[2023.12.26-03.45.35:911][ 86]LightingResults: New page: Lighting Build
[2023.12.26-03.45.35:922][ 86]LogEditorServer: Finished looking for orphan Actors (0.000 secs)
[2023.12.26-03.45.35:939][ 86]Cmd: MAP CHECKDEP NOCLEARLOG
[2023.12.26-03.45.35:972][ 86]MapCheck: Info Map check complete: 0 Error(s), 0 Warning(s), took 32.71ms to complete.
[2023.12.26-03.45.35:972][ 86]LogFileHelpers: Loading map '02-Blueprint1' took 0.064
[2023.12.26-03.45.37:857][197]LogTemp: Repeting last play command: Selected Viewport
[2023.12.26-03.45.37:863][197]LogPlayLevel: PlayLevel: No blueprints needed recompiling
[2023.12.26-03.45.37:864][197]PIE: New page: PIE session: 02-Blueprint1 (Dec 25, 2023, 9:45:37 PM)
[2023.12.26-03.45.37:864][197]LogPlayLevel: Creating play world package: /Game/Levels/UEDPIE_0_02-Blueprint1
[2023.12.26-03.45.37:865][197]LogPlayLevel: PIE: StaticDuplicateObject took: (0.001694s)
[2023.12.26-03.45.37:866][197]LogAIModule: Creating AISystem for world 02-Blueprint1
[2023.12.26-03.45.37:866][197]LogPlayLevel: PIE: World Init took: (0.000819s)
[2023.12.26-03.45.37:866][197]LogPlayLevel: PIE: Created PIE world by copying editor world from /Game/Levels/02-Blueprint1.02-Blueprint1 to /Game/Levels/UEDPIE_0_02-Blueprint1.02-Blueprint1 (0.002726s)
[2023.12.26-03.45.37:881][197]LogInit: XAudio2 using 'Altavoces (Realtek(R) Audio)' : 2 channels at 48 kHz using 16 bits per sample (channel mask 0x3)
[2023.12.26-03.45.37:898][197]LogInit: FAudioDevice initialized.
[2023.12.26-03.45.37:948][197]LogLoad: Game class is 'GameModeBase'
[2023.12.26-03.45.37:951][197]LogWorld: Bringing World /Game/Levels/UEDPIE_0_02-Blueprint1.02-Blueprint1 up for play (max tick rate 60) at 2023.12.26-00.45.37
[2023.12.26-03.45.37:951][197]LogWorld: Bringing up level for play took: 0.000929
[2023.12.26-03.45.37:990][197]LogContentBrowser: Native class hierarchy updated for 'MovieSceneCapture' in 0.0005 seconds. Added 11 classes and 0 folders.
[2023.12.26-03.45.37:991][197]PIE: Info Play in editor start time for /Game/Levels/UEDPIE_0_02-Blueprint1 -0.283
[2023.12.26-03.45.39:978][314]LogAIModule: Creating AISystem for world 03-Blueprint2
[2023.12.26-03.45.41:707][314]Cmd: MAP LOAD FILE="../../../../../Users/MelchioT/Documents/workUnrealEngine4/MotorUnreal4B/Content/Levels/03-Blueprint2.umap" TEMPLATE=0 SHOWPROGRESS=1 FEATURELEVEL=3
[2023.12.26-03.45.41:712][314]LogSlate: Took 0.000156 seconds to synchronously load lazily loaded font '../../../Engine/Content/Slate/Fonts/Roboto-Regular.ttf' (155K)
[2023.12.26-03.45.41:721][314]LightingResults: New page: Lighting Build
[2023.12.26-03.45.41:722][314]LoadErrors: New page: Loading map: 03-Blueprint2.umap
[2023.12.26-03.45.41:723][314]MapCheck: New page: Map Check
[2023.12.26-03.45.41:723][314]LightingResults: New page: Lighting Build
[2023.12.26-03.45.41:735][314]LogEditorServer: Finished looking for orphan Actors (0.000 secs)
[2023.12.26-03.45.41:757][314]Cmd: MAP CHECKDEP NOCLEARLOG
[2023.12.26-03.45.41:787][314]MapCheck: Info Map check complete: 0 Error(s), 0 Warning(s), took 29.817ms to complete.
[2023.12.26-03.45.41:787][314]LogFileHelpers: Loading map '03-Blueprint2' took 1.801
[2023.12.26-03.45.43:952][442]LogTemp: Repeting last play command: Selected Viewport
[2023.12.26-03.45.43:958][442]LogPlayLevel: PlayLevel: No blueprints needed recompiling
[2023.12.26-03.45.43:959][442]PIE: New page: PIE session: 03-Blueprint2 (Dec 25, 2023, 9:45:43 PM)
[2023.12.26-03.45.43:959][442]LogPlayLevel: Creating play world package: /Game/Levels/UEDPIE_0_03-Blueprint2
[2023.12.26-03.45.43:960][442]LogPlayLevel: PIE: StaticDuplicateObject took: (0.001700s)
[2023.12.26-03.45.43:961][442]LogAIModule: Creating AISystem for world 03-Blueprint2
[2023.12.26-03.45.43:961][442]LogPlayLevel: PIE: World Init took: (0.000928s)
[2023.12.26-03.45.43:961][442]LogPlayLevel: PIE: Created PIE world by copying editor world from /Game/Levels/03-Blueprint2.03-Blueprint2 to /Game/Levels/UEDPIE_0_03-Blueprint2.03-Blueprint2 (0.002846s)
[2023.12.26-03.45.43:976][442]LogInit: XAudio2 using 'Altavoces (Realtek(R) Audio)' : 2 channels at 48 kHz using 16 bits per sample (channel mask 0x3)
[2023.12.26-03.45.43:991][442]LogInit: FAudioDevice initialized.
[2023.12.26-03.45.44:021][442]LogLoad: Game class is 'GameModeBase'
[2023.12.26-03.45.44:025][442]LogWorld: Bringing World /Game/Levels/UEDPIE_0_03-Blueprint2.03-Blueprint2 up for play (max tick rate 60) at 2023.12.26-00.45.44
[2023.12.26-03.45.44:025][442]LogWorld: Bringing up level for play took: 0.000909
[2023.12.26-03.45.44:026][442]PIE: Info Play in editor start time for /Game/Levels/UEDPIE_0_03-Blueprint2 -0.248
[2023.12.26-03.45.47:211][631]LogAIModule: Creating AISystem for world 04-Blueprint3
[2023.12.26-03.45.48:170][631]Cmd: MAP LOAD FILE="../../../../../Users/MelchioT/Documents/workUnrealEngine4/MotorUnreal4B/Content/Levels/04-Blueprint3.umap" TEMPLATE=0 SHOWPROGRESS=1 FEATURELEVEL=3
[2023.12.26-03.45.48:185][631]LightingResults: New page: Lighting Build
[2023.12.26-03.45.48:186][631]LoadErrors: New page: Loading map: 04-Blueprint3.umap
[2023.12.26-03.45.48:187][631]MapCheck: New page: Map Check
[2023.12.26-03.45.48:187][631]LightingResults: New page: Lighting Build
[2023.12.26-03.45.48:202][631]LogEditorServer: Finished looking for orphan Actors (0.000 secs)
[2023.12.26-03.45.48:226][631]Cmd: MAP CHECKDEP NOCLEARLOG
[2023.12.26-03.45.48:257][631]MapCheck: Info Map check complete: 0 Error(s), 0 Warning(s), took 31.053ms to complete.
[2023.12.26-03.45.48:257][631]LogFileHelpers: Loading map '04-Blueprint3' took 1.039
[2023.12.26-03.45.50:185][745]LogTemp: Repeting last play command: Selected Viewport
[2023.12.26-03.45.50:192][745]LogPlayLevel: PlayLevel: No blueprints needed recompiling
[2023.12.26-03.45.50:192][745]PIE: New page: PIE session: 04-Blueprint3 (Dec 25, 2023, 9:45:50 PM)
[2023.12.26-03.45.50:192][745]LogPlayLevel: Creating play world package: /Game/Levels/UEDPIE_0_04-Blueprint3
[2023.12.26-03.45.50:194][745]LogPlayLevel: PIE: StaticDuplicateObject took: (0.001724s)
[2023.12.26-03.45.50:195][745]LogAIModule: Creating AISystem for world 04-Blueprint3
[2023.12.26-03.45.50:195][745]LogPlayLevel: PIE: World Init took: (0.000820s)
[2023.12.26-03.45.50:195][745]LogPlayLevel: PIE: Created PIE world by copying editor world from /Game/Levels/04-Blueprint3.04-Blueprint3 to /Game/Levels/UEDPIE_0_04-Blueprint3.04-Blueprint3 (0.002752s)
[2023.12.26-03.45.50:212][745]LogInit: XAudio2 using 'Altavoces (Realtek(R) Audio)' : 2 channels at 48 kHz using 16 bits per sample (channel mask 0x3)
[2023.12.26-03.45.50:227][745]LogInit: FAudioDevice initialized.
[2023.12.26-03.45.50:259][745]LogLoad: Game class is 'GameModeBase'
[2023.12.26-03.45.50:262][745]LogWorld: Bringing World /Game/Levels/UEDPIE_0_04-Blueprint3.04-Blueprint3 up for play (max tick rate 60) at 2023.12.26-00.45.50
[2023.12.26-03.45.50:262][745]LogWorld: Bringing up level for play took: 0.001354
[2023.12.26-03.45.50:263][745]PIE: Info Play in editor start time for /Game/Levels/UEDPIE_0_04-Blueprint3 -0.011
[2023.12.26-03.45.53:166][917]LogAIModule: Creating AISystem for world 05-Blueprint4
[2023.12.26-03.45.54:443][917]Cmd: MAP LOAD FILE="../../../../../Users/MelchioT/Documents/workUnrealEngine4/MotorUnreal4B/Content/Levels/05-Blueprint4.umap" TEMPLATE=0 SHOWPROGRESS=1 FEATURELEVEL=3
[2023.12.26-03.45.54:456][917]LightingResults: New page: Lighting Build
[2023.12.26-03.45.54:458][917]LoadErrors: New page: Loading map: 05-Blueprint4.umap
[2023.12.26-03.45.54:458][917]MapCheck: New page: Map Check
[2023.12.26-03.45.54:458][917]LightingResults: New page: Lighting Build
[2023.12.26-03.45.54:469][917]LogEditorServer: Finished looking for orphan Actors (0.000 secs)
[2023.12.26-03.45.54:494][917]Cmd: MAP CHECKDEP NOCLEARLOG
[2023.12.26-03.45.54:526][917]MapCheck: Info Map check complete: 0 Error(s), 0 Warning(s), took 31.479ms to complete.
[2023.12.26-03.45.54:526][917]LogFileHelpers: Loading map '05-Blueprint4' took 1.350
[2023.12.26-03.45.55:930][999]LogTemp: Repeting last play command: Selected Viewport
[2023.12.26-03.45.55:937][999]LogPlayLevel: PlayLevel: No blueprints needed recompiling
[2023.12.26-03.45.55:937][999]PIE: New page: PIE session: 05-Blueprint4 (Dec 25, 2023, 9:45:55 PM)
[2023.12.26-03.45.55:937][999]LogPlayLevel: Creating play world package: /Game/Levels/UEDPIE_0_05-Blueprint4
[2023.12.26-03.45.55:940][999]LogPlayLevel: PIE: StaticDuplicateObject took: (0.002380s)
[2023.12.26-03.45.55:941][999]LogAIModule: Creating AISystem for world 05-Blueprint4
[2023.12.26-03.45.55:941][999]LogPlayLevel: PIE: World Init took: (0.001117s)
[2023.12.26-03.45.55:941][999]LogPlayLevel: PIE: Created PIE world by copying editor world from /Game/Levels/05-Blueprint4.05-Blueprint4 to /Game/Levels/UEDPIE_0_05-Blueprint4.05-Blueprint4 (0.003759s)
[2023.12.26-03.45.55:956][999]LogInit: XAudio2 using 'Altavoces (Realtek(R) Audio)' : 2 channels at 48 kHz using 16 bits per sample (channel mask 0x3)
[2023.12.26-03.45.55:972][999]LogInit: FAudioDevice initialized.
[2023.12.26-03.45.56:008][999]LogLoad: Game class is 'GameModeBase'
[2023.12.26-03.45.56:011][999]LogWorld: Bringing World /Game/Levels/UEDPIE_0_05-Blueprint4.05-Blueprint4 up for play (max tick rate 60) at 2023.12.26-00.45.56
[2023.12.26-03.45.56:011][999]LogWorld: Bringing up level for play took: 0.000872
[2023.12.26-03.45.56:012][999]PIE: Info Play in editor start time for /Game/Levels/UEDPIE_0_05-Blueprint4 -0.262
[2023.12.26-03.46.00:294][254]LogAIModule: Creating AISystem for world 06-Blueprint5
[2023.12.26-03.46.01:400][254]Cmd: MAP LOAD FILE="../../../../../Users/MelchioT/Documents/workUnrealEngine4/MotorUnreal4B/Content/Levels/06-Blueprint5.umap" TEMPLATE=0 SHOWPROGRESS=1 FEATURELEVEL=3
[2023.12.26-03.46.01:414][254]LightingResults: New page: Lighting Build
[2023.12.26-03.46.01:416][254]LoadErrors: New page: Loading map: 06-Blueprint5.umap
[2023.12.26-03.46.01:416][254]MapCheck: New page: Map Check
[2023.12.26-03.46.01:416][254]LightingResults: New page: Lighting Build
[2023.12.26-03.46.01:428][254]LogEditorServer: Finished looking for orphan Actors (0.000 secs)
[2023.12.26-03.46.01:452][254]Cmd: MAP CHECKDEP NOCLEARLOG
[2023.12.26-03.46.01:483][254]MapCheck: Info Map check complete: 0 Error(s), 0 Warning(s), took 30.699ms to complete.
[2023.12.26-03.46.01:483][254]LogFileHelpers: Loading map '06-Blueprint5' took 1.181
[2023.12.26-03.46.03:292][361]LogTemp: Repeting last play command: Selected Viewport
[2023.12.26-03.46.03:299][361]LogPlayLevel: PlayLevel: No blueprints needed recompiling
[2023.12.26-03.46.03:299][361]PIE: New page: PIE session: 06-Blueprint5 (Dec 25, 2023, 9:46:03 PM)
[2023.12.26-03.46.03:299][361]LogPlayLevel: Creating play world package: /Game/Levels/UEDPIE_0_06-Blueprint5
[2023.12.26-03.46.03:301][361]LogPlayLevel: PIE: StaticDuplicateObject took: (0.001773s)
[2023.12.26-03.46.03:302][361]LogAIModule: Creating AISystem for world 06-Blueprint5
[2023.12.26-03.46.03:302][361]LogPlayLevel: PIE: World Init took: (0.000876s)
[2023.12.26-03.46.03:302][361]LogPlayLevel: PIE: Created PIE world by copying editor world from /Game/Levels/06-Blueprint5.06-Blueprint5 to /Game/Levels/UEDPIE_0_06-Blueprint5.06-Blueprint5 (0.002832s)
[2023.12.26-03.46.03:318][361]LogInit: XAudio2 using 'Altavoces (Realtek(R) Audio)' : 2 channels at 48 kHz using 16 bits per sample (channel mask 0x3)
[2023.12.26-03.46.03:335][361]LogInit: FAudioDevice initialized.
[2023.12.26-03.46.03:369][361]LogLoad: Game class is 'GameModeBase'
[2023.12.26-03.46.03:372][361]LogWorld: Bringing World /Game/Levels/UEDPIE_0_06-Blueprint5.06-Blueprint5 up for play (max tick rate 60) at 2023.12.26-00.46.03
[2023.12.26-03.46.03:372][361]LogWorld: Bringing up level for play took: 0.000984
[2023.12.26-03.46.03:373][361]PIE: Info Play in editor start time for /Game/Levels/UEDPIE_0_06-Blueprint5 -0.901
[2023.12.26-03.46.07:148][586]LogAIModule: Creating AISystem for world 07-Blueprint6
[2023.12.26-03.46.08:364][586]Cmd: MAP LOAD FILE="../../../../../Users/MelchioT/Documents/workUnrealEngine4/MotorUnreal4B/Content/Levels/07-Blueprint6.umap" TEMPLATE=0 SHOWPROGRESS=1 FEATURELEVEL=3
[2023.12.26-03.46.08:379][586]LightingResults: New page: Lighting Build
[2023.12.26-03.46.08:380][586]LoadErrors: New page: Loading map: 07-Blueprint6.umap
[2023.12.26-03.46.08:380][586]MapCheck: New page: Map Check
[2023.12.26-03.46.08:380][586]LightingResults: New page: Lighting Build
[2023.12.26-03.46.08:394][586]LogEditorServer: Finished looking for orphan Actors (0.000 secs)
[2023.12.26-03.46.08:423][586]Cmd: MAP CHECKDEP NOCLEARLOG
[2023.12.26-03.46.08:454][586]MapCheck: Info Map check complete: 0 Error(s), 0 Warning(s), took 30.895ms to complete.
[2023.12.26-03.46.08:454][586]LogFileHelpers: Loading map '07-Blueprint6' took 1.295
[2023.12.26-03.46.09:810][665]LogTemp: Repeting last play command: Selected Viewport
[2023.12.26-03.46.09:816][665]LogPlayLevel: PlayLevel: No blueprints needed recompiling
[2023.12.26-03.46.09:816][665]PIE: New page: PIE session: 07-Blueprint6 (Dec 25, 2023, 9:46:09 PM)
[2023.12.26-03.46.09:817][665]LogPlayLevel: Creating play world package: /Game/Levels/UEDPIE_0_07-Blueprint6
[2023.12.26-03.46.09:818][665]LogPlayLevel: PIE: StaticDuplicateObject took: (0.001739s)
[2023.12.26-03.46.09:819][665]LogAIModule: Creating AISystem for world 07-Blueprint6
[2023.12.26-03.46.09:819][665]LogPlayLevel: PIE: World Init took: (0.000887s)
[2023.12.26-03.46.09:819][665]LogPlayLevel: PIE: Created PIE world by copying editor world from /Game/Levels/07-Blueprint6.07-Blueprint6 to /Game/Levels/UEDPIE_0_07-Blueprint6.07-Blueprint6 (0.002835s)
[2023.12.26-03.46.09:835][665]LogInit: XAudio2 using 'Altavoces (Realtek(R) Audio)' : 2 channels at 48 kHz using 16 bits per sample (channel mask 0x3)
[2023.12.26-03.46.09:849][665]LogInit: FAudioDevice initialized.
[2023.12.26-03.46.09:882][665]LogLoad: Game class is 'GameModeBase'
[2023.12.26-03.46.09:885][665]LogWorld: Bringing World /Game/Levels/UEDPIE_0_07-Blueprint6.07-Blueprint6 up for play (max tick rate 60) at 2023.12.26-00.46.09
[2023.12.26-03.46.09:885][665]LogWorld: Bringing up level for play took: 0.000900
[2023.12.26-03.46.09:886][665]PIE: Info Play in editor start time for /Game/Levels/UEDPIE_0_07-Blueprint6 -0.388
[2023.12.26-03.46.12:803][839]LogBlueprintUserMessages: [6-Delay_623] Hello
[2023.12.26-03.46.14:140][918]LogAIModule: Creating AISystem for world 08-Blueprint7
[2023.12.26-03.46.15:440][918]Cmd: MAP LOAD FILE="../../../../../Users/MelchioT/Documents/workUnrealEngine4/MotorUnreal4B/Content/Levels/08-Blueprint7.umap" TEMPLATE=0 SHOWPROGRESS=1 FEATURELEVEL=3
[2023.12.26-03.46.15:453][918]LightingResults: New page: Lighting Build
[2023.12.26-03.46.15:453][918]LoadErrors: New page: Loading map: 08-Blueprint7.umap
[2023.12.26-03.46.15:455][918]MapCheck: New page: Map Check
[2023.12.26-03.46.15:455][918]LightingResults: New page: Lighting Build
[2023.12.26-03.46.15:467][918]LogEditorServer: Finished looking for orphan Actors (0.000 secs)
[2023.12.26-03.46.15:492][918]Cmd: MAP CHECKDEP NOCLEARLOG
[2023.12.26-03.46.15:523][918]MapCheck: Info Map check complete: 0 Error(s), 0 Warning(s), took 31.077ms to complete.
[2023.12.26-03.46.15:523][918]LogFileHelpers: Loading map '08-Blueprint7' took 1.374
[2023.12.26-03.46.16:494][974]LogTemp: Repeting last play command: Selected Viewport
[2023.12.26-03.46.16:501][974]LogPlayLevel: PlayLevel: No blueprints needed recompiling
[2023.12.26-03.46.16:501][974]PIE: New page: PIE session: 08-Blueprint7 (Dec 25, 2023, 9:46:16 PM)
[2023.12.26-03.46.16:501][974]LogPlayLevel: Creating play world package: /Game/Levels/UEDPIE_0_08-Blueprint7
[2023.12.26-03.46.16:503][974]LogPlayLevel: PIE: StaticDuplicateObject took: (0.001796s)
[2023.12.26-03.46.16:504][974]LogAIModule: Creating AISystem for world 08-Blueprint7
[2023.12.26-03.46.16:504][974]LogPlayLevel: PIE: World Init took: (0.000846s)
[2023.12.26-03.46.16:504][974]LogPlayLevel: PIE: Created PIE world by copying editor world from /Game/Levels/08-Blueprint7.08-Blueprint7 to /Game/Levels/UEDPIE_0_08-Blueprint7.08-Blueprint7 (0.002854s)
[2023.12.26-03.46.16:518][974]LogInit: XAudio2 using 'Altavoces (Realtek(R) Audio)' : 2 channels at 48 kHz using 16 bits per sample (channel mask 0x3)
[2023.12.26-03.46.16:533][974]LogInit: FAudioDevice initialized.
[2023.12.26-03.46.16:570][974]LogLoad: Game class is 'GameModeBase'
[2023.12.26-03.46.16:573][974]LogWorld: Bringing World /Game/Levels/UEDPIE_0_08-Blueprint7.08-Blueprint7 up for play (max tick rate 60) at 2023.12.26-00.46.16
[2023.12.26-03.46.16:573][974]LogWorld: Bringing up level for play took: 0.000959
[2023.12.26-03.46.16:574][974]PIE: Info Play in editor start time for /Game/Levels/UEDPIE_0_08-Blueprint7 0.3
[2023.12.26-03.46.23:568][392]LogAIModule: Creating AISystem for world 09-Blueprint8
[2023.12.26-03.46.24:588][392]Cmd: MAP LOAD FILE="../../../../../Users/MelchioT/Documents/workUnrealEngine4/MotorUnreal4B/Content/Levels/09-Blueprint8.umap" TEMPLATE=0 SHOWPROGRESS=1 FEATURELEVEL=3
[2023.12.26-03.46.24:599][392]LightingResults: New page: Lighting Build
[2023.12.26-03.46.24:601][392]LoadErrors: New page: Loading map: 09-Blueprint8.umap
[2023.12.26-03.46.24:601][392]MapCheck: New page: Map Check
[2023.12.26-03.46.24:601][392]LightingResults: New page: Lighting Build
[2023.12.26-03.46.24:615][392]LogEditorServer: Finished looking for orphan Actors (0.000 secs)
[2023.12.26-03.46.24:638][392]Cmd: MAP CHECKDEP NOCLEARLOG
[2023.12.26-03.46.24:669][392]MapCheck: Info Map check complete: 0 Error(s), 0 Warning(s), took 30.433ms to complete.
[2023.12.26-03.46.24:669][392]LogFileHelpers: Loading map '09-Blueprint8' took 1.093
[2023.12.26-03.46.25:425][435]LogTemp: Repeting last play command: Selected Viewport
[2023.12.26-03.46.25:431][435]LogPlayLevel: PlayLevel: No blueprints needed recompiling
[2023.12.26-03.46.25:431][435]PIE: New page: PIE session: 09-Blueprint8 (Dec 25, 2023, 9:46:25 PM)
[2023.12.26-03.46.25:431][435]LogPlayLevel: Creating play world package: /Game/Levels/UEDPIE_0_09-Blueprint8
[2023.12.26-03.46.25:433][435]LogPlayLevel: PIE: StaticDuplicateObject took: (0.001613s)
[2023.12.26-03.46.25:434][435]LogAIModule: Creating AISystem for world 09-Blueprint8
[2023.12.26-03.46.25:434][435]LogPlayLevel: PIE: World Init took: (0.000826s)
[2023.12.26-03.46.25:434][435]LogPlayLevel: PIE: Created PIE world by copying editor world from /Game/Levels/09-Blueprint8.09-Blueprint8 to /Game/Levels/UEDPIE_0_09-Blueprint8.09-Blueprint8 (0.002624s)
[2023.12.26-03.46.25:450][435]LogInit: XAudio2 using 'Altavoces (Realtek(R) Audio)' : 2 channels at 48 kHz using 16 bits per sample (channel mask 0x3)
[2023.12.26-03.46.25:466][435]LogInit: FAudioDevice initialized.
[2023.12.26-03.46.25:499][435]LogLoad: Game class is 'GameModeBase'
[2023.12.26-03.46.25:502][435]LogWorld: Bringing World /Game/Levels/UEDPIE_0_09-Blueprint8.09-Blueprint8 up for play (max tick rate 60) at 2023.12.26-00.46.25
[2023.12.26-03.46.25:502][435]LogWorld: Bringing up level for play took: 0.000824
[2023.12.26-03.46.25:503][435]PIE: Info Play in editor start time for /Game/Levels/UEDPIE_0_09-Blueprint8 -0.772
[2023.12.26-03.46.32:299][841]LogAIModule: Creating AISystem for world 10-Blueprint9
[2023.12.26-03.46.33:343][841]Cmd: MAP LOAD FILE="../../../../../Users/MelchioT/Documents/workUnrealEngine4/MotorUnreal4B/Content/Levels/10-Blueprint9.umap" TEMPLATE=0 SHOWPROGRESS=1 FEATURELEVEL=3
[2023.12.26-03.46.33:357][841]LightingResults: New page: Lighting Build
[2023.12.26-03.46.33:358][841]LoadErrors: New page: Loading map: 10-Blueprint9.umap
[2023.12.26-03.46.33:359][841]MapCheck: New page: Map Check
[2023.12.26-03.46.33:359][841]LightingResults: New page: Lighting Build
[2023.12.26-03.46.33:372][841]LogEditorServer: Finished looking for orphan Actors (0.000 secs)
[2023.12.26-03.46.33:396][841]Cmd: MAP CHECKDEP NOCLEARLOG
[2023.12.26-03.46.33:426][841]MapCheck: Info Map check complete: 0 Error(s), 0 Warning(s), took 30.411ms to complete.
[2023.12.26-03.46.33:426][841]LogFileHelpers: Loading map '10-Blueprint9' took 1.119
[2023.12.26-03.46.34:000][873]LogTemp: Repeting last play command: Selected Viewport
[2023.12.26-03.46.34:007][873]LogPlayLevel: PlayLevel: No blueprints needed recompiling
[2023.12.26-03.46.34:008][873]PIE: New page: PIE session: 10-Blueprint9 (Dec 25, 2023, 9:46:34 PM)
[2023.12.26-03.46.34:008][873]LogPlayLevel: Creating play world package: /Game/Levels/UEDPIE_0_10-Blueprint9
[2023.12.26-03.46.34:010][873]LogPlayLevel: PIE: StaticDuplicateObject took: (0.002070s)
[2023.12.26-03.46.34:010][873]LogAIModule: Creating AISystem for world 10-Blueprint9
[2023.12.26-03.46.34:011][873]LogPlayLevel: PIE: World Init took: (0.000803s)
[2023.12.26-03.46.34:011][873]LogPlayLevel: PIE: Created PIE world by copying editor world from /Game/Levels/10-Blueprint9.10-Blueprint9 to /Game/Levels/UEDPIE_0_10-Blueprint9.10-Blueprint9 (0.003106s)
[2023.12.26-03.46.34:026][873]LogInit: XAudio2 using 'Altavoces (Realtek(R) Audio)' : 2 channels at 48 kHz using 16 bits per sample (channel mask 0x3)
[2023.12.26-03.46.34:045][873]LogInit: FAudioDevice initialized.
[2023.12.26-03.46.34:082][873]LogLoad: Game class is 'GameModeBase'
[2023.12.26-03.46.34:084][873]LogWorld: Bringing World /Game/Levels/UEDPIE_0_10-Blueprint9.10-Blueprint9 up for play (max tick rate 60) at 2023.12.26-00.46.34
[2023.12.26-03.46.34:084][873]LogWorld: Bringing up level for play took: 0.000830
[2023.12.26-03.46.34:086][873]PIE: Info Play in editor start time for /Game/Levels/UEDPIE_0_10-Blueprint9 -0.189
[2023.12.26-03.47.37:447][377]LogContentBrowser: Native class hierarchy updated for 'BlueprintGraph' in 0.0008 seconds. Added 112 classes and 0 folders.
[2023.12.26-03.47.38:004][377]LogSlate: Took 0.000246 seconds to synchronously load lazily loaded font '../../../Engine/Content/Editor/Slate/Fonts/Roboto-BoldCondensed.ttf' (158K)
[2023.12.26-03.47.38:066][378]LogSlate: Took 0.000247 seconds to synchronously load lazily loaded font '../../../Engine/Content/Editor/Slate/Fonts/Roboto-Italic.ttf' (157K)
[2023.12.26-03.47.43:616][690]Cmd: QUIT_EDITOR
[2023.12.26-03.47.43:892][690]LogWindowsTextInputMethodSystem:Display: IME system now deactivated.
[2023.12.26-03.47.43:918][690]LogExit: Preparing to exit.
[2023.12.26-03.47.45:134][690]LogDirectoryWatcher: A directory notification for 'C:/Users/MelchioT/Documents/workUnrealEngine4/MotorUnreal4B/Content/' was aborted.
[2023.12.26-03.47.45:157][690]LogExit: Editor shut down
[2023.12.26-03.47.45:157][690]LogExit: Transaction tracking system shut down
[2023.12.26-03.47.45:228][690]LogObj: Freed 0b from 0 cluster array pools.
[2023.12.26-03.47.45:228][690]LogExit: Object subsystem successfully closed.
[2023.12.26-03.47.45:244][690]LogD3D11RHI: Shutdown
[2023.12.26-03.47.45:244][690]LogD3D11RHI: CleanupD3DDevice
[2023.12.26-03.47.45:339][690]LogD3D11RHI: ~FD3D11DynamicRHI
[2023.12.26-03.47.45:348][690]LogModuleManager: Shutting down and abandoning module BlueprintGraph (486)
[2023.12.26-03.47.45:348][690]LogModuleManager: Shutting down and abandoning module BlueprintProfiler (484)
[2023.12.26-03.47.45:348][690]LogModuleManager: Shutting down and abandoning module MovieSceneCapture (482)
[2023.12.26-03.47.45:348][690]LogModuleManager: Shutting down and abandoning module HierarchicalLODOutliner (480)
[2023.12.26-03.47.45:349][690]LogModuleManager: Shutting down and abandoning module CrashTracker (478)
[2023.12.26-03.47.45:349][690]LogModuleManager: Shutting down and abandoning module SceneOutliner (476)
[2023.12.26-03.47.45:349][690]LogModuleManager: Shutting down and abandoning module AddContentDialog (474)
[2023.12.26-03.47.45:349][690]LogDirectoryWatcher: A directory notification for 'C:/Program Files/Unreal Engine 4 (4.15.0)/FeaturePacks/' was aborted.
[2023.12.26-03.47.45:349][690]LogModuleManager: Shutting down and abandoning module WidgetCarousel (473)
[2023.12.26-03.47.45:349][690]LogModuleManager: Shutting down and abandoning module EditorWidgets (470)
[2023.12.26-03.47.45:349][690]LogModuleManager: Shutting down and abandoning module CollectionManager (468)
[2023.12.26-03.47.45:349][690]LogDirectoryWatcher: A directory notification for 'C:/Users/MelchioT/Documents/workUnrealEngine4/MotorUnreal4B/Content/Collections/' was aborted.
[2023.12.26-03.47.45:349][690]LogDirectoryWatcher: A directory notification for 'C:/Users/MelchioT/Documents/workUnrealEngine4/MotorUnreal4B/Content/Developers/MelchioT/Collections/' was aborted.
[2023.12.26-03.47.45:349][690]LogDirectoryWatcher: A directory notification for 'C:/Users/MelchioT/Documents/workUnrealEngine4/MotorUnreal4B/Saved/Collections/' was aborted.
[2023.12.26-03.47.45:349][690]LogModuleManager: Shutting down and abandoning module StatsViewer (466)
[2023.12.26-03.47.45:350][690]LogModuleManager: Shutting down and abandoning module FoliageEdit (464)
[2023.12.26-03.47.45:350][690]LogModuleManager: Shutting down and abandoning module LandscapeEditor (462)
[2023.12.26-03.47.45:350][690]LogModuleManager: Shutting down and abandoning module SceneDepthPickerMode (460)
[2023.12.26-03.47.45:350][690]LogModuleManager: Shutting down and abandoning module ActorPickerMode (458)
[2023.12.26-03.47.45:350][690]LogModuleManager: Shutting down and abandoning module GeometryMode (456)
[2023.12.26-03.47.45:350][690]LogModuleManager: Shutting down and abandoning module TextureAlignMode (454)
[2023.12.26-03.47.45:350][690]LogModuleManager: Shutting down and abandoning module BspMode (452)
[2023.12.26-03.47.45:350][690]LogModuleManager: Shutting down and abandoning module HardwareSurvey (450)
[2023.12.26-03.47.45:350][690]LogModuleManager: Shutting down and abandoning module SequenceRecorderSections (448)
[2023.12.26-03.47.45:350][690]LogModuleManager: Shutting down and abandoning module AutomationWorker (446)
[2023.12.26-03.47.45:350][690]LogModuleManager: Shutting down and abandoning module MatineeToLevelSequence (444)
[2023.12.26-03.47.45:350][690]LogModuleManager: Shutting down and abandoning module LevelSequenceEditor (442)
[2023.12.26-03.47.45:350][690]LogModuleManager: Shutting down and abandoning module PlacementMode (441)
[2023.12.26-03.47.45:350][690]LogModuleManager: Shutting down and abandoning module WmfMediaFactory (438)
[2023.12.26-03.47.45:350][690]LogModuleManager: Shutting down and abandoning module WmfMediaEditor (436)
[2023.12.26-03.47.45:350][690]LogModuleManager: Shutting down and abandoning module MfMediaFactory (434)
[2023.12.26-03.47.45:350][690]LogModuleManager: Shutting down and abandoning module MfMediaEditor (432)
[2023.12.26-03.47.45:350][690]LogModuleManager: Shutting down and abandoning module AvfMediaFactory (430)
[2023.12.26-03.47.45:350][690]LogModuleManager: Shutting down and abandoning module AvfMediaEditor (428)
[2023.12.26-03.47.45:350][690]LogModuleManager: Shutting down and abandoning module AndroidMediaFactory (426)
[2023.12.26-03.47.45:350][690]LogModuleManager: Shutting down and abandoning module Media (425)
[2023.12.26-03.47.45:350][690]LogModuleManager: Shutting down and abandoning module AndroidMediaEditor (422)
[2023.12.26-03.47.45:350][690]LogModuleManager: Shutting down and abandoning module CharacterAI (420)
[2023.12.26-03.47.45:350][690]LogModuleManager: Shutting down and abandoning module AudioCapture (418)
[2023.12.26-03.47.45:350][690]LogModuleManager: Shutting down and abandoning module SequenceRecorder (417)
[2023.12.26-03.47.45:350][690]LogModuleManager: Shutting down and abandoning module SmartSnapping (414)
[2023.12.26-03.47.45:350][690]LogModuleManager: Shutting down and abandoning module SessionServices (412)
[2023.12.26-03.47.45:350][690]LogModuleManager: Shutting down and abandoning module ViewportSnapping (410)
[2023.12.26-03.47.45:350][690]LogModuleManager: Shutting down and abandoning module ViewportInteraction (408)
[2023.12.26-03.47.45:350][690]LogModuleManager: Shutting down and abandoning module LogVisualizer (406)
[2023.12.26-03.47.45:350][690]LogModuleManager: Shutting down and abandoning module IntroTutorials (404)
[2023.12.26-03.47.45:350][690]LogModuleManager: Shutting down and abandoning module GameProjectGeneration (403)
[2023.12.26-03.47.45:350][690]LogModuleManager: Shutting down and abandoning module EditorLiveStreaming (400)
[2023.12.26-03.47.45:350][690]LogModuleManager: Shutting down and abandoning module IOSPlatformEditor (398)
[2023.12.26-03.47.45:350][690]LogModuleManager: Shutting down and abandoning module HTML5PlatformEditor (396)
[2023.12.26-03.47.45:350][690]LogModuleManager: Shutting down and abandoning module AndroidPlatformEditor (394)
[2023.12.26-03.47.45:350][690]LogModuleManager: Shutting down and abandoning module AndroidDeviceDetection (393)
[2023.12.26-03.47.45:853][690]LogModuleManager: Shutting down and abandoning module IOSRuntimeSettings (390)
[2023.12.26-03.47.45:853][690]LogModuleManager: Shutting down and abandoning module AndroidRuntimeSettings (388)
[2023.12.26-03.47.45:853][690]LogModuleManager: Shutting down and abandoning module InputBindingEditor (386)
[2023.12.26-03.47.45:853][690]LogModuleManager: Shutting down and abandoning module NiagaraEditor (384)
[2023.12.26-03.47.45:853][690]LogModuleManager: Shutting down and abandoning module MergeActors (382)
[2023.12.26-03.47.45:853][690]LogModuleManager: Shutting down and abandoning module SizeMap (380)
[2023.12.26-03.47.45:853][690]LogModuleManager: Shutting down and abandoning module TreeMap (378)
[2023.12.26-03.47.45:853][690]LogModuleManager: Shutting down and abandoning module ReferenceViewer (376)
[2023.12.26-03.47.45:853][690]LogModuleManager: Shutting down and abandoning module LocalizationDashboard (374)
[2023.12.26-03.47.45:853][690]LogModuleManager: Shutting down and abandoning module LocalizationService (373)
[2023.12.26-03.47.45:853][690]LogModuleManager: Shutting down and abandoning module HardwareTargeting (370)
[2023.12.26-03.47.45:853][690]LogModuleManager: Shutting down and abandoning module DeviceProfileEditor (368)
[2023.12.26-03.47.45:853][690]LogModuleManager: Shutting down and abandoning module UndoHistory (366)
[2023.12.26-03.47.45:853][690]LogModuleManager: Shutting down and abandoning module UserFeedback (364)
[2023.12.26-03.47.45:853][690]LogModuleManager: Shutting down and abandoning module XmlParser (362)
[2023.12.26-03.47.45:853][690]LogModuleManager: Shutting down and abandoning module Blutility (360)
[2023.12.26-03.47.45:853][690]LogModuleManager: Shutting down and abandoning module ProjectSettingsViewer (358)
[2023.12.26-03.47.45:853][690]LogModuleManager: Shutting down and abandoning module ProjectTargetPlatformEditor (357)
[2023.12.26-03.47.45:853][690]LogModuleManager: Shutting down and abandoning module EditorSettingsViewer (354)
[2023.12.26-03.47.45:853][690]LogModuleManager: Shutting down and abandoning module SettingsEditor (352)
[2023.12.26-03.47.45:853][690]LogModuleManager: Shutting down and abandoning module ProjectLauncher (350)
[2023.12.26-03.47.45:853][690]LogModuleManager: Shutting down and abandoning module SessionFrontend (348)
[2023.12.26-03.47.45:853][690]LogModuleManager: Shutting down and abandoning module ProfilerClient (346)
[2023.12.26-03.47.45:853][690]LogModuleManager: Shutting down and abandoning module DeviceManager (344)
[2023.12.26-03.47.45:853][690]LogModuleManager: Shutting down and abandoning module TargetDeviceServices (343)
[2023.12.26-03.47.45:897][690]LogModuleManager: Shutting down and abandoning module AutomationController (340)
[2023.12.26-03.47.45:897][690]LogModuleManager: Shutting down and abandoning module AutomationWindow (338)
[2023.12.26-03.47.45:897][690]LogModuleManager: Shutting down and abandoning module Layers (336)
[2023.12.26-03.47.45:897][690]LogModuleManager: Shutting down and abandoning module ComponentVisualizers (334)
[2023.12.26-03.47.45:897][690]LogModuleManager: Shutting down and abandoning module DetailCustomizations (332)
[2023.12.26-03.47.45:897][690]LogModuleManager: Shutting down and abandoning module PackagesDialog (330)
[2023.12.26-03.47.45:897][690]LogModuleManager: Shutting down and abandoning module Persona (328)
[2023.12.26-03.47.45:897][690]LogModuleManager: Shutting down and abandoning module AnimGraph (327)
[2023.12.26-03.47.45:897][690]LogModuleManager: Shutting down and abandoning module Kismet (324)
[2023.12.26-03.47.45:902][690]LogModuleManager: Shutting down and abandoning module GraphEditor (322)
[2023.12.26-03.47.45:902][690]LogModuleManager: Shutting down and abandoning module ClassViewer (320)
[2023.12.26-03.47.45:902][690]LogModuleManager: Shutting down and abandoning module Toolbox (318)
[2023.12.26-03.47.45:902][690]LogModuleManager: Shutting down and abandoning module ModuleUI (316)
[2023.12.26-03.47.45:902][690]LogModuleManager: Shutting down and abandoning module MovieSceneTools (314)
[2023.12.26-03.47.45:902][690]LogModuleManager: Shutting down and abandoning module OutputLog (312)
[2023.12.26-03.47.45:902][690]LogModuleManager: Shutting down and abandoning module GammaUI (310)
[2023.12.26-03.47.45:902][690]LogModuleManager: Shutting down and abandoning module Documentation (308)
[2023.12.26-03.47.45:903][690]LogModuleManager: Shutting down and abandoning module Niagara (306)
[2023.12.26-03.47.45:903][690]LogModuleManager: Shutting down and abandoning module StreamingPauseRendering (304)
[2023.12.26-03.47.45:903][690]LogModuleManager: Shutting down and abandoning module AnalyticsET (302)
[2023.12.26-03.47.45:903][690]LogModuleManager: Shutting down and abandoning module PortalServices (300)
[2023.12.26-03.47.45:903][690]LogModuleManager: Shutting down and abandoning module PortalRpc (298)
[2023.12.26-03.47.45:903][690]LogModuleManager: Shutting down and abandoning module MessagingRpc (296)
[2023.12.26-03.47.45:903][690]LogModuleManager: Shutting down and abandoning module AIModule (294)
[2023.12.26-03.47.45:903][690]LogModuleManager: Shutting down and abandoning module GameplayDebugger (293)
[2023.12.26-03.47.45:903][690]LogModuleManager: Shutting down and abandoning module AITestSuite (291)
[2023.12.26-03.47.45:903][690]LogModuleManager: Shutting down and abandoning module ProfilerService (288)
[2023.12.26-03.47.46:146][690]LogModuleManager: Shutting down and abandoning module TaskGraph (286)
[2023.12.26-03.47.46:146][690]LogModuleManager: Shutting down and abandoning module SteamVRController (284)
[2023.12.26-03.47.46:146][690]LogModuleManager: Shutting down and abandoning module SteamVR (282)
[2023.12.26-03.47.46:146][690]LogModuleManager: Shutting down and abandoning module ProceduralMeshComponentEditor (280)
[2023.12.26-03.47.46:146][690]LogModuleManager: Shutting down and abandoning module ProceduralMeshComponent (278)
[2023.12.26-03.47.46:146][690]LogModuleManager: Shutting down and abandoning module OculusLibrary (276)
[2023.12.26-03.47.46:146][690]LogModuleManager: Shutting down and abandoning module OculusInput (274)
[2023.12.26-03.47.46:146][690]LogModuleManager: Shutting down and abandoning module MobilePatchingUtils (272)
[2023.12.26-03.47.46:146][690]LogModuleManager: Shutting down and abandoning module CustomMeshComponent (270)
[2023.12.26-03.47.46:146][690]LogModuleManager: Shutting down and abandoning module CableComponent (268)
[2023.12.26-03.47.46:146][690]LogModuleManager: Shutting down and abandoning module ArchVisCharacter (266)
[2023.12.26-03.47.46:146][690]LogModuleManager: Shutting down and abandoning module MediaPlayerEditor (262)
[2023.12.26-03.47.46:146][690]LogModuleManager: Shutting down and abandoning module HTML5Networking (260)
[2023.12.26-03.47.46:146][690]LogModuleManager: Shutting down and abandoning module AlembicImporter (258)
[2023.12.26-03.47.46:146][690]LogModuleManager: Shutting down and abandoning module AlembicLibrary (257)
[2023.12.26-03.47.46:146][690]LogModuleManager: Shutting down and abandoning module GeometryCache (256)
[2023.12.26-03.47.46:146][690]LogModuleManager: Shutting down and abandoning module GeometryCacheEd (255)
[2023.12.26-03.47.46:146][690]LogModuleManager: Shutting down and abandoning module SuperSearchEditor (250)
[2023.12.26-03.47.46:146][690]LogModuleManager: Shutting down and abandoning module SuperSearch (249)
[2023.12.26-03.47.46:146][690]LogModuleManager: Shutting down and abandoning module SpeedTreeImporter (246)
[2023.12.26-03.47.46:146][690]LogModuleManager: Shutting down and abandoning module PluginBrowser (244)
[2023.12.26-03.47.46:146][690]LogModuleManager: Shutting down and abandoning module MobileLauncherProfileWizard (242)
[2023.12.26-03.47.46:146][690]LogModuleManager: Shutting down and abandoning module EpicSurvey (240)
[2023.12.26-03.47.46:146][690]LogModuleManager: Shutting down and abandoning module VisualStudioSourceCodeAccess (238)
[2023.12.26-03.47.46:146][690]LogModuleManager: Shutting down and abandoning module DesktopPlatform (237)
[2023.12.26-03.47.46:146][690]LogModuleManager: Shutting down and abandoning module UObjectPlugin (234)
[2023.12.26-03.47.46:146][690]LogModuleManager: Shutting down and abandoning module SubversionSourceControl (232)
[2023.12.26-03.47.46:146][690]LogModuleManager: Shutting down and abandoning module PerforceSourceControl (230)
[2023.12.26-03.47.46:146][690]LogModuleManager: Shutting down and abandoning module GitSourceControl (228)
[2023.12.26-03.47.46:146][690]LogModuleManager: Shutting down and abandoning module SourceControl (227)
[2023.12.26-03.47.46:146][690]LogModuleManager: Shutting down and abandoning module LightPropagationVolumeEditor (224)
[2023.12.26-03.47.46:146][690]LogModuleManager: Shutting down and abandoning module PaperTiledImporter (222)
[2023.12.26-03.47.46:146][690]LogModuleManager: Shutting down and abandoning module PaperSpriteSheetImporter (220)
[2023.12.26-03.47.46:146][690]LogModuleManager: Shutting down and abandoning module Paper2DEditor (218)
[2023.12.26-03.47.46:146][690]LogModuleManager: Shutting down and abandoning module MeshPaint (217)
[2023.12.26-03.47.46:146][690]LogModuleManager: Shutting down and abandoning module LevelEditor (215)
[2023.12.26-03.47.46:147][690]LogModuleManager: Shutting down and abandoning module PixelInspectorModule (214)
[2023.12.26-03.47.46:147][690]LogModuleManager: Shutting down and abandoning module MainFrame (212)
[2023.12.26-03.47.46:147][690]LogModuleManager: Shutting down and abandoning module HotReload (211)
[2023.12.26-03.47.46:147][690]LogModuleManager: Shutting down and abandoning module ContentBrowser (207)
[2023.12.26-03.47.46:148][690]LogModuleManager: Shutting down and abandoning module PhysXVehiclesEditor (204)
[2023.12.26-03.47.46:148][690]LogModuleManager: Shutting down and abandoning module PhysXVehicles (202)
[2023.12.26-03.47.46:148][690]LogModuleManager: Shutting down and abandoning module LocationServicesBPLibrary (200)
[2023.12.26-03.47.46:148][690]LogModuleManager: Shutting down and abandoning module UdpMessaging (198)
[2023.12.26-03.47.46:249][690]LogModuleManager: Shutting down and abandoning module TcpMessaging (196)
[2023.12.26-03.47.46:349][690]LogModuleManager: Shutting down and abandoning module GameplayTagsEditor (194)
[2023.12.26-03.47.46:349][690]LogModuleManager: Shutting down and abandoning module FacialAnimationEditor (192)
[2023.12.26-03.47.46:349][690]LogModuleManager: Shutting down and abandoning module FacialAnimation (190)
[2023.12.26-03.47.46:349][690]LogModuleManager: Shutting down and abandoning module LightPropagationVolumeRuntime (188)
[2023.12.26-03.47.46:349][690]LogModuleManager: Shutting down and abandoning module Paper2D (186)
[2023.12.26-03.47.46:349][690]LogModuleManager: Shutting down and abandoning module WindowsMoviePlayer (184)
[2023.12.26-03.47.46:349][690]LogModuleManager: Shutting down and abandoning module WmfMedia (182)
[2023.12.26-03.47.46:350][690]LogModuleManager: Shutting down and abandoning module MfMedia (180)
[2023.12.26-03.47.46:350][690]LogModuleManager: Shutting down and abandoning module MediaAssets (178)
[2023.12.26-03.47.46:350][690]LogModuleManager: Shutting down and abandoning module GameLiveStreaming (176)
[2023.12.26-03.47.46:350][690]LogModuleManager: Shutting down and abandoning module VREditor (174)
[2023.12.26-03.47.46:350][690]LogModuleManager: Shutting down and abandoning module GameplayTasksEditor (172)
[2023.12.26-03.47.46:350][690]LogModuleManager: Shutting down and abandoning module BehaviorTreeEditor (170)
[2023.12.26-03.47.46:350][690]LogModuleManager: Shutting down and abandoning module FunctionalTesting (168)
[2023.12.26-03.47.46:350][690]LogModuleManager: Shutting down and abandoning module CollisionAnalyzer (166)
[2023.12.26-03.47.46:350][690]LogModuleManager: Shutting down and abandoning module UMG (164)
[2023.12.26-03.47.46:350][690]LogModuleManager: Shutting down and abandoning module UMGEditor (163)
[2023.12.26-03.47.46:351][690]LogModuleManager: Shutting down and abandoning module Sequencer (162)
[2023.12.26-03.47.46:351][690]LogModuleManager: Shutting down and abandoning module AssetTools (160)
[2023.12.26-03.47.46:351][690]LogModuleManager: Shutting down and abandoning module MessageLog (159)
[2023.12.26-03.47.46:351][690]LogModuleManager: Shutting down and abandoning module WorkspaceMenuStructure (158)
[2023.12.26-03.47.46:351][690]LogModuleManager: Shutting down and abandoning module SlateReflector (152)
[2023.12.26-03.47.46:351][690]LogModuleManager: Shutting down and abandoning module Slate (150)
[2023.12.26-03.47.46:351][690]LogModuleManager: Shutting down and abandoning module EditorStyle (148)
[2023.12.26-03.47.46:353][690]LogModuleManager: Shutting down and abandoning module SourceCodeAccess (146)
[2023.12.26-03.47.46:353][690]LogModuleManager: Shutting down and abandoning module HeadMountedDisplay (144)
[2023.12.26-03.47.46:353][690]LogModuleManager: Shutting down and abandoning module XAudio2 (142)
[2023.12.26-03.47.46:353][690]LogModuleManager: Shutting down and abandoning module Networking (140)
[2023.12.26-03.47.46:353][690]LogModuleManager: Shutting down and abandoning module Core (136)
[2023.12.26-03.47.46:353][690]LogModuleManager: Shutting down and abandoning module AssetRegistry (134)
[2023.12.26-03.47.46:426][690]LogDirectoryWatcher: A directory notification for '../../../Engine/Content/' was aborted.
[2023.12.26-03.47.46:426][690]LogDirectoryWatcher: A directory notification for '../../../../../Users/MelchioT/Documents/workUnrealEngine4/MotorUnreal4B/Content/' was aborted.
[2023.12.26-03.47.46:426][690]LogDirectoryWatcher: A directory notification for '../../../Engine/Plugins/2D/Paper2D/Content/' was aborted.
[2023.12.26-03.47.46:427][690]LogModuleManager: Shutting down and abandoning module DirectoryWatcher (133)
[2023.12.26-03.47.46:427][690]LogModuleManager: Shutting down and abandoning module KismetCompiler (130)
[2023.12.26-03.47.46:427][690]LogModuleManager: Shutting down and abandoning module PhysXFormats (128)
[2023.12.26-03.47.46:427][690]LogModuleManager: Shutting down and abandoning module MeshUtilities (126)
[2023.12.26-03.47.46:427][690]LogModuleManager: Shutting down and abandoning module QuadricMeshReduction (125)
[2023.12.26-03.47.46:427][690]LogModuleManager: Shutting down and abandoning module PropertyEditor (123)
[2023.12.26-03.47.46:427][690]LogModuleManager: Shutting down and abandoning module DerivedDataCache (120)
[2023.12.26-03.47.46:432][690]LogDerivedDataCache: Shutdown
[2023.12.26-03.47.46:432][690]LogModuleManager: Shutting down and abandoning module TargetPlatform (118)
[2023.12.26-03.47.46:432][690]LogModuleManager: Shutting down and abandoning module VulkanShaderFormat (117)
[2023.12.26-03.47.46:432][690]LogModuleManager: Shutting down and abandoning module MetalShaderFormat (115)
[2023.12.26-03.47.46:432][690]LogModuleManager: Shutting down and abandoning module ShaderFormatD3D (113)
[2023.12.26-03.47.46:432][690]LogModuleManager: Shutting down and abandoning module ShaderFormatOpenGL (111)
[2023.12.26-03.47.46:432][690]LogModuleManager: Shutting down and abandoning module TextureFormatUncompressed (109)
[2023.12.26-03.47.46:432][690]LogModuleManager: Shutting down and abandoning module TextureFormatASTC (107)
[2023.12.26-03.47.46:432][690]LogModuleManager: Shutting down and abandoning module ImageWrapper (106)
[2023.12.26-03.47.46:432][690]LogModuleManager: Shutting down and abandoning module TextureFormatPVR (103)
[2023.12.26-03.47.46:432][690]LogModuleManager: Shutting down and abandoning module TextureFormatDXT (101)
[2023.12.26-03.47.46:432][690]LogModuleManager: Shutting down and abandoning module TextureFormatIntelISPCTexComp (99)
[2023.12.26-03.47.46:432][690]LogModuleManager: Shutting down and abandoning module AudioFormatOpus (97)
[2023.12.26-03.47.46:432][690]LogModuleManager: Shutting down and abandoning module AudioFormatOgg (95)
[2023.12.26-03.47.46:432][690]LogModuleManager: Shutting down and abandoning module AudioFormatADPCM (93)
[2023.12.26-03.47.46:432][690]LogModuleManager: Shutting down and abandoning module TVOSTargetPlatform (91)
[2023.12.26-03.47.46:433][690]LogModuleManager: Shutting down and abandoning module Messaging (89)
[2023.12.26-03.47.46:433][690]LogModuleManager: Shutting down and abandoning module IOSTargetPlatform (87)
[2023.12.26-03.47.46:433][690]LogModuleManager: Shutting down and abandoning module HTML5TargetPlatform (85)
[2023.12.26-03.47.46:433][690]LogModuleManager: Shutting down and abandoning module Android_MultiTargetPlatform (83)
[2023.12.26-03.47.46:433][690]LogModuleManager: Shutting down and abandoning module Android_ASTCTargetPlatform (81)
[2023.12.26-03.47.46:433][690]LogModuleManager: Shutting down and abandoning module Android_ETC2TargetPlatform (79)
[2023.12.26-03.47.46:433][690]LogModuleManager: Shutting down and abandoning module Android_ETC1TargetPlatform (77)
[2023.12.26-03.47.46:433][690]LogModuleManager: Shutting down and abandoning module Android_DXTTargetPlatform (75)
[2023.12.26-03.47.46:433][690]LogModuleManager: Shutting down and abandoning module Android_ATCTargetPlatform (73)
[2023.12.26-03.47.46:433][690]LogModuleManager: Shutting down and abandoning module Android_PVRTCTargetPlatform (71)
[2023.12.26-03.47.46:433][690]LogModuleManager: Shutting down and abandoning module AndroidTargetPlatform (69)
[2023.12.26-03.47.46:433][690]LogModuleManager: Shutting down and abandoning module AllDesktopTargetPlatform (67)
[2023.12.26-03.47.46:433][690]LogModuleManager: Shutting down and abandoning module WindowsClientTargetPlatform (65)
[2023.12.26-03.47.46:433][690]LogModuleManager: Shutting down and abandoning module WindowsServerTargetPlatform (63)
[2023.12.26-03.47.46:433][690]LogModuleManager: Shutting down and abandoning module WindowsNoEditorTargetPlatform (61)
[2023.12.26-03.47.46:433][690]LogModuleManager: Shutting down and abandoning module WindowsTargetPlatform (59)
[2023.12.26-03.47.46:433][690]LogModuleManager: Shutting down and abandoning module MacClientTargetPlatform (57)
[2023.12.26-03.47.46:433][690]LogModuleManager: Shutting down and abandoning module MacServerTargetPlatform (55)
[2023.12.26-03.47.46:433][690]LogModuleManager: Shutting down and abandoning module MacNoEditorTargetPlatform (53)
[2023.12.26-03.47.46:433][690]LogModuleManager: Shutting down and abandoning module MacTargetPlatform (51)
[2023.12.26-03.47.46:433][690]LogModuleManager: Shutting down and abandoning module InputCore (48)
[2023.12.26-03.47.46:433][690]LogModuleManager: Shutting down and abandoning module Settings (46)
[2023.12.26-03.47.46:433][690]LogModuleManager: Shutting down and abandoning module OculusRift (44)
[2023.12.26-03.47.46:433][690]LogModuleManager: Shutting down and abandoning module ExampleDeviceProfileSelector (42)
[2023.12.26-03.47.46:433][690]LogModuleManager: Shutting down and abandoning module OnlineBlueprintSupport (40)
[2023.12.26-03.47.46:433][690]LogModuleManager: Shutting down and abandoning module OnlineSubsystem (36)
[2023.12.26-03.47.46:433][690]LogOnline:Display: Unloading online subsystem: NULL
[2023.12.26-03.47.46:433][690]LogModuleManager: Shutting down and abandoning module HTTP (35)
[2023.12.26-03.47.46:433][690]LogHttp:Display: Http module shutting down, but needs to wait on 1 outstanding Http requests:
[2023.12.26-03.47.46:433][690]LogHttp:Display: 	verb=[POST] url=[https://datarouter.ol.epicgames.com/datarouter/api/v1/public/data?SessionID=%7B9C3B5FD1-48B7-2783-A569-55833445C85F%7D&AppID=UEEditor.UnrealEngine.Release&AppVersion=4.15.0-0%2B%2B%2BUE4%2BRelease-4.15&UserID=aa7ec4a94460bf88f1f872b01bef9583%7C8cfcda83180144cdb9bb2bc7d773924e%7C775b68d6-d1f3-44da-96ce-dab51d83f808&AppEnvironment=datacollector-source&UploadType=eteventstream] status=Processing
[2023.12.26-03.47.46:464][690]LogModuleManager: Shutting down and abandoning module SSL (34)
[2023.12.26-03.47.46:465][690]LogModuleManager: Shutting down and abandoning module AudioEditor (30)
[2023.12.26-03.47.46:465][690]LogModuleManager: Shutting down and abandoning module TextureCompressor (28)
[2023.12.26-03.47.46:465][690]LogModuleManager: Shutting down and abandoning module ShaderCore (26)
[2023.12.26-03.47.46:465][690]LogModuleManager: Shutting down and abandoning module Landscape (24)
[2023.12.26-03.47.46:465][690]LogModuleManager: Shutting down and abandoning module SlateRHIRenderer (22)
[2023.12.26-03.47.46:467][690]LogModuleManager: Shutting down and abandoning module OpenGLDrv (20)
[2023.12.26-03.47.46:467][690]LogModuleManager: Shutting down and abandoning module D3D11RHI (18)
[2023.12.26-03.47.46:467][690]LogModuleManager: Shutting down and abandoning module AnimGraphRuntime (16)
[2023.12.26-03.47.46:467][690]LogModuleManager: Shutting down and abandoning module Renderer (14)
[2023.12.26-03.47.46:467][690]LogModuleManager: Shutting down and abandoning module Engine (12)
[2023.12.26-03.47.46:467][690]LogModuleManager: Shutting down and abandoning module CoreUObject (10)
[2023.12.26-03.47.46:467][690]LogModuleManager: Shutting down and abandoning module NetworkFile (8)
[2023.12.26-03.47.46:467][690]LogModuleManager: Shutting down and abandoning module StreamingFile (6)
[2023.12.26-03.47.46:467][690]LogModuleManager: Shutting down and abandoning module SandboxFile (4)
[2023.12.26-03.47.46:467][690]LogModuleManager: Shutting down and abandoning module PakFile (2)
[2023.12.26-03.47.46:471][690]LogExit: Exiting.
[2023.12.26-03.47.46:472][690]Log file closed, 12/26/23 00:47:46
