Log file open, 01/05/24 11:36:24
LogInit:Display: Running engine for game: MotorUnreal4B
LogPlatformFile: Not using cached read wrapper
LogInit:Display: RandInit(-1438855917) SRandInit(-1438855916).
LogInit: Using version manifest at CL 0 with build ID '5af06b4c-3232-42c8-80e0-46572b4b0bc8'
LogTaskGraph: Started task graph with 5 named threads and 10 total threads with 1 sets of task threads.
LogStats: Stats thread started at 0.138040
LogInit: Using libcurl 7.47.1
LogInit:  - built for x86_64-pc-win32
LogInit:  - supports SSL with OpenSSL/1.0.2g
LogInit:  - supports HTTP deflate (compression) using libz 1.2.8
LogInit:  - other features:
LogInit:      CURL_VERSION_SSL
LogInit:      CURL_VERSION_LIBZ
LogInit:      CURL_VERSION_IPV6
LogInit:      CURL_VERSION_ASYNCHDNS
LogInit:      CURL_VERSION_LARGEFILE
LogInit:      CURL_VERSION_IDN
LogInit:  CurlRequestOptions (configurable via config and command line):
LogInit:  - bVerifyPeer = false  - Libcurl will NOT verify peer certificate
LogInit:  - bUseHttpProxy = false  - Libcurl will NOT use HTTP proxy
LogInit:  - bDontReuseConnections = false  - Libcurl will reuse connections
LogInit:  - CertBundlePath = nullptr  - Libcurl will use whatever was configured at build time.
LogInit: Build: ++UE4+Release-4.15-CL-0
LogInit: Engine Version: 4.15.0-0+++UE4+Release-4.15
LogInit: Compatible Engine Version: 4.15.0-0+++UE4+Release-4.15
LogInit: Net CL: 0
LogDevObjectVersion: Number of dev versions registered: 14
LogDevObjectVersion:   Dev-Blueprints (B0D832E4-1F89-4F0D-ACCF-7EB736FD4AA2): 8
LogDevObjectVersion:   Dev-Build (E1C64328-A22C-4D53-A36C-8E866417BD8C): 0
LogDevObjectVersion:   Dev-Core (375EC13C-06E4-48FB-B500-84F0262A717E): 2
LogDevObjectVersion:   Dev-Editor (E4B068ED-F494-42E9-A231-DA0B2E46BB41): 14
LogDevObjectVersion:   Dev-Framework (CFFC743F-43B0-4480-9391-14DF171D2073): 22
LogDevObjectVersion:   Dev-Mobile (B02B49B5-BB20-44E9-A304-32B752E40360): 0
LogDevObjectVersion:   Dev-Networking (A4E4105C-59A1-49B5-A7C5-40C4547EDFEE): 0
LogDevObjectVersion:   Dev-Online (39C831C9-5AE6-47DC-9A44-9C173E1C8E7C): 0
LogDevObjectVersion:   Dev-Physics (78F01B33-EBEA-4F98-B9B4-84EACCB95AA2): 0
LogDevObjectVersion:   Dev-Platform (6631380F-2D4D-43E0-8009-CF276956A95A): 0
LogDevObjectVersion:   Dev-Rendering (12F88B9F-8875-4AFC-A67C-D90C383ABD29): 12
LogDevObjectVersion:   Dev-Sequencer (7B5AE74C-D270-4C10-A958-57980B212A5A): 3
LogDevObjectVersion:   Dev-VR (D7296918-1DD6-4BDD-9DE2-64A83CC13884): 0
LogDevObjectVersion:   Dev-LoadTimes (C2A15278-BFE7-4AFE-6C17-90FF531DF755): 1
LogInit: Compiled (64-bit): Apr  2 2023 09:25:01
LogInit: Compiled with Visual C++: 19.00.24210.00
LogInit: Build Configuration: Development
LogInit: Branch Name: ++UE4+Release-4.15
LogInit: Command line: 
LogInit: Base directory: C:/Program Files/Unreal Engine 4 (4.15.0)/Engine/Binaries/Win64/
LogInit: Installed Engine Build: 0
LogInit: Presizing for max 8388607 objects, including 0 objects not considered by GC, pre-allocating 0 bytes for permanent pool.
LogInit: Object subsystem initialized
[2024.01.05-14.36.25:038][  0]LogInit: Selected Device Profile: [Windows]
[2024.01.05-14.36.25:038][  0]LogInit: Applying CVar settings loaded from the selected device profile: [Windows]
[2024.01.05-14.36.25:044][  0]LogInit: Computer: DESKTOP-GOSDJOG
[2024.01.05-14.36.25:044][  0]LogInit: User: MelchioT
[2024.01.05-14.36.25:044][  0]LogInit: CPU Page size=65536, Cores=6
[2024.01.05-14.36.25:044][  0]LogInit: High frequency timer resolution =10.000000 MHz
[2024.01.05-14.36.25:044][  0]LogMemory: Memory total: Physical=31.2GB (32GB approx)
[2024.01.05-14.36.25:044][  0]LogMemory: Platform Memory Stats for Windows
[2024.01.05-14.36.25:044][  0]LogMemory: Process Physical Memory: 264.11 MB used, 264.11 MB peak
[2024.01.05-14.36.25:044][  0]LogMemory: Process Virtual Memory: 268.54 MB used, 268.54 MB peak
[2024.01.05-14.36.25:044][  0]LogMemory: Physical Memory: 8326.06 MB used,  23649.61 MB free, 31975.68 MB total
[2024.01.05-14.36.25:044][  0]LogMemory: Virtual Memory: 4760.25 MB used,  23649.61 MB free, 134217728.00 MB total
[2024.01.05-14.36.25:133][  0]LogInit: Overriding culture en with editor configuration.
[2024.01.05-14.36.25:696][  0]LogD3D11RHI: D3D11 adapters:
[2024.01.05-14.36.25:731][  0]LogD3D11RHI:    0. 'AMD Radeon(TM) Graphics' (Feature Level 11_0)
[2024.01.05-14.36.25:731][  0]LogD3D11RHI:       495/0/15987 MB DedicatedVideo/DedicatedSystem/SharedSystem, Outputs:1, VendorId:0x1002
[2024.01.05-14.36.25:733][  0]LogD3D11RHI:    1. 'Microsoft Basic Render Driver' (Feature Level 11_0)
[2024.01.05-14.36.25:733][  0]LogD3D11RHI:       0/0/15987 MB DedicatedVideo/DedicatedSystem/SharedSystem, Outputs:0, VendorId:0x1414
[2024.01.05-14.36.25:735][  0]LogD3D11RHI:    2. 'Microsoft Basic Render Driver' (Feature Level 11_0)
[2024.01.05-14.36.25:735][  0]LogD3D11RHI:       0/0/15987 MB DedicatedVideo/DedicatedSystem/SharedSystem, Outputs:0, VendorId:0x1414
[2024.01.05-14.36.25:735][  0]LogD3D11RHI: Chosen D3D11 Adapter: 0
[2024.01.05-14.36.25:742][  0]LogD3D11RHI: Creating new Direct3DDevice
[2024.01.05-14.36.25:742][  0]LogD3D11RHI:     GPU DeviceId: 0x1636 (for the marketing name, search the web for "GPU Device Id")
[2024.01.05-14.36.25:742][  0]LogWindows: EnumDisplayDevices:
[2024.01.05-14.36.25:742][  0]LogWindows:    0. 'Microsoft Basic Display Driver' (P:0 D:0)
[2024.01.05-14.36.25:742][  0]LogWindows:    1. 'AMD Radeon(TM) Graphics' (P:1 D:1)
[2024.01.05-14.36.25:743][  0]LogWindows:    2. 'AMD Radeon(TM) Graphics' (P:0 D:0)
[2024.01.05-14.36.25:743][  0]LogWindows:    3. 'AMD Radeon(TM) Graphics' (P:0 D:0)
[2024.01.05-14.36.25:743][  0]LogWindows:    4. 'AMD Radeon(TM) Graphics' (P:0 D:0)
[2024.01.05-14.36.25:743][  0]LogWindows:    5. 'AMD Radeon(TM) Graphics' (P:0 D:0)
[2024.01.05-14.36.25:743][  0]LogWindows: DebugString: GetVideoDriverDetailsInvalid PrimaryIsNotTheChoosenAdapter GetVideoDriverDetailsInvalid PrimaryIsNotTheChoosenAdapter GetVideoDriverDetailsInvalid PrimaryIsNotTheChoosenAdapter GetVideoDriverDetailsInvalid PrimaryIsNotTheChoosenAdapter GetVideoDriverDetailsInvalid PrimaryIsNotTheChoosenAdapter GetVideoDriverDetailsInvalid PrimaryIsNotTheChoosenAdapter FoundDriverCount:0 
[2024.01.05-14.36.25:743][  0]LogD3D11RHI:     Adapter Name: AMD Radeon(TM) Graphics
[2024.01.05-14.36.25:743][  0]LogD3D11RHI:   Driver Version: Unknown (internal:Unknown, unified:Unknown)
[2024.01.05-14.36.25:743][  0]LogD3D11RHI:      Driver Date: Unknown
[2024.01.05-14.36.25:743][  0]LogRHI: Texture pool is 347 MB (70% of 495 MB)
[2024.01.05-14.36.25:785][  0]LogD3D11RHI: Async texture creation enabled
[2024.01.05-14.36.25:799][  0]LogD3D11RHI: GPU Timing Frequency: 100.000000 (Debug: 2 1)
[2024.01.05-14.36.25:801][  0]LogShaderCompilers: Guid format shader working directory is -22 characters bigger than the processId version (../../../../../Users/MelchioT/Documents/workUnrealEngine4/MotorUnreal4B/Intermediate/Shaders/WorkingDirectory/2580/).
[2024.01.05-14.36.25:801][  0]LogShaderCompilers: Cleaned the shader compiler working directory 'C:/Users/MelchioT/AppData/Local/Temp/UnrealShaderWorkingDir/9F987A594BC369B4FF979CB1C355D7D4/'.
[2024.01.05-14.36.25:801][  0]LogShaderCompilers:Display: Using Local Shader Compiler.
[2024.01.05-14.36.26:643][  0]LogTemp:Display: Loaded TP MacTargetPlatform
[2024.01.05-14.36.26:695][  0]LogTemp:Display: Loaded TP MacNoEditorTargetPlatform
[2024.01.05-14.36.26:745][  0]LogTemp:Display: Loaded TP MacServerTargetPlatform
[2024.01.05-14.36.26:797][  0]LogTemp:Display: Loaded TP MacClientTargetPlatform
[2024.01.05-14.36.26:840][  0]LogTemp:Display: Loaded TP WindowsTargetPlatform
[2024.01.05-14.36.26:891][  0]LogTemp:Display: Loaded TP WindowsNoEditorTargetPlatform
[2024.01.05-14.36.26:944][  0]LogTemp:Display: Loaded TP WindowsServerTargetPlatform
[2024.01.05-14.36.27:003][  0]LogTemp:Display: Loaded TP WindowsClientTargetPlatform
[2024.01.05-14.36.27:046][  0]LogTemp:Display: Loaded TP AllDesktopTargetPlatform
[2024.01.05-14.36.27:104][  0]LogTemp:Display: Loaded TP AndroidTargetPlatform
[2024.01.05-14.36.27:163][  0]LogTemp:Display: Loaded TP Android_PVRTCTargetPlatform
[2024.01.05-14.36.27:226][  0]LogTemp:Display: Loaded TP Android_ATCTargetPlatform
[2024.01.05-14.36.27:283][  0]LogTemp:Display: Loaded TP Android_DXTTargetPlatform
[2024.01.05-14.36.27:343][  0]LogTemp:Display: Loaded TP Android_ETC1TargetPlatform
[2024.01.05-14.36.27:403][  0]LogTemp:Display: Loaded TP Android_ETC2TargetPlatform
[2024.01.05-14.36.27:475][  0]LogTemp:Display: Loaded TP Android_ASTCTargetPlatform
[2024.01.05-14.36.27:534][  0]LogTemp:Display: Loaded TP Android_MultiTargetPlatform
[2024.01.05-14.36.27:580][  0]LogTemp:Display: Loaded TP HTML5TargetPlatform
[2024.01.05-14.36.27:694][  0]LogTemp:Display: Loaded TP IOSTargetPlatform
[2024.01.05-14.36.27:732][  0]LogTemp:Display: Loaded TP TVOSTargetPlatform
[2024.01.05-14.36.27:732][  0]LogTargetPlatformManager:Display: Building Assets For Windows
[2024.01.05-14.36.28:240][  0]LogDerivedDataCache:Display: Max Cache Size: 512 MB
[2024.01.05-14.36.28:281][  0]LogDerivedDataCache: Loaded boot cache 0.04s 50MB ../../../../../Users/MelchioT/Documents/workUnrealEngine4/MotorUnreal4B/DerivedDataCache/Boot.ddc.
[2024.01.05-14.36.28:281][  0]LogDerivedDataCache:Display: Loaded Boot cache: ../../../../../Users/MelchioT/Documents/workUnrealEngine4/MotorUnreal4B/DerivedDataCache/Boot.ddc
[2024.01.05-14.36.28:281][  0]LogDerivedDataCache: FDerivedDataBackendGraph:  Pak pak cache file ../../../../../Users/MelchioT/Documents/workUnrealEngine4/MotorUnreal4B/DerivedDataCache/DDC.ddp not found, will not use a pak cache.
[2024.01.05-14.36.28:281][  0]LogDerivedDataCache: Unable to find inner node Pak for hierarchical cache Hierarchy.
[2024.01.05-14.36.28:282][  0]LogDerivedDataCache: FDerivedDataBackendGraph:  EnginePak pak cache file ../../../Engine/DerivedDataCache/DDC.ddp not found, will not use a pak cache.
[2024.01.05-14.36.28:282][  0]LogDerivedDataCache: Unable to find inner node EnginePak for hierarchical cache Hierarchy.
[2024.01.05-14.36.28:294][  0]LogDerivedDataCache: Using Local data cache path ../../../Engine/DerivedDataCache: Writable
[2024.01.05-14.36.28:294][  0]LogDerivedDataCache: Shared data cache path not found in *engine.ini, will not use an Shared cache.
[2024.01.05-14.36.28:294][  0]LogDerivedDataCache: Unable to find inner node Shared for hierarchical cache Hierarchy.
[2024.01.05-14.36.28:302][  0]LogSlate: Using Freetype 2.6.0
[2024.01.05-14.36.28:302][  0]LogSlate: SlateFontCache - WITH_FREETYPE: 1, WITH_HARFBUZZ: 1
[2024.01.05-14.36.28:302][  0]LogSlate: SlateFontCache - WITH_FREETYPE: 1, WITH_HARFBUZZ: 1
[2024.01.05-14.36.28:533][  0]LogInit: Selected Device Profile: [Windows]
[2024.01.05-14.36.28:535][  0]LogContentStreaming: Texture pool size is 0.00 MB
[2024.01.05-14.36.28:731][  0]LogMeshUtilities: Using QuadricMeshReduction for automatic static mesh reduction
[2024.01.05-14.36.28:741][  0]LogMeshUtilities: No automatic skeletal mesh reduction module available
[2024.01.05-14.36.28:741][  0]LogMeshUtilities: No automatic mesh merging module available
[2024.01.05-14.36.28:741][  0]LogMeshUtilities: No distributed automatic mesh merging module available
[2024.01.05-14.36.29:312][  0]LogNetVersion: GetLocalNetworkVersion: CL: 0, ProjectName: motorunreal4b, ProjectVersion: , EngineNetworkVersion: 2, GameNetworkVersion: 0, NetworkChecksum: 3893362438
[2024.01.05-14.36.29:359][  0]LogAssetRegistry: FAssetRegistry took 0.0219 seconds to start up
[2024.01.05-14.36.29:395][  0]LogPackageLocalizationCache: Processed 3 localized package path(s) for 1 prioritized culture(s) in 0.011409 seconds
[2024.01.05-14.36.29:400][  0]LogUObjectArray: 32434 objects as part of root set at end of initial load.
[2024.01.05-14.36.29:400][  0]LogUObjectAllocator: 7066640 out of 0 bytes used by permanent object pool.
[2024.01.05-14.36.29:400][  0]LogUObjectArray: CloseDisregardForGC: 0/0 objects in disregard for GC pool
[2024.01.05-14.36.29:472][  0]LogInit: WinSock: version 1.1 (2.2), MaxSocks=32767, MaxUdp=65467
[2024.01.05-14.36.31:000][  0]LogTcpMessaging: Initializing TcpMessaging bridge
[2024.01.05-14.36.31:044][  0]LogUdpMessaging: Initializing bridge on interface 0.0.0.0:0 to multicast group 230.0.0.1:6666.
[2024.01.05-14.36.31:496][  0]LogMaterial: Uniform references updated for custom material expression Custom.
[2024.01.05-14.36.31:864][  0]SourceControl: Info Source control is disabled
[2024.01.05-14.36.31:905][  0]SourceControl: Info Source control is disabled
[2024.01.05-14.36.31:956][  0]SourceControl: Info Source control is disabled
[2024.01.05-14.36.32:006][  0]SourceControl: Info Source control is disabled
[2024.01.05-14.36.33:325][  0]LogEngine: Initializing Engine...
[2024.01.05-14.36.33:326][  0]LogHMD: Failed to initialize OpenVR with code 110
[2024.01.05-14.36.33:533][  0]LogAIModule: Creating AISystem for world Untitled
[2024.01.05-14.36.33:549][  0]LogInit: XAudio2 using 'Altavoces (Realtek(R) Audio)' : 2 channels at 48 kHz using 16 bits per sample (channel mask 0x3)
[2024.01.05-14.36.34:183][  0]LogInit: FAudioDevice initialized.
[2024.01.05-14.36.34:211][  0]LogDerivedDataCache: Saved boot cache 0.03s 50MB ../../../../../Users/MelchioT/Documents/workUnrealEngine4/MotorUnreal4B/DerivedDataCache/Boot.ddc.
[2024.01.05-14.36.34:218][  0]LogInit: Texture streaming: Enabled
[2024.01.05-14.36.34:329][  0]LogEngineSessionManager: EngineSessionManager initialized
[2024.01.05-14.36.34:419][  0]LogInit: Transaction tracking system initialized
[2024.01.05-14.36.34:770][  0]BlueprintLog: New page: Editor Load
[2024.01.05-14.36.35:656][  0]LocalizationService: Info Localization service is disabled
[2024.01.05-14.36.36:334][  0]LogConsoleResponse:Display: 
[2024.01.05-14.36.36:440][  0]LogCook:Display: Max memory allowance for cook 16384mb min free memory 0mb
[2024.01.05-14.36.36:440][  0]LogCook:Display: Mobile HDR setting 1
[2024.01.05-14.36.36:670][  0]LogFileCache: Scanning file cache for directory 'C:/Users/MelchioT/Documents/workUnrealEngine4/MotorUnreal4B/Content/' took 0.01s
[2024.01.05-14.36.37:491][  0]SourceControl: Info Source control is disabled
[2024.01.05-14.36.37:491][  0]Cmd: MAP LOAD FILE="../../../Engine/Content/Maps/Templates/Template_Default.umap" TEMPLATE=1 SHOWPROGRESS=1 FEATURELEVEL=3
[2024.01.05-14.36.37:491][  0]LightingResults: New page: Lighting Build
[2024.01.05-14.36.37:530][  0]MapCheck: New page: Map Check
[2024.01.05-14.36.37:530][  0]LightingResults: New page: Lighting Build
[2024.01.05-14.36.37:696][  0]LogAIModule: Creating AISystem for world Untitled_1
[2024.01.05-14.36.37:697][  0]LogActorComponent: RegisterComponentWithWorld: (/Temp/Untitled_1.Untitled_1:PersistentLevel.WorldSettings_1.StaticMeshComponent0) Trying to register component with IsPendingKill() == true. Aborting.
[2024.01.05-14.36.37:701][  0]LogEditorServer: Finished looking for orphan Actors (0.000 secs)
[2024.01.05-14.36.37:707][  0]Cmd: MAP CHECKDEP NOCLEARLOG
[2024.01.05-14.36.37:736][  0]MapCheck: Info Map check complete: 0 Error(s), 0 Warning(s), took 28.963ms to complete.
[2024.01.05-14.36.37:736][  0]LogFileHelpers: Loading map 'Template_Default' took 0.245
[2024.01.05-14.36.37:902][  0]LogCollectionManager: Loaded 0 collections in 0.001402 seconds
[2024.01.05-14.36.37:982][  0]LogFileCache: Scanning file cache for directory 'C:/Users/MelchioT/Documents/workUnrealEngine4/MotorUnreal4B/Saved/Collections/' took 0.01s
[2024.01.05-14.36.37:982][  0]LogFileCache: Scanning file cache for directory 'C:/Users/MelchioT/Documents/workUnrealEngine4/MotorUnreal4B/Content/Developers/MelchioT/Collections/' took 0.01s
[2024.01.05-14.36.37:982][  0]LogFileCache: Scanning file cache for directory 'C:/Users/MelchioT/Documents/workUnrealEngine4/MotorUnreal4B/Content/Collections/' took 0.01s
[2024.01.05-14.36.37:982][  0]LogCollectionManager: Rebuilt the GUID cache for 0 collections in 0.000002 seconds
[2024.01.05-14.36.37:991][  0]LogContentBrowser: Native class hierarchy populated in 0.0083 seconds. Added 2243 classes and 448 folders.
[2024.01.05-14.36.37:994][  0]LogStats: UGameplayTagsManager::ConstructGameplayTagTree: Construct from data asset -  0.000 s
[2024.01.05-14.36.37:994][  0]LogStats: UGameplayTagsManager::ConstructGameplayTagTree: GameplayTagTreeChangedEvent.Broadcast -  0.000 s
[2024.01.05-14.36.38:055][  0]LogContentBrowser: Native class hierarchy updated for 'WidgetCarousel' in 0.0005 seconds. Added 0 classes and 0 folders.
[2024.01.05-14.36.38:084][  0]LogContentBrowser: Native class hierarchy updated for 'AddContentDialog' in 0.0005 seconds. Added 0 classes and 0 folders.
[2024.01.05-14.36.38:125][  0]LogContentBrowser: Native class hierarchy updated for 'SceneOutliner' in 0.0005 seconds. Added 1 classes and 2 folders.
[2024.01.05-14.36.38:211][  0]LogCrashTracker: Crashtracker disabled due to settings.
[2024.01.05-14.36.38:219][  0]LogUObjectGlobals:Warning: Failed to find object 'Class None.'
[2024.01.05-14.36.38:285][  0]LogContentBrowser: Native class hierarchy updated for 'HierarchicalLODOutliner' in 0.0006 seconds. Added 1 classes and 2 folders.
[2024.01.05-14.36.38:286][  0]LogLoad: (Engine Initialization) Total time: 14.82 seconds
[2024.01.05-14.36.38:286][  0]LogLoad: (Engine Initialization) Total Blueprint compile time: 0.08 seconds
[2024.01.05-14.36.38:286][  0]LogExternalProfiler: No external profilers were discovered.  External profiling features will not be available.
[2024.01.05-14.36.38:625][  0]LogOcInput: OculusInput pre-init called
[2024.01.05-14.36.38:644][  0]LogContentStreaming: Texture pool size now 1000 MB
[2024.01.05-14.36.38:645][  0]LogSlate: Took 0.000235 seconds to synchronously load lazily loaded font '../../../Engine/Content/Slate/Fonts/Roboto-Regular.ttf' (155K)
[2024.01.05-14.36.38:647][  0]LogSlate: Took 0.000288 seconds to synchronously load lazily loaded font '../../../Engine/Content/Slate/Fonts/Roboto-Bold.ttf' (160K)
[2024.01.05-14.36.38:651][  0]LogSlate: Took 0.000235 seconds to synchronously load lazily loaded font '../../../Engine/Content/Editor/Slate/Fonts/FontAwesome.ttf' (139K)
[2024.01.05-14.36.38:759][  0]LogRenderer: Reallocating scene render targets to support 1208x576 NumSamples 1 (Frame:2).
[2024.01.05-14.36.38:969][  1]LogAssetRegistry: Asset discovery search completed in 9.6330 seconds
[2024.01.05-14.36.38:969][  1]LogCollectionManager: Rebuilt the object cache for 0 collections in 0.000001 seconds (found 0 objects)
[2024.01.05-14.36.38:969][  1]LogCollectionManager: Fixed up redirectors for 0 collections in 0.000014 seconds (updated 0 objects)
[2024.01.05-14.37.32:486][627]LogSlate: Took 0.000149 seconds to synchronously load lazily loaded font '../../../Engine/Content/Slate/Fonts/Roboto-Light.ttf' (159K)
[2024.01.05-14.37.32:502][627]LogFactory: FactoryCreateFile: StaticMesh with FbxFactory (0 0 C:\Users\MelchioT\Downloads\Free_Car_1_Fbx\free_car_1.fbx)
[2024.01.05-14.37.32:525][627]LogFbx: ItemName: GlobalSettings, ItemCount : 1
[2024.01.05-14.37.32:525][627]LogFbx: ItemName: Geometry, ItemCount : 81
[2024.01.05-14.37.32:525][627]LogFbx: ItemName: Model, ItemCount : 81
[2024.01.05-14.37.32:525][627]LogFbx: ItemName: Material, ItemCount : 6
[2024.01.05-14.37.32:532][627]LogFbx: Loading FBX Scene from C:\Users\MelchioT\Downloads\Free_Car_1_Fbx\free_car_1.fbx
[2024.01.05-14.37.32:559][627]LogFbx: FBX Scene Loaded Succesfully
[2024.01.05-14.40.50:852][627]LogFbx: Loading FBX Scene from C:\Users\MelchioT\Downloads\Free_Car_1_Fbx\free_car_1.fbx
[2024.01.05-14.40.50:875][627]LogFbx: FBX Scene Loaded Succesfully
[2024.01.05-14.40.50:886][627]LogFbx:Warning: Triangulating static mesh car81
[2024.01.05-14.40.50:890][627]LogFbx:Warning: Triangulating static mesh car80
[2024.01.05-14.40.50:890][627]LogFbx:Warning: Triangulating static mesh car11
[2024.01.05-14.40.50:894][627]LogFbx:Warning: Triangulating static mesh car12
[2024.01.05-14.40.50:898][627]LogFbx:Warning: Triangulating static mesh car13
[2024.01.05-14.40.50:919][627]LogFbx:Warning: Triangulating static mesh car14
[2024.01.05-14.40.50:919][627]LogFbx:Warning: Triangulating static mesh car15
[2024.01.05-14.40.50:920][627]LogFbx:Warning: Triangulating static mesh car16
[2024.01.05-14.40.50:921][627]LogFbx:Warning: Triangulating static mesh car17
[2024.01.05-14.40.50:921][627]LogFbx:Warning: Triangulating static mesh car18
[2024.01.05-14.40.50:921][627]LogFbx:Warning: Triangulating static mesh car19
[2024.01.05-14.40.50:921][627]LogFbx:Warning: Triangulating static mesh car20
[2024.01.05-14.40.50:922][627]LogFbx:Warning: Triangulating static mesh car21
[2024.01.05-14.40.50:929][627]LogFbx:Warning: Triangulating static mesh car22
[2024.01.05-14.40.50:930][627]LogFbx:Warning: Triangulating static mesh car23
[2024.01.05-14.40.50:930][627]LogFbx:Warning: Triangulating static mesh car24
[2024.01.05-14.40.50:931][627]LogFbx:Warning: Triangulating static mesh car25
[2024.01.05-14.40.50:940][627]LogFbx:Warning: Triangulating static mesh car26
[2024.01.05-14.40.50:953][627]LogFbx:Warning: Triangulating static mesh car27
[2024.01.05-14.40.50:954][627]LogFbx:Warning: Triangulating static mesh car28
[2024.01.05-14.40.50:960][627]LogFbx:Warning: Triangulating static mesh car29
[2024.01.05-14.40.50:960][627]LogFbx:Warning: Triangulating static mesh car30
[2024.01.05-14.40.50:961][627]LogFbx:Warning: Triangulating static mesh car31
[2024.01.05-14.40.50:961][627]LogFbx:Warning: Triangulating static mesh car32
[2024.01.05-14.40.50:963][627]LogFbx:Warning: Triangulating static mesh car33
[2024.01.05-14.40.50:964][627]LogFbx:Warning: Triangulating static mesh car34
[2024.01.05-14.40.50:964][627]LogFbx:Warning: Triangulating static mesh car35
[2024.01.05-14.40.50:965][627]LogFbx:Warning: Triangulating static mesh car36
[2024.01.05-14.40.50:965][627]LogFbx:Warning: Triangulating static mesh car37
[2024.01.05-14.40.50:966][627]LogFbx:Warning: Triangulating static mesh car79
[2024.01.05-14.40.50:970][627]LogFbx:Warning: Triangulating static mesh car38
[2024.01.05-14.40.50:974][627]LogFbx:Warning: Triangulating static mesh car39
[2024.01.05-14.40.50:975][627]LogFbx:Warning: Triangulating static mesh car40
[2024.01.05-14.40.50:976][627]LogFbx:Warning: Triangulating static mesh car41
[2024.01.05-14.40.50:977][627]LogFbx:Warning: Triangulating static mesh car42
[2024.01.05-14.40.50:979][627]LogFbx:Warning: Triangulating static mesh car43
[2024.01.05-14.40.50:980][627]LogFbx:Warning: Triangulating static mesh car44
[2024.01.05-14.40.50:981][627]LogFbx:Warning: Triangulating static mesh car45
[2024.01.05-14.40.50:990][627]LogFbx:Warning: Triangulating static mesh car46
[2024.01.05-14.40.50:992][627]LogFbx:Warning: Triangulating static mesh car47
[2024.01.05-14.40.50:998][627]LogFbx:Warning: Triangulating static mesh car48
[2024.01.05-14.40.51:004][627]LogFbx:Warning: Triangulating static mesh car49
[2024.01.05-14.40.51:006][627]LogFbx:Warning: Triangulating static mesh car50
[2024.01.05-14.40.51:006][627]LogFbx:Warning: Triangulating static mesh car51
[2024.01.05-14.40.51:010][627]LogFbx:Warning: Triangulating static mesh car52
[2024.01.05-14.40.51:014][627]LogFbx:Warning: Triangulating static mesh car53
[2024.01.05-14.40.51:014][627]LogFbx:Warning: Triangulating static mesh car54
[2024.01.05-14.40.51:014][627]LogFbx:Warning: Triangulating static mesh car55
[2024.01.05-14.40.51:014][627]LogFbx:Warning: Triangulating static mesh car56
[2024.01.05-14.40.51:014][627]LogFbx:Warning: Triangulating static mesh car57
[2024.01.05-14.40.51:015][627]LogFbx:Warning: Triangulating static mesh car58
[2024.01.05-14.40.51:015][627]LogFbx:Warning: Triangulating static mesh car59
[2024.01.05-14.40.51:015][627]LogFbx:Warning: Triangulating static mesh car60
[2024.01.05-14.40.51:016][627]LogFbx:Warning: Triangulating static mesh car61
[2024.01.05-14.40.51:016][627]LogFbx:Warning: Triangulating static mesh car62
[2024.01.05-14.40.51:017][627]LogFbx:Warning: Triangulating static mesh car63
[2024.01.05-14.40.51:017][627]LogFbx:Warning: Triangulating static mesh car64
[2024.01.05-14.40.51:018][627]LogFbx:Warning: Triangulating static mesh car65
[2024.01.05-14.40.51:018][627]LogFbx:Warning: Triangulating static mesh car66
[2024.01.05-14.40.51:018][627]LogFbx:Warning: Triangulating static mesh car67
[2024.01.05-14.40.51:019][627]LogFbx:Warning: Triangulating static mesh car68
[2024.01.05-14.40.51:019][627]LogFbx:Warning: Triangulating static mesh car69
[2024.01.05-14.40.51:019][627]LogFbx:Warning: Triangulating static mesh car70
[2024.01.05-14.40.51:020][627]LogFbx:Warning: Triangulating static mesh car71
[2024.01.05-14.40.51:029][627]LogFbx:Warning: Triangulating static mesh car72
[2024.01.05-14.40.51:030][627]LogFbx:Warning: Triangulating static mesh car73
[2024.01.05-14.40.51:036][627]LogFbx:Warning: Triangulating static mesh car74
[2024.01.05-14.40.51:042][627]LogFbx:Warning: Triangulating static mesh car76
[2024.01.05-14.40.51:044][627]LogFbx:Warning: Triangulating static mesh car77
[2024.01.05-14.40.51:052][627]LogFbx:Warning: Triangulating static mesh car78
[2024.01.05-14.40.51:054][627]LogFbx:Warning: Triangulating static mesh car9
[2024.01.05-14.40.51:060][627]LogFbx:Warning: Triangulating static mesh car8
[2024.01.05-14.40.51:066][627]LogFbx:Warning: Triangulating static mesh car7
[2024.01.05-14.40.51:067][627]LogFbx:Warning: Triangulating static mesh car6
[2024.01.05-14.40.51:075][627]LogFbx:Warning: Triangulating static mesh car5
[2024.01.05-14.40.51:077][627]LogFbx:Warning: Triangulating static mesh car4
[2024.01.05-14.40.51:083][627]LogFbx:Warning: Triangulating static mesh car3
[2024.01.05-14.40.51:089][627]LogFbx:Warning: Triangulating static mesh car10
[2024.01.05-14.40.51:090][627]LogFbx:Warning: Triangulating static mesh car2
[2024.01.05-14.40.51:091][627]LogFbx:Warning: Triangulating static mesh car1
[2024.01.05-14.40.51:092][627]LogFbx:Warning: Triangulating static mesh car75
[2024.01.05-14.40.51:096][627]LogStaticMesh: Building static mesh free_car_1...
[2024.01.05-14.40.51:275][627]LogStaticMesh: Built static mesh [0.18s] /Game/Modelos/free_car_1.free_car_1
[2024.01.05-14.40.51:285][627]FBXImport:Warning: Warning No smoothing group information was found in this FBX scene.  Please make sure to enable the 'Export Smoothing Groups' option in the FBX Exporter plug-in before exporting the file.  Even for tools that don't support smoothing groups, the FBX Exporter will generate appropriate smoothing data at export-time so that correct vertex normals can be inferred while importing. 
[2024.01.05-14.40.51:285][627]FBXImport:Warning: Warning Warning: The imported mesh is very small. This is most likely an issue with the units used when exporting to FBX. 
[2024.01.05-14.41.41:915][256]Cmd: OBJ SAVEPACKAGE PACKAGE="/Game/Modelos/free_car_1" FILE="../../../../../Users/MelchioT/Documents/workUnrealEngine4/MotorUnreal4B/Content/Modelos/free_car_1.uasset" SILENT=true
[2024.01.05-14.41.41:925][256]LogSavePackage: Save=8.34ms
[2024.01.05-14.41.41:925][256]LogSavePackage: Moving '../../../../../Users/MelchioT/Documents/workUnrealEngine4/MotorUnreal4B/Saved/free_car_11D63772D4A14C469CD0F5C9EBCA68D74.tmp' to '../../../../../Users/MelchioT/Documents/workUnrealEngine4/MotorUnreal4B/Content/Modelos/free_car_1.uasset'
[2024.01.05-14.41.41:926][256]LogSavePackage:Display: Finished SavePackage ../../../../../Users/MelchioT/Documents/workUnrealEngine4/MotorUnreal4B/Content/Modelos/free_car_1.uasset
[2024.01.05-14.42.17:931][535]LogActorFactory: Actor Factory created free_car_1
[2024.01.05-14.42.18:911][593]LogActorFactory: Actor Factory created free_car_1
[2024.01.05-14.42.23:410][857]Cmd: CAMERA ALIGN ACTIVEVIEWPORTONLY
[2024.01.05-14.43.30:892][367]LogStaticMesh: Building static mesh Sphere_inversenormals...
[2024.01.05-14.43.30:904][367]LogStaticMesh: Built static mesh [0.01s] /Engine/EditorMeshes/AssetViewer/Sphere_inversenormals.Sphere_inversenormals
[2024.01.05-14.43.30:937][367]LogTexture:Display: Building textures: SunsetAmbientCubemap (RGBA16F)
[2024.01.05-14.43.36:057][367]LogMaterial: Missing cached shader map for material M_SkyBox, compiling. 
[2024.01.05-14.43.36:057][367]LogTemp:Display: Added material ShaderMap 0x000001D42AA14480 with Material 0x000001D43AD3E500 to ShaderMapsBeingCompiled
[2024.01.05-14.43.36:065][367]LogTemp:Display: Kicking off shader compilation for M_SkyBox, GameThreadShaderMap 0x000001D42AA14480
[2024.01.05-14.43.36:066][367]LogSlate: Took 0.000221 seconds to synchronously load lazily loaded font '../../../Engine/Content/Slate/Fonts/Roboto-Regular.ttf' (155K)
[2024.01.05-14.43.36:099][367]LogStaticMesh: Building static mesh Floor_Mesh...
[2024.01.05-14.43.36:099][367]LogStaticMesh: Built static mesh [0.00s] /Engine/EditorMeshes/AssetViewer/Floor_Mesh.Floor_Mesh
[2024.01.05-14.43.36:111][367]LogTexture:Display: Building textures: SimplygonLogo (AutoDXT)
[2024.01.05-14.43.37:294][385]LogTemp:Display: Finished compile of shader map 0x000001D42AA14480
[2024.01.05-14.43.37:294][385]LogTemp:Display: Shader map M_SkyBox complete, GameThreadShaderMap 0x000001D42AA14480, marking material M_SkyBox as finished
[2024.01.05-14.43.37:294][385]LogTemp:Display: Marking material as finished 0x000001D43AD3E500
[2024.01.05-14.43.39:896][523]LogRenderer: Reallocating scene render targets to support 1432x924 NumSamples 1 (Frame:700).
[2024.01.05-14.46.06:532][143]LogEditorFactories: Performing atomic reimport of [C:/Users/MelchioT/Downloads/Free_Car_1_Fbx/free_car_1.fbx]
[2024.01.05-14.46.06:557][143]LogFbx: Loading FBX Scene from C:/Users/MelchioT/Downloads/Free_Car_1_Fbx/free_car_1.fbx
[2024.01.05-14.46.06:580][143]LogFbx: FBX Scene Loaded Succesfully
[2024.01.05-14.46.06:586][143]LogFbx:Warning: Triangulating static mesh car81
[2024.01.05-14.46.06:587][143]LogFbx:Warning: Triangulating static mesh car80
[2024.01.05-14.46.06:588][143]LogFbx:Warning: Triangulating static mesh car11
[2024.01.05-14.46.06:592][143]LogFbx:Warning: Triangulating static mesh car12
[2024.01.05-14.46.06:595][143]LogFbx:Warning: Triangulating static mesh car13
[2024.01.05-14.46.06:616][143]LogFbx:Warning: Triangulating static mesh car14
[2024.01.05-14.46.06:617][143]LogFbx:Warning: Triangulating static mesh car15
[2024.01.05-14.46.06:617][143]LogFbx:Warning: Triangulating static mesh car16
[2024.01.05-14.46.06:617][143]LogFbx:Warning: Triangulating static mesh car17
[2024.01.05-14.46.06:618][143]LogFbx:Warning: Triangulating static mesh car18
[2024.01.05-14.46.06:618][143]LogFbx:Warning: Triangulating static mesh car19
[2024.01.05-14.46.06:618][143]LogFbx:Warning: Triangulating static mesh car20
[2024.01.05-14.46.06:618][143]LogFbx:Warning: Triangulating static mesh car21
[2024.01.05-14.46.06:625][143]LogFbx:Warning: Triangulating static mesh car22
[2024.01.05-14.46.06:626][143]LogFbx:Warning: Triangulating static mesh car23
[2024.01.05-14.46.06:627][143]LogFbx:Warning: Triangulating static mesh car24
[2024.01.05-14.46.06:628][143]LogFbx:Warning: Triangulating static mesh car25
[2024.01.05-14.46.06:637][143]LogFbx:Warning: Triangulating static mesh car26
[2024.01.05-14.46.06:650][143]LogFbx:Warning: Triangulating static mesh car27
[2024.01.05-14.46.06:652][143]LogFbx:Warning: Triangulating static mesh car28
[2024.01.05-14.46.06:656][143]LogFbx:Warning: Triangulating static mesh car29
[2024.01.05-14.46.06:657][143]LogFbx:Warning: Triangulating static mesh car30
[2024.01.05-14.46.06:657][143]LogFbx:Warning: Triangulating static mesh car31
[2024.01.05-14.46.06:658][143]LogFbx:Warning: Triangulating static mesh car32
[2024.01.05-14.46.06:658][143]LogFbx:Warning: Triangulating static mesh car33
[2024.01.05-14.46.06:659][143]LogFbx:Warning: Triangulating static mesh car34
[2024.01.05-14.46.06:660][143]LogFbx:Warning: Triangulating static mesh car35
[2024.01.05-14.46.06:661][143]LogFbx:Warning: Triangulating static mesh car36
[2024.01.05-14.46.06:661][143]LogFbx:Warning: Triangulating static mesh car37
[2024.01.05-14.46.06:662][143]LogFbx:Warning: Triangulating static mesh car79
[2024.01.05-14.46.06:666][143]LogFbx:Warning: Triangulating static mesh car38
[2024.01.05-14.46.06:669][143]LogFbx:Warning: Triangulating static mesh car39
[2024.01.05-14.46.06:671][143]LogFbx:Warning: Triangulating static mesh car40
[2024.01.05-14.46.06:672][143]LogFbx:Warning: Triangulating static mesh car41
[2024.01.05-14.46.06:673][143]LogFbx:Warning: Triangulating static mesh car42
[2024.01.05-14.46.06:676][143]LogFbx:Warning: Triangulating static mesh car43
[2024.01.05-14.46.06:677][143]LogFbx:Warning: Triangulating static mesh car44
[2024.01.05-14.46.06:678][143]LogFbx:Warning: Triangulating static mesh car45
[2024.01.05-14.46.06:688][143]LogFbx:Warning: Triangulating static mesh car46
[2024.01.05-14.46.06:690][143]LogFbx:Warning: Triangulating static mesh car47
[2024.01.05-14.46.06:696][143]LogFbx:Warning: Triangulating static mesh car48
[2024.01.05-14.46.06:702][143]LogFbx:Warning: Triangulating static mesh car49
[2024.01.05-14.46.06:704][143]LogFbx:Warning: Triangulating static mesh car50
[2024.01.05-14.46.06:704][143]LogFbx:Warning: Triangulating static mesh car51
[2024.01.05-14.46.06:708][143]LogFbx:Warning: Triangulating static mesh car52
[2024.01.05-14.46.06:712][143]LogFbx:Warning: Triangulating static mesh car53
[2024.01.05-14.46.06:712][143]LogFbx:Warning: Triangulating static mesh car54
[2024.01.05-14.46.06:712][143]LogFbx:Warning: Triangulating static mesh car55
[2024.01.05-14.46.06:713][143]LogFbx:Warning: Triangulating static mesh car56
[2024.01.05-14.46.06:713][143]LogFbx:Warning: Triangulating static mesh car57
[2024.01.05-14.46.06:713][143]LogFbx:Warning: Triangulating static mesh car58
[2024.01.05-14.46.06:713][143]LogFbx:Warning: Triangulating static mesh car59
[2024.01.05-14.46.06:714][143]LogFbx:Warning: Triangulating static mesh car60
[2024.01.05-14.46.06:714][143]LogFbx:Warning: Triangulating static mesh car61
[2024.01.05-14.46.06:715][143]LogFbx:Warning: Triangulating static mesh car62
[2024.01.05-14.46.06:715][143]LogFbx:Warning: Triangulating static mesh car63
[2024.01.05-14.46.06:716][143]LogFbx:Warning: Triangulating static mesh car64
[2024.01.05-14.46.06:716][143]LogFbx:Warning: Triangulating static mesh car65
[2024.01.05-14.46.06:717][143]LogFbx:Warning: Triangulating static mesh car66
[2024.01.05-14.46.06:717][143]LogFbx:Warning: Triangulating static mesh car67
[2024.01.05-14.46.06:717][143]LogFbx:Warning: Triangulating static mesh car68
[2024.01.05-14.46.06:718][143]LogFbx:Warning: Triangulating static mesh car69
[2024.01.05-14.46.06:718][143]LogFbx:Warning: Triangulating static mesh car70
[2024.01.05-14.46.06:719][143]LogFbx:Warning: Triangulating static mesh car71
[2024.01.05-14.46.06:727][143]LogFbx:Warning: Triangulating static mesh car72
[2024.01.05-14.46.06:730][143]LogFbx:Warning: Triangulating static mesh car73
[2024.01.05-14.46.06:735][143]LogFbx:Warning: Triangulating static mesh car74
[2024.01.05-14.46.06:742][143]LogFbx:Warning: Triangulating static mesh car76
[2024.01.05-14.46.06:743][143]LogFbx:Warning: Triangulating static mesh car77
[2024.01.05-14.46.06:752][143]LogFbx:Warning: Triangulating static mesh car78
[2024.01.05-14.46.06:754][143]LogFbx:Warning: Triangulating static mesh car9
[2024.01.05-14.46.06:760][143]LogFbx:Warning: Triangulating static mesh car8
[2024.01.05-14.46.06:767][143]LogFbx:Warning: Triangulating static mesh car7
[2024.01.05-14.46.06:768][143]LogFbx:Warning: Triangulating static mesh car6
[2024.01.05-14.46.06:777][143]LogFbx:Warning: Triangulating static mesh car5
[2024.01.05-14.46.06:779][143]LogFbx:Warning: Triangulating static mesh car4
[2024.01.05-14.46.06:785][143]LogFbx:Warning: Triangulating static mesh car3
[2024.01.05-14.46.06:791][143]LogFbx:Warning: Triangulating static mesh car10
[2024.01.05-14.46.06:792][143]LogFbx:Warning: Triangulating static mesh car2
[2024.01.05-14.46.06:793][143]LogFbx:Warning: Triangulating static mesh car1
[2024.01.05-14.46.06:794][143]LogFbx:Warning: Triangulating static mesh car75
[2024.01.05-14.46.06:809][143]LogStaticMesh: Building static mesh free_car_1...
[2024.01.05-14.46.06:890][143]LogStaticMesh: Built static mesh [0.08s] /Game/Modelos/free_car_1.free_car_1
[2024.01.05-14.46.06:904][143]LogEditorFactories: -- imported successfully
[2024.01.05-14.46.06:906][143]FBXImport:Warning: Warning No smoothing group information was found in this FBX scene.  Please make sure to enable the 'Export Smoothing Groups' option in the FBX Exporter plug-in before exporting the file.  Even for tools that don't support smoothing groups, the FBX Exporter will generate appropriate smoothing data at export-time so that correct vertex normals can be inferred while importing. 
[2024.01.05-14.46.06:980][143]LogSlate: Took 0.000241 seconds to synchronously load lazily loaded font '../../../Engine/Content/Slate/Fonts/Roboto-Light.ttf' (159K)
[2024.01.05-14.46.34:043][689]Cmd: OBJ SAVEPACKAGE PACKAGE="/Game/Modelos/free_car_1" FILE="../../../../../Users/MelchioT/Documents/workUnrealEngine4/MotorUnreal4B/Content/Modelos/free_car_1.uasset" SILENT=true
[2024.01.05-14.46.34:070][689]LogSavePackage: Save=8.67ms
[2024.01.05-14.46.34:070][689]LogSavePackage: Moving '../../../../../Users/MelchioT/Documents/workUnrealEngine4/MotorUnreal4B/Saved/free_car_1F2089F2444211F2CD0419AB577A63AA4.tmp' to '../../../../../Users/MelchioT/Documents/workUnrealEngine4/MotorUnreal4B/Content/Modelos/free_car_1.uasset'
[2024.01.05-14.46.34:072][689]LogSavePackage:Display: Finished SavePackage ../../../../../Users/MelchioT/Documents/workUnrealEngine4/MotorUnreal4B/Content/Modelos/free_car_1.uasset
[2024.01.05-14.46.36:815][803]LogEditorViewport: Clicking on Actor (context menu): StaticMeshActor (Floor)
[2024.01.05-14.46.37:586][841]LogEditorViewport: Clicking on Actor (LMB): StaticMeshActor (Floor)
[2024.01.05-14.46.41:292][914]LogSavePackage: Save=22.51ms
[2024.01.05-14.46.41:292][914]LogSavePackage: Moving '../../../../../Users/MelchioT/Documents/workUnrealEngine4/MotorUnreal4B/Saved/Untitled_1_Auto1354C3C624E8EE8E6B03C64B1F58B9F7B.tmp' to '../../../../../Users/MelchioT/Documents/workUnrealEngine4/MotorUnreal4B/Saved/Autosaves/Temp/Untitled_1_Auto1.umap'
[2024.01.05-14.46.41:293][914]LogSavePackage:Display: Finished SavePackage ../../../../../Users/MelchioT/Documents/workUnrealEngine4/MotorUnreal4B/Saved/Autosaves/Temp/Untitled_1_Auto1.umap
[2024.01.05-14.46.41:295][914]LogFileHelpers: Editor autosave (incl. sublevels) for '/Temp/Untitled_1' took 0.037
[2024.01.05-14.46.41:295][914]LogFileHelpers: Editor autosave (incl. sublevels) for all levels took 0.037
[2024.01.05-14.47.08:370][235]LogEditorFactories: Performing atomic reimport of [C:/Users/MelchioT/Downloads/Free_Car_1_Fbx/free_car_1.fbx]
[2024.01.05-14.47.08:392][235]LogFbx: Loading FBX Scene from C:/Users/MelchioT/Downloads/Free_Car_1_Fbx/free_car_1.fbx
[2024.01.05-14.47.08:415][235]LogFbx: FBX Scene Loaded Succesfully
[2024.01.05-14.47.08:420][235]LogFbx:Warning: Triangulating static mesh car81
[2024.01.05-14.47.08:421][235]LogFbx:Warning: Triangulating static mesh car80
[2024.01.05-14.47.08:422][235]LogFbx:Warning: Triangulating static mesh car11
[2024.01.05-14.47.08:425][235]LogFbx:Warning: Triangulating static mesh car12
[2024.01.05-14.47.08:429][235]LogFbx:Warning: Triangulating static mesh car13
[2024.01.05-14.47.08:450][235]LogFbx:Warning: Triangulating static mesh car14
[2024.01.05-14.47.08:450][235]LogFbx:Warning: Triangulating static mesh car15
[2024.01.05-14.47.08:450][235]LogFbx:Warning: Triangulating static mesh car16
[2024.01.05-14.47.08:450][235]LogFbx:Warning: Triangulating static mesh car17
[2024.01.05-14.47.08:451][235]LogFbx:Warning: Triangulating static mesh car18
[2024.01.05-14.47.08:451][235]LogFbx:Warning: Triangulating static mesh car19
[2024.01.05-14.47.08:451][235]LogFbx:Warning: Triangulating static mesh car20
[2024.01.05-14.47.08:451][235]LogFbx:Warning: Triangulating static mesh car21
[2024.01.05-14.47.08:458][235]LogFbx:Warning: Triangulating static mesh car22
[2024.01.05-14.47.08:459][235]LogFbx:Warning: Triangulating static mesh car23
[2024.01.05-14.47.08:460][235]LogFbx:Warning: Triangulating static mesh car24
[2024.01.05-14.47.08:461][235]LogFbx:Warning: Triangulating static mesh car25
[2024.01.05-14.47.08:470][235]LogFbx:Warning: Triangulating static mesh car26
[2024.01.05-14.47.08:483][235]LogFbx:Warning: Triangulating static mesh car27
[2024.01.05-14.47.08:484][235]LogFbx:Warning: Triangulating static mesh car28
[2024.01.05-14.47.08:489][235]LogFbx:Warning: Triangulating static mesh car29
[2024.01.05-14.47.08:489][235]LogFbx:Warning: Triangulating static mesh car30
[2024.01.05-14.47.08:490][235]LogFbx:Warning: Triangulating static mesh car31
[2024.01.05-14.47.08:491][235]LogFbx:Warning: Triangulating static mesh car32
[2024.01.05-14.47.08:491][235]LogFbx:Warning: Triangulating static mesh car33
[2024.01.05-14.47.08:492][235]LogFbx:Warning: Triangulating static mesh car34
[2024.01.05-14.47.08:493][235]LogFbx:Warning: Triangulating static mesh car35
[2024.01.05-14.47.08:494][235]LogFbx:Warning: Triangulating static mesh car36
[2024.01.05-14.47.08:494][235]LogFbx:Warning: Triangulating static mesh car37
[2024.01.05-14.47.08:495][235]LogFbx:Warning: Triangulating static mesh car79
[2024.01.05-14.47.08:498][235]LogFbx:Warning: Triangulating static mesh car38
[2024.01.05-14.47.08:502][235]LogFbx:Warning: Triangulating static mesh car39
[2024.01.05-14.47.08:504][235]LogFbx:Warning: Triangulating static mesh car40
[2024.01.05-14.47.08:505][235]LogFbx:Warning: Triangulating static mesh car41
[2024.01.05-14.47.08:506][235]LogFbx:Warning: Triangulating static mesh car42
[2024.01.05-14.47.08:508][235]LogFbx:Warning: Triangulating static mesh car43
[2024.01.05-14.47.08:508][235]LogFbx:Warning: Triangulating static mesh car44
[2024.01.05-14.47.08:510][235]LogFbx:Warning: Triangulating static mesh car45
[2024.01.05-14.47.08:518][235]LogFbx:Warning: Triangulating static mesh car46
[2024.01.05-14.47.08:520][235]LogFbx:Warning: Triangulating static mesh car47
[2024.01.05-14.47.08:526][235]LogFbx:Warning: Triangulating static mesh car48
[2024.01.05-14.47.08:532][235]LogFbx:Warning: Triangulating static mesh car49
[2024.01.05-14.47.08:533][235]LogFbx:Warning: Triangulating static mesh car50
[2024.01.05-14.47.08:534][235]LogFbx:Warning: Triangulating static mesh car51
[2024.01.05-14.47.08:538][235]LogFbx:Warning: Triangulating static mesh car52
[2024.01.05-14.47.08:541][235]LogFbx:Warning: Triangulating static mesh car53
[2024.01.05-14.47.08:542][235]LogFbx:Warning: Triangulating static mesh car54
[2024.01.05-14.47.08:542][235]LogFbx:Warning: Triangulating static mesh car55
[2024.01.05-14.47.08:542][235]LogFbx:Warning: Triangulating static mesh car56
[2024.01.05-14.47.08:543][235]LogFbx:Warning: Triangulating static mesh car57
[2024.01.05-14.47.08:543][235]LogFbx:Warning: Triangulating static mesh car58
[2024.01.05-14.47.08:543][235]LogFbx:Warning: Triangulating static mesh car59
[2024.01.05-14.47.08:544][235]LogFbx:Warning: Triangulating static mesh car60
[2024.01.05-14.47.08:544][235]LogFbx:Warning: Triangulating static mesh car61
[2024.01.05-14.47.08:544][235]LogFbx:Warning: Triangulating static mesh car62
[2024.01.05-14.47.08:545][235]LogFbx:Warning: Triangulating static mesh car63
[2024.01.05-14.47.08:545][235]LogFbx:Warning: Triangulating static mesh car64
[2024.01.05-14.47.08:546][235]LogFbx:Warning: Triangulating static mesh car65
[2024.01.05-14.47.08:546][235]LogFbx:Warning: Triangulating static mesh car66
[2024.01.05-14.47.08:547][235]LogFbx:Warning: Triangulating static mesh car67
[2024.01.05-14.47.08:547][235]LogFbx:Warning: Triangulating static mesh car68
[2024.01.05-14.47.08:547][235]LogFbx:Warning: Triangulating static mesh car69
[2024.01.05-14.47.08:547][235]LogFbx:Warning: Triangulating static mesh car70
[2024.01.05-14.47.08:548][235]LogFbx:Warning: Triangulating static mesh car71
[2024.01.05-14.47.08:556][235]LogFbx:Warning: Triangulating static mesh car72
[2024.01.05-14.47.08:558][235]LogFbx:Warning: Triangulating static mesh car73
[2024.01.05-14.47.08:564][235]LogFbx:Warning: Triangulating static mesh car74
[2024.01.05-14.47.08:571][235]LogFbx:Warning: Triangulating static mesh car76
[2024.01.05-14.47.08:572][235]LogFbx:Warning: Triangulating static mesh car77
[2024.01.05-14.47.08:581][235]LogFbx:Warning: Triangulating static mesh car78
[2024.01.05-14.47.08:583][235]LogFbx:Warning: Triangulating static mesh car9
[2024.01.05-14.47.08:589][235]LogFbx:Warning: Triangulating static mesh car8
[2024.01.05-14.47.08:595][235]LogFbx:Warning: Triangulating static mesh car7
[2024.01.05-14.47.08:597][235]LogFbx:Warning: Triangulating static mesh car6
[2024.01.05-14.47.08:606][235]LogFbx:Warning: Triangulating static mesh car5
[2024.01.05-14.47.08:608][235]LogFbx:Warning: Triangulating static mesh car4
[2024.01.05-14.47.08:614][235]LogFbx:Warning: Triangulating static mesh car3
[2024.01.05-14.47.08:621][235]LogFbx:Warning: Triangulating static mesh car10
[2024.01.05-14.47.08:622][235]LogFbx:Warning: Triangulating static mesh car2
[2024.01.05-14.47.08:623][235]LogFbx:Warning: Triangulating static mesh car1
[2024.01.05-14.47.08:624][235]LogFbx:Warning: Triangulating static mesh car75
[2024.01.05-14.47.08:639][235]LogStaticMesh: Building static mesh free_car_1...
[2024.01.05-14.47.08:716][235]LogStaticMesh: Built static mesh [0.08s] /Game/Modelos/free_car_1.free_car_1
[2024.01.05-14.47.08:732][235]LogEditorFactories: -- imported successfully
[2024.01.05-14.47.08:735][235]FBXImport:Warning: Warning No smoothing group information was found in this FBX scene.  Please make sure to enable the 'Export Smoothing Groups' option in the FBX Exporter plug-in before exporting the file.  Even for tools that don't support smoothing groups, the FBX Exporter will generate appropriate smoothing data at export-time so that correct vertex normals can be inferred while importing. 
[2024.01.05-14.47.54:613][578]LogEditorViewport: Clicking on Actor (LMB): StaticMeshActor (free_car_1)
[2024.01.05-14.49.07:409][503]LogEditorFactories: Performing atomic reimport of [C:/Users/MelchioT/Downloads/Free_Car_1_Fbx/free_car_1.fbx]
[2024.01.05-14.49.07:431][503]LogFbx: Loading FBX Scene from C:/Users/MelchioT/Downloads/Free_Car_1_Fbx/free_car_1.fbx
[2024.01.05-14.49.07:454][503]LogFbx: FBX Scene Loaded Succesfully
[2024.01.05-14.49.07:466][503]LogFbx:Warning: Triangulating static mesh car81
[2024.01.05-14.49.07:467][503]LogFbx:Warning: Triangulating static mesh car80
[2024.01.05-14.49.07:468][503]LogFbx:Warning: Triangulating static mesh car11
[2024.01.05-14.49.07:472][503]LogFbx:Warning: Triangulating static mesh car12
[2024.01.05-14.49.07:476][503]LogFbx:Warning: Triangulating static mesh car13
[2024.01.05-14.49.07:497][503]LogFbx:Warning: Triangulating static mesh car14
[2024.01.05-14.49.07:497][503]LogFbx:Warning: Triangulating static mesh car15
[2024.01.05-14.49.07:498][503]LogFbx:Warning: Triangulating static mesh car16
[2024.01.05-14.49.07:498][503]LogFbx:Warning: Triangulating static mesh car17
[2024.01.05-14.49.07:498][503]LogFbx:Warning: Triangulating static mesh car18
[2024.01.05-14.49.07:498][503]LogFbx:Warning: Triangulating static mesh car19
[2024.01.05-14.49.07:498][503]LogFbx:Warning: Triangulating static mesh car20
[2024.01.05-14.49.07:499][503]LogFbx:Warning: Triangulating static mesh car21
[2024.01.05-14.49.07:506][503]LogFbx:Warning: Triangulating static mesh car22
[2024.01.05-14.49.07:507][503]LogFbx:Warning: Triangulating static mesh car23
[2024.01.05-14.49.07:508][503]LogFbx:Warning: Triangulating static mesh car24
[2024.01.05-14.49.07:509][503]LogFbx:Warning: Triangulating static mesh car25
[2024.01.05-14.49.07:518][503]LogFbx:Warning: Triangulating static mesh car26
[2024.01.05-14.49.07:532][503]LogFbx:Warning: Triangulating static mesh car27
[2024.01.05-14.49.07:533][503]LogFbx:Warning: Triangulating static mesh car28
[2024.01.05-14.49.07:538][503]LogFbx:Warning: Triangulating static mesh car29
[2024.01.05-14.49.07:538][503]LogFbx:Warning: Triangulating static mesh car30
[2024.01.05-14.49.07:539][503]LogFbx:Warning: Triangulating static mesh car31
[2024.01.05-14.49.07:540][503]LogFbx:Warning: Triangulating static mesh car32
[2024.01.05-14.49.07:541][503]LogFbx:Warning: Triangulating static mesh car33
[2024.01.05-14.49.07:542][503]LogFbx:Warning: Triangulating static mesh car34
[2024.01.05-14.49.07:542][503]LogFbx:Warning: Triangulating static mesh car35
[2024.01.05-14.49.07:543][503]LogFbx:Warning: Triangulating static mesh car36
[2024.01.05-14.49.07:544][503]LogFbx:Warning: Triangulating static mesh car37
[2024.01.05-14.49.07:544][503]LogFbx:Warning: Triangulating static mesh car79
[2024.01.05-14.49.07:549][503]LogFbx:Warning: Triangulating static mesh car38
[2024.01.05-14.49.07:553][503]LogFbx:Warning: Triangulating static mesh car39
[2024.01.05-14.49.07:554][503]LogFbx:Warning: Triangulating static mesh car40
[2024.01.05-14.49.07:556][503]LogFbx:Warning: Triangulating static mesh car41
[2024.01.05-14.49.07:557][503]LogFbx:Warning: Triangulating static mesh car42
[2024.01.05-14.49.07:559][503]LogFbx:Warning: Triangulating static mesh car43
[2024.01.05-14.49.07:560][503]LogFbx:Warning: Triangulating static mesh car44
[2024.01.05-14.49.07:561][503]LogFbx:Warning: Triangulating static mesh car45
[2024.01.05-14.49.07:570][503]LogFbx:Warning: Triangulating static mesh car46
[2024.01.05-14.49.07:572][503]LogFbx:Warning: Triangulating static mesh car47
[2024.01.05-14.49.07:579][503]LogFbx:Warning: Triangulating static mesh car48
[2024.01.05-14.49.07:585][503]LogFbx:Warning: Triangulating static mesh car49
[2024.01.05-14.49.07:587][503]LogFbx:Warning: Triangulating static mesh car50
[2024.01.05-14.49.07:588][503]LogFbx:Warning: Triangulating static mesh car51
[2024.01.05-14.49.07:592][503]LogFbx:Warning: Triangulating static mesh car52
[2024.01.05-14.49.07:596][503]LogFbx:Warning: Triangulating static mesh car53
[2024.01.05-14.49.07:596][503]LogFbx:Warning: Triangulating static mesh car54
[2024.01.05-14.49.07:596][503]LogFbx:Warning: Triangulating static mesh car55
[2024.01.05-14.49.07:596][503]LogFbx:Warning: Triangulating static mesh car56
[2024.01.05-14.49.07:597][503]LogFbx:Warning: Triangulating static mesh car57
[2024.01.05-14.49.07:597][503]LogFbx:Warning: Triangulating static mesh car58
[2024.01.05-14.49.07:597][503]LogFbx:Warning: Triangulating static mesh car59
[2024.01.05-14.49.07:598][503]LogFbx:Warning: Triangulating static mesh car60
[2024.01.05-14.49.07:598][503]LogFbx:Warning: Triangulating static mesh car61
[2024.01.05-14.49.07:599][503]LogFbx:Warning: Triangulating static mesh car62
[2024.01.05-14.49.07:599][503]LogFbx:Warning: Triangulating static mesh car63
[2024.01.05-14.49.07:600][503]LogFbx:Warning: Triangulating static mesh car64
[2024.01.05-14.49.07:601][503]LogFbx:Warning: Triangulating static mesh car65
[2024.01.05-14.49.07:601][503]LogFbx:Warning: Triangulating static mesh car66
[2024.01.05-14.49.07:601][503]LogFbx:Warning: Triangulating static mesh car67
[2024.01.05-14.49.07:602][503]LogFbx:Warning: Triangulating static mesh car68
[2024.01.05-14.49.07:602][503]LogFbx:Warning: Triangulating static mesh car69
[2024.01.05-14.49.07:603][503]LogFbx:Warning: Triangulating static mesh car70
[2024.01.05-14.49.07:603][503]LogFbx:Warning: Triangulating static mesh car71
[2024.01.05-14.49.07:613][503]LogFbx:Warning: Triangulating static mesh car72
[2024.01.05-14.49.07:615][503]LogFbx:Warning: Triangulating static mesh car73
[2024.01.05-14.49.07:621][503]LogFbx:Warning: Triangulating static mesh car74
[2024.01.05-14.49.07:627][503]LogFbx:Warning: Triangulating static mesh car76
[2024.01.05-14.49.07:629][503]LogFbx:Warning: Triangulating static mesh car77
[2024.01.05-14.49.07:638][503]LogFbx:Warning: Triangulating static mesh car78
[2024.01.05-14.49.07:640][503]LogFbx:Warning: Triangulating static mesh car9
[2024.01.05-14.49.07:647][503]LogFbx:Warning: Triangulating static mesh car8
[2024.01.05-14.49.07:653][503]LogFbx:Warning: Triangulating static mesh car7
[2024.01.05-14.49.07:655][503]LogFbx:Warning: Triangulating static mesh car6
[2024.01.05-14.49.07:664][503]LogFbx:Warning: Triangulating static mesh car5
[2024.01.05-14.49.07:666][503]LogFbx:Warning: Triangulating static mesh car4
[2024.01.05-14.49.07:672][503]LogFbx:Warning: Triangulating static mesh car3
[2024.01.05-14.49.07:679][503]LogFbx:Warning: Triangulating static mesh car10
[2024.01.05-14.49.07:680][503]LogFbx:Warning: Triangulating static mesh car2
[2024.01.05-14.49.07:681][503]LogFbx:Warning: Triangulating static mesh car1
[2024.01.05-14.49.07:682][503]LogFbx:Warning: Triangulating static mesh car75
[2024.01.05-14.49.07:699][503]LogStaticMesh: Building static mesh free_car_1...
[2024.01.05-14.49.07:776][503]LogStaticMesh: Built static mesh [0.08s] /Game/Modelos/free_car_1.free_car_1
[2024.01.05-14.49.07:785][503]LogStaticMesh:Warning: free_car_1 has degenerate tangent bases which will result in incorrect shading.  MikkTSpace relies on tangent bases and may result in mesh corruption, consider disabling this option.
[2024.01.05-14.49.07:792][503]LogEditorFactories: -- imported successfully
[2024.01.05-14.49.07:795][503]FBXImport:Warning: Warning No smoothing group information was found in this FBX scene.  Please make sure to enable the 'Export Smoothing Groups' option in the FBX Exporter plug-in before exporting the file.  Even for tools that don't support smoothing groups, the FBX Exporter will generate appropriate smoothing data at export-time so that correct vertex normals can be inferred while importing. 
[2024.01.05-14.49.07:795][503]FBXImport:Warning: Warning free_car_1 has degenerate tangent bases which will result in incorrect shading.  MikkTSpace relies on tangent bases and may result in mesh corruption, consider disabling this option. 
[2024.01.05-14.49.57:629][690]Cmd: OBJ SAVEPACKAGE PACKAGE="/Game/Modelos/free_car_1" FILE="../../../../../Users/MelchioT/Documents/workUnrealEngine4/MotorUnreal4B/Content/Modelos/free_car_1.uasset" SILENT=true
[2024.01.05-14.49.57:655][690]LogSavePackage: Save=9.77ms
[2024.01.05-14.49.57:655][690]LogSavePackage: Moving '../../../../../Users/MelchioT/Documents/workUnrealEngine4/MotorUnreal4B/Saved/free_car_13B8891F640C4095920278FA3223130E1.tmp' to '../../../../../Users/MelchioT/Documents/workUnrealEngine4/MotorUnreal4B/Content/Modelos/free_car_1.uasset'
[2024.01.05-14.49.57:657][690]LogSavePackage:Display: Finished SavePackage ../../../../../Users/MelchioT/Documents/workUnrealEngine4/MotorUnreal4B/Content/Modelos/free_car_1.uasset
[2024.01.05-14.49.59:993][800]LogEditorFactories: Performing atomic reimport of [C:/Users/MelchioT/Downloads/Free_Car_1_Fbx/free_car_1.fbx]
[2024.01.05-14.50.00:016][800]LogFbx: Loading FBX Scene from C:/Users/MelchioT/Downloads/Free_Car_1_Fbx/free_car_1.fbx
[2024.01.05-14.50.00:040][800]LogFbx: FBX Scene Loaded Succesfully
[2024.01.05-14.50.00:046][800]LogFbx:Warning: Triangulating static mesh car81
[2024.01.05-14.50.00:047][800]LogFbx:Warning: Triangulating static mesh car80
[2024.01.05-14.50.00:047][800]LogFbx:Warning: Triangulating static mesh car11
[2024.01.05-14.50.00:051][800]LogFbx:Warning: Triangulating static mesh car12
[2024.01.05-14.50.00:055][800]LogFbx:Warning: Triangulating static mesh car13
[2024.01.05-14.50.00:075][800]LogFbx:Warning: Triangulating static mesh car14
[2024.01.05-14.50.00:076][800]LogFbx:Warning: Triangulating static mesh car15
[2024.01.05-14.50.00:076][800]LogFbx:Warning: Triangulating static mesh car16
[2024.01.05-14.50.00:076][800]LogFbx:Warning: Triangulating static mesh car17
[2024.01.05-14.50.00:076][800]LogFbx:Warning: Triangulating static mesh car18
[2024.01.05-14.50.00:076][800]LogFbx:Warning: Triangulating static mesh car19
[2024.01.05-14.50.00:077][800]LogFbx:Warning: Triangulating static mesh car20
[2024.01.05-14.50.00:077][800]LogFbx:Warning: Triangulating static mesh car21
[2024.01.05-14.50.00:085][800]LogFbx:Warning: Triangulating static mesh car22
[2024.01.05-14.50.00:086][800]LogFbx:Warning: Triangulating static mesh car23
[2024.01.05-14.50.00:087][800]LogFbx:Warning: Triangulating static mesh car24
[2024.01.05-14.50.00:087][800]LogFbx:Warning: Triangulating static mesh car25
[2024.01.05-14.50.00:098][800]LogFbx:Warning: Triangulating static mesh car26
[2024.01.05-14.50.00:112][800]LogFbx:Warning: Triangulating static mesh car27
[2024.01.05-14.50.00:113][800]LogFbx:Warning: Triangulating static mesh car28
[2024.01.05-14.50.00:118][800]LogFbx:Warning: Triangulating static mesh car29
[2024.01.05-14.50.00:119][800]LogFbx:Warning: Triangulating static mesh car30
[2024.01.05-14.50.00:119][800]LogFbx:Warning: Triangulating static mesh car31
[2024.01.05-14.50.00:120][800]LogFbx:Warning: Triangulating static mesh car32
[2024.01.05-14.50.00:121][800]LogFbx:Warning: Triangulating static mesh car33
[2024.01.05-14.50.00:122][800]LogFbx:Warning: Triangulating static mesh car34
[2024.01.05-14.50.00:123][800]LogFbx:Warning: Triangulating static mesh car35
[2024.01.05-14.50.00:124][800]LogFbx:Warning: Triangulating static mesh car36
[2024.01.05-14.50.00:124][800]LogFbx:Warning: Triangulating static mesh car37
[2024.01.05-14.50.00:125][800]LogFbx:Warning: Triangulating static mesh car79
[2024.01.05-14.50.00:129][800]LogFbx:Warning: Triangulating static mesh car38
[2024.01.05-14.50.00:133][800]LogFbx:Warning: Triangulating static mesh car39
[2024.01.05-14.50.00:135][800]LogFbx:Warning: Triangulating static mesh car40
[2024.01.05-14.50.00:136][800]LogFbx:Warning: Triangulating static mesh car41
[2024.01.05-14.50.00:138][800]LogFbx:Warning: Triangulating static mesh car42
[2024.01.05-14.50.00:139][800]LogFbx:Warning: Triangulating static mesh car43
[2024.01.05-14.50.00:140][800]LogFbx:Warning: Triangulating static mesh car44
[2024.01.05-14.50.00:141][800]LogFbx:Warning: Triangulating static mesh car45
[2024.01.05-14.50.00:150][800]LogFbx:Warning: Triangulating static mesh car46
[2024.01.05-14.50.00:153][800]LogFbx:Warning: Triangulating static mesh car47
[2024.01.05-14.50.00:159][800]LogFbx:Warning: Triangulating static mesh car48
[2024.01.05-14.50.00:166][800]LogFbx:Warning: Triangulating static mesh car49
[2024.01.05-14.50.00:167][800]LogFbx:Warning: Triangulating static mesh car50
[2024.01.05-14.50.00:168][800]LogFbx:Warning: Triangulating static mesh car51
[2024.01.05-14.50.00:172][800]LogFbx:Warning: Triangulating static mesh car52
[2024.01.05-14.50.00:177][800]LogFbx:Warning: Triangulating static mesh car53
[2024.01.05-14.50.00:177][800]LogFbx:Warning: Triangulating static mesh car54
[2024.01.05-14.50.00:177][800]LogFbx:Warning: Triangulating static mesh car55
[2024.01.05-14.50.00:177][800]LogFbx:Warning: Triangulating static mesh car56
[2024.01.05-14.50.00:178][800]LogFbx:Warning: Triangulating static mesh car57
[2024.01.05-14.50.00:178][800]LogFbx:Warning: Triangulating static mesh car58
[2024.01.05-14.50.00:178][800]LogFbx:Warning: Triangulating static mesh car59
[2024.01.05-14.50.00:179][800]LogFbx:Warning: Triangulating static mesh car60
[2024.01.05-14.50.00:180][800]LogFbx:Warning: Triangulating static mesh car61
[2024.01.05-14.50.00:180][800]LogFbx:Warning: Triangulating static mesh car62
[2024.01.05-14.50.00:181][800]LogFbx:Warning: Triangulating static mesh car63
[2024.01.05-14.50.00:182][800]LogFbx:Warning: Triangulating static mesh car64
[2024.01.05-14.50.00:182][800]LogFbx:Warning: Triangulating static mesh car65
[2024.01.05-14.50.00:183][800]LogFbx:Warning: Triangulating static mesh car66
[2024.01.05-14.50.00:183][800]LogFbx:Warning: Triangulating static mesh car67
[2024.01.05-14.50.00:183][800]LogFbx:Warning: Triangulating static mesh car68
[2024.01.05-14.50.00:184][800]LogFbx:Warning: Triangulating static mesh car69
[2024.01.05-14.50.00:184][800]LogFbx:Warning: Triangulating static mesh car70
[2024.01.05-14.50.00:185][800]LogFbx:Warning: Triangulating static mesh car71
[2024.01.05-14.50.00:194][800]LogFbx:Warning: Triangulating static mesh car72
[2024.01.05-14.50.00:196][800]LogFbx:Warning: Triangulating static mesh car73
[2024.01.05-14.50.00:203][800]LogFbx:Warning: Triangulating static mesh car74
[2024.01.05-14.50.00:209][800]LogFbx:Warning: Triangulating static mesh car76
[2024.01.05-14.50.00:211][800]LogFbx:Warning: Triangulating static mesh car77
[2024.01.05-14.50.00:220][800]LogFbx:Warning: Triangulating static mesh car78
[2024.01.05-14.50.00:222][800]LogFbx:Warning: Triangulating static mesh car9
[2024.01.05-14.50.00:228][800]LogFbx:Warning: Triangulating static mesh car8
[2024.01.05-14.50.00:235][800]LogFbx:Warning: Triangulating static mesh car7
[2024.01.05-14.50.00:236][800]LogFbx:Warning: Triangulating static mesh car6
[2024.01.05-14.50.00:245][800]LogFbx:Warning: Triangulating static mesh car5
[2024.01.05-14.50.00:247][800]LogFbx:Warning: Triangulating static mesh car4
[2024.01.05-14.50.00:254][800]LogFbx:Warning: Triangulating static mesh car3
[2024.01.05-14.50.00:260][800]LogFbx:Warning: Triangulating static mesh car10
[2024.01.05-14.50.00:262][800]LogFbx:Warning: Triangulating static mesh car2
[2024.01.05-14.50.00:262][800]LogFbx:Warning: Triangulating static mesh car1
[2024.01.05-14.50.00:263][800]LogFbx:Warning: Triangulating static mesh car75
[2024.01.05-14.50.00:278][800]LogStaticMesh: Building static mesh free_car_1...
[2024.01.05-14.50.00:361][800]LogStaticMesh: Built static mesh [0.08s] /Game/Modelos/free_car_1.free_car_1
[2024.01.05-14.50.00:369][800]LogStaticMesh:Warning: free_car_1 has degenerate tangent bases which will result in incorrect shading.  MikkTSpace relies on tangent bases and may result in mesh corruption, consider disabling this option.
[2024.01.05-14.50.00:372][800]LogEditorFactories: -- imported successfully
[2024.01.05-14.50.00:375][800]FBXImport:Warning: Warning No smoothing group information was found in this FBX scene.  Please make sure to enable the 'Export Smoothing Groups' option in the FBX Exporter plug-in before exporting the file.  Even for tools that don't support smoothing groups, the FBX Exporter will generate appropriate smoothing data at export-time so that correct vertex normals can be inferred while importing. 
[2024.01.05-14.50.00:375][800]FBXImport:Warning: Warning free_car_1 has degenerate tangent bases which will result in incorrect shading.  MikkTSpace relies on tangent bases and may result in mesh corruption, consider disabling this option. 
[2024.01.05-14.50.03:783][933]LogEditorViewport: Clicking on Actor (LMB): StaticMeshActor (Floor)
[2024.01.05-14.50.04:211][944]LogSlate: Took 0.000200 seconds to synchronously load lazily loaded font '../../../Engine/Content/Slate/Fonts/Roboto-Light.ttf' (159K)
[2024.01.05-14.50.05:891][969]LogEditorViewport: Clicking on Actor (context menu): StaticMeshActor (Floor)
[2024.01.05-14.50.06:597][  8]LogEditorViewport: Clicking on Actor (LMB): BP_Sky_Sphere_C (Sky Sphere)
[2024.01.05-14.50.56:599][309]LogEditorViewport: Clicking on Actor (LMB): StaticMeshActor (free_car_1)
[2024.01.05-14.51.02:024][456]LogEditorViewport: Clicking on Actor (LMB): StaticMeshActor (Floor)
[2024.01.05-14.51.02:958][498]LogEditorViewport: Clicking on Actor (LMB): StaticMeshActor (free_car_1)
[2024.01.05-14.51.08:400][715]Cmd: OBJ SAVEPACKAGE PACKAGE="/Game/Modelos/free_car_1" FILE="../../../../../Users/MelchioT/Documents/workUnrealEngine4/MotorUnreal4B/Content/Modelos/free_car_1.uasset" SILENT=true
[2024.01.05-14.51.08:425][715]LogSavePackage: Save=9.44ms
[2024.01.05-14.51.08:425][715]LogSavePackage: Moving '../../../../../Users/MelchioT/Documents/workUnrealEngine4/MotorUnreal4B/Saved/free_car_1534942D24FF8E426BF73FB849DA3E2D3.tmp' to '../../../../../Users/MelchioT/Documents/workUnrealEngine4/MotorUnreal4B/Content/Modelos/free_car_1.uasset'
[2024.01.05-14.51.08:426][715]LogSavePackage:Display: Finished SavePackage ../../../../../Users/MelchioT/Documents/workUnrealEngine4/MotorUnreal4B/Content/Modelos/free_car_1.uasset
[2024.01.05-14.51.18:136][127]Cmd: OBJ SAVEPACKAGE PACKAGE="/Game/Modelos/free_car_1" FILE="../../../../../Users/MelchioT/Documents/workUnrealEngine4/MotorUnreal4B/Content/Modelos/free_car_1.uasset" SILENT=true
[2024.01.05-14.51.18:153][127]LogSavePackage: Save=3.32ms
[2024.01.05-14.51.18:153][127]LogSavePackage: Moving '../../../../../Users/MelchioT/Documents/workUnrealEngine4/MotorUnreal4B/Saved/free_car_1BF564AAA4520DE22671767B77A46F397.tmp' to '../../../../../Users/MelchioT/Documents/workUnrealEngine4/MotorUnreal4B/Content/Modelos/free_car_1.uasset'
[2024.01.05-14.51.18:155][127]LogSavePackage:Display: Finished SavePackage ../../../../../Users/MelchioT/Documents/workUnrealEngine4/MotorUnreal4B/Content/Modelos/free_car_1.uasset
[2024.01.05-14.51.30:101][653]Cmd: QUIT_EDITOR
[2024.01.05-14.51.30:131][653]LogWindowsTextInputMethodSystem:Display: IME system now deactivated.
[2024.01.05-14.51.30:152][653]LogExit: Preparing to exit.
[2024.01.05-14.51.30:627][653]LogDirectoryWatcher: A directory notification for 'C:/Users/MelchioT/Documents/workUnrealEngine4/MotorUnreal4B/Content/' was aborted.
[2024.01.05-14.51.30:640][653]LogExit: Editor shut down
[2024.01.05-14.51.30:640][653]LogExit: Transaction tracking system shut down
[2024.01.05-14.51.30:692][653]LogObj: Freed 0b from 0 cluster array pools.
[2024.01.05-14.51.30:692][653]LogExit: Object subsystem successfully closed.
[2024.01.05-14.51.30:712][653]LogD3D11RHI: Shutdown
[2024.01.05-14.51.30:712][653]LogD3D11RHI: CleanupD3DDevice
[2024.01.05-14.51.30:816][653]LogD3D11RHI: ~FD3D11DynamicRHI
[2024.01.05-14.51.30:827][653]LogModuleManager: Shutting down and abandoning module StaticMeshEditor (482)
[2024.01.05-14.51.30:827][653]LogModuleManager: Shutting down and abandoning module HierarchicalLODOutliner (480)
[2024.01.05-14.51.30:827][653]LogModuleManager: Shutting down and abandoning module CrashTracker (478)
[2024.01.05-14.51.30:827][653]LogModuleManager: Shutting down and abandoning module SceneOutliner (476)
[2024.01.05-14.51.30:827][653]LogModuleManager: Shutting down and abandoning module AddContentDialog (474)
[2024.01.05-14.51.30:827][653]LogDirectoryWatcher: A directory notification for 'C:/Program Files/Unreal Engine 4 (4.15.0)/FeaturePacks/' was aborted.
[2024.01.05-14.51.30:828][653]LogModuleManager: Shutting down and abandoning module WidgetCarousel (473)
[2024.01.05-14.51.30:828][653]LogModuleManager: Shutting down and abandoning module EditorWidgets (470)
[2024.01.05-14.51.30:828][653]LogModuleManager: Shutting down and abandoning module CollectionManager (468)
[2024.01.05-14.51.30:828][653]LogDirectoryWatcher: A directory notification for 'C:/Users/MelchioT/Documents/workUnrealEngine4/MotorUnreal4B/Content/Collections/' was aborted.
[2024.01.05-14.51.30:828][653]LogDirectoryWatcher: A directory notification for 'C:/Users/MelchioT/Documents/workUnrealEngine4/MotorUnreal4B/Content/Developers/MelchioT/Collections/' was aborted.
[2024.01.05-14.51.30:828][653]LogDirectoryWatcher: A directory notification for 'C:/Users/MelchioT/Documents/workUnrealEngine4/MotorUnreal4B/Saved/Collections/' was aborted.
[2024.01.05-14.51.30:828][653]LogModuleManager: Shutting down and abandoning module StatsViewer (466)
[2024.01.05-14.51.30:828][653]LogModuleManager: Shutting down and abandoning module FoliageEdit (464)
[2024.01.05-14.51.30:828][653]LogModuleManager: Shutting down and abandoning module LandscapeEditor (462)
[2024.01.05-14.51.30:828][653]LogModuleManager: Shutting down and abandoning module SceneDepthPickerMode (460)
[2024.01.05-14.51.30:828][653]LogModuleManager: Shutting down and abandoning module ActorPickerMode (458)
[2024.01.05-14.51.30:828][653]LogModuleManager: Shutting down and abandoning module GeometryMode (456)
[2024.01.05-14.51.30:828][653]LogModuleManager: Shutting down and abandoning module TextureAlignMode (454)
[2024.01.05-14.51.30:828][653]LogModuleManager: Shutting down and abandoning module BspMode (452)
[2024.01.05-14.51.30:828][653]LogModuleManager: Shutting down and abandoning module HardwareSurvey (450)
[2024.01.05-14.51.30:828][653]LogModuleManager: Shutting down and abandoning module SequenceRecorderSections (448)
[2024.01.05-14.51.30:828][653]LogModuleManager: Shutting down and abandoning module AutomationWorker (446)
[2024.01.05-14.51.30:828][653]LogModuleManager: Shutting down and abandoning module MatineeToLevelSequence (444)
[2024.01.05-14.51.30:828][653]LogModuleManager: Shutting down and abandoning module LevelSequenceEditor (442)
[2024.01.05-14.51.30:828][653]LogModuleManager: Shutting down and abandoning module PlacementMode (441)
[2024.01.05-14.51.30:828][653]LogModuleManager: Shutting down and abandoning module WmfMediaFactory (438)
[2024.01.05-14.51.30:828][653]LogModuleManager: Shutting down and abandoning module WmfMediaEditor (436)
[2024.01.05-14.51.30:828][653]LogModuleManager: Shutting down and abandoning module MfMediaFactory (434)
[2024.01.05-14.51.30:828][653]LogModuleManager: Shutting down and abandoning module MfMediaEditor (432)
[2024.01.05-14.51.30:829][653]LogModuleManager: Shutting down and abandoning module AvfMediaFactory (430)
[2024.01.05-14.51.30:829][653]LogModuleManager: Shutting down and abandoning module AvfMediaEditor (428)
[2024.01.05-14.51.30:829][653]LogModuleManager: Shutting down and abandoning module AndroidMediaFactory (426)
[2024.01.05-14.51.30:829][653]LogModuleManager: Shutting down and abandoning module Media (425)
[2024.01.05-14.51.30:829][653]LogModuleManager: Shutting down and abandoning module AndroidMediaEditor (422)
[2024.01.05-14.51.30:829][653]LogModuleManager: Shutting down and abandoning module CharacterAI (420)
[2024.01.05-14.51.30:829][653]LogModuleManager: Shutting down and abandoning module AudioCapture (418)
[2024.01.05-14.51.30:829][653]LogModuleManager: Shutting down and abandoning module SequenceRecorder (417)
[2024.01.05-14.51.30:829][653]LogModuleManager: Shutting down and abandoning module SmartSnapping (414)
[2024.01.05-14.51.30:829][653]LogModuleManager: Shutting down and abandoning module SessionServices (412)
[2024.01.05-14.51.30:829][653]LogModuleManager: Shutting down and abandoning module ViewportSnapping (410)
[2024.01.05-14.51.30:829][653]LogModuleManager: Shutting down and abandoning module ViewportInteraction (408)
[2024.01.05-14.51.30:829][653]LogModuleManager: Shutting down and abandoning module LogVisualizer (406)
[2024.01.05-14.51.30:829][653]LogModuleManager: Shutting down and abandoning module IntroTutorials (404)
[2024.01.05-14.51.30:829][653]LogModuleManager: Shutting down and abandoning module GameProjectGeneration (403)
[2024.01.05-14.51.30:829][653]LogModuleManager: Shutting down and abandoning module EditorLiveStreaming (400)
[2024.01.05-14.51.30:829][653]LogModuleManager: Shutting down and abandoning module IOSPlatformEditor (398)
[2024.01.05-14.51.30:829][653]LogModuleManager: Shutting down and abandoning module HTML5PlatformEditor (396)
[2024.01.05-14.51.30:829][653]LogModuleManager: Shutting down and abandoning module AndroidPlatformEditor (394)
[2024.01.05-14.51.30:829][653]LogModuleManager: Shutting down and abandoning module AndroidDeviceDetection (393)
[2024.01.05-14.51.31:548][653]LogModuleManager: Shutting down and abandoning module IOSRuntimeSettings (390)
[2024.01.05-14.51.31:548][653]LogModuleManager: Shutting down and abandoning module AndroidRuntimeSettings (388)
[2024.01.05-14.51.31:548][653]LogModuleManager: Shutting down and abandoning module InputBindingEditor (386)
[2024.01.05-14.51.31:548][653]LogModuleManager: Shutting down and abandoning module NiagaraEditor (384)
[2024.01.05-14.51.31:548][653]LogModuleManager: Shutting down and abandoning module MergeActors (382)
[2024.01.05-14.51.31:548][653]LogModuleManager: Shutting down and abandoning module SizeMap (380)
[2024.01.05-14.51.31:548][653]LogModuleManager: Shutting down and abandoning module TreeMap (378)
[2024.01.05-14.51.31:548][653]LogModuleManager: Shutting down and abandoning module ReferenceViewer (376)
[2024.01.05-14.51.31:548][653]LogModuleManager: Shutting down and abandoning module LocalizationDashboard (374)
[2024.01.05-14.51.31:548][653]LogModuleManager: Shutting down and abandoning module LocalizationService (373)
[2024.01.05-14.51.31:548][653]LogModuleManager: Shutting down and abandoning module HardwareTargeting (370)
[2024.01.05-14.51.31:548][653]LogModuleManager: Shutting down and abandoning module DeviceProfileEditor (368)
[2024.01.05-14.51.31:548][653]LogModuleManager: Shutting down and abandoning module UndoHistory (366)
[2024.01.05-14.51.31:548][653]LogModuleManager: Shutting down and abandoning module UserFeedback (364)
[2024.01.05-14.51.31:548][653]LogModuleManager: Shutting down and abandoning module XmlParser (362)
[2024.01.05-14.51.31:548][653]LogModuleManager: Shutting down and abandoning module Blutility (360)
[2024.01.05-14.51.31:548][653]LogModuleManager: Shutting down and abandoning module ProjectSettingsViewer (358)
[2024.01.05-14.51.31:548][653]LogModuleManager: Shutting down and abandoning module ProjectTargetPlatformEditor (357)
[2024.01.05-14.51.31:549][653]LogModuleManager: Shutting down and abandoning module EditorSettingsViewer (354)
[2024.01.05-14.51.31:549][653]LogModuleManager: Shutting down and abandoning module SettingsEditor (352)
[2024.01.05-14.51.31:549][653]LogModuleManager: Shutting down and abandoning module ProjectLauncher (350)
[2024.01.05-14.51.31:549][653]LogModuleManager: Shutting down and abandoning module SessionFrontend (348)
[2024.01.05-14.51.31:549][653]LogModuleManager: Shutting down and abandoning module ProfilerClient (346)
[2024.01.05-14.51.31:549][653]LogModuleManager: Shutting down and abandoning module DeviceManager (344)
[2024.01.05-14.51.31:549][653]LogModuleManager: Shutting down and abandoning module TargetDeviceServices (343)
[2024.01.05-14.51.31:591][653]LogModuleManager: Shutting down and abandoning module AutomationController (340)
[2024.01.05-14.51.31:591][653]LogModuleManager: Shutting down and abandoning module AutomationWindow (338)
[2024.01.05-14.51.31:591][653]LogModuleManager: Shutting down and abandoning module Layers (336)
[2024.01.05-14.51.31:591][653]LogModuleManager: Shutting down and abandoning module ComponentVisualizers (334)
[2024.01.05-14.51.31:591][653]LogModuleManager: Shutting down and abandoning module DetailCustomizations (332)
[2024.01.05-14.51.31:591][653]LogModuleManager: Shutting down and abandoning module PackagesDialog (330)
[2024.01.05-14.51.31:591][653]LogModuleManager: Shutting down and abandoning module Persona (328)
[2024.01.05-14.51.31:591][653]LogModuleManager: Shutting down and abandoning module AnimGraph (327)
[2024.01.05-14.51.31:591][653]LogModuleManager: Shutting down and abandoning module Kismet (324)
[2024.01.05-14.51.31:591][653]LogModuleManager: Shutting down and abandoning module GraphEditor (322)
[2024.01.05-14.51.31:591][653]LogModuleManager: Shutting down and abandoning module ClassViewer (320)
[2024.01.05-14.51.31:591][653]LogModuleManager: Shutting down and abandoning module Toolbox (318)
[2024.01.05-14.51.31:591][653]LogModuleManager: Shutting down and abandoning module ModuleUI (316)
[2024.01.05-14.51.31:591][653]LogModuleManager: Shutting down and abandoning module MovieSceneTools (314)
[2024.01.05-14.51.31:591][653]LogModuleManager: Shutting down and abandoning module OutputLog (312)
[2024.01.05-14.51.31:591][653]LogModuleManager: Shutting down and abandoning module GammaUI (310)
[2024.01.05-14.51.31:591][653]LogModuleManager: Shutting down and abandoning module Documentation (308)
[2024.01.05-14.51.31:591][653]LogModuleManager: Shutting down and abandoning module Niagara (306)
[2024.01.05-14.51.31:591][653]LogModuleManager: Shutting down and abandoning module StreamingPauseRendering (304)
[2024.01.05-14.51.31:591][653]LogModuleManager: Shutting down and abandoning module AnalyticsET (302)
[2024.01.05-14.51.31:591][653]LogModuleManager: Shutting down and abandoning module PortalServices (300)
[2024.01.05-14.51.31:591][653]LogModuleManager: Shutting down and abandoning module PortalRpc (298)
[2024.01.05-14.51.31:591][653]LogModuleManager: Shutting down and abandoning module MessagingRpc (296)
[2024.01.05-14.51.31:591][653]LogModuleManager: Shutting down and abandoning module AIModule (294)
[2024.01.05-14.51.31:591][653]LogModuleManager: Shutting down and abandoning module GameplayDebugger (293)
[2024.01.05-14.51.31:591][653]LogModuleManager: Shutting down and abandoning module AITestSuite (291)
[2024.01.05-14.51.31:592][653]LogModuleManager: Shutting down and abandoning module ProfilerService (288)
[2024.01.05-14.51.31:822][653]LogModuleManager: Shutting down and abandoning module TaskGraph (286)
[2024.01.05-14.51.31:822][653]LogModuleManager: Shutting down and abandoning module SteamVRController (284)
[2024.01.05-14.51.31:822][653]LogModuleManager: Shutting down and abandoning module SteamVR (282)
[2024.01.05-14.51.31:822][653]LogModuleManager: Shutting down and abandoning module ProceduralMeshComponentEditor (280)
[2024.01.05-14.51.31:822][653]LogModuleManager: Shutting down and abandoning module ProceduralMeshComponent (278)
[2024.01.05-14.51.31:822][653]LogModuleManager: Shutting down and abandoning module OculusLibrary (276)
[2024.01.05-14.51.31:822][653]LogModuleManager: Shutting down and abandoning module OculusInput (274)
[2024.01.05-14.51.31:822][653]LogModuleManager: Shutting down and abandoning module MobilePatchingUtils (272)
[2024.01.05-14.51.31:822][653]LogModuleManager: Shutting down and abandoning module CustomMeshComponent (270)
[2024.01.05-14.51.31:822][653]LogModuleManager: Shutting down and abandoning module CableComponent (268)
[2024.01.05-14.51.31:822][653]LogModuleManager: Shutting down and abandoning module ArchVisCharacter (266)
[2024.01.05-14.51.31:822][653]LogModuleManager: Shutting down and abandoning module MediaPlayerEditor (262)
[2024.01.05-14.51.31:822][653]LogModuleManager: Shutting down and abandoning module HTML5Networking (260)
[2024.01.05-14.51.31:822][653]LogModuleManager: Shutting down and abandoning module AlembicImporter (258)
[2024.01.05-14.51.31:822][653]LogModuleManager: Shutting down and abandoning module AlembicLibrary (257)
[2024.01.05-14.51.31:822][653]LogModuleManager: Shutting down and abandoning module GeometryCache (256)
[2024.01.05-14.51.31:822][653]LogModuleManager: Shutting down and abandoning module GeometryCacheEd (255)
[2024.01.05-14.51.31:822][653]LogModuleManager: Shutting down and abandoning module SuperSearchEditor (250)
[2024.01.05-14.51.31:822][653]LogModuleManager: Shutting down and abandoning module SuperSearch (249)
[2024.01.05-14.51.31:822][653]LogModuleManager: Shutting down and abandoning module SpeedTreeImporter (246)
[2024.01.05-14.51.31:822][653]LogModuleManager: Shutting down and abandoning module PluginBrowser (244)
[2024.01.05-14.51.31:823][653]LogModuleManager: Shutting down and abandoning module MobileLauncherProfileWizard (242)
[2024.01.05-14.51.31:823][653]LogModuleManager: Shutting down and abandoning module EpicSurvey (240)
[2024.01.05-14.51.31:823][653]LogModuleManager: Shutting down and abandoning module VisualStudioSourceCodeAccess (238)
[2024.01.05-14.51.31:823][653]LogModuleManager: Shutting down and abandoning module DesktopPlatform (237)
[2024.01.05-14.51.31:823][653]LogModuleManager: Shutting down and abandoning module UObjectPlugin (234)
[2024.01.05-14.51.31:823][653]LogModuleManager: Shutting down and abandoning module SubversionSourceControl (232)
[2024.01.05-14.51.31:823][653]LogModuleManager: Shutting down and abandoning module PerforceSourceControl (230)
[2024.01.05-14.51.31:823][653]LogModuleManager: Shutting down and abandoning module GitSourceControl (228)
[2024.01.05-14.51.31:823][653]LogModuleManager: Shutting down and abandoning module SourceControl (227)
[2024.01.05-14.51.31:823][653]LogModuleManager: Shutting down and abandoning module LightPropagationVolumeEditor (224)
[2024.01.05-14.51.31:823][653]LogModuleManager: Shutting down and abandoning module PaperTiledImporter (222)
[2024.01.05-14.51.31:823][653]LogModuleManager: Shutting down and abandoning module PaperSpriteSheetImporter (220)
[2024.01.05-14.51.31:823][653]LogModuleManager: Shutting down and abandoning module Paper2DEditor (218)
[2024.01.05-14.51.31:823][653]LogModuleManager: Shutting down and abandoning module MeshPaint (217)
[2024.01.05-14.51.31:823][653]LogModuleManager: Shutting down and abandoning module LevelEditor (215)
[2024.01.05-14.51.31:823][653]LogModuleManager: Shutting down and abandoning module PixelInspectorModule (214)
[2024.01.05-14.51.31:823][653]LogModuleManager: Shutting down and abandoning module MainFrame (212)
[2024.01.05-14.51.31:823][653]LogModuleManager: Shutting down and abandoning module HotReload (211)
[2024.01.05-14.51.31:824][653]LogModuleManager: Shutting down and abandoning module ContentBrowser (207)
[2024.01.05-14.51.31:825][653]LogModuleManager: Shutting down and abandoning module PhysXVehiclesEditor (204)
[2024.01.05-14.51.31:825][653]LogModuleManager: Shutting down and abandoning module PhysXVehicles (202)
[2024.01.05-14.51.31:825][653]LogModuleManager: Shutting down and abandoning module LocationServicesBPLibrary (200)
[2024.01.05-14.51.31:825][653]LogModuleManager: Shutting down and abandoning module UdpMessaging (198)
[2024.01.05-14.51.31:926][653]LogModuleManager: Shutting down and abandoning module TcpMessaging (196)
[2024.01.05-14.51.32:027][653]LogModuleManager: Shutting down and abandoning module GameplayTagsEditor (194)
[2024.01.05-14.51.32:027][653]LogModuleManager: Shutting down and abandoning module FacialAnimationEditor (192)
[2024.01.05-14.51.32:027][653]LogModuleManager: Shutting down and abandoning module FacialAnimation (190)
[2024.01.05-14.51.32:027][653]LogModuleManager: Shutting down and abandoning module LightPropagationVolumeRuntime (188)
[2024.01.05-14.51.32:027][653]LogModuleManager: Shutting down and abandoning module Paper2D (186)
[2024.01.05-14.51.32:027][653]LogModuleManager: Shutting down and abandoning module WindowsMoviePlayer (184)
[2024.01.05-14.51.32:027][653]LogModuleManager: Shutting down and abandoning module WmfMedia (182)
[2024.01.05-14.51.32:028][653]LogModuleManager: Shutting down and abandoning module MfMedia (180)
[2024.01.05-14.51.32:028][653]LogModuleManager: Shutting down and abandoning module MediaAssets (178)
[2024.01.05-14.51.32:028][653]LogModuleManager: Shutting down and abandoning module GameLiveStreaming (176)
[2024.01.05-14.51.32:028][653]LogModuleManager: Shutting down and abandoning module VREditor (174)
[2024.01.05-14.51.32:028][653]LogModuleManager: Shutting down and abandoning module GameplayTasksEditor (172)
[2024.01.05-14.51.32:028][653]LogModuleManager: Shutting down and abandoning module BehaviorTreeEditor (170)
[2024.01.05-14.51.32:028][653]LogModuleManager: Shutting down and abandoning module FunctionalTesting (168)
[2024.01.05-14.51.32:028][653]LogModuleManager: Shutting down and abandoning module CollisionAnalyzer (166)
[2024.01.05-14.51.32:028][653]LogModuleManager: Shutting down and abandoning module UMG (164)
[2024.01.05-14.51.32:028][653]LogModuleManager: Shutting down and abandoning module UMGEditor (163)
[2024.01.05-14.51.32:028][653]LogModuleManager: Shutting down and abandoning module Sequencer (162)
[2024.01.05-14.51.32:028][653]LogModuleManager: Shutting down and abandoning module AssetTools (160)
[2024.01.05-14.51.32:028][653]LogModuleManager: Shutting down and abandoning module MessageLog (159)
[2024.01.05-14.51.32:028][653]LogModuleManager: Shutting down and abandoning module WorkspaceMenuStructure (158)
[2024.01.05-14.51.32:028][653]LogModuleManager: Shutting down and abandoning module SlateReflector (152)
[2024.01.05-14.51.32:028][653]LogModuleManager: Shutting down and abandoning module Slate (150)
[2024.01.05-14.51.32:028][653]LogModuleManager: Shutting down and abandoning module EditorStyle (148)
[2024.01.05-14.51.32:030][653]LogModuleManager: Shutting down and abandoning module SourceCodeAccess (146)
[2024.01.05-14.51.32:030][653]LogModuleManager: Shutting down and abandoning module HeadMountedDisplay (144)
[2024.01.05-14.51.32:030][653]LogModuleManager: Shutting down and abandoning module XAudio2 (142)
[2024.01.05-14.51.32:030][653]LogModuleManager: Shutting down and abandoning module Networking (140)
[2024.01.05-14.51.32:030][653]LogModuleManager: Shutting down and abandoning module Core (136)
[2024.01.05-14.51.32:030][653]LogModuleManager: Shutting down and abandoning module AssetRegistry (134)
[2024.01.05-14.51.32:145][653]LogDirectoryWatcher: A directory notification for '../../../Engine/Content/' was aborted.
[2024.01.05-14.51.32:145][653]LogDirectoryWatcher: A directory notification for '../../../../../Users/MelchioT/Documents/workUnrealEngine4/MotorUnreal4B/Content/' was aborted.
[2024.01.05-14.51.32:146][653]LogDirectoryWatcher: A directory notification for '../../../Engine/Plugins/2D/Paper2D/Content/' was aborted.
[2024.01.05-14.51.32:146][653]LogModuleManager: Shutting down and abandoning module DirectoryWatcher (133)
[2024.01.05-14.51.32:146][653]LogModuleManager: Shutting down and abandoning module KismetCompiler (130)
[2024.01.05-14.51.32:146][653]LogModuleManager: Shutting down and abandoning module PhysXFormats (128)
[2024.01.05-14.51.32:146][653]LogModuleManager: Shutting down and abandoning module MeshUtilities (126)
[2024.01.05-14.51.32:146][653]LogModuleManager: Shutting down and abandoning module QuadricMeshReduction (125)
[2024.01.05-14.51.32:146][653]LogModuleManager: Shutting down and abandoning module PropertyEditor (123)
[2024.01.05-14.51.32:146][653]LogModuleManager: Shutting down and abandoning module DerivedDataCache (120)
[2024.01.05-14.51.32:218][653]LogDerivedDataCache: Shutdown
[2024.01.05-14.51.32:218][653]LogModuleManager: Shutting down and abandoning module TargetPlatform (118)
[2024.01.05-14.51.32:218][653]LogModuleManager: Shutting down and abandoning module VulkanShaderFormat (117)
[2024.01.05-14.51.32:218][653]LogModuleManager: Shutting down and abandoning module MetalShaderFormat (115)
[2024.01.05-14.51.32:218][653]LogModuleManager: Shutting down and abandoning module ShaderFormatD3D (113)
[2024.01.05-14.51.32:218][653]LogModuleManager: Shutting down and abandoning module ShaderFormatOpenGL (111)
[2024.01.05-14.51.32:218][653]LogModuleManager: Shutting down and abandoning module TextureFormatUncompressed (109)
[2024.01.05-14.51.32:218][653]LogModuleManager: Shutting down and abandoning module TextureFormatASTC (107)
[2024.01.05-14.51.32:218][653]LogModuleManager: Shutting down and abandoning module ImageWrapper (106)
[2024.01.05-14.51.32:218][653]LogModuleManager: Shutting down and abandoning module TextureFormatPVR (103)
[2024.01.05-14.51.32:218][653]LogModuleManager: Shutting down and abandoning module TextureFormatDXT (101)
[2024.01.05-14.51.32:218][653]LogModuleManager: Shutting down and abandoning module TextureFormatIntelISPCTexComp (99)
[2024.01.05-14.51.32:218][653]LogModuleManager: Shutting down and abandoning module AudioFormatOpus (97)
[2024.01.05-14.51.32:218][653]LogModuleManager: Shutting down and abandoning module AudioFormatOgg (95)
[2024.01.05-14.51.32:218][653]LogModuleManager: Shutting down and abandoning module AudioFormatADPCM (93)
[2024.01.05-14.51.32:218][653]LogModuleManager: Shutting down and abandoning module TVOSTargetPlatform (91)
[2024.01.05-14.51.32:218][653]LogModuleManager: Shutting down and abandoning module Messaging (89)
[2024.01.05-14.51.32:218][653]LogModuleManager: Shutting down and abandoning module IOSTargetPlatform (87)
[2024.01.05-14.51.32:218][653]LogModuleManager: Shutting down and abandoning module HTML5TargetPlatform (85)
[2024.01.05-14.51.32:218][653]LogModuleManager: Shutting down and abandoning module Android_MultiTargetPlatform (83)
[2024.01.05-14.51.32:218][653]LogModuleManager: Shutting down and abandoning module Android_ASTCTargetPlatform (81)
[2024.01.05-14.51.32:218][653]LogModuleManager: Shutting down and abandoning module Android_ETC2TargetPlatform (79)
[2024.01.05-14.51.32:218][653]LogModuleManager: Shutting down and abandoning module Android_ETC1TargetPlatform (77)
[2024.01.05-14.51.32:218][653]LogModuleManager: Shutting down and abandoning module Android_DXTTargetPlatform (75)
[2024.01.05-14.51.32:218][653]LogModuleManager: Shutting down and abandoning module Android_ATCTargetPlatform (73)
[2024.01.05-14.51.32:218][653]LogModuleManager: Shutting down and abandoning module Android_PVRTCTargetPlatform (71)
[2024.01.05-14.51.32:218][653]LogModuleManager: Shutting down and abandoning module AndroidTargetPlatform (69)
[2024.01.05-14.51.32:218][653]LogModuleManager: Shutting down and abandoning module AllDesktopTargetPlatform (67)
[2024.01.05-14.51.32:218][653]LogModuleManager: Shutting down and abandoning module WindowsClientTargetPlatform (65)
[2024.01.05-14.51.32:218][653]LogModuleManager: Shutting down and abandoning module WindowsServerTargetPlatform (63)
[2024.01.05-14.51.32:218][653]LogModuleManager: Shutting down and abandoning module WindowsNoEditorTargetPlatform (61)
[2024.01.05-14.51.32:218][653]LogModuleManager: Shutting down and abandoning module WindowsTargetPlatform (59)
[2024.01.05-14.51.32:218][653]LogModuleManager: Shutting down and abandoning module MacClientTargetPlatform (57)
[2024.01.05-14.51.32:218][653]LogModuleManager: Shutting down and abandoning module MacServerTargetPlatform (55)
[2024.01.05-14.51.32:218][653]LogModuleManager: Shutting down and abandoning module MacNoEditorTargetPlatform (53)
[2024.01.05-14.51.32:218][653]LogModuleManager: Shutting down and abandoning module MacTargetPlatform (51)
[2024.01.05-14.51.32:218][653]LogModuleManager: Shutting down and abandoning module InputCore (48)
[2024.01.05-14.51.32:218][653]LogModuleManager: Shutting down and abandoning module Settings (46)
[2024.01.05-14.51.32:218][653]LogModuleManager: Shutting down and abandoning module OculusRift (44)
[2024.01.05-14.51.32:218][653]LogModuleManager: Shutting down and abandoning module ExampleDeviceProfileSelector (42)
[2024.01.05-14.51.32:218][653]LogModuleManager: Shutting down and abandoning module OnlineBlueprintSupport (40)
[2024.01.05-14.51.32:218][653]LogModuleManager: Shutting down and abandoning module OnlineSubsystem (36)
[2024.01.05-14.51.32:218][653]LogOnline:Display: Unloading online subsystem: NULL
[2024.01.05-14.51.32:219][653]LogModuleManager: Shutting down and abandoning module HTTP (35)
[2024.01.05-14.51.32:219][653]LogHttp:Display: Http module shutting down, but needs to wait on 1 outstanding Http requests:
[2024.01.05-14.51.32:219][653]LogHttp:Display: 	verb=[POST] url=[https://datarouter.ol.epicgames.com/datarouter/api/v1/public/data?SessionID=%7B291B3C74-48A1-C7CB-9508-BAB85395AFB2%7D&AppID=UEEditor.UnrealEngine.Release&AppVersion=4.15.0-0%2B%2B%2BUE4%2BRelease-4.15&UserID=aa7ec4a94460bf88f1f872b01bef9583%7C8cfcda83180144cdb9bb2bc7d773924e%7C775b68d6-d1f3-44da-96ce-dab51d83f808&AppEnvironment=datacollector-source&UploadType=eteventstream] status=Processing
[2024.01.05-14.51.32:234][653]LogModuleManager: Shutting down and abandoning module SSL (34)
[2024.01.05-14.51.32:235][653]LogModuleManager: Shutting down and abandoning module AudioEditor (30)
[2024.01.05-14.51.32:235][653]LogModuleManager: Shutting down and abandoning module TextureCompressor (28)
[2024.01.05-14.51.32:235][653]LogModuleManager: Shutting down and abandoning module ShaderCore (26)
[2024.01.05-14.51.32:235][653]LogModuleManager: Shutting down and abandoning module Landscape (24)
[2024.01.05-14.51.32:235][653]LogModuleManager: Shutting down and abandoning module SlateRHIRenderer (22)
[2024.01.05-14.51.32:236][653]LogModuleManager: Shutting down and abandoning module OpenGLDrv (20)
[2024.01.05-14.51.32:236][653]LogModuleManager: Shutting down and abandoning module D3D11RHI (18)
[2024.01.05-14.51.32:236][653]LogModuleManager: Shutting down and abandoning module AnimGraphRuntime (16)
[2024.01.05-14.51.32:236][653]LogModuleManager: Shutting down and abandoning module Renderer (14)
[2024.01.05-14.51.32:236][653]LogModuleManager: Shutting down and abandoning module Engine (12)
[2024.01.05-14.51.32:236][653]LogModuleManager: Shutting down and abandoning module CoreUObject (10)
[2024.01.05-14.51.32:236][653]LogModuleManager: Shutting down and abandoning module NetworkFile (8)
[2024.01.05-14.51.32:236][653]LogModuleManager: Shutting down and abandoning module StreamingFile (6)
[2024.01.05-14.51.32:236][653]LogModuleManager: Shutting down and abandoning module SandboxFile (4)
[2024.01.05-14.51.32:236][653]LogModuleManager: Shutting down and abandoning module PakFile (2)
[2024.01.05-14.51.32:238][653]LogExit: Exiting.
[2024.01.05-14.51.32:249][653]Log file closed, 01/05/24 11:51:32
