Log file open, 12/26/23 02:54:10
LogInit:Display: Running engine for game: MotorUnreal4B
LogPlatformFile: Not using cached read wrapper
LogInit:Display: RandInit(-1047985069) SRandInit(-1047985069).
LogInit: Using version manifest at CL 0 with build ID '5af06b4c-3232-42c8-80e0-46572b4b0bc8'
LogTaskGraph: Started task graph with 5 named threads and 10 total threads with 1 sets of task threads.
LogStats: Stats thread started at 0.130805
LogInit: Using libcurl 7.47.1
LogInit:  - built for x86_64-pc-win32
LogInit:  - supports SSL with OpenSSL/1.0.2g
LogInit:  - supports HTTP deflate (compression) using libz 1.2.8
LogInit:  - other features:
LogInit:      CURL_VERSION_SSL
LogInit:      CURL_VERSION_LIBZ
LogInit:      CURL_VERSION_IPV6
LogInit:      CURL_VERSION_ASYNCHDNS
LogInit:      CURL_VERSION_LARGEFILE
LogInit:      CURL_VERSION_IDN
LogInit:  CurlRequestOptions (configurable via config and command line):
LogInit:  - bVerifyPeer = false  - Libcurl will NOT verify peer certificate
LogInit:  - bUseHttpProxy = false  - Libcurl will NOT use HTTP proxy
LogInit:  - bDontReuseConnections = false  - Libcurl will reuse connections
LogInit:  - CertBundlePath = nullptr  - Libcurl will use whatever was configured at build time.
LogInit: Build: ++UE4+Release-4.15-CL-0
LogInit: Engine Version: 4.15.0-0+++UE4+Release-4.15
LogInit: Compatible Engine Version: 4.15.0-0+++UE4+Release-4.15
LogInit: Net CL: 0
LogDevObjectVersion: Number of dev versions registered: 14
LogDevObjectVersion:   Dev-Blueprints (B0D832E4-1F89-4F0D-ACCF-7EB736FD4AA2): 8
LogDevObjectVersion:   Dev-Build (E1C64328-A22C-4D53-A36C-8E866417BD8C): 0
LogDevObjectVersion:   Dev-Core (375EC13C-06E4-48FB-B500-84F0262A717E): 2
LogDevObjectVersion:   Dev-Editor (E4B068ED-F494-42E9-A231-DA0B2E46BB41): 14
LogDevObjectVersion:   Dev-Framework (CFFC743F-43B0-4480-9391-14DF171D2073): 22
LogDevObjectVersion:   Dev-Mobile (B02B49B5-BB20-44E9-A304-32B752E40360): 0
LogDevObjectVersion:   Dev-Networking (A4E4105C-59A1-49B5-A7C5-40C4547EDFEE): 0
LogDevObjectVersion:   Dev-Online (39C831C9-5AE6-47DC-9A44-9C173E1C8E7C): 0
LogDevObjectVersion:   Dev-Physics (78F01B33-EBEA-4F98-B9B4-84EACCB95AA2): 0
LogDevObjectVersion:   Dev-Platform (6631380F-2D4D-43E0-8009-CF276956A95A): 0
LogDevObjectVersion:   Dev-Rendering (12F88B9F-8875-4AFC-A67C-D90C383ABD29): 12
LogDevObjectVersion:   Dev-Sequencer (7B5AE74C-D270-4C10-A958-57980B212A5A): 3
LogDevObjectVersion:   Dev-VR (D7296918-1DD6-4BDD-9DE2-64A83CC13884): 0
LogDevObjectVersion:   Dev-LoadTimes (C2A15278-BFE7-4AFE-6C17-90FF531DF755): 1
LogInit: Compiled (64-bit): Apr  2 2023 09:25:01
LogInit: Compiled with Visual C++: 19.00.24210.00
LogInit: Build Configuration: Development
LogInit: Branch Name: ++UE4+Release-4.15
LogInit: Command line: 
LogInit: Base directory: C:/Program Files/Unreal Engine 4 (4.15.0)/Engine/Binaries/Win64/
LogInit: Installed Engine Build: 0
LogInit: Presizing for max 8388607 objects, including 0 objects not considered by GC, pre-allocating 0 bytes for permanent pool.
LogInit: Object subsystem initialized
[2023.12.26-05.54.10:409][  0]LogInit: Selected Device Profile: [Windows]
[2023.12.26-05.54.10:409][  0]LogInit: Applying CVar settings loaded from the selected device profile: [Windows]
[2023.12.26-05.54.10:415][  0]LogInit: Computer: DESKTOP-GOSDJOG
[2023.12.26-05.54.10:415][  0]LogInit: User: MelchioT
[2023.12.26-05.54.10:415][  0]LogInit: CPU Page size=65536, Cores=6
[2023.12.26-05.54.10:415][  0]LogInit: High frequency timer resolution =10.000000 MHz
[2023.12.26-05.54.10:415][  0]LogMemory: Memory total: Physical=31.2GB (32GB approx)
[2023.12.26-05.54.10:415][  0]LogMemory: Platform Memory Stats for Windows
[2023.12.26-05.54.10:415][  0]LogMemory: Process Physical Memory: 265.03 MB used, 265.04 MB peak
[2023.12.26-05.54.10:415][  0]LogMemory: Process Virtual Memory: 268.49 MB used, 268.49 MB peak
[2023.12.26-05.54.10:415][  0]LogMemory: Physical Memory: 9462.54 MB used,  22513.14 MB free, 31975.68 MB total
[2023.12.26-05.54.10:415][  0]LogMemory: Virtual Memory: 4760.25 MB used,  22513.14 MB free, 134217728.00 MB total
[2023.12.26-05.54.10:501][  0]LogInit: Overriding culture en with editor configuration.
[2023.12.26-05.54.11:107][  0]LogD3D11RHI: D3D11 adapters:
[2023.12.26-05.54.11:147][  0]LogD3D11RHI:    0. 'AMD Radeon(TM) Graphics' (Feature Level 11_0)
[2023.12.26-05.54.11:147][  0]LogD3D11RHI:       495/0/15987 MB DedicatedVideo/DedicatedSystem/SharedSystem, Outputs:1, VendorId:0x1002
[2023.12.26-05.54.11:149][  0]LogD3D11RHI:    1. 'Microsoft Basic Render Driver' (Feature Level 11_0)
[2023.12.26-05.54.11:149][  0]LogD3D11RHI:       0/0/15987 MB DedicatedVideo/DedicatedSystem/SharedSystem, Outputs:0, VendorId:0x1414
[2023.12.26-05.54.11:149][  0]LogD3D11RHI: Chosen D3D11 Adapter: 0
[2023.12.26-05.54.11:156][  0]LogD3D11RHI: Creating new Direct3DDevice
[2023.12.26-05.54.11:156][  0]LogD3D11RHI:     GPU DeviceId: 0x1636 (for the marketing name, search the web for "GPU Device Id")
[2023.12.26-05.54.11:156][  0]LogWindows: EnumDisplayDevices:
[2023.12.26-05.54.11:156][  0]LogWindows:    0. 'AMD Radeon(TM) Graphics' (P:1 D:1)
[2023.12.26-05.54.11:157][  0]LogWindows:    1. 'AMD Radeon(TM) Graphics' (P:0 D:0)
[2023.12.26-05.54.11:157][  0]LogWindows:    2. 'AMD Radeon(TM) Graphics' (P:0 D:0)
[2023.12.26-05.54.11:157][  0]LogWindows:    3. 'AMD Radeon(TM) Graphics' (P:0 D:0)
[2023.12.26-05.54.11:157][  0]LogWindows:    4. 'AMD Radeon(TM) Graphics' (P:0 D:0)
[2023.12.26-05.54.11:157][  0]LogWindows: DebugString: GetVideoDriverDetailsInvalid PrimaryIsNotTheChoosenAdapter GetVideoDriverDetailsInvalid PrimaryIsNotTheChoosenAdapter GetVideoDriverDetailsInvalid PrimaryIsNotTheChoosenAdapter GetVideoDriverDetailsInvalid PrimaryIsNotTheChoosenAdapter GetVideoDriverDetailsInvalid PrimaryIsNotTheChoosenAdapter FoundDriverCount:0 
[2023.12.26-05.54.11:157][  0]LogD3D11RHI:     Adapter Name: AMD Radeon(TM) Graphics
[2023.12.26-05.54.11:157][  0]LogD3D11RHI:   Driver Version: Unknown (internal:Unknown, unified:Unknown)
[2023.12.26-05.54.11:157][  0]LogD3D11RHI:      Driver Date: Unknown
[2023.12.26-05.54.11:157][  0]LogRHI: Texture pool is 347 MB (70% of 495 MB)
[2023.12.26-05.54.11:208][  0]LogD3D11RHI: Async texture creation enabled
[2023.12.26-05.54.11:221][  0]LogD3D11RHI: GPU Timing Frequency: 100.000000 (Debug: 2 1)
[2023.12.26-05.54.11:224][  0]LogShaderCompilers: Guid format shader working directory is -23 characters bigger than the processId version (../../../../../Users/MelchioT/Documents/workUnrealEngine4/MotorUnreal4B/Intermediate/Shaders/WorkingDirectory/17116/).
[2023.12.26-05.54.11:224][  0]LogShaderCompilers: Cleaned the shader compiler working directory 'C:/Users/MelchioT/AppData/Local/Temp/UnrealShaderWorkingDir/07C18C384D4D75BFF09352B1A37BB01E/'.
[2023.12.26-05.54.11:224][  0]LogShaderCompilers:Display: Using Local Shader Compiler.
[2023.12.26-05.54.12:203][  0]LogTemp:Display: Loaded TP MacTargetPlatform
[2023.12.26-05.54.12:258][  0]LogTemp:Display: Loaded TP MacNoEditorTargetPlatform
[2023.12.26-05.54.12:314][  0]LogTemp:Display: Loaded TP MacServerTargetPlatform
[2023.12.26-05.54.12:369][  0]LogTemp:Display: Loaded TP MacClientTargetPlatform
[2023.12.26-05.54.12:420][  0]LogTemp:Display: Loaded TP WindowsTargetPlatform
[2023.12.26-05.54.12:484][  0]LogTemp:Display: Loaded TP WindowsNoEditorTargetPlatform
[2023.12.26-05.54.12:546][  0]LogTemp:Display: Loaded TP WindowsServerTargetPlatform
[2023.12.26-05.54.12:608][  0]LogTemp:Display: Loaded TP WindowsClientTargetPlatform
[2023.12.26-05.54.12:659][  0]LogTemp:Display: Loaded TP AllDesktopTargetPlatform
[2023.12.26-05.54.12:708][  0]LogTemp:Display: Loaded TP AndroidTargetPlatform
[2023.12.26-05.54.12:757][  0]LogTemp:Display: Loaded TP Android_PVRTCTargetPlatform
[2023.12.26-05.54.12:807][  0]LogTemp:Display: Loaded TP Android_ATCTargetPlatform
[2023.12.26-05.54.12:856][  0]LogTemp:Display: Loaded TP Android_DXTTargetPlatform
[2023.12.26-05.54.12:906][  0]LogTemp:Display: Loaded TP Android_ETC1TargetPlatform
[2023.12.26-05.54.12:956][  0]LogTemp:Display: Loaded TP Android_ETC2TargetPlatform
[2023.12.26-05.54.13:007][  0]LogTemp:Display: Loaded TP Android_ASTCTargetPlatform
[2023.12.26-05.54.13:057][  0]LogTemp:Display: Loaded TP Android_MultiTargetPlatform
[2023.12.26-05.54.13:096][  0]LogTemp:Display: Loaded TP HTML5TargetPlatform
[2023.12.26-05.54.13:192][  0]LogTemp:Display: Loaded TP IOSTargetPlatform
[2023.12.26-05.54.13:226][  0]LogTemp:Display: Loaded TP TVOSTargetPlatform
[2023.12.26-05.54.13:226][  0]LogTargetPlatformManager:Display: Building Assets For Windows
[2023.12.26-05.54.13:697][  0]LogDerivedDataCache:Display: Max Cache Size: 512 MB
[2023.12.26-05.54.13:735][  0]LogDerivedDataCache: Loaded boot cache 0.04s 50MB ../../../../../Users/MelchioT/Documents/workUnrealEngine4/MotorUnreal4B/DerivedDataCache/Boot.ddc.
[2023.12.26-05.54.13:735][  0]LogDerivedDataCache:Display: Loaded Boot cache: ../../../../../Users/MelchioT/Documents/workUnrealEngine4/MotorUnreal4B/DerivedDataCache/Boot.ddc
[2023.12.26-05.54.13:735][  0]LogDerivedDataCache: FDerivedDataBackendGraph:  Pak pak cache file ../../../../../Users/MelchioT/Documents/workUnrealEngine4/MotorUnreal4B/DerivedDataCache/DDC.ddp not found, will not use a pak cache.
[2023.12.26-05.54.13:735][  0]LogDerivedDataCache: Unable to find inner node Pak for hierarchical cache Hierarchy.
[2023.12.26-05.54.13:735][  0]LogDerivedDataCache: FDerivedDataBackendGraph:  EnginePak pak cache file ../../../Engine/DerivedDataCache/DDC.ddp not found, will not use a pak cache.
[2023.12.26-05.54.13:735][  0]LogDerivedDataCache: Unable to find inner node EnginePak for hierarchical cache Hierarchy.
[2023.12.26-05.54.13:747][  0]LogDerivedDataCache: Using Local data cache path ../../../Engine/DerivedDataCache: Writable
[2023.12.26-05.54.13:747][  0]LogDerivedDataCache: Shared data cache path not found in *engine.ini, will not use an Shared cache.
[2023.12.26-05.54.13:747][  0]LogDerivedDataCache: Unable to find inner node Shared for hierarchical cache Hierarchy.
[2023.12.26-05.54.13:755][  0]LogSlate: Using Freetype 2.6.0
[2023.12.26-05.54.13:756][  0]LogSlate: SlateFontCache - WITH_FREETYPE: 1, WITH_HARFBUZZ: 1
[2023.12.26-05.54.13:756][  0]LogSlate: SlateFontCache - WITH_FREETYPE: 1, WITH_HARFBUZZ: 1
[2023.12.26-05.54.13:980][  0]LogInit: Selected Device Profile: [Windows]
[2023.12.26-05.54.13:983][  0]LogContentStreaming: Texture pool size is 0.00 MB
[2023.12.26-05.54.14:209][  0]LogMeshUtilities: Using QuadricMeshReduction for automatic static mesh reduction
[2023.12.26-05.54.14:221][  0]LogMeshUtilities: No automatic skeletal mesh reduction module available
[2023.12.26-05.54.14:221][  0]LogMeshUtilities: No automatic mesh merging module available
[2023.12.26-05.54.14:221][  0]LogMeshUtilities: No distributed automatic mesh merging module available
[2023.12.26-05.54.14:838][  0]LogNetVersion: GetLocalNetworkVersion: CL: 0, ProjectName: motorunreal4b, ProjectVersion: , EngineNetworkVersion: 2, GameNetworkVersion: 0, NetworkChecksum: 3893362438
[2023.12.26-05.54.14:888][  0]LogAssetRegistry: FAssetRegistry took 0.0222 seconds to start up
[2023.12.26-05.54.14:929][  0]LogPackageLocalizationCache: Processed 3 localized package path(s) for 1 prioritized culture(s) in 0.011996 seconds
[2023.12.26-05.54.14:935][  0]LogUObjectArray: 32434 objects as part of root set at end of initial load.
[2023.12.26-05.54.14:935][  0]LogUObjectAllocator: 7066632 out of 0 bytes used by permanent object pool.
[2023.12.26-05.54.14:935][  0]LogUObjectArray: CloseDisregardForGC: 0/0 objects in disregard for GC pool
[2023.12.26-05.54.15:011][  0]LogInit: WinSock: version 1.1 (2.2), MaxSocks=32767, MaxUdp=65467
[2023.12.26-05.54.16:630][  0]LogTcpMessaging: Initializing TcpMessaging bridge
[2023.12.26-05.54.16:679][  0]LogUdpMessaging: Initializing bridge on interface 0.0.0.0:0 to multicast group 230.0.0.1:6666.
[2023.12.26-05.54.17:140][  0]LogMaterial: Uniform references updated for custom material expression Custom.
[2023.12.26-05.54.17:522][  0]SourceControl: Info Source control is disabled
[2023.12.26-05.54.17:569][  0]SourceControl: Info Source control is disabled
[2023.12.26-05.54.17:618][  0]SourceControl: Info Source control is disabled
[2023.12.26-05.54.17:668][  0]SourceControl: Info Source control is disabled
[2023.12.26-05.54.18:969][  0]LogEngine: Initializing Engine...
[2023.12.26-05.54.18:970][  0]LogHMD: Failed to initialize OpenVR with code 110
[2023.12.26-05.54.19:176][  0]LogAIModule: Creating AISystem for world Untitled
[2023.12.26-05.54.19:191][  0]LogInit: XAudio2 using 'Altavoces (Realtek(R) Audio)' : 2 channels at 48 kHz using 16 bits per sample (channel mask 0x3)
[2023.12.26-05.54.19:834][  0]LogInit: FAudioDevice initialized.
[2023.12.26-05.54.19:861][  0]LogDerivedDataCache: Saved boot cache 0.03s 50MB ../../../../../Users/MelchioT/Documents/workUnrealEngine4/MotorUnreal4B/DerivedDataCache/Boot.ddc.
[2023.12.26-05.54.19:868][  0]LogInit: Texture streaming: Enabled
[2023.12.26-05.54.19:969][  0]LogEngineSessionManager: EngineSessionManager initialized
[2023.12.26-05.54.20:056][  0]LogInit: Transaction tracking system initialized
[2023.12.26-05.54.20:410][  0]BlueprintLog: New page: Editor Load
[2023.12.26-05.54.21:325][  0]LocalizationService: Info Localization service is disabled
[2023.12.26-05.54.22:017][  0]LogConsoleResponse:Display: 
[2023.12.26-05.54.22:132][  0]LogCook:Display: Max memory allowance for cook 16384mb min free memory 0mb
[2023.12.26-05.54.22:132][  0]LogCook:Display: Mobile HDR setting 1
[2023.12.26-05.54.22:373][  0]LogFileCache: Scanning file cache for directory 'C:/Users/MelchioT/Documents/workUnrealEngine4/MotorUnreal4B/Content/' took 0.01s
[2023.12.26-05.54.23:215][  0]SourceControl: Info Source control is disabled
[2023.12.26-05.54.23:215][  0]Cmd: MAP LOAD FILE="../../../Engine/Content/Maps/Templates/Template_Default.umap" TEMPLATE=1 SHOWPROGRESS=1 FEATURELEVEL=3
[2023.12.26-05.54.23:215][  0]LightingResults: New page: Lighting Build
[2023.12.26-05.54.23:256][  0]MapCheck: New page: Map Check
[2023.12.26-05.54.23:256][  0]LightingResults: New page: Lighting Build
[2023.12.26-05.54.23:426][  0]LogAIModule: Creating AISystem for world Untitled_1
[2023.12.26-05.54.23:427][  0]LogActorComponent: RegisterComponentWithWorld: (/Temp/Untitled_1.Untitled_1:PersistentLevel.WorldSettings_1.StaticMeshComponent0) Trying to register component with IsPendingKill() == true. Aborting.
[2023.12.26-05.54.23:431][  0]LogEditorServer: Finished looking for orphan Actors (0.000 secs)
[2023.12.26-05.54.23:436][  0]Cmd: MAP CHECKDEP NOCLEARLOG
[2023.12.26-05.54.23:465][  0]MapCheck: Info Map check complete: 0 Error(s), 0 Warning(s), took 28.053ms to complete.
[2023.12.26-05.54.23:465][  0]LogFileHelpers: Loading map 'Template_Default' took 0.250
[2023.12.26-05.54.23:654][  0]LogCollectionManager: Loaded 0 collections in 0.001380 seconds
[2023.12.26-05.54.23:735][  0]LogFileCache: Scanning file cache for directory 'C:/Users/MelchioT/Documents/workUnrealEngine4/MotorUnreal4B/Saved/Collections/' took 0.01s
[2023.12.26-05.54.23:735][  0]LogFileCache: Scanning file cache for directory 'C:/Users/MelchioT/Documents/workUnrealEngine4/MotorUnreal4B/Content/Developers/MelchioT/Collections/' took 0.01s
[2023.12.26-05.54.23:735][  0]LogFileCache: Scanning file cache for directory 'C:/Users/MelchioT/Documents/workUnrealEngine4/MotorUnreal4B/Content/Collections/' took 0.01s
[2023.12.26-05.54.23:735][  0]LogCollectionManager: Rebuilt the GUID cache for 0 collections in 0.000002 seconds
[2023.12.26-05.54.23:745][  0]LogContentBrowser: Native class hierarchy populated in 0.0089 seconds. Added 2243 classes and 448 folders.
[2023.12.26-05.54.23:747][  0]LogStats: UGameplayTagsManager::ConstructGameplayTagTree: Construct from data asset -  0.000 s
[2023.12.26-05.54.23:747][  0]LogStats: UGameplayTagsManager::ConstructGameplayTagTree: GameplayTagTreeChangedEvent.Broadcast -  0.000 s
[2023.12.26-05.54.23:816][  0]LogContentBrowser: Native class hierarchy updated for 'WidgetCarousel' in 0.0005 seconds. Added 0 classes and 0 folders.
[2023.12.26-05.54.23:846][  0]LogContentBrowser: Native class hierarchy updated for 'AddContentDialog' in 0.0005 seconds. Added 0 classes and 0 folders.
[2023.12.26-05.54.23:892][  0]LogContentBrowser: Native class hierarchy updated for 'SceneOutliner' in 0.0005 seconds. Added 1 classes and 2 folders.
[2023.12.26-05.54.23:936][  0]LogCrashTracker: Crashtracker disabled due to settings.
[2023.12.26-05.54.23:947][  0]LogUObjectGlobals:Warning: Failed to find object 'Class None.'
[2023.12.26-05.54.24:017][  0]LogContentBrowser: Native class hierarchy updated for 'HierarchicalLODOutliner' in 0.0007 seconds. Added 1 classes and 2 folders.
[2023.12.26-05.54.24:018][  0]LogLoad: (Engine Initialization) Total time: 15.13 seconds
[2023.12.26-05.54.24:018][  0]LogLoad: (Engine Initialization) Total Blueprint compile time: 0.08 seconds
[2023.12.26-05.54.24:018][  0]LogExternalProfiler: No external profilers were discovered.  External profiling features will not be available.
[2023.12.26-05.54.24:037][  0]LogOcInput: OculusInput pre-init called
[2023.12.26-05.54.24:052][  0]LogAssetRegistry: Asset discovery search completed in 9.1870 seconds
[2023.12.26-05.54.24:052][  0]LogCollectionManager: Rebuilt the object cache for 0 collections in 0.000000 seconds (found 0 objects)
[2023.12.26-05.54.24:052][  0]LogCollectionManager: Fixed up redirectors for 0 collections in 0.000015 seconds (updated 0 objects)
[2023.12.26-05.54.24:055][  0]LogContentStreaming: Texture pool size now 1000 MB
[2023.12.26-05.54.24:063][  0]LogSlate: Took 0.000260 seconds to synchronously load lazily loaded font '../../../Engine/Content/Slate/Fonts/Roboto-Regular.ttf' (155K)
[2023.12.26-05.54.24:066][  0]LogSlate: Took 0.000270 seconds to synchronously load lazily loaded font '../../../Engine/Content/Slate/Fonts/Roboto-Bold.ttf' (160K)
[2023.12.26-05.54.24:070][  0]LogSlate: Took 0.000236 seconds to synchronously load lazily loaded font '../../../Engine/Content/Editor/Slate/Fonts/FontAwesome.ttf' (139K)
[2023.12.26-05.54.24:183][  0]LogRenderer: Reallocating scene render targets to support 1208x576 NumSamples 1 (Frame:2).
[2023.12.26-05.54.24:233][  0]LogSlate: Took 0.000195 seconds to synchronously load lazily loaded font '../../../Engine/Content/Slate/Fonts/Roboto-Light.ttf' (159K)
[2023.12.26-05.54.31:970][455]LogSlate: Took 0.000139 seconds to synchronously load lazily loaded font '../../../Engine/Content/Slate/Fonts/Roboto-Light.ttf' (159K)
[2023.12.26-05.54.32:013][455]LogAIModule: Creating AISystem for world 12-Blueprint11
[2023.12.26-05.54.32:028][455]Cmd: MAP LOAD FILE="../../../../../Users/MelchioT/Documents/workUnrealEngine4/MotorUnreal4B/Content/Levels/12-Blueprint11.umap" TEMPLATE=0 SHOWPROGRESS=1 FEATURELEVEL=3
[2023.12.26-05.54.32:029][455]LightingResults: New page: Lighting Build
[2023.12.26-05.54.32:030][455]LoadErrors: New page: Loading map: 12-Blueprint11.umap
[2023.12.26-05.54.32:030][455]MapCheck: New page: Map Check
[2023.12.26-05.54.32:030][455]LightingResults: New page: Lighting Build
[2023.12.26-05.54.32:040][455]LogEditorServer: Finished looking for orphan Actors (0.000 secs)
[2023.12.26-05.54.32:057][455]Cmd: MAP CHECKDEP NOCLEARLOG
[2023.12.26-05.54.32:091][455]MapCheck: Info Map check complete: 0 Error(s), 0 Warning(s), took 33.299ms to complete.
[2023.12.26-05.54.32:091][455]LogFileHelpers: Loading map '12-Blueprint11' took 0.063
[2023.12.26-05.54.51:677][478]LogContentBrowser: Native class hierarchy updated for 'BlueprintGraph' in 0.0011 seconds. Added 112 classes and 0 folders.
[2023.12.26-05.54.52:234][478]LogSlate: Took 0.000200 seconds to synchronously load lazily loaded font '../../../Engine/Content/Slate/Fonts/Roboto-Regular.ttf' (155K)
[2023.12.26-05.55.29:926][595]LogSlate: Took 0.000234 seconds to synchronously load lazily loaded font '../../../Engine/Content/Editor/Slate/Fonts/Roboto-BoldCondensed.ttf' (158K)
[2023.12.26-05.55.29:974][596]LogSlate: Took 0.000248 seconds to synchronously load lazily loaded font '../../../Engine/Content/Editor/Slate/Fonts/Roboto-Italic.ttf' (157K)
[2023.12.26-05.56.07:843][508]LogRenderer: Reallocating scene render targets to support 1208x900 NumSamples 1 (Frame:626).
[2023.12.26-05.57.45:972][328]LogSlate: Took 0.000229 seconds to synchronously load lazily loaded font '../../../Engine/Content/Editor/Slate/Fonts/Roboto-BoldCondensedItalic.ttf' (160K)
[2023.12.26-05.58.30:757][663]BlueprintLog: New page: Compile Bala
[2023.12.26-05.58.36:888][962]Cmd: MAP LOAD FILE="../../../Engine/Content/Maps/Templates/Template_Default.umap" TEMPLATE=1 SHOWPROGRESS=1 FEATURELEVEL=3
[2023.12.26-05.58.36:905][962]LightingResults: New page: Lighting Build
[2023.12.26-05.58.36:906][962]LoadErrors: New page: Loading map: Template_Default.umap
[2023.12.26-05.58.36:908][962]MapCheck: New page: Map Check
[2023.12.26-05.58.36:908][962]LightingResults: New page: Lighting Build
[2023.12.26-05.58.36:935][962]LogAIModule: Creating AISystem for world Untitled_2
[2023.12.26-05.58.36:939][962]LogActorComponent: RegisterComponentWithWorld: (/Temp/Untitled_2.Untitled_2:PersistentLevel.WorldSettings_1.StaticMeshComponent0) Trying to register component with IsPendingKill() == true. Aborting.
[2023.12.26-05.58.36:943][962]LogEditorServer: Finished looking for orphan Actors (0.000 secs)
[2023.12.26-05.58.36:966][962]Cmd: MAP CHECKDEP NOCLEARLOG
[2023.12.26-05.58.36:998][962]MapCheck: Info Map check complete: 0 Error(s), 0 Warning(s), took 32.286ms to complete.
[2023.12.26-05.58.36:998][962]LogFileHelpers: Loading map 'Template_Default' took 0.111
[2023.12.26-05.58.41:658][213]LogTemp: Repeting last play command: Selected Viewport
[2023.12.26-05.58.41:670][213]LogPlayLevel: PlayLevel: No blueprints needed recompiling
[2023.12.26-05.58.41:670][213]PIE: New page: PIE session: Untitled_2 (Dec 25, 2023, 11:58:41 PM)
[2023.12.26-05.58.41:670][213]LogPlayLevel: Creating play world package: /Temp/UEDPIE_0_Untitled_2
[2023.12.26-05.58.41:672][213]LogPlayLevel: PIE: StaticDuplicateObject took: (0.001610s)
[2023.12.26-05.58.41:672][213]LogAIModule: Creating AISystem for world Untitled_2
[2023.12.26-05.58.41:673][213]LogPlayLevel: PIE: World Init took: (0.000765s)
[2023.12.26-05.58.41:673][213]LogPlayLevel: PIE: Created PIE world by copying editor world from /Temp/Untitled_2.Untitled_2 to /Temp/UEDPIE_0_Untitled_2.Untitled_2 (0.002597s)
[2023.12.26-05.58.41:697][213]LogInit: XAudio2 using 'Altavoces (Realtek(R) Audio)' : 2 channels at 48 kHz using 16 bits per sample (channel mask 0x3)
[2023.12.26-05.58.41:713][213]LogInit: FAudioDevice initialized.
[2023.12.26-05.58.41:758][213]LogLoad: Game class is 'GameModeBase'
[2023.12.26-05.58.41:761][213]LogWorld: Bringing World /Temp/UEDPIE_0_Untitled_2.Untitled_2 up for play (max tick rate 60) at 2023.12.26-02.58.41
[2023.12.26-05.58.41:762][213]LogWorld: Bringing up level for play took: 0.000933
[2023.12.26-05.58.41:803][213]LogContentBrowser: Native class hierarchy updated for 'MovieSceneCapture' in 0.0005 seconds. Added 11 classes and 0 folders.
[2023.12.26-05.58.41:804][213]PIE: Info Play in editor start time for /Temp/UEDPIE_0_Untitled_2 -0.47
[2023.12.26-05.59.21:007][534]LogTemp: Repeting last play command: Selected Viewport
[2023.12.26-05.59.21:014][534]LogPlayLevel: PlayLevel: No blueprints needed recompiling
[2023.12.26-05.59.21:014][534]PIE: New page: PIE session: Untitled_2 (Dec 25, 2023, 11:59:21 PM)
[2023.12.26-05.59.21:014][534]LogPlayLevel: Creating play world package: /Temp/UEDPIE_0_Untitled_2
[2023.12.26-05.59.21:016][534]LogPlayLevel: PIE: StaticDuplicateObject took: (0.001576s)
[2023.12.26-05.59.21:017][534]LogAIModule: Creating AISystem for world Untitled_2
[2023.12.26-05.59.21:017][534]LogPlayLevel: PIE: World Init took: (0.000892s)
[2023.12.26-05.59.21:017][534]LogPlayLevel: PIE: Created PIE world by copying editor world from /Temp/Untitled_2.Untitled_2 to /Temp/UEDPIE_0_Untitled_2.Untitled_2 (0.002697s)
[2023.12.26-05.59.21:041][534]LogInit: XAudio2 using 'Altavoces (Realtek(R) Audio)' : 2 channels at 48 kHz using 16 bits per sample (channel mask 0x3)
[2023.12.26-05.59.21:057][534]LogInit: FAudioDevice initialized.
[2023.12.26-05.59.21:093][534]LogLoad: Game class is 'GameModeBase'
[2023.12.26-05.59.21:095][534]LogWorld: Bringing World /Temp/UEDPIE_0_Untitled_2.Untitled_2 up for play (max tick rate 60) at 2023.12.26-02.59.21
[2023.12.26-05.59.21:096][534]LogWorld: Bringing up level for play took: 0.000930
[2023.12.26-05.59.21:096][534]PIE: Info Play in editor start time for /Temp/UEDPIE_0_Untitled_2 0.822
[2023.12.26-05.59.44:616][861]LogEditorActor: Deleted Actor: Bala_C
[2023.12.26-05.59.44:630][861]LogEditorActor: Deleted 1 Actors (0.014 secs)
[2023.12.26-06.00.26:323][865]BlueprintLog: New page: Compile Enemigo
[2023.12.26-06.01.24:868][651]BlueprintLog: New page: Compile Enemigo
[2023.12.26-06.02.48:317][842]BlueprintLog: New page: Compile Enemigo
[2023.12.26-06.03.51:285][781]LogSlate:Warning: Prevented a slow task dialog from being summoned while a context menu was open
[2023.12.26-06.04.15:318][219]LogEditorTransaction: Undo Move Node
[2023.12.26-06.04.15:334][219]LogSlate: Took 0.000230 seconds to synchronously load lazily loaded font '../../../Engine/Content/Slate/Fonts/Roboto-Light.ttf' (159K)
[2023.12.26-06.04.15:498][228]LogEditorTransaction: Undo Move Node
[2023.12.26-06.07.10:696][653]LogTemp: Repeting last play command: Selected Viewport
[2023.12.26-06.07.10:708][653]BlueprintLog: New page: Pre-Play auto-recompile
[2023.12.26-06.07.10:709][653]LogPlayLevel: [PlayLevel] Compiling Enemigo before play...
[2023.12.26-06.07.10:991][653]LogPlayLevel: PlayLevel: Blueprint regeneration took 282 ms (1 blueprints)
[2023.12.26-06.07.10:991][653]PIE: New page: PIE session: Untitled_2 (Dec 26, 2023, 12:07:10 AM)
[2023.12.26-06.07.10:991][653]LogPlayLevel: Creating play world package: /Temp/UEDPIE_0_Untitled_2
[2023.12.26-06.07.10:993][653]LogPlayLevel: PIE: StaticDuplicateObject took: (0.001648s)
[2023.12.26-06.07.10:993][653]LogAIModule: Creating AISystem for world Untitled_2
[2023.12.26-06.07.10:993][653]LogPlayLevel: PIE: World Init took: (0.000822s)
[2023.12.26-06.07.10:994][653]LogPlayLevel: PIE: Created PIE world by copying editor world from /Temp/Untitled_2.Untitled_2 to /Temp/UEDPIE_0_Untitled_2.Untitled_2 (0.002696s)
[2023.12.26-06.07.11:016][653]LogInit: XAudio2 using 'Altavoces (Realtek(R) Audio)' : 2 channels at 48 kHz using 16 bits per sample (channel mask 0x3)
[2023.12.26-06.07.11:031][653]LogInit: FAudioDevice initialized.
[2023.12.26-06.07.11:064][653]LogLoad: Game class is 'GameModeBase'
[2023.12.26-06.07.11:066][653]LogWorld: Bringing World /Temp/UEDPIE_0_Untitled_2.Untitled_2 up for play (max tick rate 60) at 2023.12.26-03.07.11
[2023.12.26-06.07.11:067][653]LogWorld: Bringing up level for play took: 0.000913
[2023.12.26-06.07.11:067][653]PIE: Info Play in editor start time for /Temp/UEDPIE_0_Untitled_2 0.793
[2023.12.26-06.08.01:493][666]Cmd: OBJ SAVEPACKAGE PACKAGE="/Game/Ejercicios/Ejercicio1/Enemigo" FILE="../../../../../Users/MelchioT/Documents/workUnrealEngine4/MotorUnreal4B/Content/Ejercicios/Ejercicio1/Enemigo.uasset" SILENT=true
[2023.12.26-06.08.01:512][666]LogSavePackage: Save=18.04ms
[2023.12.26-06.08.01:512][666]LogSavePackage: Moving '../../../../../Users/MelchioT/Documents/workUnrealEngine4/MotorUnreal4B/Saved/Enemigo49A96ECC4F36B79EE7E19EA1A83AC02D.tmp' to '../../../../../Users/MelchioT/Documents/workUnrealEngine4/MotorUnreal4B/Content/Ejercicios/Ejercicio1/Enemigo.uasset'
[2023.12.26-06.08.01:514][666]LogSavePackage:Display: Finished SavePackage ../../../../../Users/MelchioT/Documents/workUnrealEngine4/MotorUnreal4B/Content/Ejercicios/Ejercicio1/Enemigo.uasset
[2023.12.26-06.08.10:925][229]Cmd: OBJ SAVEPACKAGE PACKAGE="/Game/Ejercicios/Ejercicio1/Bala" FILE="../../../../../Users/MelchioT/Documents/workUnrealEngine4/MotorUnreal4B/Content/Ejercicios/Ejercicio1/Bala.uasset" SILENT=true
[2023.12.26-06.08.10:940][229]LogSavePackage: Save=14.01ms
[2023.12.26-06.08.10:940][229]LogSavePackage: Moving '../../../../../Users/MelchioT/Documents/workUnrealEngine4/MotorUnreal4B/Saved/Bala1B2BC19F4E1F3CB0ED2D2FBFB7A97D77.tmp' to '../../../../../Users/MelchioT/Documents/workUnrealEngine4/MotorUnreal4B/Content/Ejercicios/Ejercicio1/Bala.uasset'
[2023.12.26-06.08.10:942][229]LogSavePackage:Display: Finished SavePackage ../../../../../Users/MelchioT/Documents/workUnrealEngine4/MotorUnreal4B/Content/Ejercicios/Ejercicio1/Bala.uasset
[2023.12.26-06.08.13:854][403]LogTemp: Repeting last play command: Selected Viewport
[2023.12.26-06.08.13:864][403]BlueprintLog: New page: Pre-Play auto-recompile
[2023.12.26-06.08.13:864][403]LogPlayLevel: [PlayLevel] Compiling Bala before play...
[2023.12.26-06.08.14:059][403]LogPlayLevel: [PlayLevel] Compiling Enemigo before play...
[2023.12.26-06.08.14:395][403]LogPlayLevel: PlayLevel: Blueprint regeneration took 531 ms (2 blueprints)
[2023.12.26-06.08.14:395][403]PIE: New page: PIE session: Untitled_2 (Dec 26, 2023, 12:08:14 AM)
[2023.12.26-06.08.14:395][403]LogPlayLevel: Creating play world package: /Temp/UEDPIE_0_Untitled_2
[2023.12.26-06.08.14:397][403]LogPlayLevel: PIE: StaticDuplicateObject took: (0.001630s)
[2023.12.26-06.08.14:397][403]LogAIModule: Creating AISystem for world Untitled_2
[2023.12.26-06.08.14:397][403]LogPlayLevel: PIE: World Init took: (0.000804s)
[2023.12.26-06.08.14:398][403]LogPlayLevel: PIE: Created PIE world by copying editor world from /Temp/Untitled_2.Untitled_2 to /Temp/UEDPIE_0_Untitled_2.Untitled_2 (0.002643s)
[2023.12.26-06.08.14:422][403]LogInit: XAudio2 using 'Altavoces (Realtek(R) Audio)' : 2 channels at 48 kHz using 16 bits per sample (channel mask 0x3)
[2023.12.26-06.08.14:440][403]LogInit: FAudioDevice initialized.
[2023.12.26-06.08.14:475][403]LogLoad: Game class is 'GameModeBase'
[2023.12.26-06.08.14:478][403]LogWorld: Bringing World /Temp/UEDPIE_0_Untitled_2.Untitled_2 up for play (max tick rate 60) at 2023.12.26-03.08.14
[2023.12.26-06.08.14:478][403]LogWorld: Bringing up level for play took: 0.001080
[2023.12.26-06.08.14:479][403]PIE: Info Play in editor start time for /Temp/UEDPIE_0_Untitled_2 0.204
[2023.12.26-06.08.45:319][497]LogTemp: Repeting last play command: Selected Viewport
[2023.12.26-06.08.45:328][497]BlueprintLog: New page: Pre-Play auto-recompile
[2023.12.26-06.08.45:328][497]LogPlayLevel: [PlayLevel] Compiling Enemigo before play...
[2023.12.26-06.08.45:428][497]LogPlayLevel: PlayLevel: Blueprint regeneration took 99 ms (1 blueprints)
[2023.12.26-06.08.45:428][497]PIE: New page: PIE session: Untitled_2 (Dec 26, 2023, 12:08:45 AM)
[2023.12.26-06.08.45:428][497]LogPlayLevel: Creating play world package: /Temp/UEDPIE_0_Untitled_2
[2023.12.26-06.08.45:429][497]LogPlayLevel: PIE: StaticDuplicateObject took: (0.001404s)
[2023.12.26-06.08.45:430][497]LogAIModule: Creating AISystem for world Untitled_2
[2023.12.26-06.08.45:430][497]LogPlayLevel: PIE: World Init took: (0.000762s)
[2023.12.26-06.08.45:430][497]LogPlayLevel: PIE: Created PIE world by copying editor world from /Temp/Untitled_2.Untitled_2 to /Temp/UEDPIE_0_Untitled_2.Untitled_2 (0.002350s)
[2023.12.26-06.08.45:454][497]LogInit: XAudio2 using 'Altavoces (Realtek(R) Audio)' : 2 channels at 48 kHz using 16 bits per sample (channel mask 0x3)
[2023.12.26-06.08.45:470][497]LogInit: FAudioDevice initialized.
[2023.12.26-06.08.45:515][497]LogLoad: Game class is 'GameModeBase'
[2023.12.26-06.08.45:518][497]LogWorld: Bringing World /Temp/UEDPIE_0_Untitled_2.Untitled_2 up for play (max tick rate 60) at 2023.12.26-03.08.45
[2023.12.26-06.08.45:518][497]LogWorld: Bringing up level for play took: 0.001099
[2023.12.26-06.08.45:520][497]PIE: Info Play in editor start time for /Temp/UEDPIE_0_Untitled_2 -0.754
[2023.12.26-06.08.45:570][497]LogRenderer: Reallocating scene render targets to support 1292x900 NumSamples 1 (Frame:4189).
[2023.12.26-06.09.23:749][580]LogSavePackage: Save=32.26ms
[2023.12.26-06.09.23:749][580]LogSavePackage: Moving '../../../../../Users/MelchioT/Documents/workUnrealEngine4/MotorUnreal4B/Saved/Untitled_2_Auto13D33E62843BECF815119AC8C7400A515.tmp' to '../../../../../Users/MelchioT/Documents/workUnrealEngine4/MotorUnreal4B/Saved/Autosaves/Temp/Untitled_2_Auto1.umap'
[2023.12.26-06.09.23:756][580]LogSavePackage:Display: Finished SavePackage ../../../../../Users/MelchioT/Documents/workUnrealEngine4/MotorUnreal4B/Saved/Autosaves/Temp/Untitled_2_Auto1.umap
[2023.12.26-06.09.23:758][580]LogFileHelpers: Editor autosave (incl. sublevels) for '/Temp/Untitled_2' took 0.065
[2023.12.26-06.09.23:758][580]LogFileHelpers: Editor autosave (incl. sublevels) for all levels took 0.065
[2023.12.26-06.09.23:762][580]OBJ SavePackage: Generating thumbnails for [1] asset(s) in package [/Game/Ejercicios/Ejercicio1/Bala] ([1] browsable assets)...
[2023.12.26-06.09.23:786][580]OBJ SavePackage:     Rendered thumbnail for [Blueprint /Game/Ejercicios/Ejercicio1/Bala.Bala]
[2023.12.26-06.09.23:786][580]OBJ SavePackage: Finished generating thumbnails for package [/Game/Ejercicios/Ejercicio1/Bala]
[2023.12.26-06.09.23:813][580]LogSavePackage: Save=20.51ms
[2023.12.26-06.09.23:813][580]LogSavePackage: Moving '../../../../../Users/MelchioT/Documents/workUnrealEngine4/MotorUnreal4B/Saved/Bala_Auto1F7A66EA24B48C6A07CA0DD86FDF2777B.tmp' to '../../../../../Users/MelchioT/Documents/workUnrealEngine4/MotorUnreal4B/Saved/Autosaves/Game/Ejercicios/Ejercicio1/Bala_Auto1.uasset'
[2023.12.26-06.09.23:814][580]LogSavePackage:Display: Finished SavePackage ../../../../../Users/MelchioT/Documents/workUnrealEngine4/MotorUnreal4B/Saved/Autosaves/Game/Ejercicios/Ejercicio1/Bala_Auto1.uasset
[2023.12.26-06.09.23:815][580]OBJ SavePackage: Generating thumbnails for [1] asset(s) in package [/Game/Ejercicios/Ejercicio1/Enemigo] ([1] browsable assets)...
[2023.12.26-06.09.23:834][580]OBJ SavePackage:     Rendered thumbnail for [Blueprint /Game/Ejercicios/Ejercicio1/Enemigo.Enemigo]
[2023.12.26-06.09.23:834][580]OBJ SavePackage: Finished generating thumbnails for package [/Game/Ejercicios/Ejercicio1/Enemigo]
[2023.12.26-06.09.23:866][580]LogSavePackage: Save=25.77ms
[2023.12.26-06.09.23:866][580]LogSavePackage: Moving '../../../../../Users/MelchioT/Documents/workUnrealEngine4/MotorUnreal4B/Saved/Enemigo_Auto1E7D22B7843473F6F4FF2A7B03292DBF0.tmp' to '../../../../../Users/MelchioT/Documents/workUnrealEngine4/MotorUnreal4B/Saved/Autosaves/Game/Ejercicios/Ejercicio1/Enemigo_Auto1.uasset'
[2023.12.26-06.09.23:867][580]LogSavePackage:Display: Finished SavePackage ../../../../../Users/MelchioT/Documents/workUnrealEngine4/MotorUnreal4B/Saved/Autosaves/Game/Ejercicios/Ejercicio1/Enemigo_Auto1.uasset
[2023.12.26-06.09.23:867][580]LogFileHelpers: Auto-saving content packages took 0.107
[2023.12.26-06.10.40:059][142]BlueprintLog: New page: Compile Bala
[2023.12.26-06.10.44:586][394]Cmd: OBJ SAVEPACKAGE PACKAGE="/Game/Ejercicios/Ejercicio1/Bala" FILE="../../../../../Users/MelchioT/Documents/workUnrealEngine4/MotorUnreal4B/Content/Ejercicios/Ejercicio1/Bala.uasset" SILENT=true
[2023.12.26-06.10.44:605][394]LogSavePackage: Save=15.06ms
[2023.12.26-06.10.44:605][394]LogSavePackage: Moving '../../../../../Users/MelchioT/Documents/workUnrealEngine4/MotorUnreal4B/Saved/BalaC0001E7340DC4A8F2A994AB2D6C9150D.tmp' to '../../../../../Users/MelchioT/Documents/workUnrealEngine4/MotorUnreal4B/Content/Ejercicios/Ejercicio1/Bala.uasset'
[2023.12.26-06.10.44:607][394]LogSavePackage:Display: Finished SavePackage ../../../../../Users/MelchioT/Documents/workUnrealEngine4/MotorUnreal4B/Content/Ejercicios/Ejercicio1/Bala.uasset
[2023.12.26-06.10.45:549][450]BlueprintLog: New page: Compile Bala
[2023.12.26-06.10.47:346][551]LogTemp: Repeting last play command: Selected Viewport
[2023.12.26-06.10.47:355][551]LogPlayLevel: PlayLevel: No blueprints needed recompiling
[2023.12.26-06.10.47:355][551]PIE: New page: PIE session: Untitled_2 (Dec 26, 2023, 12:10:47 AM)
[2023.12.26-06.10.47:355][551]LogPlayLevel: Creating play world package: /Temp/UEDPIE_0_Untitled_2
[2023.12.26-06.10.47:357][551]LogPlayLevel: PIE: StaticDuplicateObject took: (0.001566s)
[2023.12.26-06.10.47:357][551]LogAIModule: Creating AISystem for world Untitled_2
[2023.12.26-06.10.47:358][551]LogPlayLevel: PIE: World Init took: (0.000756s)
[2023.12.26-06.10.47:358][551]LogPlayLevel: PIE: Created PIE world by copying editor world from /Temp/Untitled_2.Untitled_2 to /Temp/UEDPIE_0_Untitled_2.Untitled_2 (0.002522s)
[2023.12.26-06.10.47:382][551]LogInit: XAudio2 using 'Altavoces (Realtek(R) Audio)' : 2 channels at 48 kHz using 16 bits per sample (channel mask 0x3)
[2023.12.26-06.10.47:397][551]LogInit: FAudioDevice initialized.
[2023.12.26-06.10.47:434][551]LogLoad: Game class is 'GameModeBase'
[2023.12.26-06.10.47:437][551]LogWorld: Bringing World /Temp/UEDPIE_0_Untitled_2.Untitled_2 up for play (max tick rate 60) at 2023.12.26-03.10.47
[2023.12.26-06.10.47:437][551]LogWorld: Bringing up level for play took: 0.000912
[2023.12.26-06.10.47:438][551]PIE: Info Play in editor start time for /Temp/UEDPIE_0_Untitled_2 -0.836
[2023.12.26-06.11.22:726][919]BlueprintLog: New page: Compile Bala
[2023.12.26-06.11.24:249][  4]LogTemp: Repeting last play command: Selected Viewport
[2023.12.26-06.11.24:258][  4]LogPlayLevel: PlayLevel: No blueprints needed recompiling
[2023.12.26-06.11.24:258][  4]PIE: New page: PIE session: Untitled_2 (Dec 26, 2023, 12:11:24 AM)
[2023.12.26-06.11.24:258][  4]LogPlayLevel: Creating play world package: /Temp/UEDPIE_0_Untitled_2
[2023.12.26-06.11.24:260][  4]LogPlayLevel: PIE: StaticDuplicateObject took: (0.001453s)
[2023.12.26-06.11.24:260][  4]LogAIModule: Creating AISystem for world Untitled_2
[2023.12.26-06.11.24:260][  4]LogPlayLevel: PIE: World Init took: (0.000865s)
[2023.12.26-06.11.24:261][  4]LogPlayLevel: PIE: Created PIE world by copying editor world from /Temp/Untitled_2.Untitled_2 to /Temp/UEDPIE_0_Untitled_2.Untitled_2 (0.002520s)
[2023.12.26-06.11.24:284][  4]LogInit: XAudio2 using 'Altavoces (Realtek(R) Audio)' : 2 channels at 48 kHz using 16 bits per sample (channel mask 0x3)
[2023.12.26-06.11.24:300][  4]LogInit: FAudioDevice initialized.
[2023.12.26-06.11.24:331][  4]LogLoad: Game class is 'GameModeBase'
[2023.12.26-06.11.24:334][  4]LogWorld: Bringing World /Temp/UEDPIE_0_Untitled_2.Untitled_2 up for play (max tick rate 60) at 2023.12.26-03.11.24
[2023.12.26-06.11.24:334][  4]LogWorld: Bringing up level for play took: 0.000987
[2023.12.26-06.11.24:335][  4]PIE: Info Play in editor start time for /Temp/UEDPIE_0_Untitled_2 0.06
[2023.12.26-06.12.49:222][150]LogEditorTransaction: Undo Break Pin Links
[2023.12.26-06.13.31:814][316]LogEditorTransaction: Undo Create Reroute Node
[2023.12.26-06.13.55:346][715]LogEditorTransaction: Undo Create Reroute Node
[2023.12.26-06.14.48:587][893]LogEditorTransaction: Undo Move Node
[2023.12.26-06.14.48:954][913]LogEditorTransaction: Undo Create Reroute Node
[2023.12.26-06.14.49:369][936]LogEditorTransaction: Undo Move Node
[2023.12.26-06.15.02:800][436]LogEditorTransaction: Undo Create Reroute Node
[2023.12.26-06.15.03:417][471]LogEditorTransaction: Undo Move Nodes
[2023.12.26-06.16.15:819][317]LogEditorTransaction: Undo Move Node
[2023.12.26-06.16.16:354][347]LogEditorTransaction: Undo Create Reroute Node
[2023.12.26-06.16.16:932][380]LogEditorTransaction: Undo Move Node
[2023.12.26-06.16.17:527][414]LogEditorTransaction: Undo Create Pin Link
[2023.12.26-06.19.17:715][838]BlueprintLog: New page: Compile Enemigo
[2023.12.26-06.19.21:991][ 67]BlueprintLog: New page: Compile Enemigo
[2023.12.26-06.19.49:486][316]LogSavePackage: Save=23.29ms
[2023.12.26-06.19.49:486][316]LogSavePackage: Moving '../../../../../Users/MelchioT/Documents/workUnrealEngine4/MotorUnreal4B/Saved/Untitled_2_Auto2789FF55E4FE447C8593578BB9D75DE48.tmp' to '../../../../../Users/MelchioT/Documents/workUnrealEngine4/MotorUnreal4B/Saved/Autosaves/Temp/Untitled_2_Auto2.umap'
[2023.12.26-06.19.49:487][316]LogSavePackage:Display: Finished SavePackage ../../../../../Users/MelchioT/Documents/workUnrealEngine4/MotorUnreal4B/Saved/Autosaves/Temp/Untitled_2_Auto2.umap
[2023.12.26-06.19.49:489][316]LogFileHelpers: Editor autosave (incl. sublevels) for '/Temp/Untitled_2' took 0.043
[2023.12.26-06.19.49:489][316]LogFileHelpers: Editor autosave (incl. sublevels) for all levels took 0.043
[2023.12.26-06.19.49:491][316]OBJ SavePackage: Generating thumbnails for [1] asset(s) in package [/Game/Ejercicios/Ejercicio1/Bala] ([1] browsable assets)...
[2023.12.26-06.19.49:512][316]OBJ SavePackage:     Rendered thumbnail for [Blueprint /Game/Ejercicios/Ejercicio1/Bala.Bala]
[2023.12.26-06.19.49:512][316]OBJ SavePackage: Finished generating thumbnails for package [/Game/Ejercicios/Ejercicio1/Bala]
[2023.12.26-06.19.49:534][316]LogSavePackage: Save=16.54ms
[2023.12.26-06.19.49:534][316]LogSavePackage: Moving '../../../../../Users/MelchioT/Documents/workUnrealEngine4/MotorUnreal4B/Saved/Bala_Auto2BB0EC35D4350271B5141229314F6741D.tmp' to '../../../../../Users/MelchioT/Documents/workUnrealEngine4/MotorUnreal4B/Saved/Autosaves/Game/Ejercicios/Ejercicio1/Bala_Auto2.uasset'
[2023.12.26-06.19.49:538][316]LogSavePackage:Display: Finished SavePackage ../../../../../Users/MelchioT/Documents/workUnrealEngine4/MotorUnreal4B/Saved/Autosaves/Game/Ejercicios/Ejercicio1/Bala_Auto2.uasset
[2023.12.26-06.19.49:538][316]OBJ SavePackage: Generating thumbnails for [1] asset(s) in package [/Game/Ejercicios/Ejercicio1/Enemigo] ([1] browsable assets)...
[2023.12.26-06.19.49:558][316]OBJ SavePackage:     Rendered thumbnail for [Blueprint /Game/Ejercicios/Ejercicio1/Enemigo.Enemigo]
[2023.12.26-06.19.49:558][316]OBJ SavePackage: Finished generating thumbnails for package [/Game/Ejercicios/Ejercicio1/Enemigo]
[2023.12.26-06.19.49:582][316]LogSavePackage: Save=18.79ms
[2023.12.26-06.19.49:582][316]LogSavePackage: Moving '../../../../../Users/MelchioT/Documents/workUnrealEngine4/MotorUnreal4B/Saved/Enemigo_Auto28069B3624717D2F9CF76988CED045CEF.tmp' to '../../../../../Users/MelchioT/Documents/workUnrealEngine4/MotorUnreal4B/Saved/Autosaves/Game/Ejercicios/Ejercicio1/Enemigo_Auto2.uasset'
[2023.12.26-06.19.49:583][316]LogSavePackage:Display: Finished SavePackage ../../../../../Users/MelchioT/Documents/workUnrealEngine4/MotorUnreal4B/Saved/Autosaves/Game/Ejercicios/Ejercicio1/Enemigo_Auto2.uasset
[2023.12.26-06.19.49:583][316]LogFileHelpers: Auto-saving content packages took 0.092
[2023.12.26-06.19.54:460][480]LogTemp: Repeting last play command: Selected Viewport
[2023.12.26-06.19.54:470][480]BlueprintLog: New page: Pre-Play auto-recompile
[2023.12.26-06.19.54:470][480]LogPlayLevel: [PlayLevel] Compiling Enemigo before play...
[2023.12.26-06.19.54:576][480]LogPlayLevel: PlayLevel: Blueprint regeneration took 106 ms (1 blueprints)
[2023.12.26-06.19.54:577][480]PIE: New page: PIE session: Untitled_2 (Dec 26, 2023, 12:19:54 AM)
[2023.12.26-06.19.54:577][480]LogPlayLevel: Creating play world package: /Temp/UEDPIE_0_Untitled_2
[2023.12.26-06.19.54:578][480]LogPlayLevel: PIE: StaticDuplicateObject took: (0.001524s)
[2023.12.26-06.19.54:579][480]LogAIModule: Creating AISystem for world Untitled_2
[2023.12.26-06.19.54:579][480]LogPlayLevel: PIE: World Init took: (0.000752s)
[2023.12.26-06.19.54:579][480]LogPlayLevel: PIE: Created PIE world by copying editor world from /Temp/Untitled_2.Untitled_2 to /Temp/UEDPIE_0_Untitled_2.Untitled_2 (0.002457s)
[2023.12.26-06.19.54:602][480]LogInit: XAudio2 using 'Altavoces (Realtek(R) Audio)' : 2 channels at 48 kHz using 16 bits per sample (channel mask 0x3)
[2023.12.26-06.19.54:620][480]LogInit: FAudioDevice initialized.
[2023.12.26-06.19.54:655][480]LogLoad: Game class is 'GameModeBase'
[2023.12.26-06.19.54:658][480]LogWorld: Bringing World /Temp/UEDPIE_0_Untitled_2.Untitled_2 up for play (max tick rate 60) at 2023.12.26-03.19.54
[2023.12.26-06.19.54:658][480]LogWorld: Bringing up level for play took: 0.001018
[2023.12.26-06.19.54:659][480]PIE: Info Play in editor start time for /Temp/UEDPIE_0_Untitled_2 0.385
[2023.12.26-06.21.26:859][770]LogEditorTransaction: Undo Create Pin Link
[2023.12.26-06.21.27:797][824]LogEditorTransaction: Undo Break Pin Links
[2023.12.26-06.21.28:197][846]LogEditorTransaction: Undo Create Reroute Node
[2023.12.26-06.21.28:696][874]LogEditorTransaction: Undo Create Reroute Node
[2023.12.26-06.21.32:931][126]LogEditorTransaction: Undo Create Reroute Node
[2023.12.26-06.22.26:800][578]LogEditorTransaction: Undo Delete current selection
[2023.12.26-06.24.05:129][215]BlueprintLog: New page: Compile Enemigo
[2023.12.26-06.24.27:174][580]LogTemp: Repeting last play command: Selected Viewport
[2023.12.26-06.24.27:182][580]LogPlayLevel: PlayLevel: No blueprints needed recompiling
[2023.12.26-06.24.27:183][580]PIE: New page: PIE session: Untitled_2 (Dec 26, 2023, 12:24:27 AM)
[2023.12.26-06.24.27:183][580]LogPlayLevel: Creating play world package: /Temp/UEDPIE_0_Untitled_2
[2023.12.26-06.24.27:184][580]LogPlayLevel: PIE: StaticDuplicateObject took: (0.001590s)
[2023.12.26-06.24.27:185][580]LogAIModule: Creating AISystem for world Untitled_2
[2023.12.26-06.24.27:185][580]LogPlayLevel: PIE: World Init took: (0.000905s)
[2023.12.26-06.24.27:185][580]LogPlayLevel: PIE: Created PIE world by copying editor world from /Temp/Untitled_2.Untitled_2 to /Temp/UEDPIE_0_Untitled_2.Untitled_2 (0.002686s)
[2023.12.26-06.24.27:209][580]LogInit: XAudio2 using 'Altavoces (Realtek(R) Audio)' : 2 channels at 48 kHz using 16 bits per sample (channel mask 0x3)
[2023.12.26-06.24.27:226][580]LogInit: FAudioDevice initialized.
[2023.12.26-06.24.27:270][580]LogLoad: Game class is 'GameModeBase'
[2023.12.26-06.24.27:272][580]LogWorld: Bringing World /Temp/UEDPIE_0_Untitled_2.Untitled_2 up for play (max tick rate 60) at 2023.12.26-03.24.27
[2023.12.26-06.24.27:273][580]LogWorld: Bringing up level for play took: 0.001038
[2023.12.26-06.24.27:276][580]PIE: Info Play in editor start time for /Temp/UEDPIE_0_Untitled_2 1.001
[2023.12.26-06.25.19:540][410]Cmd: OBJ SAVEPACKAGE PACKAGE="/Game/Ejercicios/Ejercicio1/Enemigo" FILE="../../../../../Users/MelchioT/Documents/workUnrealEngine4/MotorUnreal4B/Content/Ejercicios/Ejercicio1/Enemigo.uasset" SILENT=true
[2023.12.26-06.25.19:563][410]LogSavePackage: Save=18.30ms
[2023.12.26-06.25.19:563][410]LogSavePackage: Moving '../../../../../Users/MelchioT/Documents/workUnrealEngine4/MotorUnreal4B/Saved/Enemigo84DA23A14E25B7EC48D4CB96D071C85D.tmp' to '../../../../../Users/MelchioT/Documents/workUnrealEngine4/MotorUnreal4B/Content/Ejercicios/Ejercicio1/Enemigo.uasset'
[2023.12.26-06.25.19:565][410]LogSavePackage:Display: Finished SavePackage ../../../../../Users/MelchioT/Documents/workUnrealEngine4/MotorUnreal4B/Content/Ejercicios/Ejercicio1/Enemigo.uasset
[2023.12.26-06.25.22:521][581]LogActorComponent: UnregisterComponent: (/Engine/Transient.EditorFloorComp) Not registered. Aborting.
[2023.12.26-06.26.44:023][395]BlueprintLog: New page: Compile Spawner
[2023.12.26-06.26.59:498][763]BlueprintLog: New page: Compile Spawner
[2023.12.26-06.27.22:798][423]LogSlate:Warning: Prevented a slow task dialog from being summoned while a context menu was open
[2023.12.26-06.28.48:892][917]LogEditorViewport: Clicking on Actor (LMB): Enemigo_C (Enemigo)
[2023.12.26-06.28.52:245][ 20]LogEditorViewport: Clicking on Actor (LMB): Enemigo_C (Enemigo)
[2023.12.26-06.28.53:230][ 78]Cmd: DELETE
[2023.12.26-06.28.53:230][ 78]Cmd: ACTOR DELETE
[2023.12.26-06.28.53:231][ 78]LogEditorActor: Deleted Actor: Enemigo_C
[2023.12.26-06.28.53:245][ 78]LogEditorActor: Deleted 1 Actors (0.015 secs)
[2023.12.26-06.29.21:207][967]LogEditorViewport: Clicking on Actor (LMB): Spawner_C (Spawner)
[2023.12.26-06.29.22:009][ 14]Cmd: EDIT COPY
[2023.12.26-06.29.22:325][ 33]Cmd: EDIT PASTE
[2023.12.26-06.29.26:856][303]LogTemp: Repeting last play command: Selected Viewport
[2023.12.26-06.29.26:867][303]BlueprintLog: New page: Pre-Play auto-recompile
[2023.12.26-06.29.26:867][303]LogPlayLevel: [PlayLevel] Compiling Spawner before play...
[2023.12.26-06.29.26:964][303]LogPlayLevel: PlayLevel: Blueprint regeneration took 96 ms (1 blueprints)
[2023.12.26-06.29.26:964][303]PIE: New page: PIE session: Untitled_2 (Dec 26, 2023, 12:29:26 AM)
[2023.12.26-06.29.26:964][303]LogPlayLevel: Creating play world package: /Temp/UEDPIE_0_Untitled_2
[2023.12.26-06.29.26:965][303]LogPlayLevel: PIE: StaticDuplicateObject took: (0.001504s)
[2023.12.26-06.29.26:966][303]LogAIModule: Creating AISystem for world Untitled_2
[2023.12.26-06.29.26:966][303]LogPlayLevel: PIE: World Init took: (0.000806s)
[2023.12.26-06.29.26:966][303]LogPlayLevel: PIE: Created PIE world by copying editor world from /Temp/Untitled_2.Untitled_2 to /Temp/UEDPIE_0_Untitled_2.Untitled_2 (0.002504s)
[2023.12.26-06.29.26:988][303]LogInit: XAudio2 using 'Altavoces (Realtek(R) Audio)' : 2 channels at 48 kHz using 16 bits per sample (channel mask 0x3)
[2023.12.26-06.29.27:005][303]LogInit: FAudioDevice initialized.
[2023.12.26-06.29.27:037][303]LogLoad: Game class is 'GameModeBase'
[2023.12.26-06.29.27:039][303]LogWorld: Bringing World /Temp/UEDPIE_0_Untitled_2.Untitled_2 up for play (max tick rate 60) at 2023.12.26-03.29.27
[2023.12.26-06.29.27:039][303]LogWorld: Bringing up level for play took: 0.000865
[2023.12.26-06.29.27:040][303]PIE: Info Play in editor start time for /Temp/UEDPIE_0_Untitled_2 0.766
[2023.12.26-06.30.18:016][ 32]LogSavePackage: Save=24.62ms
[2023.12.26-06.30.18:016][ 32]LogSavePackage: Moving '../../../../../Users/MelchioT/Documents/workUnrealEngine4/MotorUnreal4B/Saved/Untitled_2_Auto3B45A622B4FD556FF597C0AA390EF0D90.tmp' to '../../../../../Users/MelchioT/Documents/workUnrealEngine4/MotorUnreal4B/Saved/Autosaves/Temp/Untitled_2_Auto3.umap'
[2023.12.26-06.30.18:017][ 32]LogSavePackage:Display: Finished SavePackage ../../../../../Users/MelchioT/Documents/workUnrealEngine4/MotorUnreal4B/Saved/Autosaves/Temp/Untitled_2_Auto3.umap
[2023.12.26-06.30.18:018][ 32]LogFileHelpers: Editor autosave (incl. sublevels) for '/Temp/Untitled_2' took 0.041
[2023.12.26-06.30.18:018][ 32]LogFileHelpers: Editor autosave (incl. sublevels) for all levels took 0.041
[2023.12.26-06.30.18:021][ 32]OBJ SavePackage: Generating thumbnails for [0] asset(s) in package [/Game/Ejercicios/Ejercicio1/Spawner] ([1] browsable assets)...
[2023.12.26-06.30.18:021][ 32]OBJ SavePackage: Finished generating thumbnails for package [/Game/Ejercicios/Ejercicio1/Spawner]
[2023.12.26-06.30.18:029][ 32]LogSavePackage: Save=7.94ms
[2023.12.26-06.30.18:029][ 32]LogSavePackage: Moving '../../../../../Users/MelchioT/Documents/workUnrealEngine4/MotorUnreal4B/Saved/Spawner_Auto3D27898A24415AE130F4406BF9FA4770C.tmp' to '../../../../../Users/MelchioT/Documents/workUnrealEngine4/MotorUnreal4B/Saved/Autosaves/Game/Ejercicios/Ejercicio1/Spawner_Auto3.uasset'
[2023.12.26-06.30.18:031][ 32]LogSavePackage:Display: Finished SavePackage ../../../../../Users/MelchioT/Documents/workUnrealEngine4/MotorUnreal4B/Saved/Autosaves/Game/Ejercicios/Ejercicio1/Spawner_Auto3.uasset
[2023.12.26-06.30.18:031][ 32]LogFileHelpers: Auto-saving content packages took 0.011
[2023.12.26-06.31.15:540][628]LogTemp: Repeting last play command: Selected Viewport
[2023.12.26-06.31.15:548][628]BlueprintLog: New page: Pre-Play auto-recompile
[2023.12.26-06.31.15:548][628]LogPlayLevel: [PlayLevel] Compiling Spawner before play...
[2023.12.26-06.31.15:643][628]LogPlayLevel: PlayLevel: Blueprint regeneration took 95 ms (1 blueprints)
[2023.12.26-06.31.15:643][628]PIE: New page: PIE session: Untitled_2 (Dec 26, 2023, 12:31:15 AM)
[2023.12.26-06.31.15:643][628]LogPlayLevel: Creating play world package: /Temp/UEDPIE_0_Untitled_2
[2023.12.26-06.31.15:645][628]LogPlayLevel: PIE: StaticDuplicateObject took: (0.001566s)
[2023.12.26-06.31.15:645][628]LogAIModule: Creating AISystem for world Untitled_2
[2023.12.26-06.31.15:646][628]LogPlayLevel: PIE: World Init took: (0.000733s)
[2023.12.26-06.31.15:646][628]LogPlayLevel: PIE: Created PIE world by copying editor world from /Temp/Untitled_2.Untitled_2 to /Temp/UEDPIE_0_Untitled_2.Untitled_2 (0.002488s)
[2023.12.26-06.31.15:668][628]LogInit: XAudio2 using 'Altavoces (Realtek(R) Audio)' : 2 channels at 48 kHz using 16 bits per sample (channel mask 0x3)
[2023.12.26-06.31.15:685][628]LogInit: FAudioDevice initialized.
[2023.12.26-06.31.15:727][628]LogLoad: Game class is 'GameModeBase'
[2023.12.26-06.31.15:730][628]LogWorld: Bringing World /Temp/UEDPIE_0_Untitled_2.Untitled_2 up for play (max tick rate 60) at 2023.12.26-03.31.15
[2023.12.26-06.31.15:730][628]LogWorld: Bringing up level for play took: 0.001046
[2023.12.26-06.31.15:732][628]PIE: Info Play in editor start time for /Temp/UEDPIE_0_Untitled_2 -0.542
[2023.12.26-06.32.58:039][335]BlueprintLog: New page: Compile Spawner
[2023.12.26-06.33.03:255][629]Cmd: OBJ SAVEPACKAGE PACKAGE="/Game/Ejercicios/Ejercicio1/Spawner" FILE="../../../../../Users/MelchioT/Documents/workUnrealEngine4/MotorUnreal4B/Content/Ejercicios/Ejercicio1/Spawner.uasset" SILENT=true
[2023.12.26-06.33.03:266][629]LogSavePackage: Save=9.64ms
[2023.12.26-06.33.03:266][629]LogSavePackage: Moving '../../../../../Users/MelchioT/Documents/workUnrealEngine4/MotorUnreal4B/Saved/SpawnerF6BB842941D0082EA4B695934376BD4C.tmp' to '../../../../../Users/MelchioT/Documents/workUnrealEngine4/MotorUnreal4B/Content/Ejercicios/Ejercicio1/Spawner.uasset'
[2023.12.26-06.33.03:267][629]LogSavePackage:Display: Finished SavePackage ../../../../../Users/MelchioT/Documents/workUnrealEngine4/MotorUnreal4B/Content/Ejercicios/Ejercicio1/Spawner.uasset
[2023.12.26-06.33.06:004][790]BlueprintLog: New page: Compile Spawner
[2023.12.26-06.33.08:219][917]LogTemp: Repeting last play command: Selected Viewport
[2023.12.26-06.33.08:226][917]LogPlayLevel: PlayLevel: No blueprints needed recompiling
[2023.12.26-06.33.08:226][917]PIE: New page: PIE session: Untitled_2 (Dec 26, 2023, 12:33:08 AM)
[2023.12.26-06.33.08:226][917]LogPlayLevel: Creating play world package: /Temp/UEDPIE_0_Untitled_2
[2023.12.26-06.33.08:227][917]LogPlayLevel: PIE: StaticDuplicateObject took: (0.001440s)
[2023.12.26-06.33.08:228][917]LogAIModule: Creating AISystem for world Untitled_2
[2023.12.26-06.33.08:228][917]LogPlayLevel: PIE: World Init took: (0.000873s)
[2023.12.26-06.33.08:228][917]LogPlayLevel: PIE: Created PIE world by copying editor world from /Temp/Untitled_2.Untitled_2 to /Temp/UEDPIE_0_Untitled_2.Untitled_2 (0.002515s)
[2023.12.26-06.33.08:252][917]LogInit: XAudio2 using 'Altavoces (Realtek(R) Audio)' : 2 channels at 48 kHz using 16 bits per sample (channel mask 0x3)
[2023.12.26-06.33.08:268][917]LogInit: FAudioDevice initialized.
[2023.12.26-06.33.08:314][917]LogLoad: Game class is 'GameModeBase'
[2023.12.26-06.33.08:317][917]LogWorld: Bringing World /Temp/UEDPIE_0_Untitled_2.Untitled_2 up for play (max tick rate 60) at 2023.12.26-03.33.08
[2023.12.26-06.33.08:317][917]LogWorld: Bringing up level for play took: 0.001121
[2023.12.26-06.33.08:320][917]PIE: Info Play in editor start time for /Temp/UEDPIE_0_Untitled_2 0.046
[2023.12.26-06.33.47:968][ 34]BlueprintLog: New page: Compile Spawner
[2023.12.26-06.34.30:649][354]Cmd: OBJ SAVEPACKAGE PACKAGE="/Game/Ejercicios/Ejercicio1/Spawner" FILE="../../../../../Users/MelchioT/Documents/workUnrealEngine4/MotorUnreal4B/Content/Ejercicios/Ejercicio1/Spawner.uasset" SILENT=true
[2023.12.26-06.34.30:662][354]LogSavePackage: Save=8.70ms
[2023.12.26-06.34.30:662][354]LogSavePackage: Moving '../../../../../Users/MelchioT/Documents/workUnrealEngine4/MotorUnreal4B/Saved/Spawner38EBFA474746C78505E0EC94BB242B02.tmp' to '../../../../../Users/MelchioT/Documents/workUnrealEngine4/MotorUnreal4B/Content/Ejercicios/Ejercicio1/Spawner.uasset'
[2023.12.26-06.34.30:664][354]LogSavePackage:Display: Finished SavePackage ../../../../../Users/MelchioT/Documents/workUnrealEngine4/MotorUnreal4B/Content/Ejercicios/Ejercicio1/Spawner.uasset
[2023.12.26-06.34.35:219][478]Cmd: OBJ SAVEPACKAGE PACKAGE="/Game/Ejercicios/Ejercicio1/Bala" FILE="../../../../../Users/MelchioT/Documents/workUnrealEngine4/MotorUnreal4B/Content/Ejercicios/Ejercicio1/Bala.uasset" SILENT=true
[2023.12.26-06.34.35:234][478]LogSavePackage: Save=10.17ms
[2023.12.26-06.34.35:234][478]LogSavePackage: Moving '../../../../../Users/MelchioT/Documents/workUnrealEngine4/MotorUnreal4B/Saved/BalaCF7EEEC645F14518203F088C2DFFFDAD.tmp' to '../../../../../Users/MelchioT/Documents/workUnrealEngine4/MotorUnreal4B/Content/Ejercicios/Ejercicio1/Bala.uasset'
[2023.12.26-06.34.35:237][478]LogSavePackage:Display: Finished SavePackage ../../../../../Users/MelchioT/Documents/workUnrealEngine4/MotorUnreal4B/Content/Ejercicios/Ejercicio1/Bala.uasset
[2023.12.26-06.35.05:331][177]LogSavePackage: Save=23.88ms
[2023.12.26-06.35.05:331][177]LogSavePackage: Moving '../../../../../Users/MelchioT/Documents/workUnrealEngine4/MotorUnreal4B/Saved/Nivel92DFF1574425A2D7AEB3608FCC255311.tmp' to '../../../../../Users/MelchioT/Documents/workUnrealEngine4/MotorUnreal4B/Content/Ejercicios/Ejercicio1/Nivel.umap'
[2023.12.26-06.35.05:333][177]LogSavePackage:Display: Finished SavePackage ../../../../../Users/MelchioT/Documents/workUnrealEngine4/MotorUnreal4B/Content/Ejercicios/Ejercicio1/Nivel.umap
[2023.12.26-06.35.05:351][177]LogFileHelpers: Saving map 'Nivel' took 0.194
[2023.12.26-06.35.05:583][178]Cmd: QUIT_EDITOR
[2023.12.26-06.35.06:450][178]LogWindowsTextInputMethodSystem:Display: IME system now deactivated.
[2023.12.26-06.35.06:472][178]LogExit: Preparing to exit.
[2023.12.26-06.35.07:022][178]LogDirectoryWatcher: A directory notification for 'C:/Users/MelchioT/Documents/workUnrealEngine4/MotorUnreal4B/Content/' was aborted.
[2023.12.26-06.35.07:045][178]LogExit: Editor shut down
[2023.12.26-06.35.07:046][178]LogExit: Transaction tracking system shut down
[2023.12.26-06.35.07:125][178]LogObj: Freed 0b from 0 cluster array pools.
[2023.12.26-06.35.07:126][178]LogExit: Object subsystem successfully closed.
[2023.12.26-06.35.07:147][178]LogD3D11RHI: Shutdown
[2023.12.26-06.35.07:147][178]LogD3D11RHI: CleanupD3DDevice
[2023.12.26-06.35.07:279][178]LogD3D11RHI: ~FD3D11DynamicRHI
[2023.12.26-06.35.07:291][178]LogModuleManager: Shutting down and abandoning module MovieSceneCapture (488)
[2023.12.26-06.35.07:291][178]LogModuleManager: Shutting down and abandoning module NewLevelDialog (486)
[2023.12.26-06.35.07:291][178]LogModuleManager: Shutting down and abandoning module BlueprintGraph (484)
[2023.12.26-06.35.07:291][178]LogModuleManager: Shutting down and abandoning module BlueprintProfiler (482)
[2023.12.26-06.35.07:291][178]LogModuleManager: Shutting down and abandoning module HierarchicalLODOutliner (480)
[2023.12.26-06.35.07:291][178]LogModuleManager: Shutting down and abandoning module CrashTracker (478)
[2023.12.26-06.35.07:291][178]LogModuleManager: Shutting down and abandoning module SceneOutliner (476)
[2023.12.26-06.35.07:291][178]LogModuleManager: Shutting down and abandoning module AddContentDialog (474)
[2023.12.26-06.35.07:291][178]LogDirectoryWatcher: A directory notification for 'C:/Program Files/Unreal Engine 4 (4.15.0)/FeaturePacks/' was aborted.
[2023.12.26-06.35.07:292][178]LogModuleManager: Shutting down and abandoning module WidgetCarousel (473)
[2023.12.26-06.35.07:292][178]LogModuleManager: Shutting down and abandoning module EditorWidgets (470)
[2023.12.26-06.35.07:292][178]LogModuleManager: Shutting down and abandoning module CollectionManager (468)
[2023.12.26-06.35.07:292][178]LogDirectoryWatcher: A directory notification for 'C:/Users/MelchioT/Documents/workUnrealEngine4/MotorUnreal4B/Content/Collections/' was aborted.
[2023.12.26-06.35.07:292][178]LogDirectoryWatcher: A directory notification for 'C:/Users/MelchioT/Documents/workUnrealEngine4/MotorUnreal4B/Content/Developers/MelchioT/Collections/' was aborted.
[2023.12.26-06.35.07:292][178]LogDirectoryWatcher: A directory notification for 'C:/Users/MelchioT/Documents/workUnrealEngine4/MotorUnreal4B/Saved/Collections/' was aborted.
[2023.12.26-06.35.07:292][178]LogModuleManager: Shutting down and abandoning module StatsViewer (466)
[2023.12.26-06.35.07:292][178]LogModuleManager: Shutting down and abandoning module FoliageEdit (464)
[2023.12.26-06.35.07:292][178]LogModuleManager: Shutting down and abandoning module LandscapeEditor (462)
[2023.12.26-06.35.07:292][178]LogModuleManager: Shutting down and abandoning module SceneDepthPickerMode (460)
[2023.12.26-06.35.07:292][178]LogModuleManager: Shutting down and abandoning module ActorPickerMode (458)
[2023.12.26-06.35.07:292][178]LogModuleManager: Shutting down and abandoning module GeometryMode (456)
[2023.12.26-06.35.07:292][178]LogModuleManager: Shutting down and abandoning module TextureAlignMode (454)
[2023.12.26-06.35.07:292][178]LogModuleManager: Shutting down and abandoning module BspMode (452)
[2023.12.26-06.35.07:292][178]LogModuleManager: Shutting down and abandoning module HardwareSurvey (450)
[2023.12.26-06.35.07:292][178]LogModuleManager: Shutting down and abandoning module SequenceRecorderSections (448)
[2023.12.26-06.35.07:292][178]LogModuleManager: Shutting down and abandoning module AutomationWorker (446)
[2023.12.26-06.35.07:292][178]LogModuleManager: Shutting down and abandoning module MatineeToLevelSequence (444)
[2023.12.26-06.35.07:292][178]LogModuleManager: Shutting down and abandoning module LevelSequenceEditor (442)
[2023.12.26-06.35.07:292][178]LogModuleManager: Shutting down and abandoning module PlacementMode (441)
[2023.12.26-06.35.07:292][178]LogModuleManager: Shutting down and abandoning module WmfMediaFactory (438)
[2023.12.26-06.35.07:292][178]LogModuleManager: Shutting down and abandoning module WmfMediaEditor (436)
[2023.12.26-06.35.07:292][178]LogModuleManager: Shutting down and abandoning module MfMediaFactory (434)
[2023.12.26-06.35.07:292][178]LogModuleManager: Shutting down and abandoning module MfMediaEditor (432)
[2023.12.26-06.35.07:292][178]LogModuleManager: Shutting down and abandoning module AvfMediaFactory (430)
[2023.12.26-06.35.07:292][178]LogModuleManager: Shutting down and abandoning module AvfMediaEditor (428)
[2023.12.26-06.35.07:292][178]LogModuleManager: Shutting down and abandoning module AndroidMediaFactory (426)
[2023.12.26-06.35.07:292][178]LogModuleManager: Shutting down and abandoning module Media (425)
[2023.12.26-06.35.07:292][178]LogModuleManager: Shutting down and abandoning module AndroidMediaEditor (422)
[2023.12.26-06.35.07:292][178]LogModuleManager: Shutting down and abandoning module CharacterAI (420)
[2023.12.26-06.35.07:292][178]LogModuleManager: Shutting down and abandoning module AudioCapture (418)
[2023.12.26-06.35.07:292][178]LogModuleManager: Shutting down and abandoning module SequenceRecorder (417)
[2023.12.26-06.35.07:292][178]LogModuleManager: Shutting down and abandoning module SmartSnapping (414)
[2023.12.26-06.35.07:292][178]LogModuleManager: Shutting down and abandoning module SessionServices (412)
[2023.12.26-06.35.07:292][178]LogModuleManager: Shutting down and abandoning module ViewportSnapping (410)
[2023.12.26-06.35.07:292][178]LogModuleManager: Shutting down and abandoning module ViewportInteraction (408)
[2023.12.26-06.35.07:292][178]LogModuleManager: Shutting down and abandoning module LogVisualizer (406)
[2023.12.26-06.35.07:292][178]LogModuleManager: Shutting down and abandoning module IntroTutorials (404)
[2023.12.26-06.35.07:293][178]LogModuleManager: Shutting down and abandoning module GameProjectGeneration (403)
[2023.12.26-06.35.07:293][178]LogModuleManager: Shutting down and abandoning module EditorLiveStreaming (400)
[2023.12.26-06.35.07:293][178]LogModuleManager: Shutting down and abandoning module IOSPlatformEditor (398)
[2023.12.26-06.35.07:293][178]LogModuleManager: Shutting down and abandoning module HTML5PlatformEditor (396)
[2023.12.26-06.35.07:293][178]LogModuleManager: Shutting down and abandoning module AndroidPlatformEditor (394)
[2023.12.26-06.35.07:293][178]LogModuleManager: Shutting down and abandoning module AndroidDeviceDetection (393)
[2023.12.26-06.35.08:122][178]LogModuleManager: Shutting down and abandoning module IOSRuntimeSettings (390)
[2023.12.26-06.35.08:122][178]LogModuleManager: Shutting down and abandoning module AndroidRuntimeSettings (388)
[2023.12.26-06.35.08:122][178]LogModuleManager: Shutting down and abandoning module InputBindingEditor (386)
[2023.12.26-06.35.08:123][178]LogModuleManager: Shutting down and abandoning module NiagaraEditor (384)
[2023.12.26-06.35.08:123][178]LogModuleManager: Shutting down and abandoning module MergeActors (382)
[2023.12.26-06.35.08:123][178]LogModuleManager: Shutting down and abandoning module SizeMap (380)
[2023.12.26-06.35.08:123][178]LogModuleManager: Shutting down and abandoning module TreeMap (378)
[2023.12.26-06.35.08:123][178]LogModuleManager: Shutting down and abandoning module ReferenceViewer (376)
[2023.12.26-06.35.08:123][178]LogModuleManager: Shutting down and abandoning module LocalizationDashboard (374)
[2023.12.26-06.35.08:123][178]LogModuleManager: Shutting down and abandoning module LocalizationService (373)
[2023.12.26-06.35.08:123][178]LogModuleManager: Shutting down and abandoning module HardwareTargeting (370)
[2023.12.26-06.35.08:123][178]LogModuleManager: Shutting down and abandoning module DeviceProfileEditor (368)
[2023.12.26-06.35.08:123][178]LogModuleManager: Shutting down and abandoning module UndoHistory (366)
[2023.12.26-06.35.08:123][178]LogModuleManager: Shutting down and abandoning module UserFeedback (364)
[2023.12.26-06.35.08:123][178]LogModuleManager: Shutting down and abandoning module XmlParser (362)
[2023.12.26-06.35.08:123][178]LogModuleManager: Shutting down and abandoning module Blutility (360)
[2023.12.26-06.35.08:123][178]LogModuleManager: Shutting down and abandoning module ProjectSettingsViewer (358)
[2023.12.26-06.35.08:123][178]LogModuleManager: Shutting down and abandoning module ProjectTargetPlatformEditor (357)
[2023.12.26-06.35.08:123][178]LogModuleManager: Shutting down and abandoning module EditorSettingsViewer (354)
[2023.12.26-06.35.08:123][178]LogModuleManager: Shutting down and abandoning module SettingsEditor (352)
[2023.12.26-06.35.08:123][178]LogModuleManager: Shutting down and abandoning module ProjectLauncher (350)
[2023.12.26-06.35.08:123][178]LogModuleManager: Shutting down and abandoning module SessionFrontend (348)
[2023.12.26-06.35.08:123][178]LogModuleManager: Shutting down and abandoning module ProfilerClient (346)
[2023.12.26-06.35.08:123][178]LogModuleManager: Shutting down and abandoning module DeviceManager (344)
[2023.12.26-06.35.08:123][178]LogModuleManager: Shutting down and abandoning module TargetDeviceServices (343)
[2023.12.26-06.35.08:168][178]LogModuleManager: Shutting down and abandoning module AutomationController (340)
[2023.12.26-06.35.08:168][178]LogModuleManager: Shutting down and abandoning module AutomationWindow (338)
[2023.12.26-06.35.08:168][178]LogModuleManager: Shutting down and abandoning module Layers (336)
[2023.12.26-06.35.08:168][178]LogModuleManager: Shutting down and abandoning module ComponentVisualizers (334)
[2023.12.26-06.35.08:168][178]LogModuleManager: Shutting down and abandoning module DetailCustomizations (332)
[2023.12.26-06.35.08:168][178]LogModuleManager: Shutting down and abandoning module PackagesDialog (330)
[2023.12.26-06.35.08:168][178]LogModuleManager: Shutting down and abandoning module Persona (328)
[2023.12.26-06.35.08:168][178]LogModuleManager: Shutting down and abandoning module AnimGraph (327)
[2023.12.26-06.35.08:168][178]LogModuleManager: Shutting down and abandoning module Kismet (324)
[2023.12.26-06.35.08:175][178]LogModuleManager: Shutting down and abandoning module GraphEditor (322)
[2023.12.26-06.35.08:175][178]LogModuleManager: Shutting down and abandoning module ClassViewer (320)
[2023.12.26-06.35.08:176][178]LogModuleManager: Shutting down and abandoning module Toolbox (318)
[2023.12.26-06.35.08:176][178]LogModuleManager: Shutting down and abandoning module ModuleUI (316)
[2023.12.26-06.35.08:176][178]LogModuleManager: Shutting down and abandoning module MovieSceneTools (314)
[2023.12.26-06.35.08:176][178]LogModuleManager: Shutting down and abandoning module OutputLog (312)
[2023.12.26-06.35.08:176][178]LogModuleManager: Shutting down and abandoning module GammaUI (310)
[2023.12.26-06.35.08:176][178]LogModuleManager: Shutting down and abandoning module Documentation (308)
[2023.12.26-06.35.08:176][178]LogModuleManager: Shutting down and abandoning module Niagara (306)
[2023.12.26-06.35.08:176][178]LogModuleManager: Shutting down and abandoning module StreamingPauseRendering (304)
[2023.12.26-06.35.08:176][178]LogModuleManager: Shutting down and abandoning module AnalyticsET (302)
[2023.12.26-06.35.08:176][178]LogModuleManager: Shutting down and abandoning module PortalServices (300)
[2023.12.26-06.35.08:176][178]LogModuleManager: Shutting down and abandoning module PortalRpc (298)
[2023.12.26-06.35.08:176][178]LogModuleManager: Shutting down and abandoning module MessagingRpc (296)
[2023.12.26-06.35.08:176][178]LogModuleManager: Shutting down and abandoning module AIModule (294)
[2023.12.26-06.35.08:176][178]LogModuleManager: Shutting down and abandoning module GameplayDebugger (293)
[2023.12.26-06.35.08:176][178]LogModuleManager: Shutting down and abandoning module AITestSuite (291)
[2023.12.26-06.35.08:176][178]LogModuleManager: Shutting down and abandoning module ProfilerService (288)
[2023.12.26-06.35.08:318][178]LogModuleManager: Shutting down and abandoning module TaskGraph (286)
[2023.12.26-06.35.08:318][178]LogModuleManager: Shutting down and abandoning module SteamVRController (284)
[2023.12.26-06.35.08:318][178]LogModuleManager: Shutting down and abandoning module SteamVR (282)
[2023.12.26-06.35.08:318][178]LogModuleManager: Shutting down and abandoning module ProceduralMeshComponentEditor (280)
[2023.12.26-06.35.08:318][178]LogModuleManager: Shutting down and abandoning module ProceduralMeshComponent (278)
[2023.12.26-06.35.08:318][178]LogModuleManager: Shutting down and abandoning module OculusLibrary (276)
[2023.12.26-06.35.08:318][178]LogModuleManager: Shutting down and abandoning module OculusInput (274)
[2023.12.26-06.35.08:318][178]LogModuleManager: Shutting down and abandoning module MobilePatchingUtils (272)
[2023.12.26-06.35.08:318][178]LogModuleManager: Shutting down and abandoning module CustomMeshComponent (270)
[2023.12.26-06.35.08:318][178]LogModuleManager: Shutting down and abandoning module CableComponent (268)
[2023.12.26-06.35.08:318][178]LogModuleManager: Shutting down and abandoning module ArchVisCharacter (266)
[2023.12.26-06.35.08:318][178]LogModuleManager: Shutting down and abandoning module MediaPlayerEditor (262)
[2023.12.26-06.35.08:318][178]LogModuleManager: Shutting down and abandoning module HTML5Networking (260)
[2023.12.26-06.35.08:318][178]LogModuleManager: Shutting down and abandoning module AlembicImporter (258)
[2023.12.26-06.35.08:318][178]LogModuleManager: Shutting down and abandoning module AlembicLibrary (257)
[2023.12.26-06.35.08:318][178]LogModuleManager: Shutting down and abandoning module GeometryCache (256)
[2023.12.26-06.35.08:318][178]LogModuleManager: Shutting down and abandoning module GeometryCacheEd (255)
[2023.12.26-06.35.08:318][178]LogModuleManager: Shutting down and abandoning module SuperSearchEditor (250)
[2023.12.26-06.35.08:318][178]LogModuleManager: Shutting down and abandoning module SuperSearch (249)
[2023.12.26-06.35.08:319][178]LogModuleManager: Shutting down and abandoning module SpeedTreeImporter (246)
[2023.12.26-06.35.08:319][178]LogModuleManager: Shutting down and abandoning module PluginBrowser (244)
[2023.12.26-06.35.08:319][178]LogModuleManager: Shutting down and abandoning module MobileLauncherProfileWizard (242)
[2023.12.26-06.35.08:319][178]LogModuleManager: Shutting down and abandoning module EpicSurvey (240)
[2023.12.26-06.35.08:319][178]LogModuleManager: Shutting down and abandoning module VisualStudioSourceCodeAccess (238)
[2023.12.26-06.35.08:319][178]LogModuleManager: Shutting down and abandoning module DesktopPlatform (237)
[2023.12.26-06.35.08:319][178]LogModuleManager: Shutting down and abandoning module UObjectPlugin (234)
[2023.12.26-06.35.08:319][178]LogModuleManager: Shutting down and abandoning module SubversionSourceControl (232)
[2023.12.26-06.35.08:319][178]LogModuleManager: Shutting down and abandoning module PerforceSourceControl (230)
[2023.12.26-06.35.08:319][178]LogModuleManager: Shutting down and abandoning module GitSourceControl (228)
[2023.12.26-06.35.08:319][178]LogModuleManager: Shutting down and abandoning module SourceControl (227)
[2023.12.26-06.35.08:319][178]LogModuleManager: Shutting down and abandoning module LightPropagationVolumeEditor (224)
[2023.12.26-06.35.08:319][178]LogModuleManager: Shutting down and abandoning module PaperTiledImporter (222)
[2023.12.26-06.35.08:319][178]LogModuleManager: Shutting down and abandoning module PaperSpriteSheetImporter (220)
[2023.12.26-06.35.08:319][178]LogModuleManager: Shutting down and abandoning module Paper2DEditor (218)
[2023.12.26-06.35.08:319][178]LogModuleManager: Shutting down and abandoning module MeshPaint (217)
[2023.12.26-06.35.08:319][178]LogModuleManager: Shutting down and abandoning module LevelEditor (215)
[2023.12.26-06.35.08:320][178]LogModuleManager: Shutting down and abandoning module PixelInspectorModule (214)
[2023.12.26-06.35.08:320][178]LogModuleManager: Shutting down and abandoning module MainFrame (212)
[2023.12.26-06.35.08:320][178]LogModuleManager: Shutting down and abandoning module HotReload (211)
[2023.12.26-06.35.08:320][178]LogModuleManager: Shutting down and abandoning module ContentBrowser (207)
[2023.12.26-06.35.08:321][178]LogModuleManager: Shutting down and abandoning module PhysXVehiclesEditor (204)
[2023.12.26-06.35.08:321][178]LogModuleManager: Shutting down and abandoning module PhysXVehicles (202)
[2023.12.26-06.35.08:321][178]LogModuleManager: Shutting down and abandoning module LocationServicesBPLibrary (200)
[2023.12.26-06.35.08:321][178]LogModuleManager: Shutting down and abandoning module UdpMessaging (198)
[2023.12.26-06.35.08:422][178]LogModuleManager: Shutting down and abandoning module TcpMessaging (196)
[2023.12.26-06.35.08:523][178]LogModuleManager: Shutting down and abandoning module GameplayTagsEditor (194)
[2023.12.26-06.35.08:523][178]LogModuleManager: Shutting down and abandoning module FacialAnimationEditor (192)
[2023.12.26-06.35.08:523][178]LogModuleManager: Shutting down and abandoning module FacialAnimation (190)
[2023.12.26-06.35.08:523][178]LogModuleManager: Shutting down and abandoning module LightPropagationVolumeRuntime (188)
[2023.12.26-06.35.08:523][178]LogModuleManager: Shutting down and abandoning module Paper2D (186)
[2023.12.26-06.35.08:523][178]LogModuleManager: Shutting down and abandoning module WindowsMoviePlayer (184)
[2023.12.26-06.35.08:523][178]LogModuleManager: Shutting down and abandoning module WmfMedia (182)
[2023.12.26-06.35.08:524][178]LogModuleManager: Shutting down and abandoning module MfMedia (180)
[2023.12.26-06.35.08:524][178]LogModuleManager: Shutting down and abandoning module MediaAssets (178)
[2023.12.26-06.35.08:524][178]LogModuleManager: Shutting down and abandoning module GameLiveStreaming (176)
[2023.12.26-06.35.08:524][178]LogModuleManager: Shutting down and abandoning module VREditor (174)
[2023.12.26-06.35.08:524][178]LogModuleManager: Shutting down and abandoning module GameplayTasksEditor (172)
[2023.12.26-06.35.08:524][178]LogModuleManager: Shutting down and abandoning module BehaviorTreeEditor (170)
[2023.12.26-06.35.08:524][178]LogModuleManager: Shutting down and abandoning module FunctionalTesting (168)
[2023.12.26-06.35.08:524][178]LogModuleManager: Shutting down and abandoning module CollisionAnalyzer (166)
[2023.12.26-06.35.08:524][178]LogModuleManager: Shutting down and abandoning module UMG (164)
[2023.12.26-06.35.08:524][178]LogModuleManager: Shutting down and abandoning module UMGEditor (163)
[2023.12.26-06.35.08:524][178]LogModuleManager: Shutting down and abandoning module Sequencer (162)
[2023.12.26-06.35.08:524][178]LogModuleManager: Shutting down and abandoning module AssetTools (160)
[2023.12.26-06.35.08:524][178]LogModuleManager: Shutting down and abandoning module MessageLog (159)
[2023.12.26-06.35.08:524][178]LogModuleManager: Shutting down and abandoning module WorkspaceMenuStructure (158)
[2023.12.26-06.35.08:524][178]LogModuleManager: Shutting down and abandoning module SlateReflector (152)
[2023.12.26-06.35.08:524][178]LogModuleManager: Shutting down and abandoning module Slate (150)
[2023.12.26-06.35.08:524][178]LogModuleManager: Shutting down and abandoning module EditorStyle (148)
[2023.12.26-06.35.08:527][178]LogModuleManager: Shutting down and abandoning module SourceCodeAccess (146)
[2023.12.26-06.35.08:527][178]LogModuleManager: Shutting down and abandoning module HeadMountedDisplay (144)
[2023.12.26-06.35.08:527][178]LogModuleManager: Shutting down and abandoning module XAudio2 (142)
[2023.12.26-06.35.08:527][178]LogModuleManager: Shutting down and abandoning module Networking (140)
[2023.12.26-06.35.08:527][178]LogModuleManager: Shutting down and abandoning module Core (136)
[2023.12.26-06.35.08:527][178]LogModuleManager: Shutting down and abandoning module AssetRegistry (134)
[2023.12.26-06.35.08:606][178]LogDirectoryWatcher: A directory notification for '../../../Engine/Content/' was aborted.
[2023.12.26-06.35.08:607][178]LogDirectoryWatcher: A directory notification for '../../../../../Users/MelchioT/Documents/workUnrealEngine4/MotorUnreal4B/Content/' was aborted.
[2023.12.26-06.35.08:607][178]LogDirectoryWatcher: A directory notification for '../../../Engine/Plugins/2D/Paper2D/Content/' was aborted.
[2023.12.26-06.35.08:607][178]LogModuleManager: Shutting down and abandoning module DirectoryWatcher (133)
[2023.12.26-06.35.08:607][178]LogModuleManager: Shutting down and abandoning module KismetCompiler (130)
[2023.12.26-06.35.08:607][178]LogModuleManager: Shutting down and abandoning module PhysXFormats (128)
[2023.12.26-06.35.08:607][178]LogModuleManager: Shutting down and abandoning module MeshUtilities (126)
[2023.12.26-06.35.08:607][178]LogModuleManager: Shutting down and abandoning module QuadricMeshReduction (125)
[2023.12.26-06.35.08:607][178]LogModuleManager: Shutting down and abandoning module PropertyEditor (123)
[2023.12.26-06.35.08:607][178]LogModuleManager: Shutting down and abandoning module DerivedDataCache (120)
[2023.12.26-06.35.08:690][178]LogDerivedDataCache: Shutdown
[2023.12.26-06.35.08:690][178]LogModuleManager: Shutting down and abandoning module TargetPlatform (118)
[2023.12.26-06.35.08:690][178]LogModuleManager: Shutting down and abandoning module VulkanShaderFormat (117)
[2023.12.26-06.35.08:690][178]LogModuleManager: Shutting down and abandoning module MetalShaderFormat (115)
[2023.12.26-06.35.08:690][178]LogModuleManager: Shutting down and abandoning module ShaderFormatD3D (113)
[2023.12.26-06.35.08:690][178]LogModuleManager: Shutting down and abandoning module ShaderFormatOpenGL (111)
[2023.12.26-06.35.08:690][178]LogModuleManager: Shutting down and abandoning module TextureFormatUncompressed (109)
[2023.12.26-06.35.08:690][178]LogModuleManager: Shutting down and abandoning module TextureFormatASTC (107)
[2023.12.26-06.35.08:690][178]LogModuleManager: Shutting down and abandoning module ImageWrapper (106)
[2023.12.26-06.35.08:690][178]LogModuleManager: Shutting down and abandoning module TextureFormatPVR (103)
[2023.12.26-06.35.08:690][178]LogModuleManager: Shutting down and abandoning module TextureFormatDXT (101)
[2023.12.26-06.35.08:690][178]LogModuleManager: Shutting down and abandoning module TextureFormatIntelISPCTexComp (99)
[2023.12.26-06.35.08:690][178]LogModuleManager: Shutting down and abandoning module AudioFormatOpus (97)
[2023.12.26-06.35.08:690][178]LogModuleManager: Shutting down and abandoning module AudioFormatOgg (95)
[2023.12.26-06.35.08:690][178]LogModuleManager: Shutting down and abandoning module AudioFormatADPCM (93)
[2023.12.26-06.35.08:690][178]LogModuleManager: Shutting down and abandoning module TVOSTargetPlatform (91)
[2023.12.26-06.35.08:690][178]LogModuleManager: Shutting down and abandoning module Messaging (89)
[2023.12.26-06.35.08:690][178]LogModuleManager: Shutting down and abandoning module IOSTargetPlatform (87)
[2023.12.26-06.35.08:690][178]LogModuleManager: Shutting down and abandoning module HTML5TargetPlatform (85)
[2023.12.26-06.35.08:690][178]LogModuleManager: Shutting down and abandoning module Android_MultiTargetPlatform (83)
[2023.12.26-06.35.08:690][178]LogModuleManager: Shutting down and abandoning module Android_ASTCTargetPlatform (81)
[2023.12.26-06.35.08:690][178]LogModuleManager: Shutting down and abandoning module Android_ETC2TargetPlatform (79)
[2023.12.26-06.35.08:690][178]LogModuleManager: Shutting down and abandoning module Android_ETC1TargetPlatform (77)
[2023.12.26-06.35.08:690][178]LogModuleManager: Shutting down and abandoning module Android_DXTTargetPlatform (75)
[2023.12.26-06.35.08:690][178]LogModuleManager: Shutting down and abandoning module Android_ATCTargetPlatform (73)
[2023.12.26-06.35.08:690][178]LogModuleManager: Shutting down and abandoning module Android_PVRTCTargetPlatform (71)
[2023.12.26-06.35.08:690][178]LogModuleManager: Shutting down and abandoning module AndroidTargetPlatform (69)
[2023.12.26-06.35.08:690][178]LogModuleManager: Shutting down and abandoning module AllDesktopTargetPlatform (67)
[2023.12.26-06.35.08:690][178]LogModuleManager: Shutting down and abandoning module WindowsClientTargetPlatform (65)
[2023.12.26-06.35.08:690][178]LogModuleManager: Shutting down and abandoning module WindowsServerTargetPlatform (63)
[2023.12.26-06.35.08:690][178]LogModuleManager: Shutting down and abandoning module WindowsNoEditorTargetPlatform (61)
[2023.12.26-06.35.08:690][178]LogModuleManager: Shutting down and abandoning module WindowsTargetPlatform (59)
[2023.12.26-06.35.08:691][178]LogModuleManager: Shutting down and abandoning module MacClientTargetPlatform (57)
[2023.12.26-06.35.08:691][178]LogModuleManager: Shutting down and abandoning module MacServerTargetPlatform (55)
[2023.12.26-06.35.08:691][178]LogModuleManager: Shutting down and abandoning module MacNoEditorTargetPlatform (53)
[2023.12.26-06.35.08:691][178]LogModuleManager: Shutting down and abandoning module MacTargetPlatform (51)
[2023.12.26-06.35.08:691][178]LogModuleManager: Shutting down and abandoning module InputCore (48)
[2023.12.26-06.35.08:691][178]LogModuleManager: Shutting down and abandoning module Settings (46)
[2023.12.26-06.35.08:691][178]LogModuleManager: Shutting down and abandoning module OculusRift (44)
[2023.12.26-06.35.08:691][178]LogModuleManager: Shutting down and abandoning module ExampleDeviceProfileSelector (42)
[2023.12.26-06.35.08:691][178]LogModuleManager: Shutting down and abandoning module OnlineBlueprintSupport (40)
[2023.12.26-06.35.08:691][178]LogModuleManager: Shutting down and abandoning module OnlineSubsystem (36)
[2023.12.26-06.35.08:691][178]LogOnline:Display: Unloading online subsystem: NULL
[2023.12.26-06.35.08:691][178]LogModuleManager: Shutting down and abandoning module HTTP (35)
[2023.12.26-06.35.08:691][178]LogHttp:Display: Http module shutting down, but needs to wait on 1 outstanding Http requests:
[2023.12.26-06.35.08:691][178]LogHttp:Display: 	verb=[POST] url=[https://datarouter.ol.epicgames.com/datarouter/api/v1/public/data?SessionID=%7B2841FEDF-44E7-AF63-8F1C-5DBBDAA61DD0%7D&AppID=UEEditor.UnrealEngine.Release&AppVersion=4.15.0-0%2B%2B%2BUE4%2BRelease-4.15&UserID=aa7ec4a94460bf88f1f872b01bef9583%7C8cfcda83180144cdb9bb2bc7d773924e%7C775b68d6-d1f3-44da-96ce-dab51d83f808&AppEnvironment=datacollector-source&UploadType=eteventstream] status=Processing
[2023.12.26-06.35.08:724][178]LogModuleManager: Shutting down and abandoning module SSL (34)
[2023.12.26-06.35.08:725][178]LogModuleManager: Shutting down and abandoning module AudioEditor (30)
[2023.12.26-06.35.08:725][178]LogModuleManager: Shutting down and abandoning module TextureCompressor (28)
[2023.12.26-06.35.08:725][178]LogModuleManager: Shutting down and abandoning module ShaderCore (26)
[2023.12.26-06.35.08:725][178]LogModuleManager: Shutting down and abandoning module Landscape (24)
[2023.12.26-06.35.08:725][178]LogModuleManager: Shutting down and abandoning module SlateRHIRenderer (22)
[2023.12.26-06.35.08:727][178]LogModuleManager: Shutting down and abandoning module OpenGLDrv (20)
[2023.12.26-06.35.08:727][178]LogModuleManager: Shutting down and abandoning module D3D11RHI (18)
[2023.12.26-06.35.08:727][178]LogModuleManager: Shutting down and abandoning module AnimGraphRuntime (16)
[2023.12.26-06.35.08:727][178]LogModuleManager: Shutting down and abandoning module Renderer (14)
[2023.12.26-06.35.08:727][178]LogModuleManager: Shutting down and abandoning module Engine (12)
[2023.12.26-06.35.08:727][178]LogModuleManager: Shutting down and abandoning module CoreUObject (10)
[2023.12.26-06.35.08:727][178]LogModuleManager: Shutting down and abandoning module NetworkFile (8)
[2023.12.26-06.35.08:727][178]LogModuleManager: Shutting down and abandoning module StreamingFile (6)
[2023.12.26-06.35.08:727][178]LogModuleManager: Shutting down and abandoning module SandboxFile (4)
[2023.12.26-06.35.08:727][178]LogModuleManager: Shutting down and abandoning module PakFile (2)
[2023.12.26-06.35.08:730][178]LogExit: Exiting.
[2023.12.26-06.35.08:736][178]Log file closed, 12/26/23 03:35:08
