Log file open, 12/28/23 09:21:19
LogInit:Display: Running engine for game: MotorUnreal4B
LogPlatformFile: Not using cached read wrapper
LogInit:Display: RandInit(782172191) SRandInit(782172191).
LogInit: Using version manifest at CL 0 with build ID '5af06b4c-3232-42c8-80e0-46572b4b0bc8'
LogTaskGraph: Started task graph with 5 named threads and 10 total threads with 1 sets of task threads.
LogStats: Stats thread started at 0.145640
LogInit: Using libcurl 7.47.1
LogInit:  - built for x86_64-pc-win32
LogInit:  - supports SSL with OpenSSL/1.0.2g
LogInit:  - supports HTTP deflate (compression) using libz 1.2.8
LogInit:  - other features:
LogInit:      CURL_VERSION_SSL
LogInit:      CURL_VERSION_LIBZ
LogInit:      CURL_VERSION_IPV6
LogInit:      CURL_VERSION_ASYNCHDNS
LogInit:      CURL_VERSION_LARGEFILE
LogInit:      CURL_VERSION_IDN
LogInit:  CurlRequestOptions (configurable via config and command line):
LogInit:  - bVerifyPeer = false  - Libcurl will NOT verify peer certificate
LogInit:  - bUseHttpProxy = false  - Libcurl will NOT use HTTP proxy
LogInit:  - bDontReuseConnections = false  - Libcurl will reuse connections
LogInit:  - CertBundlePath = nullptr  - Libcurl will use whatever was configured at build time.
LogInit: Build: ++UE4+Release-4.15-CL-0
LogInit: Engine Version: 4.15.0-0+++UE4+Release-4.15
LogInit: Compatible Engine Version: 4.15.0-0+++UE4+Release-4.15
LogInit: Net CL: 0
LogDevObjectVersion: Number of dev versions registered: 14
LogDevObjectVersion:   Dev-Blueprints (B0D832E4-1F89-4F0D-ACCF-7EB736FD4AA2): 8
LogDevObjectVersion:   Dev-Build (E1C64328-A22C-4D53-A36C-8E866417BD8C): 0
LogDevObjectVersion:   Dev-Core (375EC13C-06E4-48FB-B500-84F0262A717E): 2
LogDevObjectVersion:   Dev-Editor (E4B068ED-F494-42E9-A231-DA0B2E46BB41): 14
LogDevObjectVersion:   Dev-Framework (CFFC743F-43B0-4480-9391-14DF171D2073): 22
LogDevObjectVersion:   Dev-Mobile (B02B49B5-BB20-44E9-A304-32B752E40360): 0
LogDevObjectVersion:   Dev-Networking (A4E4105C-59A1-49B5-A7C5-40C4547EDFEE): 0
LogDevObjectVersion:   Dev-Online (39C831C9-5AE6-47DC-9A44-9C173E1C8E7C): 0
LogDevObjectVersion:   Dev-Physics (78F01B33-EBEA-4F98-B9B4-84EACCB95AA2): 0
LogDevObjectVersion:   Dev-Platform (6631380F-2D4D-43E0-8009-CF276956A95A): 0
LogDevObjectVersion:   Dev-Rendering (12F88B9F-8875-4AFC-A67C-D90C383ABD29): 12
LogDevObjectVersion:   Dev-Sequencer (7B5AE74C-D270-4C10-A958-57980B212A5A): 3
LogDevObjectVersion:   Dev-VR (D7296918-1DD6-4BDD-9DE2-64A83CC13884): 0
LogDevObjectVersion:   Dev-LoadTimes (C2A15278-BFE7-4AFE-6C17-90FF531DF755): 1
LogInit: Compiled (64-bit): Apr  2 2023 09:25:01
LogInit: Compiled with Visual C++: 19.00.24210.00
LogInit: Build Configuration: Development
LogInit: Branch Name: ++UE4+Release-4.15
LogInit: Command line: 
LogInit: Base directory: C:/Program Files/Unreal Engine 4 (4.15.0)/Engine/Binaries/Win64/
LogInit: Installed Engine Build: 0
LogInit: Presizing for max 8388607 objects, including 0 objects not considered by GC, pre-allocating 0 bytes for permanent pool.
LogInit: Object subsystem initialized
[2023.12.28-12.21.19:529][  0]LogInit: Selected Device Profile: [Windows]
[2023.12.28-12.21.19:529][  0]LogInit: Applying CVar settings loaded from the selected device profile: [Windows]
[2023.12.28-12.21.19:546][  0]LogInit: Computer: DESKTOP-GOSDJOG
[2023.12.28-12.21.19:546][  0]LogInit: User: MelchioT
[2023.12.28-12.21.19:546][  0]LogInit: CPU Page size=65536, Cores=6
[2023.12.28-12.21.19:546][  0]LogInit: High frequency timer resolution =10.000000 MHz
[2023.12.28-12.21.19:546][  0]LogMemory: Memory total: Physical=31.2GB (32GB approx)
[2023.12.28-12.21.19:546][  0]LogMemory: Platform Memory Stats for Windows
[2023.12.28-12.21.19:546][  0]LogMemory: Process Physical Memory: 265.14 MB used, 265.14 MB peak
[2023.12.28-12.21.19:546][  0]LogMemory: Process Virtual Memory: 259.40 MB used, 259.40 MB peak
[2023.12.28-12.21.19:546][  0]LogMemory: Physical Memory: 8932.23 MB used,  23043.45 MB free, 31975.68 MB total
[2023.12.28-12.21.19:546][  0]LogMemory: Virtual Memory: 4751.31 MB used,  23043.45 MB free, 134217728.00 MB total
[2023.12.28-12.21.19:661][  0]LogInit: Overriding culture en with editor configuration.
[2023.12.28-12.21.20:443][  0]LogD3D11RHI: D3D11 adapters:
[2023.12.28-12.21.20:492][  0]LogD3D11RHI:    0. 'AMD Radeon(TM) Graphics' (Feature Level 11_0)
[2023.12.28-12.21.20:492][  0]LogD3D11RHI:       495/0/15987 MB DedicatedVideo/DedicatedSystem/SharedSystem, Outputs:1, VendorId:0x1002
[2023.12.28-12.21.20:495][  0]LogD3D11RHI:    1. 'Microsoft Basic Render Driver' (Feature Level 11_0)
[2023.12.28-12.21.20:495][  0]LogD3D11RHI:       0/0/15987 MB DedicatedVideo/DedicatedSystem/SharedSystem, Outputs:0, VendorId:0x1414
[2023.12.28-12.21.20:495][  0]LogD3D11RHI: Chosen D3D11 Adapter: 0
[2023.12.28-12.21.20:506][  0]LogD3D11RHI: Creating new Direct3DDevice
[2023.12.28-12.21.20:507][  0]LogD3D11RHI:     GPU DeviceId: 0x1636 (for the marketing name, search the web for "GPU Device Id")
[2023.12.28-12.21.20:507][  0]LogWindows: EnumDisplayDevices:
[2023.12.28-12.21.20:507][  0]LogWindows:    0. 'AMD Radeon(TM) Graphics' (P:1 D:1)
[2023.12.28-12.21.20:507][  0]LogWindows:    1. 'AMD Radeon(TM) Graphics' (P:0 D:0)
[2023.12.28-12.21.20:507][  0]LogWindows:    2. 'AMD Radeon(TM) Graphics' (P:0 D:0)
[2023.12.28-12.21.20:507][  0]LogWindows:    3. 'AMD Radeon(TM) Graphics' (P:0 D:0)
[2023.12.28-12.21.20:507][  0]LogWindows:    4. 'AMD Radeon(TM) Graphics' (P:0 D:0)
[2023.12.28-12.21.20:508][  0]LogWindows: DebugString: GetVideoDriverDetailsInvalid PrimaryIsNotTheChoosenAdapter GetVideoDriverDetailsInvalid PrimaryIsNotTheChoosenAdapter GetVideoDriverDetailsInvalid PrimaryIsNotTheChoosenAdapter GetVideoDriverDetailsInvalid PrimaryIsNotTheChoosenAdapter GetVideoDriverDetailsInvalid PrimaryIsNotTheChoosenAdapter FoundDriverCount:0 
[2023.12.28-12.21.20:508][  0]LogD3D11RHI:     Adapter Name: AMD Radeon(TM) Graphics
[2023.12.28-12.21.20:508][  0]LogD3D11RHI:   Driver Version: Unknown (internal:Unknown, unified:Unknown)
[2023.12.28-12.21.20:508][  0]LogD3D11RHI:      Driver Date: Unknown
[2023.12.28-12.21.20:508][  0]LogRHI: Texture pool is 347 MB (70% of 495 MB)
[2023.12.28-12.21.20:560][  0]LogD3D11RHI: Async texture creation enabled
[2023.12.28-12.21.20:575][  0]LogD3D11RHI: GPU Timing Frequency: 100.000000 (Debug: 2 1)
[2023.12.28-12.21.20:577][  0]LogShaderCompilers: Guid format shader working directory is -23 characters bigger than the processId version (../../../../../Users/MelchioT/Documents/workUnrealEngine4/MotorUnreal4B/Intermediate/Shaders/WorkingDirectory/18628/).
[2023.12.28-12.21.20:577][  0]LogShaderCompilers: Cleaned the shader compiler working directory 'C:/Users/MelchioT/AppData/Local/Temp/UnrealShaderWorkingDir/43931F3B4B2753FC0B7014B3B8EF8E82/'.
[2023.12.28-12.21.20:577][  0]LogShaderCompilers:Display: Using Local Shader Compiler.
[2023.12.28-12.21.21:569][  0]LogTemp:Display: Loaded TP MacTargetPlatform
[2023.12.28-12.21.21:631][  0]LogTemp:Display: Loaded TP MacNoEditorTargetPlatform
[2023.12.28-12.21.21:695][  0]LogTemp:Display: Loaded TP MacServerTargetPlatform
[2023.12.28-12.21.21:757][  0]LogTemp:Display: Loaded TP MacClientTargetPlatform
[2023.12.28-12.21.21:827][  0]LogTemp:Display: Loaded TP WindowsTargetPlatform
[2023.12.28-12.21.21:895][  0]LogTemp:Display: Loaded TP WindowsNoEditorTargetPlatform
[2023.12.28-12.21.21:953][  0]LogTemp:Display: Loaded TP WindowsServerTargetPlatform
[2023.12.28-12.21.22:015][  0]LogTemp:Display: Loaded TP WindowsClientTargetPlatform
[2023.12.28-12.21.22:065][  0]LogTemp:Display: Loaded TP AllDesktopTargetPlatform
[2023.12.28-12.21.22:124][  0]LogTemp:Display: Loaded TP AndroidTargetPlatform
[2023.12.28-12.21.22:198][  0]LogTemp:Display: Loaded TP Android_PVRTCTargetPlatform
[2023.12.28-12.21.22:252][  0]LogTemp:Display: Loaded TP Android_ATCTargetPlatform
[2023.12.28-12.21.22:325][  0]LogTemp:Display: Loaded TP Android_DXTTargetPlatform
[2023.12.28-12.21.22:388][  0]LogTemp:Display: Loaded TP Android_ETC1TargetPlatform
[2023.12.28-12.21.22:447][  0]LogTemp:Display: Loaded TP Android_ETC2TargetPlatform
[2023.12.28-12.21.22:498][  0]LogTemp:Display: Loaded TP Android_ASTCTargetPlatform
[2023.12.28-12.21.22:554][  0]LogTemp:Display: Loaded TP Android_MultiTargetPlatform
[2023.12.28-12.21.22:596][  0]LogTemp:Display: Loaded TP HTML5TargetPlatform
[2023.12.28-12.21.22:705][  0]LogTemp:Display: Loaded TP IOSTargetPlatform
[2023.12.28-12.21.22:744][  0]LogTemp:Display: Loaded TP TVOSTargetPlatform
[2023.12.28-12.21.22:744][  0]LogTargetPlatformManager:Display: Building Assets For Windows
[2023.12.28-12.21.23:312][  0]LogDerivedDataCache:Display: Max Cache Size: 512 MB
[2023.12.28-12.21.23:374][  0]LogDerivedDataCache: Loaded boot cache 0.06s 50MB ../../../../../Users/MelchioT/Documents/workUnrealEngine4/MotorUnreal4B/DerivedDataCache/Boot.ddc.
[2023.12.28-12.21.23:374][  0]LogDerivedDataCache:Display: Loaded Boot cache: ../../../../../Users/MelchioT/Documents/workUnrealEngine4/MotorUnreal4B/DerivedDataCache/Boot.ddc
[2023.12.28-12.21.23:375][  0]LogDerivedDataCache: FDerivedDataBackendGraph:  Pak pak cache file ../../../../../Users/MelchioT/Documents/workUnrealEngine4/MotorUnreal4B/DerivedDataCache/DDC.ddp not found, will not use a pak cache.
[2023.12.28-12.21.23:375][  0]LogDerivedDataCache: Unable to find inner node Pak for hierarchical cache Hierarchy.
[2023.12.28-12.21.23:375][  0]LogDerivedDataCache: FDerivedDataBackendGraph:  EnginePak pak cache file ../../../Engine/DerivedDataCache/DDC.ddp not found, will not use a pak cache.
[2023.12.28-12.21.23:375][  0]LogDerivedDataCache: Unable to find inner node EnginePak for hierarchical cache Hierarchy.
[2023.12.28-12.21.23:387][  0]LogDerivedDataCache: Using Local data cache path ../../../Engine/DerivedDataCache: Writable
[2023.12.28-12.21.23:387][  0]LogDerivedDataCache: Shared data cache path not found in *engine.ini, will not use an Shared cache.
[2023.12.28-12.21.23:387][  0]LogDerivedDataCache: Unable to find inner node Shared for hierarchical cache Hierarchy.
[2023.12.28-12.21.23:397][  0]LogSlate: Using Freetype 2.6.0
[2023.12.28-12.21.23:397][  0]LogSlate: SlateFontCache - WITH_FREETYPE: 1, WITH_HARFBUZZ: 1
[2023.12.28-12.21.23:397][  0]LogSlate: SlateFontCache - WITH_FREETYPE: 1, WITH_HARFBUZZ: 1
[2023.12.28-12.21.23:653][  0]LogInit: Selected Device Profile: [Windows]
[2023.12.28-12.21.23:656][  0]LogContentStreaming: Texture pool size is 0.00 MB
[2023.12.28-12.21.23:858][  0]LogMeshUtilities: Using QuadricMeshReduction for automatic static mesh reduction
[2023.12.28-12.21.23:868][  0]LogMeshUtilities: No automatic skeletal mesh reduction module available
[2023.12.28-12.21.23:868][  0]LogMeshUtilities: No automatic mesh merging module available
[2023.12.28-12.21.23:868][  0]LogMeshUtilities: No distributed automatic mesh merging module available
[2023.12.28-12.21.24:456][  0]LogNetVersion: GetLocalNetworkVersion: CL: 0, ProjectName: motorunreal4b, ProjectVersion: , EngineNetworkVersion: 2, GameNetworkVersion: 0, NetworkChecksum: 3893362438
[2023.12.28-12.21.24:504][  0]LogAssetRegistry: FAssetRegistry took 0.0220 seconds to start up
[2023.12.28-12.21.24:549][  0]LogPackageLocalizationCache: Processed 3 localized package path(s) for 1 prioritized culture(s) in 0.017900 seconds
[2023.12.28-12.21.24:556][  0]LogUObjectArray: 32434 objects as part of root set at end of initial load.
[2023.12.28-12.21.24:556][  0]LogUObjectAllocator: 7066632 out of 0 bytes used by permanent object pool.
[2023.12.28-12.21.24:556][  0]LogUObjectArray: CloseDisregardForGC: 0/0 objects in disregard for GC pool
[2023.12.28-12.21.24:630][  0]LogInit: WinSock: version 1.1 (2.2), MaxSocks=32767, MaxUdp=65467
[2023.12.28-12.21.26:139][  0]LogTcpMessaging: Initializing TcpMessaging bridge
[2023.12.28-12.21.26:186][  0]LogUdpMessaging: Initializing bridge on interface 0.0.0.0:0 to multicast group 230.0.0.1:6666.
[2023.12.28-12.21.26:659][  0]LogMaterial: Uniform references updated for custom material expression Custom.
[2023.12.28-12.21.27:058][  0]SourceControl: Info Source control is disabled
[2023.12.28-12.21.27:102][  0]SourceControl: Info Source control is disabled
[2023.12.28-12.21.27:153][  0]SourceControl: Info Source control is disabled
[2023.12.28-12.21.27:203][  0]SourceControl: Info Source control is disabled
[2023.12.28-12.21.28:552][  0]LogEngine: Initializing Engine...
[2023.12.28-12.21.28:553][  0]LogHMD: Failed to initialize OpenVR with code 110
[2023.12.28-12.21.28:768][  0]LogAIModule: Creating AISystem for world Untitled
[2023.12.28-12.21.28:784][  0]LogInit: XAudio2 using 'Altavoces (Realtek(R) Audio)' : 2 channels at 48 kHz using 16 bits per sample (channel mask 0x3)
[2023.12.28-12.21.28:807][  0]LogInit: FAudioDevice initialized.
[2023.12.28-12.21.28:832][  0]LogDerivedDataCache: Saved boot cache 0.03s 50MB ../../../../../Users/MelchioT/Documents/workUnrealEngine4/MotorUnreal4B/DerivedDataCache/Boot.ddc.
[2023.12.28-12.21.28:839][  0]LogInit: Texture streaming: Enabled
[2023.12.28-12.21.28:945][  0]LogEngineSessionManager: EngineSessionManager initialized
[2023.12.28-12.21.29:034][  0]LogInit: Transaction tracking system initialized
[2023.12.28-12.21.29:381][  0]BlueprintLog: New page: Editor Load
[2023.12.28-12.21.30:279][  0]LocalizationService: Info Localization service is disabled
[2023.12.28-12.21.30:973][  0]LogConsoleResponse:Display: 
[2023.12.28-12.21.31:099][  0]LogCook:Display: Max memory allowance for cook 16384mb min free memory 0mb
[2023.12.28-12.21.31:099][  0]LogCook:Display: Mobile HDR setting 1
[2023.12.28-12.21.32:130][  0]LogFileCache: Scanning file cache for directory 'C:/Users/MelchioT/Documents/workUnrealEngine4/MotorUnreal4B/Content/' took 0.02s
[2023.12.28-12.21.32:175][  0]SourceControl: Info Source control is disabled
[2023.12.28-12.21.32:175][  0]Cmd: MAP LOAD FILE="../../../Engine/Content/Maps/Templates/Template_Default.umap" TEMPLATE=1 SHOWPROGRESS=1 FEATURELEVEL=3
[2023.12.28-12.21.32:176][  0]LightingResults: New page: Lighting Build
[2023.12.28-12.21.32:219][  0]MapCheck: New page: Map Check
[2023.12.28-12.21.32:219][  0]LightingResults: New page: Lighting Build
[2023.12.28-12.21.32:395][  0]LogAIModule: Creating AISystem for world Untitled_1
[2023.12.28-12.21.32:396][  0]LogActorComponent: RegisterComponentWithWorld: (/Temp/Untitled_1.Untitled_1:PersistentLevel.WorldSettings_1.StaticMeshComponent0) Trying to register component with IsPendingKill() == true. Aborting.
[2023.12.28-12.21.32:400][  0]LogEditorServer: Finished looking for orphan Actors (0.000 secs)
[2023.12.28-12.21.32:408][  0]Cmd: MAP CHECKDEP NOCLEARLOG
[2023.12.28-12.21.32:436][  0]MapCheck: Info Map check complete: 0 Error(s), 0 Warning(s), took 28.738ms to complete.
[2023.12.28-12.21.32:436][  0]LogFileHelpers: Loading map 'Template_Default' took 0.262
[2023.12.28-12.21.32:667][  0]LogCollectionManager: Loaded 0 collections in 0.001409 seconds
[2023.12.28-12.21.32:759][  0]LogFileCache: Scanning file cache for directory 'C:/Users/MelchioT/Documents/workUnrealEngine4/MotorUnreal4B/Saved/Collections/' took 0.01s
[2023.12.28-12.21.32:759][  0]LogFileCache: Scanning file cache for directory 'C:/Users/MelchioT/Documents/workUnrealEngine4/MotorUnreal4B/Content/Developers/MelchioT/Collections/' took 0.01s
[2023.12.28-12.21.32:759][  0]LogFileCache: Scanning file cache for directory 'C:/Users/MelchioT/Documents/workUnrealEngine4/MotorUnreal4B/Content/Collections/' took 0.01s
[2023.12.28-12.21.32:759][  0]LogCollectionManager: Rebuilt the GUID cache for 0 collections in 0.000002 seconds
[2023.12.28-12.21.32:770][  0]LogContentBrowser: Native class hierarchy populated in 0.0091 seconds. Added 2243 classes and 448 folders.
[2023.12.28-12.21.32:775][  0]LogStats: UGameplayTagsManager::ConstructGameplayTagTree: Construct from data asset -  0.000 s
[2023.12.28-12.21.32:776][  0]LogStats: UGameplayTagsManager::ConstructGameplayTagTree: GameplayTagTreeChangedEvent.Broadcast -  0.000 s
[2023.12.28-12.21.32:838][  0]LogContentBrowser: Native class hierarchy updated for 'WidgetCarousel' in 0.0005 seconds. Added 0 classes and 0 folders.
[2023.12.28-12.21.33:237][  0]LogContentBrowser: Native class hierarchy updated for 'AddContentDialog' in 0.0005 seconds. Added 0 classes and 0 folders.
[2023.12.28-12.21.33:286][  0]LogContentBrowser: Native class hierarchy updated for 'SceneOutliner' in 0.0007 seconds. Added 1 classes and 2 folders.
[2023.12.28-12.21.33:361][  0]LogCrashTracker: Crashtracker disabled due to settings.
[2023.12.28-12.21.33:377][  0]LogUObjectGlobals:Warning: Failed to find object 'Class None.'
[2023.12.28-12.21.33:444][  0]LogContentBrowser: Native class hierarchy updated for 'HierarchicalLODOutliner' in 0.0006 seconds. Added 1 classes and 2 folders.
[2023.12.28-12.21.33:445][  0]LogLoad: (Engine Initialization) Total time: 16.02 seconds
[2023.12.28-12.21.33:445][  0]LogLoad: (Engine Initialization) Total Blueprint compile time: 0.09 seconds
[2023.12.28-12.21.33:445][  0]LogExternalProfiler: No external profilers were discovered.  External profiling features will not be available.
[2023.12.28-12.21.33:784][  0]LogOcInput: OculusInput pre-init called
[2023.12.28-12.21.33:801][  0]LogAssetRegistry: Asset discovery search completed in 9.3193 seconds
[2023.12.28-12.21.33:801][  0]LogCollectionManager: Rebuilt the object cache for 0 collections in 0.000000 seconds (found 0 objects)
[2023.12.28-12.21.33:801][  0]LogCollectionManager: Fixed up redirectors for 0 collections in 0.000015 seconds (updated 0 objects)
[2023.12.28-12.21.33:804][  0]LogContentStreaming: Texture pool size now 1000 MB
[2023.12.28-12.21.33:812][  0]LogSlate: Took 0.000284 seconds to synchronously load lazily loaded font '../../../Engine/Content/Slate/Fonts/Roboto-Regular.ttf' (155K)
[2023.12.28-12.21.33:816][  0]LogSlate: Took 0.000339 seconds to synchronously load lazily loaded font '../../../Engine/Content/Slate/Fonts/Roboto-Bold.ttf' (160K)
[2023.12.28-12.21.33:830][  0]LogSlate: Took 0.008867 seconds to synchronously load lazily loaded font '../../../Engine/Content/Editor/Slate/Fonts/FontAwesome.ttf' (139K)
[2023.12.28-12.21.34:074][  0]LogRenderer: Reallocating scene render targets to support 1208x576 NumSamples 1 (Frame:2).
[2023.12.28-12.21.34:168][  0]LogSlate: Took 0.008427 seconds to synchronously load lazily loaded font '../../../Engine/Content/Slate/Fonts/Roboto-Light.ttf' (159K)
[2023.12.28-12.23.09:511][807]LogTemp:Display: Executing iPhonePackager certificates Engine -bundlename com.YourCompany.MotorUnreal4B

[2023.12.28-12.23.09:511][807]LogTemp:Display: CWD: C:\Program Files\Unreal Engine 4 (4.15.0)\Engine\Binaries\DotNET\IOS

[2023.12.28-12.23.09:511][807]LogTemp:Display: Initial Dir: C:\Program Files\Unreal Engine 4 (4.15.0)

[2023.12.28-12.23.09:511][807]LogTemp:Display: Env CWD: C:\Program Files\Unreal Engine 4 (4.15.0)\Engine\Binaries\DotNET\IOS

[2023.12.28-12.23.09:511][807]LogTemp:Display: BranchPath = DESKTOP-GOSDJOG/C/Program Files/Unreal Engine 4 (4.15.0)/Engine/Binaries --- GameBranchPath = DESKTOP-GOSDJOG/C/Program Files/Unreal Engine 4 (4.15.0)/Engine/Binaries

[2023.12.28-12.23.09:566][811]LogTemp:Display: IPP ERROR: Application exception: System.IO.DirectoryNotFoundException: No se puede encontrar una parte de la ruta de acceso 'C:\Users\MelchioT\AppData\Local\Apple Computer\MobileDevice\Provisioning Profiles'.

[2023.12.28-12.23.09:566][811]LogTemp:Display:    en System.IO.__Error.WinIOError(Int32 errorCode, String maybeFullPath)

[2023.12.28-12.23.09:566][811]LogTemp:Display:    en System.IO.FileSystemEnumerableIterator`1.CommonInit()

[2023.12.28-12.23.09:566][811]LogTemp:Display:    en System.IO.FileSystemEnumerableIterator`1..ctor(String path, String originalUserPath, String searchPattern, SearchOption searchOption, SearchResultHandler`1 resultHandler, Boolean checkHost)

[2023.12.28-12.23.09:567][811]LogTemp:Display:    en System.IO.Directory.EnumerateFiles(String path, String searchPattern)

[2023.12.28-12.23.09:567][811]LogTemp:Display:    en iPhonePackager.CodeSignatureBuilder.FindProvisions(String CFBundleIdentifier)

[2023.12.28-12.23.09:567][811]LogTemp:Display:    en iPhonePackager.Program.Main(String[] args)

[2023.12.28-12.29.51:466][280]Cmd: QUIT_EDITOR
[2023.12.28-12.29.51:487][280]LogWindowsTextInputMethodSystem:Display: IME system now deactivated.
[2023.12.28-12.29.51:508][280]LogExit: Preparing to exit.
[2023.12.28-12.29.52:559][280]LogDirectoryWatcher: A directory notification for 'C:/Users/MelchioT/Documents/workUnrealEngine4/MotorUnreal4B/Content/' was aborted.
[2023.12.28-12.29.52:570][280]LogExit: Editor shut down
[2023.12.28-12.29.52:570][280]LogExit: Transaction tracking system shut down
[2023.12.28-12.29.52:612][280]LogObj: Freed 0b from 0 cluster array pools.
[2023.12.28-12.29.52:613][280]LogExit: Object subsystem successfully closed.
[2023.12.28-12.29.52:625][280]LogD3D11RHI: Shutdown
[2023.12.28-12.29.52:625][280]LogD3D11RHI: CleanupD3DDevice
[2023.12.28-12.29.52:673][280]LogD3D11RHI: ~FD3D11DynamicRHI
[2023.12.28-12.29.52:683][280]LogModuleManager: Shutting down and abandoning module ExternalImagePicker (482)
[2023.12.28-12.29.52:683][280]LogModuleManager: Shutting down and abandoning module HierarchicalLODOutliner (480)
[2023.12.28-12.29.52:683][280]LogModuleManager: Shutting down and abandoning module CrashTracker (478)
[2023.12.28-12.29.52:683][280]LogModuleManager: Shutting down and abandoning module SceneOutliner (476)
[2023.12.28-12.29.52:683][280]LogModuleManager: Shutting down and abandoning module AddContentDialog (474)
[2023.12.28-12.29.52:683][280]LogDirectoryWatcher: A directory notification for 'C:/Program Files/Unreal Engine 4 (4.15.0)/FeaturePacks/' was aborted.
[2023.12.28-12.29.52:684][280]LogModuleManager: Shutting down and abandoning module WidgetCarousel (473)
[2023.12.28-12.29.52:684][280]LogModuleManager: Shutting down and abandoning module EditorWidgets (470)
[2023.12.28-12.29.52:684][280]LogModuleManager: Shutting down and abandoning module CollectionManager (468)
[2023.12.28-12.29.52:684][280]LogDirectoryWatcher: A directory notification for 'C:/Users/MelchioT/Documents/workUnrealEngine4/MotorUnreal4B/Content/Collections/' was aborted.
[2023.12.28-12.29.52:684][280]LogDirectoryWatcher: A directory notification for 'C:/Users/MelchioT/Documents/workUnrealEngine4/MotorUnreal4B/Content/Developers/MelchioT/Collections/' was aborted.
[2023.12.28-12.29.52:684][280]LogDirectoryWatcher: A directory notification for 'C:/Users/MelchioT/Documents/workUnrealEngine4/MotorUnreal4B/Saved/Collections/' was aborted.
[2023.12.28-12.29.52:684][280]LogModuleManager: Shutting down and abandoning module StatsViewer (466)
[2023.12.28-12.29.52:684][280]LogModuleManager: Shutting down and abandoning module FoliageEdit (464)
[2023.12.28-12.29.52:684][280]LogModuleManager: Shutting down and abandoning module LandscapeEditor (462)
[2023.12.28-12.29.52:684][280]LogModuleManager: Shutting down and abandoning module SceneDepthPickerMode (460)
[2023.12.28-12.29.52:684][280]LogModuleManager: Shutting down and abandoning module ActorPickerMode (458)
[2023.12.28-12.29.52:684][280]LogModuleManager: Shutting down and abandoning module GeometryMode (456)
[2023.12.28-12.29.52:684][280]LogModuleManager: Shutting down and abandoning module TextureAlignMode (454)
[2023.12.28-12.29.52:684][280]LogModuleManager: Shutting down and abandoning module BspMode (452)
[2023.12.28-12.29.52:684][280]LogModuleManager: Shutting down and abandoning module HardwareSurvey (450)
[2023.12.28-12.29.52:684][280]LogModuleManager: Shutting down and abandoning module SequenceRecorderSections (448)
[2023.12.28-12.29.52:684][280]LogModuleManager: Shutting down and abandoning module AutomationWorker (446)
[2023.12.28-12.29.52:684][280]LogModuleManager: Shutting down and abandoning module MatineeToLevelSequence (444)
[2023.12.28-12.29.52:684][280]LogModuleManager: Shutting down and abandoning module LevelSequenceEditor (442)
[2023.12.28-12.29.52:684][280]LogModuleManager: Shutting down and abandoning module PlacementMode (441)
[2023.12.28-12.29.52:684][280]LogModuleManager: Shutting down and abandoning module WmfMediaFactory (438)
[2023.12.28-12.29.52:684][280]LogModuleManager: Shutting down and abandoning module WmfMediaEditor (436)
[2023.12.28-12.29.52:684][280]LogModuleManager: Shutting down and abandoning module MfMediaFactory (434)
[2023.12.28-12.29.52:684][280]LogModuleManager: Shutting down and abandoning module MfMediaEditor (432)
[2023.12.28-12.29.52:684][280]LogModuleManager: Shutting down and abandoning module AvfMediaFactory (430)
[2023.12.28-12.29.52:684][280]LogModuleManager: Shutting down and abandoning module AvfMediaEditor (428)
[2023.12.28-12.29.52:684][280]LogModuleManager: Shutting down and abandoning module AndroidMediaFactory (426)
[2023.12.28-12.29.52:684][280]LogModuleManager: Shutting down and abandoning module Media (425)
[2023.12.28-12.29.52:684][280]LogModuleManager: Shutting down and abandoning module AndroidMediaEditor (422)
[2023.12.28-12.29.52:684][280]LogModuleManager: Shutting down and abandoning module CharacterAI (420)
[2023.12.28-12.29.52:684][280]LogModuleManager: Shutting down and abandoning module AudioCapture (418)
[2023.12.28-12.29.52:684][280]LogModuleManager: Shutting down and abandoning module SequenceRecorder (417)
[2023.12.28-12.29.52:684][280]LogModuleManager: Shutting down and abandoning module SmartSnapping (414)
[2023.12.28-12.29.52:684][280]LogModuleManager: Shutting down and abandoning module SessionServices (412)
[2023.12.28-12.29.52:684][280]LogModuleManager: Shutting down and abandoning module ViewportSnapping (410)
[2023.12.28-12.29.52:684][280]LogModuleManager: Shutting down and abandoning module ViewportInteraction (408)
[2023.12.28-12.29.52:684][280]LogModuleManager: Shutting down and abandoning module LogVisualizer (406)
[2023.12.28-12.29.52:684][280]LogModuleManager: Shutting down and abandoning module IntroTutorials (404)
[2023.12.28-12.29.52:684][280]LogModuleManager: Shutting down and abandoning module GameProjectGeneration (403)
[2023.12.28-12.29.52:685][280]LogModuleManager: Shutting down and abandoning module EditorLiveStreaming (400)
[2023.12.28-12.29.52:685][280]LogModuleManager: Shutting down and abandoning module IOSPlatformEditor (398)
[2023.12.28-12.29.52:685][280]LogModuleManager: Shutting down and abandoning module HTML5PlatformEditor (396)
[2023.12.28-12.29.52:685][280]LogModuleManager: Shutting down and abandoning module AndroidPlatformEditor (394)
[2023.12.28-12.29.52:685][280]LogModuleManager: Shutting down and abandoning module AndroidDeviceDetection (393)
[2023.12.28-12.29.52:951][280]LogModuleManager: Shutting down and abandoning module IOSRuntimeSettings (390)
[2023.12.28-12.29.52:951][280]LogModuleManager: Shutting down and abandoning module AndroidRuntimeSettings (388)
[2023.12.28-12.29.52:951][280]LogModuleManager: Shutting down and abandoning module InputBindingEditor (386)
[2023.12.28-12.29.52:951][280]LogModuleManager: Shutting down and abandoning module NiagaraEditor (384)
[2023.12.28-12.29.52:951][280]LogModuleManager: Shutting down and abandoning module MergeActors (382)
[2023.12.28-12.29.52:951][280]LogModuleManager: Shutting down and abandoning module SizeMap (380)
[2023.12.28-12.29.52:951][280]LogModuleManager: Shutting down and abandoning module TreeMap (378)
[2023.12.28-12.29.52:951][280]LogModuleManager: Shutting down and abandoning module ReferenceViewer (376)
[2023.12.28-12.29.52:951][280]LogModuleManager: Shutting down and abandoning module LocalizationDashboard (374)
[2023.12.28-12.29.52:951][280]LogModuleManager: Shutting down and abandoning module LocalizationService (373)
[2023.12.28-12.29.52:951][280]LogModuleManager: Shutting down and abandoning module HardwareTargeting (370)
[2023.12.28-12.29.52:951][280]LogModuleManager: Shutting down and abandoning module DeviceProfileEditor (368)
[2023.12.28-12.29.52:951][280]LogModuleManager: Shutting down and abandoning module UndoHistory (366)
[2023.12.28-12.29.52:951][280]LogModuleManager: Shutting down and abandoning module UserFeedback (364)
[2023.12.28-12.29.52:951][280]LogModuleManager: Shutting down and abandoning module XmlParser (362)
[2023.12.28-12.29.52:951][280]LogModuleManager: Shutting down and abandoning module Blutility (360)
[2023.12.28-12.29.52:951][280]LogModuleManager: Shutting down and abandoning module ProjectSettingsViewer (358)
[2023.12.28-12.29.52:951][280]LogModuleManager: Shutting down and abandoning module ProjectTargetPlatformEditor (357)
[2023.12.28-12.29.52:951][280]LogModuleManager: Shutting down and abandoning module EditorSettingsViewer (354)
[2023.12.28-12.29.52:951][280]LogModuleManager: Shutting down and abandoning module SettingsEditor (352)
[2023.12.28-12.29.52:952][280]LogModuleManager: Shutting down and abandoning module ProjectLauncher (350)
[2023.12.28-12.29.52:952][280]LogModuleManager: Shutting down and abandoning module SessionFrontend (348)
[2023.12.28-12.29.52:952][280]LogModuleManager: Shutting down and abandoning module ProfilerClient (346)
[2023.12.28-12.29.52:952][280]LogModuleManager: Shutting down and abandoning module DeviceManager (344)
[2023.12.28-12.29.52:952][280]LogModuleManager: Shutting down and abandoning module TargetDeviceServices (343)
[2023.12.28-12.29.52:996][280]LogModuleManager: Shutting down and abandoning module AutomationController (340)
[2023.12.28-12.29.52:996][280]LogModuleManager: Shutting down and abandoning module AutomationWindow (338)
[2023.12.28-12.29.52:996][280]LogModuleManager: Shutting down and abandoning module Layers (336)
[2023.12.28-12.29.52:996][280]LogModuleManager: Shutting down and abandoning module ComponentVisualizers (334)
[2023.12.28-12.29.52:996][280]LogModuleManager: Shutting down and abandoning module DetailCustomizations (332)
[2023.12.28-12.29.52:996][280]LogModuleManager: Shutting down and abandoning module PackagesDialog (330)
[2023.12.28-12.29.52:996][280]LogModuleManager: Shutting down and abandoning module Persona (328)
[2023.12.28-12.29.52:996][280]LogModuleManager: Shutting down and abandoning module AnimGraph (327)
[2023.12.28-12.29.52:996][280]LogModuleManager: Shutting down and abandoning module Kismet (324)
[2023.12.28-12.29.52:996][280]LogModuleManager: Shutting down and abandoning module GraphEditor (322)
[2023.12.28-12.29.52:996][280]LogModuleManager: Shutting down and abandoning module ClassViewer (320)
[2023.12.28-12.29.52:996][280]LogModuleManager: Shutting down and abandoning module Toolbox (318)
[2023.12.28-12.29.52:997][280]LogModuleManager: Shutting down and abandoning module ModuleUI (316)
[2023.12.28-12.29.52:997][280]LogModuleManager: Shutting down and abandoning module MovieSceneTools (314)
[2023.12.28-12.29.52:997][280]LogModuleManager: Shutting down and abandoning module OutputLog (312)
[2023.12.28-12.29.52:997][280]LogModuleManager: Shutting down and abandoning module GammaUI (310)
[2023.12.28-12.29.52:997][280]LogModuleManager: Shutting down and abandoning module Documentation (308)
[2023.12.28-12.29.52:997][280]LogModuleManager: Shutting down and abandoning module Niagara (306)
[2023.12.28-12.29.52:997][280]LogModuleManager: Shutting down and abandoning module StreamingPauseRendering (304)
[2023.12.28-12.29.52:997][280]LogModuleManager: Shutting down and abandoning module AnalyticsET (302)
[2023.12.28-12.29.52:997][280]LogModuleManager: Shutting down and abandoning module PortalServices (300)
[2023.12.28-12.29.52:997][280]LogModuleManager: Shutting down and abandoning module PortalRpc (298)
[2023.12.28-12.29.52:997][280]LogModuleManager: Shutting down and abandoning module MessagingRpc (296)
[2023.12.28-12.29.52:997][280]LogModuleManager: Shutting down and abandoning module AIModule (294)
[2023.12.28-12.29.52:997][280]LogModuleManager: Shutting down and abandoning module GameplayDebugger (293)
[2023.12.28-12.29.52:997][280]LogModuleManager: Shutting down and abandoning module AITestSuite (291)
[2023.12.28-12.29.52:997][280]LogModuleManager: Shutting down and abandoning module ProfilerService (288)
[2023.12.28-12.29.53:042][280]LogModuleManager: Shutting down and abandoning module TaskGraph (286)
[2023.12.28-12.29.53:042][280]LogModuleManager: Shutting down and abandoning module SteamVRController (284)
[2023.12.28-12.29.53:042][280]LogModuleManager: Shutting down and abandoning module SteamVR (282)
[2023.12.28-12.29.53:042][280]LogModuleManager: Shutting down and abandoning module ProceduralMeshComponentEditor (280)
[2023.12.28-12.29.53:042][280]LogModuleManager: Shutting down and abandoning module ProceduralMeshComponent (278)
[2023.12.28-12.29.53:042][280]LogModuleManager: Shutting down and abandoning module OculusLibrary (276)
[2023.12.28-12.29.53:042][280]LogModuleManager: Shutting down and abandoning module OculusInput (274)
[2023.12.28-12.29.53:042][280]LogModuleManager: Shutting down and abandoning module MobilePatchingUtils (272)
[2023.12.28-12.29.53:042][280]LogModuleManager: Shutting down and abandoning module CustomMeshComponent (270)
[2023.12.28-12.29.53:042][280]LogModuleManager: Shutting down and abandoning module CableComponent (268)
[2023.12.28-12.29.53:042][280]LogModuleManager: Shutting down and abandoning module ArchVisCharacter (266)
[2023.12.28-12.29.53:042][280]LogModuleManager: Shutting down and abandoning module MediaPlayerEditor (262)
[2023.12.28-12.29.53:042][280]LogModuleManager: Shutting down and abandoning module HTML5Networking (260)
[2023.12.28-12.29.53:042][280]LogModuleManager: Shutting down and abandoning module AlembicImporter (258)
[2023.12.28-12.29.53:042][280]LogModuleManager: Shutting down and abandoning module AlembicLibrary (257)
[2023.12.28-12.29.53:042][280]LogModuleManager: Shutting down and abandoning module GeometryCache (256)
[2023.12.28-12.29.53:042][280]LogModuleManager: Shutting down and abandoning module GeometryCacheEd (255)
[2023.12.28-12.29.53:042][280]LogModuleManager: Shutting down and abandoning module SuperSearchEditor (250)
[2023.12.28-12.29.53:042][280]LogModuleManager: Shutting down and abandoning module SuperSearch (249)
[2023.12.28-12.29.53:042][280]LogModuleManager: Shutting down and abandoning module SpeedTreeImporter (246)
[2023.12.28-12.29.53:042][280]LogModuleManager: Shutting down and abandoning module PluginBrowser (244)
[2023.12.28-12.29.53:042][280]LogModuleManager: Shutting down and abandoning module MobileLauncherProfileWizard (242)
[2023.12.28-12.29.53:042][280]LogModuleManager: Shutting down and abandoning module EpicSurvey (240)
[2023.12.28-12.29.53:042][280]LogModuleManager: Shutting down and abandoning module VisualStudioSourceCodeAccess (238)
[2023.12.28-12.29.53:042][280]LogModuleManager: Shutting down and abandoning module DesktopPlatform (237)
[2023.12.28-12.29.53:042][280]LogModuleManager: Shutting down and abandoning module UObjectPlugin (234)
[2023.12.28-12.29.53:042][280]LogModuleManager: Shutting down and abandoning module SubversionSourceControl (232)
[2023.12.28-12.29.53:042][280]LogModuleManager: Shutting down and abandoning module PerforceSourceControl (230)
[2023.12.28-12.29.53:042][280]LogModuleManager: Shutting down and abandoning module GitSourceControl (228)
[2023.12.28-12.29.53:043][280]LogModuleManager: Shutting down and abandoning module SourceControl (227)
[2023.12.28-12.29.53:043][280]LogModuleManager: Shutting down and abandoning module LightPropagationVolumeEditor (224)
[2023.12.28-12.29.53:043][280]LogModuleManager: Shutting down and abandoning module PaperTiledImporter (222)
[2023.12.28-12.29.53:043][280]LogModuleManager: Shutting down and abandoning module PaperSpriteSheetImporter (220)
[2023.12.28-12.29.53:043][280]LogModuleManager: Shutting down and abandoning module Paper2DEditor (218)
[2023.12.28-12.29.53:043][280]LogModuleManager: Shutting down and abandoning module MeshPaint (217)
[2023.12.28-12.29.53:043][280]LogModuleManager: Shutting down and abandoning module LevelEditor (215)
[2023.12.28-12.29.53:043][280]LogModuleManager: Shutting down and abandoning module PixelInspectorModule (214)
[2023.12.28-12.29.53:043][280]LogModuleManager: Shutting down and abandoning module MainFrame (212)
[2023.12.28-12.29.53:043][280]LogModuleManager: Shutting down and abandoning module HotReload (211)
[2023.12.28-12.29.53:044][280]LogModuleManager: Shutting down and abandoning module ContentBrowser (207)
[2023.12.28-12.29.53:044][280]LogModuleManager: Shutting down and abandoning module PhysXVehiclesEditor (204)
[2023.12.28-12.29.53:044][280]LogModuleManager: Shutting down and abandoning module PhysXVehicles (202)
[2023.12.28-12.29.53:044][280]LogModuleManager: Shutting down and abandoning module LocationServicesBPLibrary (200)
[2023.12.28-12.29.53:044][280]LogModuleManager: Shutting down and abandoning module UdpMessaging (198)
[2023.12.28-12.29.53:145][280]LogModuleManager: Shutting down and abandoning module TcpMessaging (196)
[2023.12.28-12.29.53:444][280]LogModuleManager: Shutting down and abandoning module GameplayTagsEditor (194)
[2023.12.28-12.29.53:444][280]LogModuleManager: Shutting down and abandoning module FacialAnimationEditor (192)
[2023.12.28-12.29.53:444][280]LogModuleManager: Shutting down and abandoning module FacialAnimation (190)
[2023.12.28-12.29.53:444][280]LogModuleManager: Shutting down and abandoning module LightPropagationVolumeRuntime (188)
[2023.12.28-12.29.53:444][280]LogModuleManager: Shutting down and abandoning module Paper2D (186)
[2023.12.28-12.29.53:444][280]LogModuleManager: Shutting down and abandoning module WindowsMoviePlayer (184)
[2023.12.28-12.29.53:444][280]LogModuleManager: Shutting down and abandoning module WmfMedia (182)
[2023.12.28-12.29.53:445][280]LogModuleManager: Shutting down and abandoning module MfMedia (180)
[2023.12.28-12.29.53:445][280]LogModuleManager: Shutting down and abandoning module MediaAssets (178)
[2023.12.28-12.29.53:445][280]LogModuleManager: Shutting down and abandoning module GameLiveStreaming (176)
[2023.12.28-12.29.53:446][280]LogModuleManager: Shutting down and abandoning module VREditor (174)
[2023.12.28-12.29.53:446][280]LogModuleManager: Shutting down and abandoning module GameplayTasksEditor (172)
[2023.12.28-12.29.53:446][280]LogModuleManager: Shutting down and abandoning module BehaviorTreeEditor (170)
[2023.12.28-12.29.53:446][280]LogModuleManager: Shutting down and abandoning module FunctionalTesting (168)
[2023.12.28-12.29.53:446][280]LogModuleManager: Shutting down and abandoning module CollisionAnalyzer (166)
[2023.12.28-12.29.53:446][280]LogModuleManager: Shutting down and abandoning module UMG (164)
[2023.12.28-12.29.53:446][280]LogModuleManager: Shutting down and abandoning module UMGEditor (163)
[2023.12.28-12.29.53:446][280]LogModuleManager: Shutting down and abandoning module Sequencer (162)
[2023.12.28-12.29.53:446][280]LogModuleManager: Shutting down and abandoning module AssetTools (160)
[2023.12.28-12.29.53:446][280]LogModuleManager: Shutting down and abandoning module MessageLog (159)
[2023.12.28-12.29.53:446][280]LogModuleManager: Shutting down and abandoning module WorkspaceMenuStructure (158)
[2023.12.28-12.29.53:446][280]LogModuleManager: Shutting down and abandoning module SlateReflector (152)
[2023.12.28-12.29.53:446][280]LogModuleManager: Shutting down and abandoning module Slate (150)
[2023.12.28-12.29.53:446][280]LogModuleManager: Shutting down and abandoning module EditorStyle (148)
[2023.12.28-12.29.53:448][280]LogModuleManager: Shutting down and abandoning module SourceCodeAccess (146)
[2023.12.28-12.29.53:448][280]LogModuleManager: Shutting down and abandoning module HeadMountedDisplay (144)
[2023.12.28-12.29.53:448][280]LogModuleManager: Shutting down and abandoning module XAudio2 (142)
[2023.12.28-12.29.53:448][280]LogModuleManager: Shutting down and abandoning module Networking (140)
[2023.12.28-12.29.53:448][280]LogModuleManager: Shutting down and abandoning module Core (136)
[2023.12.28-12.29.53:448][280]LogModuleManager: Shutting down and abandoning module AssetRegistry (134)
[2023.12.28-12.29.53:569][280]LogDirectoryWatcher: A directory notification for '../../../Engine/Content/' was aborted.
[2023.12.28-12.29.53:569][280]LogDirectoryWatcher: A directory notification for '../../../../../Users/MelchioT/Documents/workUnrealEngine4/MotorUnreal4B/Content/' was aborted.
[2023.12.28-12.29.53:569][280]LogDirectoryWatcher: A directory notification for '../../../Engine/Plugins/2D/Paper2D/Content/' was aborted.
[2023.12.28-12.29.53:570][280]LogModuleManager: Shutting down and abandoning module DirectoryWatcher (133)
[2023.12.28-12.29.53:570][280]LogModuleManager: Shutting down and abandoning module KismetCompiler (130)
[2023.12.28-12.29.53:570][280]LogModuleManager: Shutting down and abandoning module PhysXFormats (128)
[2023.12.28-12.29.53:570][280]LogModuleManager: Shutting down and abandoning module MeshUtilities (126)
[2023.12.28-12.29.53:570][280]LogModuleManager: Shutting down and abandoning module QuadricMeshReduction (125)
[2023.12.28-12.29.53:570][280]LogModuleManager: Shutting down and abandoning module PropertyEditor (123)
[2023.12.28-12.29.53:570][280]LogModuleManager: Shutting down and abandoning module DerivedDataCache (120)
[2023.12.28-12.29.53:588][280]LogDerivedDataCache: Shutdown
[2023.12.28-12.29.53:588][280]LogModuleManager: Shutting down and abandoning module TargetPlatform (118)
[2023.12.28-12.29.53:588][280]LogModuleManager: Shutting down and abandoning module VulkanShaderFormat (117)
[2023.12.28-12.29.53:588][280]LogModuleManager: Shutting down and abandoning module MetalShaderFormat (115)
[2023.12.28-12.29.53:588][280]LogModuleManager: Shutting down and abandoning module ShaderFormatD3D (113)
[2023.12.28-12.29.53:588][280]LogModuleManager: Shutting down and abandoning module ShaderFormatOpenGL (111)
[2023.12.28-12.29.53:588][280]LogModuleManager: Shutting down and abandoning module TextureFormatUncompressed (109)
[2023.12.28-12.29.53:588][280]LogModuleManager: Shutting down and abandoning module TextureFormatASTC (107)
[2023.12.28-12.29.53:588][280]LogModuleManager: Shutting down and abandoning module ImageWrapper (106)
[2023.12.28-12.29.53:588][280]LogModuleManager: Shutting down and abandoning module TextureFormatPVR (103)
[2023.12.28-12.29.53:588][280]LogModuleManager: Shutting down and abandoning module TextureFormatDXT (101)
[2023.12.28-12.29.53:588][280]LogModuleManager: Shutting down and abandoning module TextureFormatIntelISPCTexComp (99)
[2023.12.28-12.29.53:589][280]LogModuleManager: Shutting down and abandoning module AudioFormatOpus (97)
[2023.12.28-12.29.53:589][280]LogModuleManager: Shutting down and abandoning module AudioFormatOgg (95)
[2023.12.28-12.29.53:589][280]LogModuleManager: Shutting down and abandoning module AudioFormatADPCM (93)
[2023.12.28-12.29.53:589][280]LogModuleManager: Shutting down and abandoning module TVOSTargetPlatform (91)
[2023.12.28-12.29.53:589][280]LogModuleManager: Shutting down and abandoning module Messaging (89)
[2023.12.28-12.29.53:589][280]LogModuleManager: Shutting down and abandoning module IOSTargetPlatform (87)
[2023.12.28-12.29.53:589][280]LogModuleManager: Shutting down and abandoning module HTML5TargetPlatform (85)
[2023.12.28-12.29.53:589][280]LogModuleManager: Shutting down and abandoning module Android_MultiTargetPlatform (83)
[2023.12.28-12.29.53:589][280]LogModuleManager: Shutting down and abandoning module Android_ASTCTargetPlatform (81)
[2023.12.28-12.29.53:589][280]LogModuleManager: Shutting down and abandoning module Android_ETC2TargetPlatform (79)
[2023.12.28-12.29.53:589][280]LogModuleManager: Shutting down and abandoning module Android_ETC1TargetPlatform (77)
[2023.12.28-12.29.53:589][280]LogModuleManager: Shutting down and abandoning module Android_DXTTargetPlatform (75)
[2023.12.28-12.29.53:589][280]LogModuleManager: Shutting down and abandoning module Android_ATCTargetPlatform (73)
[2023.12.28-12.29.53:589][280]LogModuleManager: Shutting down and abandoning module Android_PVRTCTargetPlatform (71)
[2023.12.28-12.29.53:589][280]LogModuleManager: Shutting down and abandoning module AndroidTargetPlatform (69)
[2023.12.28-12.29.53:589][280]LogModuleManager: Shutting down and abandoning module AllDesktopTargetPlatform (67)
[2023.12.28-12.29.53:589][280]LogModuleManager: Shutting down and abandoning module WindowsClientTargetPlatform (65)
[2023.12.28-12.29.53:589][280]LogModuleManager: Shutting down and abandoning module WindowsServerTargetPlatform (63)
[2023.12.28-12.29.53:589][280]LogModuleManager: Shutting down and abandoning module WindowsNoEditorTargetPlatform (61)
[2023.12.28-12.29.53:589][280]LogModuleManager: Shutting down and abandoning module WindowsTargetPlatform (59)
[2023.12.28-12.29.53:589][280]LogModuleManager: Shutting down and abandoning module MacClientTargetPlatform (57)
[2023.12.28-12.29.53:589][280]LogModuleManager: Shutting down and abandoning module MacServerTargetPlatform (55)
[2023.12.28-12.29.53:589][280]LogModuleManager: Shutting down and abandoning module MacNoEditorTargetPlatform (53)
[2023.12.28-12.29.53:589][280]LogModuleManager: Shutting down and abandoning module MacTargetPlatform (51)
[2023.12.28-12.29.53:589][280]LogModuleManager: Shutting down and abandoning module InputCore (48)
[2023.12.28-12.29.53:589][280]LogModuleManager: Shutting down and abandoning module Settings (46)
[2023.12.28-12.29.53:589][280]LogModuleManager: Shutting down and abandoning module OculusRift (44)
[2023.12.28-12.29.53:589][280]LogModuleManager: Shutting down and abandoning module ExampleDeviceProfileSelector (42)
[2023.12.28-12.29.53:589][280]LogModuleManager: Shutting down and abandoning module OnlineBlueprintSupport (40)
[2023.12.28-12.29.53:589][280]LogModuleManager: Shutting down and abandoning module OnlineSubsystem (36)
[2023.12.28-12.29.53:589][280]LogOnline:Display: Unloading online subsystem: NULL
[2023.12.28-12.29.53:589][280]LogModuleManager: Shutting down and abandoning module HTTP (35)
[2023.12.28-12.29.53:589][280]LogHttp:Display: Http module shutting down, but needs to wait on 1 outstanding Http requests:
[2023.12.28-12.29.53:589][280]LogHttp:Display: 	verb=[POST] url=[https://datarouter.ol.epicgames.com/datarouter/api/v1/public/data?SessionID=%7B03E950FC-4247-617E-E0CD-0DA32CB3B925%7D&AppID=UEEditor.UnrealEngine.Release&AppVersion=4.15.0-0%2B%2B%2BUE4%2BRelease-4.15&UserID=aa7ec4a94460bf88f1f872b01bef9583%7C8cfcda83180144cdb9bb2bc7d773924e%7C775b68d6-d1f3-44da-96ce-dab51d83f808&AppEnvironment=datacollector-source&UploadType=eteventstream] status=Processing
[2023.12.28-12.29.53:614][280]LogModuleManager: Shutting down and abandoning module SSL (34)
[2023.12.28-12.29.53:615][280]LogModuleManager: Shutting down and abandoning module AudioEditor (30)
[2023.12.28-12.29.53:615][280]LogModuleManager: Shutting down and abandoning module TextureCompressor (28)
[2023.12.28-12.29.53:615][280]LogModuleManager: Shutting down and abandoning module ShaderCore (26)
[2023.12.28-12.29.53:615][280]LogModuleManager: Shutting down and abandoning module Landscape (24)
[2023.12.28-12.29.53:615][280]LogModuleManager: Shutting down and abandoning module SlateRHIRenderer (22)
[2023.12.28-12.29.53:616][280]LogModuleManager: Shutting down and abandoning module OpenGLDrv (20)
[2023.12.28-12.29.53:616][280]LogModuleManager: Shutting down and abandoning module D3D11RHI (18)
[2023.12.28-12.29.53:616][280]LogModuleManager: Shutting down and abandoning module AnimGraphRuntime (16)
[2023.12.28-12.29.53:616][280]LogModuleManager: Shutting down and abandoning module Renderer (14)
[2023.12.28-12.29.53:616][280]LogModuleManager: Shutting down and abandoning module Engine (12)
[2023.12.28-12.29.53:616][280]LogModuleManager: Shutting down and abandoning module CoreUObject (10)
[2023.12.28-12.29.53:616][280]LogModuleManager: Shutting down and abandoning module NetworkFile (8)
[2023.12.28-12.29.53:616][280]LogModuleManager: Shutting down and abandoning module StreamingFile (6)
[2023.12.28-12.29.53:616][280]LogModuleManager: Shutting down and abandoning module SandboxFile (4)
[2023.12.28-12.29.53:616][280]LogModuleManager: Shutting down and abandoning module PakFile (2)
[2023.12.28-12.29.53:619][280]LogExit: Exiting.
[2023.12.28-12.29.53:620][280]Log file closed, 12/28/23 09:29:53
