Log file open, 01/08/24 12:29:03
LogInit:Display: Running engine for game: MotorUnreal4B
LogPlatformFile: Not using cached read wrapper
LogInit:Display: RandInit(-2027160696) SRandInit(-2027160696).
LogInit: Using version manifest at CL 0 with build ID '5af06b4c-3232-42c8-80e0-46572b4b0bc8'
LogTaskGraph: Started task graph with 5 named threads and 10 total threads with 1 sets of task threads.
LogStats: Stats thread started at 0.152178
LogInit: Using libcurl 7.47.1
LogInit:  - built for x86_64-pc-win32
LogInit:  - supports SSL with OpenSSL/1.0.2g
LogInit:  - supports HTTP deflate (compression) using libz 1.2.8
LogInit:  - other features:
LogInit:      CURL_VERSION_SSL
LogInit:      CURL_VERSION_LIBZ
LogInit:      CURL_VERSION_IPV6
LogInit:      CURL_VERSION_ASYNCHDNS
LogInit:      CURL_VERSION_LARGEFILE
LogInit:      CURL_VERSION_IDN
LogInit:  CurlRequestOptions (configurable via config and command line):
LogInit:  - bVerifyPeer = false  - Libcurl will NOT verify peer certificate
LogInit:  - bUseHttpProxy = false  - Libcurl will NOT use HTTP proxy
LogInit:  - bDontReuseConnections = false  - Libcurl will reuse connections
LogInit:  - CertBundlePath = nullptr  - Libcurl will use whatever was configured at build time.
LogInit: Build: ++UE4+Release-4.15-CL-0
LogInit: Engine Version: 4.15.0-0+++UE4+Release-4.15
LogInit: Compatible Engine Version: 4.15.0-0+++UE4+Release-4.15
LogInit: Net CL: 0
LogDevObjectVersion: Number of dev versions registered: 14
LogDevObjectVersion:   Dev-Blueprints (B0D832E4-1F89-4F0D-ACCF-7EB736FD4AA2): 8
LogDevObjectVersion:   Dev-Build (E1C64328-A22C-4D53-A36C-8E866417BD8C): 0
LogDevObjectVersion:   Dev-Core (375EC13C-06E4-48FB-B500-84F0262A717E): 2
LogDevObjectVersion:   Dev-Editor (E4B068ED-F494-42E9-A231-DA0B2E46BB41): 14
LogDevObjectVersion:   Dev-Framework (CFFC743F-43B0-4480-9391-14DF171D2073): 22
LogDevObjectVersion:   Dev-Mobile (B02B49B5-BB20-44E9-A304-32B752E40360): 0
LogDevObjectVersion:   Dev-Networking (A4E4105C-59A1-49B5-A7C5-40C4547EDFEE): 0
LogDevObjectVersion:   Dev-Online (39C831C9-5AE6-47DC-9A44-9C173E1C8E7C): 0
LogDevObjectVersion:   Dev-Physics (78F01B33-EBEA-4F98-B9B4-84EACCB95AA2): 0
LogDevObjectVersion:   Dev-Platform (6631380F-2D4D-43E0-8009-CF276956A95A): 0
LogDevObjectVersion:   Dev-Rendering (12F88B9F-8875-4AFC-A67C-D90C383ABD29): 12
LogDevObjectVersion:   Dev-Sequencer (7B5AE74C-D270-4C10-A958-57980B212A5A): 3
LogDevObjectVersion:   Dev-VR (D7296918-1DD6-4BDD-9DE2-64A83CC13884): 0
LogDevObjectVersion:   Dev-LoadTimes (C2A15278-BFE7-4AFE-6C17-90FF531DF755): 1
LogInit: Compiled (64-bit): Apr  2 2023 09:25:01
LogInit: Compiled with Visual C++: 19.00.24210.00
LogInit: Build Configuration: Development
LogInit: Branch Name: ++UE4+Release-4.15
LogInit: Command line: 
LogInit: Base directory: C:/Program Files/Unreal Engine 4 (4.15.0)/Engine/Binaries/Win64/
LogInit: Installed Engine Build: 0
LogInit: Presizing for max 8388607 objects, including 0 objects not considered by GC, pre-allocating 0 bytes for permanent pool.
LogInit: Object subsystem initialized
[2024.01.08-15.29.03:352][  0]LogInit: Selected Device Profile: [Windows]
[2024.01.08-15.29.03:352][  0]LogInit: Applying CVar settings loaded from the selected device profile: [Windows]
[2024.01.08-15.29.03:378][  0]LogInit: Computer: DESKTOP-GOSDJOG
[2024.01.08-15.29.03:378][  0]LogInit: User: MelchioT
[2024.01.08-15.29.03:378][  0]LogInit: CPU Page size=65536, Cores=6
[2024.01.08-15.29.03:378][  0]LogInit: High frequency timer resolution =10.000000 MHz
[2024.01.08-15.29.03:379][  0]LogMemory: Memory total: Physical=31.2GB (32GB approx)
[2024.01.08-15.29.03:379][  0]LogMemory: Platform Memory Stats for Windows
[2024.01.08-15.29.03:379][  0]LogMemory: Process Physical Memory: 265.57 MB used, 265.58 MB peak
[2024.01.08-15.29.03:379][  0]LogMemory: Process Virtual Memory: 268.43 MB used, 268.43 MB peak
[2024.01.08-15.29.03:379][  0]LogMemory: Physical Memory: 8467.66 MB used,  23508.01 MB free, 31975.68 MB total
[2024.01.08-15.29.03:379][  0]LogMemory: Virtual Memory: 4760.25 MB used,  23508.01 MB free, 134217728.00 MB total
[2024.01.08-15.29.03:491][  0]LogInit: Overriding culture en with editor configuration.
[2024.01.08-15.29.04:301][  0]LogD3D11RHI: D3D11 adapters:
[2024.01.08-15.29.04:345][  0]LogD3D11RHI:    0. 'AMD Radeon(TM) Graphics' (Feature Level 11_0)
[2024.01.08-15.29.04:345][  0]LogD3D11RHI:       495/0/15987 MB DedicatedVideo/DedicatedSystem/SharedSystem, Outputs:1, VendorId:0x1002
[2024.01.08-15.29.04:347][  0]LogD3D11RHI:    1. 'Microsoft Basic Render Driver' (Feature Level 11_0)
[2024.01.08-15.29.04:347][  0]LogD3D11RHI:       0/0/15987 MB DedicatedVideo/DedicatedSystem/SharedSystem, Outputs:0, VendorId:0x1414
[2024.01.08-15.29.04:351][  0]LogD3D11RHI:    2. 'Microsoft Basic Render Driver' (Feature Level 11_0)
[2024.01.08-15.29.04:351][  0]LogD3D11RHI:       0/0/15987 MB DedicatedVideo/DedicatedSystem/SharedSystem, Outputs:0, VendorId:0x1414
[2024.01.08-15.29.04:351][  0]LogD3D11RHI: Chosen D3D11 Adapter: 0
[2024.01.08-15.29.04:361][  0]LogD3D11RHI: Creating new Direct3DDevice
[2024.01.08-15.29.04:361][  0]LogD3D11RHI:     GPU DeviceId: 0x1636 (for the marketing name, search the web for "GPU Device Id")
[2024.01.08-15.29.04:361][  0]LogWindows: EnumDisplayDevices:
[2024.01.08-15.29.04:362][  0]LogWindows:    0. 'Microsoft Basic Display Driver' (P:0 D:0)
[2024.01.08-15.29.04:362][  0]LogWindows:    1. 'AMD Radeon(TM) Graphics' (P:1 D:1)
[2024.01.08-15.29.04:362][  0]LogWindows:    2. 'AMD Radeon(TM) Graphics' (P:0 D:0)
[2024.01.08-15.29.04:362][  0]LogWindows:    3. 'AMD Radeon(TM) Graphics' (P:0 D:0)
[2024.01.08-15.29.04:362][  0]LogWindows:    4. 'AMD Radeon(TM) Graphics' (P:0 D:0)
[2024.01.08-15.29.04:362][  0]LogWindows:    5. 'AMD Radeon(TM) Graphics' (P:0 D:0)
[2024.01.08-15.29.04:362][  0]LogWindows: DebugString: GetVideoDriverDetailsInvalid PrimaryIsNotTheChoosenAdapter GetVideoDriverDetailsInvalid PrimaryIsNotTheChoosenAdapter GetVideoDriverDetailsInvalid PrimaryIsNotTheChoosenAdapter GetVideoDriverDetailsInvalid PrimaryIsNotTheChoosenAdapter GetVideoDriverDetailsInvalid PrimaryIsNotTheChoosenAdapter GetVideoDriverDetailsInvalid PrimaryIsNotTheChoosenAdapter FoundDriverCount:0 
[2024.01.08-15.29.04:362][  0]LogD3D11RHI:     Adapter Name: AMD Radeon(TM) Graphics
[2024.01.08-15.29.04:362][  0]LogD3D11RHI:   Driver Version: Unknown (internal:Unknown, unified:Unknown)
[2024.01.08-15.29.04:362][  0]LogD3D11RHI:      Driver Date: Unknown
[2024.01.08-15.29.04:362][  0]LogRHI: Texture pool is 347 MB (70% of 495 MB)
[2024.01.08-15.29.04:415][  0]LogD3D11RHI: Async texture creation enabled
[2024.01.08-15.29.04:432][  0]LogD3D11RHI: GPU Timing Frequency: 100.000000 (Debug: 2 1)
[2024.01.08-15.29.04:435][  0]LogShaderCompilers: Guid format shader working directory is -23 characters bigger than the processId version (../../../../../Users/MelchioT/Documents/workUnrealEngine4/MotorUnreal4B/Intermediate/Shaders/WorkingDirectory/10028/).
[2024.01.08-15.29.04:435][  0]LogShaderCompilers: Cleaned the shader compiler working directory 'C:/Users/MelchioT/AppData/Local/Temp/UnrealShaderWorkingDir/497A2D654CD690416F4EDB88D0BEE13D/'.
[2024.01.08-15.29.04:435][  0]LogShaderCompilers:Display: Using Local Shader Compiler.
[2024.01.08-15.29.05:523][  0]LogTemp:Display: Loaded TP MacTargetPlatform
[2024.01.08-15.29.05:584][  0]LogTemp:Display: Loaded TP MacNoEditorTargetPlatform
[2024.01.08-15.29.05:647][  0]LogTemp:Display: Loaded TP MacServerTargetPlatform
[2024.01.08-15.29.05:711][  0]LogTemp:Display: Loaded TP MacClientTargetPlatform
[2024.01.08-15.29.05:767][  0]LogTemp:Display: Loaded TP WindowsTargetPlatform
[2024.01.08-15.29.05:832][  0]LogTemp:Display: Loaded TP WindowsNoEditorTargetPlatform
[2024.01.08-15.29.05:900][  0]LogTemp:Display: Loaded TP WindowsServerTargetPlatform
[2024.01.08-15.29.05:966][  0]LogTemp:Display: Loaded TP WindowsClientTargetPlatform
[2024.01.08-15.29.06:018][  0]LogTemp:Display: Loaded TP AllDesktopTargetPlatform
[2024.01.08-15.29.06:077][  0]LogTemp:Display: Loaded TP AndroidTargetPlatform
[2024.01.08-15.29.06:143][  0]LogTemp:Display: Loaded TP Android_PVRTCTargetPlatform
[2024.01.08-15.29.06:206][  0]LogTemp:Display: Loaded TP Android_ATCTargetPlatform
[2024.01.08-15.29.06:264][  0]LogTemp:Display: Loaded TP Android_DXTTargetPlatform
[2024.01.08-15.29.06:323][  0]LogTemp:Display: Loaded TP Android_ETC1TargetPlatform
[2024.01.08-15.29.06:389][  0]LogTemp:Display: Loaded TP Android_ETC2TargetPlatform
[2024.01.08-15.29.06:451][  0]LogTemp:Display: Loaded TP Android_ASTCTargetPlatform
[2024.01.08-15.29.06:520][  0]LogTemp:Display: Loaded TP Android_MultiTargetPlatform
[2024.01.08-15.29.06:566][  0]LogTemp:Display: Loaded TP HTML5TargetPlatform
[2024.01.08-15.29.06:691][  0]LogTemp:Display: Loaded TP IOSTargetPlatform
[2024.01.08-15.29.06:732][  0]LogTemp:Display: Loaded TP TVOSTargetPlatform
[2024.01.08-15.29.06:732][  0]LogTargetPlatformManager:Display: Building Assets For Windows
[2024.01.08-15.29.07:297][  0]LogDerivedDataCache:Display: Max Cache Size: 512 MB
[2024.01.08-15.29.07:502][  0]LogDerivedDataCache: Loaded boot cache 0.20s 50MB ../../../../../Users/MelchioT/Documents/workUnrealEngine4/MotorUnreal4B/DerivedDataCache/Boot.ddc.
[2024.01.08-15.29.07:502][  0]LogDerivedDataCache:Display: Loaded Boot cache: ../../../../../Users/MelchioT/Documents/workUnrealEngine4/MotorUnreal4B/DerivedDataCache/Boot.ddc
[2024.01.08-15.29.07:502][  0]LogDerivedDataCache: FDerivedDataBackendGraph:  Pak pak cache file ../../../../../Users/MelchioT/Documents/workUnrealEngine4/MotorUnreal4B/DerivedDataCache/DDC.ddp not found, will not use a pak cache.
[2024.01.08-15.29.07:502][  0]LogDerivedDataCache: Unable to find inner node Pak for hierarchical cache Hierarchy.
[2024.01.08-15.29.07:502][  0]LogDerivedDataCache: FDerivedDataBackendGraph:  EnginePak pak cache file ../../../Engine/DerivedDataCache/DDC.ddp not found, will not use a pak cache.
[2024.01.08-15.29.07:503][  0]LogDerivedDataCache: Unable to find inner node EnginePak for hierarchical cache Hierarchy.
[2024.01.08-15.29.07:516][  0]LogDerivedDataCache: Using Local data cache path ../../../Engine/DerivedDataCache: Writable
[2024.01.08-15.29.07:516][  0]LogDerivedDataCache: Shared data cache path not found in *engine.ini, will not use an Shared cache.
[2024.01.08-15.29.07:516][  0]LogDerivedDataCache: Unable to find inner node Shared for hierarchical cache Hierarchy.
[2024.01.08-15.29.07:528][  0]LogSlate: Using Freetype 2.6.0
[2024.01.08-15.29.07:529][  0]LogSlate: SlateFontCache - WITH_FREETYPE: 1, WITH_HARFBUZZ: 1
[2024.01.08-15.29.07:529][  0]LogSlate: SlateFontCache - WITH_FREETYPE: 1, WITH_HARFBUZZ: 1
[2024.01.08-15.29.07:827][  0]LogInit: Selected Device Profile: [Windows]
[2024.01.08-15.29.07:831][  0]LogContentStreaming: Texture pool size is 0.00 MB
[2024.01.08-15.29.08:018][  0]LogMeshUtilities: Using QuadricMeshReduction for automatic static mesh reduction
[2024.01.08-15.29.08:027][  0]LogMeshUtilities: No automatic skeletal mesh reduction module available
[2024.01.08-15.29.08:027][  0]LogMeshUtilities: No automatic mesh merging module available
[2024.01.08-15.29.08:027][  0]LogMeshUtilities: No distributed automatic mesh merging module available
[2024.01.08-15.29.08:647][  0]LogNetVersion: GetLocalNetworkVersion: CL: 0, ProjectName: motorunreal4b, ProjectVersion: , EngineNetworkVersion: 2, GameNetworkVersion: 0, NetworkChecksum: 3893362438
[2024.01.08-15.29.08:696][  0]LogAssetRegistry: FAssetRegistry took 0.0228 seconds to start up
[2024.01.08-15.29.08:745][  0]LogPackageLocalizationCache: Processed 3 localized package path(s) for 1 prioritized culture(s) in 0.019396 seconds
[2024.01.08-15.29.08:754][  0]LogUObjectArray: 32434 objects as part of root set at end of initial load.
[2024.01.08-15.29.08:754][  0]LogUObjectAllocator: 7066640 out of 0 bytes used by permanent object pool.
[2024.01.08-15.29.08:754][  0]LogUObjectArray: CloseDisregardForGC: 0/0 objects in disregard for GC pool
[2024.01.08-15.29.08:839][  0]LogInit: WinSock: version 1.1 (2.2), MaxSocks=32767, MaxUdp=65467
[2024.01.08-15.29.10:425][  0]LogTcpMessaging: Initializing TcpMessaging bridge
[2024.01.08-15.29.10:472][  0]LogUdpMessaging: Initializing bridge on interface 0.0.0.0:0 to multicast group 230.0.0.1:6666.
[2024.01.08-15.29.10:951][  0]LogMaterial: Uniform references updated for custom material expression Custom.
[2024.01.08-15.29.11:369][  0]SourceControl: Info Source control is disabled
[2024.01.08-15.29.11:416][  0]SourceControl: Info Source control is disabled
[2024.01.08-15.29.11:469][  0]SourceControl: Info Source control is disabled
[2024.01.08-15.29.11:530][  0]SourceControl: Info Source control is disabled
[2024.01.08-15.29.12:858][  0]LogEngine: Initializing Engine...
[2024.01.08-15.29.12:859][  0]LogHMD: Failed to initialize OpenVR with code 110
[2024.01.08-15.29.13:097][  0]LogAIModule: Creating AISystem for world Untitled
[2024.01.08-15.29.13:117][  0]LogInit: XAudio2 using 'Altavoces (Realtek(R) Audio)' : 2 channels at 48 kHz using 16 bits per sample (channel mask 0x3)
[2024.01.08-15.29.13:150][  0]LogInit: FAudioDevice initialized.
[2024.01.08-15.29.13:194][  0]LogDerivedDataCache: Saved boot cache 0.04s 50MB ../../../../../Users/MelchioT/Documents/workUnrealEngine4/MotorUnreal4B/DerivedDataCache/Boot.ddc.
[2024.01.08-15.29.13:205][  0]LogInit: Texture streaming: Enabled
[2024.01.08-15.29.13:339][  0]LogEngineSessionManager: EngineSessionManager initialized
[2024.01.08-15.29.13:456][  0]LogInit: Transaction tracking system initialized
[2024.01.08-15.29.13:882][  0]BlueprintLog: New page: Editor Load
[2024.01.08-15.29.15:140][  0]LocalizationService: Info Localization service is disabled
[2024.01.08-15.29.16:032][  0]LogConsoleResponse:Display: 
[2024.01.08-15.29.16:230][  0]LogCook:Display: Max memory allowance for cook 16384mb min free memory 0mb
[2024.01.08-15.29.16:230][  0]LogCook:Display: Mobile HDR setting 1
[2024.01.08-15.29.17:234][  0]LogFileCache: Scanning file cache for directory 'C:/Users/MelchioT/Documents/workUnrealEngine4/MotorUnreal4B/Content/' took 0.02s
[2024.01.08-15.29.17:611][  0]SourceControl: Info Source control is disabled
[2024.01.08-15.29.17:611][  0]Cmd: MAP LOAD FILE="../../../Engine/Content/Maps/Templates/Template_Default.umap" TEMPLATE=1 SHOWPROGRESS=1 FEATURELEVEL=3
[2024.01.08-15.29.17:612][  0]LightingResults: New page: Lighting Build
[2024.01.08-15.29.17:662][  0]MapCheck: New page: Map Check
[2024.01.08-15.29.17:662][  0]LightingResults: New page: Lighting Build
[2024.01.08-15.29.17:896][  0]LogAIModule: Creating AISystem for world Untitled_1
[2024.01.08-15.29.17:898][  0]LogActorComponent: RegisterComponentWithWorld: (/Temp/Untitled_1.Untitled_1:PersistentLevel.WorldSettings_1.StaticMeshComponent0) Trying to register component with IsPendingKill() == true. Aborting.
[2024.01.08-15.29.17:904][  0]LogEditorServer: Finished looking for orphan Actors (0.000 secs)
[2024.01.08-15.29.17:913][  0]Cmd: MAP CHECKDEP NOCLEARLOG
[2024.01.08-15.29.17:952][  0]MapCheck: Info Map check complete: 0 Error(s), 0 Warning(s), took 39.04ms to complete.
[2024.01.08-15.29.17:953][  0]LogFileHelpers: Loading map 'Template_Default' took 0.341
[2024.01.08-15.29.18:194][  0]LogCollectionManager: Loaded 0 collections in 0.001898 seconds
[2024.01.08-15.29.18:287][  0]LogFileCache: Scanning file cache for directory 'C:/Users/MelchioT/Documents/workUnrealEngine4/MotorUnreal4B/Saved/Collections/' took 0.01s
[2024.01.08-15.29.18:287][  0]LogFileCache: Scanning file cache for directory 'C:/Users/MelchioT/Documents/workUnrealEngine4/MotorUnreal4B/Content/Developers/MelchioT/Collections/' took 0.01s
[2024.01.08-15.29.18:287][  0]LogFileCache: Scanning file cache for directory 'C:/Users/MelchioT/Documents/workUnrealEngine4/MotorUnreal4B/Content/Collections/' took 0.01s
[2024.01.08-15.29.18:287][  0]LogCollectionManager: Rebuilt the GUID cache for 0 collections in 0.000002 seconds
[2024.01.08-15.29.18:299][  0]LogContentBrowser: Native class hierarchy populated in 0.0100 seconds. Added 2243 classes and 448 folders.
[2024.01.08-15.29.18:305][  0]LogStats: UGameplayTagsManager::ConstructGameplayTagTree: Construct from data asset -  0.000 s
[2024.01.08-15.29.18:306][  0]LogStats: UGameplayTagsManager::ConstructGameplayTagTree: GameplayTagTreeChangedEvent.Broadcast -  0.000 s
[2024.01.08-15.29.18:379][  0]LogContentBrowser: Native class hierarchy updated for 'WidgetCarousel' in 0.0006 seconds. Added 0 classes and 0 folders.
[2024.01.08-15.29.18:812][  0]LogContentBrowser: Native class hierarchy updated for 'AddContentDialog' in 0.0005 seconds. Added 0 classes and 0 folders.
[2024.01.08-15.29.18:864][  0]LogContentBrowser: Native class hierarchy updated for 'SceneOutliner' in 0.0005 seconds. Added 1 classes and 2 folders.
[2024.01.08-15.29.19:045][  0]LogCrashTracker: Crashtracker disabled due to settings.
[2024.01.08-15.29.19:061][  0]LogUObjectGlobals:Warning: Failed to find object 'Class None.'
[2024.01.08-15.29.19:138][  0]LogContentBrowser: Native class hierarchy updated for 'HierarchicalLODOutliner' in 0.0007 seconds. Added 1 classes and 2 folders.
[2024.01.08-15.29.19:138][  0]LogLoad: (Engine Initialization) Total time: 17.64 seconds
[2024.01.08-15.29.19:138][  0]LogLoad: (Engine Initialization) Total Blueprint compile time: 0.11 seconds
[2024.01.08-15.29.19:138][  0]LogExternalProfiler: No external profilers were discovered.  External profiling features will not be available.
[2024.01.08-15.29.19:478][  0]LogOcInput: OculusInput pre-init called
[2024.01.08-15.29.19:505][  0]LogContentStreaming: Texture pool size now 1000 MB
[2024.01.08-15.29.19:506][  0]LogSlate: Took 0.000246 seconds to synchronously load lazily loaded font '../../../Engine/Content/Slate/Fonts/Roboto-Regular.ttf' (155K)
[2024.01.08-15.29.19:510][  0]LogSlate: Took 0.000220 seconds to synchronously load lazily loaded font '../../../Engine/Content/Slate/Fonts/Roboto-Bold.ttf' (160K)
[2024.01.08-15.29.19:527][  0]LogSlate: Took 0.011255 seconds to synchronously load lazily loaded font '../../../Engine/Content/Editor/Slate/Fonts/FontAwesome.ttf' (139K)
[2024.01.08-15.29.19:773][  0]LogRenderer: Reallocating scene render targets to support 1208x616 NumSamples 1 (Frame:2).
[2024.01.08-15.29.20:013][  1]LogAssetRegistry: Asset discovery search completed in 11.3391 seconds
[2024.01.08-15.29.20:013][  1]LogCollectionManager: Rebuilt the object cache for 0 collections in 0.000001 seconds (found 0 objects)
[2024.01.08-15.29.20:013][  1]LogCollectionManager: Fixed up redirectors for 0 collections in 0.000016 seconds (updated 0 objects)
[2024.01.08-16.54.11:735][831]LogSlate: Took 0.016235 seconds to synchronously load lazily loaded font '../../../Engine/Content/Slate/Fonts/Roboto-Light.ttf' (159K)
[2024.01.08-16.54.11:775][831]LogFactory: FactoryCreateFile: SoundWave with ReimportSoundFactory (0 0 C:\Users\MelchioT\Desktop\jet.wav)
[2024.01.08-16.54.11:818][831]LogAudioDerivedData:Display: Building compressed audio format OGG wave jet...
[2024.01.08-16.54.12:662][831]LogAudioDerivedData:Warning: Updated SoundWave->RawPCMDataSize during cooking SoundWave /Game/Audio/jet.jet.
[2024.01.08-16.54.17:656][105]LogTexture:Display: Building textures: S_AudioComponent_AutoActivate (BGRA8)
[2024.01.08-16.54.34:620][258]LogSlate: Took 0.000207 seconds to synchronously load lazily loaded font '../../../Engine/Content/Slate/Fonts/Roboto-Light.ttf' (159K)
[2024.01.08-16.54.43:508][368]LogSavePackage: Save=25.98ms
[2024.01.08-16.54.43:508][368]LogSavePackage: Moving '../../../../../Users/MelchioT/Documents/workUnrealEngine4/MotorUnreal4B/Saved/Untitled_1_Auto193CDAE8545135D0846B63AACD76BFBE8.tmp' to '../../../../../Users/MelchioT/Documents/workUnrealEngine4/MotorUnreal4B/Saved/Autosaves/Temp/Untitled_1_Auto1.umap'
[2024.01.08-16.54.43:509][368]LogSavePackage:Display: Finished SavePackage ../../../../../Users/MelchioT/Documents/workUnrealEngine4/MotorUnreal4B/Saved/Autosaves/Temp/Untitled_1_Auto1.umap
[2024.01.08-16.54.43:510][368]LogFileHelpers: Editor autosave (incl. sublevels) for '/Temp/Untitled_1' took 0.045
[2024.01.08-16.54.43:510][368]LogFileHelpers: Editor autosave (incl. sublevels) for all levels took 0.045
[2024.01.08-16.54.43:513][368]OBJ SavePackage: Generating thumbnails for [1] asset(s) in package [/Game/Audio/jet] ([1] browsable assets)...
[2024.01.08-16.54.43:525][368]OBJ SavePackage:     Rendered thumbnail for [SoundWave /Game/Audio/jet.jet]
[2024.01.08-16.54.43:525][368]OBJ SavePackage: Finished generating thumbnails for package [/Game/Audio/jet]
[2024.01.08-16.54.43:525][368]Cmd: OBJ SAVEPACKAGE PACKAGE="/Game/Audio/jet" FILE="../../../../../Users/MelchioT/Documents/workUnrealEngine4/MotorUnreal4B/Saved/Autosaves/Game/Audio/jet_Auto1.uasset" SILENT=false AUTOSAVING=true
[2024.01.08-16.54.43:536][368]LogSavePackage: Save=9.09ms
[2024.01.08-16.54.43:536][368]LogSavePackage: Moving '../../../../../Users/MelchioT/Documents/workUnrealEngine4/MotorUnreal4B/Saved/jet_Auto12E71B7C546338AD2F6427A84A1590857.tmp' to '../../../../../Users/MelchioT/Documents/workUnrealEngine4/MotorUnreal4B/Saved/Autosaves/Game/Audio/jet_Auto1.uasset'
[2024.01.08-16.54.43:537][368]LogSavePackage:Display: Finished SavePackage ../../../../../Users/MelchioT/Documents/workUnrealEngine4/MotorUnreal4B/Saved/Autosaves/Game/Audio/jet_Auto1.uasset
[2024.01.08-16.54.43:537][368]LogFileHelpers: Auto-saving content packages took 0.025
[2024.01.08-16.56.06:985][ 83]LogEditorViewport: Clicking on Actor (LMB): AmbientSound (jet)
[2024.01.08-16.56.07:399][106]Cmd: DELETE
[2024.01.08-16.56.07:399][106]Cmd: ACTOR DELETE
[2024.01.08-16.56.07:400][106]LogEditorActor: Deleted Actor: AmbientSound
[2024.01.08-16.56.07:408][106]LogEditorActor: Deleted 1 Actors (0.009 secs)
[2024.01.08-16.56.47:655][ 66]Cmd: OBJ SAVEPACKAGE PACKAGE="/Game/Audio/jet" FILE="../../../../../Users/MelchioT/Documents/workUnrealEngine4/MotorUnreal4B/Content/Audio/jet.uasset" SILENT=true
[2024.01.08-16.56.47:664][ 66]LogSavePackage: Save=7.35ms
[2024.01.08-16.56.47:664][ 66]LogSavePackage: Moving '../../../../../Users/MelchioT/Documents/workUnrealEngine4/MotorUnreal4B/Saved/jet5F07D1F34DE93DA11B4C1DA8B18BDE76.tmp' to '../../../../../Users/MelchioT/Documents/workUnrealEngine4/MotorUnreal4B/Content/Audio/jet.uasset'
[2024.01.08-16.56.47:665][ 66]LogSavePackage:Display: Finished SavePackage ../../../../../Users/MelchioT/Documents/workUnrealEngine4/MotorUnreal4B/Content/Audio/jet.uasset
[2024.01.08-17.01.35:151][138]LogFactory: FactoryCreateFile: SoundWave with ReimportSoundFactory (0 0 C:\Users\MelchioT\Desktop\jet.wav)
[2024.01.08-17.01.35:189][138]LogAudioDerivedData:Display: Building compressed audio format OGG wave jet...
[2024.01.08-17.01.35:983][138]LogAudioDerivedData:Warning: Updated SoundWave->RawPCMDataSize during cooking SoundWave /Game/Audio/jet.jet.
[2024.01.08-17.01.41:519][447]Cmd: OBJ SAVEPACKAGE PACKAGE="/Game/Audio/jet" FILE="../../../../../Users/MelchioT/Documents/workUnrealEngine4/MotorUnreal4B/Content/Audio/jet.uasset" SILENT=true
[2024.01.08-17.01.41:527][447]LogSavePackage: Save=6.97ms
[2024.01.08-17.01.41:527][447]LogSavePackage: Moving '../../../../../Users/MelchioT/Documents/workUnrealEngine4/MotorUnreal4B/Saved/jet843C83C24EC7323F3AEED9BBD5239406.tmp' to '../../../../../Users/MelchioT/Documents/workUnrealEngine4/MotorUnreal4B/Content/Audio/jet.uasset'
[2024.01.08-17.01.41:529][447]LogSavePackage:Display: Finished SavePackage ../../../../../Users/MelchioT/Documents/workUnrealEngine4/MotorUnreal4B/Content/Audio/jet.uasset
[2024.01.08-17.03.10:941][380]LogTemp: Repeting last play command: Selected Viewport
[2024.01.08-17.03.10:953][380]LogPlayLevel: PlayLevel: No blueprints needed recompiling
[2024.01.08-17.03.10:960][380]PIE: New page: PIE session: Untitled_1 (Jan 8, 2024, 11:03:10 AM)
[2024.01.08-17.03.10:961][380]LogPlayLevel: Creating play world package: /Temp/UEDPIE_0_Untitled_1
[2024.01.08-17.03.10:963][380]LogPlayLevel: PIE: StaticDuplicateObject took: (0.002129s)
[2024.01.08-17.03.10:964][380]LogAIModule: Creating AISystem for world Untitled_1
[2024.01.08-17.03.10:964][380]LogPlayLevel: PIE: World Init took: (0.000863s)
[2024.01.08-17.03.10:964][380]LogPlayLevel: PIE: Created PIE world by copying editor world from /Temp/Untitled_1.Untitled_1 to /Temp/UEDPIE_0_Untitled_1.Untitled_1 (0.003190s)
[2024.01.08-17.03.10:978][380]LogInit: XAudio2 using '2 - XG2401 SERIES (AMD High Definition Audio Device)' : 2 channels at 48 kHz using 16 bits per sample (channel mask 0x3)
[2024.01.08-17.03.10:992][380]LogInit: FAudioDevice initialized.
[2024.01.08-17.03.11:067][380]LogLoad: Game class is 'GameModeBase'
[2024.01.08-17.03.11:072][380]LogWorld: Bringing World /Temp/UEDPIE_0_Untitled_1.Untitled_1 up for play (max tick rate 60) at 2024.01.08-14.03.11
[2024.01.08-17.03.11:072][380]LogWorld: Bringing up level for play took: 0.000862
[2024.01.08-17.03.11:113][380]LogContentBrowser: Native class hierarchy updated for 'MovieSceneCapture' in 0.0005 seconds. Added 11 classes and 0 folders.
[2024.01.08-17.03.11:114][380]PIE: Info Play in editor start time for /Temp/UEDPIE_0_Untitled_1 0.618
[2024.01.08-17.03.53:874][995]LogEditorViewport: Clicking on Actor (LMB): AmbientSound (jet)
[2024.01.08-17.04.03:316][560]LogEditorViewport: Clicking on Actor (LMB): BP_Sky_Sphere_C (Sky Sphere)
[2024.01.08-17.04.03:554][566]LogSlate: Took 0.000250 seconds to synchronously load lazily loaded font '../../../Engine/Content/Slate/Fonts/Roboto-Light.ttf' (159K)
[2024.01.08-17.04.05:199][609]LogTemp: Repeting last play command: Selected Viewport
[2024.01.08-17.04.05:210][609]LogPlayLevel: PlayLevel: No blueprints needed recompiling
[2024.01.08-17.04.05:210][609]PIE: New page: PIE session: Untitled_1 (Jan 8, 2024, 11:04:05 AM)
[2024.01.08-17.04.05:210][609]LogPlayLevel: Creating play world package: /Temp/UEDPIE_0_Untitled_1
[2024.01.08-17.04.05:212][609]LogPlayLevel: PIE: StaticDuplicateObject took: (0.001684s)
[2024.01.08-17.04.05:213][609]LogAIModule: Creating AISystem for world Untitled_1
[2024.01.08-17.04.05:213][609]LogPlayLevel: PIE: World Init took: (0.001032s)
[2024.01.08-17.04.05:213][609]LogPlayLevel: PIE: Created PIE world by copying editor world from /Temp/Untitled_1.Untitled_1 to /Temp/UEDPIE_0_Untitled_1.Untitled_1 (0.002942s)
[2024.01.08-17.04.05:229][609]LogInit: XAudio2 using '2 - XG2401 SERIES (AMD High Definition Audio Device)' : 2 channels at 48 kHz using 16 bits per sample (channel mask 0x3)
[2024.01.08-17.04.05:286][609]LogInit: FAudioDevice initialized.
[2024.01.08-17.04.05:318][609]LogLoad: Game class is 'GameModeBase'
[2024.01.08-17.04.05:321][609]LogWorld: Bringing World /Temp/UEDPIE_0_Untitled_1.Untitled_1 up for play (max tick rate 60) at 2024.01.08-14.04.05
[2024.01.08-17.04.05:321][609]LogWorld: Bringing up level for play took: 0.000881
[2024.01.08-17.04.05:322][609]PIE: Info Play in editor start time for /Temp/UEDPIE_0_Untitled_1 0.826
[2024.01.08-17.04.15:988][242]LogEditorViewport: Clicking on Actor (LMB): AmbientSound (jet)
[2024.01.08-17.04.56:619][506]LogSavePackage: Save=25.38ms
[2024.01.08-17.04.56:619][506]LogSavePackage: Moving '../../../../../Users/MelchioT/Documents/workUnrealEngine4/MotorUnreal4B/Saved/Untitled_1_Auto2288603A44ECB3F1C9E0252A3AB024028.tmp' to '../../../../../Users/MelchioT/Documents/workUnrealEngine4/MotorUnreal4B/Saved/Autosaves/Temp/Untitled_1_Auto2.umap'
[2024.01.08-17.04.56:621][506]LogSavePackage:Display: Finished SavePackage ../../../../../Users/MelchioT/Documents/workUnrealEngine4/MotorUnreal4B/Saved/Autosaves/Temp/Untitled_1_Auto2.umap
[2024.01.08-17.04.56:622][506]LogFileHelpers: Editor autosave (incl. sublevels) for '/Temp/Untitled_1' took 0.036
[2024.01.08-17.04.56:622][506]LogFileHelpers: Editor autosave (incl. sublevels) for all levels took 0.036
[2024.01.08-17.06.06:305][777]LogTemp: Repeting last play command: Selected Viewport
[2024.01.08-17.06.06:316][777]LogPlayLevel: PlayLevel: No blueprints needed recompiling
[2024.01.08-17.06.06:316][777]PIE: New page: PIE session: Untitled_1 (Jan 8, 2024, 11:06:06 AM)
[2024.01.08-17.06.06:316][777]LogPlayLevel: Creating play world package: /Temp/UEDPIE_0_Untitled_1
[2024.01.08-17.06.06:318][777]LogPlayLevel: PIE: StaticDuplicateObject took: (0.001510s)
[2024.01.08-17.06.06:319][777]LogAIModule: Creating AISystem for world Untitled_1
[2024.01.08-17.06.06:319][777]LogPlayLevel: PIE: World Init took: (0.000854s)
[2024.01.08-17.06.06:319][777]LogPlayLevel: PIE: Created PIE world by copying editor world from /Temp/Untitled_1.Untitled_1 to /Temp/UEDPIE_0_Untitled_1.Untitled_1 (0.002542s)
[2024.01.08-17.06.06:336][777]LogInit: XAudio2 using '2 - XG2401 SERIES (AMD High Definition Audio Device)' : 2 channels at 48 kHz using 16 bits per sample (channel mask 0x3)
[2024.01.08-17.06.06:348][777]LogInit: FAudioDevice initialized.
[2024.01.08-17.06.06:378][777]LogLoad: Game class is 'GameModeBase'
[2024.01.08-17.06.06:381][777]LogWorld: Bringing World /Temp/UEDPIE_0_Untitled_1.Untitled_1 up for play (max tick rate 60) at 2024.01.08-14.06.06
[2024.01.08-17.06.06:381][777]LogWorld: Bringing up level for play took: 0.001157
[2024.01.08-17.06.06:382][777]PIE: Info Play in editor start time for /Temp/UEDPIE_0_Untitled_1 -0.115
[2024.01.08-17.06.19:804][573]LogEditorViewport: Clicking on Actor (LMB): StaticMeshActor (Floor)
[2024.01.08-17.06.21:062][639]Cmd: CAMERA ALIGN ACTIVEVIEWPORTONLY
[2024.01.08-17.06.42:380][873]LogEditorViewport: Clicking on Actor (LMB): AmbientSound (jet)
[2024.01.08-17.07.14:781][312]LogTemp: Repeting last play command: Selected Viewport
[2024.01.08-17.07.14:793][312]LogPlayLevel: PlayLevel: No blueprints needed recompiling
[2024.01.08-17.07.14:793][312]PIE: New page: PIE session: Untitled_1 (Jan 8, 2024, 11:07:14 AM)
[2024.01.08-17.07.14:793][312]LogPlayLevel: Creating play world package: /Temp/UEDPIE_0_Untitled_1
[2024.01.08-17.07.14:794][312]LogPlayLevel: PIE: StaticDuplicateObject took: (0.001525s)
[2024.01.08-17.07.14:795][312]LogAIModule: Creating AISystem for world Untitled_1
[2024.01.08-17.07.14:795][312]LogPlayLevel: PIE: World Init took: (0.000842s)
[2024.01.08-17.07.14:796][312]LogPlayLevel: PIE: Created PIE world by copying editor world from /Temp/Untitled_1.Untitled_1 to /Temp/UEDPIE_0_Untitled_1.Untitled_1 (0.002620s)
[2024.01.08-17.07.14:812][312]LogInit: XAudio2 using '2 - XG2401 SERIES (AMD High Definition Audio Device)' : 2 channels at 48 kHz using 16 bits per sample (channel mask 0x3)
[2024.01.08-17.07.14:824][312]LogInit: FAudioDevice initialized.
[2024.01.08-17.07.14:860][312]LogLoad: Game class is 'GameModeBase'
[2024.01.08-17.07.14:863][312]LogWorld: Bringing World /Temp/UEDPIE_0_Untitled_1.Untitled_1 up for play (max tick rate 60) at 2024.01.08-14.07.14
[2024.01.08-17.07.14:863][312]LogWorld: Bringing up level for play took: 0.000867
[2024.01.08-17.07.14:864][312]PIE: Info Play in editor start time for /Temp/UEDPIE_0_Untitled_1 0.367
[2024.01.08-17.08.01:823][275]LogEditorViewport: Clicking on Actor (LMB): PlayerStart (Player Start)
[2024.01.08-17.08.03:665][381]LogEditorViewport: Clicking on Actor (LMB): AmbientSound (jet)
[2024.01.08-17.09.48:006][623]LogTemp: Repeting last play command: Selected Viewport
[2024.01.08-17.09.48:017][623]LogPlayLevel: PlayLevel: No blueprints needed recompiling
[2024.01.08-17.09.48:017][623]PIE: New page: PIE session: Untitled_1 (Jan 8, 2024, 11:09:48 AM)
[2024.01.08-17.09.48:018][623]LogPlayLevel: Creating play world package: /Temp/UEDPIE_0_Untitled_1
[2024.01.08-17.09.48:019][623]LogPlayLevel: PIE: StaticDuplicateObject took: (0.001596s)
[2024.01.08-17.09.48:020][623]LogAIModule: Creating AISystem for world Untitled_1
[2024.01.08-17.09.48:020][623]LogPlayLevel: PIE: World Init took: (0.000836s)
[2024.01.08-17.09.48:020][623]LogPlayLevel: PIE: Created PIE world by copying editor world from /Temp/Untitled_1.Untitled_1 to /Temp/UEDPIE_0_Untitled_1.Untitled_1 (0.002623s)
[2024.01.08-17.09.48:036][623]LogInit: XAudio2 using '2 - XG2401 SERIES (AMD High Definition Audio Device)' : 2 channels at 48 kHz using 16 bits per sample (channel mask 0x3)
[2024.01.08-17.09.48:101][623]LogInit: FAudioDevice initialized.
[2024.01.08-17.09.48:136][623]LogLoad: Game class is 'GameModeBase'
[2024.01.08-17.09.48:139][623]LogWorld: Bringing World /Temp/UEDPIE_0_Untitled_1.Untitled_1 up for play (max tick rate 60) at 2024.01.08-14.09.48
[2024.01.08-17.09.48:139][623]LogWorld: Bringing up level for play took: 0.000877
[2024.01.08-17.09.48:140][623]PIE: Info Play in editor start time for /Temp/UEDPIE_0_Untitled_1 -0.356
[2024.01.08-17.13.14:265][898]LogEditorViewport: Clicking on Actor (LMB): BP_Sky_Sphere_C (Sky Sphere)
[2024.01.08-17.13.20:357][229]LogActorFactory: Actor Factory created Cube
[2024.01.08-17.13.21:373][285]LogActorFactory: Actor Factory created Cube
[2024.01.08-17.13.22:021][317]LogSlate: Took 0.005795 seconds to synchronously load lazily loaded font '../../../Engine/Content/Editor/Slate/Fonts/Roboto-Italic.ttf' (157K)
[2024.01.08-17.13.45:072][611]LogEditorViewport: Clicking on Actor (LMB): StaticMeshActor (Floor)
[2024.01.08-17.13.46:665][698]LogEditorViewport: Clicking on Actor (LMB): AmbientSound (jet)
[2024.01.08-17.14.01:791][557]LogEditorViewport: Clicking on Actor (LMB): StaticMeshActor (Cube)
[2024.01.08-17.14.02:728][601]LogEditorViewport: Clicking on Actor (LMB): AmbientSound (jet)
[2024.01.08-17.14.13:299][230]LogEditorViewport: Clicking on Actor (LMB): BP_Sky_Sphere_C (Sky Sphere)
[2024.01.08-17.14.14:039][271]LogEditorViewport: Clicking on Actor (LMB): AmbientSound (jet)
[2024.01.08-17.14.55:308][724]Cmd: TRANSACTION UNDO
[2024.01.08-17.14.55:308][724]LogEditorTransaction: Undo Edit X
[2024.01.08-17.15.13:994][843]Cmd: TRANSACTION UNDO
[2024.01.08-17.15.13:994][843]LogEditorTransaction: Undo Edit LPFRadius Min
[2024.01.08-17.15.28:438][709]LogEditorViewport: Clicking on Actor (LMB): StaticMeshActor (Floor)
[2024.01.08-17.15.29:495][767]LogEditorViewport: Clicking on Actor (LMB): StaticMeshActor (Floor)
[2024.01.08-17.15.30:198][808]LogEditorViewport: Clicking on Actor (LMB): StaticMeshActor (Floor)
[2024.01.08-17.15.30:837][845]LogEditorViewport: Clicking on Actor (LMB): StaticMeshActor (Floor)
[2024.01.08-17.15.31:541][886]LogEditorViewport: Clicking on Actor (LMB): BP_Sky_Sphere_C (Sky Sphere)
[2024.01.08-17.15.32:031][912]LogEditorViewport: Clicking on Actor (LMB): AmbientSound (jet)
[2024.01.08-17.15.33:063][970]LogEditorViewport: Clicking on Actor (LMB): StaticMeshActor (Floor)
[2024.01.08-17.15.34:033][ 23]LogEditorViewport: Clicking on Actor (LMB): StaticMeshActor (Floor)
[2024.01.08-17.15.37:942][173]LogTemp: Repeting last play command: Selected Viewport
[2024.01.08-17.15.37:954][173]LogPlayLevel: PlayLevel: No blueprints needed recompiling
[2024.01.08-17.15.37:954][173]PIE: New page: PIE session: Untitled_1 (Jan 8, 2024, 11:15:37 AM)
[2024.01.08-17.15.37:954][173]LogPlayLevel: Creating play world package: /Temp/UEDPIE_0_Untitled_1
[2024.01.08-17.15.37:956][173]LogPlayLevel: PIE: StaticDuplicateObject took: (0.002310s)
[2024.01.08-17.15.37:957][173]LogAIModule: Creating AISystem for world Untitled_1
[2024.01.08-17.15.37:957][173]LogPlayLevel: PIE: World Init took: (0.000878s)
[2024.01.08-17.15.37:957][173]LogPlayLevel: PIE: Created PIE world by copying editor world from /Temp/Untitled_1.Untitled_1 to /Temp/UEDPIE_0_Untitled_1.Untitled_1 (0.003390s)
[2024.01.08-17.15.37:974][173]LogInit: XAudio2 using '2 - XG2401 SERIES (AMD High Definition Audio Device)' : 2 channels at 48 kHz using 16 bits per sample (channel mask 0x3)
[2024.01.08-17.15.38:029][173]LogInit: FAudioDevice initialized.
[2024.01.08-17.15.38:062][173]LogLoad: Game class is 'GameModeBase'
[2024.01.08-17.15.38:065][173]LogWorld: Bringing World /Temp/UEDPIE_0_Untitled_1.Untitled_1 up for play (max tick rate 60) at 2024.01.08-14.15.38
[2024.01.08-17.15.38:065][173]LogWorld: Bringing up level for play took: 0.000864
[2024.01.08-17.15.38:066][173]PIE: Info Play in editor start time for /Temp/UEDPIE_0_Untitled_1 -0.43
[2024.01.08-17.15.48:506][791]LogTemp: Repeting last play command: Selected Viewport
[2024.01.08-17.15.48:517][791]LogPlayLevel: PlayLevel: No blueprints needed recompiling
[2024.01.08-17.15.48:517][791]PIE: New page: PIE session: Untitled_1 (Jan 8, 2024, 11:15:48 AM)
[2024.01.08-17.15.48:517][791]LogPlayLevel: Creating play world package: /Temp/UEDPIE_0_Untitled_1
[2024.01.08-17.15.48:518][791]LogPlayLevel: PIE: StaticDuplicateObject took: (0.001483s)
[2024.01.08-17.15.48:519][791]LogAIModule: Creating AISystem for world Untitled_1
[2024.01.08-17.15.48:519][791]LogPlayLevel: PIE: World Init took: (0.000743s)
[2024.01.08-17.15.48:519][791]LogPlayLevel: PIE: Created PIE world by copying editor world from /Temp/Untitled_1.Untitled_1 to /Temp/UEDPIE_0_Untitled_1.Untitled_1 (0.002401s)
[2024.01.08-17.15.48:536][791]LogInit: XAudio2 using '2 - XG2401 SERIES (AMD High Definition Audio Device)' : 2 channels at 48 kHz using 16 bits per sample (channel mask 0x3)
[2024.01.08-17.15.48:548][791]LogInit: FAudioDevice initialized.
[2024.01.08-17.15.48:581][791]LogLoad: Game class is 'GameModeBase'
[2024.01.08-17.15.48:584][791]LogWorld: Bringing World /Temp/UEDPIE_0_Untitled_1.Untitled_1 up for play (max tick rate 60) at 2024.01.08-14.15.48
[2024.01.08-17.15.48:584][791]LogWorld: Bringing up level for play took: 0.000926
[2024.01.08-17.15.48:585][791]PIE: Info Play in editor start time for /Temp/UEDPIE_0_Untitled_1 0.089
[2024.01.08-17.16.40:951][582]LogSavePackage: Save=25.08ms
[2024.01.08-17.16.40:951][582]LogSavePackage: Moving '../../../../../Users/MelchioT/Documents/workUnrealEngine4/MotorUnreal4B/Saved/Nivel5D510585406AF34659A39C9A1D6C4BC4.tmp' to '../../../../../Users/MelchioT/Documents/workUnrealEngine4/MotorUnreal4B/Content/Ejercicios/Ejercicio21/Nivel.umap'
[2024.01.08-17.16.40:953][582]LogSavePackage:Display: Finished SavePackage ../../../../../Users/MelchioT/Documents/workUnrealEngine4/MotorUnreal4B/Content/Ejercicios/Ejercicio21/Nivel.umap
[2024.01.08-17.16.40:983][582]LogFileHelpers: Saving map 'Nivel' took 0.396
[2024.01.08-17.16.42:505][667]LogSavePackage: Save=24.29ms
[2024.01.08-17.16.42:505][667]LogSavePackage: Moving '../../../../../Users/MelchioT/Documents/workUnrealEngine4/MotorUnreal4B/Saved/NivelE168216A403AED2204EAB794B383709C.tmp' to '../../../../../Users/MelchioT/Documents/workUnrealEngine4/MotorUnreal4B/Content/Ejercicios/Ejercicio21/Nivel.umap'
[2024.01.08-17.16.42:506][667]LogSavePackage:Display: Finished SavePackage ../../../../../Users/MelchioT/Documents/workUnrealEngine4/MotorUnreal4B/Content/Ejercicios/Ejercicio21/Nivel.umap
[2024.01.08-17.17.17:483][719]Cmd: QUIT_EDITOR
[2024.01.08-17.17.18:033][719]LogWindowsTextInputMethodSystem:Display: IME system now deactivated.
[2024.01.08-17.17.18:055][719]LogExit: Preparing to exit.
[2024.01.08-17.17.18:821][719]LogDirectoryWatcher: A directory notification for 'C:/Users/MelchioT/Documents/workUnrealEngine4/MotorUnreal4B/Content/' was aborted.
[2024.01.08-17.17.18:832][719]LogExit: Editor shut down
[2024.01.08-17.17.18:832][719]LogExit: Transaction tracking system shut down
[2024.01.08-17.17.18:883][719]LogObj: Freed 0b from 0 cluster array pools.
[2024.01.08-17.17.18:883][719]LogExit: Object subsystem successfully closed.
[2024.01.08-17.17.18:897][719]LogD3D11RHI: Shutdown
[2024.01.08-17.17.18:897][719]LogD3D11RHI: CleanupD3DDevice
[2024.01.08-17.17.18:970][719]LogD3D11RHI: ~FD3D11DynamicRHI
[2024.01.08-17.17.18:981][719]LogModuleManager: Shutting down and abandoning module MovieSceneCapture (482)
[2024.01.08-17.17.18:981][719]LogModuleManager: Shutting down and abandoning module HierarchicalLODOutliner (480)
[2024.01.08-17.17.18:981][719]LogModuleManager: Shutting down and abandoning module CrashTracker (478)
[2024.01.08-17.17.18:981][719]LogModuleManager: Shutting down and abandoning module SceneOutliner (476)
[2024.01.08-17.17.18:981][719]LogModuleManager: Shutting down and abandoning module AddContentDialog (474)
[2024.01.08-17.17.18:982][719]LogDirectoryWatcher: A directory notification for 'C:/Program Files/Unreal Engine 4 (4.15.0)/FeaturePacks/' was aborted.
[2024.01.08-17.17.18:982][719]LogModuleManager: Shutting down and abandoning module WidgetCarousel (473)
[2024.01.08-17.17.18:982][719]LogModuleManager: Shutting down and abandoning module EditorWidgets (470)
[2024.01.08-17.17.18:982][719]LogModuleManager: Shutting down and abandoning module CollectionManager (468)
[2024.01.08-17.17.18:982][719]LogDirectoryWatcher: A directory notification for 'C:/Users/MelchioT/Documents/workUnrealEngine4/MotorUnreal4B/Content/Collections/' was aborted.
[2024.01.08-17.17.18:982][719]LogDirectoryWatcher: A directory notification for 'C:/Users/MelchioT/Documents/workUnrealEngine4/MotorUnreal4B/Content/Developers/MelchioT/Collections/' was aborted.
[2024.01.08-17.17.18:982][719]LogDirectoryWatcher: A directory notification for 'C:/Users/MelchioT/Documents/workUnrealEngine4/MotorUnreal4B/Saved/Collections/' was aborted.
[2024.01.08-17.17.18:982][719]LogModuleManager: Shutting down and abandoning module StatsViewer (466)
[2024.01.08-17.17.18:982][719]LogModuleManager: Shutting down and abandoning module FoliageEdit (464)
[2024.01.08-17.17.18:983][719]LogModuleManager: Shutting down and abandoning module LandscapeEditor (462)
[2024.01.08-17.17.18:983][719]LogModuleManager: Shutting down and abandoning module SceneDepthPickerMode (460)
[2024.01.08-17.17.18:983][719]LogModuleManager: Shutting down and abandoning module ActorPickerMode (458)
[2024.01.08-17.17.18:983][719]LogModuleManager: Shutting down and abandoning module GeometryMode (456)
[2024.01.08-17.17.18:983][719]LogModuleManager: Shutting down and abandoning module TextureAlignMode (454)
[2024.01.08-17.17.18:983][719]LogModuleManager: Shutting down and abandoning module BspMode (452)
[2024.01.08-17.17.18:983][719]LogModuleManager: Shutting down and abandoning module HardwareSurvey (450)
[2024.01.08-17.17.18:983][719]LogModuleManager: Shutting down and abandoning module SequenceRecorderSections (448)
[2024.01.08-17.17.18:983][719]LogModuleManager: Shutting down and abandoning module AutomationWorker (446)
[2024.01.08-17.17.18:983][719]LogModuleManager: Shutting down and abandoning module MatineeToLevelSequence (444)
[2024.01.08-17.17.18:983][719]LogModuleManager: Shutting down and abandoning module LevelSequenceEditor (442)
[2024.01.08-17.17.18:983][719]LogModuleManager: Shutting down and abandoning module PlacementMode (441)
[2024.01.08-17.17.18:983][719]LogModuleManager: Shutting down and abandoning module WmfMediaFactory (438)
[2024.01.08-17.17.18:983][719]LogModuleManager: Shutting down and abandoning module WmfMediaEditor (436)
[2024.01.08-17.17.18:983][719]LogModuleManager: Shutting down and abandoning module MfMediaFactory (434)
[2024.01.08-17.17.18:983][719]LogModuleManager: Shutting down and abandoning module MfMediaEditor (432)
[2024.01.08-17.17.18:983][719]LogModuleManager: Shutting down and abandoning module AvfMediaFactory (430)
[2024.01.08-17.17.18:983][719]LogModuleManager: Shutting down and abandoning module AvfMediaEditor (428)
[2024.01.08-17.17.18:983][719]LogModuleManager: Shutting down and abandoning module AndroidMediaFactory (426)
[2024.01.08-17.17.18:983][719]LogModuleManager: Shutting down and abandoning module Media (425)
[2024.01.08-17.17.18:983][719]LogModuleManager: Shutting down and abandoning module AndroidMediaEditor (422)
[2024.01.08-17.17.18:983][719]LogModuleManager: Shutting down and abandoning module CharacterAI (420)
[2024.01.08-17.17.18:983][719]LogModuleManager: Shutting down and abandoning module AudioCapture (418)
[2024.01.08-17.17.18:983][719]LogModuleManager: Shutting down and abandoning module SequenceRecorder (417)
[2024.01.08-17.17.18:983][719]LogModuleManager: Shutting down and abandoning module SmartSnapping (414)
[2024.01.08-17.17.18:983][719]LogModuleManager: Shutting down and abandoning module SessionServices (412)
[2024.01.08-17.17.18:983][719]LogModuleManager: Shutting down and abandoning module ViewportSnapping (410)
[2024.01.08-17.17.18:983][719]LogModuleManager: Shutting down and abandoning module ViewportInteraction (408)
[2024.01.08-17.17.18:983][719]LogModuleManager: Shutting down and abandoning module LogVisualizer (406)
[2024.01.08-17.17.18:983][719]LogModuleManager: Shutting down and abandoning module IntroTutorials (404)
[2024.01.08-17.17.18:983][719]LogModuleManager: Shutting down and abandoning module GameProjectGeneration (403)
[2024.01.08-17.17.18:983][719]LogModuleManager: Shutting down and abandoning module EditorLiveStreaming (400)
[2024.01.08-17.17.18:983][719]LogModuleManager: Shutting down and abandoning module IOSPlatformEditor (398)
[2024.01.08-17.17.18:983][719]LogModuleManager: Shutting down and abandoning module HTML5PlatformEditor (396)
[2024.01.08-17.17.18:983][719]LogModuleManager: Shutting down and abandoning module AndroidPlatformEditor (394)
[2024.01.08-17.17.18:983][719]LogModuleManager: Shutting down and abandoning module AndroidDeviceDetection (393)
[2024.01.08-17.17.19:289][719]LogModuleManager: Shutting down and abandoning module IOSRuntimeSettings (390)
[2024.01.08-17.17.19:289][719]LogModuleManager: Shutting down and abandoning module AndroidRuntimeSettings (388)
[2024.01.08-17.17.19:289][719]LogModuleManager: Shutting down and abandoning module InputBindingEditor (386)
[2024.01.08-17.17.19:289][719]LogModuleManager: Shutting down and abandoning module NiagaraEditor (384)
[2024.01.08-17.17.19:289][719]LogModuleManager: Shutting down and abandoning module MergeActors (382)
[2024.01.08-17.17.19:289][719]LogModuleManager: Shutting down and abandoning module SizeMap (380)
[2024.01.08-17.17.19:289][719]LogModuleManager: Shutting down and abandoning module TreeMap (378)
[2024.01.08-17.17.19:289][719]LogModuleManager: Shutting down and abandoning module ReferenceViewer (376)
[2024.01.08-17.17.19:289][719]LogModuleManager: Shutting down and abandoning module LocalizationDashboard (374)
[2024.01.08-17.17.19:289][719]LogModuleManager: Shutting down and abandoning module LocalizationService (373)
[2024.01.08-17.17.19:289][719]LogModuleManager: Shutting down and abandoning module HardwareTargeting (370)
[2024.01.08-17.17.19:289][719]LogModuleManager: Shutting down and abandoning module DeviceProfileEditor (368)
[2024.01.08-17.17.19:289][719]LogModuleManager: Shutting down and abandoning module UndoHistory (366)
[2024.01.08-17.17.19:289][719]LogModuleManager: Shutting down and abandoning module UserFeedback (364)
[2024.01.08-17.17.19:289][719]LogModuleManager: Shutting down and abandoning module XmlParser (362)
[2024.01.08-17.17.19:289][719]LogModuleManager: Shutting down and abandoning module Blutility (360)
[2024.01.08-17.17.19:289][719]LogModuleManager: Shutting down and abandoning module ProjectSettingsViewer (358)
[2024.01.08-17.17.19:290][719]LogModuleManager: Shutting down and abandoning module ProjectTargetPlatformEditor (357)
[2024.01.08-17.17.19:290][719]LogModuleManager: Shutting down and abandoning module EditorSettingsViewer (354)
[2024.01.08-17.17.19:290][719]LogModuleManager: Shutting down and abandoning module SettingsEditor (352)
[2024.01.08-17.17.19:290][719]LogModuleManager: Shutting down and abandoning module ProjectLauncher (350)
[2024.01.08-17.17.19:290][719]LogModuleManager: Shutting down and abandoning module SessionFrontend (348)
[2024.01.08-17.17.19:290][719]LogModuleManager: Shutting down and abandoning module ProfilerClient (346)
[2024.01.08-17.17.19:290][719]LogModuleManager: Shutting down and abandoning module DeviceManager (344)
[2024.01.08-17.17.19:290][719]LogModuleManager: Shutting down and abandoning module TargetDeviceServices (343)
[2024.01.08-17.17.19:333][719]LogModuleManager: Shutting down and abandoning module AutomationController (340)
[2024.01.08-17.17.19:333][719]LogModuleManager: Shutting down and abandoning module AutomationWindow (338)
[2024.01.08-17.17.19:333][719]LogModuleManager: Shutting down and abandoning module Layers (336)
[2024.01.08-17.17.19:333][719]LogModuleManager: Shutting down and abandoning module ComponentVisualizers (334)
[2024.01.08-17.17.19:333][719]LogModuleManager: Shutting down and abandoning module DetailCustomizations (332)
[2024.01.08-17.17.19:333][719]LogModuleManager: Shutting down and abandoning module PackagesDialog (330)
[2024.01.08-17.17.19:333][719]LogModuleManager: Shutting down and abandoning module Persona (328)
[2024.01.08-17.17.19:333][719]LogModuleManager: Shutting down and abandoning module AnimGraph (327)
[2024.01.08-17.17.19:333][719]LogModuleManager: Shutting down and abandoning module Kismet (324)
[2024.01.08-17.17.19:334][719]LogModuleManager: Shutting down and abandoning module GraphEditor (322)
[2024.01.08-17.17.19:334][719]LogModuleManager: Shutting down and abandoning module ClassViewer (320)
[2024.01.08-17.17.19:334][719]LogModuleManager: Shutting down and abandoning module Toolbox (318)
[2024.01.08-17.17.19:334][719]LogModuleManager: Shutting down and abandoning module ModuleUI (316)
[2024.01.08-17.17.19:334][719]LogModuleManager: Shutting down and abandoning module MovieSceneTools (314)
[2024.01.08-17.17.19:334][719]LogModuleManager: Shutting down and abandoning module OutputLog (312)
[2024.01.08-17.17.19:334][719]LogModuleManager: Shutting down and abandoning module GammaUI (310)
[2024.01.08-17.17.19:334][719]LogModuleManager: Shutting down and abandoning module Documentation (308)
[2024.01.08-17.17.19:334][719]LogModuleManager: Shutting down and abandoning module Niagara (306)
[2024.01.08-17.17.19:334][719]LogModuleManager: Shutting down and abandoning module StreamingPauseRendering (304)
[2024.01.08-17.17.19:334][719]LogModuleManager: Shutting down and abandoning module AnalyticsET (302)
[2024.01.08-17.17.19:334][719]LogModuleManager: Shutting down and abandoning module PortalServices (300)
[2024.01.08-17.17.19:334][719]LogModuleManager: Shutting down and abandoning module PortalRpc (298)
[2024.01.08-17.17.19:334][719]LogModuleManager: Shutting down and abandoning module MessagingRpc (296)
[2024.01.08-17.17.19:334][719]LogModuleManager: Shutting down and abandoning module AIModule (294)
[2024.01.08-17.17.19:334][719]LogModuleManager: Shutting down and abandoning module GameplayDebugger (293)
[2024.01.08-17.17.19:334][719]LogModuleManager: Shutting down and abandoning module AITestSuite (291)
[2024.01.08-17.17.19:334][719]LogModuleManager: Shutting down and abandoning module ProfilerService (288)
[2024.01.08-17.17.19:475][719]LogModuleManager: Shutting down and abandoning module TaskGraph (286)
[2024.01.08-17.17.19:475][719]LogModuleManager: Shutting down and abandoning module SteamVRController (284)
[2024.01.08-17.17.19:475][719]LogModuleManager: Shutting down and abandoning module SteamVR (282)
[2024.01.08-17.17.19:475][719]LogModuleManager: Shutting down and abandoning module ProceduralMeshComponentEditor (280)
[2024.01.08-17.17.19:475][719]LogModuleManager: Shutting down and abandoning module ProceduralMeshComponent (278)
[2024.01.08-17.17.19:475][719]LogModuleManager: Shutting down and abandoning module OculusLibrary (276)
[2024.01.08-17.17.19:475][719]LogModuleManager: Shutting down and abandoning module OculusInput (274)
[2024.01.08-17.17.19:475][719]LogModuleManager: Shutting down and abandoning module MobilePatchingUtils (272)
[2024.01.08-17.17.19:476][719]LogModuleManager: Shutting down and abandoning module CustomMeshComponent (270)
[2024.01.08-17.17.19:476][719]LogModuleManager: Shutting down and abandoning module CableComponent (268)
[2024.01.08-17.17.19:476][719]LogModuleManager: Shutting down and abandoning module ArchVisCharacter (266)
[2024.01.08-17.17.19:476][719]LogModuleManager: Shutting down and abandoning module MediaPlayerEditor (262)
[2024.01.08-17.17.19:476][719]LogModuleManager: Shutting down and abandoning module HTML5Networking (260)
[2024.01.08-17.17.19:476][719]LogModuleManager: Shutting down and abandoning module AlembicImporter (258)
[2024.01.08-17.17.19:476][719]LogModuleManager: Shutting down and abandoning module AlembicLibrary (257)
[2024.01.08-17.17.19:476][719]LogModuleManager: Shutting down and abandoning module GeometryCache (256)
[2024.01.08-17.17.19:476][719]LogModuleManager: Shutting down and abandoning module GeometryCacheEd (255)
[2024.01.08-17.17.19:476][719]LogModuleManager: Shutting down and abandoning module SuperSearchEditor (250)
[2024.01.08-17.17.19:476][719]LogModuleManager: Shutting down and abandoning module SuperSearch (249)
[2024.01.08-17.17.19:476][719]LogModuleManager: Shutting down and abandoning module SpeedTreeImporter (246)
[2024.01.08-17.17.19:476][719]LogModuleManager: Shutting down and abandoning module PluginBrowser (244)
[2024.01.08-17.17.19:476][719]LogModuleManager: Shutting down and abandoning module MobileLauncherProfileWizard (242)
[2024.01.08-17.17.19:476][719]LogModuleManager: Shutting down and abandoning module EpicSurvey (240)
[2024.01.08-17.17.19:476][719]LogModuleManager: Shutting down and abandoning module VisualStudioSourceCodeAccess (238)
[2024.01.08-17.17.19:476][719]LogModuleManager: Shutting down and abandoning module DesktopPlatform (237)
[2024.01.08-17.17.19:476][719]LogModuleManager: Shutting down and abandoning module UObjectPlugin (234)
[2024.01.08-17.17.19:476][719]LogModuleManager: Shutting down and abandoning module SubversionSourceControl (232)
[2024.01.08-17.17.19:476][719]LogModuleManager: Shutting down and abandoning module PerforceSourceControl (230)
[2024.01.08-17.17.19:476][719]LogModuleManager: Shutting down and abandoning module GitSourceControl (228)
[2024.01.08-17.17.19:476][719]LogModuleManager: Shutting down and abandoning module SourceControl (227)
[2024.01.08-17.17.19:476][719]LogModuleManager: Shutting down and abandoning module LightPropagationVolumeEditor (224)
[2024.01.08-17.17.19:476][719]LogModuleManager: Shutting down and abandoning module PaperTiledImporter (222)
[2024.01.08-17.17.19:476][719]LogModuleManager: Shutting down and abandoning module PaperSpriteSheetImporter (220)
[2024.01.08-17.17.19:476][719]LogModuleManager: Shutting down and abandoning module Paper2DEditor (218)
[2024.01.08-17.17.19:476][719]LogModuleManager: Shutting down and abandoning module MeshPaint (217)
[2024.01.08-17.17.19:476][719]LogModuleManager: Shutting down and abandoning module LevelEditor (215)
[2024.01.08-17.17.19:477][719]LogModuleManager: Shutting down and abandoning module PixelInspectorModule (214)
[2024.01.08-17.17.19:477][719]LogModuleManager: Shutting down and abandoning module MainFrame (212)
[2024.01.08-17.17.19:477][719]LogModuleManager: Shutting down and abandoning module HotReload (211)
[2024.01.08-17.17.19:477][719]LogModuleManager: Shutting down and abandoning module ContentBrowser (207)
[2024.01.08-17.17.19:478][719]LogModuleManager: Shutting down and abandoning module PhysXVehiclesEditor (204)
[2024.01.08-17.17.19:478][719]LogModuleManager: Shutting down and abandoning module PhysXVehicles (202)
[2024.01.08-17.17.19:478][719]LogModuleManager: Shutting down and abandoning module LocationServicesBPLibrary (200)
[2024.01.08-17.17.19:478][719]LogModuleManager: Shutting down and abandoning module UdpMessaging (198)
[2024.01.08-17.17.19:579][719]LogModuleManager: Shutting down and abandoning module TcpMessaging (196)
[2024.01.08-17.17.19:680][719]LogModuleManager: Shutting down and abandoning module GameplayTagsEditor (194)
[2024.01.08-17.17.19:680][719]LogModuleManager: Shutting down and abandoning module FacialAnimationEditor (192)
[2024.01.08-17.17.19:680][719]LogModuleManager: Shutting down and abandoning module FacialAnimation (190)
[2024.01.08-17.17.19:680][719]LogModuleManager: Shutting down and abandoning module LightPropagationVolumeRuntime (188)
[2024.01.08-17.17.19:680][719]LogModuleManager: Shutting down and abandoning module Paper2D (186)
[2024.01.08-17.17.19:680][719]LogModuleManager: Shutting down and abandoning module WindowsMoviePlayer (184)
[2024.01.08-17.17.19:680][719]LogModuleManager: Shutting down and abandoning module WmfMedia (182)
[2024.01.08-17.17.19:681][719]LogModuleManager: Shutting down and abandoning module MfMedia (180)
[2024.01.08-17.17.19:681][719]LogModuleManager: Shutting down and abandoning module MediaAssets (178)
[2024.01.08-17.17.19:681][719]LogModuleManager: Shutting down and abandoning module GameLiveStreaming (176)
[2024.01.08-17.17.19:681][719]LogModuleManager: Shutting down and abandoning module VREditor (174)
[2024.01.08-17.17.19:681][719]LogModuleManager: Shutting down and abandoning module GameplayTasksEditor (172)
[2024.01.08-17.17.19:681][719]LogModuleManager: Shutting down and abandoning module BehaviorTreeEditor (170)
[2024.01.08-17.17.19:681][719]LogModuleManager: Shutting down and abandoning module FunctionalTesting (168)
[2024.01.08-17.17.19:681][719]LogModuleManager: Shutting down and abandoning module CollisionAnalyzer (166)
[2024.01.08-17.17.19:681][719]LogModuleManager: Shutting down and abandoning module UMG (164)
[2024.01.08-17.17.19:681][719]LogModuleManager: Shutting down and abandoning module UMGEditor (163)
[2024.01.08-17.17.19:681][719]LogModuleManager: Shutting down and abandoning module Sequencer (162)
[2024.01.08-17.17.19:681][719]LogModuleManager: Shutting down and abandoning module AssetTools (160)
[2024.01.08-17.17.19:682][719]LogModuleManager: Shutting down and abandoning module MessageLog (159)
[2024.01.08-17.17.19:682][719]LogModuleManager: Shutting down and abandoning module WorkspaceMenuStructure (158)
[2024.01.08-17.17.19:682][719]LogModuleManager: Shutting down and abandoning module SlateReflector (152)
[2024.01.08-17.17.19:682][719]LogModuleManager: Shutting down and abandoning module Slate (150)
[2024.01.08-17.17.19:682][719]LogModuleManager: Shutting down and abandoning module EditorStyle (148)
[2024.01.08-17.17.19:683][719]LogModuleManager: Shutting down and abandoning module SourceCodeAccess (146)
[2024.01.08-17.17.19:683][719]LogModuleManager: Shutting down and abandoning module HeadMountedDisplay (144)
[2024.01.08-17.17.19:683][719]LogModuleManager: Shutting down and abandoning module XAudio2 (142)
[2024.01.08-17.17.19:683][719]LogModuleManager: Shutting down and abandoning module Networking (140)
[2024.01.08-17.17.19:683][719]LogModuleManager: Shutting down and abandoning module Core (136)
[2024.01.08-17.17.19:683][719]LogModuleManager: Shutting down and abandoning module AssetRegistry (134)
[2024.01.08-17.17.19:782][719]LogDirectoryWatcher: A directory notification for '../../../Engine/Content/' was aborted.
[2024.01.08-17.17.19:782][719]LogDirectoryWatcher: A directory notification for '../../../../../Users/MelchioT/Documents/workUnrealEngine4/MotorUnreal4B/Content/' was aborted.
[2024.01.08-17.17.19:782][719]LogDirectoryWatcher: A directory notification for '../../../Engine/Plugins/2D/Paper2D/Content/' was aborted.
[2024.01.08-17.17.19:783][719]LogModuleManager: Shutting down and abandoning module DirectoryWatcher (133)
[2024.01.08-17.17.19:783][719]LogModuleManager: Shutting down and abandoning module KismetCompiler (130)
[2024.01.08-17.17.19:783][719]LogModuleManager: Shutting down and abandoning module PhysXFormats (128)
[2024.01.08-17.17.19:783][719]LogModuleManager: Shutting down and abandoning module MeshUtilities (126)
[2024.01.08-17.17.19:783][719]LogModuleManager: Shutting down and abandoning module QuadricMeshReduction (125)
[2024.01.08-17.17.19:783][719]LogModuleManager: Shutting down and abandoning module PropertyEditor (123)
[2024.01.08-17.17.19:783][719]LogModuleManager: Shutting down and abandoning module DerivedDataCache (120)
[2024.01.08-17.17.19:849][719]LogDerivedDataCache: Shutdown
[2024.01.08-17.17.19:850][719]LogModuleManager: Shutting down and abandoning module TargetPlatform (118)
[2024.01.08-17.17.19:850][719]LogModuleManager: Shutting down and abandoning module VulkanShaderFormat (117)
[2024.01.08-17.17.19:850][719]LogModuleManager: Shutting down and abandoning module MetalShaderFormat (115)
[2024.01.08-17.17.19:850][719]LogModuleManager: Shutting down and abandoning module ShaderFormatD3D (113)
[2024.01.08-17.17.19:850][719]LogModuleManager: Shutting down and abandoning module ShaderFormatOpenGL (111)
[2024.01.08-17.17.19:850][719]LogModuleManager: Shutting down and abandoning module TextureFormatUncompressed (109)
[2024.01.08-17.17.19:850][719]LogModuleManager: Shutting down and abandoning module TextureFormatASTC (107)
[2024.01.08-17.17.19:850][719]LogModuleManager: Shutting down and abandoning module ImageWrapper (106)
[2024.01.08-17.17.19:850][719]LogModuleManager: Shutting down and abandoning module TextureFormatPVR (103)
[2024.01.08-17.17.19:850][719]LogModuleManager: Shutting down and abandoning module TextureFormatDXT (101)
[2024.01.08-17.17.19:850][719]LogModuleManager: Shutting down and abandoning module TextureFormatIntelISPCTexComp (99)
[2024.01.08-17.17.19:850][719]LogModuleManager: Shutting down and abandoning module AudioFormatOpus (97)
[2024.01.08-17.17.19:850][719]LogModuleManager: Shutting down and abandoning module AudioFormatOgg (95)
[2024.01.08-17.17.19:850][719]LogModuleManager: Shutting down and abandoning module AudioFormatADPCM (93)
[2024.01.08-17.17.19:850][719]LogModuleManager: Shutting down and abandoning module TVOSTargetPlatform (91)
[2024.01.08-17.17.19:850][719]LogModuleManager: Shutting down and abandoning module Messaging (89)
[2024.01.08-17.17.19:850][719]LogModuleManager: Shutting down and abandoning module IOSTargetPlatform (87)
[2024.01.08-17.17.19:850][719]LogModuleManager: Shutting down and abandoning module HTML5TargetPlatform (85)
[2024.01.08-17.17.19:850][719]LogModuleManager: Shutting down and abandoning module Android_MultiTargetPlatform (83)
[2024.01.08-17.17.19:850][719]LogModuleManager: Shutting down and abandoning module Android_ASTCTargetPlatform (81)
[2024.01.08-17.17.19:850][719]LogModuleManager: Shutting down and abandoning module Android_ETC2TargetPlatform (79)
[2024.01.08-17.17.19:850][719]LogModuleManager: Shutting down and abandoning module Android_ETC1TargetPlatform (77)
[2024.01.08-17.17.19:850][719]LogModuleManager: Shutting down and abandoning module Android_DXTTargetPlatform (75)
[2024.01.08-17.17.19:850][719]LogModuleManager: Shutting down and abandoning module Android_ATCTargetPlatform (73)
[2024.01.08-17.17.19:850][719]LogModuleManager: Shutting down and abandoning module Android_PVRTCTargetPlatform (71)
[2024.01.08-17.17.19:850][719]LogModuleManager: Shutting down and abandoning module AndroidTargetPlatform (69)
[2024.01.08-17.17.19:850][719]LogModuleManager: Shutting down and abandoning module AllDesktopTargetPlatform (67)
[2024.01.08-17.17.19:850][719]LogModuleManager: Shutting down and abandoning module WindowsClientTargetPlatform (65)
[2024.01.08-17.17.19:850][719]LogModuleManager: Shutting down and abandoning module WindowsServerTargetPlatform (63)
[2024.01.08-17.17.19:850][719]LogModuleManager: Shutting down and abandoning module WindowsNoEditorTargetPlatform (61)
[2024.01.08-17.17.19:850][719]LogModuleManager: Shutting down and abandoning module WindowsTargetPlatform (59)
[2024.01.08-17.17.19:850][719]LogModuleManager: Shutting down and abandoning module MacClientTargetPlatform (57)
[2024.01.08-17.17.19:850][719]LogModuleManager: Shutting down and abandoning module MacServerTargetPlatform (55)
[2024.01.08-17.17.19:850][719]LogModuleManager: Shutting down and abandoning module MacNoEditorTargetPlatform (53)
[2024.01.08-17.17.19:850][719]LogModuleManager: Shutting down and abandoning module MacTargetPlatform (51)
[2024.01.08-17.17.19:850][719]LogModuleManager: Shutting down and abandoning module InputCore (48)
[2024.01.08-17.17.19:850][719]LogModuleManager: Shutting down and abandoning module Settings (46)
[2024.01.08-17.17.19:850][719]LogModuleManager: Shutting down and abandoning module OculusRift (44)
[2024.01.08-17.17.19:850][719]LogModuleManager: Shutting down and abandoning module ExampleDeviceProfileSelector (42)
[2024.01.08-17.17.19:850][719]LogModuleManager: Shutting down and abandoning module OnlineBlueprintSupport (40)
[2024.01.08-17.17.19:850][719]LogModuleManager: Shutting down and abandoning module OnlineSubsystem (36)
[2024.01.08-17.17.19:850][719]LogOnline:Display: Unloading online subsystem: NULL
[2024.01.08-17.17.19:850][719]LogModuleManager: Shutting down and abandoning module HTTP (35)
[2024.01.08-17.17.19:850][719]LogHttp:Display: Http module shutting down, but needs to wait on 1 outstanding Http requests:
[2024.01.08-17.17.19:850][719]LogHttp:Display: 	verb=[POST] url=[https://datarouter.ol.epicgames.com/datarouter/api/v1/public/data?SessionID=%7B9CF2C9B4-4627-6D4D-71B6-A5A62228EC74%7D&AppID=UEEditor.UnrealEngine.Release&AppVersion=4.15.0-0%2B%2B%2BUE4%2BRelease-4.15&UserID=aa7ec4a94460bf88f1f872b01bef9583%7C8cfcda83180144cdb9bb2bc7d773924e%7C775b68d6-d1f3-44da-96ce-dab51d83f808&AppEnvironment=datacollector-source&UploadType=eteventstream] status=Processing
[2024.01.08-17.17.19:863][719]LogModuleManager: Shutting down and abandoning module SSL (34)
[2024.01.08-17.17.19:864][719]LogModuleManager: Shutting down and abandoning module AudioEditor (30)
[2024.01.08-17.17.19:864][719]LogModuleManager: Shutting down and abandoning module TextureCompressor (28)
[2024.01.08-17.17.19:864][719]LogModuleManager: Shutting down and abandoning module ShaderCore (26)
[2024.01.08-17.17.19:864][719]LogModuleManager: Shutting down and abandoning module Landscape (24)
[2024.01.08-17.17.19:864][719]LogModuleManager: Shutting down and abandoning module SlateRHIRenderer (22)
[2024.01.08-17.17.19:866][719]LogModuleManager: Shutting down and abandoning module OpenGLDrv (20)
[2024.01.08-17.17.19:866][719]LogModuleManager: Shutting down and abandoning module D3D11RHI (18)
[2024.01.08-17.17.19:866][719]LogModuleManager: Shutting down and abandoning module AnimGraphRuntime (16)
[2024.01.08-17.17.19:866][719]LogModuleManager: Shutting down and abandoning module Renderer (14)
[2024.01.08-17.17.19:866][719]LogModuleManager: Shutting down and abandoning module Engine (12)
[2024.01.08-17.17.19:866][719]LogModuleManager: Shutting down and abandoning module CoreUObject (10)
[2024.01.08-17.17.19:866][719]LogModuleManager: Shutting down and abandoning module NetworkFile (8)
[2024.01.08-17.17.19:866][719]LogModuleManager: Shutting down and abandoning module StreamingFile (6)
[2024.01.08-17.17.19:866][719]LogModuleManager: Shutting down and abandoning module SandboxFile (4)
[2024.01.08-17.17.19:866][719]LogModuleManager: Shutting down and abandoning module PakFile (2)
[2024.01.08-17.17.19:869][719]LogExit: Exiting.
[2024.01.08-17.17.19:880][719]Log file closed, 01/08/24 14:17:19
