Log file open, 12/26/23 01:14:11
LogInit:Display: Running engine for game: MotorUnreal4B
LogPlatformFile: Not using cached read wrapper
LogInit:Display: RandInit(-909389110) SRandInit(-909389110).
LogInit: Using version manifest at CL 0 with build ID '5af06b4c-3232-42c8-80e0-46572b4b0bc8'
LogTaskGraph: Started task graph with 5 named threads and 10 total threads with 1 sets of task threads.
LogStats: Stats thread started at 0.136093
LogInit: Using libcurl 7.47.1
LogInit:  - built for x86_64-pc-win32
LogInit:  - supports SSL with OpenSSL/1.0.2g
LogInit:  - supports HTTP deflate (compression) using libz 1.2.8
LogInit:  - other features:
LogInit:      CURL_VERSION_SSL
LogInit:      CURL_VERSION_LIBZ
LogInit:      CURL_VERSION_IPV6
LogInit:      CURL_VERSION_ASYNCHDNS
LogInit:      CURL_VERSION_LARGEFILE
LogInit:      CURL_VERSION_IDN
LogInit:  CurlRequestOptions (configurable via config and command line):
LogInit:  - bVerifyPeer = false  - Libcurl will NOT verify peer certificate
LogInit:  - bUseHttpProxy = false  - Libcurl will NOT use HTTP proxy
LogInit:  - bDontReuseConnections = false  - Libcurl will reuse connections
LogInit:  - CertBundlePath = nullptr  - Libcurl will use whatever was configured at build time.
LogInit: Build: ++UE4+Release-4.15-CL-0
LogInit: Engine Version: 4.15.0-0+++UE4+Release-4.15
LogInit: Compatible Engine Version: 4.15.0-0+++UE4+Release-4.15
LogInit: Net CL: 0
LogDevObjectVersion: Number of dev versions registered: 14
LogDevObjectVersion:   Dev-Blueprints (B0D832E4-1F89-4F0D-ACCF-7EB736FD4AA2): 8
LogDevObjectVersion:   Dev-Build (E1C64328-A22C-4D53-A36C-8E866417BD8C): 0
LogDevObjectVersion:   Dev-Core (375EC13C-06E4-48FB-B500-84F0262A717E): 2
LogDevObjectVersion:   Dev-Editor (E4B068ED-F494-42E9-A231-DA0B2E46BB41): 14
LogDevObjectVersion:   Dev-Framework (CFFC743F-43B0-4480-9391-14DF171D2073): 22
LogDevObjectVersion:   Dev-Mobile (B02B49B5-BB20-44E9-A304-32B752E40360): 0
LogDevObjectVersion:   Dev-Networking (A4E4105C-59A1-49B5-A7C5-40C4547EDFEE): 0
LogDevObjectVersion:   Dev-Online (39C831C9-5AE6-47DC-9A44-9C173E1C8E7C): 0
LogDevObjectVersion:   Dev-Physics (78F01B33-EBEA-4F98-B9B4-84EACCB95AA2): 0
LogDevObjectVersion:   Dev-Platform (6631380F-2D4D-43E0-8009-CF276956A95A): 0
LogDevObjectVersion:   Dev-Rendering (12F88B9F-8875-4AFC-A67C-D90C383ABD29): 12
LogDevObjectVersion:   Dev-Sequencer (7B5AE74C-D270-4C10-A958-57980B212A5A): 3
LogDevObjectVersion:   Dev-VR (D7296918-1DD6-4BDD-9DE2-64A83CC13884): 0
LogDevObjectVersion:   Dev-LoadTimes (C2A15278-BFE7-4AFE-6C17-90FF531DF755): 1
LogInit: Compiled (64-bit): Apr  2 2023 09:25:01
LogInit: Compiled with Visual C++: 19.00.24210.00
LogInit: Build Configuration: Development
LogInit: Branch Name: ++UE4+Release-4.15
LogInit: Command line: 
LogInit: Base directory: C:/Program Files/Unreal Engine 4 (4.15.0)/Engine/Binaries/Win64/
LogInit: Installed Engine Build: 0
LogInit: Presizing for max 8388607 objects, including 0 objects not considered by GC, pre-allocating 0 bytes for permanent pool.
LogInit: Object subsystem initialized
[2023.12.26-04.14.11:399][  0]LogInit: Selected Device Profile: [Windows]
[2023.12.26-04.14.11:399][  0]LogInit: Applying CVar settings loaded from the selected device profile: [Windows]
[2023.12.26-04.14.11:405][  0]LogInit: Computer: DESKTOP-GOSDJOG
[2023.12.26-04.14.11:405][  0]LogInit: User: MelchioT
[2023.12.26-04.14.11:405][  0]LogInit: CPU Page size=65536, Cores=6
[2023.12.26-04.14.11:405][  0]LogInit: High frequency timer resolution =10.000000 MHz
[2023.12.26-04.14.11:405][  0]LogMemory: Memory total: Physical=31.2GB (32GB approx)
[2023.12.26-04.14.11:405][  0]LogMemory: Platform Memory Stats for Windows
[2023.12.26-04.14.11:405][  0]LogMemory: Process Physical Memory: 265.09 MB used, 265.10 MB peak
[2023.12.26-04.14.11:405][  0]LogMemory: Process Virtual Memory: 268.51 MB used, 268.51 MB peak
[2023.12.26-04.14.11:405][  0]LogMemory: Physical Memory: 8833.63 MB used,  23142.05 MB free, 31975.68 MB total
[2023.12.26-04.14.11:405][  0]LogMemory: Virtual Memory: 4760.25 MB used,  23142.05 MB free, 134217728.00 MB total
[2023.12.26-04.14.11:502][  0]LogInit: Overriding culture en with editor configuration.
[2023.12.26-04.14.12:184][  0]LogD3D11RHI: D3D11 adapters:
[2023.12.26-04.14.12:219][  0]LogD3D11RHI:    0. 'AMD Radeon(TM) Graphics' (Feature Level 11_0)
[2023.12.26-04.14.12:219][  0]LogD3D11RHI:       495/0/15987 MB DedicatedVideo/DedicatedSystem/SharedSystem, Outputs:1, VendorId:0x1002
[2023.12.26-04.14.12:221][  0]LogD3D11RHI:    1. 'Microsoft Basic Render Driver' (Feature Level 11_0)
[2023.12.26-04.14.12:221][  0]LogD3D11RHI:       0/0/15987 MB DedicatedVideo/DedicatedSystem/SharedSystem, Outputs:0, VendorId:0x1414
[2023.12.26-04.14.12:221][  0]LogD3D11RHI: Chosen D3D11 Adapter: 0
[2023.12.26-04.14.12:228][  0]LogD3D11RHI: Creating new Direct3DDevice
[2023.12.26-04.14.12:229][  0]LogD3D11RHI:     GPU DeviceId: 0x1636 (for the marketing name, search the web for "GPU Device Id")
[2023.12.26-04.14.12:229][  0]LogWindows: EnumDisplayDevices:
[2023.12.26-04.14.12:229][  0]LogWindows:    0. 'AMD Radeon(TM) Graphics' (P:1 D:1)
[2023.12.26-04.14.12:229][  0]LogWindows:    1. 'AMD Radeon(TM) Graphics' (P:0 D:0)
[2023.12.26-04.14.12:229][  0]LogWindows:    2. 'AMD Radeon(TM) Graphics' (P:0 D:0)
[2023.12.26-04.14.12:229][  0]LogWindows:    3. 'AMD Radeon(TM) Graphics' (P:0 D:0)
[2023.12.26-04.14.12:229][  0]LogWindows:    4. 'AMD Radeon(TM) Graphics' (P:0 D:0)
[2023.12.26-04.14.12:230][  0]LogWindows: DebugString: GetVideoDriverDetailsInvalid PrimaryIsNotTheChoosenAdapter GetVideoDriverDetailsInvalid PrimaryIsNotTheChoosenAdapter GetVideoDriverDetailsInvalid PrimaryIsNotTheChoosenAdapter GetVideoDriverDetailsInvalid PrimaryIsNotTheChoosenAdapter GetVideoDriverDetailsInvalid PrimaryIsNotTheChoosenAdapter FoundDriverCount:0 
[2023.12.26-04.14.12:230][  0]LogD3D11RHI:     Adapter Name: AMD Radeon(TM) Graphics
[2023.12.26-04.14.12:230][  0]LogD3D11RHI:   Driver Version: Unknown (internal:Unknown, unified:Unknown)
[2023.12.26-04.14.12:230][  0]LogD3D11RHI:      Driver Date: Unknown
[2023.12.26-04.14.12:230][  0]LogRHI: Texture pool is 347 MB (70% of 495 MB)
[2023.12.26-04.14.12:272][  0]LogD3D11RHI: Async texture creation enabled
[2023.12.26-04.14.12:286][  0]LogD3D11RHI: GPU Timing Frequency: 100.000000 (Debug: 2 1)
[2023.12.26-04.14.12:288][  0]LogShaderCompilers: Guid format shader working directory is -22 characters bigger than the processId version (../../../../../Users/MelchioT/Documents/workUnrealEngine4/MotorUnreal4B/Intermediate/Shaders/WorkingDirectory/1544/).
[2023.12.26-04.14.12:288][  0]LogShaderCompilers: Cleaned the shader compiler working directory 'C:/Users/MelchioT/AppData/Local/Temp/UnrealShaderWorkingDir/64AD1A9047ED5D3D61A8AF8E777927FB/'.
[2023.12.26-04.14.12:288][  0]LogShaderCompilers:Display: Using Local Shader Compiler.
[2023.12.26-04.14.13:224][  0]LogTemp:Display: Loaded TP MacTargetPlatform
[2023.12.26-04.14.13:290][  0]LogTemp:Display: Loaded TP MacNoEditorTargetPlatform
[2023.12.26-04.14.13:350][  0]LogTemp:Display: Loaded TP MacServerTargetPlatform
[2023.12.26-04.14.13:414][  0]LogTemp:Display: Loaded TP MacClientTargetPlatform
[2023.12.26-04.14.13:473][  0]LogTemp:Display: Loaded TP WindowsTargetPlatform
[2023.12.26-04.14.13:549][  0]LogTemp:Display: Loaded TP WindowsNoEditorTargetPlatform
[2023.12.26-04.14.13:607][  0]LogTemp:Display: Loaded TP WindowsServerTargetPlatform
[2023.12.26-04.14.13:659][  0]LogTemp:Display: Loaded TP WindowsClientTargetPlatform
[2023.12.26-04.14.13:710][  0]LogTemp:Display: Loaded TP AllDesktopTargetPlatform
[2023.12.26-04.14.13:773][  0]LogTemp:Display: Loaded TP AndroidTargetPlatform
[2023.12.26-04.14.13:833][  0]LogTemp:Display: Loaded TP Android_PVRTCTargetPlatform
[2023.12.26-04.14.13:891][  0]LogTemp:Display: Loaded TP Android_ATCTargetPlatform
[2023.12.26-04.14.13:960][  0]LogTemp:Display: Loaded TP Android_DXTTargetPlatform
[2023.12.26-04.14.14:019][  0]LogTemp:Display: Loaded TP Android_ETC1TargetPlatform
[2023.12.26-04.14.14:070][  0]LogTemp:Display: Loaded TP Android_ETC2TargetPlatform
[2023.12.26-04.14.14:121][  0]LogTemp:Display: Loaded TP Android_ASTCTargetPlatform
[2023.12.26-04.14.14:173][  0]LogTemp:Display: Loaded TP Android_MultiTargetPlatform
[2023.12.26-04.14.14:212][  0]LogTemp:Display: Loaded TP HTML5TargetPlatform
[2023.12.26-04.14.14:307][  0]LogTemp:Display: Loaded TP IOSTargetPlatform
[2023.12.26-04.14.14:340][  0]LogTemp:Display: Loaded TP TVOSTargetPlatform
[2023.12.26-04.14.14:340][  0]LogTargetPlatformManager:Display: Building Assets For Windows
[2023.12.26-04.14.14:835][  0]LogDerivedDataCache:Display: Max Cache Size: 512 MB
[2023.12.26-04.14.14:880][  0]LogDerivedDataCache: Loaded boot cache 0.04s 50MB ../../../../../Users/MelchioT/Documents/workUnrealEngine4/MotorUnreal4B/DerivedDataCache/Boot.ddc.
[2023.12.26-04.14.14:880][  0]LogDerivedDataCache:Display: Loaded Boot cache: ../../../../../Users/MelchioT/Documents/workUnrealEngine4/MotorUnreal4B/DerivedDataCache/Boot.ddc
[2023.12.26-04.14.14:880][  0]LogDerivedDataCache: FDerivedDataBackendGraph:  Pak pak cache file ../../../../../Users/MelchioT/Documents/workUnrealEngine4/MotorUnreal4B/DerivedDataCache/DDC.ddp not found, will not use a pak cache.
[2023.12.26-04.14.14:880][  0]LogDerivedDataCache: Unable to find inner node Pak for hierarchical cache Hierarchy.
[2023.12.26-04.14.14:880][  0]LogDerivedDataCache: FDerivedDataBackendGraph:  EnginePak pak cache file ../../../Engine/DerivedDataCache/DDC.ddp not found, will not use a pak cache.
[2023.12.26-04.14.14:880][  0]LogDerivedDataCache: Unable to find inner node EnginePak for hierarchical cache Hierarchy.
[2023.12.26-04.14.14:892][  0]LogDerivedDataCache: Using Local data cache path ../../../Engine/DerivedDataCache: Writable
[2023.12.26-04.14.14:892][  0]LogDerivedDataCache: Shared data cache path not found in *engine.ini, will not use an Shared cache.
[2023.12.26-04.14.14:892][  0]LogDerivedDataCache: Unable to find inner node Shared for hierarchical cache Hierarchy.
[2023.12.26-04.14.14:902][  0]LogSlate: Using Freetype 2.6.0
[2023.12.26-04.14.14:903][  0]LogSlate: SlateFontCache - WITH_FREETYPE: 1, WITH_HARFBUZZ: 1
[2023.12.26-04.14.14:903][  0]LogSlate: SlateFontCache - WITH_FREETYPE: 1, WITH_HARFBUZZ: 1
[2023.12.26-04.14.15:116][  0]LogInit: Selected Device Profile: [Windows]
[2023.12.26-04.14.15:118][  0]LogContentStreaming: Texture pool size is 0.00 MB
[2023.12.26-04.14.15:306][  0]LogMeshUtilities: Using QuadricMeshReduction for automatic static mesh reduction
[2023.12.26-04.14.15:316][  0]LogMeshUtilities: No automatic skeletal mesh reduction module available
[2023.12.26-04.14.15:316][  0]LogMeshUtilities: No automatic mesh merging module available
[2023.12.26-04.14.15:316][  0]LogMeshUtilities: No distributed automatic mesh merging module available
[2023.12.26-04.14.15:914][  0]LogNetVersion: GetLocalNetworkVersion: CL: 0, ProjectName: motorunreal4b, ProjectVersion: , EngineNetworkVersion: 2, GameNetworkVersion: 0, NetworkChecksum: 3893362438
[2023.12.26-04.14.15:964][  0]LogAssetRegistry: FAssetRegistry took 0.0224 seconds to start up
[2023.12.26-04.14.16:003][  0]LogPackageLocalizationCache: Processed 3 localized package path(s) for 1 prioritized culture(s) in 0.011300 seconds
[2023.12.26-04.14.16:009][  0]LogUObjectArray: 32434 objects as part of root set at end of initial load.
[2023.12.26-04.14.16:009][  0]LogUObjectAllocator: 7066632 out of 0 bytes used by permanent object pool.
[2023.12.26-04.14.16:009][  0]LogUObjectArray: CloseDisregardForGC: 0/0 objects in disregard for GC pool
[2023.12.26-04.14.16:081][  0]LogInit: WinSock: version 1.1 (2.2), MaxSocks=32767, MaxUdp=65467
[2023.12.26-04.14.17:692][  0]LogTcpMessaging: Initializing TcpMessaging bridge
[2023.12.26-04.14.17:740][  0]LogUdpMessaging: Initializing bridge on interface 0.0.0.0:0 to multicast group 230.0.0.1:6666.
[2023.12.26-04.14.18:188][  0]LogMaterial: Uniform references updated for custom material expression Custom.
[2023.12.26-04.14.18:553][  0]SourceControl: Info Source control is disabled
[2023.12.26-04.14.18:598][  0]SourceControl: Info Source control is disabled
[2023.12.26-04.14.18:648][  0]SourceControl: Info Source control is disabled
[2023.12.26-04.14.18:696][  0]SourceControl: Info Source control is disabled
[2023.12.26-04.14.20:087][  0]LogEngine: Initializing Engine...
[2023.12.26-04.14.20:088][  0]LogHMD: Failed to initialize OpenVR with code 110
[2023.12.26-04.14.20:315][  0]LogAIModule: Creating AISystem for world Untitled
[2023.12.26-04.14.20:330][  0]LogInit: XAudio2 using 'Altavoces (Realtek(R) Audio)' : 2 channels at 48 kHz using 16 bits per sample (channel mask 0x3)
[2023.12.26-04.14.20:948][  0]LogInit: FAudioDevice initialized.
[2023.12.26-04.14.20:976][  0]LogDerivedDataCache: Saved boot cache 0.03s 50MB ../../../../../Users/MelchioT/Documents/workUnrealEngine4/MotorUnreal4B/DerivedDataCache/Boot.ddc.
[2023.12.26-04.14.20:983][  0]LogInit: Texture streaming: Enabled
[2023.12.26-04.14.21:092][  0]LogEngineSessionManager: EngineSessionManager initialized
[2023.12.26-04.14.21:182][  0]LogInit: Transaction tracking system initialized
[2023.12.26-04.14.21:559][  0]BlueprintLog: New page: Editor Load
[2023.12.26-04.14.22:549][  0]LocalizationService: Info Localization service is disabled
[2023.12.26-04.14.23:317][  0]LogConsoleResponse:Display: 
[2023.12.26-04.14.23:449][  0]LogCook:Display: Max memory allowance for cook 16384mb min free memory 0mb
[2023.12.26-04.14.23:449][  0]LogCook:Display: Mobile HDR setting 1
[2023.12.26-04.14.23:613][  0]LogFileCache: Scanning file cache for directory 'C:/Users/MelchioT/Documents/workUnrealEngine4/MotorUnreal4B/Content/' took 0.01s
[2023.12.26-04.14.24:668][  0]SourceControl: Info Source control is disabled
[2023.12.26-04.14.24:669][  0]Cmd: MAP LOAD FILE="../../../Engine/Content/Maps/Templates/Template_Default.umap" TEMPLATE=1 SHOWPROGRESS=1 FEATURELEVEL=3
[2023.12.26-04.14.24:669][  0]LightingResults: New page: Lighting Build
[2023.12.26-04.14.24:710][  0]MapCheck: New page: Map Check
[2023.12.26-04.14.24:710][  0]LightingResults: New page: Lighting Build
[2023.12.26-04.14.24:894][  0]LogAIModule: Creating AISystem for world Untitled_1
[2023.12.26-04.14.24:895][  0]LogActorComponent: RegisterComponentWithWorld: (/Temp/Untitled_1.Untitled_1:PersistentLevel.WorldSettings_1.StaticMeshComponent0) Trying to register component with IsPendingKill() == true. Aborting.
[2023.12.26-04.14.24:900][  0]LogEditorServer: Finished looking for orphan Actors (0.000 secs)
[2023.12.26-04.14.24:907][  0]Cmd: MAP CHECKDEP NOCLEARLOG
[2023.12.26-04.14.24:938][  0]MapCheck: Info Map check complete: 0 Error(s), 0 Warning(s), took 31.003ms to complete.
[2023.12.26-04.14.24:938][  0]LogFileHelpers: Loading map 'Template_Default' took 0.270
[2023.12.26-04.14.25:119][  0]LogCollectionManager: Loaded 0 collections in 0.001708 seconds
[2023.12.26-04.14.25:205][  0]LogFileCache: Scanning file cache for directory 'C:/Users/MelchioT/Documents/workUnrealEngine4/MotorUnreal4B/Saved/Collections/' took 0.01s
[2023.12.26-04.14.25:205][  0]LogFileCache: Scanning file cache for directory 'C:/Users/MelchioT/Documents/workUnrealEngine4/MotorUnreal4B/Content/Developers/MelchioT/Collections/' took 0.01s
[2023.12.26-04.14.25:205][  0]LogFileCache: Scanning file cache for directory 'C:/Users/MelchioT/Documents/workUnrealEngine4/MotorUnreal4B/Content/Collections/' took 0.01s
[2023.12.26-04.14.25:205][  0]LogCollectionManager: Rebuilt the GUID cache for 0 collections in 0.000002 seconds
[2023.12.26-04.14.25:215][  0]LogContentBrowser: Native class hierarchy populated in 0.0102 seconds. Added 2243 classes and 448 folders.
[2023.12.26-04.14.25:218][  0]LogStats: UGameplayTagsManager::ConstructGameplayTagTree: Construct from data asset -  0.000 s
[2023.12.26-04.14.25:218][  0]LogStats: UGameplayTagsManager::ConstructGameplayTagTree: GameplayTagTreeChangedEvent.Broadcast -  0.000 s
[2023.12.26-04.14.25:303][  0]LogContentBrowser: Native class hierarchy updated for 'WidgetCarousel' in 0.0006 seconds. Added 0 classes and 0 folders.
[2023.12.26-04.14.25:340][  0]LogContentBrowser: Native class hierarchy updated for 'AddContentDialog' in 0.0005 seconds. Added 0 classes and 0 folders.
[2023.12.26-04.14.25:388][  0]LogContentBrowser: Native class hierarchy updated for 'SceneOutliner' in 0.0007 seconds. Added 1 classes and 2 folders.
[2023.12.26-04.14.25:444][  0]LogCrashTracker: Crashtracker disabled due to settings.
[2023.12.26-04.14.25:460][  0]LogUObjectGlobals:Warning: Failed to find object 'Class None.'
[2023.12.26-04.14.25:533][  0]LogContentBrowser: Native class hierarchy updated for 'HierarchicalLODOutliner' in 0.0007 seconds. Added 1 classes and 2 folders.
[2023.12.26-04.14.25:533][  0]LogLoad: (Engine Initialization) Total time: 15.75 seconds
[2023.12.26-04.14.25:533][  0]LogLoad: (Engine Initialization) Total Blueprint compile time: 0.09 seconds
[2023.12.26-04.14.25:533][  0]LogExternalProfiler: No external profilers were discovered.  External profiling features will not be available.
[2023.12.26-04.14.25:874][  0]LogOcInput: OculusInput pre-init called
[2023.12.26-04.14.25:890][  0]LogAssetRegistry: Asset discovery search completed in 9.9485 seconds
[2023.12.26-04.14.25:890][  0]LogCollectionManager: Rebuilt the object cache for 0 collections in 0.000001 seconds (found 0 objects)
[2023.12.26-04.14.25:890][  0]LogCollectionManager: Fixed up redirectors for 0 collections in 0.000017 seconds (updated 0 objects)
[2023.12.26-04.14.25:892][  0]LogContentStreaming: Texture pool size now 1000 MB
[2023.12.26-04.14.25:901][  0]LogSlate: Took 0.000276 seconds to synchronously load lazily loaded font '../../../Engine/Content/Slate/Fonts/Roboto-Regular.ttf' (155K)
[2023.12.26-04.14.25:904][  0]LogSlate: Took 0.000316 seconds to synchronously load lazily loaded font '../../../Engine/Content/Slate/Fonts/Roboto-Bold.ttf' (160K)
[2023.12.26-04.14.25:909][  0]LogSlate: Took 0.000263 seconds to synchronously load lazily loaded font '../../../Engine/Content/Editor/Slate/Fonts/FontAwesome.ttf' (139K)
[2023.12.26-04.14.26:023][  0]LogRenderer: Reallocating scene render targets to support 1208x576 NumSamples 1 (Frame:2).
[2023.12.26-04.14.26:076][  0]LogSlate: Took 0.000217 seconds to synchronously load lazily loaded font '../../../Engine/Content/Slate/Fonts/Roboto-Light.ttf' (159K)
[2023.12.26-04.14.26:897][  3]LogSlate: Took 0.000250 seconds to synchronously load lazily loaded font '../../../Engine/Content/Slate/Fonts/Roboto-Light.ttf' (159K)
[2023.12.26-04.15.09:208][553]LogSlate: Took 0.000176 seconds to synchronously load lazily loaded font '../../../Engine/Content/Slate/Fonts/Roboto-Light.ttf' (159K)
[2023.12.26-04.15.12:514][671]LogContentBrowser: Native class hierarchy updated for 'BlueprintGraph' in 0.0009 seconds. Added 112 classes and 0 folders.
[2023.12.26-04.15.12:997][671]LogSlate: Took 0.000164 seconds to synchronously load lazily loaded font '../../../Engine/Content/Slate/Fonts/Roboto-Regular.ttf' (155K)
[2023.12.26-04.15.13:126][672]LogRenderer: Reallocating scene render targets to support 1208x712 NumSamples 1 (Frame:5).
[2023.12.26-04.15.16:214][850]LogSlate: Took 0.000400 seconds to synchronously load lazily loaded font '../../../Engine/Content/Editor/Slate/Fonts/Roboto-BoldCondensed.ttf' (158K)
[2023.12.26-04.17.17:450][598]BlueprintLog: New page: Compile NewBlueprint
[2023.12.26-04.17.30:655][375]LogSlate: Took 0.000226 seconds to synchronously load lazily loaded font '../../../Engine/Content/Editor/Slate/Fonts/Roboto-Italic.ttf' (157K)
[2023.12.26-04.17.41:044][983]LogTemp: Repeting last play command: Selected Viewport
[2023.12.26-04.17.41:055][983]BlueprintLog: New page: Pre-Play auto-recompile
[2023.12.26-04.17.41:055][983]LogPlayLevel: [PlayLevel] Compiling NewBlueprint before play...
[2023.12.26-04.17.41:330][983]LogPlayLevel: PlayLevel: Blueprint regeneration took 274 ms (1 blueprints)
[2023.12.26-04.17.41:330][983]PIE: New page: PIE session: Untitled_1 (Dec 25, 2023, 10:17:41 PM)
[2023.12.26-04.17.41:330][983]LogPlayLevel: Creating play world package: /Temp/UEDPIE_0_Untitled_1
[2023.12.26-04.17.41:332][983]LogPlayLevel: PIE: StaticDuplicateObject took: (0.001736s)
[2023.12.26-04.17.41:333][983]LogAIModule: Creating AISystem for world Untitled_1
[2023.12.26-04.17.41:333][983]LogPlayLevel: PIE: World Init took: (0.000845s)
[2023.12.26-04.17.41:333][983]LogPlayLevel: PIE: Created PIE world by copying editor world from /Temp/Untitled_1.Untitled_1 to /Temp/UEDPIE_0_Untitled_1.Untitled_1 (0.002774s)
[2023.12.26-04.17.41:356][983]LogInit: XAudio2 using 'Altavoces (Realtek(R) Audio)' : 2 channels at 48 kHz using 16 bits per sample (channel mask 0x3)
[2023.12.26-04.17.41:372][983]LogInit: FAudioDevice initialized.
[2023.12.26-04.17.41:424][983]LogLoad: Game class is 'GameModeBase'
[2023.12.26-04.17.41:427][983]LogWorld: Bringing World /Temp/UEDPIE_0_Untitled_1.Untitled_1 up for play (max tick rate 60) at 2023.12.26-01.17.41
[2023.12.26-04.17.41:427][983]LogWorld: Bringing up level for play took: 0.000978
[2023.12.26-04.17.41:470][983]LogContentBrowser: Native class hierarchy updated for 'MovieSceneCapture' in 0.0005 seconds. Added 11 classes and 0 folders.
[2023.12.26-04.17.41:471][983]PIE: Info Play in editor start time for /Temp/UEDPIE_0_Untitled_1 1.197
[2023.12.26-04.17.44:091][139]LogBlueprintUserMessages: [NewBlueprint_869] Hello
[2023.12.26-04.17.47:091][319]LogBlueprintUserMessages: [NewBlueprint_869] Hello
[2023.12.26-04.17.50:092][499]LogBlueprintUserMessages: [NewBlueprint_869] Hello
[2023.12.26-04.17.53:091][679]LogBlueprintUserMessages: [NewBlueprint_869] Hello
[2023.12.26-04.17.56:092][859]LogBlueprintUserMessages: [NewBlueprint_869] Hello
[2023.12.26-04.20.00:408][263]BlueprintLog: New page: Compile NewBlueprint
[2023.12.26-04.20.02:105][357]LogTemp: Repeting last play command: Selected Viewport
[2023.12.26-04.20.02:112][357]LogPlayLevel: PlayLevel: No blueprints needed recompiling
[2023.12.26-04.20.02:112][357]PIE: New page: PIE session: Untitled_1 (Dec 25, 2023, 10:20:02 PM)
[2023.12.26-04.20.02:112][357]LogPlayLevel: Creating play world package: /Temp/UEDPIE_0_Untitled_1
[2023.12.26-04.20.02:114][357]LogPlayLevel: PIE: StaticDuplicateObject took: (0.001541s)
[2023.12.26-04.20.02:114][357]LogAIModule: Creating AISystem for world Untitled_1
[2023.12.26-04.20.02:115][357]LogPlayLevel: PIE: World Init took: (0.001042s)
[2023.12.26-04.20.02:115][357]LogPlayLevel: PIE: Created PIE world by copying editor world from /Temp/Untitled_1.Untitled_1 to /Temp/UEDPIE_0_Untitled_1.Untitled_1 (0.002821s)
[2023.12.26-04.20.02:136][357]LogInit: XAudio2 using 'Altavoces (Realtek(R) Audio)' : 2 channels at 48 kHz using 16 bits per sample (channel mask 0x3)
[2023.12.26-04.20.02:152][357]LogInit: FAudioDevice initialized.
[2023.12.26-04.20.02:186][357]LogLoad: Game class is 'GameModeBase'
[2023.12.26-04.20.02:189][357]LogWorld: Bringing World /Temp/UEDPIE_0_Untitled_1.Untitled_1 up for play (max tick rate 60) at 2023.12.26-01.20.02
[2023.12.26-04.20.02:189][357]LogWorld: Bringing up level for play took: 0.001010
[2023.12.26-04.20.02:190][357]PIE: Info Play in editor start time for /Temp/UEDPIE_0_Untitled_1 -0.085
[2023.12.26-04.20.05:089][530]LogBlueprintUserMessages: [NewBlueprint_869] Hola
[2023.12.26-04.20.08:412][558]LogBlueprintUserMessages: [NewBlueprint_869] Hola
[2023.12.26-04.20.11:411][567]LogBlueprintUserMessages: [NewBlueprint_869] Hola
[2023.12.26-04.20.14:413][576]LogBlueprintUserMessages: [NewBlueprint_869] Hola
[2023.12.26-04.20.17:413][585]LogBlueprintUserMessages: [NewBlueprint_869] Hola
[2023.12.26-04.21.08:859][362]LogMetaData: Removing '/Game/Blueprints/10-DoN.10-DoN:UserConstructionScript.K2Node_FunctionEntry_0' ref from Metadata '/Game/Blueprints/NewBlueprint.PackageMetaData'
[2023.12.26-04.21.08:859][362]LogMetaData: Removing '/Game/Blueprints/10-DoN.SKEL_10-DoN_C' ref from Metadata '/Game/Blueprints/NewBlueprint.PackageMetaData'
[2023.12.26-04.21.08:859][362]LogMetaData: Removing '/Game/Blueprints/10-DoN.10-DoN_C' ref from Metadata '/Game/Blueprints/NewBlueprint.PackageMetaData'
[2023.12.26-04.21.08:859][362]LogMetaData: Removing '/Game/Blueprints/10-DoN.10-DoN:EventGraph.K2Node_Event_0' ref from Metadata '/Game/Blueprints/NewBlueprint.PackageMetaData'
[2023.12.26-04.21.08:859][362]LogMetaData: Removing '/Game/Blueprints/10-DoN.10-DoN:EventGraph.K2Node_Event_1' ref from Metadata '/Game/Blueprints/NewBlueprint.PackageMetaData'
[2023.12.26-04.21.08:859][362]LogMetaData: Removing '/Game/Blueprints/10-DoN.10-DoN:EventGraph.K2Node_Event_2' ref from Metadata '/Game/Blueprints/NewBlueprint.PackageMetaData'
[2023.12.26-04.21.08:910][362]Cmd: OBJ SAVEPACKAGE PACKAGE="/Game/Blueprints/10-DoN" FILE="../../../../../Users/MelchioT/Documents/workUnrealEngine4/MotorUnreal4B/Content/Blueprints/10-DoN.uasset" SILENT=true
[2023.12.26-04.21.08:927][362]LogSavePackage: Save=15.58ms
[2023.12.26-04.21.08:927][362]LogSavePackage: Moving '../../../../../Users/MelchioT/Documents/workUnrealEngine4/MotorUnreal4B/Saved/10-DoNE9B9075C4CC33EA46AC1CA9EE7E34215.tmp' to '../../../../../Users/MelchioT/Documents/workUnrealEngine4/MotorUnreal4B/Content/Blueprints/10-DoN.uasset'
[2023.12.26-04.21.08:929][362]LogSavePackage:Display: Finished SavePackage ../../../../../Users/MelchioT/Documents/workUnrealEngine4/MotorUnreal4B/Content/Blueprints/10-DoN.uasset
[2023.12.26-04.21.26:804][808]LogSavePackage: Save=25.80ms
[2023.12.26-04.21.26:804][808]LogSavePackage: Moving '../../../../../Users/MelchioT/Documents/workUnrealEngine4/MotorUnreal4B/Saved/11-Blueprint107151B58D49F55C48744AF9B4D0B206C9.tmp' to '../../../../../Users/MelchioT/Documents/workUnrealEngine4/MotorUnreal4B/Content/Levels/11-Blueprint10.umap'
[2023.12.26-04.21.26:805][808]LogSavePackage:Display: Finished SavePackage ../../../../../Users/MelchioT/Documents/workUnrealEngine4/MotorUnreal4B/Content/Levels/11-Blueprint10.umap
[2023.12.26-04.21.26:828][808]LogFileHelpers: Saving map '11-Blueprint10' took 0.215
[2023.12.26-04.21.36:819][291]Cmd: OBJ SAVEPACKAGE PACKAGE="/Game/Blueprints/NewBlueprint" FILE="../../../../../Users/MelchioT/Documents/workUnrealEngine4/MotorUnreal4B/Content/Blueprints/NewBlueprint.uasset" SILENT=true
[2023.12.26-04.21.36:820][291]LogSavePackage: Save=0.93ms
[2023.12.26-04.21.36:820][291]LogSavePackage: Moving '../../../../../Users/MelchioT/Documents/workUnrealEngine4/MotorUnreal4B/Saved/NewBlueprintB5D37CD54497F2726FF891B900AB2DB8.tmp' to '../../../../../Users/MelchioT/Documents/workUnrealEngine4/MotorUnreal4B/Content/Blueprints/NewBlueprint.uasset'
[2023.12.26-04.21.36:820][291]LogSavePackage:Display: Finished SavePackage ../../../../../Users/MelchioT/Documents/workUnrealEngine4/MotorUnreal4B/Content/Blueprints/NewBlueprint.uasset
[2023.12.26-04.21.36:826][291]Cmd: MAP LOAD FILE="../../../../../Users/MelchioT/Documents/workUnrealEngine4/MotorUnreal4B/Content/Levels/11-Blueprint10.umap" TEMPLATE=0 SHOWPROGRESS=1 FEATURELEVEL=3
[2023.12.26-04.21.36:826][291]LightingResults: New page: Lighting Build
[2023.12.26-04.21.36:827][291]LoadErrors: New page: Loading map: 11-Blueprint10.umap
[2023.12.26-04.21.36:828][291]MapCheck: New page: Map Check
[2023.12.26-04.21.36:828][291]LightingResults: New page: Lighting Build
[2023.12.26-04.21.36:868][291]LogAIModule: Creating AISystem for world 11-Blueprint10
[2023.12.26-04.21.36:871][291]LogEditorServer: Finished looking for orphan Actors (0.000 secs)
[2023.12.26-04.21.36:893][291]Cmd: MAP CHECKDEP NOCLEARLOG
[2023.12.26-04.21.36:929][291]MapCheck: Info Map check complete: 0 Error(s), 0 Warning(s), took 35.173ms to complete.
[2023.12.26-04.21.36:929][291]LogFileHelpers: Loading map '11-Blueprint10' took 0.104
[2023.12.26-04.21.39:656][453]LogTemp: Repeting last play command: Selected Viewport
[2023.12.26-04.21.39:667][453]LogPlayLevel: PlayLevel: No blueprints needed recompiling
[2023.12.26-04.21.39:667][453]PIE: New page: PIE session: 11-Blueprint10 (Dec 25, 2023, 10:21:39 PM)
[2023.12.26-04.21.39:667][453]LogPlayLevel: Creating play world package: /Game/Levels/UEDPIE_0_11-Blueprint10
[2023.12.26-04.21.39:669][453]LogPlayLevel: PIE: StaticDuplicateObject took: (0.001865s)
[2023.12.26-04.21.39:670][453]LogAIModule: Creating AISystem for world 11-Blueprint10
[2023.12.26-04.21.39:670][453]LogPlayLevel: PIE: World Init took: (0.000895s)
[2023.12.26-04.21.39:670][453]LogPlayLevel: PIE: Created PIE world by copying editor world from /Game/Levels/11-Blueprint10.11-Blueprint10 to /Game/Levels/UEDPIE_0_11-Blueprint10.11-Blueprint10 (0.002979s)
[2023.12.26-04.21.39:692][453]LogInit: XAudio2 using 'Altavoces (Realtek(R) Audio)' : 2 channels at 48 kHz using 16 bits per sample (channel mask 0x3)
[2023.12.26-04.21.39:710][453]LogInit: FAudioDevice initialized.
[2023.12.26-04.21.39:744][453]LogLoad: Game class is 'GameModeBase'
[2023.12.26-04.21.39:747][453]LogWorld: Bringing World /Game/Levels/UEDPIE_0_11-Blueprint10.11-Blueprint10 up for play (max tick rate 60) at 2023.12.26-01.21.39
[2023.12.26-04.21.39:747][453]LogWorld: Bringing up level for play took: 0.000908
[2023.12.26-04.21.39:748][453]PIE: Info Play in editor start time for /Game/Levels/UEDPIE_0_11-Blueprint10 -0.526
[2023.12.26-04.21.42:645][626]LogBlueprintUserMessages: [NewBlueprint_869] Hola
[2023.12.26-04.21.45:646][806]LogBlueprintUserMessages: [NewBlueprint_869] Hola
[2023.12.26-04.21.48:647][986]LogBlueprintUserMessages: [NewBlueprint_869] Hola
[2023.12.26-04.21.51:716][167]LogBlueprintUserMessages: [NewBlueprint_869] Hola
[2023.12.26-04.21.55:457][254]Cmd: MAP LOAD FILE="../../../Engine/Content/Maps/Templates/Template_Default.umap" TEMPLATE=1 SHOWPROGRESS=1 FEATURELEVEL=3
[2023.12.26-04.21.55:476][254]LightingResults: New page: Lighting Build
[2023.12.26-04.21.55:478][254]LoadErrors: New page: Loading map: Template_Default.umap
[2023.12.26-04.21.55:479][254]MapCheck: New page: Map Check
[2023.12.26-04.21.55:479][254]LightingResults: New page: Lighting Build
[2023.12.26-04.21.55:498][254]LogAIModule: Creating AISystem for world Untitled_2
[2023.12.26-04.21.55:502][254]LogActorComponent: RegisterComponentWithWorld: (/Temp/Untitled_2.Untitled_2:PersistentLevel.WorldSettings_1.StaticMeshComponent0) Trying to register component with IsPendingKill() == true. Aborting.
[2023.12.26-04.21.55:505][254]LogEditorServer: Finished looking for orphan Actors (0.000 secs)
[2023.12.26-04.21.55:520][254]Cmd: MAP CHECKDEP NOCLEARLOG
[2023.12.26-04.21.55:555][254]MapCheck: Info Map check complete: 0 Error(s), 0 Warning(s), took 35.761ms to complete.
[2023.12.26-04.21.55:555][254]LogFileHelpers: Loading map 'Template_Default' took 1.533
[2023.12.26-04.23.39:440][601]LogSlate:Warning: Prevented a slow task dialog from being summoned while a context menu was open
[2023.12.26-04.23.40:833][684]LogSlate:Warning: Prevented a slow task dialog from being summoned while a context menu was open
[2023.12.26-04.25.45:778][101]LogTemp: Repeting last play command: Selected Viewport
[2023.12.26-04.25.45:789][101]BlueprintLog: New page: Pre-Play auto-recompile
[2023.12.26-04.25.45:789][101]LogPlayLevel: [PlayLevel] Compiling NewBlueprint before play...
[2023.12.26-04.25.46:063][101]LogPlayLevel: PlayLevel: Blueprint regeneration took 273 ms (1 blueprints)
[2023.12.26-04.25.46:063][101]PIE: New page: PIE session: Untitled_2 (Dec 25, 2023, 10:25:46 PM)
[2023.12.26-04.25.46:063][101]LogPlayLevel: Creating play world package: /Temp/UEDPIE_0_Untitled_2
[2023.12.26-04.25.46:065][101]LogPlayLevel: PIE: StaticDuplicateObject took: (0.001657s)
[2023.12.26-04.25.46:066][101]LogAIModule: Creating AISystem for world Untitled_2
[2023.12.26-04.25.46:066][101]LogPlayLevel: PIE: World Init took: (0.000818s)
[2023.12.26-04.25.46:066][101]LogPlayLevel: PIE: Created PIE world by copying editor world from /Temp/Untitled_2.Untitled_2 to /Temp/UEDPIE_0_Untitled_2.Untitled_2 (0.002665s)
[2023.12.26-04.25.46:087][101]LogInit: XAudio2 using 'Altavoces (Realtek(R) Audio)' : 2 channels at 48 kHz using 16 bits per sample (channel mask 0x3)
[2023.12.26-04.25.46:103][101]LogInit: FAudioDevice initialized.
[2023.12.26-04.25.46:134][101]LogLoad: Game class is 'GameModeBase'
[2023.12.26-04.25.46:137][101]LogWorld: Bringing World /Temp/UEDPIE_0_Untitled_2.Untitled_2 up for play (max tick rate 60) at 2023.12.26-01.25.46
[2023.12.26-04.25.46:137][101]LogWorld: Bringing up level for play took: 0.000892
[2023.12.26-04.25.46:138][101]PIE: Info Play in editor start time for /Temp/UEDPIE_0_Untitled_2 -0.137
[2023.12.26-04.26.10:527][557]BlueprintLog: New page: Compile NewBlueprint
[2023.12.26-04.26.12:954][696]LogTemp: Repeting last play command: Selected Viewport
[2023.12.26-04.26.12:961][696]LogPlayLevel: PlayLevel: No blueprints needed recompiling
[2023.12.26-04.26.12:961][696]PIE: New page: PIE session: Untitled_2 (Dec 25, 2023, 10:26:12 PM)
[2023.12.26-04.26.12:961][696]LogPlayLevel: Creating play world package: /Temp/UEDPIE_0_Untitled_2
[2023.12.26-04.26.12:963][696]LogPlayLevel: PIE: StaticDuplicateObject took: (0.001464s)
[2023.12.26-04.26.12:963][696]LogAIModule: Creating AISystem for world Untitled_2
[2023.12.26-04.26.12:964][696]LogPlayLevel: PIE: World Init took: (0.000829s)
[2023.12.26-04.26.12:964][696]LogPlayLevel: PIE: Created PIE world by copying editor world from /Temp/Untitled_2.Untitled_2 to /Temp/UEDPIE_0_Untitled_2.Untitled_2 (0.002480s)
[2023.12.26-04.26.12:988][696]LogInit: XAudio2 using 'Altavoces (Realtek(R) Audio)' : 2 channels at 48 kHz using 16 bits per sample (channel mask 0x3)
[2023.12.26-04.26.13:003][696]LogInit: FAudioDevice initialized.
[2023.12.26-04.26.13:036][696]LogLoad: Game class is 'GameModeBase'
[2023.12.26-04.26.13:039][696]LogWorld: Bringing World /Temp/UEDPIE_0_Untitled_2.Untitled_2 up for play (max tick rate 60) at 2023.12.26-01.26.13
[2023.12.26-04.26.13:039][696]LogWorld: Bringing up level for play took: 0.000895
[2023.12.26-04.26.13:040][696]PIE: Info Play in editor start time for /Temp/UEDPIE_0_Untitled_2 0.766
[2023.12.26-04.27.44:050][883]Cmd: OBJ SAVEPACKAGE PACKAGE="/Game/Blueprints/NewBlueprint" FILE="../../../../../Users/MelchioT/Documents/workUnrealEngine4/MotorUnreal4B/Content/Blueprints/NewBlueprint.uasset" SILENT=true
[2023.12.26-04.27.44:071][883]LogSavePackage: Save=16.43ms
[2023.12.26-04.27.44:071][883]LogSavePackage: Moving '../../../../../Users/MelchioT/Documents/workUnrealEngine4/MotorUnreal4B/Saved/NewBlueprint84B4FBD74F09EF021CF3589E159C8761.tmp' to '../../../../../Users/MelchioT/Documents/workUnrealEngine4/MotorUnreal4B/Content/Blueprints/NewBlueprint.uasset'
[2023.12.26-04.27.44:073][883]LogSavePackage:Display: Finished SavePackage ../../../../../Users/MelchioT/Documents/workUnrealEngine4/MotorUnreal4B/Content/Blueprints/NewBlueprint.uasset
[2023.12.26-04.28.14:820][663]BlueprintLog: New page: Compile NewBlueprint
[2023.12.26-04.28.20:699][995]LogTemp: Repeting last play command: Selected Viewport
[2023.12.26-04.28.20:706][995]LogPlayLevel: PlayLevel: No blueprints needed recompiling
[2023.12.26-04.28.20:706][995]PIE: New page: PIE session: Untitled_2 (Dec 25, 2023, 10:28:20 PM)
[2023.12.26-04.28.20:706][995]LogPlayLevel: Creating play world package: /Temp/UEDPIE_0_Untitled_2
[2023.12.26-04.28.20:708][995]LogPlayLevel: PIE: StaticDuplicateObject took: (0.001506s)
[2023.12.26-04.28.20:708][995]LogAIModule: Creating AISystem for world Untitled_2
[2023.12.26-04.28.20:709][995]LogPlayLevel: PIE: World Init took: (0.000863s)
[2023.12.26-04.28.20:709][995]LogPlayLevel: PIE: Created PIE world by copying editor world from /Temp/Untitled_2.Untitled_2 to /Temp/UEDPIE_0_Untitled_2.Untitled_2 (0.002555s)
[2023.12.26-04.28.20:732][995]LogInit: XAudio2 using 'Altavoces (Realtek(R) Audio)' : 2 channels at 48 kHz using 16 bits per sample (channel mask 0x3)
[2023.12.26-04.28.20:748][995]LogInit: FAudioDevice initialized.
[2023.12.26-04.28.20:782][995]LogLoad: Game class is 'GameModeBase'
[2023.12.26-04.28.20:785][995]LogWorld: Bringing World /Temp/UEDPIE_0_Untitled_2.Untitled_2 up for play (max tick rate 60) at 2023.12.26-01.28.20
[2023.12.26-04.28.20:785][995]LogWorld: Bringing up level for play took: 0.000943
[2023.12.26-04.28.20:786][995]PIE: Info Play in editor start time for /Temp/UEDPIE_0_Untitled_2 0.511
[2023.12.26-04.33.31:557][823]LogTemp: Repeting last play command: Selected Viewport
[2023.12.26-04.33.31:564][823]LogPlayLevel: PlayLevel: No blueprints needed recompiling
[2023.12.26-04.33.31:564][823]PIE: New page: PIE session: Untitled_2 (Dec 25, 2023, 10:33:31 PM)
[2023.12.26-04.33.31:564][823]LogPlayLevel: Creating play world package: /Temp/UEDPIE_0_Untitled_2
[2023.12.26-04.33.31:565][823]LogPlayLevel: PIE: StaticDuplicateObject took: (0.001531s)
[2023.12.26-04.33.31:566][823]LogAIModule: Creating AISystem for world Untitled_2
[2023.12.26-04.33.31:566][823]LogPlayLevel: PIE: World Init took: (0.000868s)
[2023.12.26-04.33.31:566][823]LogPlayLevel: PIE: Created PIE world by copying editor world from /Temp/Untitled_2.Untitled_2 to /Temp/UEDPIE_0_Untitled_2.Untitled_2 (0.002601s)
[2023.12.26-04.33.31:590][823]LogInit: XAudio2 using 'Altavoces (Realtek(R) Audio)' : 2 channels at 48 kHz using 16 bits per sample (channel mask 0x3)
[2023.12.26-04.33.31:607][823]LogInit: FAudioDevice initialized.
[2023.12.26-04.33.31:642][823]LogLoad: Game class is 'GameModeBase'
[2023.12.26-04.33.31:645][823]LogWorld: Bringing World /Temp/UEDPIE_0_Untitled_2.Untitled_2 up for play (max tick rate 60) at 2023.12.26-01.33.31
[2023.12.26-04.33.31:645][823]LogWorld: Bringing up level for play took: 0.001214
[2023.12.26-04.33.31:647][823]PIE: Info Play in editor start time for /Temp/UEDPIE_0_Untitled_2 -0.628
[2023.12.26-04.38.58:042][212]LogMetaData: Removing '/Game/Blueprints/11-SpawnActor+DoN.11-SpawnActor+DoN:EventGraph.K2Node_Event_15' ref from Metadata '/Game/Blueprints/NewBlueprint.PackageMetaData'
[2023.12.26-04.38.58:042][212]LogMetaData: Removing '/Game/Blueprints/11-SpawnActor+DoN.11-SpawnActor+DoN:EventGraph.K2Node_Event_14' ref from Metadata '/Game/Blueprints/NewBlueprint.PackageMetaData'
[2023.12.26-04.38.58:042][212]LogMetaData: Removing '/Game/Blueprints/11-SpawnActor+DoN.11-SpawnActor+DoN:EventGraph.K2Node_Event_13' ref from Metadata '/Game/Blueprints/NewBlueprint.PackageMetaData'
[2023.12.26-04.38.58:042][212]LogMetaData: Removing '/Game/Blueprints/11-SpawnActor+DoN.11-SpawnActor+DoN_C' ref from Metadata '/Game/Blueprints/NewBlueprint.PackageMetaData'
[2023.12.26-04.38.58:042][212]LogMetaData: Removing '/Game/Blueprints/11-SpawnActor+DoN.SKEL_11-SpawnActor+DoN_C' ref from Metadata '/Game/Blueprints/NewBlueprint.PackageMetaData'
[2023.12.26-04.38.58:042][212]LogMetaData: Removing '/Game/Blueprints/11-SpawnActor+DoN.11-SpawnActor+DoN:UserConstructionScript.K2Node_FunctionEntry_19' ref from Metadata '/Game/Blueprints/NewBlueprint.PackageMetaData'
[2023.12.26-04.38.58:086][212]Cmd: OBJ SAVEPACKAGE PACKAGE="/Game/Blueprints/11-SpawnActor+DoN" FILE="../../../../../Users/MelchioT/Documents/workUnrealEngine4/MotorUnreal4B/Content/Blueprints/11-SpawnActor+DoN.uasset" SILENT=true
[2023.12.26-04.38.58:107][212]LogSavePackage: Save=20.40ms
[2023.12.26-04.38.58:107][212]LogSavePackage: Moving '../../../../../Users/MelchioT/Documents/workUnrealEngine4/MotorUnreal4B/Saved/11-SpawnActor+DoN78B0311644C21EAAC178009FCEC2DC82.tmp' to '../../../../../Users/MelchioT/Documents/workUnrealEngine4/MotorUnreal4B/Content/Blueprints/11-SpawnActor+DoN.uasset'
[2023.12.26-04.38.58:109][212]LogSavePackage:Display: Finished SavePackage ../../../../../Users/MelchioT/Documents/workUnrealEngine4/MotorUnreal4B/Content/Blueprints/11-SpawnActor+DoN.uasset
[2023.12.26-04.38.58:146][212]LogGarbage:Warning: GC detected illegal reference to PIE object from content [possibly via ObjectProperty /Script/UnrealEd.EditorEngine:PlayWorld]:
[2023.12.26-04.38.58:146][212]LogGarbage:Warning:       PIE object: World /Temp/UEDPIE_0_Untitled_2.Untitled_2
[2023.12.26-04.38.58:146][212]LogGarbage:Warning:   NON-PIE object: UnrealEdEngine /Engine/Transient.UnrealEdEngine_0
[2023.12.26-04.38.58:201][212]LogGarbage:Warning: GC detected illegal reference to PIE object from content [possibly via ObjectProperty /Script/UnrealEd.EditorEngine:PlayWorld]:
[2023.12.26-04.38.58:202][212]LogGarbage:Warning:       PIE object: World /Temp/UEDPIE_0_Untitled_2.Untitled_2
[2023.12.26-04.38.58:202][212]LogGarbage:Warning:   NON-PIE object: UnrealEdEngine /Engine/Transient.UnrealEdEngine_0
[2023.12.26-04.39.51:418][381]Cmd: OBJ SAVEPACKAGE PACKAGE="/Game/Blueprints/11-SpawnActor+DoN" FILE="../../../../../Users/MelchioT/Documents/workUnrealEngine4/MotorUnreal4B/Content/Blueprints/11-SpawnActor+DoN.uasset" SILENT=true
[2023.12.26-04.39.51:437][381]LogSavePackage: Save=14.12ms
[2023.12.26-04.39.51:437][381]LogSavePackage: Moving '../../../../../Users/MelchioT/Documents/workUnrealEngine4/MotorUnreal4B/Saved/11-SpawnActor+DoNE1B65C0D4D1A3EEB035F55B10820868C.tmp' to '../../../../../Users/MelchioT/Documents/workUnrealEngine4/MotorUnreal4B/Content/Blueprints/11-SpawnActor+DoN.uasset'
[2023.12.26-04.39.51:439][381]LogSavePackage:Display: Finished SavePackage ../../../../../Users/MelchioT/Documents/workUnrealEngine4/MotorUnreal4B/Content/Blueprints/11-SpawnActor+DoN.uasset
[2023.12.26-04.40.15:939][855]LogSavePackage: Save=28.64ms
[2023.12.26-04.40.15:939][855]LogSavePackage: Moving '../../../../../Users/MelchioT/Documents/workUnrealEngine4/MotorUnreal4B/Saved/12-Blueprint11A9552C314E52F4E804CDFDB5CD3C8ED1.tmp' to '../../../../../Users/MelchioT/Documents/workUnrealEngine4/MotorUnreal4B/Content/Levels/12-Blueprint11.umap'
[2023.12.26-04.40.15:941][855]LogSavePackage:Display: Finished SavePackage ../../../../../Users/MelchioT/Documents/workUnrealEngine4/MotorUnreal4B/Content/Levels/12-Blueprint11.umap
[2023.12.26-04.40.15:968][855]LogFileHelpers: Saving map '12-Blueprint11' took 0.180
[2023.12.26-04.40.33:557][746]Cmd: QUIT_EDITOR
[2023.12.26-04.40.34:461][746]LogWindowsTextInputMethodSystem:Display: IME system now deactivated.
[2023.12.26-04.40.34:485][746]LogExit: Preparing to exit.
[2023.12.26-04.40.35:663][746]LogDirectoryWatcher: A directory notification for 'C:/Users/MelchioT/Documents/workUnrealEngine4/MotorUnreal4B/Content/' was aborted.
[2023.12.26-04.40.35:693][746]LogExit: Editor shut down
[2023.12.26-04.40.35:693][746]LogExit: Transaction tracking system shut down
[2023.12.26-04.40.35:815][746]LogObj: Freed 0b from 0 cluster array pools.
[2023.12.26-04.40.35:816][746]LogExit: Object subsystem successfully closed.
[2023.12.26-04.40.35:845][746]LogD3D11RHI: Shutdown
[2023.12.26-04.40.35:845][746]LogD3D11RHI: CleanupD3DDevice
[2023.12.26-04.40.36:026][746]LogD3D11RHI: ~FD3D11DynamicRHI
[2023.12.26-04.40.36:041][746]LogModuleManager: Shutting down and abandoning module NewLevelDialog (488)
[2023.12.26-04.40.36:041][746]LogModuleManager: Shutting down and abandoning module MovieSceneCapture (486)
[2023.12.26-04.40.36:041][746]LogModuleManager: Shutting down and abandoning module BlueprintGraph (484)
[2023.12.26-04.40.36:041][746]LogModuleManager: Shutting down and abandoning module BlueprintProfiler (482)
[2023.12.26-04.40.36:041][746]LogModuleManager: Shutting down and abandoning module HierarchicalLODOutliner (480)
[2023.12.26-04.40.36:041][746]LogModuleManager: Shutting down and abandoning module CrashTracker (478)
[2023.12.26-04.40.36:041][746]LogModuleManager: Shutting down and abandoning module SceneOutliner (476)
[2023.12.26-04.40.36:041][746]LogModuleManager: Shutting down and abandoning module AddContentDialog (474)
[2023.12.26-04.40.36:041][746]LogDirectoryWatcher: A directory notification for 'C:/Program Files/Unreal Engine 4 (4.15.0)/FeaturePacks/' was aborted.
[2023.12.26-04.40.36:042][746]LogModuleManager: Shutting down and abandoning module WidgetCarousel (473)
[2023.12.26-04.40.36:042][746]LogModuleManager: Shutting down and abandoning module EditorWidgets (470)
[2023.12.26-04.40.36:042][746]LogModuleManager: Shutting down and abandoning module CollectionManager (468)
[2023.12.26-04.40.36:042][746]LogDirectoryWatcher: A directory notification for 'C:/Users/MelchioT/Documents/workUnrealEngine4/MotorUnreal4B/Content/Collections/' was aborted.
[2023.12.26-04.40.36:042][746]LogDirectoryWatcher: A directory notification for 'C:/Users/MelchioT/Documents/workUnrealEngine4/MotorUnreal4B/Content/Developers/MelchioT/Collections/' was aborted.
[2023.12.26-04.40.36:042][746]LogDirectoryWatcher: A directory notification for 'C:/Users/MelchioT/Documents/workUnrealEngine4/MotorUnreal4B/Saved/Collections/' was aborted.
[2023.12.26-04.40.36:042][746]LogModuleManager: Shutting down and abandoning module StatsViewer (466)
[2023.12.26-04.40.36:042][746]LogModuleManager: Shutting down and abandoning module FoliageEdit (464)
[2023.12.26-04.40.36:042][746]LogModuleManager: Shutting down and abandoning module LandscapeEditor (462)
[2023.12.26-04.40.36:042][746]LogModuleManager: Shutting down and abandoning module SceneDepthPickerMode (460)
[2023.12.26-04.40.36:042][746]LogModuleManager: Shutting down and abandoning module ActorPickerMode (458)
[2023.12.26-04.40.36:042][746]LogModuleManager: Shutting down and abandoning module GeometryMode (456)
[2023.12.26-04.40.36:042][746]LogModuleManager: Shutting down and abandoning module TextureAlignMode (454)
[2023.12.26-04.40.36:042][746]LogModuleManager: Shutting down and abandoning module BspMode (452)
[2023.12.26-04.40.36:042][746]LogModuleManager: Shutting down and abandoning module HardwareSurvey (450)
[2023.12.26-04.40.36:042][746]LogModuleManager: Shutting down and abandoning module SequenceRecorderSections (448)
[2023.12.26-04.40.36:042][746]LogModuleManager: Shutting down and abandoning module AutomationWorker (446)
[2023.12.26-04.40.36:042][746]LogModuleManager: Shutting down and abandoning module MatineeToLevelSequence (444)
[2023.12.26-04.40.36:042][746]LogModuleManager: Shutting down and abandoning module LevelSequenceEditor (442)
[2023.12.26-04.40.36:043][746]LogModuleManager: Shutting down and abandoning module PlacementMode (441)
[2023.12.26-04.40.36:043][746]LogModuleManager: Shutting down and abandoning module WmfMediaFactory (438)
[2023.12.26-04.40.36:043][746]LogModuleManager: Shutting down and abandoning module WmfMediaEditor (436)
[2023.12.26-04.40.36:043][746]LogModuleManager: Shutting down and abandoning module MfMediaFactory (434)
[2023.12.26-04.40.36:043][746]LogModuleManager: Shutting down and abandoning module MfMediaEditor (432)
[2023.12.26-04.40.36:043][746]LogModuleManager: Shutting down and abandoning module AvfMediaFactory (430)
[2023.12.26-04.40.36:043][746]LogModuleManager: Shutting down and abandoning module AvfMediaEditor (428)
[2023.12.26-04.40.36:043][746]LogModuleManager: Shutting down and abandoning module AndroidMediaFactory (426)
[2023.12.26-04.40.36:043][746]LogModuleManager: Shutting down and abandoning module Media (425)
[2023.12.26-04.40.36:043][746]LogModuleManager: Shutting down and abandoning module AndroidMediaEditor (422)
[2023.12.26-04.40.36:043][746]LogModuleManager: Shutting down and abandoning module CharacterAI (420)
[2023.12.26-04.40.36:043][746]LogModuleManager: Shutting down and abandoning module AudioCapture (418)
[2023.12.26-04.40.36:043][746]LogModuleManager: Shutting down and abandoning module SequenceRecorder (417)
[2023.12.26-04.40.36:043][746]LogModuleManager: Shutting down and abandoning module SmartSnapping (414)
[2023.12.26-04.40.36:043][746]LogModuleManager: Shutting down and abandoning module SessionServices (412)
[2023.12.26-04.40.36:043][746]LogModuleManager: Shutting down and abandoning module ViewportSnapping (410)
[2023.12.26-04.40.36:043][746]LogModuleManager: Shutting down and abandoning module ViewportInteraction (408)
[2023.12.26-04.40.36:043][746]LogModuleManager: Shutting down and abandoning module LogVisualizer (406)
[2023.12.26-04.40.36:043][746]LogModuleManager: Shutting down and abandoning module IntroTutorials (404)
[2023.12.26-04.40.36:043][746]LogModuleManager: Shutting down and abandoning module GameProjectGeneration (403)
[2023.12.26-04.40.36:043][746]LogModuleManager: Shutting down and abandoning module EditorLiveStreaming (400)
[2023.12.26-04.40.36:043][746]LogModuleManager: Shutting down and abandoning module IOSPlatformEditor (398)
[2023.12.26-04.40.36:043][746]LogModuleManager: Shutting down and abandoning module HTML5PlatformEditor (396)
[2023.12.26-04.40.36:043][746]LogModuleManager: Shutting down and abandoning module AndroidPlatformEditor (394)
[2023.12.26-04.40.36:043][746]LogModuleManager: Shutting down and abandoning module AndroidDeviceDetection (393)
[2023.12.26-04.40.36:855][746]LogModuleManager: Shutting down and abandoning module IOSRuntimeSettings (390)
[2023.12.26-04.40.36:855][746]LogModuleManager: Shutting down and abandoning module AndroidRuntimeSettings (388)
[2023.12.26-04.40.36:855][746]LogModuleManager: Shutting down and abandoning module InputBindingEditor (386)
[2023.12.26-04.40.36:855][746]LogModuleManager: Shutting down and abandoning module NiagaraEditor (384)
[2023.12.26-04.40.36:855][746]LogModuleManager: Shutting down and abandoning module MergeActors (382)
[2023.12.26-04.40.36:855][746]LogModuleManager: Shutting down and abandoning module SizeMap (380)
[2023.12.26-04.40.36:856][746]LogModuleManager: Shutting down and abandoning module TreeMap (378)
[2023.12.26-04.40.36:856][746]LogModuleManager: Shutting down and abandoning module ReferenceViewer (376)
[2023.12.26-04.40.36:856][746]LogModuleManager: Shutting down and abandoning module LocalizationDashboard (374)
[2023.12.26-04.40.36:856][746]LogModuleManager: Shutting down and abandoning module LocalizationService (373)
[2023.12.26-04.40.36:856][746]LogModuleManager: Shutting down and abandoning module HardwareTargeting (370)
[2023.12.26-04.40.36:856][746]LogModuleManager: Shutting down and abandoning module DeviceProfileEditor (368)
[2023.12.26-04.40.36:856][746]LogModuleManager: Shutting down and abandoning module UndoHistory (366)
[2023.12.26-04.40.36:856][746]LogModuleManager: Shutting down and abandoning module UserFeedback (364)
[2023.12.26-04.40.36:856][746]LogModuleManager: Shutting down and abandoning module XmlParser (362)
[2023.12.26-04.40.36:856][746]LogModuleManager: Shutting down and abandoning module Blutility (360)
[2023.12.26-04.40.36:856][746]LogModuleManager: Shutting down and abandoning module ProjectSettingsViewer (358)
[2023.12.26-04.40.36:856][746]LogModuleManager: Shutting down and abandoning module ProjectTargetPlatformEditor (357)
[2023.12.26-04.40.36:856][746]LogModuleManager: Shutting down and abandoning module EditorSettingsViewer (354)
[2023.12.26-04.40.36:856][746]LogModuleManager: Shutting down and abandoning module SettingsEditor (352)
[2023.12.26-04.40.36:856][746]LogModuleManager: Shutting down and abandoning module ProjectLauncher (350)
[2023.12.26-04.40.36:856][746]LogModuleManager: Shutting down and abandoning module SessionFrontend (348)
[2023.12.26-04.40.36:856][746]LogModuleManager: Shutting down and abandoning module ProfilerClient (346)
[2023.12.26-04.40.36:856][746]LogModuleManager: Shutting down and abandoning module DeviceManager (344)
[2023.12.26-04.40.36:856][746]LogModuleManager: Shutting down and abandoning module TargetDeviceServices (343)
[2023.12.26-04.40.36:900][746]LogModuleManager: Shutting down and abandoning module AutomationController (340)
[2023.12.26-04.40.36:900][746]LogModuleManager: Shutting down and abandoning module AutomationWindow (338)
[2023.12.26-04.40.36:900][746]LogModuleManager: Shutting down and abandoning module Layers (336)
[2023.12.26-04.40.36:900][746]LogModuleManager: Shutting down and abandoning module ComponentVisualizers (334)
[2023.12.26-04.40.36:900][746]LogModuleManager: Shutting down and abandoning module DetailCustomizations (332)
[2023.12.26-04.40.36:900][746]LogModuleManager: Shutting down and abandoning module PackagesDialog (330)
[2023.12.26-04.40.36:900][746]LogModuleManager: Shutting down and abandoning module Persona (328)
[2023.12.26-04.40.36:900][746]LogModuleManager: Shutting down and abandoning module AnimGraph (327)
[2023.12.26-04.40.36:900][746]LogModuleManager: Shutting down and abandoning module Kismet (324)
[2023.12.26-04.40.36:909][746]LogModuleManager: Shutting down and abandoning module GraphEditor (322)
[2023.12.26-04.40.36:909][746]LogModuleManager: Shutting down and abandoning module ClassViewer (320)
[2023.12.26-04.40.36:910][746]LogModuleManager: Shutting down and abandoning module Toolbox (318)
[2023.12.26-04.40.36:910][746]LogModuleManager: Shutting down and abandoning module ModuleUI (316)
[2023.12.26-04.40.36:910][746]LogModuleManager: Shutting down and abandoning module MovieSceneTools (314)
[2023.12.26-04.40.36:910][746]LogModuleManager: Shutting down and abandoning module OutputLog (312)
[2023.12.26-04.40.36:910][746]LogModuleManager: Shutting down and abandoning module GammaUI (310)
[2023.12.26-04.40.36:911][746]LogModuleManager: Shutting down and abandoning module Documentation (308)
[2023.12.26-04.40.36:911][746]LogModuleManager: Shutting down and abandoning module Niagara (306)
[2023.12.26-04.40.36:911][746]LogModuleManager: Shutting down and abandoning module StreamingPauseRendering (304)
[2023.12.26-04.40.36:911][746]LogModuleManager: Shutting down and abandoning module AnalyticsET (302)
[2023.12.26-04.40.36:911][746]LogModuleManager: Shutting down and abandoning module PortalServices (300)
[2023.12.26-04.40.36:911][746]LogModuleManager: Shutting down and abandoning module PortalRpc (298)
[2023.12.26-04.40.36:911][746]LogModuleManager: Shutting down and abandoning module MessagingRpc (296)
[2023.12.26-04.40.36:911][746]LogModuleManager: Shutting down and abandoning module AIModule (294)
[2023.12.26-04.40.36:911][746]LogModuleManager: Shutting down and abandoning module GameplayDebugger (293)
[2023.12.26-04.40.36:911][746]LogModuleManager: Shutting down and abandoning module AITestSuite (291)
[2023.12.26-04.40.36:911][746]LogModuleManager: Shutting down and abandoning module ProfilerService (288)
[2023.12.26-04.40.36:919][746]LogModuleManager: Shutting down and abandoning module TaskGraph (286)
[2023.12.26-04.40.36:919][746]LogModuleManager: Shutting down and abandoning module SteamVRController (284)
[2023.12.26-04.40.36:919][746]LogModuleManager: Shutting down and abandoning module SteamVR (282)
[2023.12.26-04.40.36:919][746]LogModuleManager: Shutting down and abandoning module ProceduralMeshComponentEditor (280)
[2023.12.26-04.40.36:919][746]LogModuleManager: Shutting down and abandoning module ProceduralMeshComponent (278)
[2023.12.26-04.40.36:919][746]LogModuleManager: Shutting down and abandoning module OculusLibrary (276)
[2023.12.26-04.40.36:919][746]LogModuleManager: Shutting down and abandoning module OculusInput (274)
[2023.12.26-04.40.36:919][746]LogModuleManager: Shutting down and abandoning module MobilePatchingUtils (272)
[2023.12.26-04.40.36:919][746]LogModuleManager: Shutting down and abandoning module CustomMeshComponent (270)
[2023.12.26-04.40.36:919][746]LogModuleManager: Shutting down and abandoning module CableComponent (268)
[2023.12.26-04.40.36:919][746]LogModuleManager: Shutting down and abandoning module ArchVisCharacter (266)
[2023.12.26-04.40.36:919][746]LogModuleManager: Shutting down and abandoning module MediaPlayerEditor (262)
[2023.12.26-04.40.36:919][746]LogModuleManager: Shutting down and abandoning module HTML5Networking (260)
[2023.12.26-04.40.36:919][746]LogModuleManager: Shutting down and abandoning module AlembicImporter (258)
[2023.12.26-04.40.36:919][746]LogModuleManager: Shutting down and abandoning module AlembicLibrary (257)
[2023.12.26-04.40.36:919][746]LogModuleManager: Shutting down and abandoning module GeometryCache (256)
[2023.12.26-04.40.36:919][746]LogModuleManager: Shutting down and abandoning module GeometryCacheEd (255)
[2023.12.26-04.40.36:919][746]LogModuleManager: Shutting down and abandoning module SuperSearchEditor (250)
[2023.12.26-04.40.36:919][746]LogModuleManager: Shutting down and abandoning module SuperSearch (249)
[2023.12.26-04.40.36:919][746]LogModuleManager: Shutting down and abandoning module SpeedTreeImporter (246)
[2023.12.26-04.40.36:919][746]LogModuleManager: Shutting down and abandoning module PluginBrowser (244)
[2023.12.26-04.40.36:919][746]LogModuleManager: Shutting down and abandoning module MobileLauncherProfileWizard (242)
[2023.12.26-04.40.36:919][746]LogModuleManager: Shutting down and abandoning module EpicSurvey (240)
[2023.12.26-04.40.36:919][746]LogModuleManager: Shutting down and abandoning module VisualStudioSourceCodeAccess (238)
[2023.12.26-04.40.36:919][746]LogModuleManager: Shutting down and abandoning module DesktopPlatform (237)
[2023.12.26-04.40.36:919][746]LogModuleManager: Shutting down and abandoning module UObjectPlugin (234)
[2023.12.26-04.40.36:919][746]LogModuleManager: Shutting down and abandoning module SubversionSourceControl (232)
[2023.12.26-04.40.36:919][746]LogModuleManager: Shutting down and abandoning module PerforceSourceControl (230)
[2023.12.26-04.40.36:919][746]LogModuleManager: Shutting down and abandoning module GitSourceControl (228)
[2023.12.26-04.40.36:919][746]LogModuleManager: Shutting down and abandoning module SourceControl (227)
[2023.12.26-04.40.36:919][746]LogModuleManager: Shutting down and abandoning module LightPropagationVolumeEditor (224)
[2023.12.26-04.40.36:919][746]LogModuleManager: Shutting down and abandoning module PaperTiledImporter (222)
[2023.12.26-04.40.36:919][746]LogModuleManager: Shutting down and abandoning module PaperSpriteSheetImporter (220)
[2023.12.26-04.40.36:919][746]LogModuleManager: Shutting down and abandoning module Paper2DEditor (218)
[2023.12.26-04.40.36:920][746]LogModuleManager: Shutting down and abandoning module MeshPaint (217)
[2023.12.26-04.40.36:920][746]LogModuleManager: Shutting down and abandoning module LevelEditor (215)
[2023.12.26-04.40.36:922][746]LogModuleManager: Shutting down and abandoning module PixelInspectorModule (214)
[2023.12.26-04.40.36:922][746]LogModuleManager: Shutting down and abandoning module MainFrame (212)
[2023.12.26-04.40.36:922][746]LogModuleManager: Shutting down and abandoning module HotReload (211)
[2023.12.26-04.40.36:923][746]LogModuleManager: Shutting down and abandoning module ContentBrowser (207)
[2023.12.26-04.40.36:924][746]LogModuleManager: Shutting down and abandoning module PhysXVehiclesEditor (204)
[2023.12.26-04.40.36:924][746]LogModuleManager: Shutting down and abandoning module PhysXVehicles (202)
[2023.12.26-04.40.36:924][746]LogModuleManager: Shutting down and abandoning module LocationServicesBPLibrary (200)
[2023.12.26-04.40.36:924][746]LogModuleManager: Shutting down and abandoning module UdpMessaging (198)
[2023.12.26-04.40.37:025][746]LogModuleManager: Shutting down and abandoning module TcpMessaging (196)
[2023.12.26-04.40.37:126][746]LogModuleManager: Shutting down and abandoning module GameplayTagsEditor (194)
[2023.12.26-04.40.37:126][746]LogModuleManager: Shutting down and abandoning module FacialAnimationEditor (192)
[2023.12.26-04.40.37:126][746]LogModuleManager: Shutting down and abandoning module FacialAnimation (190)
[2023.12.26-04.40.37:126][746]LogModuleManager: Shutting down and abandoning module LightPropagationVolumeRuntime (188)
[2023.12.26-04.40.37:126][746]LogModuleManager: Shutting down and abandoning module Paper2D (186)
[2023.12.26-04.40.37:126][746]LogModuleManager: Shutting down and abandoning module WindowsMoviePlayer (184)
[2023.12.26-04.40.37:126][746]LogModuleManager: Shutting down and abandoning module WmfMedia (182)
[2023.12.26-04.40.37:127][746]LogModuleManager: Shutting down and abandoning module MfMedia (180)
[2023.12.26-04.40.37:127][746]LogModuleManager: Shutting down and abandoning module MediaAssets (178)
[2023.12.26-04.40.37:127][746]LogModuleManager: Shutting down and abandoning module GameLiveStreaming (176)
[2023.12.26-04.40.37:127][746]LogModuleManager: Shutting down and abandoning module VREditor (174)
[2023.12.26-04.40.37:127][746]LogModuleManager: Shutting down and abandoning module GameplayTasksEditor (172)
[2023.12.26-04.40.37:127][746]LogModuleManager: Shutting down and abandoning module BehaviorTreeEditor (170)
[2023.12.26-04.40.37:127][746]LogModuleManager: Shutting down and abandoning module FunctionalTesting (168)
[2023.12.26-04.40.37:127][746]LogModuleManager: Shutting down and abandoning module CollisionAnalyzer (166)
[2023.12.26-04.40.37:127][746]LogModuleManager: Shutting down and abandoning module UMG (164)
[2023.12.26-04.40.37:128][746]LogModuleManager: Shutting down and abandoning module UMGEditor (163)
[2023.12.26-04.40.37:128][746]LogModuleManager: Shutting down and abandoning module Sequencer (162)
[2023.12.26-04.40.37:128][746]LogModuleManager: Shutting down and abandoning module AssetTools (160)
[2023.12.26-04.40.37:128][746]LogModuleManager: Shutting down and abandoning module MessageLog (159)
[2023.12.26-04.40.37:128][746]LogModuleManager: Shutting down and abandoning module WorkspaceMenuStructure (158)
[2023.12.26-04.40.37:128][746]LogModuleManager: Shutting down and abandoning module SlateReflector (152)
[2023.12.26-04.40.37:128][746]LogModuleManager: Shutting down and abandoning module Slate (150)
[2023.12.26-04.40.37:128][746]LogModuleManager: Shutting down and abandoning module EditorStyle (148)
[2023.12.26-04.40.37:129][746]LogModuleManager: Shutting down and abandoning module SourceCodeAccess (146)
[2023.12.26-04.40.37:130][746]LogModuleManager: Shutting down and abandoning module HeadMountedDisplay (144)
[2023.12.26-04.40.37:130][746]LogModuleManager: Shutting down and abandoning module XAudio2 (142)
[2023.12.26-04.40.37:130][746]LogModuleManager: Shutting down and abandoning module Networking (140)
[2023.12.26-04.40.37:130][746]LogModuleManager: Shutting down and abandoning module Core (136)
[2023.12.26-04.40.37:130][746]LogModuleManager: Shutting down and abandoning module AssetRegistry (134)
[2023.12.26-04.40.37:279][746]LogDirectoryWatcher: A directory notification for '../../../Engine/Content/' was aborted.
[2023.12.26-04.40.37:279][746]LogDirectoryWatcher: A directory notification for '../../../../../Users/MelchioT/Documents/workUnrealEngine4/MotorUnreal4B/Content/' was aborted.
[2023.12.26-04.40.37:279][746]LogDirectoryWatcher: A directory notification for '../../../Engine/Plugins/2D/Paper2D/Content/' was aborted.
[2023.12.26-04.40.37:279][746]LogModuleManager: Shutting down and abandoning module DirectoryWatcher (133)
[2023.12.26-04.40.37:280][746]LogModuleManager: Shutting down and abandoning module KismetCompiler (130)
[2023.12.26-04.40.37:280][746]LogModuleManager: Shutting down and abandoning module PhysXFormats (128)
[2023.12.26-04.40.37:280][746]LogModuleManager: Shutting down and abandoning module MeshUtilities (126)
[2023.12.26-04.40.37:280][746]LogModuleManager: Shutting down and abandoning module QuadricMeshReduction (125)
[2023.12.26-04.40.37:280][746]LogModuleManager: Shutting down and abandoning module PropertyEditor (123)
[2023.12.26-04.40.37:280][746]LogModuleManager: Shutting down and abandoning module DerivedDataCache (120)
[2023.12.26-04.40.37:339][746]LogDerivedDataCache: Shutdown
[2023.12.26-04.40.37:339][746]LogModuleManager: Shutting down and abandoning module TargetPlatform (118)
[2023.12.26-04.40.37:339][746]LogModuleManager: Shutting down and abandoning module VulkanShaderFormat (117)
[2023.12.26-04.40.37:339][746]LogModuleManager: Shutting down and abandoning module MetalShaderFormat (115)
[2023.12.26-04.40.37:339][746]LogModuleManager: Shutting down and abandoning module ShaderFormatD3D (113)
[2023.12.26-04.40.37:339][746]LogModuleManager: Shutting down and abandoning module ShaderFormatOpenGL (111)
[2023.12.26-04.40.37:339][746]LogModuleManager: Shutting down and abandoning module TextureFormatUncompressed (109)
[2023.12.26-04.40.37:339][746]LogModuleManager: Shutting down and abandoning module TextureFormatASTC (107)
[2023.12.26-04.40.37:339][746]LogModuleManager: Shutting down and abandoning module ImageWrapper (106)
[2023.12.26-04.40.37:339][746]LogModuleManager: Shutting down and abandoning module TextureFormatPVR (103)
[2023.12.26-04.40.37:339][746]LogModuleManager: Shutting down and abandoning module TextureFormatDXT (101)
[2023.12.26-04.40.37:339][746]LogModuleManager: Shutting down and abandoning module TextureFormatIntelISPCTexComp (99)
[2023.12.26-04.40.37:339][746]LogModuleManager: Shutting down and abandoning module AudioFormatOpus (97)
[2023.12.26-04.40.37:339][746]LogModuleManager: Shutting down and abandoning module AudioFormatOgg (95)
[2023.12.26-04.40.37:339][746]LogModuleManager: Shutting down and abandoning module AudioFormatADPCM (93)
[2023.12.26-04.40.37:339][746]LogModuleManager: Shutting down and abandoning module TVOSTargetPlatform (91)
[2023.12.26-04.40.37:339][746]LogModuleManager: Shutting down and abandoning module Messaging (89)
[2023.12.26-04.40.37:339][746]LogModuleManager: Shutting down and abandoning module IOSTargetPlatform (87)
[2023.12.26-04.40.37:339][746]LogModuleManager: Shutting down and abandoning module HTML5TargetPlatform (85)
[2023.12.26-04.40.37:339][746]LogModuleManager: Shutting down and abandoning module Android_MultiTargetPlatform (83)
[2023.12.26-04.40.37:339][746]LogModuleManager: Shutting down and abandoning module Android_ASTCTargetPlatform (81)
[2023.12.26-04.40.37:339][746]LogModuleManager: Shutting down and abandoning module Android_ETC2TargetPlatform (79)
[2023.12.26-04.40.37:339][746]LogModuleManager: Shutting down and abandoning module Android_ETC1TargetPlatform (77)
[2023.12.26-04.40.37:339][746]LogModuleManager: Shutting down and abandoning module Android_DXTTargetPlatform (75)
[2023.12.26-04.40.37:340][746]LogModuleManager: Shutting down and abandoning module Android_ATCTargetPlatform (73)
[2023.12.26-04.40.37:340][746]LogModuleManager: Shutting down and abandoning module Android_PVRTCTargetPlatform (71)
[2023.12.26-04.40.37:340][746]LogModuleManager: Shutting down and abandoning module AndroidTargetPlatform (69)
[2023.12.26-04.40.37:340][746]LogModuleManager: Shutting down and abandoning module AllDesktopTargetPlatform (67)
[2023.12.26-04.40.37:340][746]LogModuleManager: Shutting down and abandoning module WindowsClientTargetPlatform (65)
[2023.12.26-04.40.37:340][746]LogModuleManager: Shutting down and abandoning module WindowsServerTargetPlatform (63)
[2023.12.26-04.40.37:340][746]LogModuleManager: Shutting down and abandoning module WindowsNoEditorTargetPlatform (61)
[2023.12.26-04.40.37:340][746]LogModuleManager: Shutting down and abandoning module WindowsTargetPlatform (59)
[2023.12.26-04.40.37:340][746]LogModuleManager: Shutting down and abandoning module MacClientTargetPlatform (57)
[2023.12.26-04.40.37:340][746]LogModuleManager: Shutting down and abandoning module MacServerTargetPlatform (55)
[2023.12.26-04.40.37:340][746]LogModuleManager: Shutting down and abandoning module MacNoEditorTargetPlatform (53)
[2023.12.26-04.40.37:340][746]LogModuleManager: Shutting down and abandoning module MacTargetPlatform (51)
[2023.12.26-04.40.37:340][746]LogModuleManager: Shutting down and abandoning module InputCore (48)
[2023.12.26-04.40.37:340][746]LogModuleManager: Shutting down and abandoning module Settings (46)
[2023.12.26-04.40.37:340][746]LogModuleManager: Shutting down and abandoning module OculusRift (44)
[2023.12.26-04.40.37:340][746]LogModuleManager: Shutting down and abandoning module ExampleDeviceProfileSelector (42)
[2023.12.26-04.40.37:340][746]LogModuleManager: Shutting down and abandoning module OnlineBlueprintSupport (40)
[2023.12.26-04.40.37:340][746]LogModuleManager: Shutting down and abandoning module OnlineSubsystem (36)
[2023.12.26-04.40.37:340][746]LogOnline:Display: Unloading online subsystem: NULL
[2023.12.26-04.40.37:340][746]LogModuleManager: Shutting down and abandoning module HTTP (35)
[2023.12.26-04.40.37:340][746]LogHttp:Display: Http module shutting down, but needs to wait on 1 outstanding Http requests:
[2023.12.26-04.40.37:340][746]LogHttp:Display: 	verb=[POST] url=[https://datarouter.ol.epicgames.com/datarouter/api/v1/public/data?SessionID=%7B93E92672-4550-FFBA-2F39-D4A8076FF274%7D&AppID=UEEditor.UnrealEngine.Release&AppVersion=4.15.0-0%2B%2B%2BUE4%2BRelease-4.15&UserID=aa7ec4a94460bf88f1f872b01bef9583%7C8cfcda83180144cdb9bb2bc7d773924e%7C775b68d6-d1f3-44da-96ce-dab51d83f808&AppEnvironment=datacollector-source&UploadType=eteventstream] status=Processing
[2023.12.26-04.40.37:372][746]LogModuleManager: Shutting down and abandoning module SSL (34)
[2023.12.26-04.40.37:374][746]LogModuleManager: Shutting down and abandoning module AudioEditor (30)
[2023.12.26-04.40.37:374][746]LogModuleManager: Shutting down and abandoning module TextureCompressor (28)
[2023.12.26-04.40.37:375][746]LogModuleManager: Shutting down and abandoning module ShaderCore (26)
[2023.12.26-04.40.37:375][746]LogModuleManager: Shutting down and abandoning module Landscape (24)
[2023.12.26-04.40.37:375][746]LogModuleManager: Shutting down and abandoning module SlateRHIRenderer (22)
[2023.12.26-04.40.37:376][746]LogModuleManager: Shutting down and abandoning module OpenGLDrv (20)
[2023.12.26-04.40.37:376][746]LogModuleManager: Shutting down and abandoning module D3D11RHI (18)
[2023.12.26-04.40.37:376][746]LogModuleManager: Shutting down and abandoning module AnimGraphRuntime (16)
[2023.12.26-04.40.37:376][746]LogModuleManager: Shutting down and abandoning module Renderer (14)
[2023.12.26-04.40.37:376][746]LogModuleManager: Shutting down and abandoning module Engine (12)
[2023.12.26-04.40.37:376][746]LogModuleManager: Shutting down and abandoning module CoreUObject (10)
[2023.12.26-04.40.37:376][746]LogModuleManager: Shutting down and abandoning module NetworkFile (8)
[2023.12.26-04.40.37:376][746]LogModuleManager: Shutting down and abandoning module StreamingFile (6)
[2023.12.26-04.40.37:376][746]LogModuleManager: Shutting down and abandoning module SandboxFile (4)
[2023.12.26-04.40.37:376][746]LogModuleManager: Shutting down and abandoning module PakFile (2)
[2023.12.26-04.40.37:379][746]LogExit: Exiting.
[2023.12.26-04.40.37:381][746]Log file closed, 12/26/23 01:40:37
