Log file open, 12/29/23 00:31:50
LogInit:Display: Running engine for game: MotorUnreal4B
LogPlatformFile: Not using cached read wrapper
LogInit:Display: RandInit(1654218445) SRandInit(1654218445).
LogInit: Using version manifest at CL 0 with build ID '5af06b4c-3232-42c8-80e0-46572b4b0bc8'
LogTaskGraph: Started task graph with 5 named threads and 10 total threads with 1 sets of task threads.
LogStats: Stats thread started at 0.158775
LogInit: Using libcurl 7.47.1
LogInit:  - built for x86_64-pc-win32
LogInit:  - supports SSL with OpenSSL/1.0.2g
LogInit:  - supports HTTP deflate (compression) using libz 1.2.8
LogInit:  - other features:
LogInit:      CURL_VERSION_SSL
LogInit:      CURL_VERSION_LIBZ
LogInit:      CURL_VERSION_IPV6
LogInit:      CURL_VERSION_ASYNCHDNS
LogInit:      CURL_VERSION_LARGEFILE
LogInit:      CURL_VERSION_IDN
LogInit:  CurlRequestOptions (configurable via config and command line):
LogInit:  - bVerifyPeer = false  - Libcurl will NOT verify peer certificate
LogInit:  - bUseHttpProxy = false  - Libcurl will NOT use HTTP proxy
LogInit:  - bDontReuseConnections = false  - Libcurl will reuse connections
LogInit:  - CertBundlePath = nullptr  - Libcurl will use whatever was configured at build time.
LogInit: Build: ++UE4+Release-4.15-CL-0
LogInit: Engine Version: 4.15.0-0+++UE4+Release-4.15
LogInit: Compatible Engine Version: 4.15.0-0+++UE4+Release-4.15
LogInit: Net CL: 0
LogDevObjectVersion: Number of dev versions registered: 14
LogDevObjectVersion:   Dev-Blueprints (B0D832E4-1F89-4F0D-ACCF-7EB736FD4AA2): 8
LogDevObjectVersion:   Dev-Build (E1C64328-A22C-4D53-A36C-8E866417BD8C): 0
LogDevObjectVersion:   Dev-Core (375EC13C-06E4-48FB-B500-84F0262A717E): 2
LogDevObjectVersion:   Dev-Editor (E4B068ED-F494-42E9-A231-DA0B2E46BB41): 14
LogDevObjectVersion:   Dev-Framework (CFFC743F-43B0-4480-9391-14DF171D2073): 22
LogDevObjectVersion:   Dev-Mobile (B02B49B5-BB20-44E9-A304-32B752E40360): 0
LogDevObjectVersion:   Dev-Networking (A4E4105C-59A1-49B5-A7C5-40C4547EDFEE): 0
LogDevObjectVersion:   Dev-Online (39C831C9-5AE6-47DC-9A44-9C173E1C8E7C): 0
LogDevObjectVersion:   Dev-Physics (78F01B33-EBEA-4F98-B9B4-84EACCB95AA2): 0
LogDevObjectVersion:   Dev-Platform (6631380F-2D4D-43E0-8009-CF276956A95A): 0
LogDevObjectVersion:   Dev-Rendering (12F88B9F-8875-4AFC-A67C-D90C383ABD29): 12
LogDevObjectVersion:   Dev-Sequencer (7B5AE74C-D270-4C10-A958-57980B212A5A): 3
LogDevObjectVersion:   Dev-VR (D7296918-1DD6-4BDD-9DE2-64A83CC13884): 0
LogDevObjectVersion:   Dev-LoadTimes (C2A15278-BFE7-4AFE-6C17-90FF531DF755): 1
LogInit: Compiled (64-bit): Apr  2 2023 09:25:01
LogInit: Compiled with Visual C++: 19.00.24210.00
LogInit: Build Configuration: Development
LogInit: Branch Name: ++UE4+Release-4.15
LogInit: Command line: 
LogInit: Base directory: C:/Program Files/Unreal Engine 4 (4.15.0)/Engine/Binaries/Win64/
LogInit: Installed Engine Build: 0
LogInit: Presizing for max 8388607 objects, including 0 objects not considered by GC, pre-allocating 0 bytes for permanent pool.
LogInit: Object subsystem initialized
[2023.12.29-03.31.51:176][  0]LogInit: Selected Device Profile: [Windows]
[2023.12.29-03.31.51:176][  0]LogInit: Applying CVar settings loaded from the selected device profile: [Windows]
[2023.12.29-03.31.51:186][  0]LogInit: Computer: DESKTOP-GOSDJOG
[2023.12.29-03.31.51:186][  0]LogInit: User: MelchioT
[2023.12.29-03.31.51:186][  0]LogInit: CPU Page size=65536, Cores=6
[2023.12.29-03.31.51:186][  0]LogInit: High frequency timer resolution =10.000000 MHz
[2023.12.29-03.31.51:187][  0]LogMemory: Memory total: Physical=31.2GB (32GB approx)
[2023.12.29-03.31.51:187][  0]LogMemory: Platform Memory Stats for Windows
[2023.12.29-03.31.51:187][  0]LogMemory: Process Physical Memory: 264.90 MB used, 264.91 MB peak
[2023.12.29-03.31.51:187][  0]LogMemory: Process Virtual Memory: 268.39 MB used, 268.39 MB peak
[2023.12.29-03.31.51:187][  0]LogMemory: Physical Memory: 9131.52 MB used,  22844.16 MB free, 31975.68 MB total
[2023.12.29-03.31.51:187][  0]LogMemory: Virtual Memory: 4760.25 MB used,  22844.16 MB free, 134217728.00 MB total
[2023.12.29-03.31.51:321][  0]LogInit: Overriding culture en with editor configuration.
[2023.12.29-03.31.52:029][  0]LogD3D11RHI: D3D11 adapters:
[2023.12.29-03.31.52:087][  0]LogD3D11RHI:    0. 'AMD Radeon(TM) Graphics' (Feature Level 11_0)
[2023.12.29-03.31.52:087][  0]LogD3D11RHI:       495/0/15987 MB DedicatedVideo/DedicatedSystem/SharedSystem, Outputs:1, VendorId:0x1002
[2023.12.29-03.31.52:092][  0]LogD3D11RHI:    1. 'Microsoft Basic Render Driver' (Feature Level 11_0)
[2023.12.29-03.31.52:092][  0]LogD3D11RHI:       0/0/15987 MB DedicatedVideo/DedicatedSystem/SharedSystem, Outputs:0, VendorId:0x1414
[2023.12.29-03.31.52:092][  0]LogD3D11RHI: Chosen D3D11 Adapter: 0
[2023.12.29-03.31.52:108][  0]LogD3D11RHI: Creating new Direct3DDevice
[2023.12.29-03.31.52:108][  0]LogD3D11RHI:     GPU DeviceId: 0x1636 (for the marketing name, search the web for "GPU Device Id")
[2023.12.29-03.31.52:108][  0]LogWindows: EnumDisplayDevices:
[2023.12.29-03.31.52:108][  0]LogWindows:    0. 'AMD Radeon(TM) Graphics' (P:1 D:1)
[2023.12.29-03.31.52:108][  0]LogWindows:    1. 'AMD Radeon(TM) Graphics' (P:0 D:0)
[2023.12.29-03.31.52:109][  0]LogWindows:    2. 'AMD Radeon(TM) Graphics' (P:0 D:0)
[2023.12.29-03.31.52:109][  0]LogWindows:    3. 'AMD Radeon(TM) Graphics' (P:0 D:0)
[2023.12.29-03.31.52:109][  0]LogWindows:    4. 'AMD Radeon(TM) Graphics' (P:0 D:0)
[2023.12.29-03.31.52:109][  0]LogWindows: DebugString: GetVideoDriverDetailsInvalid PrimaryIsNotTheChoosenAdapter GetVideoDriverDetailsInvalid PrimaryIsNotTheChoosenAdapter GetVideoDriverDetailsInvalid PrimaryIsNotTheChoosenAdapter GetVideoDriverDetailsInvalid PrimaryIsNotTheChoosenAdapter GetVideoDriverDetailsInvalid PrimaryIsNotTheChoosenAdapter FoundDriverCount:0 
[2023.12.29-03.31.52:109][  0]LogD3D11RHI:     Adapter Name: AMD Radeon(TM) Graphics
[2023.12.29-03.31.52:109][  0]LogD3D11RHI:   Driver Version: Unknown (internal:Unknown, unified:Unknown)
[2023.12.29-03.31.52:109][  0]LogD3D11RHI:      Driver Date: Unknown
[2023.12.29-03.31.52:109][  0]LogRHI: Texture pool is 347 MB (70% of 495 MB)
[2023.12.29-03.31.52:187][  0]LogD3D11RHI: Async texture creation enabled
[2023.12.29-03.31.52:205][  0]LogD3D11RHI: GPU Timing Frequency: 100.000000 (Debug: 2 1)
[2023.12.29-03.31.52:207][  0]LogShaderCompilers: Guid format shader working directory is -22 characters bigger than the processId version (../../../../../Users/MelchioT/Documents/workUnrealEngine4/MotorUnreal4B/Intermediate/Shaders/WorkingDirectory/5180/).
[2023.12.29-03.31.52:207][  0]LogShaderCompilers: Cleaned the shader compiler working directory 'C:/Users/MelchioT/AppData/Local/Temp/UnrealShaderWorkingDir/0A27AFF24C2E0F960801D2AB8413BB01/'.
[2023.12.29-03.31.52:207][  0]LogShaderCompilers:Display: Using Local Shader Compiler.
[2023.12.29-03.31.53:446][  0]LogTemp:Display: Loaded TP MacTargetPlatform
[2023.12.29-03.31.53:513][  0]LogTemp:Display: Loaded TP MacNoEditorTargetPlatform
[2023.12.29-03.31.53:574][  0]LogTemp:Display: Loaded TP MacServerTargetPlatform
[2023.12.29-03.31.53:629][  0]LogTemp:Display: Loaded TP MacClientTargetPlatform
[2023.12.29-03.31.53:678][  0]LogTemp:Display: Loaded TP WindowsTargetPlatform
[2023.12.29-03.31.53:733][  0]LogTemp:Display: Loaded TP WindowsNoEditorTargetPlatform
[2023.12.29-03.31.53:785][  0]LogTemp:Display: Loaded TP WindowsServerTargetPlatform
[2023.12.29-03.31.53:841][  0]LogTemp:Display: Loaded TP WindowsClientTargetPlatform
[2023.12.29-03.31.53:884][  0]LogTemp:Display: Loaded TP AllDesktopTargetPlatform
[2023.12.29-03.31.53:935][  0]LogTemp:Display: Loaded TP AndroidTargetPlatform
[2023.12.29-03.31.53:984][  0]LogTemp:Display: Loaded TP Android_PVRTCTargetPlatform
[2023.12.29-03.31.54:038][  0]LogTemp:Display: Loaded TP Android_ATCTargetPlatform
[2023.12.29-03.31.54:094][  0]LogTemp:Display: Loaded TP Android_DXTTargetPlatform
[2023.12.29-03.31.54:146][  0]LogTemp:Display: Loaded TP Android_ETC1TargetPlatform
[2023.12.29-03.31.54:200][  0]LogTemp:Display: Loaded TP Android_ETC2TargetPlatform
[2023.12.29-03.31.54:254][  0]LogTemp:Display: Loaded TP Android_ASTCTargetPlatform
[2023.12.29-03.31.54:308][  0]LogTemp:Display: Loaded TP Android_MultiTargetPlatform
[2023.12.29-03.31.54:346][  0]LogTemp:Display: Loaded TP HTML5TargetPlatform
[2023.12.29-03.31.54:442][  0]LogTemp:Display: Loaded TP IOSTargetPlatform
[2023.12.29-03.31.54:476][  0]LogTemp:Display: Loaded TP TVOSTargetPlatform
[2023.12.29-03.31.54:476][  0]LogTargetPlatformManager:Display: Building Assets For Windows
[2023.12.29-03.31.54:936][  0]LogDerivedDataCache:Display: Max Cache Size: 512 MB
[2023.12.29-03.31.54:976][  0]LogDerivedDataCache: Loaded boot cache 0.04s 50MB ../../../../../Users/MelchioT/Documents/workUnrealEngine4/MotorUnreal4B/DerivedDataCache/Boot.ddc.
[2023.12.29-03.31.54:976][  0]LogDerivedDataCache:Display: Loaded Boot cache: ../../../../../Users/MelchioT/Documents/workUnrealEngine4/MotorUnreal4B/DerivedDataCache/Boot.ddc
[2023.12.29-03.31.54:976][  0]LogDerivedDataCache: FDerivedDataBackendGraph:  Pak pak cache file ../../../../../Users/MelchioT/Documents/workUnrealEngine4/MotorUnreal4B/DerivedDataCache/DDC.ddp not found, will not use a pak cache.
[2023.12.29-03.31.54:976][  0]LogDerivedDataCache: Unable to find inner node Pak for hierarchical cache Hierarchy.
[2023.12.29-03.31.54:976][  0]LogDerivedDataCache: FDerivedDataBackendGraph:  EnginePak pak cache file ../../../Engine/DerivedDataCache/DDC.ddp not found, will not use a pak cache.
[2023.12.29-03.31.54:976][  0]LogDerivedDataCache: Unable to find inner node EnginePak for hierarchical cache Hierarchy.
[2023.12.29-03.31.54:988][  0]LogDerivedDataCache: Using Local data cache path ../../../Engine/DerivedDataCache: Writable
[2023.12.29-03.31.54:988][  0]LogDerivedDataCache: Shared data cache path not found in *engine.ini, will not use an Shared cache.
[2023.12.29-03.31.54:988][  0]LogDerivedDataCache: Unable to find inner node Shared for hierarchical cache Hierarchy.
[2023.12.29-03.31.54:996][  0]LogSlate: Using Freetype 2.6.0
[2023.12.29-03.31.54:997][  0]LogSlate: SlateFontCache - WITH_FREETYPE: 1, WITH_HARFBUZZ: 1
[2023.12.29-03.31.54:997][  0]LogSlate: SlateFontCache - WITH_FREETYPE: 1, WITH_HARFBUZZ: 1
[2023.12.29-03.31.55:214][  0]LogInit: Selected Device Profile: [Windows]
[2023.12.29-03.31.55:216][  0]LogContentStreaming: Texture pool size is 0.00 MB
[2023.12.29-03.31.55:402][  0]LogMeshUtilities: Using QuadricMeshReduction for automatic static mesh reduction
[2023.12.29-03.31.55:412][  0]LogMeshUtilities: No automatic skeletal mesh reduction module available
[2023.12.29-03.31.55:412][  0]LogMeshUtilities: No automatic mesh merging module available
[2023.12.29-03.31.55:412][  0]LogMeshUtilities: No distributed automatic mesh merging module available
[2023.12.29-03.31.56:015][  0]LogNetVersion: GetLocalNetworkVersion: CL: 0, ProjectName: motorunreal4b, ProjectVersion: , EngineNetworkVersion: 2, GameNetworkVersion: 0, NetworkChecksum: 3893362438
[2023.12.29-03.31.56:064][  0]LogAssetRegistry: FAssetRegistry took 0.0217 seconds to start up
[2023.12.29-03.31.56:100][  0]LogPackageLocalizationCache: Processed 3 localized package path(s) for 1 prioritized culture(s) in 0.011688 seconds
[2023.12.29-03.31.56:106][  0]LogUObjectArray: 32434 objects as part of root set at end of initial load.
[2023.12.29-03.31.56:106][  0]LogUObjectAllocator: 7066640 out of 0 bytes used by permanent object pool.
[2023.12.29-03.31.56:106][  0]LogUObjectArray: CloseDisregardForGC: 0/0 objects in disregard for GC pool
[2023.12.29-03.31.56:176][  0]LogInit: WinSock: version 1.1 (2.2), MaxSocks=32767, MaxUdp=65467
[2023.12.29-03.31.59:036][  0]LogTcpMessaging: Initializing TcpMessaging bridge
[2023.12.29-03.31.59:091][  0]LogUdpMessaging: Initializing bridge on interface 0.0.0.0:0 to multicast group 230.0.0.1:6666.
[2023.12.29-03.31.59:699][  0]LogMaterial: Uniform references updated for custom material expression Custom.
[2023.12.29-03.32.00:302][  0]SourceControl: Info Source control is disabled
[2023.12.29-03.32.00:402][  0]SourceControl: Info Source control is disabled
[2023.12.29-03.32.00:488][  0]SourceControl: Info Source control is disabled
[2023.12.29-03.32.00:567][  0]SourceControl: Info Source control is disabled
[2023.12.29-03.32.02:450][  0]LogEngine: Initializing Engine...
[2023.12.29-03.32.02:451][  0]LogHMD: Failed to initialize OpenVR with code 110
[2023.12.29-03.32.02:756][  0]LogAIModule: Creating AISystem for world Untitled
[2023.12.29-03.32.02:779][  0]LogInit: XAudio2 using 'Altavoces (Realtek(R) Audio)' : 2 channels at 48 kHz using 16 bits per sample (channel mask 0x3)
[2023.12.29-03.32.02:818][  0]LogInit: FAudioDevice initialized.
[2023.12.29-03.32.02:874][  0]LogDerivedDataCache: Saved boot cache 0.06s 50MB ../../../../../Users/MelchioT/Documents/workUnrealEngine4/MotorUnreal4B/DerivedDataCache/Boot.ddc.
[2023.12.29-03.32.02:893][  0]LogInit: Texture streaming: Enabled
[2023.12.29-03.32.03:066][  0]LogEngineSessionManager: EngineSessionManager initialized
[2023.12.29-03.32.03:214][  0]LogInit: Transaction tracking system initialized
[2023.12.29-03.32.03:701][  0]BlueprintLog: New page: Editor Load
[2023.12.29-03.32.04:984][  0]LocalizationService: Info Localization service is disabled
[2023.12.29-03.32.05:729][  0]LogConsoleResponse:Display: 
[2023.12.29-03.32.05:863][  0]LogCook:Display: Max memory allowance for cook 16384mb min free memory 0mb
[2023.12.29-03.32.05:863][  0]LogCook:Display: Mobile HDR setting 1
[2023.12.29-03.32.06:987][  0]LogFileCache: Scanning file cache for directory 'C:/Users/MelchioT/Documents/workUnrealEngine4/MotorUnreal4B/Content/' took 0.01s
[2023.12.29-03.32.07:037][  0]SourceControl: Info Source control is disabled
[2023.12.29-03.32.07:037][  0]Cmd: MAP LOAD FILE="../../../Engine/Content/Maps/Templates/Template_Default.umap" TEMPLATE=1 SHOWPROGRESS=1 FEATURELEVEL=3
[2023.12.29-03.32.07:038][  0]LightingResults: New page: Lighting Build
[2023.12.29-03.32.07:084][  0]MapCheck: New page: Map Check
[2023.12.29-03.32.07:084][  0]LightingResults: New page: Lighting Build
[2023.12.29-03.32.07:309][  0]LogAIModule: Creating AISystem for world Untitled_1
[2023.12.29-03.32.07:311][  0]LogActorComponent: RegisterComponentWithWorld: (/Temp/Untitled_1.Untitled_1:PersistentLevel.WorldSettings_1.StaticMeshComponent0) Trying to register component with IsPendingKill() == true. Aborting.
[2023.12.29-03.32.07:320][  0]LogEditorServer: Finished looking for orphan Actors (0.000 secs)
[2023.12.29-03.32.07:332][  0]Cmd: MAP CHECKDEP NOCLEARLOG
[2023.12.29-03.32.07:378][  0]MapCheck: Info Map check complete: 0 Error(s), 0 Warning(s), took 45.761ms to complete.
[2023.12.29-03.32.07:378][  0]LogFileHelpers: Loading map 'Template_Default' took 0.341
[2023.12.29-03.32.07:600][  0]LogCollectionManager: Loaded 0 collections in 0.002680 seconds
[2023.12.29-03.32.07:708][  0]LogFileCache: Scanning file cache for directory 'C:/Users/MelchioT/Documents/workUnrealEngine4/MotorUnreal4B/Saved/Collections/' took 0.01s
[2023.12.29-03.32.07:708][  0]LogFileCache: Scanning file cache for directory 'C:/Users/MelchioT/Documents/workUnrealEngine4/MotorUnreal4B/Content/Developers/MelchioT/Collections/' took 0.01s
[2023.12.29-03.32.07:708][  0]LogFileCache: Scanning file cache for directory 'C:/Users/MelchioT/Documents/workUnrealEngine4/MotorUnreal4B/Content/Collections/' took 0.01s
[2023.12.29-03.32.07:708][  0]LogCollectionManager: Rebuilt the GUID cache for 0 collections in 0.000003 seconds
[2023.12.29-03.32.07:721][  0]LogContentBrowser: Native class hierarchy populated in 0.0121 seconds. Added 2243 classes and 448 folders.
[2023.12.29-03.32.07:725][  0]LogStats: UGameplayTagsManager::ConstructGameplayTagTree: Construct from data asset -  0.000 s
[2023.12.29-03.32.07:725][  0]LogStats: UGameplayTagsManager::ConstructGameplayTagTree: GameplayTagTreeChangedEvent.Broadcast -  0.000 s
[2023.12.29-03.32.07:814][  0]LogContentBrowser: Native class hierarchy updated for 'WidgetCarousel' in 0.0008 seconds. Added 0 classes and 0 folders.
[2023.12.29-03.32.07:859][  0]LogContentBrowser: Native class hierarchy updated for 'AddContentDialog' in 0.0009 seconds. Added 0 classes and 0 folders.
[2023.12.29-03.32.07:924][  0]LogContentBrowser: Native class hierarchy updated for 'SceneOutliner' in 0.0007 seconds. Added 1 classes and 2 folders.
[2023.12.29-03.32.07:990][  0]LogCrashTracker: Crashtracker disabled due to settings.
[2023.12.29-03.32.08:005][  0]LogUObjectGlobals:Warning: Failed to find object 'Class None.'
[2023.12.29-03.32.08:094][  0]LogContentBrowser: Native class hierarchy updated for 'HierarchicalLODOutliner' in 0.0011 seconds. Added 1 classes and 2 folders.
[2023.12.29-03.32.08:095][  0]LogLoad: (Engine Initialization) Total time: 19.04 seconds
[2023.12.29-03.32.08:095][  0]LogLoad: (Engine Initialization) Total Blueprint compile time: 0.10 seconds
[2023.12.29-03.32.08:095][  0]LogExternalProfiler: No external profilers were discovered.  External profiling features will not be available.
[2023.12.29-03.32.08:435][  0]LogOcInput: OculusInput pre-init called
[2023.12.29-03.32.08:455][  0]LogContentStreaming: Texture pool size now 1000 MB
[2023.12.29-03.32.08:457][  0]LogSlate: Took 0.000532 seconds to synchronously load lazily loaded font '../../../Engine/Content/Slate/Fonts/Roboto-Regular.ttf' (155K)
[2023.12.29-03.32.08:462][  0]LogSlate: Took 0.000661 seconds to synchronously load lazily loaded font '../../../Engine/Content/Slate/Fonts/Roboto-Bold.ttf' (160K)
[2023.12.29-03.32.08:468][  0]LogSlate: Took 0.000582 seconds to synchronously load lazily loaded font '../../../Engine/Content/Editor/Slate/Fonts/FontAwesome.ttf' (139K)
[2023.12.29-03.32.08:612][  0]LogRenderer: Reallocating scene render targets to support 1208x576 NumSamples 1 (Frame:2).
[2023.12.29-03.32.08:843][  1]LogAssetRegistry: Asset discovery search completed in 12.8003 seconds
[2023.12.29-03.32.08:843][  1]LogCollectionManager: Rebuilt the object cache for 0 collections in 0.000001 seconds (found 0 objects)
[2023.12.29-03.32.08:843][  1]LogCollectionManager: Fixed up redirectors for 0 collections in 0.000027 seconds (updated 0 objects)
[2023.12.29-03.32.12:837][ 13]LogSlate: Took 0.000297 seconds to synchronously load lazily loaded font '../../../Engine/Content/Slate/Fonts/Roboto-Light.ttf' (159K)
[2023.12.29-03.32.40:544][212]LogSlate: Took 0.000139 seconds to synchronously load lazily loaded font '../../../Engine/Content/Slate/Fonts/Roboto-Light.ttf' (159K)
[2023.12.29-03.32.40:592][212]LogAIModule: Creating AISystem for world 13-Blueprint15+16+17
[2023.12.29-03.32.40:606][212]Cmd: MAP LOAD FILE="../../../../../Users/MelchioT/Documents/workUnrealEngine4/MotorUnreal4B/Content/Contenido/Levels/13-Blueprint15+16+17.umap" TEMPLATE=0 SHOWPROGRESS=1 FEATURELEVEL=3
[2023.12.29-03.32.40:606][212]LightingResults: New page: Lighting Build
[2023.12.29-03.32.40:608][212]LoadErrors: New page: Loading map: 13-Blueprint15+16+17.umap
[2023.12.29-03.32.40:608][212]MapCheck: New page: Map Check
[2023.12.29-03.32.40:608][212]LightingResults: New page: Lighting Build
[2023.12.29-03.32.40:620][212]LogEditorServer: Finished looking for orphan Actors (0.000 secs)
[2023.12.29-03.32.40:637][212]Cmd: MAP CHECKDEP NOCLEARLOG
[2023.12.29-03.32.40:667][212]MapCheck: Info Map check complete: 0 Error(s), 0 Warning(s), took 29.871ms to complete.
[2023.12.29-03.32.40:667][212]LogFileHelpers: Loading map '13-Blueprint15+16+17' took 0.062
[2023.12.29-03.32.48:257][555]LogContentBrowser: Native class hierarchy updated for 'BlueprintGraph' in 0.0009 seconds. Added 112 classes and 0 folders.
[2023.12.29-03.32.48:750][555]LogSlate: Took 0.000171 seconds to synchronously load lazily loaded font '../../../Engine/Content/Slate/Fonts/Roboto-Regular.ttf' (155K)
[2023.12.29-03.32.48:814][555]LogSlate: Took 0.000261 seconds to synchronously load lazily loaded font '../../../Engine/Content/Editor/Slate/Fonts/Roboto-BoldCondensed.ttf' (158K)
[2023.12.29-03.33.06:475][410]LogSlate: Took 0.000245 seconds to synchronously load lazily loaded font '../../../Engine/Content/Editor/Slate/Fonts/Roboto-Italic.ttf' (157K)
[2023.12.29-03.33.33:075][639]LogMetaData: Removing '/Game/Contenido/Blueprints/16-_Colisionador_AddActorLocalOffset+ActorDestroy.16-_Colisionador_AddActorLocalOffset+ActorDestroy_C' ref from Metadata '/Game/Contenido/Blueprints/16-_Colisionador_.PackageMetaData'
[2023.12.29-03.33.33:075][639]LogMetaData: Removing '/Game/Contenido/Blueprints/16-_Colisionador_AddActorLocalOffset+ActorDestroy.16-_Colisionador_AddActorLocalOffset+ActorDestroy:UserConstructionScript.K2Node_FunctionEntry_0' ref from Metadata '/Game/Contenido/Blueprints/16-_Colisionador_.PackageMetaData'
[2023.12.29-03.33.33:075][639]LogMetaData: Removing '/Game/Contenido/Blueprints/16-_Colisionador_AddActorLocalOffset+ActorDestroy.SKEL_16-_Colisionador_AddActorLocalOffset+ActorDestroy_C' ref from Metadata '/Game/Contenido/Blueprints/16-_Colisionador_.PackageMetaData'
[2023.12.29-03.33.33:151][639]LogSavePackage: Save=17.40ms
[2023.12.29-03.33.33:151][639]LogSavePackage: Moving '../../../../../Users/MelchioT/Documents/workUnrealEngine4/MotorUnreal4B/Saved/16-_Colisionador_AddActorLocalOffset+ActorDestroyE16808A24B342D68AF77BDBD2DF48775.tmp' to '../../../../../Users/MelchioT/Documents/workUnrealEngine4/MotorUnreal4B/Content/Contenido/Blueprints/16-_Colisionador_AddActorLocalOffset+ActorDestroy.uasset'
[2023.12.29-03.33.33:153][639]LogSavePackage:Display: Finished SavePackage ../../../../../Users/MelchioT/Documents/workUnrealEngine4/MotorUnreal4B/Content/Contenido/Blueprints/16-_Colisionador_AddActorLocalOffset+ActorDestroy.uasset
[2023.12.29-03.33.33:166][639]LogSavePackage: Save=1.85ms
[2023.12.29-03.33.33:166][639]LogSavePackage: Moving '../../../../../Users/MelchioT/Documents/workUnrealEngine4/MotorUnreal4B/Saved/16-_Colisionador_56A4E18F4AAFEEC2417E6A9C715A48F7.tmp' to '../../../../../Users/MelchioT/Documents/workUnrealEngine4/MotorUnreal4B/Content/Contenido/Blueprints/16-_Colisionador_.uasset'
[2023.12.29-03.33.33:168][639]LogSavePackage:Display: Finished SavePackage ../../../../../Users/MelchioT/Documents/workUnrealEngine4/MotorUnreal4B/Content/Contenido/Blueprints/16-_Colisionador_.uasset
[2023.12.29-03.33.44:635][156]LogMetaData: Removing '/Game/Contenido/Blueprints/16-_Colisionador_AddActorLocalOffset+DestroyActor.16-_Colisionador_AddActorLocalOffset+DestroyActor_C' ref from Metadata '/Game/Contenido/Blueprints/16-_Colisionador_AddActorLocalOffset+ActorDestroy.PackageMetaData'
[2023.12.29-03.33.44:635][156]LogMetaData: Removing '/Game/Contenido/Blueprints/16-_Colisionador_AddActorLocalOffset+DestroyActor.SKEL_16-_Colisionador_AddActorLocalOffset+DestroyActor_C' ref from Metadata '/Game/Contenido/Blueprints/16-_Colisionador_AddActorLocalOffset+ActorDestroy.PackageMetaData'
[2023.12.29-03.33.44:635][156]LogMetaData: Removing '/Game/Contenido/Blueprints/16-_Colisionador_AddActorLocalOffset+DestroyActor.16-_Colisionador_AddActorLocalOffset+DestroyActor:UserConstructionScript.K2Node_FunctionEntry_0' ref from Metadata '/Game/Contenido/Blueprints/16-_Colisionador_AddActorLocalOffset+ActorDestroy.PackageMetaData'
[2023.12.29-03.33.44:697][156]LogSavePackage: Save=17.60ms
[2023.12.29-03.33.44:697][156]LogSavePackage: Moving '../../../../../Users/MelchioT/Documents/workUnrealEngine4/MotorUnreal4B/Saved/16-_Colisionador_AddActorLocalOffset+DestroyActorAF12A6B644919B27B33517A2CF67A8C3.tmp' to '../../../../../Users/MelchioT/Documents/workUnrealEngine4/MotorUnreal4B/Content/Contenido/Blueprints/16-_Colisionador_AddActorLocalOffset+DestroyActor.uasset'
[2023.12.29-03.33.44:699][156]LogSavePackage:Display: Finished SavePackage ../../../../../Users/MelchioT/Documents/workUnrealEngine4/MotorUnreal4B/Content/Contenido/Blueprints/16-_Colisionador_AddActorLocalOffset+DestroyActor.uasset
[2023.12.29-03.33.44:842][156]LogSavePackage: Save=2.09ms
[2023.12.29-03.33.44:842][156]LogSavePackage: Moving '../../../../../Users/MelchioT/Documents/workUnrealEngine4/MotorUnreal4B/Saved/16-_Colisionador_C65777874072C1DF667DC68806ABE387.tmp' to '../../../../../Users/MelchioT/Documents/workUnrealEngine4/MotorUnreal4B/Content/Contenido/Blueprints/16-_Colisionador_.uasset'
[2023.12.29-03.33.44:843][156]LogSavePackage:Display: Finished SavePackage ../../../../../Users/MelchioT/Documents/workUnrealEngine4/MotorUnreal4B/Content/Contenido/Blueprints/16-_Colisionador_.uasset
[2023.12.29-03.33.57:266][748]LogMetaData: Removing '/Game/Contenido/Blueprints/17-_Trampa_PrintString.17-_Trampa_PrintString:UserConstructionScript.K2Node_FunctionEntry_0' ref from Metadata '/Game/Contenido/Blueprints/17-_Trampa_.PackageMetaData'
[2023.12.29-03.33.57:266][748]LogMetaData: Removing '/Game/Contenido/Blueprints/17-_Trampa_PrintString.17-_Trampa_PrintString_C' ref from Metadata '/Game/Contenido/Blueprints/17-_Trampa_.PackageMetaData'
[2023.12.29-03.33.57:266][748]LogMetaData: Removing '/Game/Contenido/Blueprints/17-_Trampa_PrintString.SKEL_17-_Trampa_PrintString_C' ref from Metadata '/Game/Contenido/Blueprints/17-_Trampa_.PackageMetaData'
[2023.12.29-03.33.57:336][748]LogSavePackage: Save=18.83ms
[2023.12.29-03.33.57:336][748]LogSavePackage: Moving '../../../../../Users/MelchioT/Documents/workUnrealEngine4/MotorUnreal4B/Saved/17-_Trampa_PrintString5F9FD26C45BFE2DB16BE7EA306982808.tmp' to '../../../../../Users/MelchioT/Documents/workUnrealEngine4/MotorUnreal4B/Content/Contenido/Blueprints/17-_Trampa_PrintString.uasset'
[2023.12.29-03.33.57:338][748]LogSavePackage:Display: Finished SavePackage ../../../../../Users/MelchioT/Documents/workUnrealEngine4/MotorUnreal4B/Content/Contenido/Blueprints/17-_Trampa_PrintString.uasset
[2023.12.29-03.33.57:351][748]LogSavePackage: Save=1.85ms
[2023.12.29-03.33.57:351][748]LogSavePackage: Moving '../../../../../Users/MelchioT/Documents/workUnrealEngine4/MotorUnreal4B/Saved/17-_Trampa_259B1941486B115F644D2E956C06E74D.tmp' to '../../../../../Users/MelchioT/Documents/workUnrealEngine4/MotorUnreal4B/Content/Contenido/Blueprints/17-_Trampa_.uasset'
[2023.12.29-03.33.57:353][748]LogSavePackage:Display: Finished SavePackage ../../../../../Users/MelchioT/Documents/workUnrealEngine4/MotorUnreal4B/Content/Contenido/Blueprints/17-_Trampa_.uasset
[2023.12.29-03.34.48:811][749]LogSavePackage: Save=15.12ms
[2023.12.29-03.34.48:811][749]LogSavePackage: Moving '../../../../../Users/MelchioT/Documents/workUnrealEngine4/MotorUnreal4B/Saved/15-_Pared_E3E8D6194E6D7186CB3D1788FABC11B3.tmp' to '../../../../../Users/MelchioT/Documents/workUnrealEngine4/MotorUnreal4B/Content/Contenido/Blueprints/15-_Pared_.uasset'
[2023.12.29-03.34.48:813][749]LogSavePackage:Display: Finished SavePackage ../../../../../Users/MelchioT/Documents/workUnrealEngine4/MotorUnreal4B/Content/Contenido/Blueprints/15-_Pared_.uasset
[2023.12.29-03.34.49:375][783]BlueprintLog: New page: Compile 15-_Pared_
[2023.12.29-03.34.59:921][340]LogMetaData: Removing '/Game/Contenido/Blueprints/15-_Pared_PrintString.15-_Pared_PrintString_C' ref from Metadata '/Game/Contenido/Blueprints/15-_Pared_.PackageMetaData'
[2023.12.29-03.34.59:921][340]LogMetaData: Removing '/Game/Contenido/Blueprints/15-_Pared_PrintString.15-_Pared_PrintString:UserConstructionScript.K2Node_FunctionEntry_0' ref from Metadata '/Game/Contenido/Blueprints/15-_Pared_.PackageMetaData'
[2023.12.29-03.34.59:921][340]LogMetaData: Removing '/Game/Contenido/Blueprints/15-_Pared_PrintString.15-_Pared_PrintString:EventGraph.K2Node_Event_0' ref from Metadata '/Game/Contenido/Blueprints/15-_Pared_.PackageMetaData'
[2023.12.29-03.34.59:921][340]LogMetaData: Removing '/Game/Contenido/Blueprints/15-_Pared_PrintString.15-_Pared_PrintString:EventGraph.K2Node_Event_1' ref from Metadata '/Game/Contenido/Blueprints/15-_Pared_.PackageMetaData'
[2023.12.29-03.34.59:921][340]LogMetaData: Removing '/Game/Contenido/Blueprints/15-_Pared_PrintString.15-_Pared_PrintString:EventGraph.K2Node_Event_2' ref from Metadata '/Game/Contenido/Blueprints/15-_Pared_.PackageMetaData'
[2023.12.29-03.34.59:921][340]LogMetaData: Removing '/Game/Contenido/Blueprints/15-_Pared_PrintString.SKEL_15-_Pared_PrintString_C' ref from Metadata '/Game/Contenido/Blueprints/15-_Pared_.PackageMetaData'
[2023.12.29-03.34.59:987][340]LogSavePackage: Save=16.51ms
[2023.12.29-03.34.59:987][340]LogSavePackage: Moving '../../../../../Users/MelchioT/Documents/workUnrealEngine4/MotorUnreal4B/Saved/15-_Pared_PrintStringED96439A468B2B6FF06A3EAE2BA48A9F.tmp' to '../../../../../Users/MelchioT/Documents/workUnrealEngine4/MotorUnreal4B/Content/Contenido/Blueprints/15-_Pared_PrintString.uasset'
[2023.12.29-03.34.59:988][340]LogSavePackage:Display: Finished SavePackage ../../../../../Users/MelchioT/Documents/workUnrealEngine4/MotorUnreal4B/Content/Contenido/Blueprints/15-_Pared_PrintString.uasset
[2023.12.29-03.35.00:001][340]LogSavePackage: Save=1.90ms
[2023.12.29-03.35.00:001][340]LogSavePackage: Moving '../../../../../Users/MelchioT/Documents/workUnrealEngine4/MotorUnreal4B/Saved/15-_Pared_9DBE6C2844D43D7D489C2783BC2A5BE5.tmp' to '../../../../../Users/MelchioT/Documents/workUnrealEngine4/MotorUnreal4B/Content/Contenido/Blueprints/15-_Pared_.uasset'
[2023.12.29-03.35.00:003][340]LogSavePackage:Display: Finished SavePackage ../../../../../Users/MelchioT/Documents/workUnrealEngine4/MotorUnreal4B/Content/Contenido/Blueprints/15-_Pared_.uasset
[2023.12.29-03.35.02:067][463]LogTemp: Repeting last play command: Selected Viewport
[2023.12.29-03.35.02:077][463]LogPlayLevel: PlayLevel: No blueprints needed recompiling
[2023.12.29-03.35.02:077][463]PIE: New page: PIE session: 13-Blueprint15+16+17 (Dec 28, 2023, 9:35:02 PM)
[2023.12.29-03.35.02:077][463]LogPlayLevel: Creating play world package: /Game/Contenido/Levels/UEDPIE_0_13-Blueprint15+16+17
[2023.12.29-03.35.02:079][463]LogPlayLevel: PIE: StaticDuplicateObject took: (0.001963s)
[2023.12.29-03.35.02:080][463]LogAIModule: Creating AISystem for world 13-Blueprint15+16+17
[2023.12.29-03.35.02:080][463]LogPlayLevel: PIE: World Init took: (0.000964s)
[2023.12.29-03.35.02:081][463]LogPlayLevel: PIE: Created PIE world by copying editor world from /Game/Contenido/Levels/13-Blueprint15+16+17.13-Blueprint15+16+17 to /Game/Contenido/Levels/UEDPIE_0_13-Blueprint15+16+17.13-Blueprint15+16+17 (0.003209s)
[2023.12.29-03.35.02:106][463]LogInit: XAudio2 using 'Altavoces (Realtek(R) Audio)' : 2 channels at 48 kHz using 16 bits per sample (channel mask 0x3)
[2023.12.29-03.35.02:138][463]LogInit: FAudioDevice initialized.
[2023.12.29-03.35.02:183][463]LogLoad: Game class is 'GameModeBase'
[2023.12.29-03.35.02:186][463]LogWorld: Bringing World /Game/Contenido/Levels/UEDPIE_0_13-Blueprint15+16+17.13-Blueprint15+16+17 up for play (max tick rate 60) at 2023.12.29-00.35.02
[2023.12.29-03.35.02:187][463]LogWorld: Bringing up level for play took: 0.001155
[2023.12.29-03.35.02:228][463]LogContentBrowser: Native class hierarchy updated for 'MovieSceneCapture' in 0.0005 seconds. Added 11 classes and 0 folders.
[2023.12.29-03.35.02:229][463]PIE: Info Play in editor start time for /Game/Contenido/Levels/UEDPIE_0_13-Blueprint15+16+17 0.583
[2023.12.29-03.35.02:946][502]LogBlueprintUserMessages: [17-_Trampa__457] Hola
[2023.12.29-03.35.03:564][539]LogBlueprintUserMessages: [17-_Trampa__457] Chao
[2023.12.29-03.35.04:197][577]LogBlueprintUserMessages: [NewBlueprint_158] Pared Chocada
[2023.12.29-03.35.12:592][977]LogSavePackage: Save=26.01ms
[2023.12.29-03.35.12:592][977]LogSavePackage: Moving '../../../../../Users/MelchioT/Documents/workUnrealEngine4/MotorUnreal4B/Saved/13-Blueprint15+16+17857433FA433A165176047A9C6F5DD2EC.tmp' to '../../../../../Users/MelchioT/Documents/workUnrealEngine4/MotorUnreal4B/Content/Contenido/Levels/13-Blueprint15+16+17.umap'
[2023.12.29-03.35.12:594][977]LogSavePackage:Display: Finished SavePackage ../../../../../Users/MelchioT/Documents/workUnrealEngine4/MotorUnreal4B/Content/Contenido/Levels/13-Blueprint15+16+17.umap
[2023.12.29-03.35.12:612][977]LogFileHelpers: Saving map '13-Blueprint15+16+17' took 0.105
[2023.12.29-03.35.12:710][977]LogActorComponent: UnregisterComponent: (/Engine/Transient.EditorFloorComp) Not registered. Aborting.
[2023.12.29-03.35.12:762][977]LogActorComponent: UnregisterComponent: (/Engine/Transient.EditorFloorComp) Not registered. Aborting.
[2023.12.29-03.35.13:000][978]Cmd: QUIT_EDITOR
[2023.12.29-03.35.13:199][978]LogWindowsTextInputMethodSystem:Display: IME system now deactivated.
[2023.12.29-03.35.13:218][978]LogExit: Preparing to exit.
[2023.12.29-03.35.14:322][978]LogDirectoryWatcher: A directory notification for 'C:/Users/MelchioT/Documents/workUnrealEngine4/MotorUnreal4B/Content/' was aborted.
[2023.12.29-03.35.14:379][978]LogExit: Editor shut down
[2023.12.29-03.35.14:379][978]LogExit: Transaction tracking system shut down
[2023.12.29-03.35.14:621][978]LogObj: Freed 0b from 0 cluster array pools.
[2023.12.29-03.35.14:621][978]LogExit: Object subsystem successfully closed.
[2023.12.29-03.35.14:649][978]LogD3D11RHI: Shutdown
[2023.12.29-03.35.14:649][978]LogD3D11RHI: CleanupD3DDevice
[2023.12.29-03.35.14:892][978]LogD3D11RHI: ~FD3D11DynamicRHI
[2023.12.29-03.35.14:914][978]LogModuleManager: Shutting down and abandoning module MovieSceneCapture (486)
[2023.12.29-03.35.14:914][978]LogModuleManager: Shutting down and abandoning module BlueprintGraph (484)
[2023.12.29-03.35.14:914][978]LogModuleManager: Shutting down and abandoning module BlueprintProfiler (482)
[2023.12.29-03.35.14:914][978]LogModuleManager: Shutting down and abandoning module HierarchicalLODOutliner (480)
[2023.12.29-03.35.14:914][978]LogModuleManager: Shutting down and abandoning module CrashTracker (478)
[2023.12.29-03.35.14:915][978]LogModuleManager: Shutting down and abandoning module SceneOutliner (476)
[2023.12.29-03.35.14:915][978]LogModuleManager: Shutting down and abandoning module AddContentDialog (474)
[2023.12.29-03.35.14:915][978]LogDirectoryWatcher: A directory notification for 'C:/Program Files/Unreal Engine 4 (4.15.0)/FeaturePacks/' was aborted.
[2023.12.29-03.35.14:918][978]LogModuleManager: Shutting down and abandoning module WidgetCarousel (473)
[2023.12.29-03.35.14:918][978]LogModuleManager: Shutting down and abandoning module EditorWidgets (470)
[2023.12.29-03.35.14:918][978]LogModuleManager: Shutting down and abandoning module CollectionManager (468)
[2023.12.29-03.35.14:918][978]LogDirectoryWatcher: A directory notification for 'C:/Users/MelchioT/Documents/workUnrealEngine4/MotorUnreal4B/Content/Collections/' was aborted.
[2023.12.29-03.35.14:918][978]LogDirectoryWatcher: A directory notification for 'C:/Users/MelchioT/Documents/workUnrealEngine4/MotorUnreal4B/Content/Developers/MelchioT/Collections/' was aborted.
[2023.12.29-03.35.14:918][978]LogDirectoryWatcher: A directory notification for 'C:/Users/MelchioT/Documents/workUnrealEngine4/MotorUnreal4B/Saved/Collections/' was aborted.
[2023.12.29-03.35.14:918][978]LogModuleManager: Shutting down and abandoning module StatsViewer (466)
[2023.12.29-03.35.14:918][978]LogModuleManager: Shutting down and abandoning module FoliageEdit (464)
[2023.12.29-03.35.14:918][978]LogModuleManager: Shutting down and abandoning module LandscapeEditor (462)
[2023.12.29-03.35.14:919][978]LogModuleManager: Shutting down and abandoning module SceneDepthPickerMode (460)
[2023.12.29-03.35.14:919][978]LogModuleManager: Shutting down and abandoning module ActorPickerMode (458)
[2023.12.29-03.35.14:919][978]LogModuleManager: Shutting down and abandoning module GeometryMode (456)
[2023.12.29-03.35.14:919][978]LogModuleManager: Shutting down and abandoning module TextureAlignMode (454)
[2023.12.29-03.35.14:919][978]LogModuleManager: Shutting down and abandoning module BspMode (452)
[2023.12.29-03.35.14:919][978]LogModuleManager: Shutting down and abandoning module HardwareSurvey (450)
[2023.12.29-03.35.14:919][978]LogModuleManager: Shutting down and abandoning module SequenceRecorderSections (448)
[2023.12.29-03.35.14:919][978]LogModuleManager: Shutting down and abandoning module AutomationWorker (446)
[2023.12.29-03.35.14:919][978]LogModuleManager: Shutting down and abandoning module MatineeToLevelSequence (444)
[2023.12.29-03.35.14:919][978]LogModuleManager: Shutting down and abandoning module LevelSequenceEditor (442)
[2023.12.29-03.35.14:919][978]LogModuleManager: Shutting down and abandoning module PlacementMode (441)
[2023.12.29-03.35.14:919][978]LogModuleManager: Shutting down and abandoning module WmfMediaFactory (438)
[2023.12.29-03.35.14:919][978]LogModuleManager: Shutting down and abandoning module WmfMediaEditor (436)
[2023.12.29-03.35.14:919][978]LogModuleManager: Shutting down and abandoning module MfMediaFactory (434)
[2023.12.29-03.35.14:919][978]LogModuleManager: Shutting down and abandoning module MfMediaEditor (432)
[2023.12.29-03.35.14:919][978]LogModuleManager: Shutting down and abandoning module AvfMediaFactory (430)
[2023.12.29-03.35.14:919][978]LogModuleManager: Shutting down and abandoning module AvfMediaEditor (428)
[2023.12.29-03.35.14:919][978]LogModuleManager: Shutting down and abandoning module AndroidMediaFactory (426)
[2023.12.29-03.35.14:919][978]LogModuleManager: Shutting down and abandoning module Media (425)
[2023.12.29-03.35.14:919][978]LogModuleManager: Shutting down and abandoning module AndroidMediaEditor (422)
[2023.12.29-03.35.14:919][978]LogModuleManager: Shutting down and abandoning module CharacterAI (420)
[2023.12.29-03.35.14:919][978]LogModuleManager: Shutting down and abandoning module AudioCapture (418)
[2023.12.29-03.35.14:919][978]LogModuleManager: Shutting down and abandoning module SequenceRecorder (417)
[2023.12.29-03.35.14:919][978]LogModuleManager: Shutting down and abandoning module SmartSnapping (414)
[2023.12.29-03.35.14:919][978]LogModuleManager: Shutting down and abandoning module SessionServices (412)
[2023.12.29-03.35.14:919][978]LogModuleManager: Shutting down and abandoning module ViewportSnapping (410)
[2023.12.29-03.35.14:920][978]LogModuleManager: Shutting down and abandoning module ViewportInteraction (408)
[2023.12.29-03.35.14:920][978]LogModuleManager: Shutting down and abandoning module LogVisualizer (406)
[2023.12.29-03.35.14:920][978]LogModuleManager: Shutting down and abandoning module IntroTutorials (404)
[2023.12.29-03.35.14:920][978]LogModuleManager: Shutting down and abandoning module GameProjectGeneration (403)
[2023.12.29-03.35.14:920][978]LogModuleManager: Shutting down and abandoning module EditorLiveStreaming (400)
[2023.12.29-03.35.14:920][978]LogModuleManager: Shutting down and abandoning module IOSPlatformEditor (398)
[2023.12.29-03.35.14:920][978]LogModuleManager: Shutting down and abandoning module HTML5PlatformEditor (396)
[2023.12.29-03.35.14:920][978]LogModuleManager: Shutting down and abandoning module AndroidPlatformEditor (394)
[2023.12.29-03.35.14:920][978]LogModuleManager: Shutting down and abandoning module AndroidDeviceDetection (393)
[2023.12.29-03.35.15:520][978]LogModuleManager: Shutting down and abandoning module IOSRuntimeSettings (390)
[2023.12.29-03.35.15:520][978]LogModuleManager: Shutting down and abandoning module AndroidRuntimeSettings (388)
[2023.12.29-03.35.15:520][978]LogModuleManager: Shutting down and abandoning module InputBindingEditor (386)
[2023.12.29-03.35.15:520][978]LogModuleManager: Shutting down and abandoning module NiagaraEditor (384)
[2023.12.29-03.35.15:520][978]LogModuleManager: Shutting down and abandoning module MergeActors (382)
[2023.12.29-03.35.15:520][978]LogModuleManager: Shutting down and abandoning module SizeMap (380)
[2023.12.29-03.35.15:520][978]LogModuleManager: Shutting down and abandoning module TreeMap (378)
[2023.12.29-03.35.15:520][978]LogModuleManager: Shutting down and abandoning module ReferenceViewer (376)
[2023.12.29-03.35.15:520][978]LogModuleManager: Shutting down and abandoning module LocalizationDashboard (374)
[2023.12.29-03.35.15:520][978]LogModuleManager: Shutting down and abandoning module LocalizationService (373)
[2023.12.29-03.35.15:520][978]LogModuleManager: Shutting down and abandoning module HardwareTargeting (370)
[2023.12.29-03.35.15:520][978]LogModuleManager: Shutting down and abandoning module DeviceProfileEditor (368)
[2023.12.29-03.35.15:520][978]LogModuleManager: Shutting down and abandoning module UndoHistory (366)
[2023.12.29-03.35.15:520][978]LogModuleManager: Shutting down and abandoning module UserFeedback (364)
[2023.12.29-03.35.15:520][978]LogModuleManager: Shutting down and abandoning module XmlParser (362)
[2023.12.29-03.35.15:520][978]LogModuleManager: Shutting down and abandoning module Blutility (360)
[2023.12.29-03.35.15:520][978]LogModuleManager: Shutting down and abandoning module ProjectSettingsViewer (358)
[2023.12.29-03.35.15:520][978]LogModuleManager: Shutting down and abandoning module ProjectTargetPlatformEditor (357)
[2023.12.29-03.35.15:520][978]LogModuleManager: Shutting down and abandoning module EditorSettingsViewer (354)
[2023.12.29-03.35.15:520][978]LogModuleManager: Shutting down and abandoning module SettingsEditor (352)
[2023.12.29-03.35.15:520][978]LogModuleManager: Shutting down and abandoning module ProjectLauncher (350)
[2023.12.29-03.35.15:520][978]LogModuleManager: Shutting down and abandoning module SessionFrontend (348)
[2023.12.29-03.35.15:520][978]LogModuleManager: Shutting down and abandoning module ProfilerClient (346)
[2023.12.29-03.35.15:521][978]LogModuleManager: Shutting down and abandoning module DeviceManager (344)
[2023.12.29-03.35.15:521][978]LogModuleManager: Shutting down and abandoning module TargetDeviceServices (343)
[2023.12.29-03.35.15:564][978]LogModuleManager: Shutting down and abandoning module AutomationController (340)
[2023.12.29-03.35.15:564][978]LogModuleManager: Shutting down and abandoning module AutomationWindow (338)
[2023.12.29-03.35.15:564][978]LogModuleManager: Shutting down and abandoning module Layers (336)
[2023.12.29-03.35.15:564][978]LogModuleManager: Shutting down and abandoning module ComponentVisualizers (334)
[2023.12.29-03.35.15:564][978]LogModuleManager: Shutting down and abandoning module DetailCustomizations (332)
[2023.12.29-03.35.15:564][978]LogModuleManager: Shutting down and abandoning module PackagesDialog (330)
[2023.12.29-03.35.15:564][978]LogModuleManager: Shutting down and abandoning module Persona (328)
[2023.12.29-03.35.15:564][978]LogModuleManager: Shutting down and abandoning module AnimGraph (327)
[2023.12.29-03.35.15:564][978]LogModuleManager: Shutting down and abandoning module Kismet (324)
[2023.12.29-03.35.15:570][978]LogModuleManager: Shutting down and abandoning module GraphEditor (322)
[2023.12.29-03.35.15:570][978]LogModuleManager: Shutting down and abandoning module ClassViewer (320)
[2023.12.29-03.35.15:570][978]LogModuleManager: Shutting down and abandoning module Toolbox (318)
[2023.12.29-03.35.15:570][978]LogModuleManager: Shutting down and abandoning module ModuleUI (316)
[2023.12.29-03.35.15:570][978]LogModuleManager: Shutting down and abandoning module MovieSceneTools (314)
[2023.12.29-03.35.15:570][978]LogModuleManager: Shutting down and abandoning module OutputLog (312)
[2023.12.29-03.35.15:570][978]LogModuleManager: Shutting down and abandoning module GammaUI (310)
[2023.12.29-03.35.15:570][978]LogModuleManager: Shutting down and abandoning module Documentation (308)
[2023.12.29-03.35.15:570][978]LogModuleManager: Shutting down and abandoning module Niagara (306)
[2023.12.29-03.35.15:570][978]LogModuleManager: Shutting down and abandoning module StreamingPauseRendering (304)
[2023.12.29-03.35.15:570][978]LogModuleManager: Shutting down and abandoning module AnalyticsET (302)
[2023.12.29-03.35.15:570][978]LogModuleManager: Shutting down and abandoning module PortalServices (300)
[2023.12.29-03.35.15:570][978]LogModuleManager: Shutting down and abandoning module PortalRpc (298)
[2023.12.29-03.35.15:570][978]LogModuleManager: Shutting down and abandoning module MessagingRpc (296)
[2023.12.29-03.35.15:570][978]LogModuleManager: Shutting down and abandoning module AIModule (294)
[2023.12.29-03.35.15:570][978]LogModuleManager: Shutting down and abandoning module GameplayDebugger (293)
[2023.12.29-03.35.15:570][978]LogModuleManager: Shutting down and abandoning module AITestSuite (291)
[2023.12.29-03.35.15:570][978]LogModuleManager: Shutting down and abandoning module ProfilerService (288)
[2023.12.29-03.35.15:770][978]LogModuleManager: Shutting down and abandoning module TaskGraph (286)
[2023.12.29-03.35.15:770][978]LogModuleManager: Shutting down and abandoning module SteamVRController (284)
[2023.12.29-03.35.15:770][978]LogModuleManager: Shutting down and abandoning module SteamVR (282)
[2023.12.29-03.35.15:770][978]LogModuleManager: Shutting down and abandoning module ProceduralMeshComponentEditor (280)
[2023.12.29-03.35.15:770][978]LogModuleManager: Shutting down and abandoning module ProceduralMeshComponent (278)
[2023.12.29-03.35.15:770][978]LogModuleManager: Shutting down and abandoning module OculusLibrary (276)
[2023.12.29-03.35.15:770][978]LogModuleManager: Shutting down and abandoning module OculusInput (274)
[2023.12.29-03.35.15:770][978]LogModuleManager: Shutting down and abandoning module MobilePatchingUtils (272)
[2023.12.29-03.35.15:770][978]LogModuleManager: Shutting down and abandoning module CustomMeshComponent (270)
[2023.12.29-03.35.15:770][978]LogModuleManager: Shutting down and abandoning module CableComponent (268)
[2023.12.29-03.35.15:770][978]LogModuleManager: Shutting down and abandoning module ArchVisCharacter (266)
[2023.12.29-03.35.15:770][978]LogModuleManager: Shutting down and abandoning module MediaPlayerEditor (262)
[2023.12.29-03.35.15:770][978]LogModuleManager: Shutting down and abandoning module HTML5Networking (260)
[2023.12.29-03.35.15:770][978]LogModuleManager: Shutting down and abandoning module AlembicImporter (258)
[2023.12.29-03.35.15:770][978]LogModuleManager: Shutting down and abandoning module AlembicLibrary (257)
[2023.12.29-03.35.15:770][978]LogModuleManager: Shutting down and abandoning module GeometryCache (256)
[2023.12.29-03.35.15:770][978]LogModuleManager: Shutting down and abandoning module GeometryCacheEd (255)
[2023.12.29-03.35.15:770][978]LogModuleManager: Shutting down and abandoning module SuperSearchEditor (250)
[2023.12.29-03.35.15:770][978]LogModuleManager: Shutting down and abandoning module SuperSearch (249)
[2023.12.29-03.35.15:770][978]LogModuleManager: Shutting down and abandoning module SpeedTreeImporter (246)
[2023.12.29-03.35.15:770][978]LogModuleManager: Shutting down and abandoning module PluginBrowser (244)
[2023.12.29-03.35.15:770][978]LogModuleManager: Shutting down and abandoning module MobileLauncherProfileWizard (242)
[2023.12.29-03.35.15:770][978]LogModuleManager: Shutting down and abandoning module EpicSurvey (240)
[2023.12.29-03.35.15:771][978]LogModuleManager: Shutting down and abandoning module VisualStudioSourceCodeAccess (238)
[2023.12.29-03.35.15:771][978]LogModuleManager: Shutting down and abandoning module DesktopPlatform (237)
[2023.12.29-03.35.15:771][978]LogModuleManager: Shutting down and abandoning module UObjectPlugin (234)
[2023.12.29-03.35.15:771][978]LogModuleManager: Shutting down and abandoning module SubversionSourceControl (232)
[2023.12.29-03.35.15:771][978]LogModuleManager: Shutting down and abandoning module PerforceSourceControl (230)
[2023.12.29-03.35.15:771][978]LogModuleManager: Shutting down and abandoning module GitSourceControl (228)
[2023.12.29-03.35.15:771][978]LogModuleManager: Shutting down and abandoning module SourceControl (227)
[2023.12.29-03.35.15:771][978]LogModuleManager: Shutting down and abandoning module LightPropagationVolumeEditor (224)
[2023.12.29-03.35.15:771][978]LogModuleManager: Shutting down and abandoning module PaperTiledImporter (222)
[2023.12.29-03.35.15:771][978]LogModuleManager: Shutting down and abandoning module PaperSpriteSheetImporter (220)
[2023.12.29-03.35.15:771][978]LogModuleManager: Shutting down and abandoning module Paper2DEditor (218)
[2023.12.29-03.35.15:771][978]LogModuleManager: Shutting down and abandoning module MeshPaint (217)
[2023.12.29-03.35.15:771][978]LogModuleManager: Shutting down and abandoning module LevelEditor (215)
[2023.12.29-03.35.15:771][978]LogModuleManager: Shutting down and abandoning module PixelInspectorModule (214)
[2023.12.29-03.35.15:771][978]LogModuleManager: Shutting down and abandoning module MainFrame (212)
[2023.12.29-03.35.15:771][978]LogModuleManager: Shutting down and abandoning module HotReload (211)
[2023.12.29-03.35.15:772][978]LogModuleManager: Shutting down and abandoning module ContentBrowser (207)
[2023.12.29-03.35.15:773][978]LogModuleManager: Shutting down and abandoning module PhysXVehiclesEditor (204)
[2023.12.29-03.35.15:773][978]LogModuleManager: Shutting down and abandoning module PhysXVehicles (202)
[2023.12.29-03.35.15:773][978]LogModuleManager: Shutting down and abandoning module LocationServicesBPLibrary (200)
[2023.12.29-03.35.15:773][978]LogModuleManager: Shutting down and abandoning module UdpMessaging (198)
[2023.12.29-03.35.15:874][978]LogModuleManager: Shutting down and abandoning module TcpMessaging (196)
[2023.12.29-03.35.15:975][978]LogModuleManager: Shutting down and abandoning module GameplayTagsEditor (194)
[2023.12.29-03.35.15:975][978]LogModuleManager: Shutting down and abandoning module FacialAnimationEditor (192)
[2023.12.29-03.35.15:975][978]LogModuleManager: Shutting down and abandoning module FacialAnimation (190)
[2023.12.29-03.35.15:975][978]LogModuleManager: Shutting down and abandoning module LightPropagationVolumeRuntime (188)
[2023.12.29-03.35.15:975][978]LogModuleManager: Shutting down and abandoning module Paper2D (186)
[2023.12.29-03.35.15:975][978]LogModuleManager: Shutting down and abandoning module WindowsMoviePlayer (184)
[2023.12.29-03.35.15:975][978]LogModuleManager: Shutting down and abandoning module WmfMedia (182)
[2023.12.29-03.35.15:976][978]LogModuleManager: Shutting down and abandoning module MfMedia (180)
[2023.12.29-03.35.15:976][978]LogModuleManager: Shutting down and abandoning module MediaAssets (178)
[2023.12.29-03.35.15:976][978]LogModuleManager: Shutting down and abandoning module GameLiveStreaming (176)
[2023.12.29-03.35.15:976][978]LogModuleManager: Shutting down and abandoning module VREditor (174)
[2023.12.29-03.35.15:976][978]LogModuleManager: Shutting down and abandoning module GameplayTasksEditor (172)
[2023.12.29-03.35.15:976][978]LogModuleManager: Shutting down and abandoning module BehaviorTreeEditor (170)
[2023.12.29-03.35.15:976][978]LogModuleManager: Shutting down and abandoning module FunctionalTesting (168)
[2023.12.29-03.35.15:976][978]LogModuleManager: Shutting down and abandoning module CollisionAnalyzer (166)
[2023.12.29-03.35.15:976][978]LogModuleManager: Shutting down and abandoning module UMG (164)
[2023.12.29-03.35.15:976][978]LogModuleManager: Shutting down and abandoning module UMGEditor (163)
[2023.12.29-03.35.15:976][978]LogModuleManager: Shutting down and abandoning module Sequencer (162)
[2023.12.29-03.35.15:976][978]LogModuleManager: Shutting down and abandoning module AssetTools (160)
[2023.12.29-03.35.15:976][978]LogModuleManager: Shutting down and abandoning module MessageLog (159)
[2023.12.29-03.35.15:976][978]LogModuleManager: Shutting down and abandoning module WorkspaceMenuStructure (158)
[2023.12.29-03.35.15:976][978]LogModuleManager: Shutting down and abandoning module SlateReflector (152)
[2023.12.29-03.35.15:976][978]LogModuleManager: Shutting down and abandoning module Slate (150)
[2023.12.29-03.35.15:976][978]LogModuleManager: Shutting down and abandoning module EditorStyle (148)
[2023.12.29-03.35.15:978][978]LogModuleManager: Shutting down and abandoning module SourceCodeAccess (146)
[2023.12.29-03.35.15:978][978]LogModuleManager: Shutting down and abandoning module HeadMountedDisplay (144)
[2023.12.29-03.35.15:978][978]LogModuleManager: Shutting down and abandoning module XAudio2 (142)
[2023.12.29-03.35.15:978][978]LogModuleManager: Shutting down and abandoning module Networking (140)
[2023.12.29-03.35.15:978][978]LogModuleManager: Shutting down and abandoning module Core (136)
[2023.12.29-03.35.15:978][978]LogModuleManager: Shutting down and abandoning module AssetRegistry (134)
[2023.12.29-03.35.16:097][978]LogDirectoryWatcher: A directory notification for '../../../Engine/Content/' was aborted.
[2023.12.29-03.35.16:097][978]LogDirectoryWatcher: A directory notification for '../../../../../Users/MelchioT/Documents/workUnrealEngine4/MotorUnreal4B/Content/' was aborted.
[2023.12.29-03.35.16:097][978]LogDirectoryWatcher: A directory notification for '../../../Engine/Plugins/2D/Paper2D/Content/' was aborted.
[2023.12.29-03.35.16:098][978]LogModuleManager: Shutting down and abandoning module DirectoryWatcher (133)
[2023.12.29-03.35.16:098][978]LogModuleManager: Shutting down and abandoning module KismetCompiler (130)
[2023.12.29-03.35.16:098][978]LogModuleManager: Shutting down and abandoning module PhysXFormats (128)
[2023.12.29-03.35.16:098][978]LogModuleManager: Shutting down and abandoning module MeshUtilities (126)
[2023.12.29-03.35.16:098][978]LogModuleManager: Shutting down and abandoning module QuadricMeshReduction (125)
[2023.12.29-03.35.16:098][978]LogModuleManager: Shutting down and abandoning module PropertyEditor (123)
[2023.12.29-03.35.16:098][978]LogModuleManager: Shutting down and abandoning module DerivedDataCache (120)
[2023.12.29-03.35.16:157][978]LogDerivedDataCache: Shutdown
[2023.12.29-03.35.16:157][978]LogModuleManager: Shutting down and abandoning module TargetPlatform (118)
[2023.12.29-03.35.16:157][978]LogModuleManager: Shutting down and abandoning module VulkanShaderFormat (117)
[2023.12.29-03.35.16:157][978]LogModuleManager: Shutting down and abandoning module MetalShaderFormat (115)
[2023.12.29-03.35.16:157][978]LogModuleManager: Shutting down and abandoning module ShaderFormatD3D (113)
[2023.12.29-03.35.16:157][978]LogModuleManager: Shutting down and abandoning module ShaderFormatOpenGL (111)
[2023.12.29-03.35.16:157][978]LogModuleManager: Shutting down and abandoning module TextureFormatUncompressed (109)
[2023.12.29-03.35.16:157][978]LogModuleManager: Shutting down and abandoning module TextureFormatASTC (107)
[2023.12.29-03.35.16:157][978]LogModuleManager: Shutting down and abandoning module ImageWrapper (106)
[2023.12.29-03.35.16:157][978]LogModuleManager: Shutting down and abandoning module TextureFormatPVR (103)
[2023.12.29-03.35.16:157][978]LogModuleManager: Shutting down and abandoning module TextureFormatDXT (101)
[2023.12.29-03.35.16:157][978]LogModuleManager: Shutting down and abandoning module TextureFormatIntelISPCTexComp (99)
[2023.12.29-03.35.16:158][978]LogModuleManager: Shutting down and abandoning module AudioFormatOpus (97)
[2023.12.29-03.35.16:158][978]LogModuleManager: Shutting down and abandoning module AudioFormatOgg (95)
[2023.12.29-03.35.16:158][978]LogModuleManager: Shutting down and abandoning module AudioFormatADPCM (93)
[2023.12.29-03.35.16:158][978]LogModuleManager: Shutting down and abandoning module TVOSTargetPlatform (91)
[2023.12.29-03.35.16:158][978]LogModuleManager: Shutting down and abandoning module Messaging (89)
[2023.12.29-03.35.16:158][978]LogModuleManager: Shutting down and abandoning module IOSTargetPlatform (87)
[2023.12.29-03.35.16:158][978]LogModuleManager: Shutting down and abandoning module HTML5TargetPlatform (85)
[2023.12.29-03.35.16:158][978]LogModuleManager: Shutting down and abandoning module Android_MultiTargetPlatform (83)
[2023.12.29-03.35.16:158][978]LogModuleManager: Shutting down and abandoning module Android_ASTCTargetPlatform (81)
[2023.12.29-03.35.16:158][978]LogModuleManager: Shutting down and abandoning module Android_ETC2TargetPlatform (79)
[2023.12.29-03.35.16:158][978]LogModuleManager: Shutting down and abandoning module Android_ETC1TargetPlatform (77)
[2023.12.29-03.35.16:158][978]LogModuleManager: Shutting down and abandoning module Android_DXTTargetPlatform (75)
[2023.12.29-03.35.16:158][978]LogModuleManager: Shutting down and abandoning module Android_ATCTargetPlatform (73)
[2023.12.29-03.35.16:158][978]LogModuleManager: Shutting down and abandoning module Android_PVRTCTargetPlatform (71)
[2023.12.29-03.35.16:158][978]LogModuleManager: Shutting down and abandoning module AndroidTargetPlatform (69)
[2023.12.29-03.35.16:158][978]LogModuleManager: Shutting down and abandoning module AllDesktopTargetPlatform (67)
[2023.12.29-03.35.16:158][978]LogModuleManager: Shutting down and abandoning module WindowsClientTargetPlatform (65)
[2023.12.29-03.35.16:158][978]LogModuleManager: Shutting down and abandoning module WindowsServerTargetPlatform (63)
[2023.12.29-03.35.16:158][978]LogModuleManager: Shutting down and abandoning module WindowsNoEditorTargetPlatform (61)
[2023.12.29-03.35.16:158][978]LogModuleManager: Shutting down and abandoning module WindowsTargetPlatform (59)
[2023.12.29-03.35.16:158][978]LogModuleManager: Shutting down and abandoning module MacClientTargetPlatform (57)
[2023.12.29-03.35.16:158][978]LogModuleManager: Shutting down and abandoning module MacServerTargetPlatform (55)
[2023.12.29-03.35.16:158][978]LogModuleManager: Shutting down and abandoning module MacNoEditorTargetPlatform (53)
[2023.12.29-03.35.16:158][978]LogModuleManager: Shutting down and abandoning module MacTargetPlatform (51)
[2023.12.29-03.35.16:158][978]LogModuleManager: Shutting down and abandoning module InputCore (48)
[2023.12.29-03.35.16:158][978]LogModuleManager: Shutting down and abandoning module Settings (46)
[2023.12.29-03.35.16:158][978]LogModuleManager: Shutting down and abandoning module OculusRift (44)
[2023.12.29-03.35.16:158][978]LogModuleManager: Shutting down and abandoning module ExampleDeviceProfileSelector (42)
[2023.12.29-03.35.16:158][978]LogModuleManager: Shutting down and abandoning module OnlineBlueprintSupport (40)
[2023.12.29-03.35.16:158][978]LogModuleManager: Shutting down and abandoning module OnlineSubsystem (36)
[2023.12.29-03.35.16:158][978]LogOnline:Display: Unloading online subsystem: NULL
[2023.12.29-03.35.16:158][978]LogModuleManager: Shutting down and abandoning module HTTP (35)
[2023.12.29-03.35.16:158][978]LogHttp:Display: Http module shutting down, but needs to wait on 1 outstanding Http requests:
[2023.12.29-03.35.16:158][978]LogHttp:Display: 	verb=[POST] url=[https://datarouter.ol.epicgames.com/datarouter/api/v1/public/data?SessionID=%7B043890F6-4865-22DE-22D6-00A9067C0600%7D&AppID=UEEditor.UnrealEngine.Release&AppVersion=4.15.0-0%2B%2B%2BUE4%2BRelease-4.15&UserID=aa7ec4a94460bf88f1f872b01bef9583%7C8cfcda83180144cdb9bb2bc7d773924e%7C775b68d6-d1f3-44da-96ce-dab51d83f808&AppEnvironment=datacollector-source&UploadType=eteventstream] status=Processing
[2023.12.29-03.35.16:172][978]LogModuleManager: Shutting down and abandoning module SSL (34)
[2023.12.29-03.35.16:173][978]LogModuleManager: Shutting down and abandoning module AudioEditor (30)
[2023.12.29-03.35.16:173][978]LogModuleManager: Shutting down and abandoning module TextureCompressor (28)
[2023.12.29-03.35.16:173][978]LogModuleManager: Shutting down and abandoning module ShaderCore (26)
[2023.12.29-03.35.16:173][978]LogModuleManager: Shutting down and abandoning module Landscape (24)
[2023.12.29-03.35.16:173][978]LogModuleManager: Shutting down and abandoning module SlateRHIRenderer (22)
[2023.12.29-03.35.16:174][978]LogModuleManager: Shutting down and abandoning module OpenGLDrv (20)
[2023.12.29-03.35.16:174][978]LogModuleManager: Shutting down and abandoning module D3D11RHI (18)
[2023.12.29-03.35.16:174][978]LogModuleManager: Shutting down and abandoning module AnimGraphRuntime (16)
[2023.12.29-03.35.16:174][978]LogModuleManager: Shutting down and abandoning module Renderer (14)
[2023.12.29-03.35.16:174][978]LogModuleManager: Shutting down and abandoning module Engine (12)
[2023.12.29-03.35.16:174][978]LogModuleManager: Shutting down and abandoning module CoreUObject (10)
[2023.12.29-03.35.16:174][978]LogModuleManager: Shutting down and abandoning module NetworkFile (8)
[2023.12.29-03.35.16:174][978]LogModuleManager: Shutting down and abandoning module StreamingFile (6)
[2023.12.29-03.35.16:174][978]LogModuleManager: Shutting down and abandoning module SandboxFile (4)
[2023.12.29-03.35.16:174][978]LogModuleManager: Shutting down and abandoning module PakFile (2)
[2023.12.29-03.35.16:178][978]LogExit: Exiting.
[2023.12.29-03.35.16:179][978]Log file closed, 12/29/23 00:35:16
