Log file open, 12/26/23 04:20:12
LogInit:Display: Running engine for game: MotorUnreal4B
LogPlatformFile: Not using cached read wrapper
LogInit:Display: RandInit(-959475285) SRandInit(-959475285).
LogInit: Using version manifest at CL 0 with build ID '5af06b4c-3232-42c8-80e0-46572b4b0bc8'
LogTaskGraph: Started task graph with 5 named threads and 10 total threads with 1 sets of task threads.
LogStats: Stats thread started at 0.129190
LogInit: Using libcurl 7.47.1
LogInit:  - built for x86_64-pc-win32
LogInit:  - supports SSL with OpenSSL/1.0.2g
LogInit:  - supports HTTP deflate (compression) using libz 1.2.8
LogInit:  - other features:
LogInit:      CURL_VERSION_SSL
LogInit:      CURL_VERSION_LIBZ
LogInit:      CURL_VERSION_IPV6
LogInit:      CURL_VERSION_ASYNCHDNS
LogInit:      CURL_VERSION_LARGEFILE
LogInit:      CURL_VERSION_IDN
LogInit:  CurlRequestOptions (configurable via config and command line):
LogInit:  - bVerifyPeer = false  - Libcurl will NOT verify peer certificate
LogInit:  - bUseHttpProxy = false  - Libcurl will NOT use HTTP proxy
LogInit:  - bDontReuseConnections = false  - Libcurl will reuse connections
LogInit:  - CertBundlePath = nullptr  - Libcurl will use whatever was configured at build time.
LogInit: Build: ++UE4+Release-4.15-CL-0
LogInit: Engine Version: 4.15.0-0+++UE4+Release-4.15
LogInit: Compatible Engine Version: 4.15.0-0+++UE4+Release-4.15
LogInit: Net CL: 0
LogDevObjectVersion: Number of dev versions registered: 14
LogDevObjectVersion:   Dev-Blueprints (B0D832E4-1F89-4F0D-ACCF-7EB736FD4AA2): 8
LogDevObjectVersion:   Dev-Build (E1C64328-A22C-4D53-A36C-8E866417BD8C): 0
LogDevObjectVersion:   Dev-Core (375EC13C-06E4-48FB-B500-84F0262A717E): 2
LogDevObjectVersion:   Dev-Editor (E4B068ED-F494-42E9-A231-DA0B2E46BB41): 14
LogDevObjectVersion:   Dev-Framework (CFFC743F-43B0-4480-9391-14DF171D2073): 22
LogDevObjectVersion:   Dev-Mobile (B02B49B5-BB20-44E9-A304-32B752E40360): 0
LogDevObjectVersion:   Dev-Networking (A4E4105C-59A1-49B5-A7C5-40C4547EDFEE): 0
LogDevObjectVersion:   Dev-Online (39C831C9-5AE6-47DC-9A44-9C173E1C8E7C): 0
LogDevObjectVersion:   Dev-Physics (78F01B33-EBEA-4F98-B9B4-84EACCB95AA2): 0
LogDevObjectVersion:   Dev-Platform (6631380F-2D4D-43E0-8009-CF276956A95A): 0
LogDevObjectVersion:   Dev-Rendering (12F88B9F-8875-4AFC-A67C-D90C383ABD29): 12
LogDevObjectVersion:   Dev-Sequencer (7B5AE74C-D270-4C10-A958-57980B212A5A): 3
LogDevObjectVersion:   Dev-VR (D7296918-1DD6-4BDD-9DE2-64A83CC13884): 0
LogDevObjectVersion:   Dev-LoadTimes (C2A15278-BFE7-4AFE-6C17-90FF531DF755): 1
LogInit: Compiled (64-bit): Apr  2 2023 09:25:01
LogInit: Compiled with Visual C++: 19.00.24210.00
LogInit: Build Configuration: Development
LogInit: Branch Name: ++UE4+Release-4.15
LogInit: Command line: 
LogInit: Base directory: C:/Program Files/Unreal Engine 4 (4.15.0)/Engine/Binaries/Win64/
LogInit: Installed Engine Build: 0
LogInit: Presizing for max 8388607 objects, including 0 objects not considered by GC, pre-allocating 0 bytes for permanent pool.
LogInit: Object subsystem initialized
[2023.12.26-07.20.13:229][  0]LogInit: Selected Device Profile: [Windows]
[2023.12.26-07.20.13:229][  0]LogInit: Applying CVar settings loaded from the selected device profile: [Windows]
[2023.12.26-07.20.13:235][  0]LogInit: Computer: DESKTOP-GOSDJOG
[2023.12.26-07.20.13:235][  0]LogInit: User: MelchioT
[2023.12.26-07.20.13:235][  0]LogInit: CPU Page size=65536, Cores=6
[2023.12.26-07.20.13:235][  0]LogInit: High frequency timer resolution =10.000000 MHz
[2023.12.26-07.20.13:235][  0]LogMemory: Memory total: Physical=31.2GB (32GB approx)
[2023.12.26-07.20.13:235][  0]LogMemory: Platform Memory Stats for Windows
[2023.12.26-07.20.13:235][  0]LogMemory: Process Physical Memory: 264.94 MB used, 264.95 MB peak
[2023.12.26-07.20.13:235][  0]LogMemory: Process Virtual Memory: 268.52 MB used, 268.52 MB peak
[2023.12.26-07.20.13:235][  0]LogMemory: Physical Memory: 9190.16 MB used,  22785.52 MB free, 31975.68 MB total
[2023.12.26-07.20.13:235][  0]LogMemory: Virtual Memory: 4760.25 MB used,  22785.52 MB free, 134217728.00 MB total
[2023.12.26-07.20.13:323][  0]LogInit: Overriding culture en with editor configuration.
[2023.12.26-07.20.13:879][  0]LogD3D11RHI: D3D11 adapters:
[2023.12.26-07.20.13:912][  0]LogD3D11RHI:    0. 'AMD Radeon(TM) Graphics' (Feature Level 11_0)
[2023.12.26-07.20.13:912][  0]LogD3D11RHI:       495/0/15987 MB DedicatedVideo/DedicatedSystem/SharedSystem, Outputs:1, VendorId:0x1002
[2023.12.26-07.20.13:915][  0]LogD3D11RHI:    1. 'Microsoft Basic Render Driver' (Feature Level 11_0)
[2023.12.26-07.20.13:915][  0]LogD3D11RHI:       0/0/15987 MB DedicatedVideo/DedicatedSystem/SharedSystem, Outputs:0, VendorId:0x1414
[2023.12.26-07.20.13:915][  0]LogD3D11RHI: Chosen D3D11 Adapter: 0
[2023.12.26-07.20.13:921][  0]LogD3D11RHI: Creating new Direct3DDevice
[2023.12.26-07.20.13:922][  0]LogD3D11RHI:     GPU DeviceId: 0x1636 (for the marketing name, search the web for "GPU Device Id")
[2023.12.26-07.20.13:922][  0]LogWindows: EnumDisplayDevices:
[2023.12.26-07.20.13:922][  0]LogWindows:    0. 'AMD Radeon(TM) Graphics' (P:1 D:1)
[2023.12.26-07.20.13:922][  0]LogWindows:    1. 'AMD Radeon(TM) Graphics' (P:0 D:0)
[2023.12.26-07.20.13:922][  0]LogWindows:    2. 'AMD Radeon(TM) Graphics' (P:0 D:0)
[2023.12.26-07.20.13:922][  0]LogWindows:    3. 'AMD Radeon(TM) Graphics' (P:0 D:0)
[2023.12.26-07.20.13:922][  0]LogWindows:    4. 'AMD Radeon(TM) Graphics' (P:0 D:0)
[2023.12.26-07.20.13:922][  0]LogWindows: DebugString: GetVideoDriverDetailsInvalid PrimaryIsNotTheChoosenAdapter GetVideoDriverDetailsInvalid PrimaryIsNotTheChoosenAdapter GetVideoDriverDetailsInvalid PrimaryIsNotTheChoosenAdapter GetVideoDriverDetailsInvalid PrimaryIsNotTheChoosenAdapter GetVideoDriverDetailsInvalid PrimaryIsNotTheChoosenAdapter FoundDriverCount:0 
[2023.12.26-07.20.13:922][  0]LogD3D11RHI:     Adapter Name: AMD Radeon(TM) Graphics
[2023.12.26-07.20.13:922][  0]LogD3D11RHI:   Driver Version: Unknown (internal:Unknown, unified:Unknown)
[2023.12.26-07.20.13:922][  0]LogD3D11RHI:      Driver Date: Unknown
[2023.12.26-07.20.13:922][  0]LogRHI: Texture pool is 347 MB (70% of 495 MB)
[2023.12.26-07.20.13:966][  0]LogD3D11RHI: Async texture creation enabled
[2023.12.26-07.20.13:981][  0]LogD3D11RHI: GPU Timing Frequency: 100.000000 (Debug: 2 1)
[2023.12.26-07.20.13:983][  0]LogShaderCompilers: Guid format shader working directory is -22 characters bigger than the processId version (../../../../../Users/MelchioT/Documents/workUnrealEngine4/MotorUnreal4B/Intermediate/Shaders/WorkingDirectory/8228/).
[2023.12.26-07.20.13:983][  0]LogShaderCompilers: Cleaned the shader compiler working directory 'C:/Users/MelchioT/AppData/Local/Temp/UnrealShaderWorkingDir/34CFADF3498660D6D16666AC19E7176C/'.
[2023.12.26-07.20.13:983][  0]LogShaderCompilers:Display: Using Local Shader Compiler.
[2023.12.26-07.20.14:808][  0]LogTemp:Display: Loaded TP MacTargetPlatform
[2023.12.26-07.20.14:858][  0]LogTemp:Display: Loaded TP MacNoEditorTargetPlatform
[2023.12.26-07.20.14:916][  0]LogTemp:Display: Loaded TP MacServerTargetPlatform
[2023.12.26-07.20.14:970][  0]LogTemp:Display: Loaded TP MacClientTargetPlatform
[2023.12.26-07.20.15:016][  0]LogTemp:Display: Loaded TP WindowsTargetPlatform
[2023.12.26-07.20.15:069][  0]LogTemp:Display: Loaded TP WindowsNoEditorTargetPlatform
[2023.12.26-07.20.15:122][  0]LogTemp:Display: Loaded TP WindowsServerTargetPlatform
[2023.12.26-07.20.15:174][  0]LogTemp:Display: Loaded TP WindowsClientTargetPlatform
[2023.12.26-07.20.15:219][  0]LogTemp:Display: Loaded TP AllDesktopTargetPlatform
[2023.12.26-07.20.15:269][  0]LogTemp:Display: Loaded TP AndroidTargetPlatform
[2023.12.26-07.20.15:321][  0]LogTemp:Display: Loaded TP Android_PVRTCTargetPlatform
[2023.12.26-07.20.15:376][  0]LogTemp:Display: Loaded TP Android_ATCTargetPlatform
[2023.12.26-07.20.15:433][  0]LogTemp:Display: Loaded TP Android_DXTTargetPlatform
[2023.12.26-07.20.15:485][  0]LogTemp:Display: Loaded TP Android_ETC1TargetPlatform
[2023.12.26-07.20.15:535][  0]LogTemp:Display: Loaded TP Android_ETC2TargetPlatform
[2023.12.26-07.20.15:592][  0]LogTemp:Display: Loaded TP Android_ASTCTargetPlatform
[2023.12.26-07.20.15:651][  0]LogTemp:Display: Loaded TP Android_MultiTargetPlatform
[2023.12.26-07.20.15:692][  0]LogTemp:Display: Loaded TP HTML5TargetPlatform
[2023.12.26-07.20.15:790][  0]LogTemp:Display: Loaded TP IOSTargetPlatform
[2023.12.26-07.20.15:826][  0]LogTemp:Display: Loaded TP TVOSTargetPlatform
[2023.12.26-07.20.15:826][  0]LogTargetPlatformManager:Display: Building Assets For Windows
[2023.12.26-07.20.16:327][  0]LogDerivedDataCache:Display: Max Cache Size: 512 MB
[2023.12.26-07.20.16:375][  0]LogDerivedDataCache: Loaded boot cache 0.05s 50MB ../../../../../Users/MelchioT/Documents/workUnrealEngine4/MotorUnreal4B/DerivedDataCache/Boot.ddc.
[2023.12.26-07.20.16:375][  0]LogDerivedDataCache:Display: Loaded Boot cache: ../../../../../Users/MelchioT/Documents/workUnrealEngine4/MotorUnreal4B/DerivedDataCache/Boot.ddc
[2023.12.26-07.20.16:375][  0]LogDerivedDataCache: FDerivedDataBackendGraph:  Pak pak cache file ../../../../../Users/MelchioT/Documents/workUnrealEngine4/MotorUnreal4B/DerivedDataCache/DDC.ddp not found, will not use a pak cache.
[2023.12.26-07.20.16:375][  0]LogDerivedDataCache: Unable to find inner node Pak for hierarchical cache Hierarchy.
[2023.12.26-07.20.16:375][  0]LogDerivedDataCache: FDerivedDataBackendGraph:  EnginePak pak cache file ../../../Engine/DerivedDataCache/DDC.ddp not found, will not use a pak cache.
[2023.12.26-07.20.16:375][  0]LogDerivedDataCache: Unable to find inner node EnginePak for hierarchical cache Hierarchy.
[2023.12.26-07.20.16:387][  0]LogDerivedDataCache: Using Local data cache path ../../../Engine/DerivedDataCache: Writable
[2023.12.26-07.20.16:387][  0]LogDerivedDataCache: Shared data cache path not found in *engine.ini, will not use an Shared cache.
[2023.12.26-07.20.16:387][  0]LogDerivedDataCache: Unable to find inner node Shared for hierarchical cache Hierarchy.
[2023.12.26-07.20.16:398][  0]LogSlate: Using Freetype 2.6.0
[2023.12.26-07.20.16:398][  0]LogSlate: SlateFontCache - WITH_FREETYPE: 1, WITH_HARFBUZZ: 1
[2023.12.26-07.20.16:398][  0]LogSlate: SlateFontCache - WITH_FREETYPE: 1, WITH_HARFBUZZ: 1
[2023.12.26-07.20.16:637][  0]LogInit: Selected Device Profile: [Windows]
[2023.12.26-07.20.16:639][  0]LogContentStreaming: Texture pool size is 0.00 MB
[2023.12.26-07.20.16:841][  0]LogMeshUtilities: Using QuadricMeshReduction for automatic static mesh reduction
[2023.12.26-07.20.16:852][  0]LogMeshUtilities: No automatic skeletal mesh reduction module available
[2023.12.26-07.20.16:852][  0]LogMeshUtilities: No automatic mesh merging module available
[2023.12.26-07.20.16:852][  0]LogMeshUtilities: No distributed automatic mesh merging module available
[2023.12.26-07.20.17:502][  0]LogNetVersion: GetLocalNetworkVersion: CL: 0, ProjectName: motorunreal4b, ProjectVersion: , EngineNetworkVersion: 2, GameNetworkVersion: 0, NetworkChecksum: 3893362438
[2023.12.26-07.20.17:553][  0]LogAssetRegistry: FAssetRegistry took 0.0221 seconds to start up
[2023.12.26-07.20.17:601][  0]LogPackageLocalizationCache: Processed 3 localized package path(s) for 1 prioritized culture(s) in 0.012336 seconds
[2023.12.26-07.20.17:607][  0]LogUObjectArray: 32434 objects as part of root set at end of initial load.
[2023.12.26-07.20.17:607][  0]LogUObjectAllocator: 7066640 out of 0 bytes used by permanent object pool.
[2023.12.26-07.20.17:607][  0]LogUObjectArray: CloseDisregardForGC: 0/0 objects in disregard for GC pool
[2023.12.26-07.20.17:686][  0]LogInit: WinSock: version 1.1 (2.2), MaxSocks=32767, MaxUdp=65467
[2023.12.26-07.20.19:210][  0]LogTcpMessaging: Initializing TcpMessaging bridge
[2023.12.26-07.20.19:257][  0]LogUdpMessaging: Initializing bridge on interface 0.0.0.0:0 to multicast group 230.0.0.1:6666.
[2023.12.26-07.20.19:747][  0]LogMaterial: Uniform references updated for custom material expression Custom.
[2023.12.26-07.20.20:214][  0]SourceControl: Info Source control is disabled
[2023.12.26-07.20.20:276][  0]SourceControl: Info Source control is disabled
[2023.12.26-07.20.20:350][  0]SourceControl: Info Source control is disabled
[2023.12.26-07.20.20:409][  0]SourceControl: Info Source control is disabled
[2023.12.26-07.20.22:222][  0]LogEngine: Initializing Engine...
[2023.12.26-07.20.22:223][  0]LogHMD: Failed to initialize OpenVR with code 110
[2023.12.26-07.20.22:448][  0]LogAIModule: Creating AISystem for world Untitled
[2023.12.26-07.20.22:463][  0]LogInit: XAudio2 using 'Altavoces (Realtek(R) Audio)' : 2 channels at 48 kHz using 16 bits per sample (channel mask 0x3)
[2023.12.26-07.20.22:482][  0]LogInit: FAudioDevice initialized.
[2023.12.26-07.20.22:508][  0]LogDerivedDataCache: Saved boot cache 0.03s 50MB ../../../../../Users/MelchioT/Documents/workUnrealEngine4/MotorUnreal4B/DerivedDataCache/Boot.ddc.
[2023.12.26-07.20.22:515][  0]LogInit: Texture streaming: Enabled
[2023.12.26-07.20.22:636][  0]LogEngineSessionManager: EngineSessionManager initialized
[2023.12.26-07.20.22:751][  0]LogInit: Transaction tracking system initialized
[2023.12.26-07.20.23:131][  0]BlueprintLog: New page: Editor Load
[2023.12.26-07.20.24:081][  0]LocalizationService: Info Localization service is disabled
[2023.12.26-07.20.24:895][  0]LogConsoleResponse:Display: 
[2023.12.26-07.20.25:042][  0]LogCook:Display: Max memory allowance for cook 16384mb min free memory 0mb
[2023.12.26-07.20.25:043][  0]LogCook:Display: Mobile HDR setting 1
[2023.12.26-07.20.25:250][  0]LogFileCache: Scanning file cache for directory 'C:/Users/MelchioT/Documents/workUnrealEngine4/MotorUnreal4B/Content/' took 0.01s
[2023.12.26-07.20.26:333][  0]SourceControl: Info Source control is disabled
[2023.12.26-07.20.26:333][  0]Cmd: MAP LOAD FILE="../../../Engine/Content/Maps/Templates/Template_Default.umap" TEMPLATE=1 SHOWPROGRESS=1 FEATURELEVEL=3
[2023.12.26-07.20.26:333][  0]LightingResults: New page: Lighting Build
[2023.12.26-07.20.26:378][  0]MapCheck: New page: Map Check
[2023.12.26-07.20.26:378][  0]LightingResults: New page: Lighting Build
[2023.12.26-07.20.26:572][  0]LogAIModule: Creating AISystem for world Untitled_1
[2023.12.26-07.20.26:573][  0]LogActorComponent: RegisterComponentWithWorld: (/Temp/Untitled_1.Untitled_1:PersistentLevel.WorldSettings_1.StaticMeshComponent0) Trying to register component with IsPendingKill() == true. Aborting.
[2023.12.26-07.20.26:578][  0]LogEditorServer: Finished looking for orphan Actors (0.000 secs)
[2023.12.26-07.20.26:585][  0]Cmd: MAP CHECKDEP NOCLEARLOG
[2023.12.26-07.20.26:617][  0]MapCheck: Info Map check complete: 0 Error(s), 0 Warning(s), took 32.386ms to complete.
[2023.12.26-07.20.26:618][  0]LogFileHelpers: Loading map 'Template_Default' took 0.285
[2023.12.26-07.20.26:796][  0]LogCollectionManager: Loaded 0 collections in 0.001679 seconds
[2023.12.26-07.20.26:882][  0]LogFileCache: Scanning file cache for directory 'C:/Users/MelchioT/Documents/workUnrealEngine4/MotorUnreal4B/Saved/Collections/' took 0.01s
[2023.12.26-07.20.26:882][  0]LogFileCache: Scanning file cache for directory 'C:/Users/MelchioT/Documents/workUnrealEngine4/MotorUnreal4B/Content/Developers/MelchioT/Collections/' took 0.01s
[2023.12.26-07.20.26:882][  0]LogFileCache: Scanning file cache for directory 'C:/Users/MelchioT/Documents/workUnrealEngine4/MotorUnreal4B/Content/Collections/' took 0.01s
[2023.12.26-07.20.26:882][  0]LogCollectionManager: Rebuilt the GUID cache for 0 collections in 0.000002 seconds
[2023.12.26-07.20.26:892][  0]LogContentBrowser: Native class hierarchy populated in 0.0093 seconds. Added 2243 classes and 448 folders.
[2023.12.26-07.20.26:895][  0]LogStats: UGameplayTagsManager::ConstructGameplayTagTree: Construct from data asset -  0.000 s
[2023.12.26-07.20.26:895][  0]LogStats: UGameplayTagsManager::ConstructGameplayTagTree: GameplayTagTreeChangedEvent.Broadcast -  0.000 s
[2023.12.26-07.20.26:963][  0]LogContentBrowser: Native class hierarchy updated for 'WidgetCarousel' in 0.0005 seconds. Added 0 classes and 0 folders.
[2023.12.26-07.20.26:995][  0]LogContentBrowser: Native class hierarchy updated for 'AddContentDialog' in 0.0006 seconds. Added 0 classes and 0 folders.
[2023.12.26-07.20.27:040][  0]LogContentBrowser: Native class hierarchy updated for 'SceneOutliner' in 0.0006 seconds. Added 1 classes and 2 folders.
[2023.12.26-07.20.27:136][  0]LogCrashTracker: Crashtracker disabled due to settings.
[2023.12.26-07.20.27:147][  0]LogUObjectGlobals:Warning: Failed to find object 'Class None.'
[2023.12.26-07.20.27:222][  0]LogContentBrowser: Native class hierarchy updated for 'HierarchicalLODOutliner' in 0.0007 seconds. Added 1 classes and 2 folders.
[2023.12.26-07.20.27:222][  0]LogLoad: (Engine Initialization) Total time: 15.52 seconds
[2023.12.26-07.20.27:222][  0]LogLoad: (Engine Initialization) Total Blueprint compile time: 0.10 seconds
[2023.12.26-07.20.27:222][  0]LogExternalProfiler: No external profilers were discovered.  External profiling features will not be available.
[2023.12.26-07.20.27:562][  0]LogOcInput: OculusInput pre-init called
[2023.12.26-07.20.27:580][  0]LogContentStreaming: Texture pool size now 1000 MB
[2023.12.26-07.20.27:582][  0]LogSlate: Took 0.000242 seconds to synchronously load lazily loaded font '../../../Engine/Content/Slate/Fonts/Roboto-Regular.ttf' (155K)
[2023.12.26-07.20.27:586][  0]LogSlate: Took 0.000389 seconds to synchronously load lazily loaded font '../../../Engine/Content/Slate/Fonts/Roboto-Bold.ttf' (160K)
[2023.12.26-07.20.27:589][  0]LogSlate: Took 0.000278 seconds to synchronously load lazily loaded font '../../../Engine/Content/Editor/Slate/Fonts/FontAwesome.ttf' (139K)
[2023.12.26-07.20.27:682][  0]LogRenderer: Reallocating scene render targets to support 1528x576 NumSamples 1 (Frame:2).
[2023.12.26-07.20.27:748][  0]LogSlate: Took 0.000391 seconds to synchronously load lazily loaded font '../../../Engine/Content/Slate/Fonts/Roboto-Light.ttf' (159K)
[2023.12.26-07.20.27:899][  1]LogAssetRegistry: Asset discovery search completed in 10.3686 seconds
[2023.12.26-07.20.27:899][  1]LogCollectionManager: Rebuilt the object cache for 0 collections in 0.000001 seconds (found 0 objects)
[2023.12.26-07.20.27:899][  1]LogCollectionManager: Fixed up redirectors for 0 collections in 0.000013 seconds (updated 0 objects)
[2023.12.26-07.21.20:257][575]LogTemp: Repeting last play command: Selected Viewport
[2023.12.26-07.21.20:266][575]LogPlayLevel: PlayLevel: No blueprints needed recompiling
[2023.12.26-07.21.20:266][575]PIE: New page: PIE session: Untitled_1 (Dec 26, 2023, 1:21:20 AM)
[2023.12.26-07.21.20:266][575]LogPlayLevel: Creating play world package: /Temp/UEDPIE_0_Untitled_1
[2023.12.26-07.21.20:268][575]LogPlayLevel: PIE: StaticDuplicateObject took: (0.001946s)
[2023.12.26-07.21.20:269][575]LogAIModule: Creating AISystem for world Untitled_1
[2023.12.26-07.21.20:269][575]LogPlayLevel: PIE: World Init took: (0.000911s)
[2023.12.26-07.21.20:269][575]LogPlayLevel: PIE: Created PIE world by copying editor world from /Temp/Untitled_1.Untitled_1 to /Temp/UEDPIE_0_Untitled_1.Untitled_1 (0.003168s)
[2023.12.26-07.21.20:289][575]LogInit: XAudio2 using 'Altavoces (Realtek(R) Audio)' : 2 channels at 48 kHz using 16 bits per sample (channel mask 0x3)
[2023.12.26-07.21.20:306][575]LogInit: FAudioDevice initialized.
[2023.12.26-07.21.20:354][575]LogLoad: Game class is 'GameModeBase'
[2023.12.26-07.21.20:357][575]LogWorld: Bringing World /Temp/UEDPIE_0_Untitled_1.Untitled_1 up for play (max tick rate 60) at 2023.12.26-04.21.20
[2023.12.26-07.21.20:358][575]LogWorld: Bringing up level for play took: 0.001125
[2023.12.26-07.21.20:408][575]LogContentBrowser: Native class hierarchy updated for 'MovieSceneCapture' in 0.0006 seconds. Added 11 classes and 0 folders.
[2023.12.26-07.21.20:410][575]PIE: Info Play in editor start time for /Temp/UEDPIE_0_Untitled_1 0.135
[2023.12.26-07.21.27:380][985]LogSlate: Took 0.000152 seconds to synchronously load lazily loaded font '../../../Engine/Content/Slate/Fonts/Roboto-Light.ttf' (159K)
[2023.12.26-07.21.27:455][985]LogAIModule: Creating AISystem for world Nivel
[2023.12.26-07.21.27:485][985]Cmd: MAP LOAD FILE="../../../../../Users/MelchioT/Documents/workUnrealEngine4/MotorUnreal4B/Content/Ejercicios/Ejercicio1/Nivel.umap" TEMPLATE=0 SHOWPROGRESS=1 FEATURELEVEL=3
[2023.12.26-07.21.27:485][985]LightingResults: New page: Lighting Build
[2023.12.26-07.21.27:487][985]LoadErrors: New page: Loading map: Nivel.umap
[2023.12.26-07.21.27:488][985]MapCheck: New page: Map Check
[2023.12.26-07.21.27:488][985]LightingResults: New page: Lighting Build
[2023.12.26-07.21.27:610][985]LogEditorServer: Finished looking for orphan Actors (0.000 secs)
[2023.12.26-07.21.27:632][985]Cmd: MAP CHECKDEP NOCLEARLOG
[2023.12.26-07.21.27:677][985]MapCheck: Info Map check complete: 0 Error(s), 0 Warning(s), took 44.829ms to complete.
[2023.12.26-07.21.27:678][985]LogFileHelpers: Loading map 'Nivel' took 0.193
[2023.12.26-07.21.30:441][121]LogTemp: Repeting last play command: Selected Viewport
[2023.12.26-07.21.30:448][121]LogPlayLevel: PlayLevel: No blueprints needed recompiling
[2023.12.26-07.21.30:448][121]PIE: New page: PIE session: Nivel (Dec 26, 2023, 1:21:30 AM)
[2023.12.26-07.21.30:448][121]LogPlayLevel: Creating play world package: /Game/Ejercicios/Ejercicio1/UEDPIE_0_Nivel
[2023.12.26-07.21.30:451][121]LogPlayLevel: PIE: StaticDuplicateObject took: (0.002830s)
[2023.12.26-07.21.30:452][121]LogAIModule: Creating AISystem for world Nivel
[2023.12.26-07.21.30:452][121]LogPlayLevel: PIE: World Init took: (0.001318s)
[2023.12.26-07.21.30:452][121]LogPlayLevel: PIE: Created PIE world by copying editor world from /Game/Ejercicios/Ejercicio1/Nivel.Nivel to /Game/Ejercicios/Ejercicio1/UEDPIE_0_Nivel.Nivel (0.004394s)
[2023.12.26-07.21.30:474][121]LogInit: XAudio2 using 'Altavoces (Realtek(R) Audio)' : 2 channels at 48 kHz using 16 bits per sample (channel mask 0x3)
[2023.12.26-07.21.30:494][121]LogInit: FAudioDevice initialized.
[2023.12.26-07.21.30:529][121]LogLoad: Game class is 'GameModeBase'
[2023.12.26-07.21.30:531][121]LogWorld: Bringing World /Game/Ejercicios/Ejercicio1/UEDPIE_0_Nivel.Nivel up for play (max tick rate 60) at 2023.12.26-04.21.30
[2023.12.26-07.21.30:531][121]LogWorld: Bringing up level for play took: 0.000839
[2023.12.26-07.21.30:532][121]PIE: Info Play in editor start time for /Game/Ejercicios/Ejercicio1/UEDPIE_0_Nivel 0.258
[2023.12.26-07.21.45:380][921]LogAIModule: Creating AISystem for world 11-Blueprint10
[2023.12.26-07.21.45:393][921]Cmd: MAP LOAD FILE="../../../../../Users/MelchioT/Documents/workUnrealEngine4/MotorUnreal4B/Content/Contenido/Levels/11-Blueprint10.umap" TEMPLATE=0 SHOWPROGRESS=1 FEATURELEVEL=3
[2023.12.26-07.21.45:393][921]LightingResults: New page: Lighting Build
[2023.12.26-07.21.45:394][921]LoadErrors: New page: Loading map: 11-Blueprint10.umap
[2023.12.26-07.21.45:395][921]MapCheck: New page: Map Check
[2023.12.26-07.21.45:395][921]LightingResults: New page: Lighting Build
[2023.12.26-07.21.45:462][921]LogEditorServer: Finished looking for orphan Actors (0.000 secs)
[2023.12.26-07.21.45:482][921]Cmd: MAP CHECKDEP NOCLEARLOG
[2023.12.26-07.21.45:517][921]MapCheck: Info Map check complete: 0 Error(s), 0 Warning(s), took 35.397ms to complete.
[2023.12.26-07.21.45:517][921]LogFileHelpers: Loading map '11-Blueprint10' took 0.125
[2023.12.26-07.21.47:527][ 36]LogAIModule: Creating AISystem for world 10-Blueprint9
[2023.12.26-07.21.47:541][ 36]Cmd: MAP LOAD FILE="../../../../../Users/MelchioT/Documents/workUnrealEngine4/MotorUnreal4B/Content/Contenido/Levels/10-Blueprint9.umap" TEMPLATE=0 SHOWPROGRESS=1 FEATURELEVEL=3
[2023.12.26-07.21.47:541][ 36]LightingResults: New page: Lighting Build
[2023.12.26-07.21.47:543][ 36]LoadErrors: New page: Loading map: 10-Blueprint9.umap
[2023.12.26-07.21.47:544][ 36]MapCheck: New page: Map Check
[2023.12.26-07.21.47:544][ 36]LightingResults: New page: Lighting Build
[2023.12.26-07.21.47:603][ 36]LogEditorServer: Finished looking for orphan Actors (0.000 secs)
[2023.12.26-07.21.47:621][ 36]Cmd: MAP CHECKDEP NOCLEARLOG
[2023.12.26-07.21.47:658][ 36]MapCheck: Info Map check complete: 0 Error(s), 0 Warning(s), took 37.901ms to complete.
[2023.12.26-07.21.47:658][ 36]LogFileHelpers: Loading map '10-Blueprint9' took 0.118
[2023.12.26-07.21.48:379][ 73]LogAIModule: Creating AISystem for world 09-Blueprint8
[2023.12.26-07.21.48:392][ 73]Cmd: MAP LOAD FILE="../../../../../Users/MelchioT/Documents/workUnrealEngine4/MotorUnreal4B/Content/Contenido/Levels/09-Blueprint8.umap" TEMPLATE=0 SHOWPROGRESS=1 FEATURELEVEL=3
[2023.12.26-07.21.48:392][ 73]LightingResults: New page: Lighting Build
[2023.12.26-07.21.48:394][ 73]LoadErrors: New page: Loading map: 09-Blueprint8.umap
[2023.12.26-07.21.48:394][ 73]MapCheck: New page: Map Check
[2023.12.26-07.21.48:394][ 73]LightingResults: New page: Lighting Build
[2023.12.26-07.21.48:463][ 73]LogEditorServer: Finished looking for orphan Actors (0.000 secs)
[2023.12.26-07.21.48:483][ 73]Cmd: MAP CHECKDEP NOCLEARLOG
[2023.12.26-07.21.48:521][ 73]MapCheck: Info Map check complete: 0 Error(s), 0 Warning(s), took 37.898ms to complete.
[2023.12.26-07.21.48:521][ 73]LogFileHelpers: Loading map '09-Blueprint8' took 0.129
[2023.12.26-07.21.48:944][ 93]LogAIModule: Creating AISystem for world 08-Blueprint7
[2023.12.26-07.21.48:957][ 93]Cmd: MAP LOAD FILE="../../../../../Users/MelchioT/Documents/workUnrealEngine4/MotorUnreal4B/Content/Contenido/Levels/08-Blueprint7.umap" TEMPLATE=0 SHOWPROGRESS=1 FEATURELEVEL=3
[2023.12.26-07.21.48:957][ 93]LightingResults: New page: Lighting Build
[2023.12.26-07.21.48:959][ 93]LoadErrors: New page: Loading map: 08-Blueprint7.umap
[2023.12.26-07.21.48:959][ 93]MapCheck: New page: Map Check
[2023.12.26-07.21.48:959][ 93]LightingResults: New page: Lighting Build
[2023.12.26-07.21.49:034][ 93]LogEditorServer: Finished looking for orphan Actors (0.000 secs)
[2023.12.26-07.21.49:054][ 93]Cmd: MAP CHECKDEP NOCLEARLOG
[2023.12.26-07.21.49:089][ 93]MapCheck: Info Map check complete: 0 Error(s), 0 Warning(s), took 35.45ms to complete.
[2023.12.26-07.21.49:090][ 93]LogFileHelpers: Loading map '08-Blueprint7' took 0.133
[2023.12.26-07.21.49:521][114]LogAIModule: Creating AISystem for world 07-Blueprint6
[2023.12.26-07.21.49:534][114]Cmd: MAP LOAD FILE="../../../../../Users/MelchioT/Documents/workUnrealEngine4/MotorUnreal4B/Content/Contenido/Levels/07-Blueprint6.umap" TEMPLATE=0 SHOWPROGRESS=1 FEATURELEVEL=3
[2023.12.26-07.21.49:534][114]LightingResults: New page: Lighting Build
[2023.12.26-07.21.49:536][114]LoadErrors: New page: Loading map: 07-Blueprint6.umap
[2023.12.26-07.21.49:536][114]MapCheck: New page: Map Check
[2023.12.26-07.21.49:536][114]LightingResults: New page: Lighting Build
[2023.12.26-07.21.49:603][114]LogEditorServer: Finished looking for orphan Actors (0.000 secs)
[2023.12.26-07.21.49:621][114]Cmd: MAP CHECKDEP NOCLEARLOG
[2023.12.26-07.21.49:660][114]MapCheck: Info Map check complete: 0 Error(s), 0 Warning(s), took 39.382ms to complete.
[2023.12.26-07.21.49:660][114]LogFileHelpers: Loading map '07-Blueprint6' took 0.127
[2023.12.26-07.21.50:180][140]LogAIModule: Creating AISystem for world 06-Blueprint5
[2023.12.26-07.21.50:192][140]Cmd: MAP LOAD FILE="../../../../../Users/MelchioT/Documents/workUnrealEngine4/MotorUnreal4B/Content/Contenido/Levels/06-Blueprint5.umap" TEMPLATE=0 SHOWPROGRESS=1 FEATURELEVEL=3
[2023.12.26-07.21.50:192][140]LightingResults: New page: Lighting Build
[2023.12.26-07.21.50:194][140]LoadErrors: New page: Loading map: 06-Blueprint5.umap
[2023.12.26-07.21.50:194][140]MapCheck: New page: Map Check
[2023.12.26-07.21.50:194][140]LightingResults: New page: Lighting Build
[2023.12.26-07.21.50:260][140]LogEditorServer: Finished looking for orphan Actors (0.000 secs)
[2023.12.26-07.21.50:280][140]Cmd: MAP CHECKDEP NOCLEARLOG
[2023.12.26-07.21.50:319][140]MapCheck: Info Map check complete: 0 Error(s), 0 Warning(s), took 38.666ms to complete.
[2023.12.26-07.21.50:319][140]LogFileHelpers: Loading map '06-Blueprint5' took 0.127
[2023.12.26-07.21.50:700][157]LogAIModule: Creating AISystem for world 05-Blueprint4
[2023.12.26-07.21.50:715][157]Cmd: MAP LOAD FILE="../../../../../Users/MelchioT/Documents/workUnrealEngine4/MotorUnreal4B/Content/Contenido/Levels/05-Blueprint4.umap" TEMPLATE=0 SHOWPROGRESS=1 FEATURELEVEL=3
[2023.12.26-07.21.50:715][157]LightingResults: New page: Lighting Build
[2023.12.26-07.21.50:716][157]LoadErrors: New page: Loading map: 05-Blueprint4.umap
[2023.12.26-07.21.50:717][157]MapCheck: New page: Map Check
[2023.12.26-07.21.50:717][157]LightingResults: New page: Lighting Build
[2023.12.26-07.21.50:784][157]LogEditorServer: Finished looking for orphan Actors (0.000 secs)
[2023.12.26-07.21.50:803][157]Cmd: MAP CHECKDEP NOCLEARLOG
[2023.12.26-07.21.50:839][157]MapCheck: Info Map check complete: 0 Error(s), 0 Warning(s), took 35.824ms to complete.
[2023.12.26-07.21.50:839][157]LogFileHelpers: Loading map '05-Blueprint4' took 0.125
[2023.12.26-07.21.51:262][177]LogAIModule: Creating AISystem for world 04-Blueprint3
[2023.12.26-07.21.51:277][177]Cmd: MAP LOAD FILE="../../../../../Users/MelchioT/Documents/workUnrealEngine4/MotorUnreal4B/Content/Contenido/Levels/04-Blueprint3.umap" TEMPLATE=0 SHOWPROGRESS=1 FEATURELEVEL=3
[2023.12.26-07.21.51:278][177]LightingResults: New page: Lighting Build
[2023.12.26-07.21.51:279][177]LoadErrors: New page: Loading map: 04-Blueprint3.umap
[2023.12.26-07.21.51:280][177]MapCheck: New page: Map Check
[2023.12.26-07.21.51:280][177]LightingResults: New page: Lighting Build
[2023.12.26-07.21.51:346][177]LogEditorServer: Finished looking for orphan Actors (0.000 secs)
[2023.12.26-07.21.51:366][177]Cmd: MAP CHECKDEP NOCLEARLOG
[2023.12.26-07.21.51:402][177]MapCheck: Info Map check complete: 0 Error(s), 0 Warning(s), took 34.888ms to complete.
[2023.12.26-07.21.51:402][177]LogFileHelpers: Loading map '04-Blueprint3' took 0.125
[2023.12.26-07.21.51:815][194]LogAIModule: Creating AISystem for world 03-Blueprint2
[2023.12.26-07.21.51:830][194]Cmd: MAP LOAD FILE="../../../../../Users/MelchioT/Documents/workUnrealEngine4/MotorUnreal4B/Content/Contenido/Levels/03-Blueprint2.umap" TEMPLATE=0 SHOWPROGRESS=1 FEATURELEVEL=3
[2023.12.26-07.21.51:830][194]LightingResults: New page: Lighting Build
[2023.12.26-07.21.51:832][194]LoadErrors: New page: Loading map: 03-Blueprint2.umap
[2023.12.26-07.21.51:832][194]MapCheck: New page: Map Check
[2023.12.26-07.21.51:832][194]LightingResults: New page: Lighting Build
[2023.12.26-07.21.51:890][194]LogEditorServer: Finished looking for orphan Actors (0.000 secs)
[2023.12.26-07.21.51:908][194]Cmd: MAP CHECKDEP NOCLEARLOG
[2023.12.26-07.21.51:946][194]MapCheck: Info Map check complete: 0 Error(s), 0 Warning(s), took 37.504ms to complete.
[2023.12.26-07.21.51:946][194]LogFileHelpers: Loading map '03-Blueprint2' took 0.115
[2023.12.26-07.21.52:350][214]LogAIModule: Creating AISystem for world 02-Blueprint1
[2023.12.26-07.21.52:365][214]Cmd: MAP LOAD FILE="../../../../../Users/MelchioT/Documents/workUnrealEngine4/MotorUnreal4B/Content/Contenido/Levels/02-Blueprint1.umap" TEMPLATE=0 SHOWPROGRESS=1 FEATURELEVEL=3
[2023.12.26-07.21.52:365][214]LightingResults: New page: Lighting Build
[2023.12.26-07.21.52:366][214]LoadErrors: New page: Loading map: 02-Blueprint1.umap
[2023.12.26-07.21.52:367][214]MapCheck: New page: Map Check
[2023.12.26-07.21.52:367][214]LightingResults: New page: Lighting Build
[2023.12.26-07.21.52:437][214]LogEditorServer: Finished looking for orphan Actors (0.000 secs)
[2023.12.26-07.21.52:456][214]Cmd: MAP CHECKDEP NOCLEARLOG
[2023.12.26-07.21.52:493][214]MapCheck: Info Map check complete: 0 Error(s), 0 Warning(s), took 36.636ms to complete.
[2023.12.26-07.21.52:493][214]LogFileHelpers: Loading map '02-Blueprint1' took 0.129
[2023.12.26-07.21.52:945][236]LogAIModule: Creating AISystem for world 01-Objetos
[2023.12.26-07.21.52:957][236]Cmd: MAP LOAD FILE="../../../../../Users/MelchioT/Documents/workUnrealEngine4/MotorUnreal4B/Content/Contenido/Levels/01-Objetos.umap" TEMPLATE=0 SHOWPROGRESS=1 FEATURELEVEL=3
[2023.12.26-07.21.52:957][236]LightingResults: New page: Lighting Build
[2023.12.26-07.21.52:959][236]LoadErrors: New page: Loading map: 01-Objetos.umap
[2023.12.26-07.21.52:959][236]MapCheck: New page: Map Check
[2023.12.26-07.21.52:959][236]LightingResults: New page: Lighting Build
[2023.12.26-07.21.53:024][236]LogEditorServer: Finished looking for orphan Actors (0.000 secs)
[2023.12.26-07.21.53:044][236]Cmd: MAP CHECKDEP NOCLEARLOG
[2023.12.26-07.21.53:084][236]MapCheck: Info Map check complete: 0 Error(s), 0 Warning(s), took 39.875ms to complete.
[2023.12.26-07.21.53:084][236]LogFileHelpers: Loading map '01-Objetos' took 0.127
[2023.12.26-07.21.53:462][254]LogAIModule: Creating AISystem for world 00-Limpio
[2023.12.26-07.21.53:475][254]Cmd: MAP LOAD FILE="../../../../../Users/MelchioT/Documents/workUnrealEngine4/MotorUnreal4B/Content/Contenido/Levels/00-Limpio.umap" TEMPLATE=0 SHOWPROGRESS=1 FEATURELEVEL=3
[2023.12.26-07.21.53:475][254]LightingResults: New page: Lighting Build
[2023.12.26-07.21.53:477][254]LoadErrors: New page: Loading map: 00-Limpio.umap
[2023.12.26-07.21.53:478][254]MapCheck: New page: Map Check
[2023.12.26-07.21.53:478][254]LightingResults: New page: Lighting Build
[2023.12.26-07.21.53:543][254]LogEditorServer: Finished looking for orphan Actors (0.000 secs)
[2023.12.26-07.21.53:560][254]Cmd: MAP CHECKDEP NOCLEARLOG
[2023.12.26-07.21.53:595][254]MapCheck: Info Map check complete: 0 Error(s), 0 Warning(s), took 34.909ms to complete.
[2023.12.26-07.21.53:595][254]LogFileHelpers: Loading map '00-Limpio' took 0.121
[2023.12.26-07.21.54:340][293]LogAIModule: Creating AISystem for world 09-Blueprint8
[2023.12.26-07.21.54:353][293]Cmd: MAP LOAD FILE="../../../../../Users/MelchioT/Documents/workUnrealEngine4/MotorUnreal4B/Content/Contenido/Levels/09-Blueprint8.umap" TEMPLATE=0 SHOWPROGRESS=1 FEATURELEVEL=3
[2023.12.26-07.21.54:353][293]LightingResults: New page: Lighting Build
[2023.12.26-07.21.54:354][293]LoadErrors: New page: Loading map: 09-Blueprint8.umap
[2023.12.26-07.21.54:355][293]MapCheck: New page: Map Check
[2023.12.26-07.21.54:355][293]LightingResults: New page: Lighting Build
[2023.12.26-07.21.54:425][293]LogEditorServer: Finished looking for orphan Actors (0.000 secs)
[2023.12.26-07.21.54:445][293]Cmd: MAP CHECKDEP NOCLEARLOG
[2023.12.26-07.21.54:482][293]MapCheck: Info Map check complete: 0 Error(s), 0 Warning(s), took 36.62ms to complete.
[2023.12.26-07.21.54:482][293]LogFileHelpers: Loading map '09-Blueprint8' took 0.130
[2023.12.26-07.22.16:394][462]Cmd: QUIT_EDITOR
[2023.12.26-07.22.17:066][462]LogWindowsTextInputMethodSystem:Display: IME system now deactivated.
[2023.12.26-07.22.17:089][462]LogExit: Preparing to exit.
[2023.12.26-07.22.17:437][462]LogDirectoryWatcher: A directory notification for 'C:/Users/MelchioT/Documents/workUnrealEngine4/MotorUnreal4B/Content/' was aborted.
[2023.12.26-07.22.17:453][462]LogExit: Editor shut down
[2023.12.26-07.22.17:454][462]LogExit: Transaction tracking system shut down
[2023.12.26-07.22.17:510][462]LogObj: Freed 0b from 0 cluster array pools.
[2023.12.26-07.22.17:510][462]LogExit: Object subsystem successfully closed.
[2023.12.26-07.22.17:525][462]LogD3D11RHI: Shutdown
[2023.12.26-07.22.17:525][462]LogD3D11RHI: CleanupD3DDevice
[2023.12.26-07.22.17:677][462]LogD3D11RHI: ~FD3D11DynamicRHI
[2023.12.26-07.22.17:689][462]LogModuleManager: Shutting down and abandoning module MovieSceneCapture (482)
[2023.12.26-07.22.17:689][462]LogModuleManager: Shutting down and abandoning module HierarchicalLODOutliner (480)
[2023.12.26-07.22.17:689][462]LogModuleManager: Shutting down and abandoning module CrashTracker (478)
[2023.12.26-07.22.17:689][462]LogModuleManager: Shutting down and abandoning module SceneOutliner (476)
[2023.12.26-07.22.17:689][462]LogModuleManager: Shutting down and abandoning module AddContentDialog (474)
[2023.12.26-07.22.17:689][462]LogDirectoryWatcher: A directory notification for 'C:/Program Files/Unreal Engine 4 (4.15.0)/FeaturePacks/' was aborted.
[2023.12.26-07.22.17:690][462]LogModuleManager: Shutting down and abandoning module WidgetCarousel (473)
[2023.12.26-07.22.17:690][462]LogModuleManager: Shutting down and abandoning module EditorWidgets (470)
[2023.12.26-07.22.17:690][462]LogModuleManager: Shutting down and abandoning module CollectionManager (468)
[2023.12.26-07.22.17:690][462]LogDirectoryWatcher: A directory notification for 'C:/Users/MelchioT/Documents/workUnrealEngine4/MotorUnreal4B/Content/Collections/' was aborted.
[2023.12.26-07.22.17:690][462]LogDirectoryWatcher: A directory notification for 'C:/Users/MelchioT/Documents/workUnrealEngine4/MotorUnreal4B/Content/Developers/MelchioT/Collections/' was aborted.
[2023.12.26-07.22.17:690][462]LogDirectoryWatcher: A directory notification for 'C:/Users/MelchioT/Documents/workUnrealEngine4/MotorUnreal4B/Saved/Collections/' was aborted.
[2023.12.26-07.22.17:690][462]LogModuleManager: Shutting down and abandoning module StatsViewer (466)
[2023.12.26-07.22.17:690][462]LogModuleManager: Shutting down and abandoning module FoliageEdit (464)
[2023.12.26-07.22.17:690][462]LogModuleManager: Shutting down and abandoning module LandscapeEditor (462)
[2023.12.26-07.22.17:690][462]LogModuleManager: Shutting down and abandoning module SceneDepthPickerMode (460)
[2023.12.26-07.22.17:690][462]LogModuleManager: Shutting down and abandoning module ActorPickerMode (458)
[2023.12.26-07.22.17:690][462]LogModuleManager: Shutting down and abandoning module GeometryMode (456)
[2023.12.26-07.22.17:690][462]LogModuleManager: Shutting down and abandoning module TextureAlignMode (454)
[2023.12.26-07.22.17:690][462]LogModuleManager: Shutting down and abandoning module BspMode (452)
[2023.12.26-07.22.17:690][462]LogModuleManager: Shutting down and abandoning module HardwareSurvey (450)
[2023.12.26-07.22.17:690][462]LogModuleManager: Shutting down and abandoning module SequenceRecorderSections (448)
[2023.12.26-07.22.17:690][462]LogModuleManager: Shutting down and abandoning module AutomationWorker (446)
[2023.12.26-07.22.17:690][462]LogModuleManager: Shutting down and abandoning module MatineeToLevelSequence (444)
[2023.12.26-07.22.17:690][462]LogModuleManager: Shutting down and abandoning module LevelSequenceEditor (442)
[2023.12.26-07.22.17:690][462]LogModuleManager: Shutting down and abandoning module PlacementMode (441)
[2023.12.26-07.22.17:690][462]LogModuleManager: Shutting down and abandoning module WmfMediaFactory (438)
[2023.12.26-07.22.17:690][462]LogModuleManager: Shutting down and abandoning module WmfMediaEditor (436)
[2023.12.26-07.22.17:690][462]LogModuleManager: Shutting down and abandoning module MfMediaFactory (434)
[2023.12.26-07.22.17:690][462]LogModuleManager: Shutting down and abandoning module MfMediaEditor (432)
[2023.12.26-07.22.17:690][462]LogModuleManager: Shutting down and abandoning module AvfMediaFactory (430)
[2023.12.26-07.22.17:690][462]LogModuleManager: Shutting down and abandoning module AvfMediaEditor (428)
[2023.12.26-07.22.17:690][462]LogModuleManager: Shutting down and abandoning module AndroidMediaFactory (426)
[2023.12.26-07.22.17:690][462]LogModuleManager: Shutting down and abandoning module Media (425)
[2023.12.26-07.22.17:690][462]LogModuleManager: Shutting down and abandoning module AndroidMediaEditor (422)
[2023.12.26-07.22.17:690][462]LogModuleManager: Shutting down and abandoning module CharacterAI (420)
[2023.12.26-07.22.17:690][462]LogModuleManager: Shutting down and abandoning module AudioCapture (418)
[2023.12.26-07.22.17:690][462]LogModuleManager: Shutting down and abandoning module SequenceRecorder (417)
[2023.12.26-07.22.17:690][462]LogModuleManager: Shutting down and abandoning module SmartSnapping (414)
[2023.12.26-07.22.17:690][462]LogModuleManager: Shutting down and abandoning module SessionServices (412)
[2023.12.26-07.22.17:690][462]LogModuleManager: Shutting down and abandoning module ViewportSnapping (410)
[2023.12.26-07.22.17:690][462]LogModuleManager: Shutting down and abandoning module ViewportInteraction (408)
[2023.12.26-07.22.17:690][462]LogModuleManager: Shutting down and abandoning module LogVisualizer (406)
[2023.12.26-07.22.17:690][462]LogModuleManager: Shutting down and abandoning module IntroTutorials (404)
[2023.12.26-07.22.17:690][462]LogModuleManager: Shutting down and abandoning module GameProjectGeneration (403)
[2023.12.26-07.22.17:690][462]LogModuleManager: Shutting down and abandoning module EditorLiveStreaming (400)
[2023.12.26-07.22.17:690][462]LogModuleManager: Shutting down and abandoning module IOSPlatformEditor (398)
[2023.12.26-07.22.17:690][462]LogModuleManager: Shutting down and abandoning module HTML5PlatformEditor (396)
[2023.12.26-07.22.17:690][462]LogModuleManager: Shutting down and abandoning module AndroidPlatformEditor (394)
[2023.12.26-07.22.17:690][462]LogModuleManager: Shutting down and abandoning module AndroidDeviceDetection (393)
[2023.12.26-07.22.18:588][462]LogModuleManager: Shutting down and abandoning module IOSRuntimeSettings (390)
[2023.12.26-07.22.18:588][462]LogModuleManager: Shutting down and abandoning module AndroidRuntimeSettings (388)
[2023.12.26-07.22.18:588][462]LogModuleManager: Shutting down and abandoning module InputBindingEditor (386)
[2023.12.26-07.22.18:588][462]LogModuleManager: Shutting down and abandoning module NiagaraEditor (384)
[2023.12.26-07.22.18:588][462]LogModuleManager: Shutting down and abandoning module MergeActors (382)
[2023.12.26-07.22.18:588][462]LogModuleManager: Shutting down and abandoning module SizeMap (380)
[2023.12.26-07.22.18:588][462]LogModuleManager: Shutting down and abandoning module TreeMap (378)
[2023.12.26-07.22.18:588][462]LogModuleManager: Shutting down and abandoning module ReferenceViewer (376)
[2023.12.26-07.22.18:588][462]LogModuleManager: Shutting down and abandoning module LocalizationDashboard (374)
[2023.12.26-07.22.18:588][462]LogModuleManager: Shutting down and abandoning module LocalizationService (373)
[2023.12.26-07.22.18:588][462]LogModuleManager: Shutting down and abandoning module HardwareTargeting (370)
[2023.12.26-07.22.18:588][462]LogModuleManager: Shutting down and abandoning module DeviceProfileEditor (368)
[2023.12.26-07.22.18:588][462]LogModuleManager: Shutting down and abandoning module UndoHistory (366)
[2023.12.26-07.22.18:588][462]LogModuleManager: Shutting down and abandoning module UserFeedback (364)
[2023.12.26-07.22.18:588][462]LogModuleManager: Shutting down and abandoning module XmlParser (362)
[2023.12.26-07.22.18:588][462]LogModuleManager: Shutting down and abandoning module Blutility (360)
[2023.12.26-07.22.18:588][462]LogModuleManager: Shutting down and abandoning module ProjectSettingsViewer (358)
[2023.12.26-07.22.18:588][462]LogModuleManager: Shutting down and abandoning module ProjectTargetPlatformEditor (357)
[2023.12.26-07.22.18:588][462]LogModuleManager: Shutting down and abandoning module EditorSettingsViewer (354)
[2023.12.26-07.22.18:588][462]LogModuleManager: Shutting down and abandoning module SettingsEditor (352)
[2023.12.26-07.22.18:588][462]LogModuleManager: Shutting down and abandoning module ProjectLauncher (350)
[2023.12.26-07.22.18:588][462]LogModuleManager: Shutting down and abandoning module SessionFrontend (348)
[2023.12.26-07.22.18:589][462]LogModuleManager: Shutting down and abandoning module ProfilerClient (346)
[2023.12.26-07.22.18:589][462]LogModuleManager: Shutting down and abandoning module DeviceManager (344)
[2023.12.26-07.22.18:589][462]LogModuleManager: Shutting down and abandoning module TargetDeviceServices (343)
[2023.12.26-07.22.18:632][462]LogModuleManager: Shutting down and abandoning module AutomationController (340)
[2023.12.26-07.22.18:632][462]LogModuleManager: Shutting down and abandoning module AutomationWindow (338)
[2023.12.26-07.22.18:632][462]LogModuleManager: Shutting down and abandoning module Layers (336)
[2023.12.26-07.22.18:632][462]LogModuleManager: Shutting down and abandoning module ComponentVisualizers (334)
[2023.12.26-07.22.18:632][462]LogModuleManager: Shutting down and abandoning module DetailCustomizations (332)
[2023.12.26-07.22.18:632][462]LogModuleManager: Shutting down and abandoning module PackagesDialog (330)
[2023.12.26-07.22.18:632][462]LogModuleManager: Shutting down and abandoning module Persona (328)
[2023.12.26-07.22.18:632][462]LogModuleManager: Shutting down and abandoning module AnimGraph (327)
[2023.12.26-07.22.18:632][462]LogModuleManager: Shutting down and abandoning module Kismet (324)
[2023.12.26-07.22.18:633][462]LogModuleManager: Shutting down and abandoning module GraphEditor (322)
[2023.12.26-07.22.18:633][462]LogModuleManager: Shutting down and abandoning module ClassViewer (320)
[2023.12.26-07.22.18:633][462]LogModuleManager: Shutting down and abandoning module Toolbox (318)
[2023.12.26-07.22.18:633][462]LogModuleManager: Shutting down and abandoning module ModuleUI (316)
[2023.12.26-07.22.18:633][462]LogModuleManager: Shutting down and abandoning module MovieSceneTools (314)
[2023.12.26-07.22.18:633][462]LogModuleManager: Shutting down and abandoning module OutputLog (312)
[2023.12.26-07.22.18:633][462]LogModuleManager: Shutting down and abandoning module GammaUI (310)
[2023.12.26-07.22.18:633][462]LogModuleManager: Shutting down and abandoning module Documentation (308)
[2023.12.26-07.22.18:633][462]LogModuleManager: Shutting down and abandoning module Niagara (306)
[2023.12.26-07.22.18:633][462]LogModuleManager: Shutting down and abandoning module StreamingPauseRendering (304)
[2023.12.26-07.22.18:633][462]LogModuleManager: Shutting down and abandoning module AnalyticsET (302)
[2023.12.26-07.22.18:634][462]LogModuleManager: Shutting down and abandoning module PortalServices (300)
[2023.12.26-07.22.18:634][462]LogModuleManager: Shutting down and abandoning module PortalRpc (298)
[2023.12.26-07.22.18:634][462]LogModuleManager: Shutting down and abandoning module MessagingRpc (296)
[2023.12.26-07.22.18:634][462]LogModuleManager: Shutting down and abandoning module AIModule (294)
[2023.12.26-07.22.18:634][462]LogModuleManager: Shutting down and abandoning module GameplayDebugger (293)
[2023.12.26-07.22.18:634][462]LogModuleManager: Shutting down and abandoning module AITestSuite (291)
[2023.12.26-07.22.18:634][462]LogModuleManager: Shutting down and abandoning module ProfilerService (288)
[2023.12.26-07.22.18:658][462]LogModuleManager: Shutting down and abandoning module TaskGraph (286)
[2023.12.26-07.22.18:658][462]LogModuleManager: Shutting down and abandoning module SteamVRController (284)
[2023.12.26-07.22.18:658][462]LogModuleManager: Shutting down and abandoning module SteamVR (282)
[2023.12.26-07.22.18:658][462]LogModuleManager: Shutting down and abandoning module ProceduralMeshComponentEditor (280)
[2023.12.26-07.22.18:658][462]LogModuleManager: Shutting down and abandoning module ProceduralMeshComponent (278)
[2023.12.26-07.22.18:658][462]LogModuleManager: Shutting down and abandoning module OculusLibrary (276)
[2023.12.26-07.22.18:658][462]LogModuleManager: Shutting down and abandoning module OculusInput (274)
[2023.12.26-07.22.18:658][462]LogModuleManager: Shutting down and abandoning module MobilePatchingUtils (272)
[2023.12.26-07.22.18:658][462]LogModuleManager: Shutting down and abandoning module CustomMeshComponent (270)
[2023.12.26-07.22.18:658][462]LogModuleManager: Shutting down and abandoning module CableComponent (268)
[2023.12.26-07.22.18:658][462]LogModuleManager: Shutting down and abandoning module ArchVisCharacter (266)
[2023.12.26-07.22.18:658][462]LogModuleManager: Shutting down and abandoning module MediaPlayerEditor (262)
[2023.12.26-07.22.18:659][462]LogModuleManager: Shutting down and abandoning module HTML5Networking (260)
[2023.12.26-07.22.18:659][462]LogModuleManager: Shutting down and abandoning module AlembicImporter (258)
[2023.12.26-07.22.18:659][462]LogModuleManager: Shutting down and abandoning module AlembicLibrary (257)
[2023.12.26-07.22.18:659][462]LogModuleManager: Shutting down and abandoning module GeometryCache (256)
[2023.12.26-07.22.18:659][462]LogModuleManager: Shutting down and abandoning module GeometryCacheEd (255)
[2023.12.26-07.22.18:659][462]LogModuleManager: Shutting down and abandoning module SuperSearchEditor (250)
[2023.12.26-07.22.18:659][462]LogModuleManager: Shutting down and abandoning module SuperSearch (249)
[2023.12.26-07.22.18:659][462]LogModuleManager: Shutting down and abandoning module SpeedTreeImporter (246)
[2023.12.26-07.22.18:659][462]LogModuleManager: Shutting down and abandoning module PluginBrowser (244)
[2023.12.26-07.22.18:659][462]LogModuleManager: Shutting down and abandoning module MobileLauncherProfileWizard (242)
[2023.12.26-07.22.18:659][462]LogModuleManager: Shutting down and abandoning module EpicSurvey (240)
[2023.12.26-07.22.18:659][462]LogModuleManager: Shutting down and abandoning module VisualStudioSourceCodeAccess (238)
[2023.12.26-07.22.18:659][462]LogModuleManager: Shutting down and abandoning module DesktopPlatform (237)
[2023.12.26-07.22.18:659][462]LogModuleManager: Shutting down and abandoning module UObjectPlugin (234)
[2023.12.26-07.22.18:659][462]LogModuleManager: Shutting down and abandoning module SubversionSourceControl (232)
[2023.12.26-07.22.18:659][462]LogModuleManager: Shutting down and abandoning module PerforceSourceControl (230)
[2023.12.26-07.22.18:659][462]LogModuleManager: Shutting down and abandoning module GitSourceControl (228)
[2023.12.26-07.22.18:659][462]LogModuleManager: Shutting down and abandoning module SourceControl (227)
[2023.12.26-07.22.18:659][462]LogModuleManager: Shutting down and abandoning module LightPropagationVolumeEditor (224)
[2023.12.26-07.22.18:659][462]LogModuleManager: Shutting down and abandoning module PaperTiledImporter (222)
[2023.12.26-07.22.18:659][462]LogModuleManager: Shutting down and abandoning module PaperSpriteSheetImporter (220)
[2023.12.26-07.22.18:659][462]LogModuleManager: Shutting down and abandoning module Paper2DEditor (218)
[2023.12.26-07.22.18:659][462]LogModuleManager: Shutting down and abandoning module MeshPaint (217)
[2023.12.26-07.22.18:659][462]LogModuleManager: Shutting down and abandoning module LevelEditor (215)
[2023.12.26-07.22.18:659][462]LogModuleManager: Shutting down and abandoning module PixelInspectorModule (214)
[2023.12.26-07.22.18:659][462]LogModuleManager: Shutting down and abandoning module MainFrame (212)
[2023.12.26-07.22.18:660][462]LogModuleManager: Shutting down and abandoning module HotReload (211)
[2023.12.26-07.22.18:660][462]LogModuleManager: Shutting down and abandoning module ContentBrowser (207)
[2023.12.26-07.22.18:661][462]LogModuleManager: Shutting down and abandoning module PhysXVehiclesEditor (204)
[2023.12.26-07.22.18:661][462]LogModuleManager: Shutting down and abandoning module PhysXVehicles (202)
[2023.12.26-07.22.18:661][462]LogModuleManager: Shutting down and abandoning module LocationServicesBPLibrary (200)
[2023.12.26-07.22.18:661][462]LogModuleManager: Shutting down and abandoning module UdpMessaging (198)
[2023.12.26-07.22.18:761][462]LogModuleManager: Shutting down and abandoning module TcpMessaging (196)
[2023.12.26-07.22.18:862][462]LogModuleManager: Shutting down and abandoning module GameplayTagsEditor (194)
[2023.12.26-07.22.18:862][462]LogModuleManager: Shutting down and abandoning module FacialAnimationEditor (192)
[2023.12.26-07.22.18:862][462]LogModuleManager: Shutting down and abandoning module FacialAnimation (190)
[2023.12.26-07.22.18:862][462]LogModuleManager: Shutting down and abandoning module LightPropagationVolumeRuntime (188)
[2023.12.26-07.22.18:862][462]LogModuleManager: Shutting down and abandoning module Paper2D (186)
[2023.12.26-07.22.18:862][462]LogModuleManager: Shutting down and abandoning module WindowsMoviePlayer (184)
[2023.12.26-07.22.18:862][462]LogModuleManager: Shutting down and abandoning module WmfMedia (182)
[2023.12.26-07.22.18:864][462]LogModuleManager: Shutting down and abandoning module MfMedia (180)
[2023.12.26-07.22.18:864][462]LogModuleManager: Shutting down and abandoning module MediaAssets (178)
[2023.12.26-07.22.18:864][462]LogModuleManager: Shutting down and abandoning module GameLiveStreaming (176)
[2023.12.26-07.22.18:864][462]LogModuleManager: Shutting down and abandoning module VREditor (174)
[2023.12.26-07.22.18:864][462]LogModuleManager: Shutting down and abandoning module GameplayTasksEditor (172)
[2023.12.26-07.22.18:864][462]LogModuleManager: Shutting down and abandoning module BehaviorTreeEditor (170)
[2023.12.26-07.22.18:864][462]LogModuleManager: Shutting down and abandoning module FunctionalTesting (168)
[2023.12.26-07.22.18:864][462]LogModuleManager: Shutting down and abandoning module CollisionAnalyzer (166)
[2023.12.26-07.22.18:864][462]LogModuleManager: Shutting down and abandoning module UMG (164)
[2023.12.26-07.22.18:864][462]LogModuleManager: Shutting down and abandoning module UMGEditor (163)
[2023.12.26-07.22.18:864][462]LogModuleManager: Shutting down and abandoning module Sequencer (162)
[2023.12.26-07.22.18:864][462]LogModuleManager: Shutting down and abandoning module AssetTools (160)
[2023.12.26-07.22.18:864][462]LogModuleManager: Shutting down and abandoning module MessageLog (159)
[2023.12.26-07.22.18:864][462]LogModuleManager: Shutting down and abandoning module WorkspaceMenuStructure (158)
[2023.12.26-07.22.18:864][462]LogModuleManager: Shutting down and abandoning module SlateReflector (152)
[2023.12.26-07.22.18:864][462]LogModuleManager: Shutting down and abandoning module Slate (150)
[2023.12.26-07.22.18:864][462]LogModuleManager: Shutting down and abandoning module EditorStyle (148)
[2023.12.26-07.22.18:867][462]LogModuleManager: Shutting down and abandoning module SourceCodeAccess (146)
[2023.12.26-07.22.18:867][462]LogModuleManager: Shutting down and abandoning module HeadMountedDisplay (144)
[2023.12.26-07.22.18:867][462]LogModuleManager: Shutting down and abandoning module XAudio2 (142)
[2023.12.26-07.22.18:867][462]LogModuleManager: Shutting down and abandoning module Networking (140)
[2023.12.26-07.22.18:867][462]LogModuleManager: Shutting down and abandoning module Core (136)
[2023.12.26-07.22.18:867][462]LogModuleManager: Shutting down and abandoning module AssetRegistry (134)
[2023.12.26-07.22.19:037][462]LogDirectoryWatcher: A directory notification for '../../../Engine/Content/' was aborted.
[2023.12.26-07.22.19:037][462]LogDirectoryWatcher: A directory notification for '../../../../../Users/MelchioT/Documents/workUnrealEngine4/MotorUnreal4B/Content/' was aborted.
[2023.12.26-07.22.19:037][462]LogDirectoryWatcher: A directory notification for '../../../Engine/Plugins/2D/Paper2D/Content/' was aborted.
[2023.12.26-07.22.19:038][462]LogModuleManager: Shutting down and abandoning module DirectoryWatcher (133)
[2023.12.26-07.22.19:039][462]LogModuleManager: Shutting down and abandoning module KismetCompiler (130)
[2023.12.26-07.22.19:039][462]LogModuleManager: Shutting down and abandoning module PhysXFormats (128)
[2023.12.26-07.22.19:039][462]LogModuleManager: Shutting down and abandoning module MeshUtilities (126)
[2023.12.26-07.22.19:039][462]LogModuleManager: Shutting down and abandoning module QuadricMeshReduction (125)
[2023.12.26-07.22.19:039][462]LogModuleManager: Shutting down and abandoning module PropertyEditor (123)
[2023.12.26-07.22.19:039][462]LogModuleManager: Shutting down and abandoning module DerivedDataCache (120)
[2023.12.26-07.22.19:081][462]LogDerivedDataCache: Shutdown
[2023.12.26-07.22.19:081][462]LogModuleManager: Shutting down and abandoning module TargetPlatform (118)
[2023.12.26-07.22.19:081][462]LogModuleManager: Shutting down and abandoning module VulkanShaderFormat (117)
[2023.12.26-07.22.19:081][462]LogModuleManager: Shutting down and abandoning module MetalShaderFormat (115)
[2023.12.26-07.22.19:081][462]LogModuleManager: Shutting down and abandoning module ShaderFormatD3D (113)
[2023.12.26-07.22.19:081][462]LogModuleManager: Shutting down and abandoning module ShaderFormatOpenGL (111)
[2023.12.26-07.22.19:081][462]LogModuleManager: Shutting down and abandoning module TextureFormatUncompressed (109)
[2023.12.26-07.22.19:081][462]LogModuleManager: Shutting down and abandoning module TextureFormatASTC (107)
[2023.12.26-07.22.19:081][462]LogModuleManager: Shutting down and abandoning module ImageWrapper (106)
[2023.12.26-07.22.19:081][462]LogModuleManager: Shutting down and abandoning module TextureFormatPVR (103)
[2023.12.26-07.22.19:081][462]LogModuleManager: Shutting down and abandoning module TextureFormatDXT (101)
[2023.12.26-07.22.19:081][462]LogModuleManager: Shutting down and abandoning module TextureFormatIntelISPCTexComp (99)
[2023.12.26-07.22.19:081][462]LogModuleManager: Shutting down and abandoning module AudioFormatOpus (97)
[2023.12.26-07.22.19:081][462]LogModuleManager: Shutting down and abandoning module AudioFormatOgg (95)
[2023.12.26-07.22.19:081][462]LogModuleManager: Shutting down and abandoning module AudioFormatADPCM (93)
[2023.12.26-07.22.19:081][462]LogModuleManager: Shutting down and abandoning module TVOSTargetPlatform (91)
[2023.12.26-07.22.19:082][462]LogModuleManager: Shutting down and abandoning module Messaging (89)
[2023.12.26-07.22.19:082][462]LogModuleManager: Shutting down and abandoning module IOSTargetPlatform (87)
[2023.12.26-07.22.19:082][462]LogModuleManager: Shutting down and abandoning module HTML5TargetPlatform (85)
[2023.12.26-07.22.19:082][462]LogModuleManager: Shutting down and abandoning module Android_MultiTargetPlatform (83)
[2023.12.26-07.22.19:082][462]LogModuleManager: Shutting down and abandoning module Android_ASTCTargetPlatform (81)
[2023.12.26-07.22.19:082][462]LogModuleManager: Shutting down and abandoning module Android_ETC2TargetPlatform (79)
[2023.12.26-07.22.19:082][462]LogModuleManager: Shutting down and abandoning module Android_ETC1TargetPlatform (77)
[2023.12.26-07.22.19:082][462]LogModuleManager: Shutting down and abandoning module Android_DXTTargetPlatform (75)
[2023.12.26-07.22.19:082][462]LogModuleManager: Shutting down and abandoning module Android_ATCTargetPlatform (73)
[2023.12.26-07.22.19:082][462]LogModuleManager: Shutting down and abandoning module Android_PVRTCTargetPlatform (71)
[2023.12.26-07.22.19:082][462]LogModuleManager: Shutting down and abandoning module AndroidTargetPlatform (69)
[2023.12.26-07.22.19:082][462]LogModuleManager: Shutting down and abandoning module AllDesktopTargetPlatform (67)
[2023.12.26-07.22.19:082][462]LogModuleManager: Shutting down and abandoning module WindowsClientTargetPlatform (65)
[2023.12.26-07.22.19:082][462]LogModuleManager: Shutting down and abandoning module WindowsServerTargetPlatform (63)
[2023.12.26-07.22.19:082][462]LogModuleManager: Shutting down and abandoning module WindowsNoEditorTargetPlatform (61)
[2023.12.26-07.22.19:082][462]LogModuleManager: Shutting down and abandoning module WindowsTargetPlatform (59)
[2023.12.26-07.22.19:082][462]LogModuleManager: Shutting down and abandoning module MacClientTargetPlatform (57)
[2023.12.26-07.22.19:082][462]LogModuleManager: Shutting down and abandoning module MacServerTargetPlatform (55)
[2023.12.26-07.22.19:082][462]LogModuleManager: Shutting down and abandoning module MacNoEditorTargetPlatform (53)
[2023.12.26-07.22.19:082][462]LogModuleManager: Shutting down and abandoning module MacTargetPlatform (51)
[2023.12.26-07.22.19:082][462]LogModuleManager: Shutting down and abandoning module InputCore (48)
[2023.12.26-07.22.19:082][462]LogModuleManager: Shutting down and abandoning module Settings (46)
[2023.12.26-07.22.19:082][462]LogModuleManager: Shutting down and abandoning module OculusRift (44)
[2023.12.26-07.22.19:082][462]LogModuleManager: Shutting down and abandoning module ExampleDeviceProfileSelector (42)
[2023.12.26-07.22.19:082][462]LogModuleManager: Shutting down and abandoning module OnlineBlueprintSupport (40)
[2023.12.26-07.22.19:082][462]LogModuleManager: Shutting down and abandoning module OnlineSubsystem (36)
[2023.12.26-07.22.19:082][462]LogOnline:Display: Unloading online subsystem: NULL
[2023.12.26-07.22.19:082][462]LogModuleManager: Shutting down and abandoning module HTTP (35)
[2023.12.26-07.22.19:082][462]LogHttp:Display: Http module shutting down, but needs to wait on 1 outstanding Http requests:
[2023.12.26-07.22.19:082][462]LogHttp:Display: 	verb=[POST] url=[https://datarouter.ol.epicgames.com/datarouter/api/v1/public/data?SessionID=%7BF464952B-4814-968E-4346-E6BA4838D94B%7D&AppID=UEEditor.UnrealEngine.Release&AppVersion=4.15.0-0%2B%2B%2BUE4%2BRelease-4.15&UserID=aa7ec4a94460bf88f1f872b01bef9583%7C8cfcda83180144cdb9bb2bc7d773924e%7C775b68d6-d1f3-44da-96ce-dab51d83f808&AppEnvironment=datacollector-source&UploadType=eteventstream] status=Processing
[2023.12.26-07.22.19:095][462]LogModuleManager: Shutting down and abandoning module SSL (34)
[2023.12.26-07.22.19:096][462]LogModuleManager: Shutting down and abandoning module AudioEditor (30)
[2023.12.26-07.22.19:096][462]LogModuleManager: Shutting down and abandoning module TextureCompressor (28)
[2023.12.26-07.22.19:096][462]LogModuleManager: Shutting down and abandoning module ShaderCore (26)
[2023.12.26-07.22.19:096][462]LogModuleManager: Shutting down and abandoning module Landscape (24)
[2023.12.26-07.22.19:096][462]LogModuleManager: Shutting down and abandoning module SlateRHIRenderer (22)
[2023.12.26-07.22.19:097][462]LogModuleManager: Shutting down and abandoning module OpenGLDrv (20)
[2023.12.26-07.22.19:097][462]LogModuleManager: Shutting down and abandoning module D3D11RHI (18)
[2023.12.26-07.22.19:097][462]LogModuleManager: Shutting down and abandoning module AnimGraphRuntime (16)
[2023.12.26-07.22.19:097][462]LogModuleManager: Shutting down and abandoning module Renderer (14)
[2023.12.26-07.22.19:097][462]LogModuleManager: Shutting down and abandoning module Engine (12)
[2023.12.26-07.22.19:097][462]LogModuleManager: Shutting down and abandoning module CoreUObject (10)
[2023.12.26-07.22.19:097][462]LogModuleManager: Shutting down and abandoning module NetworkFile (8)
[2023.12.26-07.22.19:097][462]LogModuleManager: Shutting down and abandoning module StreamingFile (6)
[2023.12.26-07.22.19:097][462]LogModuleManager: Shutting down and abandoning module SandboxFile (4)
[2023.12.26-07.22.19:097][462]LogModuleManager: Shutting down and abandoning module PakFile (2)
[2023.12.26-07.22.19:100][462]LogExit: Exiting.
[2023.12.26-07.22.19:101][462]Log file closed, 12/26/23 04:22:19
