Log file open, 12/26/23 04:28:31
LogInit:Display: Running engine for game: MotorUnreal4B
LogPlatformFile: Not using cached read wrapper
LogInit:Display: RandInit(-272333344) SRandInit(-272333344).
LogInit: Using version manifest at CL 0 with build ID '5af06b4c-3232-42c8-80e0-46572b4b0bc8'
LogTaskGraph: Started task graph with 5 named threads and 10 total threads with 1 sets of task threads.
LogStats: Stats thread started at 0.142026
LogInit: Using libcurl 7.47.1
LogInit:  - built for x86_64-pc-win32
LogInit:  - supports SSL with OpenSSL/1.0.2g
LogInit:  - supports HTTP deflate (compression) using libz 1.2.8
LogInit:  - other features:
LogInit:      CURL_VERSION_SSL
LogInit:      CURL_VERSION_LIBZ
LogInit:      CURL_VERSION_IPV6
LogInit:      CURL_VERSION_ASYNCHDNS
LogInit:      CURL_VERSION_LARGEFILE
LogInit:      CURL_VERSION_IDN
LogInit:  CurlRequestOptions (configurable via config and command line):
LogInit:  - bVerifyPeer = false  - Libcurl will NOT verify peer certificate
LogInit:  - bUseHttpProxy = false  - Libcurl will NOT use HTTP proxy
LogInit:  - bDontReuseConnections = false  - Libcurl will reuse connections
LogInit:  - CertBundlePath = nullptr  - Libcurl will use whatever was configured at build time.
LogInit: Build: ++UE4+Release-4.15-CL-0
LogInit: Engine Version: 4.15.0-0+++UE4+Release-4.15
LogInit: Compatible Engine Version: 4.15.0-0+++UE4+Release-4.15
LogInit: Net CL: 0
LogDevObjectVersion: Number of dev versions registered: 14
LogDevObjectVersion:   Dev-Blueprints (B0D832E4-1F89-4F0D-ACCF-7EB736FD4AA2): 8
LogDevObjectVersion:   Dev-Build (E1C64328-A22C-4D53-A36C-8E866417BD8C): 0
LogDevObjectVersion:   Dev-Core (375EC13C-06E4-48FB-B500-84F0262A717E): 2
LogDevObjectVersion:   Dev-Editor (E4B068ED-F494-42E9-A231-DA0B2E46BB41): 14
LogDevObjectVersion:   Dev-Framework (CFFC743F-43B0-4480-9391-14DF171D2073): 22
LogDevObjectVersion:   Dev-Mobile (B02B49B5-BB20-44E9-A304-32B752E40360): 0
LogDevObjectVersion:   Dev-Networking (A4E4105C-59A1-49B5-A7C5-40C4547EDFEE): 0
LogDevObjectVersion:   Dev-Online (39C831C9-5AE6-47DC-9A44-9C173E1C8E7C): 0
LogDevObjectVersion:   Dev-Physics (78F01B33-EBEA-4F98-B9B4-84EACCB95AA2): 0
LogDevObjectVersion:   Dev-Platform (6631380F-2D4D-43E0-8009-CF276956A95A): 0
LogDevObjectVersion:   Dev-Rendering (12F88B9F-8875-4AFC-A67C-D90C383ABD29): 12
LogDevObjectVersion:   Dev-Sequencer (7B5AE74C-D270-4C10-A958-57980B212A5A): 3
LogDevObjectVersion:   Dev-VR (D7296918-1DD6-4BDD-9DE2-64A83CC13884): 0
LogDevObjectVersion:   Dev-LoadTimes (C2A15278-BFE7-4AFE-6C17-90FF531DF755): 1
LogInit: Compiled (64-bit): Apr  2 2023 09:25:01
LogInit: Compiled with Visual C++: 19.00.24210.00
LogInit: Build Configuration: Development
LogInit: Branch Name: ++UE4+Release-4.15
LogInit: Command line: 
LogInit: Base directory: C:/Program Files/Unreal Engine 4 (4.15.0)/Engine/Binaries/Win64/
LogInit: Installed Engine Build: 0
LogInit: Presizing for max 8388607 objects, including 0 objects not considered by GC, pre-allocating 0 bytes for permanent pool.
LogInit: Object subsystem initialized
[2023.12.26-07.28.31:582][  0]LogInit: Selected Device Profile: [Windows]
[2023.12.26-07.28.31:583][  0]LogInit: Applying CVar settings loaded from the selected device profile: [Windows]
[2023.12.26-07.28.31:589][  0]LogInit: Computer: DESKTOP-GOSDJOG
[2023.12.26-07.28.31:589][  0]LogInit: User: MelchioT
[2023.12.26-07.28.31:589][  0]LogInit: CPU Page size=65536, Cores=6
[2023.12.26-07.28.31:589][  0]LogInit: High frequency timer resolution =10.000000 MHz
[2023.12.26-07.28.31:590][  0]LogMemory: Memory total: Physical=31.2GB (32GB approx)
[2023.12.26-07.28.31:590][  0]LogMemory: Platform Memory Stats for Windows
[2023.12.26-07.28.31:590][  0]LogMemory: Process Physical Memory: 264.89 MB used, 264.89 MB peak
[2023.12.26-07.28.31:590][  0]LogMemory: Process Virtual Memory: 268.46 MB used, 268.46 MB peak
[2023.12.26-07.28.31:590][  0]LogMemory: Physical Memory: 9067.66 MB used,  22908.01 MB free, 31975.68 MB total
[2023.12.26-07.28.31:590][  0]LogMemory: Virtual Memory: 4760.25 MB used,  22908.01 MB free, 134217728.00 MB total
[2023.12.26-07.28.31:682][  0]LogInit: Overriding culture en with editor configuration.
[2023.12.26-07.28.32:361][  0]LogD3D11RHI: D3D11 adapters:
[2023.12.26-07.28.32:398][  0]LogD3D11RHI:    0. 'AMD Radeon(TM) Graphics' (Feature Level 11_0)
[2023.12.26-07.28.32:398][  0]LogD3D11RHI:       495/0/15987 MB DedicatedVideo/DedicatedSystem/SharedSystem, Outputs:1, VendorId:0x1002
[2023.12.26-07.28.32:400][  0]LogD3D11RHI:    1. 'Microsoft Basic Render Driver' (Feature Level 11_0)
[2023.12.26-07.28.32:400][  0]LogD3D11RHI:       0/0/15987 MB DedicatedVideo/DedicatedSystem/SharedSystem, Outputs:0, VendorId:0x1414
[2023.12.26-07.28.32:400][  0]LogD3D11RHI: Chosen D3D11 Adapter: 0
[2023.12.26-07.28.32:409][  0]LogD3D11RHI: Creating new Direct3DDevice
[2023.12.26-07.28.32:409][  0]LogD3D11RHI:     GPU DeviceId: 0x1636 (for the marketing name, search the web for "GPU Device Id")
[2023.12.26-07.28.32:411][  0]LogWindows: EnumDisplayDevices:
[2023.12.26-07.28.32:411][  0]LogWindows:    0. 'AMD Radeon(TM) Graphics' (P:1 D:1)
[2023.12.26-07.28.32:411][  0]LogWindows:    1. 'AMD Radeon(TM) Graphics' (P:0 D:0)
[2023.12.26-07.28.32:411][  0]LogWindows:    2. 'AMD Radeon(TM) Graphics' (P:0 D:0)
[2023.12.26-07.28.32:411][  0]LogWindows:    3. 'AMD Radeon(TM) Graphics' (P:0 D:0)
[2023.12.26-07.28.32:411][  0]LogWindows:    4. 'AMD Radeon(TM) Graphics' (P:0 D:0)
[2023.12.26-07.28.32:411][  0]LogWindows: DebugString: GetVideoDriverDetailsInvalid PrimaryIsNotTheChoosenAdapter GetVideoDriverDetailsInvalid PrimaryIsNotTheChoosenAdapter GetVideoDriverDetailsInvalid PrimaryIsNotTheChoosenAdapter GetVideoDriverDetailsInvalid PrimaryIsNotTheChoosenAdapter GetVideoDriverDetailsInvalid PrimaryIsNotTheChoosenAdapter FoundDriverCount:0 
[2023.12.26-07.28.32:411][  0]LogD3D11RHI:     Adapter Name: AMD Radeon(TM) Graphics
[2023.12.26-07.28.32:411][  0]LogD3D11RHI:   Driver Version: Unknown (internal:Unknown, unified:Unknown)
[2023.12.26-07.28.32:411][  0]LogD3D11RHI:      Driver Date: Unknown
[2023.12.26-07.28.32:411][  0]LogRHI: Texture pool is 347 MB (70% of 495 MB)
[2023.12.26-07.28.32:458][  0]LogD3D11RHI: Async texture creation enabled
[2023.12.26-07.28.32:474][  0]LogD3D11RHI: GPU Timing Frequency: 100.000000 (Debug: 2 1)
[2023.12.26-07.28.32:477][  0]LogShaderCompilers: Guid format shader working directory is -23 characters bigger than the processId version (../../../../../Users/MelchioT/Documents/workUnrealEngine4/MotorUnreal4B/Intermediate/Shaders/WorkingDirectory/11224/).
[2023.12.26-07.28.32:478][  0]LogShaderCompilers: Cleaned the shader compiler working directory 'C:/Users/MelchioT/AppData/Local/Temp/UnrealShaderWorkingDir/A1E8E09049F9D743522104A8D6266474/'.
[2023.12.26-07.28.32:478][  0]LogShaderCompilers:Display: Using Local Shader Compiler.
[2023.12.26-07.28.33:402][  0]LogTemp:Display: Loaded TP MacTargetPlatform
[2023.12.26-07.28.33:459][  0]LogTemp:Display: Loaded TP MacNoEditorTargetPlatform
[2023.12.26-07.28.33:515][  0]LogTemp:Display: Loaded TP MacServerTargetPlatform
[2023.12.26-07.28.33:573][  0]LogTemp:Display: Loaded TP MacClientTargetPlatform
[2023.12.26-07.28.33:621][  0]LogTemp:Display: Loaded TP WindowsTargetPlatform
[2023.12.26-07.28.33:681][  0]LogTemp:Display: Loaded TP WindowsNoEditorTargetPlatform
[2023.12.26-07.28.33:743][  0]LogTemp:Display: Loaded TP WindowsServerTargetPlatform
[2023.12.26-07.28.33:800][  0]LogTemp:Display: Loaded TP WindowsClientTargetPlatform
[2023.12.26-07.28.33:860][  0]LogTemp:Display: Loaded TP AllDesktopTargetPlatform
[2023.12.26-07.28.33:916][  0]LogTemp:Display: Loaded TP AndroidTargetPlatform
[2023.12.26-07.28.33:979][  0]LogTemp:Display: Loaded TP Android_PVRTCTargetPlatform
[2023.12.26-07.28.34:032][  0]LogTemp:Display: Loaded TP Android_ATCTargetPlatform
[2023.12.26-07.28.34:087][  0]LogTemp:Display: Loaded TP Android_DXTTargetPlatform
[2023.12.26-07.28.34:139][  0]LogTemp:Display: Loaded TP Android_ETC1TargetPlatform
[2023.12.26-07.28.34:191][  0]LogTemp:Display: Loaded TP Android_ETC2TargetPlatform
[2023.12.26-07.28.34:246][  0]LogTemp:Display: Loaded TP Android_ASTCTargetPlatform
[2023.12.26-07.28.34:297][  0]LogTemp:Display: Loaded TP Android_MultiTargetPlatform
[2023.12.26-07.28.34:342][  0]LogTemp:Display: Loaded TP HTML5TargetPlatform
[2023.12.26-07.28.34:445][  0]LogTemp:Display: Loaded TP IOSTargetPlatform
[2023.12.26-07.28.34:481][  0]LogTemp:Display: Loaded TP TVOSTargetPlatform
[2023.12.26-07.28.34:481][  0]LogTargetPlatformManager:Display: Building Assets For Windows
[2023.12.26-07.28.35:016][  0]LogDerivedDataCache:Display: Max Cache Size: 512 MB
[2023.12.26-07.28.35:066][  0]LogDerivedDataCache: Loaded boot cache 0.05s 50MB ../../../../../Users/MelchioT/Documents/workUnrealEngine4/MotorUnreal4B/DerivedDataCache/Boot.ddc.
[2023.12.26-07.28.35:066][  0]LogDerivedDataCache:Display: Loaded Boot cache: ../../../../../Users/MelchioT/Documents/workUnrealEngine4/MotorUnreal4B/DerivedDataCache/Boot.ddc
[2023.12.26-07.28.35:067][  0]LogDerivedDataCache: FDerivedDataBackendGraph:  Pak pak cache file ../../../../../Users/MelchioT/Documents/workUnrealEngine4/MotorUnreal4B/DerivedDataCache/DDC.ddp not found, will not use a pak cache.
[2023.12.26-07.28.35:067][  0]LogDerivedDataCache: Unable to find inner node Pak for hierarchical cache Hierarchy.
[2023.12.26-07.28.35:067][  0]LogDerivedDataCache: FDerivedDataBackendGraph:  EnginePak pak cache file ../../../Engine/DerivedDataCache/DDC.ddp not found, will not use a pak cache.
[2023.12.26-07.28.35:067][  0]LogDerivedDataCache: Unable to find inner node EnginePak for hierarchical cache Hierarchy.
[2023.12.26-07.28.35:079][  0]LogDerivedDataCache: Using Local data cache path ../../../Engine/DerivedDataCache: Writable
[2023.12.26-07.28.35:079][  0]LogDerivedDataCache: Shared data cache path not found in *engine.ini, will not use an Shared cache.
[2023.12.26-07.28.35:079][  0]LogDerivedDataCache: Unable to find inner node Shared for hierarchical cache Hierarchy.
[2023.12.26-07.28.35:087][  0]LogSlate: Using Freetype 2.6.0
[2023.12.26-07.28.35:088][  0]LogSlate: SlateFontCache - WITH_FREETYPE: 1, WITH_HARFBUZZ: 1
[2023.12.26-07.28.35:088][  0]LogSlate: SlateFontCache - WITH_FREETYPE: 1, WITH_HARFBUZZ: 1
[2023.12.26-07.28.35:333][  0]LogInit: Selected Device Profile: [Windows]
[2023.12.26-07.28.35:335][  0]LogContentStreaming: Texture pool size is 0.00 MB
[2023.12.26-07.28.35:539][  0]LogMeshUtilities: Using QuadricMeshReduction for automatic static mesh reduction
[2023.12.26-07.28.35:550][  0]LogMeshUtilities: No automatic skeletal mesh reduction module available
[2023.12.26-07.28.35:550][  0]LogMeshUtilities: No automatic mesh merging module available
[2023.12.26-07.28.35:550][  0]LogMeshUtilities: No distributed automatic mesh merging module available
[2023.12.26-07.28.36:224][  0]LogNetVersion: GetLocalNetworkVersion: CL: 0, ProjectName: motorunreal4b, ProjectVersion: , EngineNetworkVersion: 2, GameNetworkVersion: 0, NetworkChecksum: 3893362438
[2023.12.26-07.28.36:275][  0]LogAssetRegistry: FAssetRegistry took 0.0225 seconds to start up
[2023.12.26-07.28.36:322][  0]LogPackageLocalizationCache: Processed 3 localized package path(s) for 1 prioritized culture(s) in 0.018229 seconds
[2023.12.26-07.28.36:331][  0]LogUObjectArray: 32434 objects as part of root set at end of initial load.
[2023.12.26-07.28.36:331][  0]LogUObjectAllocator: 7066640 out of 0 bytes used by permanent object pool.
[2023.12.26-07.28.36:331][  0]LogUObjectArray: CloseDisregardForGC: 0/0 objects in disregard for GC pool
[2023.12.26-07.28.36:416][  0]LogInit: WinSock: version 1.1 (2.2), MaxSocks=32767, MaxUdp=65467
[2023.12.26-07.28.38:116][  0]LogTcpMessaging: Initializing TcpMessaging bridge
[2023.12.26-07.28.38:166][  0]LogUdpMessaging: Initializing bridge on interface 0.0.0.0:0 to multicast group 230.0.0.1:6666.
[2023.12.26-07.28.38:673][  0]LogMaterial: Uniform references updated for custom material expression Custom.
[2023.12.26-07.28.39:096][  0]SourceControl: Info Source control is disabled
[2023.12.26-07.28.39:151][  0]SourceControl: Info Source control is disabled
[2023.12.26-07.28.39:208][  0]SourceControl: Info Source control is disabled
[2023.12.26-07.28.39:261][  0]SourceControl: Info Source control is disabled
[2023.12.26-07.28.40:751][  0]LogEngine: Initializing Engine...
[2023.12.26-07.28.40:752][  0]LogHMD: Failed to initialize OpenVR with code 110
[2023.12.26-07.28.40:982][  0]LogAIModule: Creating AISystem for world Untitled
[2023.12.26-07.28.41:000][  0]LogInit: XAudio2 using 'Altavoces (Realtek(R) Audio)' : 2 channels at 48 kHz using 16 bits per sample (channel mask 0x3)
[2023.12.26-07.28.41:025][  0]LogInit: FAudioDevice initialized.
[2023.12.26-07.28.41:056][  0]LogDerivedDataCache: Saved boot cache 0.03s 50MB ../../../../../Users/MelchioT/Documents/workUnrealEngine4/MotorUnreal4B/DerivedDataCache/Boot.ddc.
[2023.12.26-07.28.41:064][  0]LogInit: Texture streaming: Enabled
[2023.12.26-07.28.41:185][  0]LogEngineSessionManager: EngineSessionManager initialized
[2023.12.26-07.28.41:293][  0]LogInit: Transaction tracking system initialized
[2023.12.26-07.28.41:695][  0]BlueprintLog: New page: Editor Load
[2023.12.26-07.28.42:709][  0]LocalizationService: Info Localization service is disabled
[2023.12.26-07.28.43:509][  0]LogConsoleResponse:Display: 
[2023.12.26-07.28.43:647][  0]LogCook:Display: Max memory allowance for cook 16384mb min free memory 0mb
[2023.12.26-07.28.43:647][  0]LogCook:Display: Mobile HDR setting 1
[2023.12.26-07.28.44:549][  0]LogFileCache: Scanning file cache for directory 'C:/Users/MelchioT/Documents/workUnrealEngine4/MotorUnreal4B/Content/' took 0.01s
[2023.12.26-07.28.44:883][  0]SourceControl: Info Source control is disabled
[2023.12.26-07.28.44:884][  0]Cmd: MAP LOAD FILE="../../../Engine/Content/Maps/Templates/Template_Default.umap" TEMPLATE=1 SHOWPROGRESS=1 FEATURELEVEL=3
[2023.12.26-07.28.44:884][  0]LightingResults: New page: Lighting Build
[2023.12.26-07.28.44:929][  0]MapCheck: New page: Map Check
[2023.12.26-07.28.44:929][  0]LightingResults: New page: Lighting Build
[2023.12.26-07.28.45:120][  0]LogAIModule: Creating AISystem for world Untitled_1
[2023.12.26-07.28.45:122][  0]LogActorComponent: RegisterComponentWithWorld: (/Temp/Untitled_1.Untitled_1:PersistentLevel.WorldSettings_1.StaticMeshComponent0) Trying to register component with IsPendingKill() == true. Aborting.
[2023.12.26-07.28.45:126][  0]LogEditorServer: Finished looking for orphan Actors (0.000 secs)
[2023.12.26-07.28.45:133][  0]Cmd: MAP CHECKDEP NOCLEARLOG
[2023.12.26-07.28.45:168][  0]MapCheck: Info Map check complete: 0 Error(s), 0 Warning(s), took 34.775ms to complete.
[2023.12.26-07.28.45:168][  0]LogFileHelpers: Loading map 'Template_Default' took 0.285
[2023.12.26-07.28.45:351][  0]LogCollectionManager: Loaded 0 collections in 0.001745 seconds
[2023.12.26-07.28.45:442][  0]LogFileCache: Scanning file cache for directory 'C:/Users/MelchioT/Documents/workUnrealEngine4/MotorUnreal4B/Saved/Collections/' took 0.01s
[2023.12.26-07.28.45:442][  0]LogFileCache: Scanning file cache for directory 'C:/Users/MelchioT/Documents/workUnrealEngine4/MotorUnreal4B/Content/Developers/MelchioT/Collections/' took 0.01s
[2023.12.26-07.28.45:442][  0]LogFileCache: Scanning file cache for directory 'C:/Users/MelchioT/Documents/workUnrealEngine4/MotorUnreal4B/Content/Collections/' took 0.01s
[2023.12.26-07.28.45:442][  0]LogCollectionManager: Rebuilt the GUID cache for 0 collections in 0.000002 seconds
[2023.12.26-07.28.45:452][  0]LogContentBrowser: Native class hierarchy populated in 0.0090 seconds. Added 2243 classes and 448 folders.
[2023.12.26-07.28.45:456][  0]LogStats: UGameplayTagsManager::ConstructGameplayTagTree: Construct from data asset -  0.000 s
[2023.12.26-07.28.45:456][  0]LogStats: UGameplayTagsManager::ConstructGameplayTagTree: GameplayTagTreeChangedEvent.Broadcast -  0.000 s
[2023.12.26-07.28.45:529][  0]LogContentBrowser: Native class hierarchy updated for 'WidgetCarousel' in 0.0005 seconds. Added 0 classes and 0 folders.
[2023.12.26-07.28.45:560][  0]LogContentBrowser: Native class hierarchy updated for 'AddContentDialog' in 0.0005 seconds. Added 0 classes and 0 folders.
[2023.12.26-07.28.45:608][  0]LogContentBrowser: Native class hierarchy updated for 'SceneOutliner' in 0.0006 seconds. Added 1 classes and 2 folders.
[2023.12.26-07.28.45:714][  0]LogCrashTracker: Crashtracker disabled due to settings.
[2023.12.26-07.28.45:725][  0]LogUObjectGlobals:Warning: Failed to find object 'Class None.'
[2023.12.26-07.28.45:805][  0]LogContentBrowser: Native class hierarchy updated for 'HierarchicalLODOutliner' in 0.0010 seconds. Added 1 classes and 2 folders.
[2023.12.26-07.28.45:805][  0]LogLoad: (Engine Initialization) Total time: 15.91 seconds
[2023.12.26-07.28.45:805][  0]LogLoad: (Engine Initialization) Total Blueprint compile time: 0.09 seconds
[2023.12.26-07.28.45:805][  0]LogExternalProfiler: No external profilers were discovered.  External profiling features will not be available.
[2023.12.26-07.28.46:146][  0]LogOcInput: OculusInput pre-init called
[2023.12.26-07.28.46:165][  0]LogContentStreaming: Texture pool size now 1000 MB
[2023.12.26-07.28.46:166][  0]LogSlate: Took 0.000279 seconds to synchronously load lazily loaded font '../../../Engine/Content/Slate/Fonts/Roboto-Regular.ttf' (155K)
[2023.12.26-07.28.46:170][  0]LogSlate: Took 0.000600 seconds to synchronously load lazily loaded font '../../../Engine/Content/Slate/Fonts/Roboto-Bold.ttf' (160K)
[2023.12.26-07.28.46:173][  0]LogSlate: Took 0.000375 seconds to synchronously load lazily loaded font '../../../Engine/Content/Editor/Slate/Fonts/FontAwesome.ttf' (139K)
[2023.12.26-07.28.46:267][  0]LogRenderer: Reallocating scene render targets to support 1528x576 NumSamples 1 (Frame:2).
[2023.12.26-07.28.46:325][  0]LogSlate: Took 0.000600 seconds to synchronously load lazily loaded font '../../../Engine/Content/Slate/Fonts/Roboto-Light.ttf' (159K)
[2023.12.26-07.28.46:481][  1]LogAssetRegistry: Asset discovery search completed in 10.2292 seconds
[2023.12.26-07.28.46:481][  1]LogCollectionManager: Rebuilt the object cache for 0 collections in 0.000001 seconds (found 0 objects)
[2023.12.26-07.28.46:481][  1]LogCollectionManager: Fixed up redirectors for 0 collections in 0.000017 seconds (updated 0 objects)
[2023.12.26-07.29.08:333][525]LogSlate: Took 0.000183 seconds to synchronously load lazily loaded font '../../../Engine/Content/Slate/Fonts/Roboto-Light.ttf' (159K)
[2023.12.26-07.29.08:833][525]LogContentBrowser: Native class hierarchy updated for 'BlueprintGraph' in 0.0010 seconds. Added 112 classes and 0 folders.
[2023.12.26-07.29.09:404][525]LogSlate: Took 0.000212 seconds to synchronously load lazily loaded font '../../../Engine/Content/Slate/Fonts/Roboto-Regular.ttf' (155K)
[2023.12.26-07.29.09:486][525]LogSlate: Took 0.000321 seconds to synchronously load lazily loaded font '../../../Engine/Content/Editor/Slate/Fonts/Roboto-BoldCondensed.ttf' (158K)
[2023.12.26-07.29.09:585][526]LogSlate: Took 0.000497 seconds to synchronously load lazily loaded font '../../../Engine/Content/Editor/Slate/Fonts/Roboto-Italic.ttf' (157K)
[2023.12.26-07.29.15:110][832]LogAIModule: Creating AISystem for world Nivel
[2023.12.26-07.29.15:143][832]Cmd: MAP LOAD FILE="../../../../../Users/MelchioT/Documents/workUnrealEngine4/MotorUnreal4B/Content/Ejercicios/Ejercicio1/Nivel.umap" TEMPLATE=0 SHOWPROGRESS=1 FEATURELEVEL=3
[2023.12.26-07.29.15:143][832]LightingResults: New page: Lighting Build
[2023.12.26-07.29.15:145][832]LoadErrors: New page: Loading map: Nivel.umap
[2023.12.26-07.29.15:145][832]MapCheck: New page: Map Check
[2023.12.26-07.29.15:145][832]LightingResults: New page: Lighting Build
[2023.12.26-07.29.15:215][832]LogEditorServer: Finished looking for orphan Actors (0.000 secs)
[2023.12.26-07.29.15:235][832]Cmd: MAP CHECKDEP NOCLEARLOG
[2023.12.26-07.29.15:271][832]MapCheck: Info Map check complete: 0 Error(s), 0 Warning(s), took 35.836ms to complete.
[2023.12.26-07.29.15:271][832]LogFileHelpers: Loading map 'Nivel' took 0.128
[2023.12.26-07.29.20:872][128]LogAIModule: Creating AISystem for world 11-Blueprint10
[2023.12.26-07.29.20:892][128]Cmd: MAP LOAD FILE="../../../../../Users/MelchioT/Documents/workUnrealEngine4/MotorUnreal4B/Content/Contenido/Levels/11-Blueprint10.umap" TEMPLATE=0 SHOWPROGRESS=1 FEATURELEVEL=3
[2023.12.26-07.29.20:892][128]LightingResults: New page: Lighting Build
[2023.12.26-07.29.20:893][128]LoadErrors: New page: Loading map: 11-Blueprint10.umap
[2023.12.26-07.29.20:894][128]MapCheck: New page: Map Check
[2023.12.26-07.29.20:894][128]LightingResults: New page: Lighting Build
[2023.12.26-07.29.20:973][128]LogEditorServer: Finished looking for orphan Actors (0.000 secs)
[2023.12.26-07.29.20:993][128]Cmd: MAP CHECKDEP NOCLEARLOG
[2023.12.26-07.29.21:035][128]MapCheck: Info Map check complete: 0 Error(s), 0 Warning(s), took 42.816ms to complete.
[2023.12.26-07.29.21:035][128]LogFileHelpers: Loading map '11-Blueprint10' took 0.144
[2023.12.26-07.29.22:444][206]LogTemp: Repeting last play command: Selected Viewport
[2023.12.26-07.29.22:455][206]LogPlayLevel: PlayLevel: No blueprints needed recompiling
[2023.12.26-07.29.22:455][206]PIE: New page: PIE session: 11-Blueprint10 (Dec 26, 2023, 1:29:22 AM)
[2023.12.26-07.29.22:455][206]LogPlayLevel: Creating play world package: /Game/Contenido/Levels/UEDPIE_0_11-Blueprint10
[2023.12.26-07.29.22:460][206]LogPlayLevel: PIE: StaticDuplicateObject took: (0.004648s)
[2023.12.26-07.29.22:461][206]LogAIModule: Creating AISystem for world 11-Blueprint10
[2023.12.26-07.29.22:461][206]LogPlayLevel: PIE: World Init took: (0.001209s)
[2023.12.26-07.29.22:462][206]LogPlayLevel: PIE: Created PIE world by copying editor world from /Game/Contenido/Levels/11-Blueprint10.11-Blueprint10 to /Game/Contenido/Levels/UEDPIE_0_11-Blueprint10.11-Blueprint10 (0.006322s)
[2023.12.26-07.29.22:488][206]LogInit: XAudio2 using 'Altavoces (Realtek(R) Audio)' : 2 channels at 48 kHz using 16 bits per sample (channel mask 0x3)
[2023.12.26-07.29.22:508][206]LogInit: FAudioDevice initialized.
[2023.12.26-07.29.22:558][206]LogLoad: Game class is 'GameModeBase'
[2023.12.26-07.29.22:561][206]LogWorld: Bringing World /Game/Contenido/Levels/UEDPIE_0_11-Blueprint10.11-Blueprint10 up for play (max tick rate 60) at 2023.12.26-04.29.22
[2023.12.26-07.29.22:561][206]LogWorld: Bringing up level for play took: 0.001003
[2023.12.26-07.29.22:608][206]LogContentBrowser: Native class hierarchy updated for 'MovieSceneCapture' in 0.0009 seconds. Added 11 classes and 0 folders.
[2023.12.26-07.29.22:609][206]PIE: Info Play in editor start time for /Game/Contenido/Levels/UEDPIE_0_11-Blueprint10 0.335
[2023.12.26-07.29.32:572][749]LogAIModule: Creating AISystem for world 01-Objetos
[2023.12.26-07.29.34:153][749]Cmd: MAP LOAD FILE="../../../../../Users/MelchioT/Documents/workUnrealEngine4/MotorUnreal4B/Content/Contenido/Levels/01-Objetos.umap" TEMPLATE=0 SHOWPROGRESS=1 FEATURELEVEL=3
[2023.12.26-07.29.34:177][749]LightingResults: New page: Lighting Build
[2023.12.26-07.29.34:179][749]LoadErrors: New page: Loading map: 01-Objetos.umap
[2023.12.26-07.29.34:180][749]MapCheck: New page: Map Check
[2023.12.26-07.29.34:180][749]LightingResults: New page: Lighting Build
[2023.12.26-07.29.34:271][749]LogEditorServer: Finished looking for orphan Actors (0.000 secs)
[2023.12.26-07.29.34:301][749]Cmd: MAP CHECKDEP NOCLEARLOG
[2023.12.26-07.29.34:346][749]MapCheck: Info Map check complete: 0 Error(s), 0 Warning(s), took 43.874ms to complete.
[2023.12.26-07.29.34:346][749]LogFileHelpers: Loading map '01-Objetos' took 1.756
[2023.12.26-07.30.17:609][ 37]LogAIModule: Creating AISystem for world 04-Blueprint3
[2023.12.26-07.30.17:633][ 37]Cmd: MAP LOAD FILE="../../../../../Users/MelchioT/Documents/workUnrealEngine4/MotorUnreal4B/Content/Contenido/Levels/04-Blueprint3.umap" TEMPLATE=0 SHOWPROGRESS=1 FEATURELEVEL=3
[2023.12.26-07.30.17:633][ 37]LightingResults: New page: Lighting Build
[2023.12.26-07.30.17:634][ 37]LoadErrors: New page: Loading map: 04-Blueprint3.umap
[2023.12.26-07.30.17:635][ 37]MapCheck: New page: Map Check
[2023.12.26-07.30.17:635][ 37]LightingResults: New page: Lighting Build
[2023.12.26-07.30.17:721][ 37]LogEditorServer: Finished looking for orphan Actors (0.000 secs)
[2023.12.26-07.30.17:741][ 37]Cmd: MAP CHECKDEP NOCLEARLOG
[2023.12.26-07.30.17:779][ 37]MapCheck: Info Map check complete: 0 Error(s), 0 Warning(s), took 38.251ms to complete.
[2023.12.26-07.30.17:779][ 37]LogFileHelpers: Loading map '04-Blueprint3' took 0.147
[2023.12.26-07.30.30:053][766]Cmd: MAP LOAD FILE="../../../../../Users/MelchioT/Documents/workUnrealEngine4/MotorUnreal4B/Content/Contenido/Levels/04-Blueprint3.umap" TEMPLATE=0 SHOWPROGRESS=1 FEATURELEVEL=3
[2023.12.26-07.30.30:053][766]LightingResults: New page: Lighting Build
[2023.12.26-07.30.30:055][766]LoadErrors: New page: Loading map: 04-Blueprint3.umap
[2023.12.26-07.30.30:055][766]MapCheck: New page: Map Check
[2023.12.26-07.30.30:055][766]LightingResults: New page: Lighting Build
[2023.12.26-07.30.30:080][766]LogAIModule: Creating AISystem for world 04-Blueprint3
[2023.12.26-07.30.30:153][766]LogEditorServer: Finished looking for orphan Actors (0.000 secs)
[2023.12.26-07.30.30:176][766]Cmd: MAP CHECKDEP NOCLEARLOG
[2023.12.26-07.30.30:217][766]MapCheck: Info Map check complete: 0 Error(s), 0 Warning(s), took 41.155ms to complete.
[2023.12.26-07.30.30:218][766]LogFileHelpers: Loading map '04-Blueprint3' took 0.165
[2023.12.26-07.30.31:981][866]LogAIModule: Creating AISystem for world 03-Blueprint2
[2023.12.26-07.30.32:003][866]Cmd: MAP LOAD FILE="../../../../../Users/MelchioT/Documents/workUnrealEngine4/MotorUnreal4B/Content/Contenido/Levels/03-Blueprint2.umap" TEMPLATE=0 SHOWPROGRESS=1 FEATURELEVEL=3
[2023.12.26-07.30.32:003][866]LightingResults: New page: Lighting Build
[2023.12.26-07.30.32:005][866]LoadErrors: New page: Loading map: 03-Blueprint2.umap
[2023.12.26-07.30.32:005][866]MapCheck: New page: Map Check
[2023.12.26-07.30.32:005][866]LightingResults: New page: Lighting Build
[2023.12.26-07.30.32:091][866]LogEditorServer: Finished looking for orphan Actors (0.000 secs)
[2023.12.26-07.30.32:113][866]Cmd: MAP CHECKDEP NOCLEARLOG
[2023.12.26-07.30.32:153][866]MapCheck: Info Map check complete: 0 Error(s), 0 Warning(s), took 40.427ms to complete.
[2023.12.26-07.30.32:153][866]LogFileHelpers: Loading map '03-Blueprint2' took 0.151
[2023.12.26-07.30.34:540][  4]LogAIModule: Creating AISystem for world 05-Blueprint4
[2023.12.26-07.30.34:562][  4]Cmd: MAP LOAD FILE="../../../../../Users/MelchioT/Documents/workUnrealEngine4/MotorUnreal4B/Content/Contenido/Levels/05-Blueprint4.umap" TEMPLATE=0 SHOWPROGRESS=1 FEATURELEVEL=3
[2023.12.26-07.30.34:562][  4]LightingResults: New page: Lighting Build
[2023.12.26-07.30.34:564][  4]LoadErrors: New page: Loading map: 05-Blueprint4.umap
[2023.12.26-07.30.34:565][  4]MapCheck: New page: Map Check
[2023.12.26-07.30.34:565][  4]LightingResults: New page: Lighting Build
[2023.12.26-07.30.34:649][  4]LogEditorServer: Finished looking for orphan Actors (0.000 secs)
[2023.12.26-07.30.34:671][  4]Cmd: MAP CHECKDEP NOCLEARLOG
[2023.12.26-07.30.34:714][  4]MapCheck: Info Map check complete: 0 Error(s), 0 Warning(s), took 43.04ms to complete.
[2023.12.26-07.30.34:714][  4]LogFileHelpers: Loading map '05-Blueprint4' took 0.153
[2023.12.26-07.30.38:997][256]LogAIModule: Creating AISystem for world 04-Blueprint3
[2023.12.26-07.30.39:018][256]Cmd: MAP LOAD FILE="../../../../../Users/MelchioT/Documents/workUnrealEngine4/MotorUnreal4B/Content/Contenido/Levels/04-Blueprint3.umap" TEMPLATE=0 SHOWPROGRESS=1 FEATURELEVEL=3
[2023.12.26-07.30.39:018][256]LightingResults: New page: Lighting Build
[2023.12.26-07.30.39:019][256]LoadErrors: New page: Loading map: 04-Blueprint3.umap
[2023.12.26-07.30.39:020][256]MapCheck: New page: Map Check
[2023.12.26-07.30.39:020][256]LightingResults: New page: Lighting Build
[2023.12.26-07.30.39:099][256]LogEditorServer: Finished looking for orphan Actors (0.000 secs)
[2023.12.26-07.30.39:121][256]Cmd: MAP CHECKDEP NOCLEARLOG
[2023.12.26-07.30.39:161][256]MapCheck: Info Map check complete: 0 Error(s), 0 Warning(s), took 39.755ms to complete.
[2023.12.26-07.30.39:161][256]LogFileHelpers: Loading map '04-Blueprint3' took 0.144
[2023.12.26-07.30.52:428][ 46]Cmd: MAP LOAD FILE="../../../../../Users/MelchioT/Documents/workUnrealEngine4/MotorUnreal4B/Content/Contenido/Levels/04-Blueprint3.umap" TEMPLATE=0 SHOWPROGRESS=1 FEATURELEVEL=3
[2023.12.26-07.30.52:428][ 46]LightingResults: New page: Lighting Build
[2023.12.26-07.30.52:430][ 46]LoadErrors: New page: Loading map: 04-Blueprint3.umap
[2023.12.26-07.30.52:432][ 46]MapCheck: New page: Map Check
[2023.12.26-07.30.52:432][ 46]LightingResults: New page: Lighting Build
[2023.12.26-07.30.52:456][ 46]LogAIModule: Creating AISystem for world 04-Blueprint3
[2023.12.26-07.30.52:524][ 46]LogEditorServer: Finished looking for orphan Actors (0.000 secs)
[2023.12.26-07.30.52:544][ 46]Cmd: MAP CHECKDEP NOCLEARLOG
[2023.12.26-07.30.52:586][ 46]MapCheck: Info Map check complete: 0 Error(s), 0 Warning(s), took 41.22ms to complete.
[2023.12.26-07.30.52:587][ 46]LogFileHelpers: Loading map '04-Blueprint3' took 0.159
[2023.12.26-07.30.57:633][345]LogEditorViewport: Clicking on Actor (LMB): 03-AddActorLocalOffset+AddActorLocalRotation_C (3-AddActorLocalOffset+AddActorLocalRotation)
[2023.12.26-07.30.59:217][437]LogEditorViewport: Clicking on Actor (LMB): 03-AddActorLocalOffset+AddActorLocalRotation_C (3-AddActorLocalOffset+AddActorLocalRotation2)
[2023.12.26-07.31.12:266][216]LogTemp: Repeting last play command: Selected Viewport
[2023.12.26-07.31.12:276][216]LogPlayLevel: PlayLevel: No blueprints needed recompiling
[2023.12.26-07.31.12:276][216]PIE: New page: PIE session: 04-Blueprint3 (Dec 26, 2023, 1:31:12 AM)
[2023.12.26-07.31.12:276][216]LogPlayLevel: Creating play world package: /Game/Contenido/Levels/UEDPIE_0_04-Blueprint3
[2023.12.26-07.31.12:278][216]LogPlayLevel: PIE: StaticDuplicateObject took: (0.001844s)
[2023.12.26-07.31.12:279][216]LogAIModule: Creating AISystem for world 04-Blueprint3
[2023.12.26-07.31.12:279][216]LogPlayLevel: PIE: World Init took: (0.001053s)
[2023.12.26-07.31.12:279][216]LogPlayLevel: PIE: Created PIE world by copying editor world from /Game/Contenido/Levels/04-Blueprint3.04-Blueprint3 to /Game/Contenido/Levels/UEDPIE_0_04-Blueprint3.04-Blueprint3 (0.003114s)
[2023.12.26-07.31.12:304][216]LogInit: XAudio2 using 'Altavoces (Realtek(R) Audio)' : 2 channels at 48 kHz using 16 bits per sample (channel mask 0x3)
[2023.12.26-07.31.12:323][216]LogInit: FAudioDevice initialized.
[2023.12.26-07.31.12:355][216]LogLoad: Game class is 'GameModeBase'
[2023.12.26-07.31.12:358][216]LogWorld: Bringing World /Game/Contenido/Levels/UEDPIE_0_04-Blueprint3.04-Blueprint3 up for play (max tick rate 60) at 2023.12.26-04.31.12
[2023.12.26-07.31.12:358][216]LogWorld: Bringing up level for play took: 0.001003
[2023.12.26-07.31.12:359][216]PIE: Info Play in editor start time for /Game/Contenido/Levels/UEDPIE_0_04-Blueprint3 0.085
[2023.12.26-07.31.30:792][309]BlueprintLog: New page: Compile 03-AddActorLocalOffset+AddActorLocalRotation
[2023.12.26-07.31.31:451][340]BlueprintLog: New page: Compile 03-AddActorLocalOffset+AddActorLocalRotation
[2023.12.26-07.31.43:500][ 51]LogEditorViewport: Clicking on Actor (LMB): 03-AddActorLocalOffset+AddActorLocalRotation_C (3-AddActorLocalOffset+AddActorLocalRotation2)
[2023.12.26-07.32.07:739][370]LogEditorViewport: Clicking on Actor (LMB): 03-AddActorLocalOffset+AddActorLocalRotation_C (03-AddActorLocalOffset+AddActorLocalRotation)
[2023.12.26-07.32.15:800][848]Cmd: TRANSACTION UNDO
[2023.12.26-07.32.15:800][848]LogEditorTransaction: Undo Move Actors
[2023.12.26-07.32.15:814][848]LogSlate: Took 0.000262 seconds to synchronously load lazily loaded font '../../../Engine/Content/Slate/Fonts/Roboto-Light.ttf' (159K)
[2023.12.26-07.32.16:151][867]Cmd: TRANSACTION UNDO
[2023.12.26-07.32.16:151][867]LogEditorTransaction: Undo Clicking on Actors
[2023.12.26-07.32.16:337][876]Cmd: TRANSACTION UNDO
[2023.12.26-07.32.16:337][876]LogEditorTransaction: Undo Create Actors
[2023.12.26-07.32.16:543][886]Cmd: TRANSACTION UNDO
[2023.12.26-07.32.16:543][886]LogEditorTransaction: Undo Clicking on Actors
[2023.12.26-07.32.16:735][896]Cmd: TRANSACTION UNDO
[2023.12.26-07.32.16:735][896]LogEditorTransaction: Undo Clicking on Actors
[2023.12.26-07.32.17:133][918]Cmd: TRANSACTION UNDO
[2023.12.26-07.32.17:133][918]LogEditorTransaction: Undo Clicking on Actors
[2023.12.26-07.32.17:516][940]Cmd: TRANSACTION UNDO
[2023.12.26-07.32.17:516][940]LogEditorTransaction: Undo Clicking on Actors
[2023.12.26-07.32.17:917][963]Cmd: TRANSACTION UNDO
[2023.12.26-07.32.17:917][963]LogEditorTransaction: Undo Clicking on Actors
[2023.12.26-07.32.18:153][975]Cmd: TRANSACTION UNDO
[2023.12.26-07.32.18:153][975]LogEditorTransaction: Undo Clicking on Actors
[2023.12.26-07.32.21:956][203]LogEditorViewport: Clicking on Actor (LMB): 03-AddActorLocalOffset+AddActorLocalRotation_C (3-AddActorLocalOffset+AddActorLocalRotation)
[2023.12.26-07.32.37:790][143]LogEditorViewport: Clicking on Actor (LMB): 03-AddActorLocalOffset+AddActorLocalRotation_C (3-AddActorLocalOffset+AddActorLocalRotation2)
[2023.12.26-07.32.47:258][706]LogEditorViewport: Clicking on Actor (LMB): 03-AddActorLocalOffset+AddActorLocalRotation_C (3-AddActorLocalOffset+AddActorLocalRotation)
[2023.12.26-07.32.48:383][769]LogEditorViewport: Clicking on Actor (LMB): 03-AddActorLocalOffset+AddActorLocalRotation_C (3-AddActorLocalOffset+AddActorLocalRotation2)
[2023.12.26-07.32.57:755][327]LogEditorViewport: Clicking on Actor (LMB): 03-AddActorLocalOffset+AddActorLocalRotation_C (3-AddActorLocalOffset+AddActorLocalRotation)
[2023.12.26-07.33.06:751][862]LogEditorViewport: Clicking on Actor (LMB): 03-AddActorLocalOffset+AddActorLocalRotation_C (3-AddActorLocalOffset+AddActorLocalRotation2)
[2023.12.26-07.33.08:789][980]LogEditorViewport: Clicking on Actor (LMB): 03-AddActorLocalOffset+AddActorLocalRotation_C (3-AddActorLocalOffset+AddActorLocalRotation)
[2023.12.26-07.33.10:025][ 50]LogEditorViewport: Clicking on Actor (LMB): 03-AddActorLocalOffset+AddActorLocalRotation_C (3-AddActorLocalOffset+AddActorLocalRotation2)
[2023.12.26-07.33.10:627][ 82]LogEditorViewport: Clicking on Actor (LMB): 03-AddActorLocalOffset+AddActorLocalRotation_C (3-AddActorLocalOffset+AddActorLocalRotation)
[2023.12.26-07.33.11:295][118]LogEditorViewport: Clicking on Actor (LMB): 03-AddActorLocalOffset+AddActorLocalRotation_C (3-AddActorLocalOffset+AddActorLocalRotation2)
[2023.12.26-07.33.25:703][890]Cmd: QUIT_EDITOR
[2023.12.26-07.33.26:129][890]LogWindowsTextInputMethodSystem:Display: IME system now deactivated.
[2023.12.26-07.33.26:162][890]LogExit: Preparing to exit.
[2023.12.26-07.33.26:453][890]LogDirectoryWatcher: A directory notification for 'C:/Users/MelchioT/Documents/workUnrealEngine4/MotorUnreal4B/Content/' was aborted.
[2023.12.26-07.33.26:486][890]LogExit: Editor shut down
[2023.12.26-07.33.26:486][890]LogExit: Transaction tracking system shut down
[2023.12.26-07.33.26:588][890]LogObj: Freed 0b from 0 cluster array pools.
[2023.12.26-07.33.26:588][890]LogExit: Object subsystem successfully closed.
[2023.12.26-07.33.26:604][890]LogD3D11RHI: Shutdown
[2023.12.26-07.33.26:604][890]LogD3D11RHI: CleanupD3DDevice
[2023.12.26-07.33.26:730][890]LogD3D11RHI: ~FD3D11DynamicRHI
[2023.12.26-07.33.26:743][890]LogModuleManager: Shutting down and abandoning module MovieSceneCapture (486)
[2023.12.26-07.33.26:743][890]LogModuleManager: Shutting down and abandoning module BlueprintGraph (484)
[2023.12.26-07.33.26:743][890]LogModuleManager: Shutting down and abandoning module BlueprintProfiler (482)
[2023.12.26-07.33.26:743][890]LogModuleManager: Shutting down and abandoning module HierarchicalLODOutliner (480)
[2023.12.26-07.33.26:743][890]LogModuleManager: Shutting down and abandoning module CrashTracker (478)
[2023.12.26-07.33.26:743][890]LogModuleManager: Shutting down and abandoning module SceneOutliner (476)
[2023.12.26-07.33.26:743][890]LogModuleManager: Shutting down and abandoning module AddContentDialog (474)
[2023.12.26-07.33.26:743][890]LogDirectoryWatcher: A directory notification for 'C:/Program Files/Unreal Engine 4 (4.15.0)/FeaturePacks/' was aborted.
[2023.12.26-07.33.26:744][890]LogModuleManager: Shutting down and abandoning module WidgetCarousel (473)
[2023.12.26-07.33.26:744][890]LogModuleManager: Shutting down and abandoning module EditorWidgets (470)
[2023.12.26-07.33.26:744][890]LogModuleManager: Shutting down and abandoning module CollectionManager (468)
[2023.12.26-07.33.26:744][890]LogDirectoryWatcher: A directory notification for 'C:/Users/MelchioT/Documents/workUnrealEngine4/MotorUnreal4B/Content/Collections/' was aborted.
[2023.12.26-07.33.26:744][890]LogDirectoryWatcher: A directory notification for 'C:/Users/MelchioT/Documents/workUnrealEngine4/MotorUnreal4B/Content/Developers/MelchioT/Collections/' was aborted.
[2023.12.26-07.33.26:744][890]LogDirectoryWatcher: A directory notification for 'C:/Users/MelchioT/Documents/workUnrealEngine4/MotorUnreal4B/Saved/Collections/' was aborted.
[2023.12.26-07.33.26:744][890]LogModuleManager: Shutting down and abandoning module StatsViewer (466)
[2023.12.26-07.33.26:744][890]LogModuleManager: Shutting down and abandoning module FoliageEdit (464)
[2023.12.26-07.33.26:744][890]LogModuleManager: Shutting down and abandoning module LandscapeEditor (462)
[2023.12.26-07.33.26:744][890]LogModuleManager: Shutting down and abandoning module SceneDepthPickerMode (460)
[2023.12.26-07.33.26:744][890]LogModuleManager: Shutting down and abandoning module ActorPickerMode (458)
[2023.12.26-07.33.26:744][890]LogModuleManager: Shutting down and abandoning module GeometryMode (456)
[2023.12.26-07.33.26:744][890]LogModuleManager: Shutting down and abandoning module TextureAlignMode (454)
[2023.12.26-07.33.26:744][890]LogModuleManager: Shutting down and abandoning module BspMode (452)
[2023.12.26-07.33.26:744][890]LogModuleManager: Shutting down and abandoning module HardwareSurvey (450)
[2023.12.26-07.33.26:744][890]LogModuleManager: Shutting down and abandoning module SequenceRecorderSections (448)
[2023.12.26-07.33.26:744][890]LogModuleManager: Shutting down and abandoning module AutomationWorker (446)
[2023.12.26-07.33.26:744][890]LogModuleManager: Shutting down and abandoning module MatineeToLevelSequence (444)
[2023.12.26-07.33.26:744][890]LogModuleManager: Shutting down and abandoning module LevelSequenceEditor (442)
[2023.12.26-07.33.26:744][890]LogModuleManager: Shutting down and abandoning module PlacementMode (441)
[2023.12.26-07.33.26:744][890]LogModuleManager: Shutting down and abandoning module WmfMediaFactory (438)
[2023.12.26-07.33.26:744][890]LogModuleManager: Shutting down and abandoning module WmfMediaEditor (436)
[2023.12.26-07.33.26:744][890]LogModuleManager: Shutting down and abandoning module MfMediaFactory (434)
[2023.12.26-07.33.26:744][890]LogModuleManager: Shutting down and abandoning module MfMediaEditor (432)
[2023.12.26-07.33.26:744][890]LogModuleManager: Shutting down and abandoning module AvfMediaFactory (430)
[2023.12.26-07.33.26:744][890]LogModuleManager: Shutting down and abandoning module AvfMediaEditor (428)
[2023.12.26-07.33.26:744][890]LogModuleManager: Shutting down and abandoning module AndroidMediaFactory (426)
[2023.12.26-07.33.26:744][890]LogModuleManager: Shutting down and abandoning module Media (425)
[2023.12.26-07.33.26:744][890]LogModuleManager: Shutting down and abandoning module AndroidMediaEditor (422)
[2023.12.26-07.33.26:744][890]LogModuleManager: Shutting down and abandoning module CharacterAI (420)
[2023.12.26-07.33.26:744][890]LogModuleManager: Shutting down and abandoning module AudioCapture (418)
[2023.12.26-07.33.26:744][890]LogModuleManager: Shutting down and abandoning module SequenceRecorder (417)
[2023.12.26-07.33.26:744][890]LogModuleManager: Shutting down and abandoning module SmartSnapping (414)
[2023.12.26-07.33.26:744][890]LogModuleManager: Shutting down and abandoning module SessionServices (412)
[2023.12.26-07.33.26:744][890]LogModuleManager: Shutting down and abandoning module ViewportSnapping (410)
[2023.12.26-07.33.26:744][890]LogModuleManager: Shutting down and abandoning module ViewportInteraction (408)
[2023.12.26-07.33.26:744][890]LogModuleManager: Shutting down and abandoning module LogVisualizer (406)
[2023.12.26-07.33.26:744][890]LogModuleManager: Shutting down and abandoning module IntroTutorials (404)
[2023.12.26-07.33.26:744][890]LogModuleManager: Shutting down and abandoning module GameProjectGeneration (403)
[2023.12.26-07.33.26:744][890]LogModuleManager: Shutting down and abandoning module EditorLiveStreaming (400)
[2023.12.26-07.33.26:744][890]LogModuleManager: Shutting down and abandoning module IOSPlatformEditor (398)
[2023.12.26-07.33.26:745][890]LogModuleManager: Shutting down and abandoning module HTML5PlatformEditor (396)
[2023.12.26-07.33.26:745][890]LogModuleManager: Shutting down and abandoning module AndroidPlatformEditor (394)
[2023.12.26-07.33.26:745][890]LogModuleManager: Shutting down and abandoning module AndroidDeviceDetection (393)
[2023.12.26-07.33.27:314][890]LogModuleManager: Shutting down and abandoning module IOSRuntimeSettings (390)
[2023.12.26-07.33.27:314][890]LogModuleManager: Shutting down and abandoning module AndroidRuntimeSettings (388)
[2023.12.26-07.33.27:314][890]LogModuleManager: Shutting down and abandoning module InputBindingEditor (386)
[2023.12.26-07.33.27:314][890]LogModuleManager: Shutting down and abandoning module NiagaraEditor (384)
[2023.12.26-07.33.27:314][890]LogModuleManager: Shutting down and abandoning module MergeActors (382)
[2023.12.26-07.33.27:314][890]LogModuleManager: Shutting down and abandoning module SizeMap (380)
[2023.12.26-07.33.27:314][890]LogModuleManager: Shutting down and abandoning module TreeMap (378)
[2023.12.26-07.33.27:314][890]LogModuleManager: Shutting down and abandoning module ReferenceViewer (376)
[2023.12.26-07.33.27:314][890]LogModuleManager: Shutting down and abandoning module LocalizationDashboard (374)
[2023.12.26-07.33.27:314][890]LogModuleManager: Shutting down and abandoning module LocalizationService (373)
[2023.12.26-07.33.27:314][890]LogModuleManager: Shutting down and abandoning module HardwareTargeting (370)
[2023.12.26-07.33.27:314][890]LogModuleManager: Shutting down and abandoning module DeviceProfileEditor (368)
[2023.12.26-07.33.27:314][890]LogModuleManager: Shutting down and abandoning module UndoHistory (366)
[2023.12.26-07.33.27:314][890]LogModuleManager: Shutting down and abandoning module UserFeedback (364)
[2023.12.26-07.33.27:314][890]LogModuleManager: Shutting down and abandoning module XmlParser (362)
[2023.12.26-07.33.27:314][890]LogModuleManager: Shutting down and abandoning module Blutility (360)
[2023.12.26-07.33.27:314][890]LogModuleManager: Shutting down and abandoning module ProjectSettingsViewer (358)
[2023.12.26-07.33.27:314][890]LogModuleManager: Shutting down and abandoning module ProjectTargetPlatformEditor (357)
[2023.12.26-07.33.27:314][890]LogModuleManager: Shutting down and abandoning module EditorSettingsViewer (354)
[2023.12.26-07.33.27:314][890]LogModuleManager: Shutting down and abandoning module SettingsEditor (352)
[2023.12.26-07.33.27:314][890]LogModuleManager: Shutting down and abandoning module ProjectLauncher (350)
[2023.12.26-07.33.27:314][890]LogModuleManager: Shutting down and abandoning module SessionFrontend (348)
[2023.12.26-07.33.27:314][890]LogModuleManager: Shutting down and abandoning module ProfilerClient (346)
[2023.12.26-07.33.27:314][890]LogModuleManager: Shutting down and abandoning module DeviceManager (344)
[2023.12.26-07.33.27:315][890]LogModuleManager: Shutting down and abandoning module TargetDeviceServices (343)
[2023.12.26-07.33.27:359][890]LogModuleManager: Shutting down and abandoning module AutomationController (340)
[2023.12.26-07.33.27:359][890]LogModuleManager: Shutting down and abandoning module AutomationWindow (338)
[2023.12.26-07.33.27:359][890]LogModuleManager: Shutting down and abandoning module Layers (336)
[2023.12.26-07.33.27:359][890]LogModuleManager: Shutting down and abandoning module ComponentVisualizers (334)
[2023.12.26-07.33.27:359][890]LogModuleManager: Shutting down and abandoning module DetailCustomizations (332)
[2023.12.26-07.33.27:359][890]LogModuleManager: Shutting down and abandoning module PackagesDialog (330)
[2023.12.26-07.33.27:359][890]LogModuleManager: Shutting down and abandoning module Persona (328)
[2023.12.26-07.33.27:359][890]LogModuleManager: Shutting down and abandoning module AnimGraph (327)
[2023.12.26-07.33.27:359][890]LogModuleManager: Shutting down and abandoning module Kismet (324)
[2023.12.26-07.33.27:366][890]LogModuleManager: Shutting down and abandoning module GraphEditor (322)
[2023.12.26-07.33.27:366][890]LogModuleManager: Shutting down and abandoning module ClassViewer (320)
[2023.12.26-07.33.27:366][890]LogModuleManager: Shutting down and abandoning module Toolbox (318)
[2023.12.26-07.33.27:366][890]LogModuleManager: Shutting down and abandoning module ModuleUI (316)
[2023.12.26-07.33.27:366][890]LogModuleManager: Shutting down and abandoning module MovieSceneTools (314)
[2023.12.26-07.33.27:366][890]LogModuleManager: Shutting down and abandoning module OutputLog (312)
[2023.12.26-07.33.27:366][890]LogModuleManager: Shutting down and abandoning module GammaUI (310)
[2023.12.26-07.33.27:366][890]LogModuleManager: Shutting down and abandoning module Documentation (308)
[2023.12.26-07.33.27:366][890]LogModuleManager: Shutting down and abandoning module Niagara (306)
[2023.12.26-07.33.27:366][890]LogModuleManager: Shutting down and abandoning module StreamingPauseRendering (304)
[2023.12.26-07.33.27:366][890]LogModuleManager: Shutting down and abandoning module AnalyticsET (302)
[2023.12.26-07.33.27:366][890]LogModuleManager: Shutting down and abandoning module PortalServices (300)
[2023.12.26-07.33.27:366][890]LogModuleManager: Shutting down and abandoning module PortalRpc (298)
[2023.12.26-07.33.27:366][890]LogModuleManager: Shutting down and abandoning module MessagingRpc (296)
[2023.12.26-07.33.27:366][890]LogModuleManager: Shutting down and abandoning module AIModule (294)
[2023.12.26-07.33.27:366][890]LogModuleManager: Shutting down and abandoning module GameplayDebugger (293)
[2023.12.26-07.33.27:366][890]LogModuleManager: Shutting down and abandoning module AITestSuite (291)
[2023.12.26-07.33.27:366][890]LogModuleManager: Shutting down and abandoning module ProfilerService (288)
[2023.12.26-07.33.27:514][890]LogModuleManager: Shutting down and abandoning module TaskGraph (286)
[2023.12.26-07.33.27:514][890]LogModuleManager: Shutting down and abandoning module SteamVRController (284)
[2023.12.26-07.33.27:514][890]LogModuleManager: Shutting down and abandoning module SteamVR (282)
[2023.12.26-07.33.27:514][890]LogModuleManager: Shutting down and abandoning module ProceduralMeshComponentEditor (280)
[2023.12.26-07.33.27:514][890]LogModuleManager: Shutting down and abandoning module ProceduralMeshComponent (278)
[2023.12.26-07.33.27:514][890]LogModuleManager: Shutting down and abandoning module OculusLibrary (276)
[2023.12.26-07.33.27:514][890]LogModuleManager: Shutting down and abandoning module OculusInput (274)
[2023.12.26-07.33.27:514][890]LogModuleManager: Shutting down and abandoning module MobilePatchingUtils (272)
[2023.12.26-07.33.27:514][890]LogModuleManager: Shutting down and abandoning module CustomMeshComponent (270)
[2023.12.26-07.33.27:514][890]LogModuleManager: Shutting down and abandoning module CableComponent (268)
[2023.12.26-07.33.27:514][890]LogModuleManager: Shutting down and abandoning module ArchVisCharacter (266)
[2023.12.26-07.33.27:514][890]LogModuleManager: Shutting down and abandoning module MediaPlayerEditor (262)
[2023.12.26-07.33.27:514][890]LogModuleManager: Shutting down and abandoning module HTML5Networking (260)
[2023.12.26-07.33.27:514][890]LogModuleManager: Shutting down and abandoning module AlembicImporter (258)
[2023.12.26-07.33.27:514][890]LogModuleManager: Shutting down and abandoning module AlembicLibrary (257)
[2023.12.26-07.33.27:514][890]LogModuleManager: Shutting down and abandoning module GeometryCache (256)
[2023.12.26-07.33.27:514][890]LogModuleManager: Shutting down and abandoning module GeometryCacheEd (255)
[2023.12.26-07.33.27:514][890]LogModuleManager: Shutting down and abandoning module SuperSearchEditor (250)
[2023.12.26-07.33.27:514][890]LogModuleManager: Shutting down and abandoning module SuperSearch (249)
[2023.12.26-07.33.27:514][890]LogModuleManager: Shutting down and abandoning module SpeedTreeImporter (246)
[2023.12.26-07.33.27:514][890]LogModuleManager: Shutting down and abandoning module PluginBrowser (244)
[2023.12.26-07.33.27:514][890]LogModuleManager: Shutting down and abandoning module MobileLauncherProfileWizard (242)
[2023.12.26-07.33.27:514][890]LogModuleManager: Shutting down and abandoning module EpicSurvey (240)
[2023.12.26-07.33.27:515][890]LogModuleManager: Shutting down and abandoning module VisualStudioSourceCodeAccess (238)
[2023.12.26-07.33.27:515][890]LogModuleManager: Shutting down and abandoning module DesktopPlatform (237)
[2023.12.26-07.33.27:515][890]LogModuleManager: Shutting down and abandoning module UObjectPlugin (234)
[2023.12.26-07.33.27:515][890]LogModuleManager: Shutting down and abandoning module SubversionSourceControl (232)
[2023.12.26-07.33.27:515][890]LogModuleManager: Shutting down and abandoning module PerforceSourceControl (230)
[2023.12.26-07.33.27:515][890]LogModuleManager: Shutting down and abandoning module GitSourceControl (228)
[2023.12.26-07.33.27:515][890]LogModuleManager: Shutting down and abandoning module SourceControl (227)
[2023.12.26-07.33.27:515][890]LogModuleManager: Shutting down and abandoning module LightPropagationVolumeEditor (224)
[2023.12.26-07.33.27:515][890]LogModuleManager: Shutting down and abandoning module PaperTiledImporter (222)
[2023.12.26-07.33.27:515][890]LogModuleManager: Shutting down and abandoning module PaperSpriteSheetImporter (220)
[2023.12.26-07.33.27:515][890]LogModuleManager: Shutting down and abandoning module Paper2DEditor (218)
[2023.12.26-07.33.27:515][890]LogModuleManager: Shutting down and abandoning module MeshPaint (217)
[2023.12.26-07.33.27:515][890]LogModuleManager: Shutting down and abandoning module LevelEditor (215)
[2023.12.26-07.33.27:515][890]LogModuleManager: Shutting down and abandoning module PixelInspectorModule (214)
[2023.12.26-07.33.27:515][890]LogModuleManager: Shutting down and abandoning module MainFrame (212)
[2023.12.26-07.33.27:515][890]LogModuleManager: Shutting down and abandoning module HotReload (211)
[2023.12.26-07.33.27:516][890]LogModuleManager: Shutting down and abandoning module ContentBrowser (207)
[2023.12.26-07.33.27:517][890]LogModuleManager: Shutting down and abandoning module PhysXVehiclesEditor (204)
[2023.12.26-07.33.27:517][890]LogModuleManager: Shutting down and abandoning module PhysXVehicles (202)
[2023.12.26-07.33.27:517][890]LogModuleManager: Shutting down and abandoning module LocationServicesBPLibrary (200)
[2023.12.26-07.33.27:517][890]LogModuleManager: Shutting down and abandoning module UdpMessaging (198)
[2023.12.26-07.33.27:617][890]LogModuleManager: Shutting down and abandoning module TcpMessaging (196)
[2023.12.26-07.33.27:718][890]LogModuleManager: Shutting down and abandoning module GameplayTagsEditor (194)
[2023.12.26-07.33.27:718][890]LogModuleManager: Shutting down and abandoning module FacialAnimationEditor (192)
[2023.12.26-07.33.27:718][890]LogModuleManager: Shutting down and abandoning module FacialAnimation (190)
[2023.12.26-07.33.27:718][890]LogModuleManager: Shutting down and abandoning module LightPropagationVolumeRuntime (188)
[2023.12.26-07.33.27:718][890]LogModuleManager: Shutting down and abandoning module Paper2D (186)
[2023.12.26-07.33.27:718][890]LogModuleManager: Shutting down and abandoning module WindowsMoviePlayer (184)
[2023.12.26-07.33.27:718][890]LogModuleManager: Shutting down and abandoning module WmfMedia (182)
[2023.12.26-07.33.27:719][890]LogModuleManager: Shutting down and abandoning module MfMedia (180)
[2023.12.26-07.33.27:719][890]LogModuleManager: Shutting down and abandoning module MediaAssets (178)
[2023.12.26-07.33.27:719][890]LogModuleManager: Shutting down and abandoning module GameLiveStreaming (176)
[2023.12.26-07.33.27:719][890]LogModuleManager: Shutting down and abandoning module VREditor (174)
[2023.12.26-07.33.27:719][890]LogModuleManager: Shutting down and abandoning module GameplayTasksEditor (172)
[2023.12.26-07.33.27:719][890]LogModuleManager: Shutting down and abandoning module BehaviorTreeEditor (170)
[2023.12.26-07.33.27:719][890]LogModuleManager: Shutting down and abandoning module FunctionalTesting (168)
[2023.12.26-07.33.27:719][890]LogModuleManager: Shutting down and abandoning module CollisionAnalyzer (166)
[2023.12.26-07.33.27:719][890]LogModuleManager: Shutting down and abandoning module UMG (164)
[2023.12.26-07.33.27:719][890]LogModuleManager: Shutting down and abandoning module UMGEditor (163)
[2023.12.26-07.33.27:719][890]LogModuleManager: Shutting down and abandoning module Sequencer (162)
[2023.12.26-07.33.27:719][890]LogModuleManager: Shutting down and abandoning module AssetTools (160)
[2023.12.26-07.33.27:719][890]LogModuleManager: Shutting down and abandoning module MessageLog (159)
[2023.12.26-07.33.27:719][890]LogModuleManager: Shutting down and abandoning module WorkspaceMenuStructure (158)
[2023.12.26-07.33.27:719][890]LogModuleManager: Shutting down and abandoning module SlateReflector (152)
[2023.12.26-07.33.27:719][890]LogModuleManager: Shutting down and abandoning module Slate (150)
[2023.12.26-07.33.27:719][890]LogModuleManager: Shutting down and abandoning module EditorStyle (148)
[2023.12.26-07.33.27:721][890]LogModuleManager: Shutting down and abandoning module SourceCodeAccess (146)
[2023.12.26-07.33.27:721][890]LogModuleManager: Shutting down and abandoning module HeadMountedDisplay (144)
[2023.12.26-07.33.27:721][890]LogModuleManager: Shutting down and abandoning module XAudio2 (142)
[2023.12.26-07.33.27:721][890]LogModuleManager: Shutting down and abandoning module Networking (140)
[2023.12.26-07.33.27:721][890]LogModuleManager: Shutting down and abandoning module Core (136)
[2023.12.26-07.33.27:721][890]LogModuleManager: Shutting down and abandoning module AssetRegistry (134)
[2023.12.26-07.33.27:929][890]LogDirectoryWatcher: A directory notification for '../../../Engine/Content/' was aborted.
[2023.12.26-07.33.27:929][890]LogDirectoryWatcher: A directory notification for '../../../../../Users/MelchioT/Documents/workUnrealEngine4/MotorUnreal4B/Content/' was aborted.
[2023.12.26-07.33.27:929][890]LogDirectoryWatcher: A directory notification for '../../../Engine/Plugins/2D/Paper2D/Content/' was aborted.
[2023.12.26-07.33.27:929][890]LogModuleManager: Shutting down and abandoning module DirectoryWatcher (133)
[2023.12.26-07.33.27:930][890]LogModuleManager: Shutting down and abandoning module KismetCompiler (130)
[2023.12.26-07.33.27:930][890]LogModuleManager: Shutting down and abandoning module PhysXFormats (128)
[2023.12.26-07.33.27:930][890]LogModuleManager: Shutting down and abandoning module MeshUtilities (126)
[2023.12.26-07.33.27:930][890]LogModuleManager: Shutting down and abandoning module QuadricMeshReduction (125)
[2023.12.26-07.33.27:930][890]LogModuleManager: Shutting down and abandoning module PropertyEditor (123)
[2023.12.26-07.33.27:930][890]LogModuleManager: Shutting down and abandoning module DerivedDataCache (120)
[2023.12.26-07.33.27:953][890]LogDerivedDataCache: Shutdown
[2023.12.26-07.33.27:953][890]LogModuleManager: Shutting down and abandoning module TargetPlatform (118)
[2023.12.26-07.33.27:953][890]LogModuleManager: Shutting down and abandoning module VulkanShaderFormat (117)
[2023.12.26-07.33.27:953][890]LogModuleManager: Shutting down and abandoning module MetalShaderFormat (115)
[2023.12.26-07.33.27:953][890]LogModuleManager: Shutting down and abandoning module ShaderFormatD3D (113)
[2023.12.26-07.33.27:953][890]LogModuleManager: Shutting down and abandoning module ShaderFormatOpenGL (111)
[2023.12.26-07.33.27:953][890]LogModuleManager: Shutting down and abandoning module TextureFormatUncompressed (109)
[2023.12.26-07.33.27:953][890]LogModuleManager: Shutting down and abandoning module TextureFormatASTC (107)
[2023.12.26-07.33.27:953][890]LogModuleManager: Shutting down and abandoning module ImageWrapper (106)
[2023.12.26-07.33.27:953][890]LogModuleManager: Shutting down and abandoning module TextureFormatPVR (103)
[2023.12.26-07.33.27:953][890]LogModuleManager: Shutting down and abandoning module TextureFormatDXT (101)
[2023.12.26-07.33.27:953][890]LogModuleManager: Shutting down and abandoning module TextureFormatIntelISPCTexComp (99)
[2023.12.26-07.33.27:953][890]LogModuleManager: Shutting down and abandoning module AudioFormatOpus (97)
[2023.12.26-07.33.27:953][890]LogModuleManager: Shutting down and abandoning module AudioFormatOgg (95)
[2023.12.26-07.33.27:953][890]LogModuleManager: Shutting down and abandoning module AudioFormatADPCM (93)
[2023.12.26-07.33.27:953][890]LogModuleManager: Shutting down and abandoning module TVOSTargetPlatform (91)
[2023.12.26-07.33.27:953][890]LogModuleManager: Shutting down and abandoning module Messaging (89)
[2023.12.26-07.33.27:953][890]LogModuleManager: Shutting down and abandoning module IOSTargetPlatform (87)
[2023.12.26-07.33.27:953][890]LogModuleManager: Shutting down and abandoning module HTML5TargetPlatform (85)
[2023.12.26-07.33.27:953][890]LogModuleManager: Shutting down and abandoning module Android_MultiTargetPlatform (83)
[2023.12.26-07.33.27:953][890]LogModuleManager: Shutting down and abandoning module Android_ASTCTargetPlatform (81)
[2023.12.26-07.33.27:953][890]LogModuleManager: Shutting down and abandoning module Android_ETC2TargetPlatform (79)
[2023.12.26-07.33.27:954][890]LogModuleManager: Shutting down and abandoning module Android_ETC1TargetPlatform (77)
[2023.12.26-07.33.27:954][890]LogModuleManager: Shutting down and abandoning module Android_DXTTargetPlatform (75)
[2023.12.26-07.33.27:954][890]LogModuleManager: Shutting down and abandoning module Android_ATCTargetPlatform (73)
[2023.12.26-07.33.27:954][890]LogModuleManager: Shutting down and abandoning module Android_PVRTCTargetPlatform (71)
[2023.12.26-07.33.27:954][890]LogModuleManager: Shutting down and abandoning module AndroidTargetPlatform (69)
[2023.12.26-07.33.27:954][890]LogModuleManager: Shutting down and abandoning module AllDesktopTargetPlatform (67)
[2023.12.26-07.33.27:954][890]LogModuleManager: Shutting down and abandoning module WindowsClientTargetPlatform (65)
[2023.12.26-07.33.27:954][890]LogModuleManager: Shutting down and abandoning module WindowsServerTargetPlatform (63)
[2023.12.26-07.33.27:954][890]LogModuleManager: Shutting down and abandoning module WindowsNoEditorTargetPlatform (61)
[2023.12.26-07.33.27:954][890]LogModuleManager: Shutting down and abandoning module WindowsTargetPlatform (59)
[2023.12.26-07.33.27:954][890]LogModuleManager: Shutting down and abandoning module MacClientTargetPlatform (57)
[2023.12.26-07.33.27:954][890]LogModuleManager: Shutting down and abandoning module MacServerTargetPlatform (55)
[2023.12.26-07.33.27:954][890]LogModuleManager: Shutting down and abandoning module MacNoEditorTargetPlatform (53)
[2023.12.26-07.33.27:954][890]LogModuleManager: Shutting down and abandoning module MacTargetPlatform (51)
[2023.12.26-07.33.27:954][890]LogModuleManager: Shutting down and abandoning module InputCore (48)
[2023.12.26-07.33.27:954][890]LogModuleManager: Shutting down and abandoning module Settings (46)
[2023.12.26-07.33.27:954][890]LogModuleManager: Shutting down and abandoning module OculusRift (44)
[2023.12.26-07.33.27:954][890]LogModuleManager: Shutting down and abandoning module ExampleDeviceProfileSelector (42)
[2023.12.26-07.33.27:954][890]LogModuleManager: Shutting down and abandoning module OnlineBlueprintSupport (40)
[2023.12.26-07.33.27:954][890]LogModuleManager: Shutting down and abandoning module OnlineSubsystem (36)
[2023.12.26-07.33.27:954][890]LogOnline:Display: Unloading online subsystem: NULL
[2023.12.26-07.33.27:954][890]LogModuleManager: Shutting down and abandoning module HTTP (35)
[2023.12.26-07.33.27:954][890]LogHttp:Display: Http module shutting down, but needs to wait on 1 outstanding Http requests:
[2023.12.26-07.33.27:954][890]LogHttp:Display: 	verb=[POST] url=[https://datarouter.ol.epicgames.com/datarouter/api/v1/public/data?SessionID=%7B3FE20D43-49D2-C122-EC34-4590A2365A4E%7D&AppID=UEEditor.UnrealEngine.Release&AppVersion=4.15.0-0%2B%2B%2BUE4%2BRelease-4.15&UserID=aa7ec4a94460bf88f1f872b01bef9583%7C8cfcda83180144cdb9bb2bc7d773924e%7C775b68d6-d1f3-44da-96ce-dab51d83f808&AppEnvironment=datacollector-source&UploadType=eteventstream] status=Processing
[2023.12.26-07.33.27:982][890]LogModuleManager: Shutting down and abandoning module SSL (34)
[2023.12.26-07.33.27:983][890]LogModuleManager: Shutting down and abandoning module AudioEditor (30)
[2023.12.26-07.33.27:983][890]LogModuleManager: Shutting down and abandoning module TextureCompressor (28)
[2023.12.26-07.33.27:984][890]LogModuleManager: Shutting down and abandoning module ShaderCore (26)
[2023.12.26-07.33.27:984][890]LogModuleManager: Shutting down and abandoning module Landscape (24)
[2023.12.26-07.33.27:984][890]LogModuleManager: Shutting down and abandoning module SlateRHIRenderer (22)
[2023.12.26-07.33.27:985][890]LogModuleManager: Shutting down and abandoning module OpenGLDrv (20)
[2023.12.26-07.33.27:985][890]LogModuleManager: Shutting down and abandoning module D3D11RHI (18)
[2023.12.26-07.33.27:985][890]LogModuleManager: Shutting down and abandoning module AnimGraphRuntime (16)
[2023.12.26-07.33.27:985][890]LogModuleManager: Shutting down and abandoning module Renderer (14)
[2023.12.26-07.33.27:985][890]LogModuleManager: Shutting down and abandoning module Engine (12)
[2023.12.26-07.33.27:985][890]LogModuleManager: Shutting down and abandoning module CoreUObject (10)
[2023.12.26-07.33.27:985][890]LogModuleManager: Shutting down and abandoning module NetworkFile (8)
[2023.12.26-07.33.27:985][890]LogModuleManager: Shutting down and abandoning module StreamingFile (6)
[2023.12.26-07.33.27:985][890]LogModuleManager: Shutting down and abandoning module SandboxFile (4)
[2023.12.26-07.33.27:985][890]LogModuleManager: Shutting down and abandoning module PakFile (2)
[2023.12.26-07.33.27:987][890]LogExit: Exiting.
[2023.12.26-07.33.27:988][890]Log file closed, 12/26/23 04:33:27
