Log file open, 12/26/23 00:37:55
LogInit:Display: Running engine for game: MotorUnreal4B
LogPlatformFile: Not using cached read wrapper
LogInit:Display: RandInit(-1186004617) SRandInit(-1186004617).
LogInit: Using version manifest at CL 0 with build ID '5af06b4c-3232-42c8-80e0-46572b4b0bc8'
LogTaskGraph: Started task graph with 5 named threads and 10 total threads with 1 sets of task threads.
LogStats: Stats thread started at 0.138550
LogInit: Using libcurl 7.47.1
LogInit:  - built for x86_64-pc-win32
LogInit:  - supports SSL with OpenSSL/1.0.2g
LogInit:  - supports HTTP deflate (compression) using libz 1.2.8
LogInit:  - other features:
LogInit:      CURL_VERSION_SSL
LogInit:      CURL_VERSION_LIBZ
LogInit:      CURL_VERSION_IPV6
LogInit:      CURL_VERSION_ASYNCHDNS
LogInit:      CURL_VERSION_LARGEFILE
LogInit:      CURL_VERSION_IDN
LogInit:  CurlRequestOptions (configurable via config and command line):
LogInit:  - bVerifyPeer = false  - Libcurl will NOT verify peer certificate
LogInit:  - bUseHttpProxy = false  - Libcurl will NOT use HTTP proxy
LogInit:  - bDontReuseConnections = false  - Libcurl will reuse connections
LogInit:  - CertBundlePath = nullptr  - Libcurl will use whatever was configured at build time.
LogInit: Build: ++UE4+Release-4.15-CL-0
LogInit: Engine Version: 4.15.0-0+++UE4+Release-4.15
LogInit: Compatible Engine Version: 4.15.0-0+++UE4+Release-4.15
LogInit: Net CL: 0
LogDevObjectVersion: Number of dev versions registered: 14
LogDevObjectVersion:   Dev-Blueprints (B0D832E4-1F89-4F0D-ACCF-7EB736FD4AA2): 8
LogDevObjectVersion:   Dev-Build (E1C64328-A22C-4D53-A36C-8E866417BD8C): 0
LogDevObjectVersion:   Dev-Core (375EC13C-06E4-48FB-B500-84F0262A717E): 2
LogDevObjectVersion:   Dev-Editor (E4B068ED-F494-42E9-A231-DA0B2E46BB41): 14
LogDevObjectVersion:   Dev-Framework (CFFC743F-43B0-4480-9391-14DF171D2073): 22
LogDevObjectVersion:   Dev-Mobile (B02B49B5-BB20-44E9-A304-32B752E40360): 0
LogDevObjectVersion:   Dev-Networking (A4E4105C-59A1-49B5-A7C5-40C4547EDFEE): 0
LogDevObjectVersion:   Dev-Online (39C831C9-5AE6-47DC-9A44-9C173E1C8E7C): 0
LogDevObjectVersion:   Dev-Physics (78F01B33-EBEA-4F98-B9B4-84EACCB95AA2): 0
LogDevObjectVersion:   Dev-Platform (6631380F-2D4D-43E0-8009-CF276956A95A): 0
LogDevObjectVersion:   Dev-Rendering (12F88B9F-8875-4AFC-A67C-D90C383ABD29): 12
LogDevObjectVersion:   Dev-Sequencer (7B5AE74C-D270-4C10-A958-57980B212A5A): 3
LogDevObjectVersion:   Dev-VR (D7296918-1DD6-4BDD-9DE2-64A83CC13884): 0
LogDevObjectVersion:   Dev-LoadTimes (C2A15278-BFE7-4AFE-6C17-90FF531DF755): 1
LogInit: Compiled (64-bit): Apr  2 2023 09:25:01
LogInit: Compiled with Visual C++: 19.00.24210.00
LogInit: Build Configuration: Development
LogInit: Branch Name: ++UE4+Release-4.15
LogInit: Command line: 
LogInit: Base directory: C:/Program Files/Unreal Engine 4 (4.15.0)/Engine/Binaries/Win64/
LogInit: Installed Engine Build: 0
LogInit: Presizing for max 8388607 objects, including 0 objects not considered by GC, pre-allocating 0 bytes for permanent pool.
LogInit: Object subsystem initialized
[2023.12.26-03.37.56:078][  0]LogInit: Selected Device Profile: [Windows]
[2023.12.26-03.37.56:078][  0]LogInit: Applying CVar settings loaded from the selected device profile: [Windows]
[2023.12.26-03.37.56:084][  0]LogInit: Computer: DESKTOP-GOSDJOG
[2023.12.26-03.37.56:084][  0]LogInit: User: MelchioT
[2023.12.26-03.37.56:084][  0]LogInit: CPU Page size=65536, Cores=6
[2023.12.26-03.37.56:084][  0]LogInit: High frequency timer resolution =10.000000 MHz
[2023.12.26-03.37.56:084][  0]LogMemory: Memory total: Physical=31.2GB (32GB approx)
[2023.12.26-03.37.56:084][  0]LogMemory: Platform Memory Stats for Windows
[2023.12.26-03.37.56:084][  0]LogMemory: Process Physical Memory: 264.93 MB used, 264.93 MB peak
[2023.12.26-03.37.56:084][  0]LogMemory: Process Virtual Memory: 268.50 MB used, 268.50 MB peak
[2023.12.26-03.37.56:084][  0]LogMemory: Physical Memory: 8815.23 MB used,  23160.45 MB free, 31975.68 MB total
[2023.12.26-03.37.56:084][  0]LogMemory: Virtual Memory: 4760.25 MB used,  23160.45 MB free, 134217728.00 MB total
[2023.12.26-03.37.56:163][  0]LogInit: Overriding culture en with editor configuration.
[2023.12.26-03.37.56:716][  0]LogD3D11RHI: D3D11 adapters:
[2023.12.26-03.37.56:748][  0]LogD3D11RHI:    0. 'AMD Radeon(TM) Graphics' (Feature Level 11_0)
[2023.12.26-03.37.56:748][  0]LogD3D11RHI:       495/0/15987 MB DedicatedVideo/DedicatedSystem/SharedSystem, Outputs:1, VendorId:0x1002
[2023.12.26-03.37.56:750][  0]LogD3D11RHI:    1. 'Microsoft Basic Render Driver' (Feature Level 11_0)
[2023.12.26-03.37.56:750][  0]LogD3D11RHI:       0/0/15987 MB DedicatedVideo/DedicatedSystem/SharedSystem, Outputs:0, VendorId:0x1414
[2023.12.26-03.37.56:751][  0]LogD3D11RHI: Chosen D3D11 Adapter: 0
[2023.12.26-03.37.56:757][  0]LogD3D11RHI: Creating new Direct3DDevice
[2023.12.26-03.37.56:757][  0]LogD3D11RHI:     GPU DeviceId: 0x1636 (for the marketing name, search the web for "GPU Device Id")
[2023.12.26-03.37.56:757][  0]LogWindows: EnumDisplayDevices:
[2023.12.26-03.37.56:757][  0]LogWindows:    0. 'AMD Radeon(TM) Graphics' (P:1 D:1)
[2023.12.26-03.37.56:757][  0]LogWindows:    1. 'AMD Radeon(TM) Graphics' (P:0 D:0)
[2023.12.26-03.37.56:757][  0]LogWindows:    2. 'AMD Radeon(TM) Graphics' (P:0 D:0)
[2023.12.26-03.37.56:757][  0]LogWindows:    3. 'AMD Radeon(TM) Graphics' (P:0 D:0)
[2023.12.26-03.37.56:758][  0]LogWindows:    4. 'AMD Radeon(TM) Graphics' (P:0 D:0)
[2023.12.26-03.37.56:758][  0]LogWindows: DebugString: GetVideoDriverDetailsInvalid PrimaryIsNotTheChoosenAdapter GetVideoDriverDetailsInvalid PrimaryIsNotTheChoosenAdapter GetVideoDriverDetailsInvalid PrimaryIsNotTheChoosenAdapter GetVideoDriverDetailsInvalid PrimaryIsNotTheChoosenAdapter GetVideoDriverDetailsInvalid PrimaryIsNotTheChoosenAdapter FoundDriverCount:0 
[2023.12.26-03.37.56:758][  0]LogD3D11RHI:     Adapter Name: AMD Radeon(TM) Graphics
[2023.12.26-03.37.56:758][  0]LogD3D11RHI:   Driver Version: Unknown (internal:Unknown, unified:Unknown)
[2023.12.26-03.37.56:758][  0]LogD3D11RHI:      Driver Date: Unknown
[2023.12.26-03.37.56:758][  0]LogRHI: Texture pool is 347 MB (70% of 495 MB)
[2023.12.26-03.37.56:803][  0]LogD3D11RHI: Async texture creation enabled
[2023.12.26-03.37.56:818][  0]LogD3D11RHI: GPU Timing Frequency: 100.000000 (Debug: 2 1)
[2023.12.26-03.37.56:820][  0]LogShaderCompilers: Guid format shader working directory is -23 characters bigger than the processId version (../../../../../Users/MelchioT/Documents/workUnrealEngine4/MotorUnreal4B/Intermediate/Shaders/WorkingDirectory/12600/).
[2023.12.26-03.37.56:820][  0]LogShaderCompilers: Cleaned the shader compiler working directory 'C:/Users/MelchioT/AppData/Local/Temp/UnrealShaderWorkingDir/DE8094574D899807DA49EE9C193DD136/'.
[2023.12.26-03.37.56:820][  0]LogShaderCompilers:Display: Using Local Shader Compiler.
[2023.12.26-03.37.57:641][  0]LogTemp:Display: Loaded TP MacTargetPlatform
[2023.12.26-03.37.57:693][  0]LogTemp:Display: Loaded TP MacNoEditorTargetPlatform
[2023.12.26-03.37.57:753][  0]LogTemp:Display: Loaded TP MacServerTargetPlatform
[2023.12.26-03.37.57:803][  0]LogTemp:Display: Loaded TP MacClientTargetPlatform
[2023.12.26-03.37.57:860][  0]LogTemp:Display: Loaded TP WindowsTargetPlatform
[2023.12.26-03.37.57:923][  0]LogTemp:Display: Loaded TP WindowsNoEditorTargetPlatform
[2023.12.26-03.37.57:974][  0]LogTemp:Display: Loaded TP WindowsServerTargetPlatform
[2023.12.26-03.37.58:026][  0]LogTemp:Display: Loaded TP WindowsClientTargetPlatform
[2023.12.26-03.37.58:070][  0]LogTemp:Display: Loaded TP AllDesktopTargetPlatform
[2023.12.26-03.37.58:120][  0]LogTemp:Display: Loaded TP AndroidTargetPlatform
[2023.12.26-03.37.58:171][  0]LogTemp:Display: Loaded TP Android_PVRTCTargetPlatform
[2023.12.26-03.37.58:220][  0]LogTemp:Display: Loaded TP Android_ATCTargetPlatform
[2023.12.26-03.37.58:271][  0]LogTemp:Display: Loaded TP Android_DXTTargetPlatform
[2023.12.26-03.37.58:321][  0]LogTemp:Display: Loaded TP Android_ETC1TargetPlatform
[2023.12.26-03.37.58:370][  0]LogTemp:Display: Loaded TP Android_ETC2TargetPlatform
[2023.12.26-03.37.58:422][  0]LogTemp:Display: Loaded TP Android_ASTCTargetPlatform
[2023.12.26-03.37.58:472][  0]LogTemp:Display: Loaded TP Android_MultiTargetPlatform
[2023.12.26-03.37.58:510][  0]LogTemp:Display: Loaded TP HTML5TargetPlatform
[2023.12.26-03.37.58:610][  0]LogTemp:Display: Loaded TP IOSTargetPlatform
[2023.12.26-03.37.58:643][  0]LogTemp:Display: Loaded TP TVOSTargetPlatform
[2023.12.26-03.37.58:643][  0]LogTargetPlatformManager:Display: Building Assets For Windows
[2023.12.26-03.37.59:109][  0]LogDerivedDataCache:Display: Max Cache Size: 512 MB
[2023.12.26-03.37.59:149][  0]LogDerivedDataCache: Loaded boot cache 0.04s 50MB ../../../../../Users/MelchioT/Documents/workUnrealEngine4/MotorUnreal4B/DerivedDataCache/Boot.ddc.
[2023.12.26-03.37.59:149][  0]LogDerivedDataCache:Display: Loaded Boot cache: ../../../../../Users/MelchioT/Documents/workUnrealEngine4/MotorUnreal4B/DerivedDataCache/Boot.ddc
[2023.12.26-03.37.59:149][  0]LogDerivedDataCache: FDerivedDataBackendGraph:  Pak pak cache file ../../../../../Users/MelchioT/Documents/workUnrealEngine4/MotorUnreal4B/DerivedDataCache/DDC.ddp not found, will not use a pak cache.
[2023.12.26-03.37.59:149][  0]LogDerivedDataCache: Unable to find inner node Pak for hierarchical cache Hierarchy.
[2023.12.26-03.37.59:149][  0]LogDerivedDataCache: FDerivedDataBackendGraph:  EnginePak pak cache file ../../../Engine/DerivedDataCache/DDC.ddp not found, will not use a pak cache.
[2023.12.26-03.37.59:149][  0]LogDerivedDataCache: Unable to find inner node EnginePak for hierarchical cache Hierarchy.
[2023.12.26-03.37.59:161][  0]LogDerivedDataCache: Using Local data cache path ../../../Engine/DerivedDataCache: Writable
[2023.12.26-03.37.59:161][  0]LogDerivedDataCache: Shared data cache path not found in *engine.ini, will not use an Shared cache.
[2023.12.26-03.37.59:161][  0]LogDerivedDataCache: Unable to find inner node Shared for hierarchical cache Hierarchy.
[2023.12.26-03.37.59:170][  0]LogSlate: Using Freetype 2.6.0
[2023.12.26-03.37.59:170][  0]LogSlate: SlateFontCache - WITH_FREETYPE: 1, WITH_HARFBUZZ: 1
[2023.12.26-03.37.59:170][  0]LogSlate: SlateFontCache - WITH_FREETYPE: 1, WITH_HARFBUZZ: 1
[2023.12.26-03.37.59:379][  0]LogInit: Selected Device Profile: [Windows]
[2023.12.26-03.37.59:381][  0]LogContentStreaming: Texture pool size is 0.00 MB
[2023.12.26-03.37.59:559][  0]LogMeshUtilities: Using QuadricMeshReduction for automatic static mesh reduction
[2023.12.26-03.37.59:568][  0]LogMeshUtilities: No automatic skeletal mesh reduction module available
[2023.12.26-03.37.59:568][  0]LogMeshUtilities: No automatic mesh merging module available
[2023.12.26-03.37.59:568][  0]LogMeshUtilities: No distributed automatic mesh merging module available
[2023.12.26-03.38.00:129][  0]LogNetVersion: GetLocalNetworkVersion: CL: 0, ProjectName: motorunreal4b, ProjectVersion: , EngineNetworkVersion: 2, GameNetworkVersion: 0, NetworkChecksum: 3893362438
[2023.12.26-03.38.00:176][  0]LogAssetRegistry: FAssetRegistry took 0.0230 seconds to start up
[2023.12.26-03.38.00:211][  0]LogPackageLocalizationCache: Processed 3 localized package path(s) for 1 prioritized culture(s) in 0.011097 seconds
[2023.12.26-03.38.00:217][  0]LogUObjectArray: 32434 objects as part of root set at end of initial load.
[2023.12.26-03.38.00:217][  0]LogUObjectAllocator: 7066632 out of 0 bytes used by permanent object pool.
[2023.12.26-03.38.00:217][  0]LogUObjectArray: CloseDisregardForGC: 0/0 objects in disregard for GC pool
[2023.12.26-03.38.00:283][  0]LogInit: WinSock: version 1.1 (2.2), MaxSocks=32767, MaxUdp=65467
[2023.12.26-03.38.01:737][  0]LogTcpMessaging: Initializing TcpMessaging bridge
[2023.12.26-03.38.01:781][  0]LogUdpMessaging: Initializing bridge on interface 0.0.0.0:0 to multicast group 230.0.0.1:6666.
[2023.12.26-03.38.02:218][  0]LogMaterial: Uniform references updated for custom material expression Custom.
[2023.12.26-03.38.02:572][  0]SourceControl: Info Source control is disabled
[2023.12.26-03.38.02:614][  0]SourceControl: Info Source control is disabled
[2023.12.26-03.38.02:664][  0]SourceControl: Info Source control is disabled
[2023.12.26-03.38.02:712][  0]SourceControl: Info Source control is disabled
[2023.12.26-03.38.03:971][  0]LogEngine: Initializing Engine...
[2023.12.26-03.38.03:972][  0]LogHMD: Failed to initialize OpenVR with code 110
[2023.12.26-03.38.04:171][  0]LogAIModule: Creating AISystem for world Untitled
[2023.12.26-03.38.04:186][  0]LogInit: XAudio2 using 'Altavoces (Realtek(R) Audio)' : 2 channels at 48 kHz using 16 bits per sample (channel mask 0x3)
[2023.12.26-03.38.04:831][  0]LogInit: FAudioDevice initialized.
[2023.12.26-03.38.04:857][  0]LogDerivedDataCache: Saved boot cache 0.03s 50MB ../../../../../Users/MelchioT/Documents/workUnrealEngine4/MotorUnreal4B/DerivedDataCache/Boot.ddc.
[2023.12.26-03.38.04:864][  0]LogInit: Texture streaming: Enabled
[2023.12.26-03.38.04:966][  0]LogEngineSessionManager: EngineSessionManager initialized
[2023.12.26-03.38.05:052][  0]LogInit: Transaction tracking system initialized
[2023.12.26-03.38.05:389][  0]BlueprintLog: New page: Editor Load
[2023.12.26-03.38.06:249][  0]LocalizationService: Info Localization service is disabled
[2023.12.26-03.38.06:900][  0]LogConsoleResponse:Display: 
[2023.12.26-03.38.07:013][  0]LogCook:Display: Max memory allowance for cook 16384mb min free memory 0mb
[2023.12.26-03.38.07:013][  0]LogCook:Display: Mobile HDR setting 1
[2023.12.26-03.38.07:284][  0]LogFileCache: Scanning file cache for directory 'C:/Users/MelchioT/Documents/workUnrealEngine4/MotorUnreal4B/Content/' took 0.01s
[2023.12.26-03.38.08:042][  0]SourceControl: Info Source control is disabled
[2023.12.26-03.38.08:042][  0]Cmd: MAP LOAD FILE="../../../Engine/Content/Maps/Templates/Template_Default.umap" TEMPLATE=1 SHOWPROGRESS=1 FEATURELEVEL=3
[2023.12.26-03.38.08:043][  0]LightingResults: New page: Lighting Build
[2023.12.26-03.38.08:082][  0]MapCheck: New page: Map Check
[2023.12.26-03.38.08:082][  0]LightingResults: New page: Lighting Build
[2023.12.26-03.38.08:248][  0]LogAIModule: Creating AISystem for world Untitled_1
[2023.12.26-03.38.08:249][  0]LogActorComponent: RegisterComponentWithWorld: (/Temp/Untitled_1.Untitled_1:PersistentLevel.WorldSettings_1.StaticMeshComponent0) Trying to register component with IsPendingKill() == true. Aborting.
[2023.12.26-03.38.08:253][  0]LogEditorServer: Finished looking for orphan Actors (0.000 secs)
[2023.12.26-03.38.08:259][  0]Cmd: MAP CHECKDEP NOCLEARLOG
[2023.12.26-03.38.08:288][  0]MapCheck: Info Map check complete: 0 Error(s), 0 Warning(s), took 28.405ms to complete.
[2023.12.26-03.38.08:288][  0]LogFileHelpers: Loading map 'Template_Default' took 0.245
[2023.12.26-03.38.08:470][  0]LogCollectionManager: Loaded 0 collections in 0.001827 seconds
[2023.12.26-03.38.08:550][  0]LogFileCache: Scanning file cache for directory 'C:/Users/MelchioT/Documents/workUnrealEngine4/MotorUnreal4B/Saved/Collections/' took 0.01s
[2023.12.26-03.38.08:551][  0]LogFileCache: Scanning file cache for directory 'C:/Users/MelchioT/Documents/workUnrealEngine4/MotorUnreal4B/Content/Developers/MelchioT/Collections/' took 0.01s
[2023.12.26-03.38.08:551][  0]LogFileCache: Scanning file cache for directory 'C:/Users/MelchioT/Documents/workUnrealEngine4/MotorUnreal4B/Content/Collections/' took 0.01s
[2023.12.26-03.38.08:551][  0]LogCollectionManager: Rebuilt the GUID cache for 0 collections in 0.000001 seconds
[2023.12.26-03.38.08:559][  0]LogContentBrowser: Native class hierarchy populated in 0.0085 seconds. Added 2243 classes and 448 folders.
[2023.12.26-03.38.08:562][  0]LogStats: UGameplayTagsManager::ConstructGameplayTagTree: Construct from data asset -  0.000 s
[2023.12.26-03.38.08:562][  0]LogStats: UGameplayTagsManager::ConstructGameplayTagTree: GameplayTagTreeChangedEvent.Broadcast -  0.000 s
[2023.12.26-03.38.08:623][  0]LogContentBrowser: Native class hierarchy updated for 'WidgetCarousel' in 0.0005 seconds. Added 0 classes and 0 folders.
[2023.12.26-03.38.08:650][  0]LogContentBrowser: Native class hierarchy updated for 'AddContentDialog' in 0.0006 seconds. Added 0 classes and 0 folders.
[2023.12.26-03.38.08:692][  0]LogContentBrowser: Native class hierarchy updated for 'SceneOutliner' in 0.0007 seconds. Added 1 classes and 2 folders.
[2023.12.26-03.38.08:738][  0]LogCrashTracker: Crashtracker disabled due to settings.
[2023.12.26-03.38.08:748][  0]LogUObjectGlobals:Warning: Failed to find object 'Class None.'
[2023.12.26-03.38.08:814][  0]LogContentBrowser: Native class hierarchy updated for 'HierarchicalLODOutliner' in 0.0005 seconds. Added 1 classes and 2 folders.
[2023.12.26-03.38.08:815][  0]LogLoad: (Engine Initialization) Total time: 14.17 seconds
[2023.12.26-03.38.08:815][  0]LogLoad: (Engine Initialization) Total Blueprint compile time: 0.08 seconds
[2023.12.26-03.38.08:815][  0]LogExternalProfiler: No external profilers were discovered.  External profiling features will not be available.
[2023.12.26-03.38.08:835][  0]LogOcInput: OculusInput pre-init called
[2023.12.26-03.38.08:849][  0]LogAssetRegistry: Asset discovery search completed in 8.6960 seconds
[2023.12.26-03.38.08:849][  0]LogCollectionManager: Rebuilt the object cache for 0 collections in 0.000000 seconds (found 0 objects)
[2023.12.26-03.38.08:849][  0]LogCollectionManager: Fixed up redirectors for 0 collections in 0.000014 seconds (updated 0 objects)
[2023.12.26-03.38.08:851][  0]LogContentStreaming: Texture pool size now 1000 MB
[2023.12.26-03.38.08:859][  0]LogSlate: Took 0.000244 seconds to synchronously load lazily loaded font '../../../Engine/Content/Slate/Fonts/Roboto-Regular.ttf' (155K)
[2023.12.26-03.38.08:862][  0]LogSlate: Took 0.000261 seconds to synchronously load lazily loaded font '../../../Engine/Content/Slate/Fonts/Roboto-Bold.ttf' (160K)
[2023.12.26-03.38.08:866][  0]LogSlate: Took 0.000230 seconds to synchronously load lazily loaded font '../../../Engine/Content/Editor/Slate/Fonts/FontAwesome.ttf' (139K)
[2023.12.26-03.38.08:973][  0]LogRenderer: Reallocating scene render targets to support 1208x576 NumSamples 1 (Frame:2).
[2023.12.26-03.38.09:016][  0]LogSlate: Took 0.000210 seconds to synchronously load lazily loaded font '../../../Engine/Content/Slate/Fonts/Roboto-Light.ttf' (159K)
[2023.12.26-03.38.09:845][ 44]LogSlate: Took 0.000219 seconds to synchronously load lazily loaded font '../../../Engine/Content/Slate/Fonts/Roboto-Light.ttf' (159K)
[2023.12.26-03.38.28:818][179]LogSlate: Took 0.000145 seconds to synchronously load lazily loaded font '../../../Engine/Content/Slate/Fonts/Roboto-Light.ttf' (159K)
[2023.12.26-03.38.28:845][179]LogAIModule: Creating AISystem for world 8-Blueprint7
[2023.12.26-03.38.28:861][179]Cmd: MAP LOAD FILE="../../../../../Users/MelchioT/Documents/workUnrealEngine4/MotorUnreal4B/Content/Levels/8-Blueprint7.umap" TEMPLATE=0 SHOWPROGRESS=1 FEATURELEVEL=3
[2023.12.26-03.38.28:861][179]LightingResults: New page: Lighting Build
[2023.12.26-03.38.28:862][179]LoadErrors: New page: Loading map: 8-Blueprint7.umap
[2023.12.26-03.38.28:863][179]MapCheck: New page: Map Check
[2023.12.26-03.38.28:863][179]LightingResults: New page: Lighting Build
[2023.12.26-03.38.28:873][179]LogEditorServer: Finished looking for orphan Actors (0.000 secs)
[2023.12.26-03.38.28:889][179]Cmd: MAP CHECKDEP NOCLEARLOG
[2023.12.26-03.38.28:919][179]MapCheck: Info Map check complete: 0 Error(s), 0 Warning(s), took 29.436ms to complete.
[2023.12.26-03.38.28:919][179]LogFileHelpers: Loading map '8-Blueprint7' took 0.059
[2023.12.26-03.38.35:180][550]LogAIModule: Creating AISystem for world 9-Blueprint8
[2023.12.26-03.38.35:192][550]Cmd: MAP LOAD FILE="../../../../../Users/MelchioT/Documents/workUnrealEngine4/MotorUnreal4B/Content/Levels/9-Blueprint8.umap" TEMPLATE=0 SHOWPROGRESS=1 FEATURELEVEL=3
[2023.12.26-03.38.35:192][550]LightingResults: New page: Lighting Build
[2023.12.26-03.38.35:194][550]LoadErrors: New page: Loading map: 9-Blueprint8.umap
[2023.12.26-03.38.35:194][550]MapCheck: New page: Map Check
[2023.12.26-03.38.35:194][550]LightingResults: New page: Lighting Build
[2023.12.26-03.38.35:203][550]LogEditorServer: Finished looking for orphan Actors (0.000 secs)
[2023.12.26-03.38.35:219][550]Cmd: MAP CHECKDEP NOCLEARLOG
[2023.12.26-03.38.35:248][550]MapCheck: Info Map check complete: 0 Error(s), 0 Warning(s), took 29.369ms to complete.
[2023.12.26-03.38.35:248][550]LogFileHelpers: Loading map '9-Blueprint8' took 0.057
[2023.12.26-03.38.37:794][701]LogTemp: Repeting last play command: Selected Viewport
[2023.12.26-03.38.37:801][701]LogPlayLevel: PlayLevel: No blueprints needed recompiling
[2023.12.26-03.38.37:801][701]PIE: New page: PIE session: 9-Blueprint8 (Dec 25, 2023, 9:38:37 PM)
[2023.12.26-03.38.37:801][701]LogPlayLevel: Creating play world package: /Game/Levels/UEDPIE_0_9-Blueprint8
[2023.12.26-03.38.37:803][701]LogPlayLevel: PIE: StaticDuplicateObject took: (0.001795s)
[2023.12.26-03.38.37:804][701]LogAIModule: Creating AISystem for world 9-Blueprint8
[2023.12.26-03.38.37:804][701]LogPlayLevel: PIE: World Init took: (0.000814s)
[2023.12.26-03.38.37:804][701]LogPlayLevel: PIE: Created PIE world by copying editor world from /Game/Levels/9-Blueprint8.9-Blueprint8 to /Game/Levels/UEDPIE_0_9-Blueprint8.9-Blueprint8 (0.002821s)
[2023.12.26-03.38.37:819][701]LogInit: XAudio2 using 'Altavoces (Realtek(R) Audio)' : 2 channels at 48 kHz using 16 bits per sample (channel mask 0x3)
[2023.12.26-03.38.37:834][701]LogInit: FAudioDevice initialized.
[2023.12.26-03.38.37:878][701]LogLoad: Game class is 'GameModeBase'
[2023.12.26-03.38.37:881][701]LogWorld: Bringing World /Game/Levels/UEDPIE_0_9-Blueprint8.9-Blueprint8 up for play (max tick rate 60) at 2023.12.26-00.38.37
[2023.12.26-03.38.37:881][701]LogWorld: Bringing up level for play took: 0.001025
[2023.12.26-03.38.37:920][701]LogContentBrowser: Native class hierarchy updated for 'MovieSceneCapture' in 0.0006 seconds. Added 11 classes and 0 folders.
[2023.12.26-03.38.37:921][701]PIE: Info Play in editor start time for /Game/Levels/UEDPIE_0_9-Blueprint8 -0.354
[2023.12.26-03.39.05:605][141]Cmd: MAP LOAD FILE="../../../Engine/Content/Maps/Templates/Template_Default.umap" TEMPLATE=1 SHOWPROGRESS=1 FEATURELEVEL=3
[2023.12.26-03.39.05:622][141]LightingResults: New page: Lighting Build
[2023.12.26-03.39.05:623][141]LoadErrors: New page: Loading map: Template_Default.umap
[2023.12.26-03.39.05:625][141]MapCheck: New page: Map Check
[2023.12.26-03.39.05:625][141]LightingResults: New page: Lighting Build
[2023.12.26-03.39.05:639][141]LogAIModule: Creating AISystem for world Untitled_2
[2023.12.26-03.39.05:641][141]LogActorComponent: RegisterComponentWithWorld: (/Temp/Untitled_2.Untitled_2:PersistentLevel.WorldSettings_1.StaticMeshComponent0) Trying to register component with IsPendingKill() == true. Aborting.
[2023.12.26-03.39.05:645][141]LogEditorServer: Finished looking for orphan Actors (0.000 secs)
[2023.12.26-03.39.05:656][141]Cmd: MAP CHECKDEP NOCLEARLOG
[2023.12.26-03.39.05:686][141]MapCheck: Info Map check complete: 0 Error(s), 0 Warning(s), took 30.032ms to complete.
[2023.12.26-03.39.05:686][141]LogFileHelpers: Loading map 'Template_Default' took 2.717
[2023.12.26-03.39.25:432][204]LogSlate: Took 0.000232 seconds to synchronously load lazily loaded font '../../../Engine/Content/Editor/Slate/Fonts/Roboto-Italic.ttf' (157K)
[2023.12.26-03.39.27:481][327]LogTemp: Repeting last play command: Selected Viewport
[2023.12.26-03.39.27:488][327]LogPlayLevel: PlayLevel: No blueprints needed recompiling
[2023.12.26-03.39.27:488][327]PIE: New page: PIE session: Untitled_2 (Dec 25, 2023, 9:39:27 PM)
[2023.12.26-03.39.27:488][327]LogPlayLevel: Creating play world package: /Temp/UEDPIE_0_Untitled_2
[2023.12.26-03.39.27:490][327]LogPlayLevel: PIE: StaticDuplicateObject took: (0.001661s)
[2023.12.26-03.39.27:491][327]LogAIModule: Creating AISystem for world Untitled_2
[2023.12.26-03.39.27:491][327]LogPlayLevel: PIE: World Init took: (0.000806s)
[2023.12.26-03.39.27:491][327]LogPlayLevel: PIE: Created PIE world by copying editor world from /Temp/Untitled_2.Untitled_2 to /Temp/UEDPIE_0_Untitled_2.Untitled_2 (0.002682s)
[2023.12.26-03.39.27:508][327]LogInit: XAudio2 using 'Altavoces (Realtek(R) Audio)' : 2 channels at 48 kHz using 16 bits per sample (channel mask 0x3)
[2023.12.26-03.39.27:524][327]LogInit: FAudioDevice initialized.
[2023.12.26-03.39.27:558][327]LogLoad: Game class is 'GameModeBase'
[2023.12.26-03.39.27:561][327]LogWorld: Bringing World /Temp/UEDPIE_0_Untitled_2.Untitled_2 up for play (max tick rate 60) at 2023.12.26-00.39.27
[2023.12.26-03.39.27:561][327]LogWorld: Bringing up level for play took: 0.001016
[2023.12.26-03.39.27:562][327]PIE: Info Play in editor start time for /Temp/UEDPIE_0_Untitled_2 -0.712
[2023.12.26-03.39.52:943][ 78]LogTextFormatter:Warning: Failed to parse argument "ExistingAsset" as a number (using "0" as a fallback). Please check your format string for errors: "{ExistingAsset} already exists. Do you want to replace it?".
[2023.12.26-03.40.06:171][ 78]LogSavePackage: Save=24.77ms
[2023.12.26-03.40.06:171][ 78]LogSavePackage: Moving '../../../../../Users/MelchioT/Documents/workUnrealEngine4/MotorUnreal4B/Saved/10-Blueprint93985D5924AF8FC463B806CA8566BCC57.tmp' to '../../../../../Users/MelchioT/Documents/workUnrealEngine4/MotorUnreal4B/Content/Levels/10-Blueprint9.umap'
[2023.12.26-03.40.06:173][ 78]LogSavePackage:Display: Finished SavePackage ../../../../../Users/MelchioT/Documents/workUnrealEngine4/MotorUnreal4B/Content/Levels/10-Blueprint9.umap
[2023.12.26-03.40.06:195][ 78]LogFileHelpers: Saving map '10-Blueprint9' took 0.206
[2023.12.26-03.40.09:015][235]Cmd: QUIT_EDITOR
[2023.12.26-03.40.09:822][235]LogWindowsTextInputMethodSystem:Display: IME system now deactivated.
[2023.12.26-03.40.09:843][235]LogExit: Preparing to exit.
[2023.12.26-03.40.10:956][235]LogDirectoryWatcher: A directory notification for 'C:/Users/MelchioT/Documents/workUnrealEngine4/MotorUnreal4B/Content/' was aborted.
[2023.12.26-03.40.10:968][235]LogExit: Editor shut down
[2023.12.26-03.40.10:968][235]LogExit: Transaction tracking system shut down
[2023.12.26-03.40.11:016][235]LogObj: Freed 0b from 0 cluster array pools.
[2023.12.26-03.40.11:016][235]LogExit: Object subsystem successfully closed.
[2023.12.26-03.40.11:029][235]LogD3D11RHI: Shutdown
[2023.12.26-03.40.11:029][235]LogD3D11RHI: CleanupD3DDevice
[2023.12.26-03.40.11:097][235]LogD3D11RHI: ~FD3D11DynamicRHI
[2023.12.26-03.40.11:107][235]LogModuleManager: Shutting down and abandoning module NewLevelDialog (484)
[2023.12.26-03.40.11:107][235]LogModuleManager: Shutting down and abandoning module MovieSceneCapture (482)
[2023.12.26-03.40.11:107][235]LogModuleManager: Shutting down and abandoning module HierarchicalLODOutliner (480)
[2023.12.26-03.40.11:107][235]LogModuleManager: Shutting down and abandoning module CrashTracker (478)
[2023.12.26-03.40.11:107][235]LogModuleManager: Shutting down and abandoning module SceneOutliner (476)
[2023.12.26-03.40.11:107][235]LogModuleManager: Shutting down and abandoning module AddContentDialog (474)
[2023.12.26-03.40.11:108][235]LogDirectoryWatcher: A directory notification for 'C:/Program Files/Unreal Engine 4 (4.15.0)/FeaturePacks/' was aborted.
[2023.12.26-03.40.11:108][235]LogModuleManager: Shutting down and abandoning module WidgetCarousel (473)
[2023.12.26-03.40.11:108][235]LogModuleManager: Shutting down and abandoning module EditorWidgets (470)
[2023.12.26-03.40.11:108][235]LogModuleManager: Shutting down and abandoning module CollectionManager (468)
[2023.12.26-03.40.11:108][235]LogDirectoryWatcher: A directory notification for 'C:/Users/MelchioT/Documents/workUnrealEngine4/MotorUnreal4B/Content/Collections/' was aborted.
[2023.12.26-03.40.11:108][235]LogDirectoryWatcher: A directory notification for 'C:/Users/MelchioT/Documents/workUnrealEngine4/MotorUnreal4B/Content/Developers/MelchioT/Collections/' was aborted.
[2023.12.26-03.40.11:108][235]LogDirectoryWatcher: A directory notification for 'C:/Users/MelchioT/Documents/workUnrealEngine4/MotorUnreal4B/Saved/Collections/' was aborted.
[2023.12.26-03.40.11:108][235]LogModuleManager: Shutting down and abandoning module StatsViewer (466)
[2023.12.26-03.40.11:108][235]LogModuleManager: Shutting down and abandoning module FoliageEdit (464)
[2023.12.26-03.40.11:108][235]LogModuleManager: Shutting down and abandoning module LandscapeEditor (462)
[2023.12.26-03.40.11:109][235]LogModuleManager: Shutting down and abandoning module SceneDepthPickerMode (460)
[2023.12.26-03.40.11:109][235]LogModuleManager: Shutting down and abandoning module ActorPickerMode (458)
[2023.12.26-03.40.11:109][235]LogModuleManager: Shutting down and abandoning module GeometryMode (456)
[2023.12.26-03.40.11:109][235]LogModuleManager: Shutting down and abandoning module TextureAlignMode (454)
[2023.12.26-03.40.11:109][235]LogModuleManager: Shutting down and abandoning module BspMode (452)
[2023.12.26-03.40.11:109][235]LogModuleManager: Shutting down and abandoning module HardwareSurvey (450)
[2023.12.26-03.40.11:109][235]LogModuleManager: Shutting down and abandoning module SequenceRecorderSections (448)
[2023.12.26-03.40.11:109][235]LogModuleManager: Shutting down and abandoning module AutomationWorker (446)
[2023.12.26-03.40.11:109][235]LogModuleManager: Shutting down and abandoning module MatineeToLevelSequence (444)
[2023.12.26-03.40.11:109][235]LogModuleManager: Shutting down and abandoning module LevelSequenceEditor (442)
[2023.12.26-03.40.11:109][235]LogModuleManager: Shutting down and abandoning module PlacementMode (441)
[2023.12.26-03.40.11:109][235]LogModuleManager: Shutting down and abandoning module WmfMediaFactory (438)
[2023.12.26-03.40.11:109][235]LogModuleManager: Shutting down and abandoning module WmfMediaEditor (436)
[2023.12.26-03.40.11:109][235]LogModuleManager: Shutting down and abandoning module MfMediaFactory (434)
[2023.12.26-03.40.11:109][235]LogModuleManager: Shutting down and abandoning module MfMediaEditor (432)
[2023.12.26-03.40.11:109][235]LogModuleManager: Shutting down and abandoning module AvfMediaFactory (430)
[2023.12.26-03.40.11:109][235]LogModuleManager: Shutting down and abandoning module AvfMediaEditor (428)
[2023.12.26-03.40.11:109][235]LogModuleManager: Shutting down and abandoning module AndroidMediaFactory (426)
[2023.12.26-03.40.11:109][235]LogModuleManager: Shutting down and abandoning module Media (425)
[2023.12.26-03.40.11:109][235]LogModuleManager: Shutting down and abandoning module AndroidMediaEditor (422)
[2023.12.26-03.40.11:109][235]LogModuleManager: Shutting down and abandoning module CharacterAI (420)
[2023.12.26-03.40.11:109][235]LogModuleManager: Shutting down and abandoning module AudioCapture (418)
[2023.12.26-03.40.11:109][235]LogModuleManager: Shutting down and abandoning module SequenceRecorder (417)
[2023.12.26-03.40.11:109][235]LogModuleManager: Shutting down and abandoning module SmartSnapping (414)
[2023.12.26-03.40.11:109][235]LogModuleManager: Shutting down and abandoning module SessionServices (412)
[2023.12.26-03.40.11:109][235]LogModuleManager: Shutting down and abandoning module ViewportSnapping (410)
[2023.12.26-03.40.11:109][235]LogModuleManager: Shutting down and abandoning module ViewportInteraction (408)
[2023.12.26-03.40.11:109][235]LogModuleManager: Shutting down and abandoning module LogVisualizer (406)
[2023.12.26-03.40.11:109][235]LogModuleManager: Shutting down and abandoning module IntroTutorials (404)
[2023.12.26-03.40.11:109][235]LogModuleManager: Shutting down and abandoning module GameProjectGeneration (403)
[2023.12.26-03.40.11:109][235]LogModuleManager: Shutting down and abandoning module EditorLiveStreaming (400)
[2023.12.26-03.40.11:109][235]LogModuleManager: Shutting down and abandoning module IOSPlatformEditor (398)
[2023.12.26-03.40.11:109][235]LogModuleManager: Shutting down and abandoning module HTML5PlatformEditor (396)
[2023.12.26-03.40.11:109][235]LogModuleManager: Shutting down and abandoning module AndroidPlatformEditor (394)
[2023.12.26-03.40.11:109][235]LogModuleManager: Shutting down and abandoning module AndroidDeviceDetection (393)
[2023.12.26-03.40.11:687][235]LogModuleManager: Shutting down and abandoning module IOSRuntimeSettings (390)
[2023.12.26-03.40.11:687][235]LogModuleManager: Shutting down and abandoning module AndroidRuntimeSettings (388)
[2023.12.26-03.40.11:687][235]LogModuleManager: Shutting down and abandoning module InputBindingEditor (386)
[2023.12.26-03.40.11:687][235]LogModuleManager: Shutting down and abandoning module NiagaraEditor (384)
[2023.12.26-03.40.11:687][235]LogModuleManager: Shutting down and abandoning module MergeActors (382)
[2023.12.26-03.40.11:687][235]LogModuleManager: Shutting down and abandoning module SizeMap (380)
[2023.12.26-03.40.11:687][235]LogModuleManager: Shutting down and abandoning module TreeMap (378)
[2023.12.26-03.40.11:688][235]LogModuleManager: Shutting down and abandoning module ReferenceViewer (376)
[2023.12.26-03.40.11:688][235]LogModuleManager: Shutting down and abandoning module LocalizationDashboard (374)
[2023.12.26-03.40.11:688][235]LogModuleManager: Shutting down and abandoning module LocalizationService (373)
[2023.12.26-03.40.11:688][235]LogModuleManager: Shutting down and abandoning module HardwareTargeting (370)
[2023.12.26-03.40.11:688][235]LogModuleManager: Shutting down and abandoning module DeviceProfileEditor (368)
[2023.12.26-03.40.11:688][235]LogModuleManager: Shutting down and abandoning module UndoHistory (366)
[2023.12.26-03.40.11:688][235]LogModuleManager: Shutting down and abandoning module UserFeedback (364)
[2023.12.26-03.40.11:688][235]LogModuleManager: Shutting down and abandoning module XmlParser (362)
[2023.12.26-03.40.11:688][235]LogModuleManager: Shutting down and abandoning module Blutility (360)
[2023.12.26-03.40.11:688][235]LogModuleManager: Shutting down and abandoning module ProjectSettingsViewer (358)
[2023.12.26-03.40.11:688][235]LogModuleManager: Shutting down and abandoning module ProjectTargetPlatformEditor (357)
[2023.12.26-03.40.11:688][235]LogModuleManager: Shutting down and abandoning module EditorSettingsViewer (354)
[2023.12.26-03.40.11:688][235]LogModuleManager: Shutting down and abandoning module SettingsEditor (352)
[2023.12.26-03.40.11:688][235]LogModuleManager: Shutting down and abandoning module ProjectLauncher (350)
[2023.12.26-03.40.11:688][235]LogModuleManager: Shutting down and abandoning module SessionFrontend (348)
[2023.12.26-03.40.11:688][235]LogModuleManager: Shutting down and abandoning module ProfilerClient (346)
[2023.12.26-03.40.11:688][235]LogModuleManager: Shutting down and abandoning module DeviceManager (344)
[2023.12.26-03.40.11:688][235]LogModuleManager: Shutting down and abandoning module TargetDeviceServices (343)
[2023.12.26-03.40.11:732][235]LogModuleManager: Shutting down and abandoning module AutomationController (340)
[2023.12.26-03.40.11:732][235]LogModuleManager: Shutting down and abandoning module AutomationWindow (338)
[2023.12.26-03.40.11:732][235]LogModuleManager: Shutting down and abandoning module Layers (336)
[2023.12.26-03.40.11:732][235]LogModuleManager: Shutting down and abandoning module ComponentVisualizers (334)
[2023.12.26-03.40.11:732][235]LogModuleManager: Shutting down and abandoning module DetailCustomizations (332)
[2023.12.26-03.40.11:732][235]LogModuleManager: Shutting down and abandoning module PackagesDialog (330)
[2023.12.26-03.40.11:732][235]LogModuleManager: Shutting down and abandoning module Persona (328)
[2023.12.26-03.40.11:732][235]LogModuleManager: Shutting down and abandoning module AnimGraph (327)
[2023.12.26-03.40.11:732][235]LogModuleManager: Shutting down and abandoning module Kismet (324)
[2023.12.26-03.40.11:733][235]LogModuleManager: Shutting down and abandoning module GraphEditor (322)
[2023.12.26-03.40.11:733][235]LogModuleManager: Shutting down and abandoning module ClassViewer (320)
[2023.12.26-03.40.11:733][235]LogModuleManager: Shutting down and abandoning module Toolbox (318)
[2023.12.26-03.40.11:733][235]LogModuleManager: Shutting down and abandoning module ModuleUI (316)
[2023.12.26-03.40.11:733][235]LogModuleManager: Shutting down and abandoning module MovieSceneTools (314)
[2023.12.26-03.40.11:733][235]LogModuleManager: Shutting down and abandoning module OutputLog (312)
[2023.12.26-03.40.11:733][235]LogModuleManager: Shutting down and abandoning module GammaUI (310)
[2023.12.26-03.40.11:733][235]LogModuleManager: Shutting down and abandoning module Documentation (308)
[2023.12.26-03.40.11:733][235]LogModuleManager: Shutting down and abandoning module Niagara (306)
[2023.12.26-03.40.11:733][235]LogModuleManager: Shutting down and abandoning module StreamingPauseRendering (304)
[2023.12.26-03.40.11:733][235]LogModuleManager: Shutting down and abandoning module AnalyticsET (302)
[2023.12.26-03.40.11:733][235]LogModuleManager: Shutting down and abandoning module PortalServices (300)
[2023.12.26-03.40.11:733][235]LogModuleManager: Shutting down and abandoning module PortalRpc (298)
[2023.12.26-03.40.11:733][235]LogModuleManager: Shutting down and abandoning module MessagingRpc (296)
[2023.12.26-03.40.11:733][235]LogModuleManager: Shutting down and abandoning module AIModule (294)
[2023.12.26-03.40.11:733][235]LogModuleManager: Shutting down and abandoning module GameplayDebugger (293)
[2023.12.26-03.40.11:733][235]LogModuleManager: Shutting down and abandoning module AITestSuite (291)
[2023.12.26-03.40.11:733][235]LogModuleManager: Shutting down and abandoning module ProfilerService (288)
[2023.12.26-03.40.11:930][235]LogModuleManager: Shutting down and abandoning module TaskGraph (286)
[2023.12.26-03.40.11:930][235]LogModuleManager: Shutting down and abandoning module SteamVRController (284)
[2023.12.26-03.40.11:930][235]LogModuleManager: Shutting down and abandoning module SteamVR (282)
[2023.12.26-03.40.11:930][235]LogModuleManager: Shutting down and abandoning module ProceduralMeshComponentEditor (280)
[2023.12.26-03.40.11:930][235]LogModuleManager: Shutting down and abandoning module ProceduralMeshComponent (278)
[2023.12.26-03.40.11:930][235]LogModuleManager: Shutting down and abandoning module OculusLibrary (276)
[2023.12.26-03.40.11:930][235]LogModuleManager: Shutting down and abandoning module OculusInput (274)
[2023.12.26-03.40.11:930][235]LogModuleManager: Shutting down and abandoning module MobilePatchingUtils (272)
[2023.12.26-03.40.11:930][235]LogModuleManager: Shutting down and abandoning module CustomMeshComponent (270)
[2023.12.26-03.40.11:930][235]LogModuleManager: Shutting down and abandoning module CableComponent (268)
[2023.12.26-03.40.11:930][235]LogModuleManager: Shutting down and abandoning module ArchVisCharacter (266)
[2023.12.26-03.40.11:930][235]LogModuleManager: Shutting down and abandoning module MediaPlayerEditor (262)
[2023.12.26-03.40.11:931][235]LogModuleManager: Shutting down and abandoning module HTML5Networking (260)
[2023.12.26-03.40.11:931][235]LogModuleManager: Shutting down and abandoning module AlembicImporter (258)
[2023.12.26-03.40.11:931][235]LogModuleManager: Shutting down and abandoning module AlembicLibrary (257)
[2023.12.26-03.40.11:931][235]LogModuleManager: Shutting down and abandoning module GeometryCache (256)
[2023.12.26-03.40.11:931][235]LogModuleManager: Shutting down and abandoning module GeometryCacheEd (255)
[2023.12.26-03.40.11:931][235]LogModuleManager: Shutting down and abandoning module SuperSearchEditor (250)
[2023.12.26-03.40.11:931][235]LogModuleManager: Shutting down and abandoning module SuperSearch (249)
[2023.12.26-03.40.11:931][235]LogModuleManager: Shutting down and abandoning module SpeedTreeImporter (246)
[2023.12.26-03.40.11:931][235]LogModuleManager: Shutting down and abandoning module PluginBrowser (244)
[2023.12.26-03.40.11:931][235]LogModuleManager: Shutting down and abandoning module MobileLauncherProfileWizard (242)
[2023.12.26-03.40.11:931][235]LogModuleManager: Shutting down and abandoning module EpicSurvey (240)
[2023.12.26-03.40.11:931][235]LogModuleManager: Shutting down and abandoning module VisualStudioSourceCodeAccess (238)
[2023.12.26-03.40.11:931][235]LogModuleManager: Shutting down and abandoning module DesktopPlatform (237)
[2023.12.26-03.40.11:931][235]LogModuleManager: Shutting down and abandoning module UObjectPlugin (234)
[2023.12.26-03.40.11:931][235]LogModuleManager: Shutting down and abandoning module SubversionSourceControl (232)
[2023.12.26-03.40.11:931][235]LogModuleManager: Shutting down and abandoning module PerforceSourceControl (230)
[2023.12.26-03.40.11:931][235]LogModuleManager: Shutting down and abandoning module GitSourceControl (228)
[2023.12.26-03.40.11:931][235]LogModuleManager: Shutting down and abandoning module SourceControl (227)
[2023.12.26-03.40.11:931][235]LogModuleManager: Shutting down and abandoning module LightPropagationVolumeEditor (224)
[2023.12.26-03.40.11:931][235]LogModuleManager: Shutting down and abandoning module PaperTiledImporter (222)
[2023.12.26-03.40.11:931][235]LogModuleManager: Shutting down and abandoning module PaperSpriteSheetImporter (220)
[2023.12.26-03.40.11:931][235]LogModuleManager: Shutting down and abandoning module Paper2DEditor (218)
[2023.12.26-03.40.11:931][235]LogModuleManager: Shutting down and abandoning module MeshPaint (217)
[2023.12.26-03.40.11:931][235]LogModuleManager: Shutting down and abandoning module LevelEditor (215)
[2023.12.26-03.40.11:932][235]LogModuleManager: Shutting down and abandoning module PixelInspectorModule (214)
[2023.12.26-03.40.11:932][235]LogModuleManager: Shutting down and abandoning module MainFrame (212)
[2023.12.26-03.40.11:932][235]LogModuleManager: Shutting down and abandoning module HotReload (211)
[2023.12.26-03.40.11:932][235]LogModuleManager: Shutting down and abandoning module ContentBrowser (207)
[2023.12.26-03.40.11:933][235]LogModuleManager: Shutting down and abandoning module PhysXVehiclesEditor (204)
[2023.12.26-03.40.11:933][235]LogModuleManager: Shutting down and abandoning module PhysXVehicles (202)
[2023.12.26-03.40.11:933][235]LogModuleManager: Shutting down and abandoning module LocationServicesBPLibrary (200)
[2023.12.26-03.40.11:933][235]LogModuleManager: Shutting down and abandoning module UdpMessaging (198)
[2023.12.26-03.40.12:034][235]LogModuleManager: Shutting down and abandoning module TcpMessaging (196)
[2023.12.26-03.40.12:135][235]LogModuleManager: Shutting down and abandoning module GameplayTagsEditor (194)
[2023.12.26-03.40.12:135][235]LogModuleManager: Shutting down and abandoning module FacialAnimationEditor (192)
[2023.12.26-03.40.12:135][235]LogModuleManager: Shutting down and abandoning module FacialAnimation (190)
[2023.12.26-03.40.12:135][235]LogModuleManager: Shutting down and abandoning module LightPropagationVolumeRuntime (188)
[2023.12.26-03.40.12:135][235]LogModuleManager: Shutting down and abandoning module Paper2D (186)
[2023.12.26-03.40.12:135][235]LogModuleManager: Shutting down and abandoning module WindowsMoviePlayer (184)
[2023.12.26-03.40.12:135][235]LogModuleManager: Shutting down and abandoning module WmfMedia (182)
[2023.12.26-03.40.12:136][235]LogModuleManager: Shutting down and abandoning module MfMedia (180)
[2023.12.26-03.40.12:136][235]LogModuleManager: Shutting down and abandoning module MediaAssets (178)
[2023.12.26-03.40.12:136][235]LogModuleManager: Shutting down and abandoning module GameLiveStreaming (176)
[2023.12.26-03.40.12:136][235]LogModuleManager: Shutting down and abandoning module VREditor (174)
[2023.12.26-03.40.12:136][235]LogModuleManager: Shutting down and abandoning module GameplayTasksEditor (172)
[2023.12.26-03.40.12:136][235]LogModuleManager: Shutting down and abandoning module BehaviorTreeEditor (170)
[2023.12.26-03.40.12:136][235]LogModuleManager: Shutting down and abandoning module FunctionalTesting (168)
[2023.12.26-03.40.12:136][235]LogModuleManager: Shutting down and abandoning module CollisionAnalyzer (166)
[2023.12.26-03.40.12:136][235]LogModuleManager: Shutting down and abandoning module UMG (164)
[2023.12.26-03.40.12:137][235]LogModuleManager: Shutting down and abandoning module UMGEditor (163)
[2023.12.26-03.40.12:137][235]LogModuleManager: Shutting down and abandoning module Sequencer (162)
[2023.12.26-03.40.12:137][235]LogModuleManager: Shutting down and abandoning module AssetTools (160)
[2023.12.26-03.40.12:137][235]LogModuleManager: Shutting down and abandoning module MessageLog (159)
[2023.12.26-03.40.12:137][235]LogModuleManager: Shutting down and abandoning module WorkspaceMenuStructure (158)
[2023.12.26-03.40.12:137][235]LogModuleManager: Shutting down and abandoning module SlateReflector (152)
[2023.12.26-03.40.12:137][235]LogModuleManager: Shutting down and abandoning module Slate (150)
[2023.12.26-03.40.12:137][235]LogModuleManager: Shutting down and abandoning module EditorStyle (148)
[2023.12.26-03.40.12:139][235]LogModuleManager: Shutting down and abandoning module SourceCodeAccess (146)
[2023.12.26-03.40.12:139][235]LogModuleManager: Shutting down and abandoning module HeadMountedDisplay (144)
[2023.12.26-03.40.12:139][235]LogModuleManager: Shutting down and abandoning module XAudio2 (142)
[2023.12.26-03.40.12:139][235]LogModuleManager: Shutting down and abandoning module Networking (140)
[2023.12.26-03.40.12:139][235]LogModuleManager: Shutting down and abandoning module Core (136)
[2023.12.26-03.40.12:139][235]LogModuleManager: Shutting down and abandoning module AssetRegistry (134)
[2023.12.26-03.40.12:300][235]LogDirectoryWatcher: A directory notification for '../../../Engine/Content/' was aborted.
[2023.12.26-03.40.12:300][235]LogDirectoryWatcher: A directory notification for '../../../../../Users/MelchioT/Documents/workUnrealEngine4/MotorUnreal4B/Content/' was aborted.
[2023.12.26-03.40.12:300][235]LogDirectoryWatcher: A directory notification for '../../../Engine/Plugins/2D/Paper2D/Content/' was aborted.
[2023.12.26-03.40.12:300][235]LogModuleManager: Shutting down and abandoning module DirectoryWatcher (133)
[2023.12.26-03.40.12:301][235]LogModuleManager: Shutting down and abandoning module KismetCompiler (130)
[2023.12.26-03.40.12:301][235]LogModuleManager: Shutting down and abandoning module PhysXFormats (128)
[2023.12.26-03.40.12:301][235]LogModuleManager: Shutting down and abandoning module MeshUtilities (126)
[2023.12.26-03.40.12:301][235]LogModuleManager: Shutting down and abandoning module QuadricMeshReduction (125)
[2023.12.26-03.40.12:301][235]LogModuleManager: Shutting down and abandoning module PropertyEditor (123)
[2023.12.26-03.40.12:301][235]LogModuleManager: Shutting down and abandoning module DerivedDataCache (120)
[2023.12.26-03.40.12:326][235]LogDerivedDataCache: Shutdown
[2023.12.26-03.40.12:326][235]LogModuleManager: Shutting down and abandoning module TargetPlatform (118)
[2023.12.26-03.40.12:326][235]LogModuleManager: Shutting down and abandoning module VulkanShaderFormat (117)
[2023.12.26-03.40.12:326][235]LogModuleManager: Shutting down and abandoning module MetalShaderFormat (115)
[2023.12.26-03.40.12:326][235]LogModuleManager: Shutting down and abandoning module ShaderFormatD3D (113)
[2023.12.26-03.40.12:326][235]LogModuleManager: Shutting down and abandoning module ShaderFormatOpenGL (111)
[2023.12.26-03.40.12:326][235]LogModuleManager: Shutting down and abandoning module TextureFormatUncompressed (109)
[2023.12.26-03.40.12:326][235]LogModuleManager: Shutting down and abandoning module TextureFormatASTC (107)
[2023.12.26-03.40.12:326][235]LogModuleManager: Shutting down and abandoning module ImageWrapper (106)
[2023.12.26-03.40.12:326][235]LogModuleManager: Shutting down and abandoning module TextureFormatPVR (103)
[2023.12.26-03.40.12:327][235]LogModuleManager: Shutting down and abandoning module TextureFormatDXT (101)
[2023.12.26-03.40.12:327][235]LogModuleManager: Shutting down and abandoning module TextureFormatIntelISPCTexComp (99)
[2023.12.26-03.40.12:327][235]LogModuleManager: Shutting down and abandoning module AudioFormatOpus (97)
[2023.12.26-03.40.12:327][235]LogModuleManager: Shutting down and abandoning module AudioFormatOgg (95)
[2023.12.26-03.40.12:327][235]LogModuleManager: Shutting down and abandoning module AudioFormatADPCM (93)
[2023.12.26-03.40.12:327][235]LogModuleManager: Shutting down and abandoning module TVOSTargetPlatform (91)
[2023.12.26-03.40.12:327][235]LogModuleManager: Shutting down and abandoning module Messaging (89)
[2023.12.26-03.40.12:327][235]LogModuleManager: Shutting down and abandoning module IOSTargetPlatform (87)
[2023.12.26-03.40.12:327][235]LogModuleManager: Shutting down and abandoning module HTML5TargetPlatform (85)
[2023.12.26-03.40.12:327][235]LogModuleManager: Shutting down and abandoning module Android_MultiTargetPlatform (83)
[2023.12.26-03.40.12:327][235]LogModuleManager: Shutting down and abandoning module Android_ASTCTargetPlatform (81)
[2023.12.26-03.40.12:327][235]LogModuleManager: Shutting down and abandoning module Android_ETC2TargetPlatform (79)
[2023.12.26-03.40.12:327][235]LogModuleManager: Shutting down and abandoning module Android_ETC1TargetPlatform (77)
[2023.12.26-03.40.12:327][235]LogModuleManager: Shutting down and abandoning module Android_DXTTargetPlatform (75)
[2023.12.26-03.40.12:327][235]LogModuleManager: Shutting down and abandoning module Android_ATCTargetPlatform (73)
[2023.12.26-03.40.12:327][235]LogModuleManager: Shutting down and abandoning module Android_PVRTCTargetPlatform (71)
[2023.12.26-03.40.12:327][235]LogModuleManager: Shutting down and abandoning module AndroidTargetPlatform (69)
[2023.12.26-03.40.12:327][235]LogModuleManager: Shutting down and abandoning module AllDesktopTargetPlatform (67)
[2023.12.26-03.40.12:327][235]LogModuleManager: Shutting down and abandoning module WindowsClientTargetPlatform (65)
[2023.12.26-03.40.12:327][235]LogModuleManager: Shutting down and abandoning module WindowsServerTargetPlatform (63)
[2023.12.26-03.40.12:327][235]LogModuleManager: Shutting down and abandoning module WindowsNoEditorTargetPlatform (61)
[2023.12.26-03.40.12:327][235]LogModuleManager: Shutting down and abandoning module WindowsTargetPlatform (59)
[2023.12.26-03.40.12:327][235]LogModuleManager: Shutting down and abandoning module MacClientTargetPlatform (57)
[2023.12.26-03.40.12:327][235]LogModuleManager: Shutting down and abandoning module MacServerTargetPlatform (55)
[2023.12.26-03.40.12:327][235]LogModuleManager: Shutting down and abandoning module MacNoEditorTargetPlatform (53)
[2023.12.26-03.40.12:327][235]LogModuleManager: Shutting down and abandoning module MacTargetPlatform (51)
[2023.12.26-03.40.12:327][235]LogModuleManager: Shutting down and abandoning module InputCore (48)
[2023.12.26-03.40.12:327][235]LogModuleManager: Shutting down and abandoning module Settings (46)
[2023.12.26-03.40.12:327][235]LogModuleManager: Shutting down and abandoning module OculusRift (44)
[2023.12.26-03.40.12:327][235]LogModuleManager: Shutting down and abandoning module ExampleDeviceProfileSelector (42)
[2023.12.26-03.40.12:327][235]LogModuleManager: Shutting down and abandoning module OnlineBlueprintSupport (40)
[2023.12.26-03.40.12:327][235]LogModuleManager: Shutting down and abandoning module OnlineSubsystem (36)
[2023.12.26-03.40.12:327][235]LogOnline:Display: Unloading online subsystem: NULL
[2023.12.26-03.40.12:327][235]LogModuleManager: Shutting down and abandoning module HTTP (35)
[2023.12.26-03.40.12:327][235]LogHttp:Display: Http module shutting down, but needs to wait on 1 outstanding Http requests:
[2023.12.26-03.40.12:327][235]LogHttp:Display: 	verb=[POST] url=[https://datarouter.ol.epicgames.com/datarouter/api/v1/public/data?SessionID=%7B7090CF0E-468B-7CB0-A875-2886A52664CD%7D&AppID=UEEditor.UnrealEngine.Release&AppVersion=4.15.0-0%2B%2B%2BUE4%2BRelease-4.15&UserID=aa7ec4a94460bf88f1f872b01bef9583%7C8cfcda83180144cdb9bb2bc7d773924e%7C775b68d6-d1f3-44da-96ce-dab51d83f808&AppEnvironment=datacollector-source&UploadType=eteventstream] status=Processing
[2023.12.26-03.40.12:334][235]LogModuleManager: Shutting down and abandoning module SSL (34)
[2023.12.26-03.40.12:335][235]LogModuleManager: Shutting down and abandoning module AudioEditor (30)
[2023.12.26-03.40.12:335][235]LogModuleManager: Shutting down and abandoning module TextureCompressor (28)
[2023.12.26-03.40.12:335][235]LogModuleManager: Shutting down and abandoning module ShaderCore (26)
[2023.12.26-03.40.12:335][235]LogModuleManager: Shutting down and abandoning module Landscape (24)
[2023.12.26-03.40.12:335][235]LogModuleManager: Shutting down and abandoning module SlateRHIRenderer (22)
[2023.12.26-03.40.12:336][235]LogModuleManager: Shutting down and abandoning module OpenGLDrv (20)
[2023.12.26-03.40.12:336][235]LogModuleManager: Shutting down and abandoning module D3D11RHI (18)
[2023.12.26-03.40.12:336][235]LogModuleManager: Shutting down and abandoning module AnimGraphRuntime (16)
[2023.12.26-03.40.12:336][235]LogModuleManager: Shutting down and abandoning module Renderer (14)
[2023.12.26-03.40.12:336][235]LogModuleManager: Shutting down and abandoning module Engine (12)
[2023.12.26-03.40.12:336][235]LogModuleManager: Shutting down and abandoning module CoreUObject (10)
[2023.12.26-03.40.12:336][235]LogModuleManager: Shutting down and abandoning module NetworkFile (8)
[2023.12.26-03.40.12:336][235]LogModuleManager: Shutting down and abandoning module StreamingFile (6)
[2023.12.26-03.40.12:336][235]LogModuleManager: Shutting down and abandoning module SandboxFile (4)
[2023.12.26-03.40.12:336][235]LogModuleManager: Shutting down and abandoning module PakFile (2)
[2023.12.26-03.40.12:339][235]LogExit: Exiting.
[2023.12.26-03.40.12:341][235]Log file closed, 12/26/23 00:40:12
