Log file open, 01/04/24 11:02:33
LogInit:Display: Running engine for game: MotorUnreal4B
LogPlatformFile: Not using cached read wrapper
LogInit:Display: RandInit(-1008089968) SRandInit(-1008089968).
LogInit: Using version manifest at CL 0 with build ID '5af06b4c-3232-42c8-80e0-46572b4b0bc8'
LogTaskGraph: Started task graph with 5 named threads and 10 total threads with 1 sets of task threads.
LogStats: Stats thread started at 0.123819
LogInit: Using libcurl 7.47.1
LogInit:  - built for x86_64-pc-win32
LogInit:  - supports SSL with OpenSSL/1.0.2g
LogInit:  - supports HTTP deflate (compression) using libz 1.2.8
LogInit:  - other features:
LogInit:      CURL_VERSION_SSL
LogInit:      CURL_VERSION_LIBZ
LogInit:      CURL_VERSION_IPV6
LogInit:      CURL_VERSION_ASYNCHDNS
LogInit:      CURL_VERSION_LARGEFILE
LogInit:      CURL_VERSION_IDN
LogInit:  CurlRequestOptions (configurable via config and command line):
LogInit:  - bVerifyPeer = false  - Libcurl will NOT verify peer certificate
LogInit:  - bUseHttpProxy = false  - Libcurl will NOT use HTTP proxy
LogInit:  - bDontReuseConnections = false  - Libcurl will reuse connections
LogInit:  - CertBundlePath = nullptr  - Libcurl will use whatever was configured at build time.
LogInit: Build: ++UE4+Release-4.15-CL-0
LogInit: Engine Version: 4.15.0-0+++UE4+Release-4.15
LogInit: Compatible Engine Version: 4.15.0-0+++UE4+Release-4.15
LogInit: Net CL: 0
LogDevObjectVersion: Number of dev versions registered: 14
LogDevObjectVersion:   Dev-Blueprints (B0D832E4-1F89-4F0D-ACCF-7EB736FD4AA2): 8
LogDevObjectVersion:   Dev-Build (E1C64328-A22C-4D53-A36C-8E866417BD8C): 0
LogDevObjectVersion:   Dev-Core (375EC13C-06E4-48FB-B500-84F0262A717E): 2
LogDevObjectVersion:   Dev-Editor (E4B068ED-F494-42E9-A231-DA0B2E46BB41): 14
LogDevObjectVersion:   Dev-Framework (CFFC743F-43B0-4480-9391-14DF171D2073): 22
LogDevObjectVersion:   Dev-Mobile (B02B49B5-BB20-44E9-A304-32B752E40360): 0
LogDevObjectVersion:   Dev-Networking (A4E4105C-59A1-49B5-A7C5-40C4547EDFEE): 0
LogDevObjectVersion:   Dev-Online (39C831C9-5AE6-47DC-9A44-9C173E1C8E7C): 0
LogDevObjectVersion:   Dev-Physics (78F01B33-EBEA-4F98-B9B4-84EACCB95AA2): 0
LogDevObjectVersion:   Dev-Platform (6631380F-2D4D-43E0-8009-CF276956A95A): 0
LogDevObjectVersion:   Dev-Rendering (12F88B9F-8875-4AFC-A67C-D90C383ABD29): 12
LogDevObjectVersion:   Dev-Sequencer (7B5AE74C-D270-4C10-A958-57980B212A5A): 3
LogDevObjectVersion:   Dev-VR (D7296918-1DD6-4BDD-9DE2-64A83CC13884): 0
LogDevObjectVersion:   Dev-LoadTimes (C2A15278-BFE7-4AFE-6C17-90FF531DF755): 1
LogInit: Compiled (64-bit): Apr  2 2023 09:25:01
LogInit: Compiled with Visual C++: 19.00.24210.00
LogInit: Build Configuration: Development
LogInit: Branch Name: ++UE4+Release-4.15
LogInit: Command line: 
LogInit: Base directory: C:/Program Files/Unreal Engine 4 (4.15.0)/Engine/Binaries/Win64/
LogInit: Installed Engine Build: 0
LogInit: Presizing for max 8388607 objects, including 0 objects not considered by GC, pre-allocating 0 bytes for permanent pool.
LogInit: Object subsystem initialized
[2024.01.04-14.02.33:312][  0]LogInit: Selected Device Profile: [Windows]
[2024.01.04-14.02.33:312][  0]LogInit: Applying CVar settings loaded from the selected device profile: [Windows]
[2024.01.04-14.02.33:318][  0]LogInit: Computer: DESKTOP-GOSDJOG
[2024.01.04-14.02.33:318][  0]LogInit: User: MelchioT
[2024.01.04-14.02.33:318][  0]LogInit: CPU Page size=65536, Cores=6
[2024.01.04-14.02.33:318][  0]LogInit: High frequency timer resolution =10.000000 MHz
[2024.01.04-14.02.33:318][  0]LogMemory: Memory total: Physical=31.2GB (32GB approx)
[2024.01.04-14.02.33:318][  0]LogMemory: Platform Memory Stats for Windows
[2024.01.04-14.02.33:318][  0]LogMemory: Process Physical Memory: 263.87 MB used, 263.88 MB peak
[2024.01.04-14.02.33:318][  0]LogMemory: Process Virtual Memory: 268.45 MB used, 268.45 MB peak
[2024.01.04-14.02.33:318][  0]LogMemory: Physical Memory: 7665.94 MB used,  24309.73 MB free, 31975.68 MB total
[2024.01.04-14.02.33:318][  0]LogMemory: Virtual Memory: 4760.25 MB used,  24309.73 MB free, 134217728.00 MB total
[2024.01.04-14.02.33:399][  0]LogInit: Overriding culture en with editor configuration.
[2024.01.04-14.02.33:989][  0]LogD3D11RHI: D3D11 adapters:
[2024.01.04-14.02.34:024][  0]LogD3D11RHI:    0. 'AMD Radeon(TM) Graphics' (Feature Level 11_0)
[2024.01.04-14.02.34:024][  0]LogD3D11RHI:       495/0/15987 MB DedicatedVideo/DedicatedSystem/SharedSystem, Outputs:1, VendorId:0x1002
[2024.01.04-14.02.34:026][  0]LogD3D11RHI:    1. 'Microsoft Basic Render Driver' (Feature Level 11_0)
[2024.01.04-14.02.34:026][  0]LogD3D11RHI:       0/0/15987 MB DedicatedVideo/DedicatedSystem/SharedSystem, Outputs:0, VendorId:0x1414
[2024.01.04-14.02.34:029][  0]LogD3D11RHI:    2. 'Microsoft Basic Render Driver' (Feature Level 11_0)
[2024.01.04-14.02.34:029][  0]LogD3D11RHI:       0/0/15987 MB DedicatedVideo/DedicatedSystem/SharedSystem, Outputs:0, VendorId:0x1414
[2024.01.04-14.02.34:029][  0]LogD3D11RHI: Chosen D3D11 Adapter: 0
[2024.01.04-14.02.34:038][  0]LogD3D11RHI: Creating new Direct3DDevice
[2024.01.04-14.02.34:038][  0]LogD3D11RHI:     GPU DeviceId: 0x1636 (for the marketing name, search the web for "GPU Device Id")
[2024.01.04-14.02.34:038][  0]LogWindows: EnumDisplayDevices:
[2024.01.04-14.02.34:038][  0]LogWindows:    0. 'Microsoft Basic Display Driver' (P:0 D:0)
[2024.01.04-14.02.34:038][  0]LogWindows:    1. 'AMD Radeon(TM) Graphics' (P:1 D:1)
[2024.01.04-14.02.34:038][  0]LogWindows:    2. 'AMD Radeon(TM) Graphics' (P:0 D:0)
[2024.01.04-14.02.34:038][  0]LogWindows:    3. 'AMD Radeon(TM) Graphics' (P:0 D:0)
[2024.01.04-14.02.34:039][  0]LogWindows:    4. 'AMD Radeon(TM) Graphics' (P:0 D:0)
[2024.01.04-14.02.34:039][  0]LogWindows:    5. 'AMD Radeon(TM) Graphics' (P:0 D:0)
[2024.01.04-14.02.34:039][  0]LogWindows: DebugString: GetVideoDriverDetailsInvalid PrimaryIsNotTheChoosenAdapter GetVideoDriverDetailsInvalid PrimaryIsNotTheChoosenAdapter GetVideoDriverDetailsInvalid PrimaryIsNotTheChoosenAdapter GetVideoDriverDetailsInvalid PrimaryIsNotTheChoosenAdapter GetVideoDriverDetailsInvalid PrimaryIsNotTheChoosenAdapter GetVideoDriverDetailsInvalid PrimaryIsNotTheChoosenAdapter FoundDriverCount:0 
[2024.01.04-14.02.34:039][  0]LogD3D11RHI:     Adapter Name: AMD Radeon(TM) Graphics
[2024.01.04-14.02.34:039][  0]LogD3D11RHI:   Driver Version: Unknown (internal:Unknown, unified:Unknown)
[2024.01.04-14.02.34:039][  0]LogD3D11RHI:      Driver Date: Unknown
[2024.01.04-14.02.34:039][  0]LogRHI: Texture pool is 347 MB (70% of 495 MB)
[2024.01.04-14.02.34:090][  0]LogD3D11RHI: Async texture creation enabled
[2024.01.04-14.02.34:105][  0]LogD3D11RHI: GPU Timing Frequency: 100.000000 (Debug: 2 1)
[2024.01.04-14.02.34:106][  0]LogShaderCompilers: Guid format shader working directory is -22 characters bigger than the processId version (../../../../../Users/MelchioT/Documents/workUnrealEngine4/MotorUnreal4B/Intermediate/Shaders/WorkingDirectory/1380/).
[2024.01.04-14.02.34:107][  0]LogShaderCompilers: Cleaned the shader compiler working directory 'C:/Users/MelchioT/AppData/Local/Temp/UnrealShaderWorkingDir/858B937C4F5BF60297E829BC86FE2DE6/'.
[2024.01.04-14.02.34:107][  0]LogShaderCompilers:Display: Using Local Shader Compiler.
[2024.01.04-14.02.35:003][  0]LogTemp:Display: Loaded TP MacTargetPlatform
[2024.01.04-14.02.35:058][  0]LogTemp:Display: Loaded TP MacNoEditorTargetPlatform
[2024.01.04-14.02.35:109][  0]LogTemp:Display: Loaded TP MacServerTargetPlatform
[2024.01.04-14.02.35:162][  0]LogTemp:Display: Loaded TP MacClientTargetPlatform
[2024.01.04-14.02.35:206][  0]LogTemp:Display: Loaded TP WindowsTargetPlatform
[2024.01.04-14.02.35:257][  0]LogTemp:Display: Loaded TP WindowsNoEditorTargetPlatform
[2024.01.04-14.02.35:310][  0]LogTemp:Display: Loaded TP WindowsServerTargetPlatform
[2024.01.04-14.02.35:371][  0]LogTemp:Display: Loaded TP WindowsClientTargetPlatform
[2024.01.04-14.02.35:416][  0]LogTemp:Display: Loaded TP AllDesktopTargetPlatform
[2024.01.04-14.02.35:468][  0]LogTemp:Display: Loaded TP AndroidTargetPlatform
[2024.01.04-14.02.35:522][  0]LogTemp:Display: Loaded TP Android_PVRTCTargetPlatform
[2024.01.04-14.02.35:582][  0]LogTemp:Display: Loaded TP Android_ATCTargetPlatform
[2024.01.04-14.02.35:639][  0]LogTemp:Display: Loaded TP Android_DXTTargetPlatform
[2024.01.04-14.02.35:709][  0]LogTemp:Display: Loaded TP Android_ETC1TargetPlatform
[2024.01.04-14.02.35:788][  0]LogTemp:Display: Loaded TP Android_ETC2TargetPlatform
[2024.01.04-14.02.35:860][  0]LogTemp:Display: Loaded TP Android_ASTCTargetPlatform
[2024.01.04-14.02.35:940][  0]LogTemp:Display: Loaded TP Android_MultiTargetPlatform
[2024.01.04-14.02.35:981][  0]LogTemp:Display: Loaded TP HTML5TargetPlatform
[2024.01.04-14.02.36:083][  0]LogTemp:Display: Loaded TP IOSTargetPlatform
[2024.01.04-14.02.36:119][  0]LogTemp:Display: Loaded TP TVOSTargetPlatform
[2024.01.04-14.02.36:119][  0]LogTargetPlatformManager:Display: Building Assets For Windows
[2024.01.04-14.02.36:622][  0]LogDerivedDataCache:Display: Max Cache Size: 512 MB
[2024.01.04-14.02.36:662][  0]LogDerivedDataCache: Loaded boot cache 0.04s 50MB ../../../../../Users/MelchioT/Documents/workUnrealEngine4/MotorUnreal4B/DerivedDataCache/Boot.ddc.
[2024.01.04-14.02.36:662][  0]LogDerivedDataCache:Display: Loaded Boot cache: ../../../../../Users/MelchioT/Documents/workUnrealEngine4/MotorUnreal4B/DerivedDataCache/Boot.ddc
[2024.01.04-14.02.36:663][  0]LogDerivedDataCache: FDerivedDataBackendGraph:  Pak pak cache file ../../../../../Users/MelchioT/Documents/workUnrealEngine4/MotorUnreal4B/DerivedDataCache/DDC.ddp not found, will not use a pak cache.
[2024.01.04-14.02.36:663][  0]LogDerivedDataCache: Unable to find inner node Pak for hierarchical cache Hierarchy.
[2024.01.04-14.02.36:663][  0]LogDerivedDataCache: FDerivedDataBackendGraph:  EnginePak pak cache file ../../../Engine/DerivedDataCache/DDC.ddp not found, will not use a pak cache.
[2024.01.04-14.02.36:663][  0]LogDerivedDataCache: Unable to find inner node EnginePak for hierarchical cache Hierarchy.
[2024.01.04-14.02.36:675][  0]LogDerivedDataCache: Using Local data cache path ../../../Engine/DerivedDataCache: Writable
[2024.01.04-14.02.36:675][  0]LogDerivedDataCache: Shared data cache path not found in *engine.ini, will not use an Shared cache.
[2024.01.04-14.02.36:675][  0]LogDerivedDataCache: Unable to find inner node Shared for hierarchical cache Hierarchy.
[2024.01.04-14.02.36:684][  0]LogSlate: Using Freetype 2.6.0
[2024.01.04-14.02.36:684][  0]LogSlate: SlateFontCache - WITH_FREETYPE: 1, WITH_HARFBUZZ: 1
[2024.01.04-14.02.36:684][  0]LogSlate: SlateFontCache - WITH_FREETYPE: 1, WITH_HARFBUZZ: 1
[2024.01.04-14.02.36:919][  0]LogInit: Selected Device Profile: [Windows]
[2024.01.04-14.02.36:922][  0]LogContentStreaming: Texture pool size is 0.00 MB
[2024.01.04-14.02.37:133][  0]LogMeshUtilities: Using QuadricMeshReduction for automatic static mesh reduction
[2024.01.04-14.02.37:143][  0]LogMeshUtilities: No automatic skeletal mesh reduction module available
[2024.01.04-14.02.37:143][  0]LogMeshUtilities: No automatic mesh merging module available
[2024.01.04-14.02.37:143][  0]LogMeshUtilities: No distributed automatic mesh merging module available
[2024.01.04-14.02.37:762][  0]LogNetVersion: GetLocalNetworkVersion: CL: 0, ProjectName: motorunreal4b, ProjectVersion: , EngineNetworkVersion: 2, GameNetworkVersion: 0, NetworkChecksum: 3893362438
[2024.01.04-14.02.37:813][  0]LogAssetRegistry: FAssetRegistry took 0.0219 seconds to start up
[2024.01.04-14.02.37:858][  0]LogPackageLocalizationCache: Processed 3 localized package path(s) for 1 prioritized culture(s) in 0.011902 seconds
[2024.01.04-14.02.37:864][  0]LogUObjectArray: 32434 objects as part of root set at end of initial load.
[2024.01.04-14.02.37:864][  0]LogUObjectAllocator: 7066632 out of 0 bytes used by permanent object pool.
[2024.01.04-14.02.37:864][  0]LogUObjectArray: CloseDisregardForGC: 0/0 objects in disregard for GC pool
[2024.01.04-14.02.37:964][  0]LogInit: WinSock: version 1.1 (2.2), MaxSocks=32767, MaxUdp=65467
[2024.01.04-14.02.39:580][  0]LogTcpMessaging: Initializing TcpMessaging bridge
[2024.01.04-14.02.39:627][  0]LogUdpMessaging: Initializing bridge on interface 0.0.0.0:0 to multicast group 230.0.0.1:6666.
[2024.01.04-14.02.40:161][  0]LogMaterial: Uniform references updated for custom material expression Custom.
[2024.01.04-14.02.40:580][  0]SourceControl: Info Source control is disabled
[2024.01.04-14.02.40:626][  0]SourceControl: Info Source control is disabled
[2024.01.04-14.02.40:678][  0]SourceControl: Info Source control is disabled
[2024.01.04-14.02.40:729][  0]SourceControl: Info Source control is disabled
[2024.01.04-14.02.42:200][  0]LogEngine: Initializing Engine...
[2024.01.04-14.02.42:200][  0]LogHMD: Failed to initialize OpenVR with code 110
[2024.01.04-14.02.42:420][  0]LogAIModule: Creating AISystem for world Untitled
[2024.01.04-14.02.42:439][  0]LogInit: XAudio2 using 'Auriculares (Realtek(R) Audio)' : 2 channels at 48 kHz using 16 bits per sample (channel mask 0x3)
[2024.01.04-14.02.43:072][  0]LogInit: FAudioDevice initialized.
[2024.01.04-14.02.43:102][  0]LogDerivedDataCache: Saved boot cache 0.03s 50MB ../../../../../Users/MelchioT/Documents/workUnrealEngine4/MotorUnreal4B/DerivedDataCache/Boot.ddc.
[2024.01.04-14.02.43:109][  0]LogInit: Texture streaming: Enabled
[2024.01.04-14.02.43:212][  0]LogEngineSessionManager: EngineSessionManager initialized
[2024.01.04-14.02.43:298][  0]LogInit: Transaction tracking system initialized
[2024.01.04-14.02.43:641][  0]BlueprintLog: New page: Editor Load
[2024.01.04-14.02.44:530][  0]LocalizationService: Info Localization service is disabled
[2024.01.04-14.02.45:186][  0]LogConsoleResponse:Display: 
[2024.01.04-14.02.45:297][  0]LogCook:Display: Max memory allowance for cook 16384mb min free memory 0mb
[2024.01.04-14.02.45:297][  0]LogCook:Display: Mobile HDR setting 1
[2024.01.04-14.02.45:755][  0]LogFileCache: Scanning file cache for directory 'C:/Users/MelchioT/Documents/workUnrealEngine4/MotorUnreal4B/Content/' took 0.01s
[2024.01.04-14.02.46:385][  0]SourceControl: Info Source control is disabled
[2024.01.04-14.02.46:385][  0]Cmd: MAP LOAD FILE="../../../Engine/Content/Maps/Templates/Template_Default.umap" TEMPLATE=1 SHOWPROGRESS=1 FEATURELEVEL=3
[2024.01.04-14.02.46:386][  0]LightingResults: New page: Lighting Build
[2024.01.04-14.02.46:431][  0]MapCheck: New page: Map Check
[2024.01.04-14.02.46:431][  0]LightingResults: New page: Lighting Build
[2024.01.04-14.02.46:611][  0]LogAIModule: Creating AISystem for world Untitled_1
[2024.01.04-14.02.46:612][  0]LogActorComponent: RegisterComponentWithWorld: (/Temp/Untitled_1.Untitled_1:PersistentLevel.WorldSettings_1.StaticMeshComponent0) Trying to register component with IsPendingKill() == true. Aborting.
[2024.01.04-14.02.46:616][  0]LogEditorServer: Finished looking for orphan Actors (0.000 secs)
[2024.01.04-14.02.46:621][  0]Cmd: MAP CHECKDEP NOCLEARLOG
[2024.01.04-14.02.46:653][  0]MapCheck: Info Map check complete: 0 Error(s), 0 Warning(s), took 31.471ms to complete.
[2024.01.04-14.02.46:653][  0]LogFileHelpers: Loading map 'Template_Default' took 0.268
[2024.01.04-14.02.46:823][  0]LogCollectionManager: Loaded 0 collections in 0.001449 seconds
[2024.01.04-14.02.46:902][  0]LogFileCache: Scanning file cache for directory 'C:/Users/MelchioT/Documents/workUnrealEngine4/MotorUnreal4B/Saved/Collections/' took 0.01s
[2024.01.04-14.02.46:902][  0]LogFileCache: Scanning file cache for directory 'C:/Users/MelchioT/Documents/workUnrealEngine4/MotorUnreal4B/Content/Developers/MelchioT/Collections/' took 0.01s
[2024.01.04-14.02.46:902][  0]LogFileCache: Scanning file cache for directory 'C:/Users/MelchioT/Documents/workUnrealEngine4/MotorUnreal4B/Content/Collections/' took 0.01s
[2024.01.04-14.02.46:902][  0]LogCollectionManager: Rebuilt the GUID cache for 0 collections in 0.000002 seconds
[2024.01.04-14.02.46:911][  0]LogContentBrowser: Native class hierarchy populated in 0.0084 seconds. Added 2243 classes and 448 folders.
[2024.01.04-14.02.46:914][  0]LogStats: UGameplayTagsManager::ConstructGameplayTagTree: Construct from data asset -  0.000 s
[2024.01.04-14.02.46:914][  0]LogStats: UGameplayTagsManager::ConstructGameplayTagTree: GameplayTagTreeChangedEvent.Broadcast -  0.000 s
[2024.01.04-14.02.46:977][  0]LogContentBrowser: Native class hierarchy updated for 'WidgetCarousel' in 0.0005 seconds. Added 0 classes and 0 folders.
[2024.01.04-14.02.47:004][  0]LogContentBrowser: Native class hierarchy updated for 'AddContentDialog' in 0.0005 seconds. Added 0 classes and 0 folders.
[2024.01.04-14.02.47:046][  0]LogContentBrowser: Native class hierarchy updated for 'SceneOutliner' in 0.0008 seconds. Added 1 classes and 2 folders.
[2024.01.04-14.02.47:132][  0]LogCrashTracker: Crashtracker disabled due to settings.
[2024.01.04-14.02.47:142][  0]LogUObjectGlobals:Warning: Failed to find object 'Class None.'
[2024.01.04-14.02.47:209][  0]LogContentBrowser: Native class hierarchy updated for 'HierarchicalLODOutliner' in 0.0008 seconds. Added 1 classes and 2 folders.
[2024.01.04-14.02.47:209][  0]LogLoad: (Engine Initialization) Total time: 15.36 seconds
[2024.01.04-14.02.47:209][  0]LogLoad: (Engine Initialization) Total Blueprint compile time: 0.09 seconds
[2024.01.04-14.02.47:209][  0]LogExternalProfiler: No external profilers were discovered.  External profiling features will not be available.
[2024.01.04-14.02.47:549][  0]LogOcInput: OculusInput pre-init called
[2024.01.04-14.02.47:568][  0]LogContentStreaming: Texture pool size now 1000 MB
[2024.01.04-14.02.47:569][  0]LogSlate: Took 0.000237 seconds to synchronously load lazily loaded font '../../../Engine/Content/Slate/Fonts/Roboto-Regular.ttf' (155K)
[2024.01.04-14.02.47:572][  0]LogSlate: Took 0.000265 seconds to synchronously load lazily loaded font '../../../Engine/Content/Slate/Fonts/Roboto-Bold.ttf' (160K)
[2024.01.04-14.02.47:576][  0]LogSlate: Took 0.000210 seconds to synchronously load lazily loaded font '../../../Engine/Content/Editor/Slate/Fonts/FontAwesome.ttf' (139K)
[2024.01.04-14.02.47:678][  0]LogRenderer: Reallocating scene render targets to support 1208x576 NumSamples 1 (Frame:2).
[2024.01.04-14.02.47:891][  1]LogAssetRegistry: Asset discovery search completed in 10.1007 seconds
[2024.01.04-14.02.47:891][  1]LogCollectionManager: Rebuilt the object cache for 0 collections in 0.000001 seconds (found 0 objects)
[2024.01.04-14.02.47:891][  1]LogCollectionManager: Fixed up redirectors for 0 collections in 0.000014 seconds (updated 0 objects)
[2024.01.04-14.02.55:389][147]LogEditorViewport: Clicking on Actor (LMB): StaticMeshActor (Floor)
[2024.01.04-14.02.56:029][182]LogTemp: Repeting last play command: Selected Viewport
[2024.01.04-14.02.56:039][182]LogPlayLevel: PlayLevel: No blueprints needed recompiling
[2024.01.04-14.02.56:040][182]PIE: New page: PIE session: Untitled_1 (Jan 4, 2024, 8:02:56 AM)
[2024.01.04-14.02.56:040][182]LogPlayLevel: Creating play world package: /Temp/UEDPIE_0_Untitled_1
[2024.01.04-14.02.56:044][182]LogPlayLevel: PIE: StaticDuplicateObject took: (0.004196s)
[2024.01.04-14.02.56:044][182]LogAIModule: Creating AISystem for world Untitled_1
[2024.01.04-14.02.56:045][182]LogPlayLevel: PIE: World Init took: (0.000874s)
[2024.01.04-14.02.56:045][182]LogPlayLevel: PIE: Created PIE world by copying editor world from /Temp/Untitled_1.Untitled_1 to /Temp/UEDPIE_0_Untitled_1.Untitled_1 (0.005287s)
[2024.01.04-14.02.56:068][182]LogInit: XAudio2 using 'Auriculares (Realtek(R) Audio)' : 2 channels at 48 kHz using 16 bits per sample (channel mask 0x3)
[2024.01.04-14.02.56:082][182]LogInit: FAudioDevice initialized.
[2024.01.04-14.02.56:133][182]LogLoad: Game class is 'GameModeBase'
[2024.01.04-14.02.56:136][182]LogWorld: Bringing World /Temp/UEDPIE_0_Untitled_1.Untitled_1 up for play (max tick rate 60) at 2024.01.04-11.02.56
[2024.01.04-14.02.56:136][182]LogWorld: Bringing up level for play took: 0.000799
[2024.01.04-14.02.56:175][182]LogContentBrowser: Native class hierarchy updated for 'MovieSceneCapture' in 0.0006 seconds. Added 11 classes and 0 folders.
[2024.01.04-14.02.56:176][182]PIE: Info Play in editor start time for /Temp/UEDPIE_0_Untitled_1 0.424
[2024.01.04-14.02.57:854][281]LogLinker:Warning: Can't find file '/Game/Ejercicios/Ejercicio13/ModoJuego'
[2024.01.04-14.02.57:854][281]LogLinker:Warning: Can't find file for asset '/Game/Ejercicios/Ejercicio13/ModoJuego' while loading ../../../../../Users/MelchioT/Documents/workUnrealEngine4/MotorUnreal4B/Content/Ejercicios/Ejercicio13/Nivel.umap.
[2024.01.04-14.02.57:854][281]LoadErrors:Error: Error /Game/Ejercicios/Ejercicio13/Nivel : Can't find file for asset. /Game/Ejercicios/Ejercicio13/ModoJuego
[2024.01.04-14.02.57:856][281]LogLinker:Warning: Can't find file '/Game/Ejercicios/Ejercicio13/ModoJuego'
[2024.01.04-14.02.57:856][281]LogLinker:Warning: Can't find file for asset '/Game/Ejercicios/Ejercicio13/ModoJuego' while loading ../../../../../Users/MelchioT/Documents/workUnrealEngine4/MotorUnreal4B/Content/Ejercicios/Ejercicio13/Nivel.umap.
[2024.01.04-14.02.57:858][281]LogLinker:Warning: Can't find file '/Game/Ejercicios/Ejercicio13/ModoJuego'
[2024.01.04-14.02.57:858][281]LoadErrors: Info Failed to load /Game/Ejercicios/Ejercicio13/ModoJuego.ModoJuego_C Referenced by WorldSettings_1
[2024.01.04-14.02.57:858][281]LogLinker:Warning: Can't find file for asset '/Game/Ejercicios/Ejercicio13/ModoJuego' while loading NULL.
[2024.01.04-14.02.57:859][281]LogAIModule: Creating AISystem for world Nivel
[2024.01.04-14.02.59:107][281]Cmd: MAP LOAD FILE="../../../../../Users/MelchioT/Documents/workUnrealEngine4/MotorUnreal4B/Content/Ejercicios/Ejercicio13/Nivel.umap" TEMPLATE=0 SHOWPROGRESS=1 FEATURELEVEL=3
[2024.01.04-14.02.59:112][281]LogSlate: Took 0.000135 seconds to synchronously load lazily loaded font '../../../Engine/Content/Slate/Fonts/Roboto-Light.ttf' (159K)
[2024.01.04-14.02.59:112][281]LogSlate: Took 0.000140 seconds to synchronously load lazily loaded font '../../../Engine/Content/Slate/Fonts/Roboto-Regular.ttf' (155K)
[2024.01.04-14.02.59:123][281]LightingResults: New page: Lighting Build
[2024.01.04-14.02.59:124][281]LoadErrors: New page: Loading map: Nivel.umap
[2024.01.04-14.02.59:125][281]MapCheck: New page: Map Check
[2024.01.04-14.02.59:125][281]LightingResults: New page: Lighting Build
[2024.01.04-14.02.59:184][281]LogEditorServer: Finished looking for orphan Actors (0.000 secs)
[2024.01.04-14.02.59:214][281]Cmd: MAP CHECKDEP NOCLEARLOG
[2024.01.04-14.02.59:245][281]MapCheck: Info Map check complete: 0 Error(s), 0 Warning(s), took 30.508ms to complete.
[2024.01.04-14.02.59:245][281]LogFileHelpers: Loading map 'Nivel' took 1.378
[2024.01.04-14.02.59:906][317]LogTemp: Repeting last play command: Selected Viewport
[2024.01.04-14.02.59:916][317]LogPlayLevel: PlayLevel: No blueprints needed recompiling
[2024.01.04-14.02.59:917][317]PIE: New page: PIE session: Nivel (Jan 4, 2024, 8:02:59 AM)
[2024.01.04-14.02.59:917][317]LogPlayLevel: Creating play world package: /Game/Ejercicios/Ejercicio13/UEDPIE_0_Nivel
[2024.01.04-14.02.59:919][317]LogPlayLevel: PIE: StaticDuplicateObject took: (0.002036s)
[2024.01.04-14.02.59:920][317]LogAIModule: Creating AISystem for world Nivel
[2024.01.04-14.02.59:920][317]LogPlayLevel: PIE: World Init took: (0.001219s)
[2024.01.04-14.02.59:920][317]LogPlayLevel: PIE: Created PIE world by copying editor world from /Game/Ejercicios/Ejercicio13/Nivel.Nivel to /Game/Ejercicios/Ejercicio13/UEDPIE_0_Nivel.Nivel (0.003518s)
[2024.01.04-14.02.59:941][317]LogInit: XAudio2 using 'Auriculares (Realtek(R) Audio)' : 2 channels at 48 kHz using 16 bits per sample (channel mask 0x3)
[2024.01.04-14.02.59:958][317]LogInit: FAudioDevice initialized.
[2024.01.04-14.02.59:995][317]LogLoad: Game class is 'GameModeBase'
[2024.01.04-14.02.59:997][317]LogWorld: Bringing World /Game/Ejercicios/Ejercicio13/UEDPIE_0_Nivel.Nivel up for play (max tick rate 60) at 2024.01.04-11.02.59
[2024.01.04-14.02.59:997][317]LogWorld: Bringing up level for play took: 0.000747
[2024.01.04-14.02.59:998][317]PIE: Info Play in editor start time for /Game/Ejercicios/Ejercicio13/UEDPIE_0_Nivel 0.246
[2024.01.04-14.03.11:396][942]LogEditorViewport: Clicking on Actor (LMB): BP_Sky_Sphere_C (Sky Sphere)
[2024.01.04-14.03.12:463][  4]LogTemp: Repeting last play command: Selected Viewport
[2024.01.04-14.03.12:474][  4]LogPlayLevel: PlayLevel: No blueprints needed recompiling
[2024.01.04-14.03.12:474][  4]PIE: New page: PIE session: Nivel (Jan 4, 2024, 8:03:12 AM)
[2024.01.04-14.03.12:474][  4]LogPlayLevel: Creating play world package: /Game/Ejercicios/Ejercicio13/UEDPIE_0_Nivel
[2024.01.04-14.03.12:475][  4]LogPlayLevel: PIE: StaticDuplicateObject took: (0.001454s)
[2024.01.04-14.03.12:476][  4]LogAIModule: Creating AISystem for world Nivel
[2024.01.04-14.03.12:476][  4]LogPlayLevel: PIE: World Init took: (0.000787s)
[2024.01.04-14.03.12:476][  4]LogPlayLevel: PIE: Created PIE world by copying editor world from /Game/Ejercicios/Ejercicio13/Nivel.Nivel to /Game/Ejercicios/Ejercicio13/UEDPIE_0_Nivel.Nivel (0.002441s)
[2024.01.04-14.03.12:497][  4]LogInit: XAudio2 using 'Auriculares (Realtek(R) Audio)' : 2 channels at 48 kHz using 16 bits per sample (channel mask 0x3)
[2024.01.04-14.03.12:512][  4]LogInit: FAudioDevice initialized.
[2024.01.04-14.03.12:548][  4]LogLoad: Game class is 'ModoJuego2_C'
[2024.01.04-14.03.12:551][  4]LogWorld: Bringing World /Game/Ejercicios/Ejercicio13/UEDPIE_0_Nivel.Nivel up for play (max tick rate 60) at 2024.01.04-11.03.12
[2024.01.04-14.03.12:551][  4]LogWorld: Bringing up level for play took: 0.000861
[2024.01.04-14.03.12:552][  4]PIE: Info Play in editor start time for /Game/Ejercicios/Ejercicio13/UEDPIE_0_Nivel 0.8
[2024.01.04-14.03.12:661][ 10]LogBlueprintUserMessages: [ModoJuego2_C_0] Puntaje: 0
[2024.01.04-14.03.12:862][ 22]LogBlueprintUserMessages: [ModoJuego2_C_0] Puntaje: 0
[2024.01.04-14.03.13:064][ 34]LogBlueprintUserMessages: [ModoJuego2_C_0] Puntaje: 0
[2024.01.04-14.03.13:263][ 46]LogBlueprintUserMessages: [ModoJuego2_C_0] Puntaje: 0
[2024.01.04-14.03.13:462][ 58]LogBlueprintUserMessages: [ModoJuego2_C_0] Puntaje: 0
[2024.01.04-14.03.13:662][ 70]LogBlueprintUserMessages: [ModoJuego2_C_0] Puntaje: 0
[2024.01.04-14.03.13:862][ 82]LogBlueprintUserMessages: [ModoJuego2_C_0] Puntaje: 0
[2024.01.04-14.03.14:061][ 94]LogBlueprintUserMessages: [ModoJuego2_C_0] Puntaje: 0
[2024.01.04-14.03.14:262][106]LogBlueprintUserMessages: [ModoJuego2_C_0] Puntaje: 1
[2024.01.04-14.03.14:461][118]LogBlueprintUserMessages: [ModoJuego2_C_0] Puntaje: 2
[2024.01.04-14.03.14:662][130]LogBlueprintUserMessages: [ModoJuego2_C_0] Puntaje: 3
[2024.01.04-14.03.14:862][142]LogBlueprintUserMessages: [ModoJuego2_C_0] Puntaje: 4
[2024.01.04-14.03.15:062][154]LogBlueprintUserMessages: [ModoJuego2_C_0] Puntaje: 4
[2024.01.04-14.03.18:987][358]LogMetaData: Removing '/Game/Ejercicios/Ejercicio13/ModoJuego.ModoJuego_C' ref from Metadata '/Game/Ejercicios/Ejercicio13/ModoJuego2.PackageMetaData'
[2024.01.04-14.03.18:987][358]LogMetaData: Removing '/Game/Ejercicios/Ejercicio13/ModoJuego.SKEL_ModoJuego_C' ref from Metadata '/Game/Ejercicios/Ejercicio13/ModoJuego2.PackageMetaData'
[2024.01.04-14.03.19:028][358]LogSavePackage: Save=17.30ms
[2024.01.04-14.03.19:028][358]LogSavePackage: Moving '../../../../../Users/MelchioT/Documents/workUnrealEngine4/MotorUnreal4B/Saved/ModoJuego352B5DED4AC78E2462EED7999D9A1579.tmp' to '../../../../../Users/MelchioT/Documents/workUnrealEngine4/MotorUnreal4B/Content/Ejercicios/Ejercicio13/ModoJuego.uasset'
[2024.01.04-14.03.19:029][358]LogSavePackage:Display: Finished SavePackage ../../../../../Users/MelchioT/Documents/workUnrealEngine4/MotorUnreal4B/Content/Ejercicios/Ejercicio13/ModoJuego.uasset
[2024.01.04-14.03.19:135][358]Cmd: OBJ SAVEPACKAGE PACKAGE="/Game/Ejercicios/Ejercicio13/Jugador" FILE="../../../../../Users/MelchioT/Documents/workUnrealEngine4/MotorUnreal4B/Content/Ejercicios/Ejercicio13/Jugador.uasset" SILENT=true
[2024.01.04-14.03.19:178][358]LogSavePackage: Save=28.75ms
[2024.01.04-14.03.19:178][358]LogSavePackage: Moving '../../../../../Users/MelchioT/Documents/workUnrealEngine4/MotorUnreal4B/Saved/JugadorA6E86A9C4A52CD25FD9541BE84E873FD.tmp' to '../../../../../Users/MelchioT/Documents/workUnrealEngine4/MotorUnreal4B/Content/Ejercicios/Ejercicio13/Jugador.uasset'
[2024.01.04-14.03.19:179][358]LogSavePackage:Display: Finished SavePackage ../../../../../Users/MelchioT/Documents/workUnrealEngine4/MotorUnreal4B/Content/Ejercicios/Ejercicio13/Jugador.uasset
[2024.01.04-14.03.21:853][491]LogEditorViewport: Clicking on Actor (LMB): StaticMeshActor (Floor)
[2024.01.04-14.03.22:785][544]LogTemp: Repeting last play command: Selected Viewport
[2024.01.04-14.03.22:795][544]LogPlayLevel: PlayLevel: No blueprints needed recompiling
[2024.01.04-14.03.22:795][544]PIE: New page: PIE session: Nivel (Jan 4, 2024, 8:03:22 AM)
[2024.01.04-14.03.22:795][544]LogPlayLevel: Creating play world package: /Game/Ejercicios/Ejercicio13/UEDPIE_0_Nivel
[2024.01.04-14.03.22:797][544]LogPlayLevel: PIE: StaticDuplicateObject took: (0.001394s)
[2024.01.04-14.03.22:797][544]LogAIModule: Creating AISystem for world Nivel
[2024.01.04-14.03.22:798][544]LogPlayLevel: PIE: World Init took: (0.000832s)
[2024.01.04-14.03.22:798][544]LogPlayLevel: PIE: Created PIE world by copying editor world from /Game/Ejercicios/Ejercicio13/Nivel.Nivel to /Game/Ejercicios/Ejercicio13/UEDPIE_0_Nivel.Nivel (0.002411s)
[2024.01.04-14.03.22:818][544]LogInit: XAudio2 using 'Auriculares (Realtek(R) Audio)' : 2 channels at 48 kHz using 16 bits per sample (channel mask 0x3)
[2024.01.04-14.03.22:833][544]LogInit: FAudioDevice initialized.
[2024.01.04-14.03.22:867][544]LogLoad: Game class is 'ModoJuego_C'
[2024.01.04-14.03.22:870][544]LogWorld: Bringing World /Game/Ejercicios/Ejercicio13/UEDPIE_0_Nivel.Nivel up for play (max tick rate 60) at 2024.01.04-11.03.22
[2024.01.04-14.03.22:870][544]LogWorld: Bringing up level for play took: 0.000875
[2024.01.04-14.03.22:871][544]PIE: Info Play in editor start time for /Game/Ejercicios/Ejercicio13/UEDPIE_0_Nivel -0.88
[2024.01.04-14.03.22:983][550]LogBlueprintUserMessages: [ModoJuego_C_0] Puntaje: 0
[2024.01.04-14.03.23:183][562]LogBlueprintUserMessages: [ModoJuego_C_0] Puntaje: 0
[2024.01.04-14.03.23:382][574]LogBlueprintUserMessages: [ModoJuego_C_0] Puntaje: 0
[2024.01.04-14.03.23:583][586]LogBlueprintUserMessages: [ModoJuego_C_0] Puntaje: 0
[2024.01.04-14.03.23:783][598]LogBlueprintUserMessages: [ModoJuego_C_0] Puntaje: 0
[2024.01.04-14.03.23:983][610]LogBlueprintUserMessages: [ModoJuego_C_0] Puntaje: 0
[2024.01.04-14.03.24:183][622]LogBlueprintUserMessages: [ModoJuego_C_0] Puntaje: 1
[2024.01.04-14.03.24:382][634]LogBlueprintUserMessages: [ModoJuego_C_0] Puntaje: 2
[2024.01.04-14.03.24:583][646]LogBlueprintUserMessages: [ModoJuego_C_0] Puntaje: 3
[2024.01.04-14.03.24:783][658]LogBlueprintUserMessages: [ModoJuego_C_0] Puntaje: 5
[2024.01.04-14.03.24:982][670]LogBlueprintUserMessages: [ModoJuego_C_0] Puntaje: 5
[2024.01.04-14.03.27:460][741]LogSavePackage: Save=25.31ms
[2024.01.04-14.03.27:460][741]LogSavePackage: Moving '../../../../../Users/MelchioT/Documents/workUnrealEngine4/MotorUnreal4B/Saved/NivelF46A69B24B9C2C9EBD9057B0F523A803.tmp' to '../../../../../Users/MelchioT/Documents/workUnrealEngine4/MotorUnreal4B/Content/Ejercicios/Ejercicio13/Nivel.umap'
[2024.01.04-14.03.27:461][741]LogSavePackage:Display: Finished SavePackage ../../../../../Users/MelchioT/Documents/workUnrealEngine4/MotorUnreal4B/Content/Ejercicios/Ejercicio13/Nivel.umap
[2024.01.04-14.03.27:480][741]LogFileHelpers: Saving map 'Nivel' took 0.109
[2024.01.04-14.03.27:482][741]Cmd: MAP LOAD FILE="../../../../../Users/MelchioT/Documents/workUnrealEngine4/MotorUnreal4B/Content/Ejercicios/Ejercicio13/Nivel.umap" TEMPLATE=0 SHOWPROGRESS=1 FEATURELEVEL=3
[2024.01.04-14.03.27:482][741]LightingResults: New page: Lighting Build
[2024.01.04-14.03.27:483][741]LoadErrors: New page: Loading map: Nivel.umap
[2024.01.04-14.03.27:485][741]MapCheck: New page: Map Check
[2024.01.04-14.03.27:485][741]LightingResults: New page: Lighting Build
[2024.01.04-14.03.27:502][741]LogAIModule: Creating AISystem for world Nivel
[2024.01.04-14.03.27:552][741]LogEditorServer: Finished looking for orphan Actors (0.000 secs)
[2024.01.04-14.03.27:581][741]Cmd: MAP CHECKDEP NOCLEARLOG
[2024.01.04-14.03.27:614][741]MapCheck: Info Map check complete: 0 Error(s), 0 Warning(s), took 33.332ms to complete.
[2024.01.04-14.03.27:615][741]LogFileHelpers: Loading map 'Nivel' took 0.134
[2024.01.04-14.03.28:440][774]LogSavePackage: Save=24.99ms
[2024.01.04-14.03.28:440][774]LogSavePackage: Moving '../../../../../Users/MelchioT/Documents/workUnrealEngine4/MotorUnreal4B/Saved/Nivel0490107C43EDEBE4009188BA289CBCBF.tmp' to '../../../../../Users/MelchioT/Documents/workUnrealEngine4/MotorUnreal4B/Content/Ejercicios/Ejercicio13/Nivel.umap'
[2024.01.04-14.03.28:441][774]LogSavePackage:Display: Finished SavePackage ../../../../../Users/MelchioT/Documents/workUnrealEngine4/MotorUnreal4B/Content/Ejercicios/Ejercicio13/Nivel.umap
[2024.01.04-14.03.29:488][802]LogContentBrowser: Native class hierarchy updated for 'BlueprintGraph' in 0.0008 seconds. Added 112 classes and 0 folders.
[2024.01.04-14.03.30:025][802]LogSlate: Took 0.000257 seconds to synchronously load lazily loaded font '../../../Engine/Content/Editor/Slate/Fonts/Roboto-BoldCondensed.ttf' (158K)
[2024.01.04-14.03.30:066][803]LogSlate: Took 0.000355 seconds to synchronously load lazily loaded font '../../../Engine/Content/Editor/Slate/Fonts/Roboto-Italic.ttf' (157K)
[2024.01.04-14.03.34:358][ 41]Cmd: MAP LOAD FILE="../../../../../Users/MelchioT/Documents/workUnrealEngine4/MotorUnreal4B/Content/Ejercicios/Ejercicio13/Nivel.umap" TEMPLATE=0 SHOWPROGRESS=1 FEATURELEVEL=3
[2024.01.04-14.03.34:358][ 41]LightingResults: New page: Lighting Build
[2024.01.04-14.03.34:359][ 41]LoadErrors: New page: Loading map: Nivel.umap
[2024.01.04-14.03.34:360][ 41]MapCheck: New page: Map Check
[2024.01.04-14.03.34:360][ 41]LightingResults: New page: Lighting Build
[2024.01.04-14.03.34:380][ 41]LogAIModule: Creating AISystem for world Nivel
[2024.01.04-14.03.34:436][ 41]LogEditorServer: Finished looking for orphan Actors (0.000 secs)
[2024.01.04-14.03.34:457][ 41]Cmd: MAP CHECKDEP NOCLEARLOG
[2024.01.04-14.03.34:490][ 41]MapCheck: Info Map check complete: 0 Error(s), 0 Warning(s), took 32.519ms to complete.
[2024.01.04-14.03.34:490][ 41]LogFileHelpers: Loading map 'Nivel' took 0.134
[2024.01.04-14.03.35:717][109]LogTemp: Repeting last play command: Selected Viewport
[2024.01.04-14.03.35:731][109]LogPlayLevel: PlayLevel: No blueprints needed recompiling
[2024.01.04-14.03.35:731][109]PIE: New page: PIE session: Nivel (Jan 4, 2024, 8:03:35 AM)
[2024.01.04-14.03.35:731][109]LogPlayLevel: Creating play world package: /Game/Ejercicios/Ejercicio13/UEDPIE_0_Nivel
[2024.01.04-14.03.35:733][109]LogPlayLevel: PIE: StaticDuplicateObject took: (0.001650s)
[2024.01.04-14.03.35:734][109]LogAIModule: Creating AISystem for world Nivel
[2024.01.04-14.03.35:734][109]LogPlayLevel: PIE: World Init took: (0.000860s)
[2024.01.04-14.03.35:734][109]LogPlayLevel: PIE: Created PIE world by copying editor world from /Game/Ejercicios/Ejercicio13/Nivel.Nivel to /Game/Ejercicios/Ejercicio13/UEDPIE_0_Nivel.Nivel (0.002713s)
[2024.01.04-14.03.35:762][109]LogInit: XAudio2 using 'Auriculares (Realtek(R) Audio)' : 2 channels at 48 kHz using 16 bits per sample (channel mask 0x3)
[2024.01.04-14.03.35:777][109]LogInit: FAudioDevice initialized.
[2024.01.04-14.03.35:808][109]LogLoad: Game class is 'ModoJuego_C'
[2024.01.04-14.03.35:811][109]LogWorld: Bringing World /Game/Ejercicios/Ejercicio13/UEDPIE_0_Nivel.Nivel up for play (max tick rate 60) at 2024.01.04-11.03.35
[2024.01.04-14.03.35:811][109]LogWorld: Bringing up level for play took: 0.000845
[2024.01.04-14.03.35:812][109]PIE: Info Play in editor start time for /Game/Ejercicios/Ejercicio13/UEDPIE_0_Nivel 0.06
[2024.01.04-14.03.35:913][114]LogBlueprintUserMessages: [ModoJuego_C_0] Puntaje: 0
[2024.01.04-14.03.36:114][126]LogBlueprintUserMessages: [ModoJuego_C_0] Puntaje: 0
[2024.01.04-14.03.36:314][138]LogBlueprintUserMessages: [ModoJuego_C_0] Puntaje: 0
[2024.01.04-14.03.36:514][150]LogBlueprintUserMessages: [ModoJuego_C_0] Puntaje: 0
[2024.01.04-14.03.36:713][162]LogBlueprintUserMessages: [ModoJuego_C_0] Puntaje: 0
[2024.01.04-14.03.36:914][174]LogBlueprintUserMessages: [ModoJuego_C_0] Puntaje: 1
[2024.01.04-14.03.37:113][186]LogBlueprintUserMessages: [ModoJuego_C_0] Puntaje: 2
[2024.01.04-14.03.37:312][198]LogBlueprintUserMessages: [ModoJuego_C_0] Puntaje: 4
[2024.01.04-14.03.37:513][210]LogBlueprintUserMessages: [ModoJuego_C_0] Puntaje: 5
[2024.01.04-14.03.37:713][222]LogBlueprintUserMessages: [ModoJuego_C_0] Puntaje: 6
[2024.01.04-14.03.37:913][234]LogBlueprintUserMessages: [ModoJuego_C_0] Puntaje: 8
[2024.01.04-14.03.38:113][246]LogBlueprintUserMessages: [ModoJuego_C_0] Puntaje: 9
[2024.01.04-14.03.38:314][258]LogBlueprintUserMessages: [ModoJuego_C_0] Puntaje: 10
[2024.01.04-14.03.38:364][261]LogNet: Browse: /Game/Ejercicios/Ejercicio13/Ganaste
[2024.01.04-14.03.38:364][261]LogLoad: LoadMap: /Game/Ejercicios/Ejercicio13/Ganaste
[2024.01.04-14.03.38:381][261]Cmd: MEM
[2024.01.04-14.03.38:394][261]LogMemory: Platform Memory Stats for Windows
[2024.01.04-14.03.38:394][261]LogMemory: Process Physical Memory: 1753.46 MB used, 1769.80 MB peak
[2024.01.04-14.03.38:394][261]LogMemory: Process Virtual Memory: 1840.71 MB used, 1852.04 MB peak
[2024.01.04-14.03.38:394][261]LogMemory: Physical Memory: 8772.95 MB used,  23202.72 MB free, 31975.68 MB total
[2024.01.04-14.03.38:394][261]LogMemory: Virtual Memory: 6815.19 MB used,  23202.72 MB free, 134217728.00 MB total
[2024.01.04-14.03.38:394][261]LogMemory: 
[2024.01.04-14.03.38:394][261]Allocator Stats for TBB: (not implemented)
[2024.01.04-14.03.38:476][261]LogAIModule: Creating AISystem for world Ganaste
[2024.01.04-14.03.38:476][261]LogLoad: Game class is 'GameModeBase'
[2024.01.04-14.03.38:480][261]LogWorld: Bringing World /Game/Ejercicios/Ejercicio13/UEDPIE_0_Ganaste.Ganaste up for play (max tick rate 60) at 2024.01.04-11.03.38
[2024.01.04-14.03.38:480][261]LogWorld: Bringing up level for play took: 0.002011
[2024.01.04-14.03.38:481][261]LogLoad: Took 0.117256 seconds to LoadMap(/Game/Ejercicios/Ejercicio13/Ganaste)
[2024.01.04-14.03.43:447][555]LogTemp: Repeting last play command: Selected Viewport
[2024.01.04-14.03.43:461][555]LogPlayLevel: PlayLevel: No blueprints needed recompiling
[2024.01.04-14.03.43:461][555]PIE: New page: PIE session: Nivel (Jan 4, 2024, 8:03:43 AM)
[2024.01.04-14.03.43:461][555]LogPlayLevel: Creating play world package: /Game/Ejercicios/Ejercicio13/UEDPIE_0_Nivel
[2024.01.04-14.03.43:462][555]LogPlayLevel: PIE: StaticDuplicateObject took: (0.001405s)
[2024.01.04-14.03.43:463][555]LogAIModule: Creating AISystem for world Nivel
[2024.01.04-14.03.43:463][555]LogPlayLevel: PIE: World Init took: (0.000811s)
[2024.01.04-14.03.43:463][555]LogPlayLevel: PIE: Created PIE world by copying editor world from /Game/Ejercicios/Ejercicio13/Nivel.Nivel to /Game/Ejercicios/Ejercicio13/UEDPIE_0_Nivel.Nivel (0.002386s)
[2024.01.04-14.03.43:489][555]LogInit: XAudio2 using 'Auriculares (Realtek(R) Audio)' : 2 channels at 48 kHz using 16 bits per sample (channel mask 0x3)
[2024.01.04-14.03.43:505][555]LogInit: FAudioDevice initialized.
[2024.01.04-14.03.43:534][555]LogLoad: Game class is 'ModoJuego_C'
[2024.01.04-14.03.43:537][555]LogWorld: Bringing World /Game/Ejercicios/Ejercicio13/UEDPIE_0_Nivel.Nivel up for play (max tick rate 60) at 2024.01.04-11.03.43
[2024.01.04-14.03.43:537][555]LogWorld: Bringing up level for play took: 0.000837
[2024.01.04-14.03.43:538][555]PIE: Info Play in editor start time for /Game/Ejercicios/Ejercicio13/UEDPIE_0_Nivel -0.214
[2024.01.04-14.03.43:640][561]LogBlueprintUserMessages: [ModoJuego_C_0] Puntaje: 0
[2024.01.04-14.03.43:840][573]LogBlueprintUserMessages: [ModoJuego_C_0] Puntaje: 0
[2024.01.04-14.03.44:040][585]LogBlueprintUserMessages: [ModoJuego_C_0] Puntaje: 0
[2024.01.04-14.03.44:240][597]LogBlueprintUserMessages: [ModoJuego_C_0] Puntaje: 0
[2024.01.04-14.03.44:440][609]LogBlueprintUserMessages: [ModoJuego_C_0] Puntaje: 0
[2024.01.04-14.03.44:640][621]LogBlueprintUserMessages: [ModoJuego_C_0] Puntaje: 0
[2024.01.04-14.03.44:839][633]LogBlueprintUserMessages: [ModoJuego_C_0] Puntaje: 0
[2024.01.04-14.03.45:040][645]LogBlueprintUserMessages: [ModoJuego_C_0] Puntaje: 0
[2024.01.04-14.03.45:240][657]LogBlueprintUserMessages: [ModoJuego_C_0] Puntaje: 0
[2024.01.04-14.03.45:440][669]LogBlueprintUserMessages: [ModoJuego_C_0] Puntaje: 0
[2024.01.04-14.03.45:640][681]LogBlueprintUserMessages: [ModoJuego_C_0] Puntaje: 0
[2024.01.04-14.03.45:839][693]LogBlueprintUserMessages: [ModoJuego_C_0] Puntaje: 0
[2024.01.04-14.03.46:040][705]LogBlueprintUserMessages: [ModoJuego_C_0] Puntaje: 0
[2024.01.04-14.03.46:240][717]LogBlueprintUserMessages: [ModoJuego_C_0] Puntaje: 0
[2024.01.04-14.03.46:440][729]LogBlueprintUserMessages: [ModoJuego_C_0] Puntaje: 0
[2024.01.04-14.03.46:640][741]LogBlueprintUserMessages: [ModoJuego_C_0] Puntaje: 0
[2024.01.04-14.03.46:839][753]LogBlueprintUserMessages: [ModoJuego_C_0] Puntaje: 0
[2024.01.04-14.03.47:042][765]LogBlueprintUserMessages: [ModoJuego_C_0] Puntaje: 0
[2024.01.04-14.03.47:242][777]LogBlueprintUserMessages: [ModoJuego_C_0] Puntaje: 0
[2024.01.04-14.03.47:441][789]LogBlueprintUserMessages: [ModoJuego_C_0] Puntaje: 0
[2024.01.04-14.03.47:642][801]LogBlueprintUserMessages: [ModoJuego_C_0] Puntaje: 0
[2024.01.04-14.03.47:842][813]LogBlueprintUserMessages: [ModoJuego_C_0] Puntaje: 0
[2024.01.04-14.03.48:042][825]LogBlueprintUserMessages: [ModoJuego_C_0] Puntaje: 0
[2024.01.04-14.03.48:242][837]LogBlueprintUserMessages: [ModoJuego_C_0] Puntaje: 0
[2024.01.04-14.03.48:441][849]LogBlueprintUserMessages: [ModoJuego_C_0] Puntaje: 0
[2024.01.04-14.03.48:642][861]LogBlueprintUserMessages: [ModoJuego_C_0] Puntaje: 0
[2024.01.04-14.03.48:842][873]LogBlueprintUserMessages: [ModoJuego_C_0] Puntaje: 0
[2024.01.04-14.03.49:041][885]LogBlueprintUserMessages: [ModoJuego_C_0] Puntaje: 0
[2024.01.04-14.03.49:242][897]LogBlueprintUserMessages: [ModoJuego_C_0] Puntaje: 0
[2024.01.04-14.03.49:442][909]LogBlueprintUserMessages: [ModoJuego_C_0] Puntaje: 0
[2024.01.04-14.03.49:641][921]LogBlueprintUserMessages: [ModoJuego_C_0] Puntaje: 0
[2024.01.04-14.03.49:842][933]LogBlueprintUserMessages: [ModoJuego_C_0] Puntaje: 0
[2024.01.04-14.03.50:041][945]LogBlueprintUserMessages: [ModoJuego_C_0] Puntaje: 0
[2024.01.04-14.03.50:241][957]LogBlueprintUserMessages: [ModoJuego_C_0] Puntaje: 0
[2024.01.04-14.03.50:442][969]LogBlueprintUserMessages: [ModoJuego_C_0] Puntaje: 0
[2024.01.04-14.03.50:642][981]LogBlueprintUserMessages: [ModoJuego_C_0] Puntaje: 0
[2024.01.04-14.03.50:842][993]LogBlueprintUserMessages: [ModoJuego_C_0] Puntaje: 0
[2024.01.04-14.03.51:042][  5]LogBlueprintUserMessages: [ModoJuego_C_0] Puntaje: 0
[2024.01.04-14.03.51:243][ 17]LogBlueprintUserMessages: [ModoJuego_C_0] Puntaje: 0
[2024.01.04-14.03.51:442][ 29]LogBlueprintUserMessages: [ModoJuego_C_0] Puntaje: 0
[2024.01.04-14.03.51:642][ 41]LogBlueprintUserMessages: [ModoJuego_C_0] Puntaje: 0
[2024.01.04-14.03.51:842][ 53]LogBlueprintUserMessages: [ModoJuego_C_0] Puntaje: 0
[2024.01.04-14.03.52:042][ 65]LogBlueprintUserMessages: [ModoJuego_C_0] Puntaje: 0
[2024.01.04-14.03.52:243][ 77]LogBlueprintUserMessages: [ModoJuego_C_0] Puntaje: 0
[2024.01.04-14.03.52:442][ 89]LogBlueprintUserMessages: [ModoJuego_C_0] Puntaje: 0
[2024.01.04-14.03.52:642][101]LogBlueprintUserMessages: [ModoJuego_C_0] Puntaje: 0
[2024.01.04-14.03.52:843][113]LogBlueprintUserMessages: [ModoJuego_C_0] Puntaje: 0
[2024.01.04-14.03.53:042][125]LogBlueprintUserMessages: [ModoJuego_C_0] Puntaje: 0
[2024.01.04-14.03.53:242][137]LogBlueprintUserMessages: [ModoJuego_C_0] Puntaje: 0
[2024.01.04-14.03.53:442][149]LogBlueprintUserMessages: [ModoJuego_C_0] Puntaje: 0
[2024.01.04-14.03.53:641][161]LogBlueprintUserMessages: [ModoJuego_C_0] Puntaje: 0
[2024.01.04-14.03.53:842][173]LogBlueprintUserMessages: [ModoJuego_C_0] Puntaje: 0
[2024.01.04-14.03.54:042][185]LogBlueprintUserMessages: [ModoJuego_C_0] Puntaje: 0
[2024.01.04-14.03.54:242][197]LogBlueprintUserMessages: [ModoJuego_C_0] Puntaje: 0
[2024.01.04-14.03.54:442][209]LogBlueprintUserMessages: [ModoJuego_C_0] Puntaje: 0
[2024.01.04-14.03.54:459][210]LogNet: Browse: /Game/Ejercicios/Ejercicio13/Perdiste
[2024.01.04-14.03.54:460][210]LogLoad: LoadMap: /Game/Ejercicios/Ejercicio13/Perdiste
[2024.01.04-14.03.54:479][210]Cmd: MEM
[2024.01.04-14.03.54:491][210]LogMemory: Platform Memory Stats for Windows
[2024.01.04-14.03.54:491][210]LogMemory: Process Physical Memory: 1807.18 MB used, 1816.28 MB peak
[2024.01.04-14.03.54:491][210]LogMemory: Process Virtual Memory: 1902.06 MB used, 1916.38 MB peak
[2024.01.04-14.03.54:491][210]LogMemory: Physical Memory: 8797.64 MB used,  23178.04 MB free, 31975.68 MB total
[2024.01.04-14.03.54:491][210]LogMemory: Virtual Memory: 6874.19 MB used,  23178.04 MB free, 134217728.00 MB total
[2024.01.04-14.03.54:491][210]LogMemory: 
[2024.01.04-14.03.54:491][210]Allocator Stats for TBB: (not implemented)
[2024.01.04-14.03.54:519][210]LogAIModule: Creating AISystem for world Perdiste
[2024.01.04-14.03.54:519][210]LogLoad: Game class is 'GameModeBase'
[2024.01.04-14.03.54:522][210]LogWorld: Bringing World /Game/Ejercicios/Ejercicio13/UEDPIE_0_Perdiste.Perdiste up for play (max tick rate 60) at 2024.01.04-11.03.54
[2024.01.04-14.03.54:522][210]LogWorld: Bringing up level for play took: 0.001275
[2024.01.04-14.03.54:523][210]LogLoad: Took 0.063253 seconds to LoadMap(/Game/Ejercicios/Ejercicio13/Perdiste)
[2024.01.04-14.04.01:314][586]Cmd: QUIT_EDITOR
[2024.01.04-14.04.01:657][586]LogWindowsTextInputMethodSystem:Display: IME system now deactivated.
[2024.01.04-14.04.01:678][586]LogExit: Preparing to exit.
[2024.01.04-14.04.02:784][586]LogDirectoryWatcher: A directory notification for 'C:/Users/MelchioT/Documents/workUnrealEngine4/MotorUnreal4B/Content/' was aborted.
[2024.01.04-14.04.02:805][586]LogExit: Editor shut down
[2024.01.04-14.04.02:805][586]LogExit: Transaction tracking system shut down
[2024.01.04-14.04.02:888][586]LogObj: Freed 0b from 0 cluster array pools.
[2024.01.04-14.04.02:888][586]LogExit: Object subsystem successfully closed.
[2024.01.04-14.04.02:906][586]LogD3D11RHI: Shutdown
[2024.01.04-14.04.02:906][586]LogD3D11RHI: CleanupD3DDevice
[2024.01.04-14.04.03:029][586]LogD3D11RHI: ~FD3D11DynamicRHI
[2024.01.04-14.04.03:039][586]LogModuleManager: Shutting down and abandoning module BlueprintGraph (486)
[2024.01.04-14.04.03:039][586]LogModuleManager: Shutting down and abandoning module BlueprintProfiler (484)
[2024.01.04-14.04.03:039][586]LogModuleManager: Shutting down and abandoning module MovieSceneCapture (482)
[2024.01.04-14.04.03:039][586]LogModuleManager: Shutting down and abandoning module HierarchicalLODOutliner (480)
[2024.01.04-14.04.03:039][586]LogModuleManager: Shutting down and abandoning module CrashTracker (478)
[2024.01.04-14.04.03:039][586]LogModuleManager: Shutting down and abandoning module SceneOutliner (476)
[2024.01.04-14.04.03:039][586]LogModuleManager: Shutting down and abandoning module AddContentDialog (474)
[2024.01.04-14.04.03:040][586]LogDirectoryWatcher: A directory notification for 'C:/Program Files/Unreal Engine 4 (4.15.0)/FeaturePacks/' was aborted.
[2024.01.04-14.04.03:040][586]LogModuleManager: Shutting down and abandoning module WidgetCarousel (473)
[2024.01.04-14.04.03:040][586]LogModuleManager: Shutting down and abandoning module EditorWidgets (470)
[2024.01.04-14.04.03:040][586]LogModuleManager: Shutting down and abandoning module CollectionManager (468)
[2024.01.04-14.04.03:040][586]LogDirectoryWatcher: A directory notification for 'C:/Users/MelchioT/Documents/workUnrealEngine4/MotorUnreal4B/Content/Collections/' was aborted.
[2024.01.04-14.04.03:041][586]LogDirectoryWatcher: A directory notification for 'C:/Users/MelchioT/Documents/workUnrealEngine4/MotorUnreal4B/Content/Developers/MelchioT/Collections/' was aborted.
[2024.01.04-14.04.03:041][586]LogDirectoryWatcher: A directory notification for 'C:/Users/MelchioT/Documents/workUnrealEngine4/MotorUnreal4B/Saved/Collections/' was aborted.
[2024.01.04-14.04.03:041][586]LogModuleManager: Shutting down and abandoning module StatsViewer (466)
[2024.01.04-14.04.03:041][586]LogModuleManager: Shutting down and abandoning module FoliageEdit (464)
[2024.01.04-14.04.03:041][586]LogModuleManager: Shutting down and abandoning module LandscapeEditor (462)
[2024.01.04-14.04.03:041][586]LogModuleManager: Shutting down and abandoning module SceneDepthPickerMode (460)
[2024.01.04-14.04.03:041][586]LogModuleManager: Shutting down and abandoning module ActorPickerMode (458)
[2024.01.04-14.04.03:041][586]LogModuleManager: Shutting down and abandoning module GeometryMode (456)
[2024.01.04-14.04.03:041][586]LogModuleManager: Shutting down and abandoning module TextureAlignMode (454)
[2024.01.04-14.04.03:041][586]LogModuleManager: Shutting down and abandoning module BspMode (452)
[2024.01.04-14.04.03:041][586]LogModuleManager: Shutting down and abandoning module HardwareSurvey (450)
[2024.01.04-14.04.03:041][586]LogModuleManager: Shutting down and abandoning module SequenceRecorderSections (448)
[2024.01.04-14.04.03:041][586]LogModuleManager: Shutting down and abandoning module AutomationWorker (446)
[2024.01.04-14.04.03:041][586]LogModuleManager: Shutting down and abandoning module MatineeToLevelSequence (444)
[2024.01.04-14.04.03:041][586]LogModuleManager: Shutting down and abandoning module LevelSequenceEditor (442)
[2024.01.04-14.04.03:041][586]LogModuleManager: Shutting down and abandoning module PlacementMode (441)
[2024.01.04-14.04.03:041][586]LogModuleManager: Shutting down and abandoning module WmfMediaFactory (438)
[2024.01.04-14.04.03:041][586]LogModuleManager: Shutting down and abandoning module WmfMediaEditor (436)
[2024.01.04-14.04.03:041][586]LogModuleManager: Shutting down and abandoning module MfMediaFactory (434)
[2024.01.04-14.04.03:041][586]LogModuleManager: Shutting down and abandoning module MfMediaEditor (432)
[2024.01.04-14.04.03:041][586]LogModuleManager: Shutting down and abandoning module AvfMediaFactory (430)
[2024.01.04-14.04.03:041][586]LogModuleManager: Shutting down and abandoning module AvfMediaEditor (428)
[2024.01.04-14.04.03:041][586]LogModuleManager: Shutting down and abandoning module AndroidMediaFactory (426)
[2024.01.04-14.04.03:041][586]LogModuleManager: Shutting down and abandoning module Media (425)
[2024.01.04-14.04.03:041][586]LogModuleManager: Shutting down and abandoning module AndroidMediaEditor (422)
[2024.01.04-14.04.03:041][586]LogModuleManager: Shutting down and abandoning module CharacterAI (420)
[2024.01.04-14.04.03:041][586]LogModuleManager: Shutting down and abandoning module AudioCapture (418)
[2024.01.04-14.04.03:041][586]LogModuleManager: Shutting down and abandoning module SequenceRecorder (417)
[2024.01.04-14.04.03:041][586]LogModuleManager: Shutting down and abandoning module SmartSnapping (414)
[2024.01.04-14.04.03:041][586]LogModuleManager: Shutting down and abandoning module SessionServices (412)
[2024.01.04-14.04.03:041][586]LogModuleManager: Shutting down and abandoning module ViewportSnapping (410)
[2024.01.04-14.04.03:041][586]LogModuleManager: Shutting down and abandoning module ViewportInteraction (408)
[2024.01.04-14.04.03:041][586]LogModuleManager: Shutting down and abandoning module LogVisualizer (406)
[2024.01.04-14.04.03:041][586]LogModuleManager: Shutting down and abandoning module IntroTutorials (404)
[2024.01.04-14.04.03:041][586]LogModuleManager: Shutting down and abandoning module GameProjectGeneration (403)
[2024.01.04-14.04.03:041][586]LogModuleManager: Shutting down and abandoning module EditorLiveStreaming (400)
[2024.01.04-14.04.03:041][586]LogModuleManager: Shutting down and abandoning module IOSPlatformEditor (398)
[2024.01.04-14.04.03:041][586]LogModuleManager: Shutting down and abandoning module HTML5PlatformEditor (396)
[2024.01.04-14.04.03:041][586]LogModuleManager: Shutting down and abandoning module AndroidPlatformEditor (394)
[2024.01.04-14.04.03:041][586]LogModuleManager: Shutting down and abandoning module AndroidDeviceDetection (393)
[2024.01.04-14.04.03:940][586]LogModuleManager: Shutting down and abandoning module IOSRuntimeSettings (390)
[2024.01.04-14.04.03:940][586]LogModuleManager: Shutting down and abandoning module AndroidRuntimeSettings (388)
[2024.01.04-14.04.03:940][586]LogModuleManager: Shutting down and abandoning module InputBindingEditor (386)
[2024.01.04-14.04.03:940][586]LogModuleManager: Shutting down and abandoning module NiagaraEditor (384)
[2024.01.04-14.04.03:941][586]LogModuleManager: Shutting down and abandoning module MergeActors (382)
[2024.01.04-14.04.03:941][586]LogModuleManager: Shutting down and abandoning module SizeMap (380)
[2024.01.04-14.04.03:941][586]LogModuleManager: Shutting down and abandoning module TreeMap (378)
[2024.01.04-14.04.03:941][586]LogModuleManager: Shutting down and abandoning module ReferenceViewer (376)
[2024.01.04-14.04.03:941][586]LogModuleManager: Shutting down and abandoning module LocalizationDashboard (374)
[2024.01.04-14.04.03:941][586]LogModuleManager: Shutting down and abandoning module LocalizationService (373)
[2024.01.04-14.04.03:941][586]LogModuleManager: Shutting down and abandoning module HardwareTargeting (370)
[2024.01.04-14.04.03:941][586]LogModuleManager: Shutting down and abandoning module DeviceProfileEditor (368)
[2024.01.04-14.04.03:941][586]LogModuleManager: Shutting down and abandoning module UndoHistory (366)
[2024.01.04-14.04.03:941][586]LogModuleManager: Shutting down and abandoning module UserFeedback (364)
[2024.01.04-14.04.03:941][586]LogModuleManager: Shutting down and abandoning module XmlParser (362)
[2024.01.04-14.04.03:941][586]LogModuleManager: Shutting down and abandoning module Blutility (360)
[2024.01.04-14.04.03:941][586]LogModuleManager: Shutting down and abandoning module ProjectSettingsViewer (358)
[2024.01.04-14.04.03:941][586]LogModuleManager: Shutting down and abandoning module ProjectTargetPlatformEditor (357)
[2024.01.04-14.04.03:941][586]LogModuleManager: Shutting down and abandoning module EditorSettingsViewer (354)
[2024.01.04-14.04.03:941][586]LogModuleManager: Shutting down and abandoning module SettingsEditor (352)
[2024.01.04-14.04.03:941][586]LogModuleManager: Shutting down and abandoning module ProjectLauncher (350)
[2024.01.04-14.04.03:941][586]LogModuleManager: Shutting down and abandoning module SessionFrontend (348)
[2024.01.04-14.04.03:941][586]LogModuleManager: Shutting down and abandoning module ProfilerClient (346)
[2024.01.04-14.04.03:941][586]LogModuleManager: Shutting down and abandoning module DeviceManager (344)
[2024.01.04-14.04.03:941][586]LogModuleManager: Shutting down and abandoning module TargetDeviceServices (343)
[2024.01.04-14.04.03:983][586]LogModuleManager: Shutting down and abandoning module AutomationController (340)
[2024.01.04-14.04.03:983][586]LogModuleManager: Shutting down and abandoning module AutomationWindow (338)
[2024.01.04-14.04.03:983][586]LogModuleManager: Shutting down and abandoning module Layers (336)
[2024.01.04-14.04.03:983][586]LogModuleManager: Shutting down and abandoning module ComponentVisualizers (334)
[2024.01.04-14.04.03:983][586]LogModuleManager: Shutting down and abandoning module DetailCustomizations (332)
[2024.01.04-14.04.03:983][586]LogModuleManager: Shutting down and abandoning module PackagesDialog (330)
[2024.01.04-14.04.03:983][586]LogModuleManager: Shutting down and abandoning module Persona (328)
[2024.01.04-14.04.03:983][586]LogModuleManager: Shutting down and abandoning module AnimGraph (327)
[2024.01.04-14.04.03:983][586]LogModuleManager: Shutting down and abandoning module Kismet (324)
[2024.01.04-14.04.03:990][586]LogModuleManager: Shutting down and abandoning module GraphEditor (322)
[2024.01.04-14.04.03:990][586]LogModuleManager: Shutting down and abandoning module ClassViewer (320)
[2024.01.04-14.04.03:991][586]LogModuleManager: Shutting down and abandoning module Toolbox (318)
[2024.01.04-14.04.03:991][586]LogModuleManager: Shutting down and abandoning module ModuleUI (316)
[2024.01.04-14.04.03:991][586]LogModuleManager: Shutting down and abandoning module MovieSceneTools (314)
[2024.01.04-14.04.03:991][586]LogModuleManager: Shutting down and abandoning module OutputLog (312)
[2024.01.04-14.04.03:991][586]LogModuleManager: Shutting down and abandoning module GammaUI (310)
[2024.01.04-14.04.03:992][586]LogModuleManager: Shutting down and abandoning module Documentation (308)
[2024.01.04-14.04.03:992][586]LogModuleManager: Shutting down and abandoning module Niagara (306)
[2024.01.04-14.04.03:992][586]LogModuleManager: Shutting down and abandoning module StreamingPauseRendering (304)
[2024.01.04-14.04.03:992][586]LogModuleManager: Shutting down and abandoning module AnalyticsET (302)
[2024.01.04-14.04.03:992][586]LogModuleManager: Shutting down and abandoning module PortalServices (300)
[2024.01.04-14.04.03:992][586]LogModuleManager: Shutting down and abandoning module PortalRpc (298)
[2024.01.04-14.04.03:992][586]LogModuleManager: Shutting down and abandoning module MessagingRpc (296)
[2024.01.04-14.04.03:992][586]LogModuleManager: Shutting down and abandoning module AIModule (294)
[2024.01.04-14.04.03:992][586]LogModuleManager: Shutting down and abandoning module GameplayDebugger (293)
[2024.01.04-14.04.03:992][586]LogModuleManager: Shutting down and abandoning module AITestSuite (291)
[2024.01.04-14.04.03:992][586]LogModuleManager: Shutting down and abandoning module ProfilerService (288)
[2024.01.04-14.04.04:061][586]LogModuleManager: Shutting down and abandoning module TaskGraph (286)
[2024.01.04-14.04.04:061][586]LogModuleManager: Shutting down and abandoning module SteamVRController (284)
[2024.01.04-14.04.04:061][586]LogModuleManager: Shutting down and abandoning module SteamVR (282)
[2024.01.04-14.04.04:061][586]LogModuleManager: Shutting down and abandoning module ProceduralMeshComponentEditor (280)
[2024.01.04-14.04.04:061][586]LogModuleManager: Shutting down and abandoning module ProceduralMeshComponent (278)
[2024.01.04-14.04.04:061][586]LogModuleManager: Shutting down and abandoning module OculusLibrary (276)
[2024.01.04-14.04.04:061][586]LogModuleManager: Shutting down and abandoning module OculusInput (274)
[2024.01.04-14.04.04:061][586]LogModuleManager: Shutting down and abandoning module MobilePatchingUtils (272)
[2024.01.04-14.04.04:061][586]LogModuleManager: Shutting down and abandoning module CustomMeshComponent (270)
[2024.01.04-14.04.04:061][586]LogModuleManager: Shutting down and abandoning module CableComponent (268)
[2024.01.04-14.04.04:061][586]LogModuleManager: Shutting down and abandoning module ArchVisCharacter (266)
[2024.01.04-14.04.04:061][586]LogModuleManager: Shutting down and abandoning module MediaPlayerEditor (262)
[2024.01.04-14.04.04:061][586]LogModuleManager: Shutting down and abandoning module HTML5Networking (260)
[2024.01.04-14.04.04:061][586]LogModuleManager: Shutting down and abandoning module AlembicImporter (258)
[2024.01.04-14.04.04:061][586]LogModuleManager: Shutting down and abandoning module AlembicLibrary (257)
[2024.01.04-14.04.04:061][586]LogModuleManager: Shutting down and abandoning module GeometryCache (256)
[2024.01.04-14.04.04:061][586]LogModuleManager: Shutting down and abandoning module GeometryCacheEd (255)
[2024.01.04-14.04.04:061][586]LogModuleManager: Shutting down and abandoning module SuperSearchEditor (250)
[2024.01.04-14.04.04:061][586]LogModuleManager: Shutting down and abandoning module SuperSearch (249)
[2024.01.04-14.04.04:062][586]LogModuleManager: Shutting down and abandoning module SpeedTreeImporter (246)
[2024.01.04-14.04.04:062][586]LogModuleManager: Shutting down and abandoning module PluginBrowser (244)
[2024.01.04-14.04.04:062][586]LogModuleManager: Shutting down and abandoning module MobileLauncherProfileWizard (242)
[2024.01.04-14.04.04:062][586]LogModuleManager: Shutting down and abandoning module EpicSurvey (240)
[2024.01.04-14.04.04:062][586]LogModuleManager: Shutting down and abandoning module VisualStudioSourceCodeAccess (238)
[2024.01.04-14.04.04:062][586]LogModuleManager: Shutting down and abandoning module DesktopPlatform (237)
[2024.01.04-14.04.04:062][586]LogModuleManager: Shutting down and abandoning module UObjectPlugin (234)
[2024.01.04-14.04.04:062][586]LogModuleManager: Shutting down and abandoning module SubversionSourceControl (232)
[2024.01.04-14.04.04:062][586]LogModuleManager: Shutting down and abandoning module PerforceSourceControl (230)
[2024.01.04-14.04.04:062][586]LogModuleManager: Shutting down and abandoning module GitSourceControl (228)
[2024.01.04-14.04.04:062][586]LogModuleManager: Shutting down and abandoning module SourceControl (227)
[2024.01.04-14.04.04:062][586]LogModuleManager: Shutting down and abandoning module LightPropagationVolumeEditor (224)
[2024.01.04-14.04.04:062][586]LogModuleManager: Shutting down and abandoning module PaperTiledImporter (222)
[2024.01.04-14.04.04:062][586]LogModuleManager: Shutting down and abandoning module PaperSpriteSheetImporter (220)
[2024.01.04-14.04.04:062][586]LogModuleManager: Shutting down and abandoning module Paper2DEditor (218)
[2024.01.04-14.04.04:062][586]LogModuleManager: Shutting down and abandoning module MeshPaint (217)
[2024.01.04-14.04.04:062][586]LogModuleManager: Shutting down and abandoning module LevelEditor (215)
[2024.01.04-14.04.04:062][586]LogModuleManager: Shutting down and abandoning module PixelInspectorModule (214)
[2024.01.04-14.04.04:063][586]LogModuleManager: Shutting down and abandoning module MainFrame (212)
[2024.01.04-14.04.04:063][586]LogModuleManager: Shutting down and abandoning module HotReload (211)
[2024.01.04-14.04.04:063][586]LogModuleManager: Shutting down and abandoning module ContentBrowser (207)
[2024.01.04-14.04.04:064][586]LogModuleManager: Shutting down and abandoning module PhysXVehiclesEditor (204)
[2024.01.04-14.04.04:064][586]LogModuleManager: Shutting down and abandoning module PhysXVehicles (202)
[2024.01.04-14.04.04:064][586]LogModuleManager: Shutting down and abandoning module LocationServicesBPLibrary (200)
[2024.01.04-14.04.04:064][586]LogModuleManager: Shutting down and abandoning module UdpMessaging (198)
[2024.01.04-14.04.04:165][586]LogModuleManager: Shutting down and abandoning module TcpMessaging (196)
[2024.01.04-14.04.04:266][586]LogModuleManager: Shutting down and abandoning module GameplayTagsEditor (194)
[2024.01.04-14.04.04:266][586]LogModuleManager: Shutting down and abandoning module FacialAnimationEditor (192)
[2024.01.04-14.04.04:266][586]LogModuleManager: Shutting down and abandoning module FacialAnimation (190)
[2024.01.04-14.04.04:266][586]LogModuleManager: Shutting down and abandoning module LightPropagationVolumeRuntime (188)
[2024.01.04-14.04.04:266][586]LogModuleManager: Shutting down and abandoning module Paper2D (186)
[2024.01.04-14.04.04:266][586]LogModuleManager: Shutting down and abandoning module WindowsMoviePlayer (184)
[2024.01.04-14.04.04:266][586]LogModuleManager: Shutting down and abandoning module WmfMedia (182)
[2024.01.04-14.04.04:269][586]LogModuleManager: Shutting down and abandoning module MfMedia (180)
[2024.01.04-14.04.04:269][586]LogModuleManager: Shutting down and abandoning module MediaAssets (178)
[2024.01.04-14.04.04:269][586]LogModuleManager: Shutting down and abandoning module GameLiveStreaming (176)
[2024.01.04-14.04.04:269][586]LogModuleManager: Shutting down and abandoning module VREditor (174)
[2024.01.04-14.04.04:269][586]LogModuleManager: Shutting down and abandoning module GameplayTasksEditor (172)
[2024.01.04-14.04.04:269][586]LogModuleManager: Shutting down and abandoning module BehaviorTreeEditor (170)
[2024.01.04-14.04.04:269][586]LogModuleManager: Shutting down and abandoning module FunctionalTesting (168)
[2024.01.04-14.04.04:269][586]LogModuleManager: Shutting down and abandoning module CollisionAnalyzer (166)
[2024.01.04-14.04.04:269][586]LogModuleManager: Shutting down and abandoning module UMG (164)
[2024.01.04-14.04.04:269][586]LogModuleManager: Shutting down and abandoning module UMGEditor (163)
[2024.01.04-14.04.04:269][586]LogModuleManager: Shutting down and abandoning module Sequencer (162)
[2024.01.04-14.04.04:269][586]LogModuleManager: Shutting down and abandoning module AssetTools (160)
[2024.01.04-14.04.04:269][586]LogModuleManager: Shutting down and abandoning module MessageLog (159)
[2024.01.04-14.04.04:269][586]LogModuleManager: Shutting down and abandoning module WorkspaceMenuStructure (158)
[2024.01.04-14.04.04:269][586]LogModuleManager: Shutting down and abandoning module SlateReflector (152)
[2024.01.04-14.04.04:269][586]LogModuleManager: Shutting down and abandoning module Slate (150)
[2024.01.04-14.04.04:269][586]LogModuleManager: Shutting down and abandoning module EditorStyle (148)
[2024.01.04-14.04.04:271][586]LogModuleManager: Shutting down and abandoning module SourceCodeAccess (146)
[2024.01.04-14.04.04:271][586]LogModuleManager: Shutting down and abandoning module HeadMountedDisplay (144)
[2024.01.04-14.04.04:271][586]LogModuleManager: Shutting down and abandoning module XAudio2 (142)
[2024.01.04-14.04.04:271][586]LogModuleManager: Shutting down and abandoning module Networking (140)
[2024.01.04-14.04.04:271][586]LogModuleManager: Shutting down and abandoning module Core (136)
[2024.01.04-14.04.04:271][586]LogModuleManager: Shutting down and abandoning module AssetRegistry (134)
[2024.01.04-14.04.04:420][586]LogDirectoryWatcher: A directory notification for '../../../Engine/Content/' was aborted.
[2024.01.04-14.04.04:420][586]LogDirectoryWatcher: A directory notification for '../../../../../Users/MelchioT/Documents/workUnrealEngine4/MotorUnreal4B/Content/' was aborted.
[2024.01.04-14.04.04:420][586]LogDirectoryWatcher: A directory notification for '../../../Engine/Plugins/2D/Paper2D/Content/' was aborted.
[2024.01.04-14.04.04:420][586]LogModuleManager: Shutting down and abandoning module DirectoryWatcher (133)
[2024.01.04-14.04.04:421][586]LogModuleManager: Shutting down and abandoning module KismetCompiler (130)
[2024.01.04-14.04.04:421][586]LogModuleManager: Shutting down and abandoning module PhysXFormats (128)
[2024.01.04-14.04.04:421][586]LogModuleManager: Shutting down and abandoning module MeshUtilities (126)
[2024.01.04-14.04.04:421][586]LogModuleManager: Shutting down and abandoning module QuadricMeshReduction (125)
[2024.01.04-14.04.04:421][586]LogModuleManager: Shutting down and abandoning module PropertyEditor (123)
[2024.01.04-14.04.04:421][586]LogModuleManager: Shutting down and abandoning module DerivedDataCache (120)
[2024.01.04-14.04.04:769][586]LogDerivedDataCache: Shutdown
[2024.01.04-14.04.04:769][586]LogModuleManager: Shutting down and abandoning module TargetPlatform (118)
[2024.01.04-14.04.04:769][586]LogModuleManager: Shutting down and abandoning module VulkanShaderFormat (117)
[2024.01.04-14.04.04:769][586]LogModuleManager: Shutting down and abandoning module MetalShaderFormat (115)
[2024.01.04-14.04.04:769][586]LogModuleManager: Shutting down and abandoning module ShaderFormatD3D (113)
[2024.01.04-14.04.04:769][586]LogModuleManager: Shutting down and abandoning module ShaderFormatOpenGL (111)
[2024.01.04-14.04.04:769][586]LogModuleManager: Shutting down and abandoning module TextureFormatUncompressed (109)
[2024.01.04-14.04.04:769][586]LogModuleManager: Shutting down and abandoning module TextureFormatASTC (107)
[2024.01.04-14.04.04:769][586]LogModuleManager: Shutting down and abandoning module ImageWrapper (106)
[2024.01.04-14.04.04:769][586]LogModuleManager: Shutting down and abandoning module TextureFormatPVR (103)
[2024.01.04-14.04.04:769][586]LogModuleManager: Shutting down and abandoning module TextureFormatDXT (101)
[2024.01.04-14.04.04:769][586]LogModuleManager: Shutting down and abandoning module TextureFormatIntelISPCTexComp (99)
[2024.01.04-14.04.04:769][586]LogModuleManager: Shutting down and abandoning module AudioFormatOpus (97)
[2024.01.04-14.04.04:769][586]LogModuleManager: Shutting down and abandoning module AudioFormatOgg (95)
[2024.01.04-14.04.04:769][586]LogModuleManager: Shutting down and abandoning module AudioFormatADPCM (93)
[2024.01.04-14.04.04:769][586]LogModuleManager: Shutting down and abandoning module TVOSTargetPlatform (91)
[2024.01.04-14.04.04:769][586]LogModuleManager: Shutting down and abandoning module Messaging (89)
[2024.01.04-14.04.04:769][586]LogModuleManager: Shutting down and abandoning module IOSTargetPlatform (87)
[2024.01.04-14.04.04:769][586]LogModuleManager: Shutting down and abandoning module HTML5TargetPlatform (85)
[2024.01.04-14.04.04:769][586]LogModuleManager: Shutting down and abandoning module Android_MultiTargetPlatform (83)
[2024.01.04-14.04.04:769][586]LogModuleManager: Shutting down and abandoning module Android_ASTCTargetPlatform (81)
[2024.01.04-14.04.04:769][586]LogModuleManager: Shutting down and abandoning module Android_ETC2TargetPlatform (79)
[2024.01.04-14.04.04:770][586]LogModuleManager: Shutting down and abandoning module Android_ETC1TargetPlatform (77)
[2024.01.04-14.04.04:770][586]LogModuleManager: Shutting down and abandoning module Android_DXTTargetPlatform (75)
[2024.01.04-14.04.04:770][586]LogModuleManager: Shutting down and abandoning module Android_ATCTargetPlatform (73)
[2024.01.04-14.04.04:770][586]LogModuleManager: Shutting down and abandoning module Android_PVRTCTargetPlatform (71)
[2024.01.04-14.04.04:770][586]LogModuleManager: Shutting down and abandoning module AndroidTargetPlatform (69)
[2024.01.04-14.04.04:770][586]LogModuleManager: Shutting down and abandoning module AllDesktopTargetPlatform (67)
[2024.01.04-14.04.04:770][586]LogModuleManager: Shutting down and abandoning module WindowsClientTargetPlatform (65)
[2024.01.04-14.04.04:770][586]LogModuleManager: Shutting down and abandoning module WindowsServerTargetPlatform (63)
[2024.01.04-14.04.04:770][586]LogModuleManager: Shutting down and abandoning module WindowsNoEditorTargetPlatform (61)
[2024.01.04-14.04.04:770][586]LogModuleManager: Shutting down and abandoning module WindowsTargetPlatform (59)
[2024.01.04-14.04.04:770][586]LogModuleManager: Shutting down and abandoning module MacClientTargetPlatform (57)
[2024.01.04-14.04.04:770][586]LogModuleManager: Shutting down and abandoning module MacServerTargetPlatform (55)
[2024.01.04-14.04.04:770][586]LogModuleManager: Shutting down and abandoning module MacNoEditorTargetPlatform (53)
[2024.01.04-14.04.04:770][586]LogModuleManager: Shutting down and abandoning module MacTargetPlatform (51)
[2024.01.04-14.04.04:770][586]LogModuleManager: Shutting down and abandoning module InputCore (48)
[2024.01.04-14.04.04:770][586]LogModuleManager: Shutting down and abandoning module Settings (46)
[2024.01.04-14.04.04:770][586]LogModuleManager: Shutting down and abandoning module OculusRift (44)
[2024.01.04-14.04.04:770][586]LogModuleManager: Shutting down and abandoning module ExampleDeviceProfileSelector (42)
[2024.01.04-14.04.04:770][586]LogModuleManager: Shutting down and abandoning module OnlineBlueprintSupport (40)
[2024.01.04-14.04.04:770][586]LogModuleManager: Shutting down and abandoning module OnlineSubsystem (36)
[2024.01.04-14.04.04:770][586]LogOnline:Display: Unloading online subsystem: NULL
[2024.01.04-14.04.04:770][586]LogModuleManager: Shutting down and abandoning module HTTP (35)
[2024.01.04-14.04.04:770][586]LogHttp:Display: Http module shutting down, but needs to wait on 1 outstanding Http requests:
[2024.01.04-14.04.04:770][586]LogHttp:Display: 	verb=[POST] url=[https://datarouter.ol.epicgames.com/datarouter/api/v1/public/data?SessionID=%7B8EE0E64F-45FF-DADB-E41F-A4AD9908D7DE%7D&AppID=UEEditor.UnrealEngine.Release&AppVersion=4.15.0-0%2B%2B%2BUE4%2BRelease-4.15&UserID=aa7ec4a94460bf88f1f872b01bef9583%7C8cfcda83180144cdb9bb2bc7d773924e%7C775b68d6-d1f3-44da-96ce-dab51d83f808&AppEnvironment=datacollector-source&UploadType=eteventstream] status=Processing
[2024.01.04-14.04.04:795][586]LogModuleManager: Shutting down and abandoning module SSL (34)
[2024.01.04-14.04.04:796][586]LogModuleManager: Shutting down and abandoning module AudioEditor (30)
[2024.01.04-14.04.04:796][586]LogModuleManager: Shutting down and abandoning module TextureCompressor (28)
[2024.01.04-14.04.04:796][586]LogModuleManager: Shutting down and abandoning module ShaderCore (26)
[2024.01.04-14.04.04:796][586]LogModuleManager: Shutting down and abandoning module Landscape (24)
[2024.01.04-14.04.04:797][586]LogModuleManager: Shutting down and abandoning module SlateRHIRenderer (22)
[2024.01.04-14.04.04:798][586]LogModuleManager: Shutting down and abandoning module OpenGLDrv (20)
[2024.01.04-14.04.04:798][586]LogModuleManager: Shutting down and abandoning module D3D11RHI (18)
[2024.01.04-14.04.04:798][586]LogModuleManager: Shutting down and abandoning module AnimGraphRuntime (16)
[2024.01.04-14.04.04:798][586]LogModuleManager: Shutting down and abandoning module Renderer (14)
[2024.01.04-14.04.04:798][586]LogModuleManager: Shutting down and abandoning module Engine (12)
[2024.01.04-14.04.04:798][586]LogModuleManager: Shutting down and abandoning module CoreUObject (10)
[2024.01.04-14.04.04:798][586]LogModuleManager: Shutting down and abandoning module NetworkFile (8)
[2024.01.04-14.04.04:798][586]LogModuleManager: Shutting down and abandoning module StreamingFile (6)
[2024.01.04-14.04.04:798][586]LogModuleManager: Shutting down and abandoning module SandboxFile (4)
[2024.01.04-14.04.04:798][586]LogModuleManager: Shutting down and abandoning module PakFile (2)
[2024.01.04-14.04.04:801][586]LogExit: Exiting.
[2024.01.04-14.04.04:803][586]Log file closed, 01/04/24 11:04:04
